[4.155s] Invoking command in '/home/coderey/ros2_ws/src/bno055': PYTHONPATH=/home/coderey/ros2_ws/build/bno055/prefix_override:/home/coderey/ros2_ws/install/bno055/lib/python3.8/site-packages:${PYTHONPATH} /usr/bin/python3 setup.py egg_info --egg-base ../../build/bno055 build --build-base /home/coderey/ros2_ws/build/bno055/build install --record /home/coderey/ros2_ws/build/bno055/install.log --single-version-externally-managed
[4.440s] running egg_info
[4.441s] writing ../../build/bno055/bno055.egg-info/PKG-INFO
[4.441s] writing dependency_links to ../../build/bno055/bno055.egg-info/dependency_links.txt
[4.441s] writing entry points to ../../build/bno055/bno055.egg-info/entry_points.txt
[4.441s] writing requirements to ../../build/bno055/bno055.egg-info/requires.txt
[4.441s] writing top-level names to ../../build/bno055/bno055.egg-info/top_level.txt
[4.499s] reading manifest file '../../build/bno055/bno055.egg-info/SOURCES.txt'
[4.500s] writing manifest file '../../build/bno055/bno055.egg-info/SOURCES.txt'
[4.500s] running build
[4.500s] running build_py
[4.503s] running install
[4.503s] running install_lib
[4.507s] running install_data
[4.508s] running install_egg_info
[4.509s] removing '/home/coderey/ros2_ws/install/bno055/lib/python3.8/site-packages/bno055-0.4.1-py3.8.egg-info' (and everything under it)
[4.511s] Copying ../../build/bno055/bno055.egg-info to /home/coderey/ros2_ws/install/bno055/lib/python3.8/site-packages/bno055-0.4.1-py3.8.egg-info
[4.511s] running install_scripts
[4.541s] Installing bno055 script to /home/coderey/ros2_ws/install/bno055/lib/bno055
[4.542s] writing list of installed files to '/home/coderey/ros2_ws/build/bno055/install.log'
[5.358s] Invoked command in '/home/coderey/ros2_ws/src/bno055' returned '0': PYTHONPATH=/home/coderey/ros2_ws/build/bno055/prefix_override:/home/coderey/ros2_ws/install/bno055/lib/python3.8/site-packages:${PYTHONPATH} /usr/bin/python3 setup.py egg_info --egg-base ../../build/bno055 build --build-base /home/coderey/ros2_ws/build/bno055/build install --record /home/coderey/ros2_ws/build/bno055/install.log --single-version-externally-managed
