[1.999s] Invoking command in '/home/coderey/ros2_ws/build/robot_localization': CMAKE_PREFIX_PATH=${CMAKE_PREFIX_PATH}:/home/coderey/ros2_ws/install/swisscat_robot:/home/coderey/ros2_ws/install/nav2_gps_waypoint_follower_demo:/home/coderey/ros2_ws/install/mob_rob_loca:/home/coderey/ros2_ws/install/bno055:/home/coderey/microros_ws/install/sensor_msgs_py:/opt/ros/galactic /usr/bin/cmake --build /home/coderey/ros2_ws/build/robot_localization -- -j8 -l8
[3.333s] [  2%] Built target robot_localization__cpp
[3.334s] [  2%] Built target gtest
[3.334s] [  4%] Built target gtest_main
[3.334s] [ 10%] Built target robot_localization__rosidl_generator_c
[3.334s] [ 16%] Built target robot_localization__rosidl_typesupport_fastrtps_cpp
[3.335s] [ 27%] Built target robot_localization__rosidl_typesupport_microxrcedds_cpp
[3.335s] [ 28%] Built target robot_localization__rosidl_typesupport_introspection_cpp
[3.335s] [ 34%] Built target robot_localization__rosidl_typesupport_cpp
[3.335s] [ 41%] Built target robot_localization__rosidl_typesupport_c
[3.335s] [ 46%] Built target robot_localization__rosidl_typesupport_microxrcedds_c
[3.335s] [ 52%] Built target robot_localization__rosidl_typesupport_introspection_c
[3.335s] [ 58%] Built target robot_localization__rosidl_typesupport_fastrtps_c
[3.335s] [ 58%] Built target robot_localization
[3.335s] [ 59%] Built target robot_localization__py
[3.335s] [ 67%] Built target rl_lib
[3.335s] [ 72%] Built target robot_localization__python
[3.335s] [ 74%] Built target test_robot_localization_estimator
[3.336s] [ 76%] Built target test_ros_robot_localization_listener_publisher
[3.336s] [ 77%] Built target ekf_node
[3.336s] [ 79%] Built target ukf_node
[3.336s] [ 81%] Built target robot_localization__rosidl_typesupport_microxrcedds_c__pyext
[3.336s] [ 82%] Built target test_ros_robot_localization_listener
[3.336s] [ 84%] Built target robot_localization__rosidl_typesupport_fastrtps_c__pyext
[3.336s] [ 85%] Built target test_ekf
[3.336s] [ 87%] Built target robot_localization__rosidl_typesupport_c__pyext
[3.336s] [ 88%] Built target test_ukf
[3.336s] [ 89%] Built target navsat_transform_node
[3.337s] [ 91%] Built target filter_base-test
[3.337s] [ 93%] Built target robot_localization_listener_node
[3.337s] [ 95%] Built target robot_localization__rosidl_typesupport_introspection_c__pyext
[3.337s] [ 96%] Built target test_filter_base_diagnostics_timestamps
[3.337s] [ 98%] Built target test_ekf_localization_node_interfaces
[3.337s] [100%] Built target test_ukf_localization_node_interfaces
[3.355s] Invoked command in '/home/coderey/ros2_ws/build/robot_localization' returned '0': CMAKE_PREFIX_PATH=${CMAKE_PREFIX_PATH}:/home/coderey/ros2_ws/install/swisscat_robot:/home/coderey/ros2_ws/install/nav2_gps_waypoint_follower_demo:/home/coderey/ros2_ws/install/mob_rob_loca:/home/coderey/ros2_ws/install/bno055:/home/coderey/microros_ws/install/sensor_msgs_py:/opt/ros/galactic /usr/bin/cmake --build /home/coderey/ros2_ws/build/robot_localization -- -j8 -l8
[5.135s] Invoking command in '/home/coderey/ros2_ws/build/robot_localization': CMAKE_PREFIX_PATH=${CMAKE_PREFIX_PATH}:/home/coderey/ros2_ws/install/swisscat_robot:/home/coderey/ros2_ws/install/nav2_gps_waypoint_follower_demo:/home/coderey/ros2_ws/install/mob_rob_loca:/home/coderey/ros2_ws/install/bno055:/home/coderey/microros_ws/install/sensor_msgs_py:/opt/ros/galactic /usr/bin/cmake --install /home/coderey/ros2_ws/build/robot_localization
[5.619s] -- Install configuration: "RelWithDebInfo"
[5.620s] -- Up-to-date: /home/coderey/ros2_ws/install/robot_localization/share/ament_index/resource_index/rosidl_interfaces/robot_localization
[5.620s] -- Up-to-date: /home/coderey/ros2_ws/install/robot_localization/include/robot_localization
[5.620s] -- Up-to-date: /home/coderey/ros2_ws/install/robot_localization/include/robot_localization/srv
[5.620s] -- Up-to-date: /home/coderey/ros2_ws/install/robot_localization/include/robot_localization/srv/toggle_filter_processing.h
[5.620s] -- Up-to-date: /home/coderey/ros2_ws/install/robot_localization/include/robot_localization/srv/set_datum.h
[5.620s] -- Up-to-date: /home/coderey/ros2_ws/install/robot_localization/include/robot_localization/srv/from_ll.h
[5.620s] -- Up-to-date: /home/coderey/ros2_ws/install/robot_localization/include/robot_localization/srv/to_ll.h
[5.620s] -- Up-to-date: /home/coderey/ros2_ws/install/robot_localization/include/robot_localization/srv/get_state.h
[5.621s] -- Up-to-date: /home/coderey/ros2_ws/install/robot_localization/include/robot_localization/srv/detail
[5.621s] -- Up-to-date: /home/coderey/ros2_ws/install/robot_localization/include/robot_localization/srv/detail/set_pose__functions.h
[5.621s] -- Up-to-date: /home/coderey/ros2_ws/install/robot_localization/include/robot_localization/srv/detail/toggle_filter_processing__type_support.h
[5.621s] -- Up-to-date: /home/coderey/ros2_ws/install/robot_localization/include/robot_localization/srv/detail/toggle_filter_processing__functions.h
[5.621s] -- Up-to-date: /home/coderey/ros2_ws/install/robot_localization/include/robot_localization/srv/detail/from_ll__functions.h
[5.621s] -- Up-to-date: /home/coderey/ros2_ws/install/robot_localization/include/robot_localization/srv/detail/set_datum__struct.h
[5.621s] -- Up-to-date: /home/coderey/ros2_ws/install/robot_localization/include/robot_localization/srv/detail/set_datum__functions.c
[5.621s] -- Up-to-date: /home/coderey/ros2_ws/install/robot_localization/include/robot_localization/srv/detail/set_pose__struct.h
[5.621s] -- Up-to-date: /home/coderey/ros2_ws/install/robot_localization/include/robot_localization/srv/detail/set_pose__type_support.h
[5.622s] -- Up-to-date: /home/coderey/ros2_ws/install/robot_localization/include/robot_localization/srv/detail/set_pose__functions.c
[5.622s] -- Up-to-date: /home/coderey/ros2_ws/install/robot_localization/include/robot_localization/srv/detail/from_ll__type_support.h
[5.623s] -- Up-to-date: /home/coderey/ros2_ws/install/robot_localization/include/robot_localization/srv/detail/to_ll__functions.c
[5.623s] -- Up-to-date: /home/coderey/ros2_ws/install/robot_localization/include/robot_localization/srv/detail/to_ll__functions.h
[5.624s] -- Up-to-date: /home/coderey/ros2_ws/install/robot_localization/include/robot_localization/srv/detail/set_datum__functions.h
[5.624s] -- Up-to-date: /home/coderey/ros2_ws/install/robot_localization/include/robot_localization/srv/detail/get_state__functions.h
[5.624s] -- Up-to-date: /home/coderey/ros2_ws/install/robot_localization/include/robot_localization/srv/detail/get_state__struct.h
[5.625s] -- Up-to-date: /home/coderey/ros2_ws/install/robot_localization/include/robot_localization/srv/detail/toggle_filter_processing__struct.h
[5.625s] -- Up-to-date: /home/coderey/ros2_ws/install/robot_localization/include/robot_localization/srv/detail/from_ll__functions.c
[5.625s] -- Up-to-date: /home/coderey/ros2_ws/install/robot_localization/include/robot_localization/srv/detail/toggle_filter_processing__functions.c
[5.625s] -- Up-to-date: /home/coderey/ros2_ws/install/robot_localization/include/robot_localization/srv/detail/set_datum__type_support.h
[5.625s] -- Up-to-date: /home/coderey/ros2_ws/install/robot_localization/include/robot_localization/srv/detail/from_ll__struct.h
[5.625s] -- Up-to-date: /home/coderey/ros2_ws/install/robot_localization/include/robot_localization/srv/detail/get_state__type_support.h
[5.625s] -- Up-to-date: /home/coderey/ros2_ws/install/robot_localization/include/robot_localization/srv/detail/to_ll__type_support.h
[5.625s] -- Up-to-date: /home/coderey/ros2_ws/install/robot_localization/include/robot_localization/srv/detail/to_ll__struct.h
[5.626s] -- Up-to-date: /home/coderey/ros2_ws/install/robot_localization/include/robot_localization/srv/detail/get_state__functions.c
[5.630s] -- Up-to-date: /home/coderey/ros2_ws/install/robot_localization/include/robot_localization/srv/set_pose.h
[5.630s] -- Up-to-date: /home/coderey/ros2_ws/install/robot_localization/include/robot_localization/msg
[5.630s] -- Up-to-date: /home/coderey/ros2_ws/install/robot_localization/include/robot_localization/msg/rosidl_generator_c__visibility_control.h
[5.630s] -- Up-to-date: /home/coderey/ros2_ws/install/robot_localization/share/robot_localization/environment/library_path.sh
[5.630s] -- Up-to-date: /home/coderey/ros2_ws/install/robot_localization/share/robot_localization/environment/library_path.dsv
[5.630s] -- Up-to-date: /home/coderey/ros2_ws/install/robot_localization/lib/librobot_localization__rosidl_generator_c.so
[5.630s] -- Up-to-date: /home/coderey/ros2_ws/install/robot_localization/include/robot_localization
[5.630s] -- Up-to-date: /home/coderey/ros2_ws/install/robot_localization/include/robot_localization/srv
[5.630s] -- Up-to-date: /home/coderey/ros2_ws/install/robot_localization/include/robot_localization/srv/detail
[5.631s] -- Up-to-date: /home/coderey/ros2_ws/install/robot_localization/include/robot_localization/srv/detail/to_ll__rosidl_typesupport_microxrcedds_c.h
[5.631s] -- Up-to-date: /home/coderey/ros2_ws/install/robot_localization/include/robot_localization/srv/detail/set_datum__rosidl_typesupport_microxrcedds_c.h
[5.631s] -- Up-to-date: /home/coderey/ros2_ws/install/robot_localization/include/robot_localization/srv/detail/microxrcedds
[5.631s] -- Up-to-date: /home/coderey/ros2_ws/install/robot_localization/include/robot_localization/srv/detail/get_state__rosidl_typesupport_microxrcedds_c.h
[5.631s] -- Up-to-date: /home/coderey/ros2_ws/install/robot_localization/include/robot_localization/srv/detail/from_ll__rosidl_typesupport_microxrcedds_c.h
[5.631s] -- Up-to-date: /home/coderey/ros2_ws/install/robot_localization/include/robot_localization/srv/detail/toggle_filter_processing__rosidl_typesupport_microxrcedds_c.h
[5.631s] -- Up-to-date: /home/coderey/ros2_ws/install/robot_localization/include/robot_localization/srv/detail/set_pose__rosidl_typesupport_microxrcedds_c.h
[5.631s] -- Up-to-date: /home/coderey/ros2_ws/install/robot_localization/include/robot_localization/msg
[5.631s] -- Up-to-date: /home/coderey/ros2_ws/install/robot_localization/include/robot_localization/msg/rosidl_typesupport_microxrcedds_c__visibility_control.h
[5.631s] -- Up-to-date: /home/coderey/ros2_ws/install/robot_localization/lib/librobot_localization__rosidl_typesupport_microxrcedds_c.so
[5.631s] -- Up-to-date: /home/coderey/ros2_ws/install/robot_localization/include/robot_localization
[5.631s] -- Up-to-date: /home/coderey/ros2_ws/install/robot_localization/include/robot_localization/srv
[5.632s] -- Up-to-date: /home/coderey/ros2_ws/install/robot_localization/include/robot_localization/srv/detail
[5.632s] -- Up-to-date: /home/coderey/ros2_ws/install/robot_localization/include/robot_localization/srv/detail/set_pose__rosidl_typesupport_fastrtps_c.h
[5.632s] -- Up-to-date: /home/coderey/ros2_ws/install/robot_localization/include/robot_localization/srv/detail/toggle_filter_processing__rosidl_typesupport_fastrtps_c.h
[5.633s] -- Up-to-date: /home/coderey/ros2_ws/install/robot_localization/include/robot_localization/srv/detail/get_state__rosidl_typesupport_fastrtps_c.h
[5.633s] -- Up-to-date: /home/coderey/ros2_ws/install/robot_localization/include/robot_localization/srv/detail/to_ll__rosidl_typesupport_fastrtps_c.h
[5.633s] -- Up-to-date: /home/coderey/ros2_ws/install/robot_localization/include/robot_localization/srv/detail/from_ll__rosidl_typesupport_fastrtps_c.h
[5.633s] -- Up-to-date: /home/coderey/ros2_ws/install/robot_localization/include/robot_localization/srv/detail/set_datum__rosidl_typesupport_fastrtps_c.h
[5.634s] -- Up-to-date: /home/coderey/ros2_ws/install/robot_localization/include/robot_localization/msg
[5.635s] -- Up-to-date: /home/coderey/ros2_ws/install/robot_localization/include/robot_localization/msg/rosidl_typesupport_fastrtps_c__visibility_control.h
[5.635s] -- Up-to-date: /home/coderey/ros2_ws/install/robot_localization/lib/librobot_localization__rosidl_typesupport_fastrtps_c.so
[5.635s] -- Up-to-date: /home/coderey/ros2_ws/install/robot_localization/include/robot_localization
[5.635s] -- Up-to-date: /home/coderey/ros2_ws/install/robot_localization/include/robot_localization/srv
[5.638s] -- Up-to-date: /home/coderey/ros2_ws/install/robot_localization/include/robot_localization/srv/detail
[5.638s] -- Up-to-date: /home/coderey/ros2_ws/install/robot_localization/include/robot_localization/srv/detail/toggle_filter_processing__rosidl_typesupport_fastrtps_cpp.hpp
[5.639s] -- Up-to-date: /home/coderey/ros2_ws/install/robot_localization/include/robot_localization/srv/detail/set_pose__rosidl_typesupport_fastrtps_cpp.hpp
[5.639s] -- Up-to-date: /home/coderey/ros2_ws/install/robot_localization/include/robot_localization/srv/detail/dds_fastrtps
[5.639s] -- Up-to-date: /home/coderey/ros2_ws/install/robot_localization/include/robot_localization/srv/detail/set_datum__rosidl_typesupport_fastrtps_cpp.hpp
[5.639s] -- Up-to-date: /home/coderey/ros2_ws/install/robot_localization/include/robot_localization/srv/detail/get_state__rosidl_typesupport_fastrtps_cpp.hpp
[5.639s] -- Up-to-date: /home/coderey/ros2_ws/install/robot_localization/include/robot_localization/srv/detail/from_ll__rosidl_typesupport_fastrtps_cpp.hpp
[5.639s] -- Up-to-date: /home/coderey/ros2_ws/install/robot_localization/include/robot_localization/srv/detail/to_ll__rosidl_typesupport_fastrtps_cpp.hpp
[5.639s] -- Up-to-date: /home/coderey/ros2_ws/install/robot_localization/include/robot_localization/msg
[5.639s] -- Up-to-date: /home/coderey/ros2_ws/install/robot_localization/include/robot_localization/msg/rosidl_typesupport_fastrtps_cpp__visibility_control.h
[5.639s] -- Up-to-date: /home/coderey/ros2_ws/install/robot_localization/lib/librobot_localization__rosidl_typesupport_fastrtps_cpp.so
[5.639s] -- Up-to-date: /home/coderey/ros2_ws/install/robot_localization/include/robot_localization
[5.639s] -- Up-to-date: /home/coderey/ros2_ws/install/robot_localization/include/robot_localization/srv
[5.639s] -- Up-to-date: /home/coderey/ros2_ws/install/robot_localization/include/robot_localization/srv/detail
[5.639s] -- Up-to-date: /home/coderey/ros2_ws/install/robot_localization/include/robot_localization/srv/detail/get_state__type_support.c
[5.639s] -- Up-to-date: /home/coderey/ros2_ws/install/robot_localization/include/robot_localization/srv/detail/toggle_filter_processing__rosidl_typesupport_introspection_c.h
[5.639s] -- Up-to-date: /home/coderey/ros2_ws/install/robot_localization/include/robot_localization/srv/detail/set_pose__rosidl_typesupport_introspection_c.h
[5.639s] -- Up-to-date: /home/coderey/ros2_ws/install/robot_localization/include/robot_localization/srv/detail/set_pose__type_support.c
[5.640s] -- Up-to-date: /home/coderey/ros2_ws/install/robot_localization/include/robot_localization/srv/detail/to_ll__type_support.c
[5.640s] -- Up-to-date: /home/coderey/ros2_ws/install/robot_localization/include/robot_localization/srv/detail/toggle_filter_processing__type_support.c
[5.640s] -- Up-to-date: /home/coderey/ros2_ws/install/robot_localization/include/robot_localization/srv/detail/set_datum__rosidl_typesupport_introspection_c.h
[5.640s] -- Up-to-date: /home/coderey/ros2_ws/install/robot_localization/include/robot_localization/srv/detail/from_ll__rosidl_typesupport_introspection_c.h
[5.640s] -- Up-to-date: /home/coderey/ros2_ws/install/robot_localization/include/robot_localization/srv/detail/set_datum__type_support.c
[5.640s] -- Up-to-date: /home/coderey/ros2_ws/install/robot_localization/include/robot_localization/srv/detail/from_ll__type_support.c
[5.640s] -- Up-to-date: /home/coderey/ros2_ws/install/robot_localization/include/robot_localization/srv/detail/to_ll__rosidl_typesupport_introspection_c.h
[5.640s] -- Up-to-date: /home/coderey/ros2_ws/install/robot_localization/include/robot_localization/srv/detail/get_state__rosidl_typesupport_introspection_c.h
[5.640s] -- Up-to-date: /home/coderey/ros2_ws/install/robot_localization/include/robot_localization/msg
[5.640s] -- Up-to-date: /home/coderey/ros2_ws/install/robot_localization/include/robot_localization/msg/rosidl_typesupport_introspection_c__visibility_control.h
[5.641s] -- Up-to-date: /home/coderey/ros2_ws/install/robot_localization/lib/librobot_localization__rosidl_typesupport_introspection_c.so
[5.641s] -- Up-to-date: /home/coderey/ros2_ws/install/robot_localization/lib/librobot_localization__rosidl_typesupport_c.so
[5.641s] -- Up-to-date: /home/coderey/ros2_ws/install/robot_localization/include/robot_localization
[5.660s] -- Up-to-date: /home/coderey/ros2_ws/install/robot_localization/include/robot_localization/srv
[5.660s] -- Up-to-date: /home/coderey/ros2_ws/install/robot_localization/include/robot_localization/srv/toggle_filter_processing.hpp
[5.660s] -- Up-to-date: /home/coderey/ros2_ws/install/robot_localization/include/robot_localization/srv/set_datum.hpp
[5.660s] -- Up-to-date: /home/coderey/ros2_ws/install/robot_localization/include/robot_localization/srv/get_state.hpp
[5.660s] -- Up-to-date: /home/coderey/ros2_ws/install/robot_localization/include/robot_localization/srv/to_ll.hpp
[5.660s] -- Up-to-date: /home/coderey/ros2_ws/install/robot_localization/include/robot_localization/srv/set_pose.hpp
[5.660s] -- Up-to-date: /home/coderey/ros2_ws/install/robot_localization/include/robot_localization/srv/from_ll.hpp
[5.660s] -- Up-to-date: /home/coderey/ros2_ws/install/robot_localization/include/robot_localization/srv/detail
[5.660s] -- Up-to-date: /home/coderey/ros2_ws/install/robot_localization/include/robot_localization/srv/detail/set_pose__builder.hpp
[5.660s] -- Up-to-date: /home/coderey/ros2_ws/install/robot_localization/include/robot_localization/srv/detail/toggle_filter_processing__traits.hpp
[5.660s] -- Up-to-date: /home/coderey/ros2_ws/install/robot_localization/include/robot_localization/srv/detail/set_datum__struct.hpp
[5.661s] -- Up-to-date: /home/coderey/ros2_ws/install/robot_localization/include/robot_localization/srv/detail/to_ll__traits.hpp
[5.661s] -- Up-to-date: /home/coderey/ros2_ws/install/robot_localization/include/robot_localization/srv/detail/from_ll__traits.hpp
[5.661s] -- Up-to-date: /home/coderey/ros2_ws/install/robot_localization/include/robot_localization/srv/detail/to_ll__struct.hpp
[5.661s] -- Up-to-date: /home/coderey/ros2_ws/install/robot_localization/include/robot_localization/srv/detail/set_pose__struct.hpp
[5.661s] -- Up-to-date: /home/coderey/ros2_ws/install/robot_localization/include/robot_localization/srv/detail/from_ll__struct.hpp
[5.661s] -- Up-to-date: /home/coderey/ros2_ws/install/robot_localization/include/robot_localization/srv/detail/to_ll__builder.hpp
[5.661s] -- Up-to-date: /home/coderey/ros2_ws/install/robot_localization/include/robot_localization/srv/detail/set_pose__traits.hpp
[5.661s] -- Up-to-date: /home/coderey/ros2_ws/install/robot_localization/include/robot_localization/srv/detail/from_ll__builder.hpp
[5.661s] -- Up-to-date: /home/coderey/ros2_ws/install/robot_localization/include/robot_localization/srv/detail/get_state__traits.hpp
[5.661s] -- Up-to-date: /home/coderey/ros2_ws/install/robot_localization/include/robot_localization/srv/detail/set_datum__builder.hpp
[5.662s] -- Up-to-date: /home/coderey/ros2_ws/install/robot_localization/include/robot_localization/srv/detail/toggle_filter_processing__struct.hpp
[5.662s] -- Up-to-date: /home/coderey/ros2_ws/install/robot_localization/include/robot_localization/srv/detail/get_state__builder.hpp
[5.662s] -- Up-to-date: /home/coderey/ros2_ws/install/robot_localization/include/robot_localization/srv/detail/set_datum__traits.hpp
[5.662s] -- Up-to-date: /home/coderey/ros2_ws/install/robot_localization/include/robot_localization/srv/detail/get_state__struct.hpp
[5.662s] -- Up-to-date: /home/coderey/ros2_ws/install/robot_localization/include/robot_localization/srv/detail/toggle_filter_processing__builder.hpp
[5.662s] -- Up-to-date: /home/coderey/ros2_ws/install/robot_localization/include/robot_localization
[5.663s] -- Up-to-date: /home/coderey/ros2_ws/install/robot_localization/include/robot_localization/srv
[5.664s] -- Up-to-date: /home/coderey/ros2_ws/install/robot_localization/include/robot_localization/srv/detail
[5.664s] -- Up-to-date: /home/coderey/ros2_ws/install/robot_localization/include/robot_localization/srv/detail/set_datum__rosidl_typesupport_microxrcedds_cpp.hpp
[5.664s] -- Up-to-date: /home/coderey/ros2_ws/install/robot_localization/include/robot_localization/srv/detail/to_ll__rosidl_typesupport_microxrcedds_cpp.hpp
[5.665s] -- Up-to-date: /home/coderey/ros2_ws/install/robot_localization/include/robot_localization/srv/detail/set_pose__rosidl_typesupport_microxrcedds_cpp.hpp
[5.665s] -- Up-to-date: /home/coderey/ros2_ws/install/robot_localization/include/robot_localization/srv/detail/from_ll__rosidl_typesupport_microxrcedds_cpp.hpp
[5.667s] -- Up-to-date: /home/coderey/ros2_ws/install/robot_localization/include/robot_localization/srv/detail/microxrcedds
[5.667s] -- Up-to-date: /home/coderey/ros2_ws/install/robot_localization/include/robot_localization/srv/detail/microxrcedds/from_ll__type_support_cpp.cpp
[5.667s] -- Up-to-date: /home/coderey/ros2_ws/install/robot_localization/include/robot_localization/srv/detail/microxrcedds/to_ll__type_support_cpp.cpp
[5.667s] -- Up-to-date: /home/coderey/ros2_ws/install/robot_localization/include/robot_localization/srv/detail/microxrcedds/set_datum__type_support_cpp.cpp
[5.667s] -- Up-to-date: /home/coderey/ros2_ws/install/robot_localization/include/robot_localization/srv/detail/microxrcedds/toggle_filter_processing__type_support_cpp.cpp
[5.667s] -- Up-to-date: /home/coderey/ros2_ws/install/robot_localization/include/robot_localization/srv/detail/microxrcedds/get_state__type_support_cpp.cpp
[5.667s] -- Up-to-date: /home/coderey/ros2_ws/install/robot_localization/include/robot_localization/srv/detail/microxrcedds/set_pose__type_support_cpp.cpp
[5.667s] -- Up-to-date: /home/coderey/ros2_ws/install/robot_localization/include/robot_localization/srv/detail/toggle_filter_processing__rosidl_typesupport_microxrcedds_cpp.hpp
[5.667s] -- Up-to-date: /home/coderey/ros2_ws/install/robot_localization/include/robot_localization/srv/detail/get_state__rosidl_typesupport_microxrcedds_cpp.hpp
[5.667s] -- Up-to-date: /home/coderey/ros2_ws/install/robot_localization/include/robot_localization/msg
[5.667s] -- Up-to-date: /home/coderey/ros2_ws/install/robot_localization/include/robot_localization/msg/rosidl_typesupport_microxrcedds_cpp__visibility_control.h
[5.668s] -- Up-to-date: /home/coderey/ros2_ws/install/robot_localization/lib/librobot_localization__rosidl_typesupport_microxrcedds_cpp.so
[5.668s] -- Up-to-date: /home/coderey/ros2_ws/install/robot_localization/include/robot_localization
[5.668s] -- Up-to-date: /home/coderey/ros2_ws/install/robot_localization/include/robot_localization/srv
[5.668s] -- Up-to-date: /home/coderey/ros2_ws/install/robot_localization/include/robot_localization/srv/detail
[5.668s] -- Up-to-date: /home/coderey/ros2_ws/install/robot_localization/include/robot_localization/srv/detail/toggle_filter_processing__rosidl_typesupport_introspection_cpp.hpp
[5.668s] -- Up-to-date: /home/coderey/ros2_ws/install/robot_localization/include/robot_localization/srv/detail/get_state__type_support.cpp
[5.668s] -- Up-to-date: /home/coderey/ros2_ws/install/robot_localization/include/robot_localization/srv/detail/set_datum__rosidl_typesupport_introspection_cpp.hpp
[5.668s] -- Up-to-date: /home/coderey/ros2_ws/install/robot_localization/include/robot_localization/srv/detail/from_ll__type_support.cpp
[5.668s] -- Up-to-date: /home/coderey/ros2_ws/install/robot_localization/include/robot_localization/srv/detail/get_state__rosidl_typesupport_introspection_cpp.hpp
[5.669s] -- Up-to-date: /home/coderey/ros2_ws/install/robot_localization/include/robot_localization/srv/detail/set_pose__rosidl_typesupport_introspection_cpp.hpp
[5.669s] -- Up-to-date: /home/coderey/ros2_ws/install/robot_localization/include/robot_localization/srv/detail/set_pose__type_support.cpp
[5.669s] -- Up-to-date: /home/coderey/ros2_ws/install/robot_localization/include/robot_localization/srv/detail/to_ll__type_support.cpp
[5.669s] -- Up-to-date: /home/coderey/ros2_ws/install/robot_localization/include/robot_localization/srv/detail/set_datum__type_support.cpp
[5.669s] -- Up-to-date: /home/coderey/ros2_ws/install/robot_localization/include/robot_localization/srv/detail/from_ll__rosidl_typesupport_introspection_cpp.hpp
[5.669s] -- Up-to-date: /home/coderey/ros2_ws/install/robot_localization/include/robot_localization/srv/detail/toggle_filter_processing__type_support.cpp
[5.669s] -- Up-to-date: /home/coderey/ros2_ws/install/robot_localization/include/robot_localization/srv/detail/to_ll__rosidl_typesupport_introspection_cpp.hpp
[5.669s] -- Up-to-date: /home/coderey/ros2_ws/install/robot_localization/lib/librobot_localization__rosidl_typesupport_introspection_cpp.so
[5.669s] -- Up-to-date: /home/coderey/ros2_ws/install/robot_localization/lib/librobot_localization__rosidl_typesupport_cpp.so
[5.669s] -- Up-to-date: /home/coderey/ros2_ws/install/robot_localization/share/robot_localization/environment/pythonpath.sh
[5.675s] -- Up-to-date: /home/coderey/ros2_ws/install/robot_localization/share/robot_localization/environment/pythonpath.dsv
[5.675s] -- Up-to-date: /home/coderey/ros2_ws/install/robot_localization/lib/python3.8/site-packages/robot_localization/__init__.py
[5.686s] -- Up-to-date: /home/coderey/ros2_ws/install/robot_localization/lib/python3.8/site-packages/robot_localization/srv
[5.686s] -- Up-to-date: /home/coderey/ros2_ws/install/robot_localization/lib/python3.8/site-packages/robot_localization/srv/_set_datum.py
[5.686s] -- Up-to-date: /home/coderey/ros2_ws/install/robot_localization/lib/python3.8/site-packages/robot_localization/srv/_get_state_s.c
[5.686s] -- Up-to-date: /home/coderey/ros2_ws/install/robot_localization/lib/python3.8/site-packages/robot_localization/srv/_set_pose_s.c
[5.686s] -- Up-to-date: /home/coderey/ros2_ws/install/robot_localization/lib/python3.8/site-packages/robot_localization/srv/__init__.py
[5.686s] -- Up-to-date: /home/coderey/ros2_ws/install/robot_localization/lib/python3.8/site-packages/robot_localization/srv/_toggle_filter_processing_s.c
[5.686s] -- Up-to-date: /home/coderey/ros2_ws/install/robot_localization/lib/python3.8/site-packages/robot_localization/srv/_to_ll.py
[5.686s] -- Up-to-date: /home/coderey/ros2_ws/install/robot_localization/lib/python3.8/site-packages/robot_localization/srv/_from_ll.py
[5.686s] -- Up-to-date: /home/coderey/ros2_ws/install/robot_localization/lib/python3.8/site-packages/robot_localization/srv/_toggle_filter_processing.py
[5.687s] -- Up-to-date: /home/coderey/ros2_ws/install/robot_localization/lib/python3.8/site-packages/robot_localization/srv/_set_datum_s.c
[5.687s] -- Up-to-date: /home/coderey/ros2_ws/install/robot_localization/lib/python3.8/site-packages/robot_localization/srv/_to_ll_s.c
[5.687s] -- Up-to-date: /home/coderey/ros2_ws/install/robot_localization/lib/python3.8/site-packages/robot_localization/srv/_set_pose.py
[5.687s] -- Up-to-date: /home/coderey/ros2_ws/install/robot_localization/lib/python3.8/site-packages/robot_localization/srv/_from_ll_s.c
[5.687s] -- Up-to-date: /home/coderey/ros2_ws/install/robot_localization/lib/python3.8/site-packages/robot_localization/srv/_get_state.py
[5.687s] -- Up-to-date: /home/coderey/ros2_ws/install/robot_localization/lib/python3.8/site-packages/robot_localization/robot_localization_s__rosidl_typesupport_microxrcedds_c.cpython-38-x86_64-linux-gnu.so
[5.687s] -- Up-to-date: /home/coderey/ros2_ws/install/robot_localization/lib/python3.8/site-packages/robot_localization/robot_localization_s__rosidl_typesupport_fastrtps_c.cpython-38-x86_64-linux-gnu.so
[5.688s] -- Up-to-date: /home/coderey/ros2_ws/install/robot_localization/lib/python3.8/site-packages/robot_localization/robot_localization_s__rosidl_typesupport_introspection_c.cpython-38-x86_64-linux-gnu.so
[5.688s] -- Up-to-date: /home/coderey/ros2_ws/install/robot_localization/lib/python3.8/site-packages/robot_localization/robot_localization_s__rosidl_typesupport_c.cpython-38-x86_64-linux-gnu.so
[5.688s] -- Up-to-date: /home/coderey/ros2_ws/install/robot_localization/lib/librobot_localization__python.so
[5.688s] -- Up-to-date: /home/coderey/ros2_ws/install/robot_localization/share/robot_localization/srv/FromLL.idl
[5.688s] -- Up-to-date: /home/coderey/ros2_ws/install/robot_localization/share/robot_localization/srv/GetState.idl
[5.688s] -- Up-to-date: /home/coderey/ros2_ws/install/robot_localization/share/robot_localization/srv/SetDatum.idl
[5.688s] -- Up-to-date: /home/coderey/ros2_ws/install/robot_localization/share/robot_localization/srv/SetPose.idl
[5.688s] -- Up-to-date: /home/coderey/ros2_ws/install/robot_localization/share/robot_localization/srv/ToggleFilterProcessing.idl
[5.688s] -- Up-to-date: /home/coderey/ros2_ws/install/robot_localization/share/robot_localization/srv/ToLL.idl
[5.688s] -- Up-to-date: /home/coderey/ros2_ws/install/robot_localization/share/robot_localization/srv/FromLL.srv
[5.688s] -- Up-to-date: /home/coderey/ros2_ws/install/robot_localization/share/robot_localization/srv/FromLL_Request.msg
[5.689s] -- Up-to-date: /home/coderey/ros2_ws/install/robot_localization/share/robot_localization/srv/FromLL_Response.msg
[5.689s] -- Up-to-date: /home/coderey/ros2_ws/install/robot_localization/share/robot_localization/srv/GetState.srv
[5.689s] -- Up-to-date: /home/coderey/ros2_ws/install/robot_localization/share/robot_localization/srv/GetState_Request.msg
[5.689s] -- Up-to-date: /home/coderey/ros2_ws/install/robot_localization/share/robot_localization/srv/GetState_Response.msg
[5.689s] -- Up-to-date: /home/coderey/ros2_ws/install/robot_localization/share/robot_localization/srv/SetDatum.srv
[5.689s] -- Up-to-date: /home/coderey/ros2_ws/install/robot_localization/share/robot_localization/srv/SetDatum_Request.msg
[5.689s] -- Up-to-date: /home/coderey/ros2_ws/install/robot_localization/share/robot_localization/srv/SetDatum_Response.msg
[5.689s] -- Up-to-date: /home/coderey/ros2_ws/install/robot_localization/share/robot_localization/srv/SetPose.srv
[5.689s] -- Up-to-date: /home/coderey/ros2_ws/install/robot_localization/share/robot_localization/srv/SetPose_Request.msg
[5.689s] -- Up-to-date: /home/coderey/ros2_ws/install/robot_localization/share/robot_localization/srv/SetPose_Response.msg
[5.689s] -- Up-to-date: /home/coderey/ros2_ws/install/robot_localization/share/robot_localization/srv/ToggleFilterProcessing.srv
[5.689s] -- Up-to-date: /home/coderey/ros2_ws/install/robot_localization/share/robot_localization/srv/ToggleFilterProcessing_Request.msg
[5.689s] -- Up-to-date: /home/coderey/ros2_ws/install/robot_localization/share/robot_localization/srv/ToggleFilterProcessing_Response.msg
[5.689s] -- Up-to-date: /home/coderey/ros2_ws/install/robot_localization/share/robot_localization/srv/ToLL.srv
[5.689s] -- Up-to-date: /home/coderey/ros2_ws/install/robot_localization/share/robot_localization/srv/ToLL_Request.msg
[5.689s] -- Up-to-date: /home/coderey/ros2_ws/install/robot_localization/share/robot_localization/srv/ToLL_Response.msg
[5.690s] -- Up-to-date: /home/coderey/ros2_ws/install/robot_localization/lib/robot_localization/filter_base-test
[5.691s] -- Up-to-date: /home/coderey/ros2_ws/install/robot_localization/lib/robot_localization/test_filter_base_diagnostics_timestamps
[5.691s] -- Up-to-date: /home/coderey/ros2_ws/install/robot_localization/lib/robot_localization/test_ekf
[5.691s] -- Up-to-date: /home/coderey/ros2_ws/install/robot_localization/lib/robot_localization/test_ekf_localization_node_interfaces
[5.691s] -- Up-to-date: /home/coderey/ros2_ws/install/robot_localization/lib/robot_localization/test_ukf
[5.691s] -- Up-to-date: /home/coderey/ros2_ws/install/robot_localization/lib/robot_localization/test_ukf_localization_node_interfaces
[5.692s] -- Up-to-date: /home/coderey/ros2_ws/install/robot_localization/lib/robot_localization/test_robot_localization_estimator
[5.693s] -- Up-to-date: /home/coderey/ros2_ws/install/robot_localization/lib/robot_localization/test_ros_robot_localization_listener
[5.693s] -- Up-to-date: /home/coderey/ros2_ws/install/robot_localization/lib/robot_localization/test_ros_robot_localization_listener_publisher
[5.693s] -- Up-to-date: /home/coderey/ros2_ws/install/robot_localization/share/robot_localization/test
[5.693s] -- Up-to-date: /home/coderey/ros2_ws/install/robot_localization/share/robot_localization/test/test_ukf_localization_node_bag1.yaml
[5.693s] -- Up-to-date: /home/coderey/ros2_ws/install/robot_localization/share/robot_localization/test/test1.bag
[5.694s] -- Up-to-date: /home/coderey/ros2_ws/install/robot_localization/share/robot_localization/test/test_ukf_localization_node_bag1.sh
[5.696s] -- Up-to-date: /home/coderey/ros2_ws/install/robot_localization/share/robot_localization/test/test_filter_base.cpp
[5.696s] -- Up-to-date: /home/coderey/ros2_ws/install/robot_localization/share/robot_localization/test/test_ukf_localization_node_bag2.yaml
[5.696s] -- Up-to-date: /home/coderey/ros2_ws/install/robot_localization/share/robot_localization/test/test_filter_base_diagnostics_timestamps.launch.py
[5.697s] -- Up-to-date: /home/coderey/ros2_ws/install/robot_localization/share/robot_localization/test/test_ukf_localization_node_bag1.launch.py
[5.697s] -- Up-to-date: /home/coderey/ros2_ws/install/robot_localization/share/robot_localization/test/test_ekf_localization_node_bag2.sh
[5.697s] -- Up-to-date: /home/coderey/ros2_ws/install/robot_localization/share/robot_localization/test/test_filter_base_diagnostics_timestamps.cpp
[5.697s] -- Up-to-date: /home/coderey/ros2_ws/install/robot_localization/share/robot_localization/test/test_ros_robot_localization_listener.launch.py
[5.697s] -- Up-to-date: /home/coderey/ros2_ws/install/robot_localization/share/robot_localization/test/test_ros_robot_localization_listener_publisher.cpp
[5.697s] -- Up-to-date: /home/coderey/ros2_ws/install/robot_localization/share/robot_localization/test/test_ukf.cpp
[5.698s] -- Up-to-date: /home/coderey/ros2_ws/install/robot_localization/share/robot_localization/test/test_ekf_localization_node_bag1.launch.py
[5.698s] -- Up-to-date: /home/coderey/ros2_ws/install/robot_localization/share/robot_localization/test/test_ukf_localization_node_bag3.yaml
[5.698s] -- Up-to-date: /home/coderey/ros2_ws/install/robot_localization/share/robot_localization/test/test_ekf_localization_node_bag3.launch.py
[5.698s] -- Up-to-date: /home/coderey/ros2_ws/install/robot_localization/share/robot_localization/test/test_ekf_localization_node_interfaces.cpp
[5.698s] -- Up-to-date: /home/coderey/ros2_ws/install/robot_localization/share/robot_localization/test/test_ukf_localization_node_interfaces.launch.py
[5.698s] -- Up-to-date: /home/coderey/ros2_ws/install/robot_localization/share/robot_localization/test/test_ukf_localization_node_bag2.sh
[5.698s] -- Up-to-date: /home/coderey/ros2_ws/install/robot_localization/share/robot_localization/test/test_ekf_localization_node_bag2.yaml
[5.698s] -- Up-to-date: /home/coderey/ros2_ws/install/robot_localization/share/robot_localization/test/test_ukf_localization_node_interfaces.yaml
[5.698s] -- Up-to-date: /home/coderey/ros2_ws/install/robot_localization/share/robot_localization/test/test_robot_localization_estimator.launch.py
[5.698s] -- Up-to-date: /home/coderey/ros2_ws/install/robot_localization/share/robot_localization/test/test_robot_localization_estimator.cpp
[5.698s] -- Up-to-date: /home/coderey/ros2_ws/install/robot_localization/share/robot_localization/test/test_ekf_localization_node_bag1.yaml
[5.698s] -- Up-to-date: /home/coderey/ros2_ws/install/robot_localization/share/robot_localization/test/test_ukf_localization_node_bag3.sh
[5.698s] -- Up-to-date: /home/coderey/ros2_ws/install/robot_localization/share/robot_localization/test/test2.bag
[5.698s] -- Up-to-date: /home/coderey/ros2_ws/install/robot_localization/share/robot_localization/test/test_ekf_localization_node_interfaces.launch.py
[5.698s] -- Up-to-date: /home/coderey/ros2_ws/install/robot_localization/share/robot_localization/test/test_ekf_localization_node_bag3.yaml
[5.699s] -- Up-to-date: /home/coderey/ros2_ws/install/robot_localization/share/robot_localization/test/test_ekf_localization_node_interfaces.yaml
[5.699s] -- Up-to-date: /home/coderey/ros2_ws/install/robot_localization/share/robot_localization/test/test_ros_robot_localization_listener.yaml
[5.699s] -- Up-to-date: /home/coderey/ros2_ws/install/robot_localization/share/robot_localization/test/test_localization_node_bag_pose_tester.cpp
[5.699s] -- Up-to-date: /home/coderey/ros2_ws/install/robot_localization/share/robot_localization/test/test_ros_robot_localization_listener.cpp
[5.699s] -- Up-to-date: /home/coderey/ros2_ws/install/robot_localization/share/robot_localization/test/test3.bag
[5.699s] -- Up-to-date: /home/coderey/ros2_ws/install/robot_localization/share/robot_localization/test/test_ekf_localization_node_bag1.sh
[5.699s] -- Up-to-date: /home/coderey/ros2_ws/install/robot_localization/share/robot_localization/test/test_ukf_localization_node_bag2.launch.py
[5.699s] -- Up-to-date: /home/coderey/ros2_ws/install/robot_localization/share/robot_localization/test/test_ekf.cpp
[5.699s] -- Up-to-date: /home/coderey/ros2_ws/install/robot_localization/share/robot_localization/test/test_ekf_localization_node_bag2.launch.py
[5.699s] -- Up-to-date: /home/coderey/ros2_ws/install/robot_localization/share/robot_localization/test/test_ukf_localization_node_bag3.launch.py
[5.699s] -- Up-to-date: /home/coderey/ros2_ws/install/robot_localization/share/robot_localization/test/test_ukf_localization_node_interfaces.cpp
[5.699s] -- Up-to-date: /home/coderey/ros2_ws/install/robot_localization/share/robot_localization/test/test_ekf_localization_node_bag3.sh
[5.700s] -- Up-to-date: /home/coderey/ros2_ws/install/robot_localization/share/robot_localization/test/test_filter_base_diagnostics_timestamps.yaml
[5.701s] -- Up-to-date: /home/coderey/ros2_ws/install/robot_localization/lib/robot_localization/navsat_transform_node
[5.701s] -- Up-to-date: /home/coderey/ros2_ws/install/robot_localization/lib/robot_localization/ekf_node
[5.701s] -- Up-to-date: /home/coderey/ros2_ws/install/robot_localization/lib/robot_localization/ukf_node
[5.701s] -- Up-to-date: /home/coderey/ros2_ws/install/robot_localization/lib/robot_localization/robot_localization_listener_node
[5.701s] -- Up-to-date: /home/coderey/ros2_ws/install/robot_localization/lib/librl_lib.so
[5.701s] -- Up-to-date: /home/coderey/ros2_ws/install/robot_localization/share/robot_localization/params
[5.701s] -- Up-to-date: /home/coderey/ros2_ws/install/robot_localization/share/robot_localization/params/ekf.yaml
[5.701s] -- Up-to-date: /home/coderey/ros2_ws/install/robot_localization/share/robot_localization/params/ukf.yaml
[5.701s] -- Up-to-date: /home/coderey/ros2_ws/install/robot_localization/share/robot_localization/params/imu.yaml
[5.702s] -- Up-to-date: /home/coderey/ros2_ws/install/robot_localization/share/robot_localization/params/dual_ekf_navsat_example.yaml
[5.702s] -- Up-to-date: /home/coderey/ros2_ws/install/robot_localization/share/robot_localization/params/navsat_transform.yaml
[5.702s] -- Up-to-date: /home/coderey/ros2_ws/install/robot_localization/share/robot_localization/params/ekf_em.yaml
[5.702s] -- Up-to-date: /home/coderey/ros2_ws/install/robot_localization/share/robot_localization/launch
[5.702s] -- Up-to-date: /home/coderey/ros2_ws/install/robot_localization/share/robot_localization/launch/dual_ekf_navsat_example.launch.py
[5.702s] -- Up-to-date: /home/coderey/ros2_ws/install/robot_localization/share/robot_localization/launch/ukf.launch.py
[5.702s] -- Up-to-date: /home/coderey/ros2_ws/install/robot_localization/share/robot_localization/launch/navsat_transform.launch.py
[5.702s] -- Up-to-date: /home/coderey/ros2_ws/install/robot_localization/share/robot_localization/launch/ekf.launch.py
[5.702s] -- Up-to-date: /home/coderey/ros2_ws/install/robot_localization/share/ament_index/resource_index/package_run_dependencies/robot_localization
[5.702s] -- Up-to-date: /home/coderey/ros2_ws/install/robot_localization/share/ament_index/resource_index/parent_prefix_path/robot_localization
[5.702s] -- Up-to-date: /home/coderey/ros2_ws/install/robot_localization/share/robot_localization/environment/ament_prefix_path.sh
[5.702s] -- Up-to-date: /home/coderey/ros2_ws/install/robot_localization/share/robot_localization/environment/ament_prefix_path.dsv
[5.702s] -- Up-to-date: /home/coderey/ros2_ws/install/robot_localization/share/robot_localization/environment/path.sh
[5.702s] -- Up-to-date: /home/coderey/ros2_ws/install/robot_localization/share/robot_localization/environment/path.dsv
[5.702s] -- Up-to-date: /home/coderey/ros2_ws/install/robot_localization/share/robot_localization/local_setup.bash
[5.702s] -- Up-to-date: /home/coderey/ros2_ws/install/robot_localization/share/robot_localization/local_setup.sh
[5.703s] -- Up-to-date: /home/coderey/ros2_ws/install/robot_localization/share/robot_localization/local_setup.zsh
[5.703s] -- Up-to-date: /home/coderey/ros2_ws/install/robot_localization/share/robot_localization/local_setup.dsv
[5.703s] -- Installing: /home/coderey/ros2_ws/install/robot_localization/share/robot_localization/package.dsv
[5.703s] -- Up-to-date: /home/coderey/ros2_ws/install/robot_localization/share/ament_index/resource_index/packages/robot_localization
[5.703s] -- Up-to-date: /home/coderey/ros2_ws/install/robot_localization/share/robot_localization/cmake/robot_localization__rosidl_generator_cExport.cmake
[5.703s] -- Up-to-date: /home/coderey/ros2_ws/install/robot_localization/share/robot_localization/cmake/robot_localization__rosidl_generator_cExport-relwithdebinfo.cmake
[5.703s] -- Up-to-date: /home/coderey/ros2_ws/install/robot_localization/share/robot_localization/cmake/robot_localization__rosidl_typesupport_introspection_cExport.cmake
[5.703s] -- Up-to-date: /home/coderey/ros2_ws/install/robot_localization/share/robot_localization/cmake/robot_localization__rosidl_typesupport_introspection_cExport-relwithdebinfo.cmake
[5.703s] -- Up-to-date: /home/coderey/ros2_ws/install/robot_localization/share/robot_localization/cmake/robot_localization__rosidl_typesupport_cExport.cmake
[5.703s] -- Up-to-date: /home/coderey/ros2_ws/install/robot_localization/share/robot_localization/cmake/robot_localization__rosidl_typesupport_cExport-relwithdebinfo.cmake
[5.703s] -- Up-to-date: /home/coderey/ros2_ws/install/robot_localization/share/robot_localization/cmake/robot_localization__rosidl_generator_cppExport.cmake
[5.704s] -- Up-to-date: /home/coderey/ros2_ws/install/robot_localization/share/robot_localization/cmake/robot_localization__rosidl_typesupport_introspection_cppExport.cmake
[5.704s] -- Up-to-date: /home/coderey/ros2_ws/install/robot_localization/share/robot_localization/cmake/robot_localization__rosidl_typesupport_introspection_cppExport-relwithdebinfo.cmake
[5.704s] -- Up-to-date: /home/coderey/ros2_ws/install/robot_localization/share/robot_localization/cmake/robot_localization__rosidl_typesupport_cppExport.cmake
[5.704s] -- Up-to-date: /home/coderey/ros2_ws/install/robot_localization/share/robot_localization/cmake/robot_localization__rosidl_typesupport_cppExport-relwithdebinfo.cmake
[5.704s] -- Up-to-date: /home/coderey/ros2_ws/install/robot_localization/share/robot_localization/cmake/rosidl_cmake-extras.cmake
[5.704s] -- Up-to-date: /home/coderey/ros2_ws/install/robot_localization/share/robot_localization/cmake/ament_cmake_export_dependencies-extras.cmake
[5.704s] -- Up-to-date: /home/coderey/ros2_ws/install/robot_localization/share/robot_localization/cmake/ament_cmake_export_libraries-extras.cmake
[5.704s] -- Up-to-date: /home/coderey/ros2_ws/install/robot_localization/share/robot_localization/cmake/ament_cmake_export_targets-extras.cmake
[5.704s] -- Up-to-date: /home/coderey/ros2_ws/install/robot_localization/share/robot_localization/cmake/ament_cmake_export_include_directories-extras.cmake
[5.704s] -- Up-to-date: /home/coderey/ros2_ws/install/robot_localization/share/robot_localization/cmake/rosidl_cmake_export_typesupport_libraries-extras.cmake
[5.704s] -- Up-to-date: /home/coderey/ros2_ws/install/robot_localization/share/robot_localization/cmake/rosidl_cmake_export_typesupport_targets-extras.cmake
[5.704s] -- Up-to-date: /home/coderey/ros2_ws/install/robot_localization/share/robot_localization/cmake/robot_localizationConfig.cmake
[5.704s] -- Up-to-date: /home/coderey/ros2_ws/install/robot_localization/share/robot_localization/cmake/robot_localizationConfig-version.cmake
[5.704s] -- Up-to-date: /home/coderey/ros2_ws/install/robot_localization/share/robot_localization/package.xml
[6.993s] Invoked command in '/home/coderey/ros2_ws/build/robot_localization' returned '0': CMAKE_PREFIX_PATH=${CMAKE_PREFIX_PATH}:/home/coderey/ros2_ws/install/swisscat_robot:/home/coderey/ros2_ws/install/nav2_gps_waypoint_follower_demo:/home/coderey/ros2_ws/install/mob_rob_loca:/home/coderey/ros2_ws/install/bno055:/home/coderey/microros_ws/install/sensor_msgs_py:/opt/ros/galactic /usr/bin/cmake --install /home/coderey/ros2_ws/build/robot_localization
