[0.000000] (-) TimerEvent: {}
[0.000134] (-) JobUnselected: {'identifier': 'bno055'}
[0.000514] (-) JobUnselected: {'identifier': 'costmap_queue'}
[0.000536] (-) JobUnselected: {'identifier': 'dwb_core'}
[0.000546] (-) JobUnselected: {'identifier': 'dwb_critics'}
[0.000555] (-) JobUnselected: {'identifier': 'dwb_msgs'}
[0.000564] (-) JobUnselected: {'identifier': 'dwb_plugins'}
[0.000572] (-) JobUnselected: {'identifier': 'marvelmind_ros2'}
[0.000580] (-) JobUnselected: {'identifier': 'marvelmind_ros2_msgs'}
[0.000588] (-) JobUnselected: {'identifier': 'mob_rob_loca'}
[0.000596] (-) JobUnselected: {'identifier': 'nav2_amcl'}
[0.000605] (-) JobUnselected: {'identifier': 'nav2_behavior_tree'}
[0.000614] (-) JobUnselected: {'identifier': 'nav2_bringup'}
[0.000622] (-) JobUnselected: {'identifier': 'nav2_bt_navigator'}
[0.000629] (-) JobUnselected: {'identifier': 'nav2_common'}
[0.000637] (-) JobUnselected: {'identifier': 'nav2_controller'}
[0.000645] (-) JobUnselected: {'identifier': 'nav2_core'}
[0.000653] (-) JobUnselected: {'identifier': 'nav2_costmap_2d'}
[0.000661] (-) JobUnselected: {'identifier': 'nav2_dwb_controller'}
[0.000670] (-) JobUnselected: {'identifier': 'nav2_gazebo_spawner'}
[0.000679] (-) JobUnselected: {'identifier': 'nav2_lifecycle_manager'}
[0.000687] (-) JobUnselected: {'identifier': 'nav2_map_server'}
[0.000703] (-) JobUnselected: {'identifier': 'nav2_msgs'}
[0.000712] (-) JobUnselected: {'identifier': 'nav2_navfn_planner'}
[0.000720] (-) JobUnselected: {'identifier': 'nav2_planner'}
[0.000729] (-) JobUnselected: {'identifier': 'nav2_recoveries'}
[0.000737] (-) JobUnselected: {'identifier': 'nav2_regulated_pure_pursuit_controller'}
[0.000746] (-) JobUnselected: {'identifier': 'nav2_rotation_shim_controller'}
[0.000754] (-) JobUnselected: {'identifier': 'nav2_rviz_plugins'}
[0.000763] (-) JobUnselected: {'identifier': 'nav2_simple_commander'}
[0.000771] (-) JobUnselected: {'identifier': 'nav2_smac_planner'}
[0.000779] (-) JobUnselected: {'identifier': 'nav2_system_tests'}
[0.000787] (-) JobUnselected: {'identifier': 'nav2_theta_star_planner'}
[0.000796] (-) JobUnselected: {'identifier': 'nav2_util'}
[0.000804] (-) JobUnselected: {'identifier': 'nav2_voxel_grid'}
[0.000812] (-) JobUnselected: {'identifier': 'nav2_waypoint_follower'}
[0.000820] (-) JobUnselected: {'identifier': 'nav_2d_msgs'}
[0.000829] (-) JobUnselected: {'identifier': 'nav_2d_utils'}
[0.000837] (-) JobUnselected: {'identifier': 'robot_localization'}
[0.000847] (navigation2) JobQueued: {'identifier': 'navigation2', 'dependencies': OrderedDict([('nav2_common', '/home/coderey/ros2_ws/install/nav2_common'), ('nav_2d_msgs', '/home/coderey/ros2_ws/install/nav_2d_msgs'), ('dwb_msgs', '/home/coderey/ros2_ws/install/dwb_msgs'), ('nav2_msgs', '/home/coderey/ros2_ws/install/nav2_msgs'), ('nav2_voxel_grid', '/home/coderey/ros2_ws/install/nav2_voxel_grid'), ('nav2_util', '/home/coderey/ros2_ws/install/nav2_util'), ('nav2_amcl', '/home/coderey/ros2_ws/install/nav2_amcl'), ('nav2_behavior_tree', '/home/coderey/ros2_ws/install/nav2_behavior_tree'), ('nav2_lifecycle_manager', '/home/coderey/ros2_ws/install/nav2_lifecycle_manager'), ('nav2_map_server', '/home/coderey/ros2_ws/install/nav2_map_server'), ('nav_2d_utils', '/home/coderey/ros2_ws/install/nav_2d_utils'), ('nav2_costmap_2d', '/home/coderey/ros2_ws/install/nav2_costmap_2d'), ('nav2_rviz_plugins', '/home/coderey/ros2_ws/install/nav2_rviz_plugins'), ('costmap_queue', '/home/coderey/ros2_ws/install/costmap_queue'), ('nav2_core', '/home/coderey/ros2_ws/install/nav2_core'), ('dwb_core', '/home/coderey/ros2_ws/install/dwb_core'), ('nav2_bt_navigator', '/home/coderey/ros2_ws/install/nav2_bt_navigator'), ('nav2_controller', '/home/coderey/ros2_ws/install/nav2_controller'), ('nav2_navfn_planner', '/home/coderey/ros2_ws/install/nav2_navfn_planner'), ('nav2_planner', '/home/coderey/ros2_ws/install/nav2_planner'), ('nav2_recoveries', '/home/coderey/ros2_ws/install/nav2_recoveries'), ('nav2_regulated_pure_pursuit_controller', '/home/coderey/ros2_ws/install/nav2_regulated_pure_pursuit_controller'), ('nav2_smac_planner', '/home/coderey/ros2_ws/install/nav2_smac_planner'), ('nav2_theta_star_planner', '/home/coderey/ros2_ws/install/nav2_theta_star_planner'), ('nav2_waypoint_follower', '/home/coderey/ros2_ws/install/nav2_waypoint_follower'), ('dwb_critics', '/home/coderey/ros2_ws/install/dwb_critics'), ('dwb_plugins', '/home/coderey/ros2_ws/install/dwb_plugins'), ('nav2_rotation_shim_controller', '/home/coderey/ros2_ws/install/nav2_rotation_shim_controller'), ('nav2_dwb_controller', '/home/coderey/ros2_ws/install/nav2_dwb_controller')])}
[0.000892] (navigation2) JobStarted: {'identifier': 'navigation2'}
[0.102313] (-) TimerEvent: {}
[0.196880] (navigation2) JobEnded: {'identifier': 'navigation2', 'rc': 1}
[0.202657] (-) TimerEvent: {}
[0.207464] (-) EventReactorShutdown: {}
