[0.959s] Invoking command in '/home/coderey/ros2_ws/build/nav2_straightline_planner': CMAKE_PREFIX_PATH=${CMAKE_PREFIX_PATH}:/home/coderey/ros2_ws/install/swisscat_robot:/home/coderey/ros2_ws/install/nav2_gps_waypoint_follower_demo:/home/coderey/ros2_ws/install/nav2_simple_commander:/home/coderey/ros2_ws/install/mob_rob_loca:/home/coderey/ros2_ws/install/bno055:/home/coderey/microros_ws/install/sensor_msgs_py:/opt/ros/galactic /usr/bin/cmake /home/coderey/ros2_ws/src/navigation2_tutorials/nav2_straightline_planner -DCMAKE_BUILD_TYPE=RelWithDebInfo -DAMENT_CMAKE_SYMLINK_INSTALL=1 -DCMAKE_INSTALL_PREFIX=/home/coderey/ros2_ws/install/nav2_straightline_planner
[1.002s] -- Found ament_cmake: 1.1.6 (/opt/ros/galactic/share/ament_cmake/cmake)
[1.038s] -- Using PYTHON_EXECUTABLE: /usr/bin/python3
[1.144s] -- Override CMake install command with custom implementation using symlinks instead of copying resources
[1.153s] -- Found rclcpp: 9.2.2 (/opt/ros/galactic/share/rclcpp/cmake)
[1.227s] -- Using all available rosidl_typesupport_c: rosidl_typesupport_microxrcedds_c;rosidl_typesupport_fastrtps_c;rosidl_typesupport_introspection_c
[1.235s] -- Found rosidl_adapter: 2.2.3 (/opt/ros/galactic/share/rosidl_adapter/cmake)
[1.446s] -- Using all available rosidl_typesupport_cpp: rosidl_typesupport_microxrcedds_cpp;rosidl_typesupport_fastrtps_cpp;rosidl_typesupport_introspection_cpp
[1.540s] -- Found rmw_implementation_cmake: 3.3.1 (/opt/ros/galactic/share/rmw_implementation_cmake/cmake)
[1.546s] -- Found rmw_cyclonedds_cpp: 0.22.6 (/opt/ros/galactic/share/rmw_cyclonedds_cpp/cmake)
[1.572s] -- Using RMW implementation 'rmw_cyclonedds_cpp' as default
[1.800s] -- Found rclcpp_action: 9.2.2 (/opt/ros/galactic/share/rclcpp_action/cmake)
[1.891s] -- Found rclcpp_lifecycle: 9.2.2 (/opt/ros/galactic/share/rclcpp_lifecycle/cmake)
[1.932s] -- Found visualization_msgs: 2.2.4 (/home/coderey/microros_ws/install/visualization_msgs/share/visualization_msgs/cmake)
[2.097s] -- Found nav2_util: 1.0.12 (/opt/ros/galactic/share/nav2_util/cmake)
[2.873s] -- Found eigen3_cmake_module: 0.1.1 (/opt/ros/galactic/share/eigen3_cmake_module/cmake)
[3.053s] -- Found nav2_costmap_2d: 1.0.12 (/opt/ros/galactic/share/nav2_costmap_2d/cmake)
[3.977s] -- Found nav2_core: 1.0.12 (/opt/ros/galactic/share/nav2_core/cmake)
[7.422s] -- Found ament_lint_auto: 0.10.7 (/opt/ros/galactic/share/ament_lint_auto/cmake)
[7.530s] -- Added test 'copyright' to check source files copyright and LICENSE
[7.530s] -- Added test 'cppcheck' to perform static code analysis on C / C++ code
[7.531s] -- Configured cppcheck include dirs: /home/coderey/ros2_ws/src/navigation2_tutorials/nav2_straightline_planner/include
[7.531s] -- Configured cppcheck exclude dirs and/or files: 
[7.532s] -- Added test 'cpplint' to check C / C++ code against the Google style
[7.532s] -- Configured cpplint exclude dirs and/or files: 
[7.532s] -- Added test 'lint_cmake' to check CMake code style
[7.533s] -- Added test 'uncrustify' to check C / C++ code style
[7.533s] -- Configured uncrustify additional arguments: 
[7.533s] -- Added test 'xmllint' to check XML markup files
[7.539s] -- Configuring done
[7.580s] -- Generating done
[7.582s] -- Build files have been written to: /home/coderey/ros2_ws/build/nav2_straightline_planner
[8.157s] Invoked command in '/home/coderey/ros2_ws/build/nav2_straightline_planner' returned '0': CMAKE_PREFIX_PATH=${CMAKE_PREFIX_PATH}:/home/coderey/ros2_ws/install/swisscat_robot:/home/coderey/ros2_ws/install/nav2_gps_waypoint_follower_demo:/home/coderey/ros2_ws/install/nav2_simple_commander:/home/coderey/ros2_ws/install/mob_rob_loca:/home/coderey/ros2_ws/install/bno055:/home/coderey/microros_ws/install/sensor_msgs_py:/opt/ros/galactic /usr/bin/cmake /home/coderey/ros2_ws/src/navigation2_tutorials/nav2_straightline_planner -DCMAKE_BUILD_TYPE=RelWithDebInfo -DAMENT_CMAKE_SYMLINK_INSTALL=1 -DCMAKE_INSTALL_PREFIX=/home/coderey/ros2_ws/install/nav2_straightline_planner
[8.161s] Invoking command in '/home/coderey/ros2_ws/build/nav2_straightline_planner': CMAKE_PREFIX_PATH=${CMAKE_PREFIX_PATH}:/home/coderey/ros2_ws/install/swisscat_robot:/home/coderey/ros2_ws/install/nav2_gps_waypoint_follower_demo:/home/coderey/ros2_ws/install/nav2_simple_commander:/home/coderey/ros2_ws/install/mob_rob_loca:/home/coderey/ros2_ws/install/bno055:/home/coderey/microros_ws/install/sensor_msgs_py:/opt/ros/galactic /usr/bin/cmake --build /home/coderey/ros2_ws/build/nav2_straightline_planner -- -j8 -l8
[8.266s] [100%] Built target nav2_straightline_planner_plugin
[8.326s] Invoked command in '/home/coderey/ros2_ws/build/nav2_straightline_planner' returned '0': CMAKE_PREFIX_PATH=${CMAKE_PREFIX_PATH}:/home/coderey/ros2_ws/install/swisscat_robot:/home/coderey/ros2_ws/install/nav2_gps_waypoint_follower_demo:/home/coderey/ros2_ws/install/nav2_simple_commander:/home/coderey/ros2_ws/install/mob_rob_loca:/home/coderey/ros2_ws/install/bno055:/home/coderey/microros_ws/install/sensor_msgs_py:/opt/ros/galactic /usr/bin/cmake --build /home/coderey/ros2_ws/build/nav2_straightline_planner -- -j8 -l8
[8.397s] Invoking command in '/home/coderey/ros2_ws/build/nav2_straightline_planner': CMAKE_PREFIX_PATH=${CMAKE_PREFIX_PATH}:/home/coderey/ros2_ws/install/swisscat_robot:/home/coderey/ros2_ws/install/nav2_gps_waypoint_follower_demo:/home/coderey/ros2_ws/install/nav2_simple_commander:/home/coderey/ros2_ws/install/mob_rob_loca:/home/coderey/ros2_ws/install/bno055:/home/coderey/microros_ws/install/sensor_msgs_py:/opt/ros/galactic /usr/bin/cmake --install /home/coderey/ros2_ws/build/nav2_straightline_planner
[8.411s] -- Install configuration: "RelWithDebInfo"
[8.411s] -- Execute custom install script
[8.412s] -- Up-to-date symlink: /home/coderey/ros2_ws/install/nav2_straightline_planner/share/nav2_straightline_planner//global_planner_plugin.xml
[8.412s] -- Up-to-date symlink: /home/coderey/ros2_ws/install/nav2_straightline_planner/lib/libnav2_straightline_planner_plugin.so
[8.413s] -- Up-to-date symlink: /home/coderey/ros2_ws/install/nav2_straightline_planner/include//nav2_straightline_planner/straight_line_planner.hpp
[8.413s] -- Up-to-date symlink: /home/coderey/ros2_ws/install/nav2_straightline_planner/share/nav2_straightline_planner/global_planner_plugin.xml
[8.414s] -- Up-to-date symlink: /home/coderey/ros2_ws/install/nav2_straightline_planner/share/nav2_straightline_planner/environment/library_path.sh
[8.414s] -- Up-to-date symlink: /home/coderey/ros2_ws/install/nav2_straightline_planner/share/nav2_straightline_planner/environment/library_path.dsv
[8.415s] -- Up-to-date symlink: /home/coderey/ros2_ws/install/nav2_straightline_planner/share/ament_index/resource_index/package_run_dependencies/nav2_straightline_planner
[8.415s] -- Up-to-date symlink: /home/coderey/ros2_ws/install/nav2_straightline_planner/share/ament_index/resource_index/parent_prefix_path/nav2_straightline_planner
[8.415s] -- Up-to-date symlink: /home/coderey/ros2_ws/install/nav2_straightline_planner/share/nav2_straightline_planner/environment/ament_prefix_path.sh
[8.416s] -- Up-to-date symlink: /home/coderey/ros2_ws/install/nav2_straightline_planner/share/nav2_straightline_planner/environment/ament_prefix_path.dsv
[8.416s] -- Up-to-date symlink: /home/coderey/ros2_ws/install/nav2_straightline_planner/share/nav2_straightline_planner/environment/path.sh
[8.416s] -- Up-to-date symlink: /home/coderey/ros2_ws/install/nav2_straightline_planner/share/nav2_straightline_planner/environment/path.dsv
[8.417s] -- Up-to-date symlink: /home/coderey/ros2_ws/install/nav2_straightline_planner/share/nav2_straightline_planner/local_setup.bash
[8.417s] -- Up-to-date symlink: /home/coderey/ros2_ws/install/nav2_straightline_planner/share/nav2_straightline_planner/local_setup.sh
[8.417s] -- Up-to-date symlink: /home/coderey/ros2_ws/install/nav2_straightline_planner/share/nav2_straightline_planner/local_setup.zsh
[8.418s] -- Up-to-date symlink: /home/coderey/ros2_ws/install/nav2_straightline_planner/share/nav2_straightline_planner/local_setup.dsv
[8.418s] -- Symlinking: /home/coderey/ros2_ws/install/nav2_straightline_planner/share/nav2_straightline_planner/package.dsv
[8.432s] -- Up-to-date symlink: /home/coderey/ros2_ws/install/nav2_straightline_planner/share/ament_index/resource_index/packages/nav2_straightline_planner
[8.433s] -- Up-to-date symlink: /home/coderey/ros2_ws/install/nav2_straightline_planner/share/ament_index/resource_index/nav2_core__pluginlib__plugin/nav2_straightline_planner
[8.433s] -- Up-to-date symlink: /home/coderey/ros2_ws/install/nav2_straightline_planner/share/nav2_straightline_planner/cmake/ament_cmake_export_include_directories-extras.cmake
[8.433s] -- Up-to-date symlink: /home/coderey/ros2_ws/install/nav2_straightline_planner/share/nav2_straightline_planner/cmake/ament_cmake_export_libraries-extras.cmake
[8.434s] -- Up-to-date symlink: /home/coderey/ros2_ws/install/nav2_straightline_planner/share/nav2_straightline_planner/cmake/ament_cmake_export_dependencies-extras.cmake
[8.434s] -- Up-to-date symlink: /home/coderey/ros2_ws/install/nav2_straightline_planner/share/nav2_straightline_planner/cmake/nav2_straightline_plannerConfig.cmake
[8.434s] -- Up-to-date symlink: /home/coderey/ros2_ws/install/nav2_straightline_planner/share/nav2_straightline_planner/cmake/nav2_straightline_plannerConfig-version.cmake
[8.435s] -- Up-to-date symlink: /home/coderey/ros2_ws/install/nav2_straightline_planner/share/nav2_straightline_planner/package.xml
[8.443s] Invoked command in '/home/coderey/ros2_ws/build/nav2_straightline_planner' returned '0': CMAKE_PREFIX_PATH=${CMAKE_PREFIX_PATH}:/home/coderey/ros2_ws/install/swisscat_robot:/home/coderey/ros2_ws/install/nav2_gps_waypoint_follower_demo:/home/coderey/ros2_ws/install/nav2_simple_commander:/home/coderey/ros2_ws/install/mob_rob_loca:/home/coderey/ros2_ws/install/bno055:/home/coderey/microros_ws/install/sensor_msgs_py:/opt/ros/galactic /usr/bin/cmake --install /home/coderey/ros2_ws/build/nav2_straightline_planner
