[0.000000] (-) TimerEvent: {}
[0.004280] (-) JobUnselected: {'identifier': 'bno055'}
[0.004314] (-) JobUnselected: {'identifier': 'costmap_queue'}
[0.004330] (-) JobUnselected: {'identifier': 'dwb_core'}
[0.004343] (-) JobUnselected: {'identifier': 'dwb_critics'}
[0.004355] (-) JobUnselected: {'identifier': 'dwb_msgs'}
[0.004367] (-) JobUnselected: {'identifier': 'dwb_plugins'}
[0.004379] (-) JobUnselected: {'identifier': 'marvelmind_ros2'}
[0.004391] (-) JobUnselected: {'identifier': 'marvelmind_ros2_msgs'}
[0.004402] (-) JobUnselected: {'identifier': 'mob_rob_loca'}
[0.004414] (-) JobUnselected: {'identifier': 'nav2_amcl'}
[0.004428] (-) JobUnselected: {'identifier': 'nav2_behavior_tree'}
[0.004440] (-) JobUnselected: {'identifier': 'nav2_behaviors'}
[0.004451] (-) JobUnselected: {'identifier': 'nav2_bringup'}
[0.004463] (-) JobUnselected: {'identifier': 'nav2_bt_navigator'}
[0.004474] (-) JobUnselected: {'identifier': 'nav2_collision_monitor'}
[0.004486] (-) JobUnselected: {'identifier': 'nav2_common'}
[0.004498] (-) JobUnselected: {'identifier': 'nav2_constrained_smoother'}
[0.004509] (-) JobUnselected: {'identifier': 'nav2_controller'}
[0.004521] (-) JobUnselected: {'identifier': 'nav2_core'}
[0.004535] (-) JobUnselected: {'identifier': 'nav2_costmap_2d'}
[0.004544] (-) JobUnselected: {'identifier': 'nav2_dwb_controller'}
[0.004553] (-) JobUnselected: {'identifier': 'nav2_lifecycle_manager'}
[0.004562] (-) JobUnselected: {'identifier': 'nav2_map_server'}
[0.004571] (-) JobUnselected: {'identifier': 'nav2_mppi_controller'}
[0.004580] (-) JobUnselected: {'identifier': 'nav2_msgs'}
[0.004589] (-) JobUnselected: {'identifier': 'nav2_navfn_planner'}
[0.004598] (-) JobUnselected: {'identifier': 'nav2_planner'}
[0.004607] (-) JobUnselected: {'identifier': 'nav2_regulated_pure_pursuit_controller'}
[0.004616] (-) JobUnselected: {'identifier': 'nav2_rotation_shim_controller'}
[0.004625] (-) JobUnselected: {'identifier': 'nav2_rviz_plugins'}
[0.004634] (-) JobUnselected: {'identifier': 'nav2_simple_commander'}
[0.004643] (-) JobUnselected: {'identifier': 'nav2_smac_planner'}
[0.004652] (-) JobUnselected: {'identifier': 'nav2_smoother'}
[0.004662] (-) JobUnselected: {'identifier': 'nav2_system_tests'}
[0.004671] (-) JobUnselected: {'identifier': 'nav2_theta_star_planner'}
[0.004680] (-) JobUnselected: {'identifier': 'nav2_util'}
[0.004689] (-) JobUnselected: {'identifier': 'nav2_velocity_smoother'}
[0.004704] (-) JobUnselected: {'identifier': 'nav2_voxel_grid'}
[0.004714] (-) JobUnselected: {'identifier': 'nav2_waypoint_follower'}
[0.004722] (-) JobUnselected: {'identifier': 'nav_2d_msgs'}
[0.004731] (-) JobUnselected: {'identifier': 'nav_2d_utils'}
[0.004740] (-) JobUnselected: {'identifier': 'robot_localization'}
[0.004752] (navigation2) JobQueued: {'identifier': 'navigation2', 'dependencies': OrderedDict([('nav2_common', '/home/coderey/ros2_ws/install/nav2_common'), ('nav_2d_msgs', '/home/coderey/ros2_ws/install/nav_2d_msgs'), ('robot_localization', '/home/coderey/ros2_ws/install/robot_localization'), ('dwb_msgs', '/home/coderey/ros2_ws/install/dwb_msgs'), ('nav2_msgs', '/home/coderey/ros2_ws/install/nav2_msgs'), ('nav2_voxel_grid', '/home/coderey/ros2_ws/install/nav2_voxel_grid'), ('nav2_simple_commander', '/home/coderey/ros2_ws/install/nav2_simple_commander'), ('nav2_util', '/home/coderey/ros2_ws/install/nav2_util'), ('nav2_amcl', '/home/coderey/ros2_ws/install/nav2_amcl'), ('nav2_behavior_tree', '/home/coderey/ros2_ws/install/nav2_behavior_tree'), ('nav2_lifecycle_manager', '/home/coderey/ros2_ws/install/nav2_lifecycle_manager'), ('nav2_map_server', '/home/coderey/ros2_ws/install/nav2_map_server'), ('nav2_velocity_smoother', '/home/coderey/ros2_ws/install/nav2_velocity_smoother'), ('nav_2d_utils', '/home/coderey/ros2_ws/install/nav_2d_utils'), ('nav2_costmap_2d', '/home/coderey/ros2_ws/install/nav2_costmap_2d'), ('nav2_rviz_plugins', '/home/coderey/ros2_ws/install/nav2_rviz_plugins'), ('costmap_queue', '/home/coderey/ros2_ws/install/costmap_queue'), ('nav2_collision_monitor', '/home/coderey/ros2_ws/install/nav2_collision_monitor'), ('nav2_core', '/home/coderey/ros2_ws/install/nav2_core'), ('dwb_core', '/home/coderey/ros2_ws/install/dwb_core'), ('nav2_behaviors', '/home/coderey/ros2_ws/install/nav2_behaviors'), ('nav2_bt_navigator', '/home/coderey/ros2_ws/install/nav2_bt_navigator'), ('nav2_constrained_smoother', '/home/coderey/ros2_ws/install/nav2_constrained_smoother'), ('nav2_controller', '/home/coderey/ros2_ws/install/nav2_controller'), ('nav2_mppi_controller', '/home/coderey/ros2_ws/install/nav2_mppi_controller'), ('nav2_navfn_planner', '/home/coderey/ros2_ws/install/nav2_navfn_planner'), ('nav2_planner', '/home/coderey/ros2_ws/install/nav2_planner'), ('nav2_regulated_pure_pursuit_controller', '/home/coderey/ros2_ws/install/nav2_regulated_pure_pursuit_controller'), ('nav2_smac_planner', '/home/coderey/ros2_ws/install/nav2_smac_planner'), ('nav2_smoother', '/home/coderey/ros2_ws/install/nav2_smoother'), ('nav2_theta_star_planner', '/home/coderey/ros2_ws/install/nav2_theta_star_planner'), ('nav2_waypoint_follower', '/home/coderey/ros2_ws/install/nav2_waypoint_follower'), ('dwb_critics', '/home/coderey/ros2_ws/install/dwb_critics'), ('dwb_plugins', '/home/coderey/ros2_ws/install/dwb_plugins'), ('nav2_rotation_shim_controller', '/home/coderey/ros2_ws/install/nav2_rotation_shim_controller'), ('nav2_dwb_controller', '/home/coderey/ros2_ws/install/nav2_dwb_controller')])}
[0.004785] (navigation2) JobStarted: {'identifier': 'navigation2'}
[0.100082] (-) TimerEvent: {}
[0.197297] (navigation2) JobEnded: {'identifier': 'navigation2', 'rc': 1}
[0.200225] (-) TimerEvent: {}
[0.207969] (-) EventReactorShutdown: {}
