-- The C compiler identification is GNU 9.4.0
-- The CXX compiler identification is GNU 9.4.0
-- Check for working C compiler: /usr/bin/cc
-- Check for working C compiler: /usr/bin/cc -- works
-- Detecting C compiler ABI info
-- Detecting C compiler ABI info - done
-- Detecting C compile features
-- Detecting C compile features - done
-- Check for working CXX compiler: /usr/bin/c++
-- Check for working CXX compiler: /usr/bin/c++ -- works
-- Detecting CXX compiler ABI info
-- Detecting CXX compiler ABI info - done
-- Detecting CXX compile features
-- Detecting CXX compile features - done
-- Found ament_cmake: 1.1.6 (/opt/ros/galactic/share/ament_cmake/cmake)
-- Found PythonInterp: /usr/bin/python3 (found suitable version "3.8.10", minimum required is "3") 
-- Using PYTHON_EXECUTABLE: /usr/bin/python3
-- Override CMake install command with custom implementation using symlinks instead of copying resources
-- Found nav2_common: 1.0.12 (/home/coderey/ros2_ws/install/nav2_common/share/nav2_common/cmake)
-- Found rclcpp: 9.2.2 (/opt/ros/galactic/share/rclcpp/cmake)
-- Using all available rosidl_typesupport_c: rosidl_typesupport_microxrcedds_c;rosidl_typesupport_fastrtps_c;rosidl_typesupport_introspection_c
-- Found rosidl_adapter: 2.2.3 (/opt/ros/galactic/share/rosidl_adapter/cmake)
-- Found OpenSSL: /usr/lib/x86_64-linux-gnu/libcrypto.so (found version "1.1.1f")  
-- Found FastRTPS: /opt/ros/galactic/include  
-- Using all available rosidl_typesupport_cpp: rosidl_typesupport_microxrcedds_cpp;rosidl_typesupport_fastrtps_cpp;rosidl_typesupport_introspection_cpp
-- Found rmw_implementation_cmake: 3.3.1 (/opt/ros/galactic/share/rmw_implementation_cmake/cmake)
-- Found rmw_cyclonedds_cpp: 0.22.6 (/opt/ros/galactic/share/rmw_cyclonedds_cpp/cmake)
-- Using RMW implementation 'rmw_cyclonedds_cpp' as default
-- Looking for pthread.h
-- Looking for pthread.h - found
-- Performing Test CMAKE_HAVE_LIBC_PTHREAD
-- Performing Test CMAKE_HAVE_LIBC_PTHREAD - Failed
-- Looking for pthread_create in pthreads
-- Looking for pthread_create in pthreads - not found
-- Looking for pthread_create in pthread
-- Looking for pthread_create in pthread - found
-- Found Threads: TRUE  
-- Found rclcpp_lifecycle: 9.2.2 (/opt/ros/galactic/share/rclcpp_lifecycle/cmake)
-- Found message_filters: 3.2.6 (/opt/ros/galactic/share/message_filters/cmake)
-- Found tf2_geometry_msgs: 0.17.5 (/opt/ros/galactic/share/tf2_geometry_msgs/cmake)
-- Found eigen3_cmake_module: 0.1.1 (/opt/ros/galactic/share/eigen3_cmake_module/cmake)
-- Found Eigen3: TRUE (found version "3.3.7") 
-- Found nav_msgs: 2.2.4 (/home/coderey/microros_ws/install/nav_msgs/share/nav_msgs/cmake)
-- Found sensor_msgs: 2.2.4 (/home/coderey/microros_ws/install/sensor_msgs/share/sensor_msgs/cmake)
-- Found std_srvs: 2.2.4 (/home/coderey/microros_ws/install/std_srvs/share/std_srvs/cmake)
-- Found nav2_util: 1.0.12 (/home/coderey/ros2_ws/install/nav2_util/share/nav2_util/cmake)
-- Setting build type to Release as none was specified.
-- Looking for drand48
-- Looking for drand48 - found
-- Found ament_lint_auto: 0.10.7 (/opt/ros/galactic/share/ament_lint_auto/cmake)
-- Added test 'cppcheck' to perform static code analysis on C / C++ code
-- Configured cppcheck include dirs: /home/coderey/ros2_ws/src/navigation2/nav2_amcl/include;/home/coderey/ros2_ws/src/navigation2/nav2_amcl/src/include
-- Configured cppcheck exclude dirs and/or files: 
-- Added test 'lint_cmake' to check CMake code style
-- Added test 'uncrustify' to check C / C++ code style
-- Configured uncrustify additional arguments: 
-- Added test 'xmllint' to check XML markup files
-- Configuring done
-- Generating done
-- Build files have been written to: /home/coderey/ros2_ws/build/nav2_amcl
[35m[1mScanning dependencies of target map_lib[0m
[35m[1mScanning dependencies of target pf_lib[0m
[  4%] [32mBuilding C object src/map/CMakeFiles/map_lib.dir/map_range.c.o[0m
[  8%] [32mBuilding C object src/map/CMakeFiles/map_lib.dir/map.c.o[0m
[ 12%] [32mBuilding C object src/map/CMakeFiles/map_lib.dir/map_draw.c.o[0m
[ 16%] [32mBuilding C object src/pf/CMakeFiles/pf_lib.dir/pf.c.o[0m
[ 20%] [32mBuilding CXX object src/map/CMakeFiles/map_lib.dir/map_cspace.cpp.o[0m
[ 24%] [32mBuilding C object src/pf/CMakeFiles/pf_lib.dir/pf_kdtree.c.o[0m
[ 28%] [32mBuilding C object src/pf/CMakeFiles/pf_lib.dir/pf_pdf.c.o[0m
[ 32%] [32mBuilding C object src/pf/CMakeFiles/pf_lib.dir/pf_vector.c.o[0m
[ 36%] [32mBuilding C object src/pf/CMakeFiles/pf_lib.dir/eig3.c.o[0m
[ 40%] [32mBuilding C object src/pf/CMakeFiles/pf_lib.dir/pf_draw.c.o[0m
[ 44%] [32m[1mLinking C shared library libpf_lib.so[0m
[ 44%] Built target pf_lib
[35m[1mScanning dependencies of target motions_lib[0m
[ 48%] [32mBuilding CXX object src/motion_model/CMakeFiles/motions_lib.dir/omni_motion_model.cpp.o[0m
[ 52%] [32mBuilding CXX object src/motion_model/CMakeFiles/motions_lib.dir/motion_model.cpp.o[0m
[ 56%] [32mBuilding CXX object src/motion_model/CMakeFiles/motions_lib.dir/differential_motion_model.cpp.o[0m
[ 60%] [32m[1mLinking CXX shared library libmap_lib.so[0m
[ 60%] Built target map_lib
[35m[1mScanning dependencies of target sensors_lib[0m
[ 64%] [32mBuilding CXX object src/sensors/CMakeFiles/sensors_lib.dir/laser/likelihood_field_model_prob.cpp.o[0m
[ 68%] [32mBuilding CXX object src/sensors/CMakeFiles/sensors_lib.dir/laser/laser.cpp.o[0m
[ 72%] [32mBuilding CXX object src/sensors/CMakeFiles/sensors_lib.dir/laser/likelihood_field_model.cpp.o[0m
[ 76%] [32mBuilding CXX object src/sensors/CMakeFiles/sensors_lib.dir/laser/beam_model.cpp.o[0m
[ 80%] [32m[1mLinking CXX shared library libmotions_lib.so[0m
[ 84%] [32m[1mLinking CXX shared library libsensors_lib.so[0m
[ 84%] Built target motions_lib
[ 84%] Built target sensors_lib
[35m[1mScanning dependencies of target amcl_core[0m
[ 88%] [32mBuilding CXX object CMakeFiles/amcl_core.dir/src/amcl_node.cpp.o[0m
[ 92%] [32m[1mLinking CXX shared library libamcl_core.so[0m
[ 92%] Built target amcl_core
[35m[1mScanning dependencies of target amcl[0m
[ 96%] [32mBuilding CXX object CMakeFiles/amcl.dir/src/main.cpp.o[0m
[100%] [32m[1mLinking CXX executable amcl[0m
[100%] Built target amcl
-- Install configuration: "Release"
-- Execute custom install script
-- Symlinking: /home/coderey/ros2_ws/install/nav2_amcl/lib/libpf_lib.so
-- Symlinking: /home/coderey/ros2_ws/install/nav2_amcl/lib/libmap_lib.so
-- Symlinking: /home/coderey/ros2_ws/install/nav2_amcl/lib/libmotions_lib.so
-- Symlinking: /home/coderey/ros2_ws/install/nav2_amcl/lib/libsensors_lib.so
-- Symlinking: /home/coderey/ros2_ws/install/nav2_amcl/lib/libamcl_core.so
-- Symlinking: /home/coderey/ros2_ws/install/nav2_amcl/lib/nav2_amcl/amcl
-- Symlinking: /home/coderey/ros2_ws/install/nav2_amcl/include//nav2_amcl/amcl_node.hpp
-- Symlinking: /home/coderey/ros2_ws/install/nav2_amcl/include//nav2_amcl/angleutils.hpp
-- Symlinking: /home/coderey/ros2_ws/install/nav2_amcl/include//nav2_amcl/map/map.hpp
-- Symlinking: /home/coderey/ros2_ws/install/nav2_amcl/include//nav2_amcl/motion_model/motion_model.hpp
-- Symlinking: /home/coderey/ros2_ws/install/nav2_amcl/include//nav2_amcl/pf/eig3.hpp
-- Symlinking: /home/coderey/ros2_ws/install/nav2_amcl/include//nav2_amcl/pf/pf.hpp
-- Symlinking: /home/coderey/ros2_ws/install/nav2_amcl/include//nav2_amcl/pf/pf_kdtree.hpp
-- Symlinking: /home/coderey/ros2_ws/install/nav2_amcl/include//nav2_amcl/pf/pf_pdf.hpp
-- Symlinking: /home/coderey/ros2_ws/install/nav2_amcl/include//nav2_amcl/pf/pf_vector.hpp
-- Symlinking: /home/coderey/ros2_ws/install/nav2_amcl/include//nav2_amcl/sensors/laser/laser.hpp
-- Symlinking: /home/coderey/ros2_ws/install/nav2_amcl/share/nav2_amcl/environment/library_path.sh
-- Symlinking: /home/coderey/ros2_ws/install/nav2_amcl/share/nav2_amcl/environment/library_path.dsv
-- Symlinking: /home/coderey/ros2_ws/install/nav2_amcl/share/ament_index/resource_index/package_run_dependencies/nav2_amcl
-- Symlinking: /home/coderey/ros2_ws/install/nav2_amcl/share/ament_index/resource_index/parent_prefix_path/nav2_amcl
-- Symlinking: /home/coderey/ros2_ws/install/nav2_amcl/share/nav2_amcl/environment/ament_prefix_path.sh
-- Symlinking: /home/coderey/ros2_ws/install/nav2_amcl/share/nav2_amcl/environment/ament_prefix_path.dsv
-- Symlinking: /home/coderey/ros2_ws/install/nav2_amcl/share/nav2_amcl/environment/path.sh
-- Symlinking: /home/coderey/ros2_ws/install/nav2_amcl/share/nav2_amcl/environment/path.dsv
-- Symlinking: /home/coderey/ros2_ws/install/nav2_amcl/share/nav2_amcl/local_setup.bash
-- Symlinking: /home/coderey/ros2_ws/install/nav2_amcl/share/nav2_amcl/local_setup.sh
-- Symlinking: /home/coderey/ros2_ws/install/nav2_amcl/share/nav2_amcl/local_setup.zsh
-- Symlinking: /home/coderey/ros2_ws/install/nav2_amcl/share/nav2_amcl/local_setup.dsv
-- Symlinking: /home/coderey/ros2_ws/install/nav2_amcl/share/nav2_amcl/package.dsv
-- Symlinking: /home/coderey/ros2_ws/install/nav2_amcl/share/ament_index/resource_index/packages/nav2_amcl
-- Symlinking: /home/coderey/ros2_ws/install/nav2_amcl/share/nav2_amcl/cmake/ament_cmake_export_include_directories-extras.cmake
-- Symlinking: /home/coderey/ros2_ws/install/nav2_amcl/share/nav2_amcl/cmake/ament_cmake_export_libraries-extras.cmake
-- Symlinking: /home/coderey/ros2_ws/install/nav2_amcl/share/nav2_amcl/cmake/ament_cmake_export_dependencies-extras.cmake
-- Symlinking: /home/coderey/ros2_ws/install/nav2_amcl/share/nav2_amcl/cmake/nav2_amclConfig.cmake
-- Symlinking: /home/coderey/ros2_ws/install/nav2_amcl/share/nav2_amcl/cmake/nav2_amclConfig-version.cmake
-- Symlinking: /home/coderey/ros2_ws/install/nav2_amcl/share/nav2_amcl/package.xml
