[1.080s] Invoking command in '/home/coderey/ros2_ws/build/robot_localization': CMAKE_PREFIX_PATH=${CMAKE_PREFIX_PATH}:/home/coderey/ros2_ws/install/mob_rob_loca:/home/coderey/ros2_ws/install/nav2_simple_commander:/home/coderey/ros2_ws/install/nav2_gazebo_spawner:/home/coderey/ros2_ws/install/bno055:/home/coderey/microros_ws/install/sensor_msgs_py:/opt/ros/galactic /usr/bin/cmake --build /home/coderey/ros2_ws/build/robot_localization -- -j8 -l8
[1.214s] [  1%] Built target robot_localization__cpp
[1.219s] [  7%] Built target robot_localization__rosidl_generator_c
[1.220s] [  8%] Built target gtest
[1.226s] [ 10%] Built target gtest_main
[1.291s] [ 16%] Built target robot_localization__rosidl_typesupport_cpp
[1.327s] [ 22%] Built target robot_localization__rosidl_typesupport_fastrtps_cpp
[1.328s] [ 28%] Built target robot_localization__rosidl_typesupport_microxrcedds_c
[1.328s] [ 34%] Built target robot_localization__rosidl_typesupport_microxrcedds_cpp
[1.337s] [ 40%] Built target robot_localization__rosidl_typesupport_c
[1.343s] [ 46%] Built target robot_localization__rosidl_typesupport_introspection_c
[1.349s] [ 52%] Built target robot_localization__rosidl_typesupport_introspection_cpp
[1.404s] [ 58%] Built target robot_localization__rosidl_typesupport_fastrtps_c
[1.453s] [ 58%] Built target robot_localization
[1.512s] [ 59%] Built target robot_localization__py
[1.605s] [ 67%] Built target rl_lib
[1.631s] [ 72%] Built target robot_localization__python
[1.740s] [ 73%] Built target test_ros_robot_localization_listener
[1.759s] [ 75%] Built target test_ros_robot_localization_listener_publisher
[1.786s] [ 76%] Built target test_ekf
[1.790s] [ 78%] Built target test_robot_localization_estimator
[1.792s] [ 80%] Built target robot_localization__rosidl_typesupport_fastrtps_c__pyext
[1.812s] [ 82%] Built target ukf_node
[1.820s] [ 83%] Built target ekf_node
[1.833s] [ 85%] Built target robot_localization__rosidl_typesupport_microxrcedds_c__pyext
[1.904s] [ 86%] Built target test_ukf
[1.919s] [ 88%] Built target robot_localization__rosidl_typesupport_introspection_c__pyext
[1.929s] [ 89%] Built target navsat_transform_node
[1.937s] [ 91%] Built target robot_localization_listener_node
[1.948s] [ 93%] Built target robot_localization__rosidl_typesupport_c__pyext
[1.952s] [ 95%] Built target filter_base-test
[1.990s] [ 97%] Built target test_ekf_localization_node_interfaces
[1.990s] [ 99%] Built target test_ukf_localization_node_interfaces
[2.011s] [100%] Built target test_filter_base_diagnostics_timestamps
[2.652s] Invoked command in '/home/coderey/ros2_ws/build/robot_localization' returned '0': CMAKE_PREFIX_PATH=${CMAKE_PREFIX_PATH}:/home/coderey/ros2_ws/install/mob_rob_loca:/home/coderey/ros2_ws/install/nav2_simple_commander:/home/coderey/ros2_ws/install/nav2_gazebo_spawner:/home/coderey/ros2_ws/install/bno055:/home/coderey/microros_ws/install/sensor_msgs_py:/opt/ros/galactic /usr/bin/cmake --build /home/coderey/ros2_ws/build/robot_localization -- -j8 -l8
[4.523s] Invoking command in '/home/coderey/ros2_ws/build/robot_localization': CMAKE_PREFIX_PATH=${CMAKE_PREFIX_PATH}:/home/coderey/ros2_ws/install/mob_rob_loca:/home/coderey/ros2_ws/install/nav2_simple_commander:/home/coderey/ros2_ws/install/nav2_gazebo_spawner:/home/coderey/ros2_ws/install/bno055:/home/coderey/microros_ws/install/sensor_msgs_py:/opt/ros/galactic /usr/bin/cmake --install /home/coderey/ros2_ws/build/robot_localization
[4.756s] -- Install configuration: "RelWithDebInfo"
[4.756s] -- Execute custom install script
[4.756s] -- Up-to-date symlink: /home/coderey/ros2_ws/install/robot_localization/share/ament_index/resource_index/rosidl_interfaces/robot_localization
[4.756s] -- Up-to-date symlink: /home/coderey/ros2_ws/install/robot_localization/include/robot_localization/msg/rosidl_generator_c__visibility_control.h
[4.757s] -- Up-to-date symlink: /home/coderey/ros2_ws/install/robot_localization/include/robot_localization/srv/detail/from_ll__functions.h
[4.757s] -- Up-to-date symlink: /home/coderey/ros2_ws/install/robot_localization/include/robot_localization/srv/detail/from_ll__struct.h
[4.757s] -- Up-to-date symlink: /home/coderey/ros2_ws/install/robot_localization/include/robot_localization/srv/detail/from_ll__type_support.h
[4.757s] -- Up-to-date symlink: /home/coderey/ros2_ws/install/robot_localization/include/robot_localization/srv/detail/get_state__functions.h
[4.757s] -- Up-to-date symlink: /home/coderey/ros2_ws/install/robot_localization/include/robot_localization/srv/detail/get_state__struct.h
[4.757s] -- Up-to-date symlink: /home/coderey/ros2_ws/install/robot_localization/include/robot_localization/srv/detail/get_state__type_support.h
[4.757s] -- Up-to-date symlink: /home/coderey/ros2_ws/install/robot_localization/include/robot_localization/srv/detail/set_datum__functions.h
[4.757s] -- Up-to-date symlink: /home/coderey/ros2_ws/install/robot_localization/include/robot_localization/srv/detail/set_datum__struct.h
[4.757s] -- Up-to-date symlink: /home/coderey/ros2_ws/install/robot_localization/include/robot_localization/srv/detail/set_datum__type_support.h
[4.757s] -- Up-to-date symlink: /home/coderey/ros2_ws/install/robot_localization/include/robot_localization/srv/detail/set_pose__functions.h
[4.757s] -- Up-to-date symlink: /home/coderey/ros2_ws/install/robot_localization/include/robot_localization/srv/detail/set_pose__struct.h
[4.758s] -- Up-to-date symlink: /home/coderey/ros2_ws/install/robot_localization/include/robot_localization/srv/detail/set_pose__type_support.h
[4.758s] -- Up-to-date symlink: /home/coderey/ros2_ws/install/robot_localization/include/robot_localization/srv/detail/to_ll__functions.h
[4.758s] -- Up-to-date symlink: /home/coderey/ros2_ws/install/robot_localization/include/robot_localization/srv/detail/to_ll__struct.h
[4.758s] -- Up-to-date symlink: /home/coderey/ros2_ws/install/robot_localization/include/robot_localization/srv/detail/to_ll__type_support.h
[4.758s] -- Up-to-date symlink: /home/coderey/ros2_ws/install/robot_localization/include/robot_localization/srv/detail/toggle_filter_processing__functions.h
[4.758s] -- Up-to-date symlink: /home/coderey/ros2_ws/install/robot_localization/include/robot_localization/srv/detail/toggle_filter_processing__struct.h
[4.759s] -- Up-to-date symlink: /home/coderey/ros2_ws/install/robot_localization/include/robot_localization/srv/detail/toggle_filter_processing__type_support.h
[4.759s] -- Up-to-date symlink: /home/coderey/ros2_ws/install/robot_localization/include/robot_localization/srv/from_ll.h
[4.759s] -- Up-to-date symlink: /home/coderey/ros2_ws/install/robot_localization/include/robot_localization/srv/get_state.h
[4.759s] -- Up-to-date symlink: /home/coderey/ros2_ws/install/robot_localization/include/robot_localization/srv/set_datum.h
[4.759s] -- Up-to-date symlink: /home/coderey/ros2_ws/install/robot_localization/include/robot_localization/srv/set_pose.h
[4.759s] -- Up-to-date symlink: /home/coderey/ros2_ws/install/robot_localization/include/robot_localization/srv/to_ll.h
[4.759s] -- Up-to-date symlink: /home/coderey/ros2_ws/install/robot_localization/include/robot_localization/srv/toggle_filter_processing.h
[4.759s] -- Up-to-date symlink: /home/coderey/ros2_ws/install/robot_localization/share/robot_localization/environment/library_path.sh
[4.759s] -- Up-to-date symlink: /home/coderey/ros2_ws/install/robot_localization/share/robot_localization/environment/library_path.dsv
[4.760s] -- Up-to-date symlink: /home/coderey/ros2_ws/install/robot_localization/include/robot_localization/msg/rosidl_typesupport_microxrcedds_c__visibility_control.h
[4.760s] -- Up-to-date symlink: /home/coderey/ros2_ws/install/robot_localization/include/robot_localization/srv/detail/from_ll__rosidl_typesupport_microxrcedds_c.h
[4.760s] -- Up-to-date symlink: /home/coderey/ros2_ws/install/robot_localization/include/robot_localization/srv/detail/get_state__rosidl_typesupport_microxrcedds_c.h
[4.760s] -- Up-to-date symlink: /home/coderey/ros2_ws/install/robot_localization/include/robot_localization/srv/detail/set_datum__rosidl_typesupport_microxrcedds_c.h
[4.760s] -- Up-to-date symlink: /home/coderey/ros2_ws/install/robot_localization/include/robot_localization/srv/detail/set_pose__rosidl_typesupport_microxrcedds_c.h
[4.760s] -- Up-to-date symlink: /home/coderey/ros2_ws/install/robot_localization/include/robot_localization/srv/detail/to_ll__rosidl_typesupport_microxrcedds_c.h
[4.760s] -- Up-to-date symlink: /home/coderey/ros2_ws/install/robot_localization/include/robot_localization/srv/detail/toggle_filter_processing__rosidl_typesupport_microxrcedds_c.h
[4.760s] -- Up-to-date symlink: /home/coderey/ros2_ws/install/robot_localization/lib/librobot_localization__rosidl_typesupport_microxrcedds_c.so
[4.760s] -- Up-to-date symlink: /home/coderey/ros2_ws/install/robot_localization/include/robot_localization/msg/rosidl_typesupport_fastrtps_c__visibility_control.h
[4.760s] -- Up-to-date symlink: /home/coderey/ros2_ws/install/robot_localization/include/robot_localization/srv/detail/from_ll__rosidl_typesupport_fastrtps_c.h
[4.760s] -- Up-to-date symlink: /home/coderey/ros2_ws/install/robot_localization/include/robot_localization/srv/detail/get_state__rosidl_typesupport_fastrtps_c.h
[4.761s] -- Up-to-date symlink: /home/coderey/ros2_ws/install/robot_localization/include/robot_localization/srv/detail/set_datum__rosidl_typesupport_fastrtps_c.h
[4.761s] -- Up-to-date symlink: /home/coderey/ros2_ws/install/robot_localization/include/robot_localization/srv/detail/set_pose__rosidl_typesupport_fastrtps_c.h
[4.761s] -- Up-to-date symlink: /home/coderey/ros2_ws/install/robot_localization/include/robot_localization/srv/detail/to_ll__rosidl_typesupport_fastrtps_c.h
[4.761s] -- Up-to-date symlink: /home/coderey/ros2_ws/install/robot_localization/include/robot_localization/srv/detail/toggle_filter_processing__rosidl_typesupport_fastrtps_c.h
[4.761s] -- Up-to-date symlink: /home/coderey/ros2_ws/install/robot_localization/lib/librobot_localization__rosidl_typesupport_fastrtps_c.so
[4.761s] -- Up-to-date symlink: /home/coderey/ros2_ws/install/robot_localization/include/robot_localization/msg/rosidl_typesupport_fastrtps_cpp__visibility_control.h
[4.761s] -- Up-to-date symlink: /home/coderey/ros2_ws/install/robot_localization/include/robot_localization/srv/detail/from_ll__rosidl_typesupport_fastrtps_cpp.hpp
[4.761s] -- Up-to-date symlink: /home/coderey/ros2_ws/install/robot_localization/include/robot_localization/srv/detail/get_state__rosidl_typesupport_fastrtps_cpp.hpp
[4.761s] -- Up-to-date symlink: /home/coderey/ros2_ws/install/robot_localization/include/robot_localization/srv/detail/set_datum__rosidl_typesupport_fastrtps_cpp.hpp
[4.761s] -- Up-to-date symlink: /home/coderey/ros2_ws/install/robot_localization/include/robot_localization/srv/detail/set_pose__rosidl_typesupport_fastrtps_cpp.hpp
[4.761s] -- Up-to-date symlink: /home/coderey/ros2_ws/install/robot_localization/include/robot_localization/srv/detail/to_ll__rosidl_typesupport_fastrtps_cpp.hpp
[4.762s] -- Up-to-date symlink: /home/coderey/ros2_ws/install/robot_localization/include/robot_localization/srv/detail/toggle_filter_processing__rosidl_typesupport_fastrtps_cpp.hpp
[4.762s] -- Up-to-date symlink: /home/coderey/ros2_ws/install/robot_localization/lib/librobot_localization__rosidl_typesupport_fastrtps_cpp.so
[4.762s] -- Up-to-date symlink: /home/coderey/ros2_ws/install/robot_localization/include/robot_localization/msg/rosidl_typesupport_introspection_c__visibility_control.h
[4.762s] -- Up-to-date symlink: /home/coderey/ros2_ws/install/robot_localization/include/robot_localization/srv/detail/from_ll__rosidl_typesupport_introspection_c.h
[4.762s] -- Up-to-date symlink: /home/coderey/ros2_ws/install/robot_localization/include/robot_localization/srv/detail/get_state__rosidl_typesupport_introspection_c.h
[4.762s] -- Up-to-date symlink: /home/coderey/ros2_ws/install/robot_localization/include/robot_localization/srv/detail/set_datum__rosidl_typesupport_introspection_c.h
[4.762s] -- Up-to-date symlink: /home/coderey/ros2_ws/install/robot_localization/include/robot_localization/srv/detail/set_pose__rosidl_typesupport_introspection_c.h
[4.762s] -- Up-to-date symlink: /home/coderey/ros2_ws/install/robot_localization/include/robot_localization/srv/detail/to_ll__rosidl_typesupport_introspection_c.h
[4.762s] -- Up-to-date symlink: /home/coderey/ros2_ws/install/robot_localization/include/robot_localization/srv/detail/toggle_filter_processing__rosidl_typesupport_introspection_c.h
[4.762s] -- Up-to-date symlink: /home/coderey/ros2_ws/install/robot_localization/include/robot_localization/srv/detail/from_ll__builder.hpp
[4.762s] -- Up-to-date symlink: /home/coderey/ros2_ws/install/robot_localization/include/robot_localization/srv/detail/from_ll__struct.hpp
[4.763s] -- Up-to-date symlink: /home/coderey/ros2_ws/install/robot_localization/include/robot_localization/srv/detail/from_ll__traits.hpp
[4.763s] -- Up-to-date symlink: /home/coderey/ros2_ws/install/robot_localization/include/robot_localization/srv/detail/get_state__builder.hpp
[4.763s] -- Up-to-date symlink: /home/coderey/ros2_ws/install/robot_localization/include/robot_localization/srv/detail/get_state__struct.hpp
[4.763s] -- Up-to-date symlink: /home/coderey/ros2_ws/install/robot_localization/include/robot_localization/srv/detail/get_state__traits.hpp
[4.763s] -- Up-to-date symlink: /home/coderey/ros2_ws/install/robot_localization/include/robot_localization/srv/detail/set_datum__builder.hpp
[4.763s] -- Up-to-date symlink: /home/coderey/ros2_ws/install/robot_localization/include/robot_localization/srv/detail/set_datum__struct.hpp
[4.763s] -- Up-to-date symlink: /home/coderey/ros2_ws/install/robot_localization/include/robot_localization/srv/detail/set_datum__traits.hpp
[4.763s] -- Up-to-date symlink: /home/coderey/ros2_ws/install/robot_localization/include/robot_localization/srv/detail/set_pose__builder.hpp
[4.763s] -- Up-to-date symlink: /home/coderey/ros2_ws/install/robot_localization/include/robot_localization/srv/detail/set_pose__struct.hpp
[4.763s] -- Up-to-date symlink: /home/coderey/ros2_ws/install/robot_localization/include/robot_localization/srv/detail/set_pose__traits.hpp
[4.763s] -- Up-to-date symlink: /home/coderey/ros2_ws/install/robot_localization/include/robot_localization/srv/detail/to_ll__builder.hpp
[4.763s] -- Up-to-date symlink: /home/coderey/ros2_ws/install/robot_localization/include/robot_localization/srv/detail/to_ll__struct.hpp
[4.763s] -- Up-to-date symlink: /home/coderey/ros2_ws/install/robot_localization/include/robot_localization/srv/detail/to_ll__traits.hpp
[4.764s] -- Up-to-date symlink: /home/coderey/ros2_ws/install/robot_localization/include/robot_localization/srv/detail/toggle_filter_processing__builder.hpp
[4.764s] -- Up-to-date symlink: /home/coderey/ros2_ws/install/robot_localization/include/robot_localization/srv/detail/toggle_filter_processing__struct.hpp
[4.764s] -- Up-to-date symlink: /home/coderey/ros2_ws/install/robot_localization/include/robot_localization/srv/detail/toggle_filter_processing__traits.hpp
[4.764s] -- Up-to-date symlink: /home/coderey/ros2_ws/install/robot_localization/include/robot_localization/srv/from_ll.hpp
[4.764s] -- Up-to-date symlink: /home/coderey/ros2_ws/install/robot_localization/include/robot_localization/srv/get_state.hpp
[4.764s] -- Up-to-date symlink: /home/coderey/ros2_ws/install/robot_localization/include/robot_localization/srv/set_datum.hpp
[4.764s] -- Up-to-date symlink: /home/coderey/ros2_ws/install/robot_localization/include/robot_localization/srv/set_pose.hpp
[4.764s] -- Up-to-date symlink: /home/coderey/ros2_ws/install/robot_localization/include/robot_localization/srv/to_ll.hpp
[4.764s] -- Up-to-date symlink: /home/coderey/ros2_ws/install/robot_localization/include/robot_localization/srv/toggle_filter_processing.hpp
[4.764s] -- Up-to-date symlink: /home/coderey/ros2_ws/install/robot_localization/include/robot_localization/msg/rosidl_typesupport_microxrcedds_cpp__visibility_control.h
[4.764s] -- Up-to-date symlink: /home/coderey/ros2_ws/install/robot_localization/include/robot_localization/srv/detail/from_ll__rosidl_typesupport_microxrcedds_cpp.hpp
[4.764s] -- Up-to-date symlink: /home/coderey/ros2_ws/install/robot_localization/include/robot_localization/srv/detail/get_state__rosidl_typesupport_microxrcedds_cpp.hpp
[4.764s] -- Up-to-date symlink: /home/coderey/ros2_ws/install/robot_localization/include/robot_localization/srv/detail/microxrcedds/from_ll__type_support_cpp.cpp
[4.765s] -- Up-to-date symlink: /home/coderey/ros2_ws/install/robot_localization/include/robot_localization/srv/detail/microxrcedds/get_state__type_support_cpp.cpp
[4.765s] -- Up-to-date symlink: /home/coderey/ros2_ws/install/robot_localization/include/robot_localization/srv/detail/microxrcedds/set_datum__type_support_cpp.cpp
[4.765s] -- Up-to-date symlink: /home/coderey/ros2_ws/install/robot_localization/include/robot_localization/srv/detail/microxrcedds/set_pose__type_support_cpp.cpp
[4.765s] -- Up-to-date symlink: /home/coderey/ros2_ws/install/robot_localization/include/robot_localization/srv/detail/microxrcedds/to_ll__type_support_cpp.cpp
[4.765s] -- Up-to-date symlink: /home/coderey/ros2_ws/install/robot_localization/include/robot_localization/srv/detail/microxrcedds/toggle_filter_processing__type_support_cpp.cpp
[4.765s] -- Up-to-date symlink: /home/coderey/ros2_ws/install/robot_localization/include/robot_localization/srv/detail/set_datum__rosidl_typesupport_microxrcedds_cpp.hpp
[4.765s] -- Up-to-date symlink: /home/coderey/ros2_ws/install/robot_localization/include/robot_localization/srv/detail/set_pose__rosidl_typesupport_microxrcedds_cpp.hpp
[4.765s] -- Up-to-date symlink: /home/coderey/ros2_ws/install/robot_localization/include/robot_localization/srv/detail/to_ll__rosidl_typesupport_microxrcedds_cpp.hpp
[4.766s] -- Up-to-date symlink: /home/coderey/ros2_ws/install/robot_localization/include/robot_localization/srv/detail/toggle_filter_processing__rosidl_typesupport_microxrcedds_cpp.hpp
[4.766s] -- Up-to-date symlink: /home/coderey/ros2_ws/install/robot_localization/lib/librobot_localization__rosidl_typesupport_microxrcedds_cpp.so
[4.766s] -- Up-to-date symlink: /home/coderey/ros2_ws/install/robot_localization/include/robot_localization/srv/detail/from_ll__rosidl_typesupport_introspection_cpp.hpp
[4.766s] -- Up-to-date symlink: /home/coderey/ros2_ws/install/robot_localization/include/robot_localization/srv/detail/get_state__rosidl_typesupport_introspection_cpp.hpp
[4.766s] -- Up-to-date symlink: /home/coderey/ros2_ws/install/robot_localization/include/robot_localization/srv/detail/set_datum__rosidl_typesupport_introspection_cpp.hpp
[4.766s] -- Up-to-date symlink: /home/coderey/ros2_ws/install/robot_localization/include/robot_localization/srv/detail/set_pose__rosidl_typesupport_introspection_cpp.hpp
[4.766s] -- Up-to-date symlink: /home/coderey/ros2_ws/install/robot_localization/include/robot_localization/srv/detail/to_ll__rosidl_typesupport_introspection_cpp.hpp
[4.766s] -- Up-to-date symlink: /home/coderey/ros2_ws/install/robot_localization/include/robot_localization/srv/detail/toggle_filter_processing__rosidl_typesupport_introspection_cpp.hpp
[4.766s] -- Up-to-date symlink: /home/coderey/ros2_ws/install/robot_localization/share/robot_localization/environment/pythonpath.sh
[4.766s] -- Up-to-date symlink: /home/coderey/ros2_ws/install/robot_localization/share/robot_localization/environment/pythonpath.dsv
[4.767s] -- Up-to-date symlink: /home/coderey/ros2_ws/install/robot_localization/lib/python3.8/site-packages/robot_localization/__init__.py
[4.767s] -- Up-to-date symlink: /home/coderey/ros2_ws/install/robot_localization/lib/python3.8/site-packages/robot_localization/srv/__init__.py
[4.767s] -- Up-to-date symlink: /home/coderey/ros2_ws/install/robot_localization/lib/python3.8/site-packages/robot_localization/srv/_from_ll.py
[4.767s] -- Up-to-date symlink: /home/coderey/ros2_ws/install/robot_localization/lib/python3.8/site-packages/robot_localization/srv/_get_state.py
[4.767s] -- Up-to-date symlink: /home/coderey/ros2_ws/install/robot_localization/lib/python3.8/site-packages/robot_localization/srv/_set_datum.py
[4.767s] -- Up-to-date symlink: /home/coderey/ros2_ws/install/robot_localization/lib/python3.8/site-packages/robot_localization/srv/_set_pose.py
[4.767s] -- Up-to-date symlink: /home/coderey/ros2_ws/install/robot_localization/lib/python3.8/site-packages/robot_localization/srv/_to_ll.py
[4.767s] -- Up-to-date symlink: /home/coderey/ros2_ws/install/robot_localization/lib/python3.8/site-packages/robot_localization/srv/_toggle_filter_processing.py
[4.767s] -- Up-to-date symlink: /home/coderey/ros2_ws/install/robot_localization/lib/python3.8/site-packages/robot_localization/robot_localization_s__rosidl_typesupport_microxrcedds_c.cpython-38-x86_64-linux-gnu.so
[4.767s] -- Up-to-date symlink: /home/coderey/ros2_ws/install/robot_localization/lib/python3.8/site-packages/robot_localization/robot_localization_s__rosidl_typesupport_fastrtps_c.cpython-38-x86_64-linux-gnu.so
[4.768s] -- Up-to-date symlink: /home/coderey/ros2_ws/install/robot_localization/lib/python3.8/site-packages/robot_localization/robot_localization_s__rosidl_typesupport_introspection_c.cpython-38-x86_64-linux-gnu.so
[4.768s] -- Up-to-date symlink: /home/coderey/ros2_ws/install/robot_localization/lib/python3.8/site-packages/robot_localization/robot_localization_s__rosidl_typesupport_c.cpython-38-x86_64-linux-gnu.so
[4.768s] -- Up-to-date symlink: /home/coderey/ros2_ws/install/robot_localization/lib/librobot_localization__python.so
[4.768s] -- Up-to-date symlink: /home/coderey/ros2_ws/install/robot_localization/share/robot_localization/srv/FromLL.idl
[4.768s] -- Up-to-date symlink: /home/coderey/ros2_ws/install/robot_localization/share/robot_localization/srv/GetState.idl
[4.768s] -- Up-to-date symlink: /home/coderey/ros2_ws/install/robot_localization/share/robot_localization/srv/SetDatum.idl
[4.768s] -- Up-to-date symlink: /home/coderey/ros2_ws/install/robot_localization/share/robot_localization/srv/SetPose.idl
[4.768s] -- Up-to-date symlink: /home/coderey/ros2_ws/install/robot_localization/share/robot_localization/srv/ToggleFilterProcessing.idl
[4.768s] -- Up-to-date symlink: /home/coderey/ros2_ws/install/robot_localization/share/robot_localization/srv/ToLL.idl
[4.768s] -- Up-to-date symlink: /home/coderey/ros2_ws/install/robot_localization/share/robot_localization/srv/FromLL.srv
[4.768s] -- Up-to-date symlink: /home/coderey/ros2_ws/install/robot_localization/share/robot_localization/srv/FromLL_Request.msg
[4.769s] -- Up-to-date symlink: /home/coderey/ros2_ws/install/robot_localization/share/robot_localization/srv/FromLL_Response.msg
[4.769s] -- Up-to-date symlink: /home/coderey/ros2_ws/install/robot_localization/share/robot_localization/srv/GetState.srv
[4.769s] -- Up-to-date symlink: /home/coderey/ros2_ws/install/robot_localization/share/robot_localization/srv/GetState_Request.msg
[4.769s] -- Up-to-date symlink: /home/coderey/ros2_ws/install/robot_localization/share/robot_localization/srv/GetState_Response.msg
[4.770s] -- Up-to-date symlink: /home/coderey/ros2_ws/install/robot_localization/share/robot_localization/srv/SetDatum.srv
[4.770s] -- Up-to-date symlink: /home/coderey/ros2_ws/install/robot_localization/share/robot_localization/srv/SetDatum_Request.msg
[4.770s] -- Up-to-date symlink: /home/coderey/ros2_ws/install/robot_localization/share/robot_localization/srv/SetDatum_Response.msg
[4.770s] -- Up-to-date symlink: /home/coderey/ros2_ws/install/robot_localization/share/robot_localization/srv/SetPose.srv
[4.770s] -- Up-to-date symlink: /home/coderey/ros2_ws/install/robot_localization/share/robot_localization/srv/SetPose_Request.msg
[4.770s] -- Up-to-date symlink: /home/coderey/ros2_ws/install/robot_localization/share/robot_localization/srv/SetPose_Response.msg
[4.770s] -- Up-to-date symlink: /home/coderey/ros2_ws/install/robot_localization/share/robot_localization/srv/ToggleFilterProcessing.srv
[4.770s] -- Up-to-date symlink: /home/coderey/ros2_ws/install/robot_localization/share/robot_localization/srv/ToggleFilterProcessing_Request.msg
[4.770s] -- Up-to-date symlink: /home/coderey/ros2_ws/install/robot_localization/share/robot_localization/srv/ToggleFilterProcessing_Response.msg
[4.770s] -- Up-to-date symlink: /home/coderey/ros2_ws/install/robot_localization/share/robot_localization/srv/ToLL.srv
[4.770s] -- Up-to-date symlink: /home/coderey/ros2_ws/install/robot_localization/share/robot_localization/srv/ToLL_Request.msg
[4.770s] -- Up-to-date symlink: /home/coderey/ros2_ws/install/robot_localization/share/robot_localization/srv/ToLL_Response.msg
[4.770s] -- Up-to-date symlink: /home/coderey/ros2_ws/install/robot_localization/lib/robot_localization/filter_base-test
[4.771s] -- Up-to-date symlink: /home/coderey/ros2_ws/install/robot_localization/lib/robot_localization/test_filter_base_diagnostics_timestamps
[4.771s] -- Up-to-date symlink: /home/coderey/ros2_ws/install/robot_localization/lib/robot_localization/test_ekf
[4.771s] -- Up-to-date symlink: /home/coderey/ros2_ws/install/robot_localization/lib/robot_localization/test_ekf_localization_node_interfaces
[4.771s] -- Up-to-date symlink: /home/coderey/ros2_ws/install/robot_localization/lib/robot_localization/test_ukf
[4.771s] -- Up-to-date symlink: /home/coderey/ros2_ws/install/robot_localization/lib/robot_localization/test_ukf_localization_node_interfaces
[4.771s] -- Up-to-date symlink: /home/coderey/ros2_ws/install/robot_localization/lib/robot_localization/test_robot_localization_estimator
[4.771s] -- Up-to-date symlink: /home/coderey/ros2_ws/install/robot_localization/lib/robot_localization/test_ros_robot_localization_listener
[4.771s] -- Up-to-date symlink: /home/coderey/ros2_ws/install/robot_localization/lib/robot_localization/test_ros_robot_localization_listener_publisher
[4.771s] -- Up-to-date symlink: /home/coderey/ros2_ws/install/robot_localization/lib/robot_localization/navsat_transform_node
[4.771s] -- Up-to-date symlink: /home/coderey/ros2_ws/install/robot_localization/lib/robot_localization/ekf_node
[4.771s] -- Up-to-date symlink: /home/coderey/ros2_ws/install/robot_localization/lib/robot_localization/ukf_node
[4.771s] -- Up-to-date symlink: /home/coderey/ros2_ws/install/robot_localization/lib/robot_localization/robot_localization_listener_node
[4.771s] -- Up-to-date symlink: /home/coderey/ros2_ws/install/robot_localization/lib/librl_lib.so
[4.772s] -- Up-to-date symlink: /home/coderey/ros2_ws/install/robot_localization/share/ament_index/resource_index/package_run_dependencies/robot_localization
[4.772s] -- Up-to-date symlink: /home/coderey/ros2_ws/install/robot_localization/share/ament_index/resource_index/parent_prefix_path/robot_localization
[4.772s] -- Up-to-date symlink: /home/coderey/ros2_ws/install/robot_localization/share/robot_localization/environment/ament_prefix_path.sh
[4.772s] -- Up-to-date symlink: /home/coderey/ros2_ws/install/robot_localization/share/robot_localization/environment/ament_prefix_path.dsv
[4.772s] -- Up-to-date symlink: /home/coderey/ros2_ws/install/robot_localization/share/robot_localization/environment/path.sh
[4.772s] -- Up-to-date symlink: /home/coderey/ros2_ws/install/robot_localization/share/robot_localization/environment/path.dsv
[4.772s] -- Up-to-date symlink: /home/coderey/ros2_ws/install/robot_localization/share/robot_localization/local_setup.bash
[4.772s] -- Up-to-date symlink: /home/coderey/ros2_ws/install/robot_localization/share/robot_localization/local_setup.sh
[4.772s] -- Up-to-date symlink: /home/coderey/ros2_ws/install/robot_localization/share/robot_localization/local_setup.zsh
[4.772s] -- Up-to-date symlink: /home/coderey/ros2_ws/install/robot_localization/share/robot_localization/local_setup.dsv
[4.772s] -- Symlinking: /home/coderey/ros2_ws/install/robot_localization/share/robot_localization/package.dsv
[4.780s] -- Up-to-date symlink: /home/coderey/ros2_ws/install/robot_localization/share/ament_index/resource_index/packages/robot_localization
[4.780s] -- Up-to-date symlink: /home/coderey/ros2_ws/install/robot_localization/share/robot_localization/cmake/rosidl_cmake-extras.cmake
[4.780s] -- Up-to-date symlink: /home/coderey/ros2_ws/install/robot_localization/share/robot_localization/cmake/ament_cmake_export_dependencies-extras.cmake
[4.780s] -- Up-to-date symlink: /home/coderey/ros2_ws/install/robot_localization/share/robot_localization/cmake/ament_cmake_export_libraries-extras.cmake
[4.781s] -- Up-to-date symlink: /home/coderey/ros2_ws/install/robot_localization/share/robot_localization/cmake/ament_cmake_export_targets-extras.cmake
[4.781s] -- Up-to-date symlink: /home/coderey/ros2_ws/install/robot_localization/share/robot_localization/cmake/ament_cmake_export_include_directories-extras.cmake
[4.781s] -- Up-to-date symlink: /home/coderey/ros2_ws/install/robot_localization/share/robot_localization/cmake/rosidl_cmake_export_typesupport_libraries-extras.cmake
[4.781s] -- Up-to-date symlink: /home/coderey/ros2_ws/install/robot_localization/share/robot_localization/cmake/rosidl_cmake_export_typesupport_targets-extras.cmake
[4.781s] -- Up-to-date symlink: /home/coderey/ros2_ws/install/robot_localization/share/robot_localization/cmake/robot_localizationConfig.cmake
[4.781s] -- Up-to-date symlink: /home/coderey/ros2_ws/install/robot_localization/share/robot_localization/cmake/robot_localizationConfig-version.cmake
[4.782s] -- Up-to-date symlink: /home/coderey/ros2_ws/install/robot_localization/share/robot_localization/package.xml
[4.783s] -- Up-to-date: /home/coderey/ros2_ws/install/robot_localization/lib/librobot_localization__rosidl_generator_c.so
[4.783s] -- Up-to-date: /home/coderey/ros2_ws/install/robot_localization/lib/librobot_localization__rosidl_typesupport_introspection_c.so
[4.783s] -- Up-to-date: /home/coderey/ros2_ws/install/robot_localization/lib/librobot_localization__rosidl_typesupport_c.so
[4.783s] -- Up-to-date: /home/coderey/ros2_ws/install/robot_localization/lib/librobot_localization__rosidl_typesupport_introspection_cpp.so
[4.783s] -- Up-to-date: /home/coderey/ros2_ws/install/robot_localization/lib/librobot_localization__rosidl_typesupport_cpp.so
[4.847s] -- Up-to-date: /home/coderey/ros2_ws/install/robot_localization/share/robot_localization/test
[4.848s] -- Up-to-date: /home/coderey/ros2_ws/install/robot_localization/share/robot_localization/test/test_ukf_localization_node_bag1.yaml
[4.848s] -- Up-to-date: /home/coderey/ros2_ws/install/robot_localization/share/robot_localization/test/test1.bag
[4.848s] -- Up-to-date: /home/coderey/ros2_ws/install/robot_localization/share/robot_localization/test/test_ukf_localization_node_bag1.sh
[4.848s] -- Up-to-date: /home/coderey/ros2_ws/install/robot_localization/share/robot_localization/test/test_filter_base.cpp
[4.848s] -- Up-to-date: /home/coderey/ros2_ws/install/robot_localization/share/robot_localization/test/test_ukf_localization_node_bag2.yaml
[4.848s] -- Up-to-date: /home/coderey/ros2_ws/install/robot_localization/share/robot_localization/test/test_filter_base_diagnostics_timestamps.launch.py
[4.848s] -- Up-to-date: /home/coderey/ros2_ws/install/robot_localization/share/robot_localization/test/test_ukf_localization_node_bag1.launch.py
[4.848s] -- Up-to-date: /home/coderey/ros2_ws/install/robot_localization/share/robot_localization/test/test_ekf_localization_node_bag2.sh
[4.849s] -- Up-to-date: /home/coderey/ros2_ws/install/robot_localization/share/robot_localization/test/test_filter_base_diagnostics_timestamps.cpp
[4.849s] -- Up-to-date: /home/coderey/ros2_ws/install/robot_localization/share/robot_localization/test/test_ros_robot_localization_listener.launch.py
[4.849s] -- Up-to-date: /home/coderey/ros2_ws/install/robot_localization/share/robot_localization/test/test_ros_robot_localization_listener_publisher.cpp
[4.849s] -- Up-to-date: /home/coderey/ros2_ws/install/robot_localization/share/robot_localization/test/test_ukf.cpp
[4.850s] -- Up-to-date: /home/coderey/ros2_ws/install/robot_localization/share/robot_localization/test/test_ekf_localization_node_bag1.launch.py
[4.850s] -- Up-to-date: /home/coderey/ros2_ws/install/robot_localization/share/robot_localization/test/test_ukf_localization_node_bag3.yaml
[4.850s] -- Up-to-date: /home/coderey/ros2_ws/install/robot_localization/share/robot_localization/test/test_ekf_localization_node_bag3.launch.py
[4.850s] -- Up-to-date: /home/coderey/ros2_ws/install/robot_localization/share/robot_localization/test/test_ekf_localization_node_interfaces.cpp
[4.850s] -- Up-to-date: /home/coderey/ros2_ws/install/robot_localization/share/robot_localization/test/test_ukf_localization_node_interfaces.launch.py
[4.850s] -- Up-to-date: /home/coderey/ros2_ws/install/robot_localization/share/robot_localization/test/test_ukf_localization_node_bag2.sh
[4.850s] -- Up-to-date: /home/coderey/ros2_ws/install/robot_localization/share/robot_localization/test/test_ekf_localization_node_bag2.yaml
[4.850s] -- Up-to-date: /home/coderey/ros2_ws/install/robot_localization/share/robot_localization/test/test_ukf_localization_node_interfaces.yaml
[4.851s] -- Up-to-date: /home/coderey/ros2_ws/install/robot_localization/share/robot_localization/test/test_robot_localization_estimator.launch.py
[4.851s] -- Up-to-date: /home/coderey/ros2_ws/install/robot_localization/share/robot_localization/test/test_robot_localization_estimator.cpp
[4.851s] -- Up-to-date: /home/coderey/ros2_ws/install/robot_localization/share/robot_localization/test/test_ekf_localization_node_bag1.yaml
[4.851s] -- Up-to-date: /home/coderey/ros2_ws/install/robot_localization/share/robot_localization/test/test_ukf_localization_node_bag3.sh
[4.851s] -- Up-to-date: /home/coderey/ros2_ws/install/robot_localization/share/robot_localization/test/test2.bag
[4.851s] -- Up-to-date: /home/coderey/ros2_ws/install/robot_localization/share/robot_localization/test/test_ekf_localization_node_interfaces.launch.py
[4.851s] -- Up-to-date: /home/coderey/ros2_ws/install/robot_localization/share/robot_localization/test/test_ekf_localization_node_bag3.yaml
[4.851s] -- Up-to-date: /home/coderey/ros2_ws/install/robot_localization/share/robot_localization/test/test_ekf_localization_node_interfaces.yaml
[4.851s] -- Up-to-date: /home/coderey/ros2_ws/install/robot_localization/share/robot_localization/test/test_ros_robot_localization_listener.yaml
[4.851s] -- Up-to-date: /home/coderey/ros2_ws/install/robot_localization/share/robot_localization/test/test_localization_node_bag_pose_tester.cpp
[4.851s] -- Up-to-date: /home/coderey/ros2_ws/install/robot_localization/share/robot_localization/test/test_ros_robot_localization_listener.cpp
[4.851s] -- Up-to-date: /home/coderey/ros2_ws/install/robot_localization/share/robot_localization/test/test3.bag
[4.851s] -- Up-to-date: /home/coderey/ros2_ws/install/robot_localization/share/robot_localization/test/test_ekf_localization_node_bag1.sh
[4.852s] -- Up-to-date: /home/coderey/ros2_ws/install/robot_localization/share/robot_localization/test/test_ukf_localization_node_bag2.launch.py
[4.852s] -- Up-to-date: /home/coderey/ros2_ws/install/robot_localization/share/robot_localization/test/test_ekf.cpp
[4.852s] -- Up-to-date: /home/coderey/ros2_ws/install/robot_localization/share/robot_localization/test/test_ekf_localization_node_bag2.launch.py
[4.852s] -- Up-to-date: /home/coderey/ros2_ws/install/robot_localization/share/robot_localization/test/test_ukf_localization_node_bag3.launch.py
[4.852s] -- Up-to-date: /home/coderey/ros2_ws/install/robot_localization/share/robot_localization/test/test_ukf_localization_node_interfaces.cpp
[4.852s] -- Up-to-date: /home/coderey/ros2_ws/install/robot_localization/share/robot_localization/test/test_ekf_localization_node_bag3.sh
[4.852s] -- Up-to-date: /home/coderey/ros2_ws/install/robot_localization/share/robot_localization/test/test_filter_base_diagnostics_timestamps.yaml
[4.852s] -- Up-to-date: /home/coderey/ros2_ws/install/robot_localization/share/robot_localization/params
[4.855s] -- Up-to-date: /home/coderey/ros2_ws/install/robot_localization/share/robot_localization/params/ekf.yaml
[4.855s] -- Up-to-date: /home/coderey/ros2_ws/install/robot_localization/share/robot_localization/params/ukf.yaml
[4.855s] -- Up-to-date: /home/coderey/ros2_ws/install/robot_localization/share/robot_localization/params/imu.yaml
[4.855s] -- Up-to-date: /home/coderey/ros2_ws/install/robot_localization/share/robot_localization/params/dual_ekf_navsat_example.yaml
[4.856s] -- Up-to-date: /home/coderey/ros2_ws/install/robot_localization/share/robot_localization/params/navsat_transform.yaml
[4.856s] -- Up-to-date: /home/coderey/ros2_ws/install/robot_localization/share/robot_localization/params/ekf_em.yaml
[4.856s] -- Up-to-date: /home/coderey/ros2_ws/install/robot_localization/share/robot_localization/launch
[4.856s] -- Up-to-date: /home/coderey/ros2_ws/install/robot_localization/share/robot_localization/launch/dual_ekf_navsat_example.launch.py
[4.857s] -- Up-to-date: /home/coderey/ros2_ws/install/robot_localization/share/robot_localization/launch/ukf.launch.py
[4.857s] -- Up-to-date: /home/coderey/ros2_ws/install/robot_localization/share/robot_localization/launch/navsat_transform.launch.py
[4.857s] -- Up-to-date: /home/coderey/ros2_ws/install/robot_localization/share/robot_localization/launch/ekf.launch.py
[4.858s] -- Up-to-date: /home/coderey/ros2_ws/install/robot_localization/share/robot_localization/cmake/robot_localization__rosidl_generator_cExport.cmake
[4.859s] -- Up-to-date: /home/coderey/ros2_ws/install/robot_localization/share/robot_localization/cmake/robot_localization__rosidl_generator_cExport-relwithdebinfo.cmake
[4.859s] -- Up-to-date: /home/coderey/ros2_ws/install/robot_localization/share/robot_localization/cmake/robot_localization__rosidl_typesupport_introspection_cExport.cmake
[4.859s] -- Up-to-date: /home/coderey/ros2_ws/install/robot_localization/share/robot_localization/cmake/robot_localization__rosidl_typesupport_introspection_cExport-relwithdebinfo.cmake
[4.859s] -- Up-to-date: /home/coderey/ros2_ws/install/robot_localization/share/robot_localization/cmake/robot_localization__rosidl_typesupport_cExport.cmake
[4.859s] -- Up-to-date: /home/coderey/ros2_ws/install/robot_localization/share/robot_localization/cmake/robot_localization__rosidl_typesupport_cExport-relwithdebinfo.cmake
[4.859s] -- Up-to-date: /home/coderey/ros2_ws/install/robot_localization/share/robot_localization/cmake/robot_localization__rosidl_generator_cppExport.cmake
[4.859s] -- Up-to-date: /home/coderey/ros2_ws/install/robot_localization/share/robot_localization/cmake/robot_localization__rosidl_typesupport_introspection_cppExport.cmake
[4.859s] -- Up-to-date: /home/coderey/ros2_ws/install/robot_localization/share/robot_localization/cmake/robot_localization__rosidl_typesupport_introspection_cppExport-relwithdebinfo.cmake
[4.859s] -- Up-to-date: /home/coderey/ros2_ws/install/robot_localization/share/robot_localization/cmake/robot_localization__rosidl_typesupport_cppExport.cmake
[4.859s] -- Up-to-date: /home/coderey/ros2_ws/install/robot_localization/share/robot_localization/cmake/robot_localization__rosidl_typesupport_cppExport-relwithdebinfo.cmake
[5.677s] Invoked command in '/home/coderey/ros2_ws/build/robot_localization' returned '0': CMAKE_PREFIX_PATH=${CMAKE_PREFIX_PATH}:/home/coderey/ros2_ws/install/mob_rob_loca:/home/coderey/ros2_ws/install/nav2_simple_commander:/home/coderey/ros2_ws/install/nav2_gazebo_spawner:/home/coderey/ros2_ws/install/bno055:/home/coderey/microros_ws/install/sensor_msgs_py:/opt/ros/galactic /usr/bin/cmake --install /home/coderey/ros2_ws/build/robot_localization
