[0.489s] Invoking command in '/home/coderey/ros2_ws/build/nav2_msgs': CMAKE_PREFIX_PATH=/home/coderey/ros2_ws/install/nav2_common:/home/coderey/ros2_ws/install/robot_localization:/home/coderey/ros2_ws/install/dwb_msgs:/home/coderey/ros2_ws/install/nav_2d_msgs:/home/coderey/ros2_ws/install/nav2_voxel_grid:/home/coderey/ros2_ws/install/nav2_msgs:/home/coderey/ros2_ws/install/marvelmind_ros2:/home/coderey/ros2_ws/install/marvelmind_ros2_msgs:/home/coderey/ros2_ws/install/groot:/home/coderey/microros_ws/install/micro_ros_demos_rclc:/home/coderey/microros_ws/install/common_interfaces:/home/coderey/microros_ws/install/visualization_msgs:/home/coderey/microros_ws/install/test_msgs:/home/coderey/microros_ws/install/example_interfaces:/home/coderey/microros_ws/install/action_msgs:/home/coderey/microros_ws/install/unique_identifier_msgs:/home/coderey/microros_ws/install/trajectory_msgs:/home/coderey/microros_ws/install/stereo_msgs:/home/coderey/microros_ws/install/std_srvs:/home/coderey/microros_ws/install/shape_msgs:/home/coderey/microros_ws/install/sensor_msgs:/home/coderey/microros_ws/install/nav_msgs:/home/coderey/microros_ws/install/diagnostic_msgs:/home/coderey/microros_ws/install/geometry_msgs:/home/coderey/microros_ws/install/drive_base_msgs:/home/coderey/microros_ws/install/actionlib_msgs:/home/coderey/microros_ws/install/std_msgs:/home/coderey/microros_ws/install/statistics_msgs:/home/coderey/microros_ws/install/rosidl_typesupport_microxrcedds_test_msg:/home/coderey/microros_ws/install/rosidl_typesupport_microxrcedds_cpp_tests:/home/coderey/microros_ws/install/rmw_microxrcedds:/home/coderey/microros_ws/install/rosidl_typesupport_microxrcedds_cpp:/home/coderey/microros_ws/install/rosidl_typesupport_microxrcedds_c_tests:/home/coderey/microros_ws/install/rosidl_typesupport_microxrcedds_c:/home/coderey/microros_ws/install/rosgraph_msgs:/home/coderey/microros_ws/install/rclc_parameter:/home/coderey/microros_ws/install/rclc:/home/coderey/microros_ws/install/composition_interfaces:/home/coderey/microros_ws/install/rcl_interfaces:/home/coderey/microros_ws/install/microxrcedds_client:/home/coderey/microros_ws/install/microcdr:/home/coderey/microros_ws/install/micro_ros_utilities:/home/coderey/microros_ws/install/micro_ros_setup:/home/coderey/microros_ws/install/micro_ros_agent:/home/coderey/microros_ws/install/micro_ros_msgs:/home/coderey/microros_ws/install/micro_ros_demos_rclcpp:/home/coderey/microros_ws/install/lifecycle_msgs:/home/coderey/microros_ws/install/complex_msgs:/home/coderey/microros_ws/install/builtin_interfaces:/home/coderey/ros2_ws/install/nav2_simple_commander:/home/coderey/ros2_ws/install/nav2_gazebo_spawner:/home/coderey/ros2_ws/install/mob_rob_loca:/home/coderey/ros2_ws/install/bno055:/home/coderey/microros_ws/install/sensor_msgs_py:/opt/ros/galactic PYTHONPATH=/home/coderey/ros2_ws/install/nav2_common/lib/python3.8/site-packages:/home/coderey/ros2_ws/install/robot_localization/lib/python3.8/site-packages:/home/coderey/ros2_ws/install/dwb_msgs/lib/python3.8/site-packages:/home/coderey/ros2_ws/install/nav_2d_msgs/lib/python3.8/site-packages:/home/coderey/ros2_ws/build/nav2_simple_commander:/home/coderey/ros2_ws/install/nav2_simple_commander/lib/python3.8/site-packages:/home/coderey/ros2_ws/install/nav2_msgs/lib/python3.8/site-packages:/home/coderey/ros2_ws/build/nav2_gazebo_spawner:/home/coderey/ros2_ws/install/nav2_gazebo_spawner/lib/python3.8/site-packages:/home/coderey/ros2_ws/build/mob_rob_loca:/home/coderey/ros2_ws/install/mob_rob_loca/lib/python3.8/site-packages:/home/coderey/ros2_ws/install/marvelmind_ros2_msgs/lib/python3.8/site-packages:/home/coderey/ros2_ws/build/bno055:/home/coderey/ros2_ws/install/bno055/lib/python3.8/site-packages:/home/coderey/microros_ws/install/visualization_msgs/lib/python3.8/site-packages:/home/coderey/microros_ws/install/test_msgs/lib/python3.8/site-packages:/home/coderey/microros_ws/install/example_interfaces/lib/python3.8/site-packages:/home/coderey/microros_ws/install/action_msgs/lib/python3.8/site-packages:/home/coderey/microros_ws/install/unique_identifier_msgs/lib/python3.8/site-packages:/home/coderey/microros_ws/install/trajectory_msgs/lib/python3.8/site-packages:/home/coderey/microros_ws/install/stereo_msgs/lib/python3.8/site-packages:/home/coderey/microros_ws/install/std_srvs/lib/python3.8/site-packages:/home/coderey/microros_ws/install/shape_msgs/lib/python3.8/site-packages:/home/coderey/microros_ws/install/sensor_msgs_py/lib/python3.8/site-packages:/home/coderey/microros_ws/install/sensor_msgs/lib/python3.8/site-packages:/home/coderey/microros_ws/install/nav_msgs/lib/python3.8/site-packages:/home/coderey/microros_ws/install/diagnostic_msgs/lib/python3.8/site-packages:/home/coderey/microros_ws/install/geometry_msgs/lib/python3.8/site-packages:/home/coderey/microros_ws/install/drive_base_msgs/lib/python3.8/site-packages:/home/coderey/microros_ws/install/actionlib_msgs/lib/python3.8/site-packages:/home/coderey/microros_ws/install/std_msgs/lib/python3.8/site-packages:/home/coderey/microros_ws/install/statistics_msgs/lib/python3.8/site-packages:/home/coderey/microros_ws/install/rosidl_typesupport_microxrcedds_cpp/lib/python3.8/site-packages:/home/coderey/microros_ws/install/rosidl_typesupport_microxrcedds_c/lib/python3.8/site-packages:/home/coderey/microros_ws/install/rosgraph_msgs/lib/python3.8/site-packages:/home/coderey/microros_ws/install/composition_interfaces/lib/python3.8/site-packages:/home/coderey/microros_ws/install/rcl_interfaces/lib/python3.8/site-packages:/home/coderey/microros_ws/install/micro_ros_msgs/lib/python3.8/site-packages:/home/coderey/microros_ws/install/lifecycle_msgs/lib/python3.8/site-packages:/home/coderey/microros_ws/install/complex_msgs/lib/python3.8/site-packages:/home/coderey/microros_ws/install/builtin_interfaces/lib/python3.8/site-packages:/opt/ros/galactic/lib/python3.8/site-packages:/opt/ros/galactic/lib/python3/dist-packages /usr/bin/cmake --build /home/coderey/ros2_ws/build/nav2_msgs -- -j8 -l8
[0.654s] [  9%] Built target nav2_msgs__rosidl_generator_c
[0.668s] [  9%] Built target nav2_msgs__cpp
[0.748s] [ 19%] Built target nav2_msgs__rosidl_typesupport_introspection_c
[0.750s] [ 29%] Built target nav2_msgs__rosidl_typesupport_microxrcedds_c
[0.788s] [ 39%] Built target nav2_msgs__rosidl_typesupport_c
[0.790s] [ 48%] Built target nav2_msgs__rosidl_typesupport_fastrtps_cpp
[0.821s] [ 57%] Built target nav2_msgs__rosidl_typesupport_cpp
[0.824s] [ 66%] Built target nav2_msgs__rosidl_typesupport_introspection_cpp
[0.826s] [ 76%] Built target nav2_msgs__rosidl_typesupport_microxrcedds_cpp
[0.878s] [ 86%] Built target nav2_msgs__rosidl_typesupport_fastrtps_c
[0.910s] [ 86%] Built target nav2_msgs
[0.963s] [ 86%] Built target nav2_msgs__py
[1.042s] [ 96%] Built target nav2_msgs__python
[1.104s] [ 97%] Built target nav2_msgs__rosidl_typesupport_microxrcedds_c__pyext
[1.109s] [ 98%] Built target nav2_msgs__rosidl_typesupport_fastrtps_c__pyext
[1.118s] [ 99%] Built target nav2_msgs__rosidl_typesupport_introspection_c__pyext
[1.141s] [100%] Built target nav2_msgs__rosidl_typesupport_c__pyext
[1.348s] Invoked command in '/home/coderey/ros2_ws/build/nav2_msgs' returned '0': CMAKE_PREFIX_PATH=/home/coderey/ros2_ws/install/nav2_common:/home/coderey/ros2_ws/install/robot_localization:/home/coderey/ros2_ws/install/dwb_msgs:/home/coderey/ros2_ws/install/nav_2d_msgs:/home/coderey/ros2_ws/install/nav2_voxel_grid:/home/coderey/ros2_ws/install/nav2_msgs:/home/coderey/ros2_ws/install/marvelmind_ros2:/home/coderey/ros2_ws/install/marvelmind_ros2_msgs:/home/coderey/ros2_ws/install/groot:/home/coderey/microros_ws/install/micro_ros_demos_rclc:/home/coderey/microros_ws/install/common_interfaces:/home/coderey/microros_ws/install/visualization_msgs:/home/coderey/microros_ws/install/test_msgs:/home/coderey/microros_ws/install/example_interfaces:/home/coderey/microros_ws/install/action_msgs:/home/coderey/microros_ws/install/unique_identifier_msgs:/home/coderey/microros_ws/install/trajectory_msgs:/home/coderey/microros_ws/install/stereo_msgs:/home/coderey/microros_ws/install/std_srvs:/home/coderey/microros_ws/install/shape_msgs:/home/coderey/microros_ws/install/sensor_msgs:/home/coderey/microros_ws/install/nav_msgs:/home/coderey/microros_ws/install/diagnostic_msgs:/home/coderey/microros_ws/install/geometry_msgs:/home/coderey/microros_ws/install/drive_base_msgs:/home/coderey/microros_ws/install/actionlib_msgs:/home/coderey/microros_ws/install/std_msgs:/home/coderey/microros_ws/install/statistics_msgs:/home/coderey/microros_ws/install/rosidl_typesupport_microxrcedds_test_msg:/home/coderey/microros_ws/install/rosidl_typesupport_microxrcedds_cpp_tests:/home/coderey/microros_ws/install/rmw_microxrcedds:/home/coderey/microros_ws/install/rosidl_typesupport_microxrcedds_cpp:/home/coderey/microros_ws/install/rosidl_typesupport_microxrcedds_c_tests:/home/coderey/microros_ws/install/rosidl_typesupport_microxrcedds_c:/home/coderey/microros_ws/install/rosgraph_msgs:/home/coderey/microros_ws/install/rclc_parameter:/home/coderey/microros_ws/install/rclc:/home/coderey/microros_ws/install/composition_interfaces:/home/coderey/microros_ws/install/rcl_interfaces:/home/coderey/microros_ws/install/microxrcedds_client:/home/coderey/microros_ws/install/microcdr:/home/coderey/microros_ws/install/micro_ros_utilities:/home/coderey/microros_ws/install/micro_ros_setup:/home/coderey/microros_ws/install/micro_ros_agent:/home/coderey/microros_ws/install/micro_ros_msgs:/home/coderey/microros_ws/install/micro_ros_demos_rclcpp:/home/coderey/microros_ws/install/lifecycle_msgs:/home/coderey/microros_ws/install/complex_msgs:/home/coderey/microros_ws/install/builtin_interfaces:/home/coderey/ros2_ws/install/nav2_simple_commander:/home/coderey/ros2_ws/install/nav2_gazebo_spawner:/home/coderey/ros2_ws/install/mob_rob_loca:/home/coderey/ros2_ws/install/bno055:/home/coderey/microros_ws/install/sensor_msgs_py:/opt/ros/galactic PYTHONPATH=/home/coderey/ros2_ws/install/nav2_common/lib/python3.8/site-packages:/home/coderey/ros2_ws/install/robot_localization/lib/python3.8/site-packages:/home/coderey/ros2_ws/install/dwb_msgs/lib/python3.8/site-packages:/home/coderey/ros2_ws/install/nav_2d_msgs/lib/python3.8/site-packages:/home/coderey/ros2_ws/build/nav2_simple_commander:/home/coderey/ros2_ws/install/nav2_simple_commander/lib/python3.8/site-packages:/home/coderey/ros2_ws/install/nav2_msgs/lib/python3.8/site-packages:/home/coderey/ros2_ws/build/nav2_gazebo_spawner:/home/coderey/ros2_ws/install/nav2_gazebo_spawner/lib/python3.8/site-packages:/home/coderey/ros2_ws/build/mob_rob_loca:/home/coderey/ros2_ws/install/mob_rob_loca/lib/python3.8/site-packages:/home/coderey/ros2_ws/install/marvelmind_ros2_msgs/lib/python3.8/site-packages:/home/coderey/ros2_ws/build/bno055:/home/coderey/ros2_ws/install/bno055/lib/python3.8/site-packages:/home/coderey/microros_ws/install/visualization_msgs/lib/python3.8/site-packages:/home/coderey/microros_ws/install/test_msgs/lib/python3.8/site-packages:/home/coderey/microros_ws/install/example_interfaces/lib/python3.8/site-packages:/home/coderey/microros_ws/install/action_msgs/lib/python3.8/site-packages:/home/coderey/microros_ws/install/unique_identifier_msgs/lib/python3.8/site-packages:/home/coderey/microros_ws/install/trajectory_msgs/lib/python3.8/site-packages:/home/coderey/microros_ws/install/stereo_msgs/lib/python3.8/site-packages:/home/coderey/microros_ws/install/std_srvs/lib/python3.8/site-packages:/home/coderey/microros_ws/install/shape_msgs/lib/python3.8/site-packages:/home/coderey/microros_ws/install/sensor_msgs_py/lib/python3.8/site-packages:/home/coderey/microros_ws/install/sensor_msgs/lib/python3.8/site-packages:/home/coderey/microros_ws/install/nav_msgs/lib/python3.8/site-packages:/home/coderey/microros_ws/install/diagnostic_msgs/lib/python3.8/site-packages:/home/coderey/microros_ws/install/geometry_msgs/lib/python3.8/site-packages:/home/coderey/microros_ws/install/drive_base_msgs/lib/python3.8/site-packages:/home/coderey/microros_ws/install/actionlib_msgs/lib/python3.8/site-packages:/home/coderey/microros_ws/install/std_msgs/lib/python3.8/site-packages:/home/coderey/microros_ws/install/statistics_msgs/lib/python3.8/site-packages:/home/coderey/microros_ws/install/rosidl_typesupport_microxrcedds_cpp/lib/python3.8/site-packages:/home/coderey/microros_ws/install/rosidl_typesupport_microxrcedds_c/lib/python3.8/site-packages:/home/coderey/microros_ws/install/rosgraph_msgs/lib/python3.8/site-packages:/home/coderey/microros_ws/install/composition_interfaces/lib/python3.8/site-packages:/home/coderey/microros_ws/install/rcl_interfaces/lib/python3.8/site-packages:/home/coderey/microros_ws/install/micro_ros_msgs/lib/python3.8/site-packages:/home/coderey/microros_ws/install/lifecycle_msgs/lib/python3.8/site-packages:/home/coderey/microros_ws/install/complex_msgs/lib/python3.8/site-packages:/home/coderey/microros_ws/install/builtin_interfaces/lib/python3.8/site-packages:/opt/ros/galactic/lib/python3.8/site-packages:/opt/ros/galactic/lib/python3/dist-packages /usr/bin/cmake --build /home/coderey/ros2_ws/build/nav2_msgs -- -j8 -l8
[3.454s] Invoking command in '/home/coderey/ros2_ws/build/nav2_msgs': CMAKE_PREFIX_PATH=/home/coderey/ros2_ws/install/nav2_common:/home/coderey/ros2_ws/install/robot_localization:/home/coderey/ros2_ws/install/dwb_msgs:/home/coderey/ros2_ws/install/nav_2d_msgs:/home/coderey/ros2_ws/install/nav2_voxel_grid:/home/coderey/ros2_ws/install/nav2_msgs:/home/coderey/ros2_ws/install/marvelmind_ros2:/home/coderey/ros2_ws/install/marvelmind_ros2_msgs:/home/coderey/ros2_ws/install/groot:/home/coderey/microros_ws/install/micro_ros_demos_rclc:/home/coderey/microros_ws/install/common_interfaces:/home/coderey/microros_ws/install/visualization_msgs:/home/coderey/microros_ws/install/test_msgs:/home/coderey/microros_ws/install/example_interfaces:/home/coderey/microros_ws/install/action_msgs:/home/coderey/microros_ws/install/unique_identifier_msgs:/home/coderey/microros_ws/install/trajectory_msgs:/home/coderey/microros_ws/install/stereo_msgs:/home/coderey/microros_ws/install/std_srvs:/home/coderey/microros_ws/install/shape_msgs:/home/coderey/microros_ws/install/sensor_msgs:/home/coderey/microros_ws/install/nav_msgs:/home/coderey/microros_ws/install/diagnostic_msgs:/home/coderey/microros_ws/install/geometry_msgs:/home/coderey/microros_ws/install/drive_base_msgs:/home/coderey/microros_ws/install/actionlib_msgs:/home/coderey/microros_ws/install/std_msgs:/home/coderey/microros_ws/install/statistics_msgs:/home/coderey/microros_ws/install/rosidl_typesupport_microxrcedds_test_msg:/home/coderey/microros_ws/install/rosidl_typesupport_microxrcedds_cpp_tests:/home/coderey/microros_ws/install/rmw_microxrcedds:/home/coderey/microros_ws/install/rosidl_typesupport_microxrcedds_cpp:/home/coderey/microros_ws/install/rosidl_typesupport_microxrcedds_c_tests:/home/coderey/microros_ws/install/rosidl_typesupport_microxrcedds_c:/home/coderey/microros_ws/install/rosgraph_msgs:/home/coderey/microros_ws/install/rclc_parameter:/home/coderey/microros_ws/install/rclc:/home/coderey/microros_ws/install/composition_interfaces:/home/coderey/microros_ws/install/rcl_interfaces:/home/coderey/microros_ws/install/microxrcedds_client:/home/coderey/microros_ws/install/microcdr:/home/coderey/microros_ws/install/micro_ros_utilities:/home/coderey/microros_ws/install/micro_ros_setup:/home/coderey/microros_ws/install/micro_ros_agent:/home/coderey/microros_ws/install/micro_ros_msgs:/home/coderey/microros_ws/install/micro_ros_demos_rclcpp:/home/coderey/microros_ws/install/lifecycle_msgs:/home/coderey/microros_ws/install/complex_msgs:/home/coderey/microros_ws/install/builtin_interfaces:/home/coderey/ros2_ws/install/nav2_simple_commander:/home/coderey/ros2_ws/install/nav2_gazebo_spawner:/home/coderey/ros2_ws/install/mob_rob_loca:/home/coderey/ros2_ws/install/bno055:/home/coderey/microros_ws/install/sensor_msgs_py:/opt/ros/galactic PYTHONPATH=/home/coderey/ros2_ws/install/nav2_common/lib/python3.8/site-packages:/home/coderey/ros2_ws/install/robot_localization/lib/python3.8/site-packages:/home/coderey/ros2_ws/install/dwb_msgs/lib/python3.8/site-packages:/home/coderey/ros2_ws/install/nav_2d_msgs/lib/python3.8/site-packages:/home/coderey/ros2_ws/build/nav2_simple_commander:/home/coderey/ros2_ws/install/nav2_simple_commander/lib/python3.8/site-packages:/home/coderey/ros2_ws/install/nav2_msgs/lib/python3.8/site-packages:/home/coderey/ros2_ws/build/nav2_gazebo_spawner:/home/coderey/ros2_ws/install/nav2_gazebo_spawner/lib/python3.8/site-packages:/home/coderey/ros2_ws/build/mob_rob_loca:/home/coderey/ros2_ws/install/mob_rob_loca/lib/python3.8/site-packages:/home/coderey/ros2_ws/install/marvelmind_ros2_msgs/lib/python3.8/site-packages:/home/coderey/ros2_ws/build/bno055:/home/coderey/ros2_ws/install/bno055/lib/python3.8/site-packages:/home/coderey/microros_ws/install/visualization_msgs/lib/python3.8/site-packages:/home/coderey/microros_ws/install/test_msgs/lib/python3.8/site-packages:/home/coderey/microros_ws/install/example_interfaces/lib/python3.8/site-packages:/home/coderey/microros_ws/install/action_msgs/lib/python3.8/site-packages:/home/coderey/microros_ws/install/unique_identifier_msgs/lib/python3.8/site-packages:/home/coderey/microros_ws/install/trajectory_msgs/lib/python3.8/site-packages:/home/coderey/microros_ws/install/stereo_msgs/lib/python3.8/site-packages:/home/coderey/microros_ws/install/std_srvs/lib/python3.8/site-packages:/home/coderey/microros_ws/install/shape_msgs/lib/python3.8/site-packages:/home/coderey/microros_ws/install/sensor_msgs_py/lib/python3.8/site-packages:/home/coderey/microros_ws/install/sensor_msgs/lib/python3.8/site-packages:/home/coderey/microros_ws/install/nav_msgs/lib/python3.8/site-packages:/home/coderey/microros_ws/install/diagnostic_msgs/lib/python3.8/site-packages:/home/coderey/microros_ws/install/geometry_msgs/lib/python3.8/site-packages:/home/coderey/microros_ws/install/drive_base_msgs/lib/python3.8/site-packages:/home/coderey/microros_ws/install/actionlib_msgs/lib/python3.8/site-packages:/home/coderey/microros_ws/install/std_msgs/lib/python3.8/site-packages:/home/coderey/microros_ws/install/statistics_msgs/lib/python3.8/site-packages:/home/coderey/microros_ws/install/rosidl_typesupport_microxrcedds_cpp/lib/python3.8/site-packages:/home/coderey/microros_ws/install/rosidl_typesupport_microxrcedds_c/lib/python3.8/site-packages:/home/coderey/microros_ws/install/rosgraph_msgs/lib/python3.8/site-packages:/home/coderey/microros_ws/install/composition_interfaces/lib/python3.8/site-packages:/home/coderey/microros_ws/install/rcl_interfaces/lib/python3.8/site-packages:/home/coderey/microros_ws/install/micro_ros_msgs/lib/python3.8/site-packages:/home/coderey/microros_ws/install/lifecycle_msgs/lib/python3.8/site-packages:/home/coderey/microros_ws/install/complex_msgs/lib/python3.8/site-packages:/home/coderey/microros_ws/install/builtin_interfaces/lib/python3.8/site-packages:/opt/ros/galactic/lib/python3.8/site-packages:/opt/ros/galactic/lib/python3/dist-packages /usr/bin/cmake --install /home/coderey/ros2_ws/build/nav2_msgs
[3.467s] -- Install configuration: "Release"
[3.467s] -- Execute custom install script
[3.467s] -- Up-to-date symlink: /home/coderey/ros2_ws/install/nav2_msgs/share/ament_index/resource_index/rosidl_interfaces/nav2_msgs
[3.472s] -- Up-to-date symlink: /home/coderey/ros2_ws/install/nav2_msgs/include/nav2_msgs/action/back_up.h
[3.472s] -- Up-to-date symlink: /home/coderey/ros2_ws/install/nav2_msgs/include/nav2_msgs/action/compute_path_through_poses.h
[3.472s] -- Up-to-date symlink: /home/coderey/ros2_ws/install/nav2_msgs/include/nav2_msgs/action/compute_path_to_pose.h
[3.472s] -- Up-to-date symlink: /home/coderey/ros2_ws/install/nav2_msgs/include/nav2_msgs/action/detail/back_up__functions.h
[3.472s] -- Up-to-date symlink: /home/coderey/ros2_ws/install/nav2_msgs/include/nav2_msgs/action/detail/back_up__struct.h
[3.472s] -- Up-to-date symlink: /home/coderey/ros2_ws/install/nav2_msgs/include/nav2_msgs/action/detail/back_up__type_support.h
[3.472s] -- Up-to-date symlink: /home/coderey/ros2_ws/install/nav2_msgs/include/nav2_msgs/action/detail/compute_path_through_poses__functions.h
[3.472s] -- Up-to-date symlink: /home/coderey/ros2_ws/install/nav2_msgs/include/nav2_msgs/action/detail/compute_path_through_poses__struct.h
[3.473s] -- Up-to-date symlink: /home/coderey/ros2_ws/install/nav2_msgs/include/nav2_msgs/action/detail/compute_path_through_poses__type_support.h
[3.473s] -- Up-to-date symlink: /home/coderey/ros2_ws/install/nav2_msgs/include/nav2_msgs/action/detail/compute_path_to_pose__functions.h
[3.473s] -- Up-to-date symlink: /home/coderey/ros2_ws/install/nav2_msgs/include/nav2_msgs/action/detail/compute_path_to_pose__struct.h
[3.473s] -- Up-to-date symlink: /home/coderey/ros2_ws/install/nav2_msgs/include/nav2_msgs/action/detail/compute_path_to_pose__type_support.h
[3.473s] -- Up-to-date symlink: /home/coderey/ros2_ws/install/nav2_msgs/include/nav2_msgs/action/detail/dummy_recovery__functions.h
[3.473s] -- Up-to-date symlink: /home/coderey/ros2_ws/install/nav2_msgs/include/nav2_msgs/action/detail/dummy_recovery__struct.h
[3.473s] -- Up-to-date symlink: /home/coderey/ros2_ws/install/nav2_msgs/include/nav2_msgs/action/detail/dummy_recovery__type_support.h
[3.473s] -- Up-to-date symlink: /home/coderey/ros2_ws/install/nav2_msgs/include/nav2_msgs/action/detail/follow_path__functions.h
[3.473s] -- Up-to-date symlink: /home/coderey/ros2_ws/install/nav2_msgs/include/nav2_msgs/action/detail/follow_path__struct.h
[3.473s] -- Up-to-date symlink: /home/coderey/ros2_ws/install/nav2_msgs/include/nav2_msgs/action/detail/follow_path__type_support.h
[3.473s] -- Up-to-date symlink: /home/coderey/ros2_ws/install/nav2_msgs/include/nav2_msgs/action/detail/follow_waypoints__functions.h
[3.473s] -- Up-to-date symlink: /home/coderey/ros2_ws/install/nav2_msgs/include/nav2_msgs/action/detail/follow_waypoints__struct.h
[3.473s] -- Up-to-date symlink: /home/coderey/ros2_ws/install/nav2_msgs/include/nav2_msgs/action/detail/follow_waypoints__type_support.h
[3.473s] -- Up-to-date symlink: /home/coderey/ros2_ws/install/nav2_msgs/include/nav2_msgs/action/detail/navigate_through_poses__functions.h
[3.474s] -- Up-to-date symlink: /home/coderey/ros2_ws/install/nav2_msgs/include/nav2_msgs/action/detail/navigate_through_poses__struct.h
[3.474s] -- Up-to-date symlink: /home/coderey/ros2_ws/install/nav2_msgs/include/nav2_msgs/action/detail/navigate_through_poses__type_support.h
[3.474s] -- Up-to-date symlink: /home/coderey/ros2_ws/install/nav2_msgs/include/nav2_msgs/action/detail/navigate_to_pose__functions.h
[3.474s] -- Up-to-date symlink: /home/coderey/ros2_ws/install/nav2_msgs/include/nav2_msgs/action/detail/navigate_to_pose__struct.h
[3.474s] -- Up-to-date symlink: /home/coderey/ros2_ws/install/nav2_msgs/include/nav2_msgs/action/detail/navigate_to_pose__type_support.h
[3.475s] -- Up-to-date symlink: /home/coderey/ros2_ws/install/nav2_msgs/include/nav2_msgs/action/detail/spin__functions.h
[3.475s] -- Up-to-date symlink: /home/coderey/ros2_ws/install/nav2_msgs/include/nav2_msgs/action/detail/spin__struct.h
[3.475s] -- Up-to-date symlink: /home/coderey/ros2_ws/install/nav2_msgs/include/nav2_msgs/action/detail/spin__type_support.h
[3.475s] -- Up-to-date symlink: /home/coderey/ros2_ws/install/nav2_msgs/include/nav2_msgs/action/detail/wait__functions.h
[3.475s] -- Up-to-date symlink: /home/coderey/ros2_ws/install/nav2_msgs/include/nav2_msgs/action/detail/wait__struct.h
[3.475s] -- Up-to-date symlink: /home/coderey/ros2_ws/install/nav2_msgs/include/nav2_msgs/action/detail/wait__type_support.h
[3.476s] -- Up-to-date symlink: /home/coderey/ros2_ws/install/nav2_msgs/include/nav2_msgs/action/dummy_recovery.h
[3.476s] -- Up-to-date symlink: /home/coderey/ros2_ws/install/nav2_msgs/include/nav2_msgs/action/follow_path.h
[3.476s] -- Up-to-date symlink: /home/coderey/ros2_ws/install/nav2_msgs/include/nav2_msgs/action/follow_waypoints.h
[3.477s] -- Up-to-date symlink: /home/coderey/ros2_ws/install/nav2_msgs/include/nav2_msgs/action/navigate_through_poses.h
[3.477s] -- Up-to-date symlink: /home/coderey/ros2_ws/install/nav2_msgs/include/nav2_msgs/action/navigate_to_pose.h
[3.477s] -- Up-to-date symlink: /home/coderey/ros2_ws/install/nav2_msgs/include/nav2_msgs/action/spin.h
[3.477s] -- Up-to-date symlink: /home/coderey/ros2_ws/install/nav2_msgs/include/nav2_msgs/action/wait.h
[3.477s] -- Up-to-date symlink: /home/coderey/ros2_ws/install/nav2_msgs/include/nav2_msgs/msg/behavior_tree_log.h
[3.477s] -- Up-to-date symlink: /home/coderey/ros2_ws/install/nav2_msgs/include/nav2_msgs/msg/behavior_tree_status_change.h
[3.478s] -- Up-to-date symlink: /home/coderey/ros2_ws/install/nav2_msgs/include/nav2_msgs/msg/costmap.h
[3.478s] -- Up-to-date symlink: /home/coderey/ros2_ws/install/nav2_msgs/include/nav2_msgs/msg/costmap_filter_info.h
[3.478s] -- Up-to-date symlink: /home/coderey/ros2_ws/install/nav2_msgs/include/nav2_msgs/msg/costmap_meta_data.h
[3.478s] -- Up-to-date symlink: /home/coderey/ros2_ws/install/nav2_msgs/include/nav2_msgs/msg/detail/behavior_tree_log__functions.h
[3.478s] -- Up-to-date symlink: /home/coderey/ros2_ws/install/nav2_msgs/include/nav2_msgs/msg/detail/behavior_tree_log__struct.h
[3.479s] -- Up-to-date symlink: /home/coderey/ros2_ws/install/nav2_msgs/include/nav2_msgs/msg/detail/behavior_tree_log__type_support.h
[3.479s] -- Up-to-date symlink: /home/coderey/ros2_ws/install/nav2_msgs/include/nav2_msgs/msg/detail/behavior_tree_status_change__functions.h
[3.479s] -- Up-to-date symlink: /home/coderey/ros2_ws/install/nav2_msgs/include/nav2_msgs/msg/detail/behavior_tree_status_change__struct.h
[3.479s] -- Up-to-date symlink: /home/coderey/ros2_ws/install/nav2_msgs/include/nav2_msgs/msg/detail/behavior_tree_status_change__type_support.h
[3.479s] -- Up-to-date symlink: /home/coderey/ros2_ws/install/nav2_msgs/include/nav2_msgs/msg/detail/costmap__functions.h
[3.479s] -- Up-to-date symlink: /home/coderey/ros2_ws/install/nav2_msgs/include/nav2_msgs/msg/detail/costmap__struct.h
[3.480s] -- Up-to-date symlink: /home/coderey/ros2_ws/install/nav2_msgs/include/nav2_msgs/msg/detail/costmap__type_support.h
[3.480s] -- Up-to-date symlink: /home/coderey/ros2_ws/install/nav2_msgs/include/nav2_msgs/msg/detail/costmap_filter_info__functions.h
[3.480s] -- Up-to-date symlink: /home/coderey/ros2_ws/install/nav2_msgs/include/nav2_msgs/msg/detail/costmap_filter_info__struct.h
[3.480s] -- Up-to-date symlink: /home/coderey/ros2_ws/install/nav2_msgs/include/nav2_msgs/msg/detail/costmap_filter_info__type_support.h
[3.481s] -- Up-to-date symlink: /home/coderey/ros2_ws/install/nav2_msgs/include/nav2_msgs/msg/detail/costmap_meta_data__functions.h
[3.481s] -- Up-to-date symlink: /home/coderey/ros2_ws/install/nav2_msgs/include/nav2_msgs/msg/detail/costmap_meta_data__struct.h
[3.482s] -- Up-to-date symlink: /home/coderey/ros2_ws/install/nav2_msgs/include/nav2_msgs/msg/detail/costmap_meta_data__type_support.h
[3.483s] -- Up-to-date symlink: /home/coderey/ros2_ws/install/nav2_msgs/include/nav2_msgs/msg/detail/particle__functions.h
[3.483s] -- Up-to-date symlink: /home/coderey/ros2_ws/install/nav2_msgs/include/nav2_msgs/msg/detail/particle__struct.h
[3.484s] -- Up-to-date symlink: /home/coderey/ros2_ws/install/nav2_msgs/include/nav2_msgs/msg/detail/particle__type_support.h
[3.485s] -- Up-to-date symlink: /home/coderey/ros2_ws/install/nav2_msgs/include/nav2_msgs/msg/detail/particle_cloud__functions.h
[3.485s] -- Up-to-date symlink: /home/coderey/ros2_ws/install/nav2_msgs/include/nav2_msgs/msg/detail/particle_cloud__struct.h
[3.485s] -- Up-to-date symlink: /home/coderey/ros2_ws/install/nav2_msgs/include/nav2_msgs/msg/detail/particle_cloud__type_support.h
[3.485s] -- Up-to-date symlink: /home/coderey/ros2_ws/install/nav2_msgs/include/nav2_msgs/msg/detail/speed_limit__functions.h
[3.485s] -- Up-to-date symlink: /home/coderey/ros2_ws/install/nav2_msgs/include/nav2_msgs/msg/detail/speed_limit__struct.h
[3.486s] -- Up-to-date symlink: /home/coderey/ros2_ws/install/nav2_msgs/include/nav2_msgs/msg/detail/speed_limit__type_support.h
[3.486s] -- Up-to-date symlink: /home/coderey/ros2_ws/install/nav2_msgs/include/nav2_msgs/msg/detail/voxel_grid__functions.h
[3.486s] -- Up-to-date symlink: /home/coderey/ros2_ws/install/nav2_msgs/include/nav2_msgs/msg/detail/voxel_grid__struct.h
[3.487s] -- Up-to-date symlink: /home/coderey/ros2_ws/install/nav2_msgs/include/nav2_msgs/msg/detail/voxel_grid__type_support.h
[3.487s] -- Up-to-date symlink: /home/coderey/ros2_ws/install/nav2_msgs/include/nav2_msgs/msg/particle.h
[3.487s] -- Up-to-date symlink: /home/coderey/ros2_ws/install/nav2_msgs/include/nav2_msgs/msg/particle_cloud.h
[3.487s] -- Up-to-date symlink: /home/coderey/ros2_ws/install/nav2_msgs/include/nav2_msgs/msg/rosidl_generator_c__visibility_control.h
[3.487s] -- Up-to-date symlink: /home/coderey/ros2_ws/install/nav2_msgs/include/nav2_msgs/msg/speed_limit.h
[3.487s] -- Up-to-date symlink: /home/coderey/ros2_ws/install/nav2_msgs/include/nav2_msgs/msg/voxel_grid.h
[3.487s] -- Up-to-date symlink: /home/coderey/ros2_ws/install/nav2_msgs/include/nav2_msgs/srv/clear_costmap_around_robot.h
[3.487s] -- Up-to-date symlink: /home/coderey/ros2_ws/install/nav2_msgs/include/nav2_msgs/srv/clear_costmap_except_region.h
[3.487s] -- Up-to-date symlink: /home/coderey/ros2_ws/install/nav2_msgs/include/nav2_msgs/srv/clear_entire_costmap.h
[3.487s] -- Up-to-date symlink: /home/coderey/ros2_ws/install/nav2_msgs/include/nav2_msgs/srv/detail/clear_costmap_around_robot__functions.h
[3.487s] -- Up-to-date symlink: /home/coderey/ros2_ws/install/nav2_msgs/include/nav2_msgs/srv/detail/clear_costmap_around_robot__struct.h
[3.488s] -- Up-to-date symlink: /home/coderey/ros2_ws/install/nav2_msgs/include/nav2_msgs/srv/detail/clear_costmap_around_robot__type_support.h
[3.488s] -- Up-to-date symlink: /home/coderey/ros2_ws/install/nav2_msgs/include/nav2_msgs/srv/detail/clear_costmap_except_region__functions.h
[3.488s] -- Up-to-date symlink: /home/coderey/ros2_ws/install/nav2_msgs/include/nav2_msgs/srv/detail/clear_costmap_except_region__struct.h
[3.488s] -- Up-to-date symlink: /home/coderey/ros2_ws/install/nav2_msgs/include/nav2_msgs/srv/detail/clear_costmap_except_region__type_support.h
[3.488s] -- Up-to-date symlink: /home/coderey/ros2_ws/install/nav2_msgs/include/nav2_msgs/srv/detail/clear_entire_costmap__functions.h
[3.488s] -- Up-to-date symlink: /home/coderey/ros2_ws/install/nav2_msgs/include/nav2_msgs/srv/detail/clear_entire_costmap__struct.h
[3.488s] -- Up-to-date symlink: /home/coderey/ros2_ws/install/nav2_msgs/include/nav2_msgs/srv/detail/clear_entire_costmap__type_support.h
[3.488s] -- Up-to-date symlink: /home/coderey/ros2_ws/install/nav2_msgs/include/nav2_msgs/srv/detail/get_costmap__functions.h
[3.488s] -- Up-to-date symlink: /home/coderey/ros2_ws/install/nav2_msgs/include/nav2_msgs/srv/detail/get_costmap__struct.h
[3.488s] -- Up-to-date symlink: /home/coderey/ros2_ws/install/nav2_msgs/include/nav2_msgs/srv/detail/get_costmap__type_support.h
[3.489s] -- Up-to-date symlink: /home/coderey/ros2_ws/install/nav2_msgs/include/nav2_msgs/srv/detail/load_map__functions.h
[3.489s] -- Up-to-date symlink: /home/coderey/ros2_ws/install/nav2_msgs/include/nav2_msgs/srv/detail/load_map__struct.h
[3.490s] -- Up-to-date symlink: /home/coderey/ros2_ws/install/nav2_msgs/include/nav2_msgs/srv/detail/load_map__type_support.h
[3.490s] -- Up-to-date symlink: /home/coderey/ros2_ws/install/nav2_msgs/include/nav2_msgs/srv/detail/manage_lifecycle_nodes__functions.h
[3.490s] -- Up-to-date symlink: /home/coderey/ros2_ws/install/nav2_msgs/include/nav2_msgs/srv/detail/manage_lifecycle_nodes__struct.h
[3.490s] -- Up-to-date symlink: /home/coderey/ros2_ws/install/nav2_msgs/include/nav2_msgs/srv/detail/manage_lifecycle_nodes__type_support.h
[3.490s] -- Up-to-date symlink: /home/coderey/ros2_ws/install/nav2_msgs/include/nav2_msgs/srv/detail/save_map__functions.h
[3.490s] -- Up-to-date symlink: /home/coderey/ros2_ws/install/nav2_msgs/include/nav2_msgs/srv/detail/save_map__struct.h
[3.490s] -- Up-to-date symlink: /home/coderey/ros2_ws/install/nav2_msgs/include/nav2_msgs/srv/detail/save_map__type_support.h
[3.490s] -- Up-to-date symlink: /home/coderey/ros2_ws/install/nav2_msgs/include/nav2_msgs/srv/get_costmap.h
[3.490s] -- Up-to-date symlink: /home/coderey/ros2_ws/install/nav2_msgs/include/nav2_msgs/srv/load_map.h
[3.490s] -- Up-to-date symlink: /home/coderey/ros2_ws/install/nav2_msgs/include/nav2_msgs/srv/manage_lifecycle_nodes.h
[3.490s] -- Up-to-date symlink: /home/coderey/ros2_ws/install/nav2_msgs/include/nav2_msgs/srv/save_map.h
[3.490s] -- Up-to-date symlink: /home/coderey/ros2_ws/install/nav2_msgs/share/nav2_msgs/environment/library_path.sh
[3.491s] -- Up-to-date symlink: /home/coderey/ros2_ws/install/nav2_msgs/share/nav2_msgs/environment/library_path.dsv
[3.491s] -- Up-to-date symlink: /home/coderey/ros2_ws/install/nav2_msgs/include/nav2_msgs/action/detail/back_up__rosidl_typesupport_microxrcedds_c.h
[3.491s] -- Up-to-date symlink: /home/coderey/ros2_ws/install/nav2_msgs/include/nav2_msgs/action/detail/compute_path_through_poses__rosidl_typesupport_microxrcedds_c.h
[3.491s] -- Up-to-date symlink: /home/coderey/ros2_ws/install/nav2_msgs/include/nav2_msgs/action/detail/compute_path_to_pose__rosidl_typesupport_microxrcedds_c.h
[3.491s] -- Up-to-date symlink: /home/coderey/ros2_ws/install/nav2_msgs/include/nav2_msgs/action/detail/dummy_recovery__rosidl_typesupport_microxrcedds_c.h
[3.492s] -- Up-to-date symlink: /home/coderey/ros2_ws/install/nav2_msgs/include/nav2_msgs/action/detail/follow_path__rosidl_typesupport_microxrcedds_c.h
[3.492s] -- Up-to-date symlink: /home/coderey/ros2_ws/install/nav2_msgs/include/nav2_msgs/action/detail/follow_waypoints__rosidl_typesupport_microxrcedds_c.h
[3.492s] -- Up-to-date symlink: /home/coderey/ros2_ws/install/nav2_msgs/include/nav2_msgs/action/detail/navigate_through_poses__rosidl_typesupport_microxrcedds_c.h
[3.492s] -- Up-to-date symlink: /home/coderey/ros2_ws/install/nav2_msgs/include/nav2_msgs/action/detail/navigate_to_pose__rosidl_typesupport_microxrcedds_c.h
[3.493s] -- Up-to-date symlink: /home/coderey/ros2_ws/install/nav2_msgs/include/nav2_msgs/action/detail/spin__rosidl_typesupport_microxrcedds_c.h
[3.493s] -- Up-to-date symlink: /home/coderey/ros2_ws/install/nav2_msgs/include/nav2_msgs/action/detail/wait__rosidl_typesupport_microxrcedds_c.h
[3.493s] -- Up-to-date symlink: /home/coderey/ros2_ws/install/nav2_msgs/include/nav2_msgs/msg/detail/behavior_tree_log__rosidl_typesupport_microxrcedds_c.h
[3.493s] -- Up-to-date symlink: /home/coderey/ros2_ws/install/nav2_msgs/include/nav2_msgs/msg/detail/behavior_tree_status_change__rosidl_typesupport_microxrcedds_c.h
[3.493s] -- Up-to-date symlink: /home/coderey/ros2_ws/install/nav2_msgs/include/nav2_msgs/msg/detail/costmap__rosidl_typesupport_microxrcedds_c.h
[3.493s] -- Up-to-date symlink: /home/coderey/ros2_ws/install/nav2_msgs/include/nav2_msgs/msg/detail/costmap_filter_info__rosidl_typesupport_microxrcedds_c.h
[3.493s] -- Up-to-date symlink: /home/coderey/ros2_ws/install/nav2_msgs/include/nav2_msgs/msg/detail/costmap_meta_data__rosidl_typesupport_microxrcedds_c.h
[3.493s] -- Up-to-date symlink: /home/coderey/ros2_ws/install/nav2_msgs/include/nav2_msgs/msg/detail/particle__rosidl_typesupport_microxrcedds_c.h
[3.493s] -- Up-to-date symlink: /home/coderey/ros2_ws/install/nav2_msgs/include/nav2_msgs/msg/detail/particle_cloud__rosidl_typesupport_microxrcedds_c.h
[3.493s] -- Up-to-date symlink: /home/coderey/ros2_ws/install/nav2_msgs/include/nav2_msgs/msg/detail/speed_limit__rosidl_typesupport_microxrcedds_c.h
[3.494s] -- Up-to-date symlink: /home/coderey/ros2_ws/install/nav2_msgs/include/nav2_msgs/msg/detail/voxel_grid__rosidl_typesupport_microxrcedds_c.h
[3.495s] -- Up-to-date symlink: /home/coderey/ros2_ws/install/nav2_msgs/include/nav2_msgs/msg/rosidl_typesupport_microxrcedds_c__visibility_control.h
[3.495s] -- Up-to-date symlink: /home/coderey/ros2_ws/install/nav2_msgs/include/nav2_msgs/srv/detail/clear_costmap_around_robot__rosidl_typesupport_microxrcedds_c.h
[3.495s] -- Up-to-date symlink: /home/coderey/ros2_ws/install/nav2_msgs/include/nav2_msgs/srv/detail/clear_costmap_except_region__rosidl_typesupport_microxrcedds_c.h
[3.495s] -- Up-to-date symlink: /home/coderey/ros2_ws/install/nav2_msgs/include/nav2_msgs/srv/detail/clear_entire_costmap__rosidl_typesupport_microxrcedds_c.h
[3.495s] -- Up-to-date symlink: /home/coderey/ros2_ws/install/nav2_msgs/include/nav2_msgs/srv/detail/get_costmap__rosidl_typesupport_microxrcedds_c.h
[3.495s] -- Up-to-date symlink: /home/coderey/ros2_ws/install/nav2_msgs/include/nav2_msgs/srv/detail/load_map__rosidl_typesupport_microxrcedds_c.h
[3.495s] -- Up-to-date symlink: /home/coderey/ros2_ws/install/nav2_msgs/include/nav2_msgs/srv/detail/manage_lifecycle_nodes__rosidl_typesupport_microxrcedds_c.h
[3.496s] -- Up-to-date symlink: /home/coderey/ros2_ws/install/nav2_msgs/include/nav2_msgs/srv/detail/save_map__rosidl_typesupport_microxrcedds_c.h
[3.496s] -- Up-to-date symlink: /home/coderey/ros2_ws/install/nav2_msgs/lib/libnav2_msgs__rosidl_typesupport_microxrcedds_c.so
[3.497s] -- Up-to-date symlink: /home/coderey/ros2_ws/install/nav2_msgs/include/nav2_msgs/action/detail/back_up__rosidl_typesupport_fastrtps_c.h
[3.498s] -- Up-to-date symlink: /home/coderey/ros2_ws/install/nav2_msgs/include/nav2_msgs/action/detail/compute_path_through_poses__rosidl_typesupport_fastrtps_c.h
[3.498s] -- Up-to-date symlink: /home/coderey/ros2_ws/install/nav2_msgs/include/nav2_msgs/action/detail/compute_path_to_pose__rosidl_typesupport_fastrtps_c.h
[3.499s] -- Up-to-date symlink: /home/coderey/ros2_ws/install/nav2_msgs/include/nav2_msgs/action/detail/dummy_recovery__rosidl_typesupport_fastrtps_c.h
[3.499s] -- Up-to-date symlink: /home/coderey/ros2_ws/install/nav2_msgs/include/nav2_msgs/action/detail/follow_path__rosidl_typesupport_fastrtps_c.h
[3.500s] -- Up-to-date symlink: /home/coderey/ros2_ws/install/nav2_msgs/include/nav2_msgs/action/detail/follow_waypoints__rosidl_typesupport_fastrtps_c.h
[3.500s] -- Up-to-date symlink: /home/coderey/ros2_ws/install/nav2_msgs/include/nav2_msgs/action/detail/navigate_through_poses__rosidl_typesupport_fastrtps_c.h
[3.501s] -- Up-to-date symlink: /home/coderey/ros2_ws/install/nav2_msgs/include/nav2_msgs/action/detail/navigate_to_pose__rosidl_typesupport_fastrtps_c.h
[3.502s] -- Up-to-date symlink: /home/coderey/ros2_ws/install/nav2_msgs/include/nav2_msgs/action/detail/spin__rosidl_typesupport_fastrtps_c.h
[3.503s] -- Up-to-date symlink: /home/coderey/ros2_ws/install/nav2_msgs/include/nav2_msgs/action/detail/wait__rosidl_typesupport_fastrtps_c.h
[3.503s] -- Up-to-date symlink: /home/coderey/ros2_ws/install/nav2_msgs/include/nav2_msgs/msg/detail/behavior_tree_log__rosidl_typesupport_fastrtps_c.h
[3.503s] -- Up-to-date symlink: /home/coderey/ros2_ws/install/nav2_msgs/include/nav2_msgs/msg/detail/behavior_tree_status_change__rosidl_typesupport_fastrtps_c.h
[3.504s] -- Up-to-date symlink: /home/coderey/ros2_ws/install/nav2_msgs/include/nav2_msgs/msg/detail/costmap__rosidl_typesupport_fastrtps_c.h
[3.504s] -- Up-to-date symlink: /home/coderey/ros2_ws/install/nav2_msgs/include/nav2_msgs/msg/detail/costmap_filter_info__rosidl_typesupport_fastrtps_c.h
[3.505s] -- Up-to-date symlink: /home/coderey/ros2_ws/install/nav2_msgs/include/nav2_msgs/msg/detail/costmap_meta_data__rosidl_typesupport_fastrtps_c.h
[3.505s] -- Up-to-date symlink: /home/coderey/ros2_ws/install/nav2_msgs/include/nav2_msgs/msg/detail/particle__rosidl_typesupport_fastrtps_c.h
[3.505s] -- Up-to-date symlink: /home/coderey/ros2_ws/install/nav2_msgs/include/nav2_msgs/msg/detail/particle_cloud__rosidl_typesupport_fastrtps_c.h
[3.505s] -- Up-to-date symlink: /home/coderey/ros2_ws/install/nav2_msgs/include/nav2_msgs/msg/detail/speed_limit__rosidl_typesupport_fastrtps_c.h
[3.505s] -- Up-to-date symlink: /home/coderey/ros2_ws/install/nav2_msgs/include/nav2_msgs/msg/detail/voxel_grid__rosidl_typesupport_fastrtps_c.h
[3.505s] -- Up-to-date symlink: /home/coderey/ros2_ws/install/nav2_msgs/include/nav2_msgs/msg/rosidl_typesupport_fastrtps_c__visibility_control.h
[3.505s] -- Up-to-date symlink: /home/coderey/ros2_ws/install/nav2_msgs/include/nav2_msgs/srv/detail/clear_costmap_around_robot__rosidl_typesupport_fastrtps_c.h
[3.505s] -- Up-to-date symlink: /home/coderey/ros2_ws/install/nav2_msgs/include/nav2_msgs/srv/detail/clear_costmap_except_region__rosidl_typesupport_fastrtps_c.h
[3.506s] -- Up-to-date symlink: /home/coderey/ros2_ws/install/nav2_msgs/include/nav2_msgs/srv/detail/clear_entire_costmap__rosidl_typesupport_fastrtps_c.h
[3.506s] -- Up-to-date symlink: /home/coderey/ros2_ws/install/nav2_msgs/include/nav2_msgs/srv/detail/get_costmap__rosidl_typesupport_fastrtps_c.h
[3.506s] -- Up-to-date symlink: /home/coderey/ros2_ws/install/nav2_msgs/include/nav2_msgs/srv/detail/load_map__rosidl_typesupport_fastrtps_c.h
[3.506s] -- Up-to-date symlink: /home/coderey/ros2_ws/install/nav2_msgs/include/nav2_msgs/srv/detail/manage_lifecycle_nodes__rosidl_typesupport_fastrtps_c.h
[3.506s] -- Up-to-date symlink: /home/coderey/ros2_ws/install/nav2_msgs/include/nav2_msgs/srv/detail/save_map__rosidl_typesupport_fastrtps_c.h
[3.506s] -- Up-to-date symlink: /home/coderey/ros2_ws/install/nav2_msgs/lib/libnav2_msgs__rosidl_typesupport_fastrtps_c.so
[3.506s] -- Up-to-date symlink: /home/coderey/ros2_ws/install/nav2_msgs/include/nav2_msgs/action/detail/back_up__rosidl_typesupport_fastrtps_cpp.hpp
[3.506s] -- Up-to-date symlink: /home/coderey/ros2_ws/install/nav2_msgs/include/nav2_msgs/action/detail/compute_path_through_poses__rosidl_typesupport_fastrtps_cpp.hpp
[3.506s] -- Up-to-date symlink: /home/coderey/ros2_ws/install/nav2_msgs/include/nav2_msgs/action/detail/compute_path_to_pose__rosidl_typesupport_fastrtps_cpp.hpp
[3.506s] -- Up-to-date symlink: /home/coderey/ros2_ws/install/nav2_msgs/include/nav2_msgs/action/detail/dummy_recovery__rosidl_typesupport_fastrtps_cpp.hpp
[3.506s] -- Up-to-date symlink: /home/coderey/ros2_ws/install/nav2_msgs/include/nav2_msgs/action/detail/follow_path__rosidl_typesupport_fastrtps_cpp.hpp
[3.506s] -- Up-to-date symlink: /home/coderey/ros2_ws/install/nav2_msgs/include/nav2_msgs/action/detail/follow_waypoints__rosidl_typesupport_fastrtps_cpp.hpp
[3.507s] -- Up-to-date symlink: /home/coderey/ros2_ws/install/nav2_msgs/include/nav2_msgs/action/detail/navigate_through_poses__rosidl_typesupport_fastrtps_cpp.hpp
[3.507s] -- Up-to-date symlink: /home/coderey/ros2_ws/install/nav2_msgs/include/nav2_msgs/action/detail/navigate_to_pose__rosidl_typesupport_fastrtps_cpp.hpp
[3.507s] -- Up-to-date symlink: /home/coderey/ros2_ws/install/nav2_msgs/include/nav2_msgs/action/detail/spin__rosidl_typesupport_fastrtps_cpp.hpp
[3.507s] -- Up-to-date symlink: /home/coderey/ros2_ws/install/nav2_msgs/include/nav2_msgs/action/detail/wait__rosidl_typesupport_fastrtps_cpp.hpp
[3.507s] -- Up-to-date symlink: /home/coderey/ros2_ws/install/nav2_msgs/include/nav2_msgs/msg/detail/behavior_tree_log__rosidl_typesupport_fastrtps_cpp.hpp
[3.507s] -- Up-to-date symlink: /home/coderey/ros2_ws/install/nav2_msgs/include/nav2_msgs/msg/detail/behavior_tree_status_change__rosidl_typesupport_fastrtps_cpp.hpp
[3.507s] -- Up-to-date symlink: /home/coderey/ros2_ws/install/nav2_msgs/include/nav2_msgs/msg/detail/costmap__rosidl_typesupport_fastrtps_cpp.hpp
[3.507s] -- Up-to-date symlink: /home/coderey/ros2_ws/install/nav2_msgs/include/nav2_msgs/msg/detail/costmap_filter_info__rosidl_typesupport_fastrtps_cpp.hpp
[3.507s] -- Up-to-date symlink: /home/coderey/ros2_ws/install/nav2_msgs/include/nav2_msgs/msg/detail/costmap_meta_data__rosidl_typesupport_fastrtps_cpp.hpp
[3.507s] -- Up-to-date symlink: /home/coderey/ros2_ws/install/nav2_msgs/include/nav2_msgs/msg/detail/particle__rosidl_typesupport_fastrtps_cpp.hpp
[3.507s] -- Up-to-date symlink: /home/coderey/ros2_ws/install/nav2_msgs/include/nav2_msgs/msg/detail/particle_cloud__rosidl_typesupport_fastrtps_cpp.hpp
[3.508s] -- Up-to-date symlink: /home/coderey/ros2_ws/install/nav2_msgs/include/nav2_msgs/msg/detail/speed_limit__rosidl_typesupport_fastrtps_cpp.hpp
[3.508s] -- Up-to-date symlink: /home/coderey/ros2_ws/install/nav2_msgs/include/nav2_msgs/msg/detail/voxel_grid__rosidl_typesupport_fastrtps_cpp.hpp
[3.509s] -- Up-to-date symlink: /home/coderey/ros2_ws/install/nav2_msgs/include/nav2_msgs/msg/rosidl_typesupport_fastrtps_cpp__visibility_control.h
[3.509s] -- Up-to-date symlink: /home/coderey/ros2_ws/install/nav2_msgs/include/nav2_msgs/srv/detail/clear_costmap_around_robot__rosidl_typesupport_fastrtps_cpp.hpp
[3.510s] -- Up-to-date symlink: /home/coderey/ros2_ws/install/nav2_msgs/include/nav2_msgs/srv/detail/clear_costmap_except_region__rosidl_typesupport_fastrtps_cpp.hpp
[3.510s] -- Up-to-date symlink: /home/coderey/ros2_ws/install/nav2_msgs/include/nav2_msgs/srv/detail/clear_entire_costmap__rosidl_typesupport_fastrtps_cpp.hpp
[3.510s] -- Up-to-date symlink: /home/coderey/ros2_ws/install/nav2_msgs/include/nav2_msgs/srv/detail/get_costmap__rosidl_typesupport_fastrtps_cpp.hpp
[3.510s] -- Up-to-date symlink: /home/coderey/ros2_ws/install/nav2_msgs/include/nav2_msgs/srv/detail/load_map__rosidl_typesupport_fastrtps_cpp.hpp
[3.510s] -- Up-to-date symlink: /home/coderey/ros2_ws/install/nav2_msgs/include/nav2_msgs/srv/detail/manage_lifecycle_nodes__rosidl_typesupport_fastrtps_cpp.hpp
[3.510s] -- Up-to-date symlink: /home/coderey/ros2_ws/install/nav2_msgs/include/nav2_msgs/srv/detail/save_map__rosidl_typesupport_fastrtps_cpp.hpp
[3.510s] -- Up-to-date symlink: /home/coderey/ros2_ws/install/nav2_msgs/lib/libnav2_msgs__rosidl_typesupport_fastrtps_cpp.so
[3.510s] -- Up-to-date symlink: /home/coderey/ros2_ws/install/nav2_msgs/include/nav2_msgs/action/detail/back_up__rosidl_typesupport_introspection_c.h
[3.511s] -- Up-to-date symlink: /home/coderey/ros2_ws/install/nav2_msgs/include/nav2_msgs/action/detail/compute_path_through_poses__rosidl_typesupport_introspection_c.h
[3.511s] -- Up-to-date symlink: /home/coderey/ros2_ws/install/nav2_msgs/include/nav2_msgs/action/detail/compute_path_to_pose__rosidl_typesupport_introspection_c.h
[3.511s] -- Up-to-date symlink: /home/coderey/ros2_ws/install/nav2_msgs/include/nav2_msgs/action/detail/dummy_recovery__rosidl_typesupport_introspection_c.h
[3.511s] -- Up-to-date symlink: /home/coderey/ros2_ws/install/nav2_msgs/include/nav2_msgs/action/detail/follow_path__rosidl_typesupport_introspection_c.h
[3.511s] -- Up-to-date symlink: /home/coderey/ros2_ws/install/nav2_msgs/include/nav2_msgs/action/detail/follow_waypoints__rosidl_typesupport_introspection_c.h
[3.511s] -- Up-to-date symlink: /home/coderey/ros2_ws/install/nav2_msgs/include/nav2_msgs/action/detail/navigate_through_poses__rosidl_typesupport_introspection_c.h
[3.511s] -- Up-to-date symlink: /home/coderey/ros2_ws/install/nav2_msgs/include/nav2_msgs/action/detail/navigate_to_pose__rosidl_typesupport_introspection_c.h
[3.511s] -- Up-to-date symlink: /home/coderey/ros2_ws/install/nav2_msgs/include/nav2_msgs/action/detail/spin__rosidl_typesupport_introspection_c.h
[3.511s] -- Up-to-date symlink: /home/coderey/ros2_ws/install/nav2_msgs/include/nav2_msgs/action/detail/wait__rosidl_typesupport_introspection_c.h
[3.511s] -- Up-to-date symlink: /home/coderey/ros2_ws/install/nav2_msgs/include/nav2_msgs/msg/detail/behavior_tree_log__rosidl_typesupport_introspection_c.h
[3.511s] -- Up-to-date symlink: /home/coderey/ros2_ws/install/nav2_msgs/include/nav2_msgs/msg/detail/behavior_tree_status_change__rosidl_typesupport_introspection_c.h
[3.511s] -- Up-to-date symlink: /home/coderey/ros2_ws/install/nav2_msgs/include/nav2_msgs/msg/detail/costmap__rosidl_typesupport_introspection_c.h
[3.511s] -- Up-to-date symlink: /home/coderey/ros2_ws/install/nav2_msgs/include/nav2_msgs/msg/detail/costmap_filter_info__rosidl_typesupport_introspection_c.h
[3.512s] -- Up-to-date symlink: /home/coderey/ros2_ws/install/nav2_msgs/include/nav2_msgs/msg/detail/costmap_meta_data__rosidl_typesupport_introspection_c.h
[3.512s] -- Up-to-date symlink: /home/coderey/ros2_ws/install/nav2_msgs/include/nav2_msgs/msg/detail/particle__rosidl_typesupport_introspection_c.h
[3.512s] -- Up-to-date symlink: /home/coderey/ros2_ws/install/nav2_msgs/include/nav2_msgs/msg/detail/particle_cloud__rosidl_typesupport_introspection_c.h
[3.512s] -- Up-to-date symlink: /home/coderey/ros2_ws/install/nav2_msgs/include/nav2_msgs/msg/detail/speed_limit__rosidl_typesupport_introspection_c.h
[3.512s] -- Up-to-date symlink: /home/coderey/ros2_ws/install/nav2_msgs/include/nav2_msgs/msg/detail/voxel_grid__rosidl_typesupport_introspection_c.h
[3.512s] -- Up-to-date symlink: /home/coderey/ros2_ws/install/nav2_msgs/include/nav2_msgs/msg/rosidl_typesupport_introspection_c__visibility_control.h
[3.512s] -- Up-to-date symlink: /home/coderey/ros2_ws/install/nav2_msgs/include/nav2_msgs/srv/detail/clear_costmap_around_robot__rosidl_typesupport_introspection_c.h
[3.512s] -- Up-to-date symlink: /home/coderey/ros2_ws/install/nav2_msgs/include/nav2_msgs/srv/detail/clear_costmap_except_region__rosidl_typesupport_introspection_c.h
[3.512s] -- Up-to-date symlink: /home/coderey/ros2_ws/install/nav2_msgs/include/nav2_msgs/srv/detail/clear_entire_costmap__rosidl_typesupport_introspection_c.h
[3.512s] -- Up-to-date symlink: /home/coderey/ros2_ws/install/nav2_msgs/include/nav2_msgs/srv/detail/get_costmap__rosidl_typesupport_introspection_c.h
[3.512s] -- Up-to-date symlink: /home/coderey/ros2_ws/install/nav2_msgs/include/nav2_msgs/srv/detail/load_map__rosidl_typesupport_introspection_c.h
[3.513s] -- Up-to-date symlink: /home/coderey/ros2_ws/install/nav2_msgs/include/nav2_msgs/srv/detail/manage_lifecycle_nodes__rosidl_typesupport_introspection_c.h
[3.513s] -- Up-to-date symlink: /home/coderey/ros2_ws/install/nav2_msgs/include/nav2_msgs/srv/detail/save_map__rosidl_typesupport_introspection_c.h
[3.513s] -- Up-to-date symlink: /home/coderey/ros2_ws/install/nav2_msgs/include/nav2_msgs/action/back_up.hpp
[3.514s] -- Up-to-date symlink: /home/coderey/ros2_ws/install/nav2_msgs/include/nav2_msgs/action/compute_path_through_poses.hpp
[3.515s] -- Up-to-date symlink: /home/coderey/ros2_ws/install/nav2_msgs/include/nav2_msgs/action/compute_path_to_pose.hpp
[3.515s] -- Up-to-date symlink: /home/coderey/ros2_ws/install/nav2_msgs/include/nav2_msgs/action/detail/back_up__builder.hpp
[3.515s] -- Up-to-date symlink: /home/coderey/ros2_ws/install/nav2_msgs/include/nav2_msgs/action/detail/back_up__struct.hpp
[3.515s] -- Up-to-date symlink: /home/coderey/ros2_ws/install/nav2_msgs/include/nav2_msgs/action/detail/back_up__traits.hpp
[3.515s] -- Up-to-date symlink: /home/coderey/ros2_ws/install/nav2_msgs/include/nav2_msgs/action/detail/compute_path_through_poses__builder.hpp
[3.515s] -- Up-to-date symlink: /home/coderey/ros2_ws/install/nav2_msgs/include/nav2_msgs/action/detail/compute_path_through_poses__struct.hpp
[3.515s] -- Up-to-date symlink: /home/coderey/ros2_ws/install/nav2_msgs/include/nav2_msgs/action/detail/compute_path_through_poses__traits.hpp
[3.515s] -- Up-to-date symlink: /home/coderey/ros2_ws/install/nav2_msgs/include/nav2_msgs/action/detail/compute_path_to_pose__builder.hpp
[3.516s] -- Up-to-date symlink: /home/coderey/ros2_ws/install/nav2_msgs/include/nav2_msgs/action/detail/compute_path_to_pose__struct.hpp
[3.517s] -- Up-to-date symlink: /home/coderey/ros2_ws/install/nav2_msgs/include/nav2_msgs/action/detail/compute_path_to_pose__traits.hpp
[3.517s] -- Up-to-date symlink: /home/coderey/ros2_ws/install/nav2_msgs/include/nav2_msgs/action/detail/dummy_recovery__builder.hpp
[3.517s] -- Up-to-date symlink: /home/coderey/ros2_ws/install/nav2_msgs/include/nav2_msgs/action/detail/dummy_recovery__struct.hpp
[3.517s] -- Up-to-date symlink: /home/coderey/ros2_ws/install/nav2_msgs/include/nav2_msgs/action/detail/dummy_recovery__traits.hpp
[3.517s] -- Up-to-date symlink: /home/coderey/ros2_ws/install/nav2_msgs/include/nav2_msgs/action/detail/follow_path__builder.hpp
[3.517s] -- Up-to-date symlink: /home/coderey/ros2_ws/install/nav2_msgs/include/nav2_msgs/action/detail/follow_path__struct.hpp
[3.517s] -- Up-to-date symlink: /home/coderey/ros2_ws/install/nav2_msgs/include/nav2_msgs/action/detail/follow_path__traits.hpp
[3.518s] -- Up-to-date symlink: /home/coderey/ros2_ws/install/nav2_msgs/include/nav2_msgs/action/detail/follow_waypoints__builder.hpp
[3.518s] -- Up-to-date symlink: /home/coderey/ros2_ws/install/nav2_msgs/include/nav2_msgs/action/detail/follow_waypoints__struct.hpp
[3.518s] -- Up-to-date symlink: /home/coderey/ros2_ws/install/nav2_msgs/include/nav2_msgs/action/detail/follow_waypoints__traits.hpp
[3.518s] -- Up-to-date symlink: /home/coderey/ros2_ws/install/nav2_msgs/include/nav2_msgs/action/detail/navigate_through_poses__builder.hpp
[3.518s] -- Up-to-date symlink: /home/coderey/ros2_ws/install/nav2_msgs/include/nav2_msgs/action/detail/navigate_through_poses__struct.hpp
[3.518s] -- Up-to-date symlink: /home/coderey/ros2_ws/install/nav2_msgs/include/nav2_msgs/action/detail/navigate_through_poses__traits.hpp
[3.519s] -- Up-to-date symlink: /home/coderey/ros2_ws/install/nav2_msgs/include/nav2_msgs/action/detail/navigate_to_pose__builder.hpp
[3.519s] -- Up-to-date symlink: /home/coderey/ros2_ws/install/nav2_msgs/include/nav2_msgs/action/detail/navigate_to_pose__struct.hpp
[3.520s] -- Up-to-date symlink: /home/coderey/ros2_ws/install/nav2_msgs/include/nav2_msgs/action/detail/navigate_to_pose__traits.hpp
[3.521s] -- Up-to-date symlink: /home/coderey/ros2_ws/install/nav2_msgs/include/nav2_msgs/action/detail/spin__builder.hpp
[3.522s] -- Up-to-date symlink: /home/coderey/ros2_ws/install/nav2_msgs/include/nav2_msgs/action/detail/spin__struct.hpp
[3.522s] -- Up-to-date symlink: /home/coderey/ros2_ws/install/nav2_msgs/include/nav2_msgs/action/detail/spin__traits.hpp
[3.522s] -- Up-to-date symlink: /home/coderey/ros2_ws/install/nav2_msgs/include/nav2_msgs/action/detail/wait__builder.hpp
[3.522s] -- Up-to-date symlink: /home/coderey/ros2_ws/install/nav2_msgs/include/nav2_msgs/action/detail/wait__struct.hpp
[3.522s] -- Up-to-date symlink: /home/coderey/ros2_ws/install/nav2_msgs/include/nav2_msgs/action/detail/wait__traits.hpp
[3.523s] -- Up-to-date symlink: /home/coderey/ros2_ws/install/nav2_msgs/include/nav2_msgs/action/dummy_recovery.hpp
[3.523s] -- Up-to-date symlink: /home/coderey/ros2_ws/install/nav2_msgs/include/nav2_msgs/action/follow_path.hpp
[3.523s] -- Up-to-date symlink: /home/coderey/ros2_ws/install/nav2_msgs/include/nav2_msgs/action/follow_waypoints.hpp
[3.523s] -- Up-to-date symlink: /home/coderey/ros2_ws/install/nav2_msgs/include/nav2_msgs/action/navigate_through_poses.hpp
[3.523s] -- Up-to-date symlink: /home/coderey/ros2_ws/install/nav2_msgs/include/nav2_msgs/action/navigate_to_pose.hpp
[3.523s] -- Up-to-date symlink: /home/coderey/ros2_ws/install/nav2_msgs/include/nav2_msgs/action/spin.hpp
[3.523s] -- Up-to-date symlink: /home/coderey/ros2_ws/install/nav2_msgs/include/nav2_msgs/action/wait.hpp
[3.523s] -- Up-to-date symlink: /home/coderey/ros2_ws/install/nav2_msgs/include/nav2_msgs/msg/behavior_tree_log.hpp
[3.523s] -- Up-to-date symlink: /home/coderey/ros2_ws/install/nav2_msgs/include/nav2_msgs/msg/behavior_tree_status_change.hpp
[3.523s] -- Up-to-date symlink: /home/coderey/ros2_ws/install/nav2_msgs/include/nav2_msgs/msg/costmap.hpp
[3.523s] -- Up-to-date symlink: /home/coderey/ros2_ws/install/nav2_msgs/include/nav2_msgs/msg/costmap_filter_info.hpp
[3.524s] -- Up-to-date symlink: /home/coderey/ros2_ws/install/nav2_msgs/include/nav2_msgs/msg/costmap_meta_data.hpp
[3.524s] -- Up-to-date symlink: /home/coderey/ros2_ws/install/nav2_msgs/include/nav2_msgs/msg/detail/behavior_tree_log__builder.hpp
[3.524s] -- Up-to-date symlink: /home/coderey/ros2_ws/install/nav2_msgs/include/nav2_msgs/msg/detail/behavior_tree_log__struct.hpp
[3.524s] -- Up-to-date symlink: /home/coderey/ros2_ws/install/nav2_msgs/include/nav2_msgs/msg/detail/behavior_tree_log__traits.hpp
[3.524s] -- Up-to-date symlink: /home/coderey/ros2_ws/install/nav2_msgs/include/nav2_msgs/msg/detail/behavior_tree_status_change__builder.hpp
[3.524s] -- Up-to-date symlink: /home/coderey/ros2_ws/install/nav2_msgs/include/nav2_msgs/msg/detail/behavior_tree_status_change__struct.hpp
[3.525s] -- Up-to-date symlink: /home/coderey/ros2_ws/install/nav2_msgs/include/nav2_msgs/msg/detail/behavior_tree_status_change__traits.hpp
[3.525s] -- Up-to-date symlink: /home/coderey/ros2_ws/install/nav2_msgs/include/nav2_msgs/msg/detail/costmap__builder.hpp
[3.525s] -- Up-to-date symlink: /home/coderey/ros2_ws/install/nav2_msgs/include/nav2_msgs/msg/detail/costmap__struct.hpp
[3.525s] -- Up-to-date symlink: /home/coderey/ros2_ws/install/nav2_msgs/include/nav2_msgs/msg/detail/costmap__traits.hpp
[3.525s] -- Up-to-date symlink: /home/coderey/ros2_ws/install/nav2_msgs/include/nav2_msgs/msg/detail/costmap_filter_info__builder.hpp
[3.525s] -- Up-to-date symlink: /home/coderey/ros2_ws/install/nav2_msgs/include/nav2_msgs/msg/detail/costmap_filter_info__struct.hpp
[3.525s] -- Up-to-date symlink: /home/coderey/ros2_ws/install/nav2_msgs/include/nav2_msgs/msg/detail/costmap_filter_info__traits.hpp
[3.525s] -- Up-to-date symlink: /home/coderey/ros2_ws/install/nav2_msgs/include/nav2_msgs/msg/detail/costmap_meta_data__builder.hpp
[3.526s] -- Up-to-date symlink: /home/coderey/ros2_ws/install/nav2_msgs/include/nav2_msgs/msg/detail/costmap_meta_data__struct.hpp
[3.526s] -- Up-to-date symlink: /home/coderey/ros2_ws/install/nav2_msgs/include/nav2_msgs/msg/detail/costmap_meta_data__traits.hpp
[3.526s] -- Up-to-date symlink: /home/coderey/ros2_ws/install/nav2_msgs/include/nav2_msgs/msg/detail/particle__builder.hpp
[3.527s] -- Up-to-date symlink: /home/coderey/ros2_ws/install/nav2_msgs/include/nav2_msgs/msg/detail/particle__struct.hpp
[3.527s] -- Up-to-date symlink: /home/coderey/ros2_ws/install/nav2_msgs/include/nav2_msgs/msg/detail/particle__traits.hpp
[3.527s] -- Up-to-date symlink: /home/coderey/ros2_ws/install/nav2_msgs/include/nav2_msgs/msg/detail/particle_cloud__builder.hpp
[3.527s] -- Up-to-date symlink: /home/coderey/ros2_ws/install/nav2_msgs/include/nav2_msgs/msg/detail/particle_cloud__struct.hpp
[3.527s] -- Up-to-date symlink: /home/coderey/ros2_ws/install/nav2_msgs/include/nav2_msgs/msg/detail/particle_cloud__traits.hpp
[3.528s] -- Up-to-date symlink: /home/coderey/ros2_ws/install/nav2_msgs/include/nav2_msgs/msg/detail/speed_limit__builder.hpp
[3.528s] -- Up-to-date symlink: /home/coderey/ros2_ws/install/nav2_msgs/include/nav2_msgs/msg/detail/speed_limit__struct.hpp
[3.528s] -- Up-to-date symlink: /home/coderey/ros2_ws/install/nav2_msgs/include/nav2_msgs/msg/detail/speed_limit__traits.hpp
[3.528s] -- Up-to-date symlink: /home/coderey/ros2_ws/install/nav2_msgs/include/nav2_msgs/msg/detail/voxel_grid__builder.hpp
[3.529s] -- Up-to-date symlink: /home/coderey/ros2_ws/install/nav2_msgs/include/nav2_msgs/msg/detail/voxel_grid__struct.hpp
[3.529s] -- Up-to-date symlink: /home/coderey/ros2_ws/install/nav2_msgs/include/nav2_msgs/msg/detail/voxel_grid__traits.hpp
[3.529s] -- Up-to-date symlink: /home/coderey/ros2_ws/install/nav2_msgs/include/nav2_msgs/msg/particle.hpp
[3.529s] -- Up-to-date symlink: /home/coderey/ros2_ws/install/nav2_msgs/include/nav2_msgs/msg/particle_cloud.hpp
[3.529s] -- Up-to-date symlink: /home/coderey/ros2_ws/install/nav2_msgs/include/nav2_msgs/msg/speed_limit.hpp
[3.529s] -- Up-to-date symlink: /home/coderey/ros2_ws/install/nav2_msgs/include/nav2_msgs/msg/voxel_grid.hpp
[3.529s] -- Up-to-date symlink: /home/coderey/ros2_ws/install/nav2_msgs/include/nav2_msgs/srv/clear_costmap_around_robot.hpp
[3.529s] -- Up-to-date symlink: /home/coderey/ros2_ws/install/nav2_msgs/include/nav2_msgs/srv/clear_costmap_except_region.hpp
[3.530s] -- Up-to-date symlink: /home/coderey/ros2_ws/install/nav2_msgs/include/nav2_msgs/srv/clear_entire_costmap.hpp
[3.530s] -- Up-to-date symlink: /home/coderey/ros2_ws/install/nav2_msgs/include/nav2_msgs/srv/detail/clear_costmap_around_robot__builder.hpp
[3.530s] -- Up-to-date symlink: /home/coderey/ros2_ws/install/nav2_msgs/include/nav2_msgs/srv/detail/clear_costmap_around_robot__struct.hpp
[3.530s] -- Up-to-date symlink: /home/coderey/ros2_ws/install/nav2_msgs/include/nav2_msgs/srv/detail/clear_costmap_around_robot__traits.hpp
[3.530s] -- Up-to-date symlink: /home/coderey/ros2_ws/install/nav2_msgs/include/nav2_msgs/srv/detail/clear_costmap_except_region__builder.hpp
[3.530s] -- Up-to-date symlink: /home/coderey/ros2_ws/install/nav2_msgs/include/nav2_msgs/srv/detail/clear_costmap_except_region__struct.hpp
[3.530s] -- Up-to-date symlink: /home/coderey/ros2_ws/install/nav2_msgs/include/nav2_msgs/srv/detail/clear_costmap_except_region__traits.hpp
[3.530s] -- Up-to-date symlink: /home/coderey/ros2_ws/install/nav2_msgs/include/nav2_msgs/srv/detail/clear_entire_costmap__builder.hpp
[3.530s] -- Up-to-date symlink: /home/coderey/ros2_ws/install/nav2_msgs/include/nav2_msgs/srv/detail/clear_entire_costmap__struct.hpp
[3.531s] -- Up-to-date symlink: /home/coderey/ros2_ws/install/nav2_msgs/include/nav2_msgs/srv/detail/clear_entire_costmap__traits.hpp
[3.531s] -- Up-to-date symlink: /home/coderey/ros2_ws/install/nav2_msgs/include/nav2_msgs/srv/detail/get_costmap__builder.hpp
[3.532s] -- Up-to-date symlink: /home/coderey/ros2_ws/install/nav2_msgs/include/nav2_msgs/srv/detail/get_costmap__struct.hpp
[3.532s] -- Up-to-date symlink: /home/coderey/ros2_ws/install/nav2_msgs/include/nav2_msgs/srv/detail/get_costmap__traits.hpp
[3.533s] -- Up-to-date symlink: /home/coderey/ros2_ws/install/nav2_msgs/include/nav2_msgs/srv/detail/load_map__builder.hpp
[3.533s] -- Up-to-date symlink: /home/coderey/ros2_ws/install/nav2_msgs/include/nav2_msgs/srv/detail/load_map__struct.hpp
[3.533s] -- Up-to-date symlink: /home/coderey/ros2_ws/install/nav2_msgs/include/nav2_msgs/srv/detail/load_map__traits.hpp
[3.533s] -- Up-to-date symlink: /home/coderey/ros2_ws/install/nav2_msgs/include/nav2_msgs/srv/detail/manage_lifecycle_nodes__builder.hpp
[3.533s] -- Up-to-date symlink: /home/coderey/ros2_ws/install/nav2_msgs/include/nav2_msgs/srv/detail/manage_lifecycle_nodes__struct.hpp
[3.533s] -- Up-to-date symlink: /home/coderey/ros2_ws/install/nav2_msgs/include/nav2_msgs/srv/detail/manage_lifecycle_nodes__traits.hpp
[3.534s] -- Up-to-date symlink: /home/coderey/ros2_ws/install/nav2_msgs/include/nav2_msgs/srv/detail/save_map__builder.hpp
[3.534s] -- Up-to-date symlink: /home/coderey/ros2_ws/install/nav2_msgs/include/nav2_msgs/srv/detail/save_map__struct.hpp
[3.534s] -- Up-to-date symlink: /home/coderey/ros2_ws/install/nav2_msgs/include/nav2_msgs/srv/detail/save_map__traits.hpp
[3.534s] -- Up-to-date symlink: /home/coderey/ros2_ws/install/nav2_msgs/include/nav2_msgs/srv/get_costmap.hpp
[3.534s] -- Up-to-date symlink: /home/coderey/ros2_ws/install/nav2_msgs/include/nav2_msgs/srv/load_map.hpp
[3.534s] -- Up-to-date symlink: /home/coderey/ros2_ws/install/nav2_msgs/include/nav2_msgs/srv/manage_lifecycle_nodes.hpp
[3.534s] -- Up-to-date symlink: /home/coderey/ros2_ws/install/nav2_msgs/include/nav2_msgs/srv/save_map.hpp
[3.535s] -- Up-to-date symlink: /home/coderey/ros2_ws/install/nav2_msgs/include/nav2_msgs/action/detail/back_up__rosidl_typesupport_microxrcedds_cpp.hpp
[3.536s] -- Up-to-date symlink: /home/coderey/ros2_ws/install/nav2_msgs/include/nav2_msgs/action/detail/compute_path_through_poses__rosidl_typesupport_microxrcedds_cpp.hpp
[3.537s] -- Up-to-date symlink: /home/coderey/ros2_ws/install/nav2_msgs/include/nav2_msgs/action/detail/compute_path_to_pose__rosidl_typesupport_microxrcedds_cpp.hpp
[3.537s] -- Up-to-date symlink: /home/coderey/ros2_ws/install/nav2_msgs/include/nav2_msgs/action/detail/dummy_recovery__rosidl_typesupport_microxrcedds_cpp.hpp
[3.537s] -- Up-to-date symlink: /home/coderey/ros2_ws/install/nav2_msgs/include/nav2_msgs/action/detail/follow_path__rosidl_typesupport_microxrcedds_cpp.hpp
[3.537s] -- Up-to-date symlink: /home/coderey/ros2_ws/install/nav2_msgs/include/nav2_msgs/action/detail/follow_waypoints__rosidl_typesupport_microxrcedds_cpp.hpp
[3.537s] -- Up-to-date symlink: /home/coderey/ros2_ws/install/nav2_msgs/include/nav2_msgs/action/detail/microxrcedds/back_up__type_support_cpp.cpp
[3.537s] -- Up-to-date symlink: /home/coderey/ros2_ws/install/nav2_msgs/include/nav2_msgs/action/detail/microxrcedds/compute_path_through_poses__type_support_cpp.cpp
[3.537s] -- Up-to-date symlink: /home/coderey/ros2_ws/install/nav2_msgs/include/nav2_msgs/action/detail/microxrcedds/compute_path_to_pose__type_support_cpp.cpp
[3.537s] -- Up-to-date symlink: /home/coderey/ros2_ws/install/nav2_msgs/include/nav2_msgs/action/detail/microxrcedds/dummy_recovery__type_support_cpp.cpp
[3.538s] -- Up-to-date symlink: /home/coderey/ros2_ws/install/nav2_msgs/include/nav2_msgs/action/detail/microxrcedds/follow_path__type_support_cpp.cpp
[3.538s] -- Up-to-date symlink: /home/coderey/ros2_ws/install/nav2_msgs/include/nav2_msgs/action/detail/microxrcedds/follow_waypoints__type_support_cpp.cpp
[3.538s] -- Up-to-date symlink: /home/coderey/ros2_ws/install/nav2_msgs/include/nav2_msgs/action/detail/microxrcedds/navigate_through_poses__type_support_cpp.cpp
[3.538s] -- Up-to-date symlink: /home/coderey/ros2_ws/install/nav2_msgs/include/nav2_msgs/action/detail/microxrcedds/navigate_to_pose__type_support_cpp.cpp
[3.538s] -- Up-to-date symlink: /home/coderey/ros2_ws/install/nav2_msgs/include/nav2_msgs/action/detail/microxrcedds/spin__type_support_cpp.cpp
[3.538s] -- Up-to-date symlink: /home/coderey/ros2_ws/install/nav2_msgs/include/nav2_msgs/action/detail/microxrcedds/wait__type_support_cpp.cpp
[3.538s] -- Up-to-date symlink: /home/coderey/ros2_ws/install/nav2_msgs/include/nav2_msgs/action/detail/navigate_through_poses__rosidl_typesupport_microxrcedds_cpp.hpp
[3.538s] -- Up-to-date symlink: /home/coderey/ros2_ws/install/nav2_msgs/include/nav2_msgs/action/detail/navigate_to_pose__rosidl_typesupport_microxrcedds_cpp.hpp
[3.538s] -- Up-to-date symlink: /home/coderey/ros2_ws/install/nav2_msgs/include/nav2_msgs/action/detail/spin__rosidl_typesupport_microxrcedds_cpp.hpp
[3.538s] -- Up-to-date symlink: /home/coderey/ros2_ws/install/nav2_msgs/include/nav2_msgs/action/detail/wait__rosidl_typesupport_microxrcedds_cpp.hpp
[3.539s] -- Up-to-date symlink: /home/coderey/ros2_ws/install/nav2_msgs/include/nav2_msgs/msg/detail/behavior_tree_log__rosidl_typesupport_microxrcedds_cpp.hpp
[3.539s] -- Up-to-date symlink: /home/coderey/ros2_ws/install/nav2_msgs/include/nav2_msgs/msg/detail/behavior_tree_status_change__rosidl_typesupport_microxrcedds_cpp.hpp
[3.539s] -- Up-to-date symlink: /home/coderey/ros2_ws/install/nav2_msgs/include/nav2_msgs/msg/detail/costmap__rosidl_typesupport_microxrcedds_cpp.hpp
[3.539s] -- Up-to-date symlink: /home/coderey/ros2_ws/install/nav2_msgs/include/nav2_msgs/msg/detail/costmap_filter_info__rosidl_typesupport_microxrcedds_cpp.hpp
[3.539s] -- Up-to-date symlink: /home/coderey/ros2_ws/install/nav2_msgs/include/nav2_msgs/msg/detail/costmap_meta_data__rosidl_typesupport_microxrcedds_cpp.hpp
[3.540s] -- Up-to-date symlink: /home/coderey/ros2_ws/install/nav2_msgs/include/nav2_msgs/msg/detail/microxrcedds/behavior_tree_log__type_support_cpp.cpp
[3.541s] -- Up-to-date symlink: /home/coderey/ros2_ws/install/nav2_msgs/include/nav2_msgs/msg/detail/microxrcedds/behavior_tree_status_change__type_support_cpp.cpp
[3.541s] -- Up-to-date symlink: /home/coderey/ros2_ws/install/nav2_msgs/include/nav2_msgs/msg/detail/microxrcedds/costmap__type_support_cpp.cpp
[3.541s] -- Up-to-date symlink: /home/coderey/ros2_ws/install/nav2_msgs/include/nav2_msgs/msg/detail/microxrcedds/costmap_filter_info__type_support_cpp.cpp
[3.541s] -- Up-to-date symlink: /home/coderey/ros2_ws/install/nav2_msgs/include/nav2_msgs/msg/detail/microxrcedds/costmap_meta_data__type_support_cpp.cpp
[3.541s] -- Up-to-date symlink: /home/coderey/ros2_ws/install/nav2_msgs/include/nav2_msgs/msg/detail/microxrcedds/particle__type_support_cpp.cpp
[3.541s] -- Up-to-date symlink: /home/coderey/ros2_ws/install/nav2_msgs/include/nav2_msgs/msg/detail/microxrcedds/particle_cloud__type_support_cpp.cpp
[3.541s] -- Up-to-date symlink: /home/coderey/ros2_ws/install/nav2_msgs/include/nav2_msgs/msg/detail/microxrcedds/speed_limit__type_support_cpp.cpp
[3.541s] -- Up-to-date symlink: /home/coderey/ros2_ws/install/nav2_msgs/include/nav2_msgs/msg/detail/microxrcedds/voxel_grid__type_support_cpp.cpp
[3.542s] -- Up-to-date symlink: /home/coderey/ros2_ws/install/nav2_msgs/include/nav2_msgs/msg/detail/particle__rosidl_typesupport_microxrcedds_cpp.hpp
[3.542s] -- Up-to-date symlink: /home/coderey/ros2_ws/install/nav2_msgs/include/nav2_msgs/msg/detail/particle_cloud__rosidl_typesupport_microxrcedds_cpp.hpp
[3.542s] -- Up-to-date symlink: /home/coderey/ros2_ws/install/nav2_msgs/include/nav2_msgs/msg/detail/speed_limit__rosidl_typesupport_microxrcedds_cpp.hpp
[3.542s] -- Up-to-date symlink: /home/coderey/ros2_ws/install/nav2_msgs/include/nav2_msgs/msg/detail/voxel_grid__rosidl_typesupport_microxrcedds_cpp.hpp
[3.542s] -- Up-to-date symlink: /home/coderey/ros2_ws/install/nav2_msgs/include/nav2_msgs/msg/rosidl_typesupport_microxrcedds_cpp__visibility_control.h
[3.543s] -- Up-to-date symlink: /home/coderey/ros2_ws/install/nav2_msgs/include/nav2_msgs/srv/detail/clear_costmap_around_robot__rosidl_typesupport_microxrcedds_cpp.hpp
[3.543s] -- Up-to-date symlink: /home/coderey/ros2_ws/install/nav2_msgs/include/nav2_msgs/srv/detail/clear_costmap_except_region__rosidl_typesupport_microxrcedds_cpp.hpp
[3.543s] -- Up-to-date symlink: /home/coderey/ros2_ws/install/nav2_msgs/include/nav2_msgs/srv/detail/clear_entire_costmap__rosidl_typesupport_microxrcedds_cpp.hpp
[3.543s] -- Up-to-date symlink: /home/coderey/ros2_ws/install/nav2_msgs/include/nav2_msgs/srv/detail/get_costmap__rosidl_typesupport_microxrcedds_cpp.hpp
[3.544s] -- Up-to-date symlink: /home/coderey/ros2_ws/install/nav2_msgs/include/nav2_msgs/srv/detail/load_map__rosidl_typesupport_microxrcedds_cpp.hpp
[3.544s] -- Up-to-date symlink: /home/coderey/ros2_ws/install/nav2_msgs/include/nav2_msgs/srv/detail/manage_lifecycle_nodes__rosidl_typesupport_microxrcedds_cpp.hpp
[3.544s] -- Up-to-date symlink: /home/coderey/ros2_ws/install/nav2_msgs/include/nav2_msgs/srv/detail/microxrcedds/clear_costmap_around_robot__type_support_cpp.cpp
[3.544s] -- Up-to-date symlink: /home/coderey/ros2_ws/install/nav2_msgs/include/nav2_msgs/srv/detail/microxrcedds/clear_costmap_except_region__type_support_cpp.cpp
[3.544s] -- Up-to-date symlink: /home/coderey/ros2_ws/install/nav2_msgs/include/nav2_msgs/srv/detail/microxrcedds/clear_entire_costmap__type_support_cpp.cpp
[3.545s] -- Up-to-date symlink: /home/coderey/ros2_ws/install/nav2_msgs/include/nav2_msgs/srv/detail/microxrcedds/get_costmap__type_support_cpp.cpp
[3.545s] -- Up-to-date symlink: /home/coderey/ros2_ws/install/nav2_msgs/include/nav2_msgs/srv/detail/microxrcedds/load_map__type_support_cpp.cpp
[3.545s] -- Up-to-date symlink: /home/coderey/ros2_ws/install/nav2_msgs/include/nav2_msgs/srv/detail/microxrcedds/manage_lifecycle_nodes__type_support_cpp.cpp
[3.545s] -- Up-to-date symlink: /home/coderey/ros2_ws/install/nav2_msgs/include/nav2_msgs/srv/detail/microxrcedds/save_map__type_support_cpp.cpp
[3.545s] -- Up-to-date symlink: /home/coderey/ros2_ws/install/nav2_msgs/include/nav2_msgs/srv/detail/save_map__rosidl_typesupport_microxrcedds_cpp.hpp
[3.545s] -- Up-to-date symlink: /home/coderey/ros2_ws/install/nav2_msgs/lib/libnav2_msgs__rosidl_typesupport_microxrcedds_cpp.so
[3.546s] -- Up-to-date symlink: /home/coderey/ros2_ws/install/nav2_msgs/include/nav2_msgs/action/detail/back_up__rosidl_typesupport_introspection_cpp.hpp
[3.546s] -- Up-to-date symlink: /home/coderey/ros2_ws/install/nav2_msgs/include/nav2_msgs/action/detail/compute_path_through_poses__rosidl_typesupport_introspection_cpp.hpp
[3.546s] -- Up-to-date symlink: /home/coderey/ros2_ws/install/nav2_msgs/include/nav2_msgs/action/detail/compute_path_to_pose__rosidl_typesupport_introspection_cpp.hpp
[3.546s] -- Up-to-date symlink: /home/coderey/ros2_ws/install/nav2_msgs/include/nav2_msgs/action/detail/dummy_recovery__rosidl_typesupport_introspection_cpp.hpp
[3.546s] -- Up-to-date symlink: /home/coderey/ros2_ws/install/nav2_msgs/include/nav2_msgs/action/detail/follow_path__rosidl_typesupport_introspection_cpp.hpp
[3.546s] -- Up-to-date symlink: /home/coderey/ros2_ws/install/nav2_msgs/include/nav2_msgs/action/detail/follow_waypoints__rosidl_typesupport_introspection_cpp.hpp
[3.550s] -- Up-to-date symlink: /home/coderey/ros2_ws/install/nav2_msgs/include/nav2_msgs/action/detail/navigate_through_poses__rosidl_typesupport_introspection_cpp.hpp
[3.551s] -- Up-to-date symlink: /home/coderey/ros2_ws/install/nav2_msgs/include/nav2_msgs/action/detail/navigate_to_pose__rosidl_typesupport_introspection_cpp.hpp
[3.551s] -- Up-to-date symlink: /home/coderey/ros2_ws/install/nav2_msgs/include/nav2_msgs/action/detail/spin__rosidl_typesupport_introspection_cpp.hpp
[3.551s] -- Up-to-date symlink: /home/coderey/ros2_ws/install/nav2_msgs/include/nav2_msgs/action/detail/wait__rosidl_typesupport_introspection_cpp.hpp
[3.551s] -- Up-to-date symlink: /home/coderey/ros2_ws/install/nav2_msgs/include/nav2_msgs/msg/detail/behavior_tree_log__rosidl_typesupport_introspection_cpp.hpp
[3.551s] -- Up-to-date symlink: /home/coderey/ros2_ws/install/nav2_msgs/include/nav2_msgs/msg/detail/behavior_tree_status_change__rosidl_typesupport_introspection_cpp.hpp
[3.551s] -- Up-to-date symlink: /home/coderey/ros2_ws/install/nav2_msgs/include/nav2_msgs/msg/detail/costmap__rosidl_typesupport_introspection_cpp.hpp
[3.551s] -- Up-to-date symlink: /home/coderey/ros2_ws/install/nav2_msgs/include/nav2_msgs/msg/detail/costmap_filter_info__rosidl_typesupport_introspection_cpp.hpp
[3.555s] -- Up-to-date symlink: /home/coderey/ros2_ws/install/nav2_msgs/include/nav2_msgs/msg/detail/costmap_meta_data__rosidl_typesupport_introspection_cpp.hpp
[3.555s] -- Up-to-date symlink: /home/coderey/ros2_ws/install/nav2_msgs/include/nav2_msgs/msg/detail/particle__rosidl_typesupport_introspection_cpp.hpp
[3.555s] -- Up-to-date symlink: /home/coderey/ros2_ws/install/nav2_msgs/include/nav2_msgs/msg/detail/particle_cloud__rosidl_typesupport_introspection_cpp.hpp
[3.555s] -- Up-to-date symlink: /home/coderey/ros2_ws/install/nav2_msgs/include/nav2_msgs/msg/detail/speed_limit__rosidl_typesupport_introspection_cpp.hpp
[3.555s] -- Up-to-date symlink: /home/coderey/ros2_ws/install/nav2_msgs/include/nav2_msgs/msg/detail/voxel_grid__rosidl_typesupport_introspection_cpp.hpp
[3.555s] -- Up-to-date symlink: /home/coderey/ros2_ws/install/nav2_msgs/include/nav2_msgs/srv/detail/clear_costmap_around_robot__rosidl_typesupport_introspection_cpp.hpp
[3.555s] -- Up-to-date symlink: /home/coderey/ros2_ws/install/nav2_msgs/include/nav2_msgs/srv/detail/clear_costmap_except_region__rosidl_typesupport_introspection_cpp.hpp
[3.555s] -- Up-to-date symlink: /home/coderey/ros2_ws/install/nav2_msgs/include/nav2_msgs/srv/detail/clear_entire_costmap__rosidl_typesupport_introspection_cpp.hpp
[3.556s] -- Up-to-date symlink: /home/coderey/ros2_ws/install/nav2_msgs/include/nav2_msgs/srv/detail/get_costmap__rosidl_typesupport_introspection_cpp.hpp
[3.556s] -- Up-to-date symlink: /home/coderey/ros2_ws/install/nav2_msgs/include/nav2_msgs/srv/detail/load_map__rosidl_typesupport_introspection_cpp.hpp
[3.556s] -- Up-to-date symlink: /home/coderey/ros2_ws/install/nav2_msgs/include/nav2_msgs/srv/detail/manage_lifecycle_nodes__rosidl_typesupport_introspection_cpp.hpp
[3.556s] -- Up-to-date symlink: /home/coderey/ros2_ws/install/nav2_msgs/include/nav2_msgs/srv/detail/save_map__rosidl_typesupport_introspection_cpp.hpp
[3.556s] -- Up-to-date symlink: /home/coderey/ros2_ws/install/nav2_msgs/share/nav2_msgs/environment/pythonpath.sh
[3.556s] -- Up-to-date symlink: /home/coderey/ros2_ws/install/nav2_msgs/share/nav2_msgs/environment/pythonpath.dsv
[3.556s] -- Up-to-date symlink: /home/coderey/ros2_ws/install/nav2_msgs/lib/python3.8/site-packages/nav2_msgs/__init__.py
[3.556s] -- Up-to-date symlink: /home/coderey/ros2_ws/install/nav2_msgs/lib/python3.8/site-packages/nav2_msgs/msg/__init__.py
[3.556s] -- Up-to-date symlink: /home/coderey/ros2_ws/install/nav2_msgs/lib/python3.8/site-packages/nav2_msgs/msg/_behavior_tree_log.py
[3.557s] -- Up-to-date symlink: /home/coderey/ros2_ws/install/nav2_msgs/lib/python3.8/site-packages/nav2_msgs/msg/_behavior_tree_status_change.py
[3.557s] -- Up-to-date symlink: /home/coderey/ros2_ws/install/nav2_msgs/lib/python3.8/site-packages/nav2_msgs/msg/_costmap.py
[3.557s] -- Up-to-date symlink: /home/coderey/ros2_ws/install/nav2_msgs/lib/python3.8/site-packages/nav2_msgs/msg/_costmap_filter_info.py
[3.557s] -- Up-to-date symlink: /home/coderey/ros2_ws/install/nav2_msgs/lib/python3.8/site-packages/nav2_msgs/msg/_costmap_meta_data.py
[3.557s] -- Up-to-date symlink: /home/coderey/ros2_ws/install/nav2_msgs/lib/python3.8/site-packages/nav2_msgs/msg/_particle.py
[3.557s] -- Up-to-date symlink: /home/coderey/ros2_ws/install/nav2_msgs/lib/python3.8/site-packages/nav2_msgs/msg/_particle_cloud.py
[3.557s] -- Up-to-date symlink: /home/coderey/ros2_ws/install/nav2_msgs/lib/python3.8/site-packages/nav2_msgs/msg/_speed_limit.py
[3.557s] -- Up-to-date symlink: /home/coderey/ros2_ws/install/nav2_msgs/lib/python3.8/site-packages/nav2_msgs/msg/_voxel_grid.py
[3.557s] -- Up-to-date symlink: /home/coderey/ros2_ws/install/nav2_msgs/lib/python3.8/site-packages/nav2_msgs/srv/__init__.py
[3.557s] -- Up-to-date symlink: /home/coderey/ros2_ws/install/nav2_msgs/lib/python3.8/site-packages/nav2_msgs/srv/_clear_costmap_around_robot.py
[3.557s] -- Up-to-date symlink: /home/coderey/ros2_ws/install/nav2_msgs/lib/python3.8/site-packages/nav2_msgs/srv/_clear_costmap_except_region.py
[3.558s] -- Up-to-date symlink: /home/coderey/ros2_ws/install/nav2_msgs/lib/python3.8/site-packages/nav2_msgs/srv/_clear_entire_costmap.py
[3.558s] -- Up-to-date symlink: /home/coderey/ros2_ws/install/nav2_msgs/lib/python3.8/site-packages/nav2_msgs/srv/_get_costmap.py
[3.558s] -- Up-to-date symlink: /home/coderey/ros2_ws/install/nav2_msgs/lib/python3.8/site-packages/nav2_msgs/srv/_load_map.py
[3.558s] -- Up-to-date symlink: /home/coderey/ros2_ws/install/nav2_msgs/lib/python3.8/site-packages/nav2_msgs/srv/_manage_lifecycle_nodes.py
[3.558s] -- Up-to-date symlink: /home/coderey/ros2_ws/install/nav2_msgs/lib/python3.8/site-packages/nav2_msgs/srv/_save_map.py
[3.558s] -- Up-to-date symlink: /home/coderey/ros2_ws/install/nav2_msgs/lib/python3.8/site-packages/nav2_msgs/action/__init__.py
[3.558s] -- Up-to-date symlink: /home/coderey/ros2_ws/install/nav2_msgs/lib/python3.8/site-packages/nav2_msgs/action/_back_up.py
[3.558s] -- Up-to-date symlink: /home/coderey/ros2_ws/install/nav2_msgs/lib/python3.8/site-packages/nav2_msgs/action/_compute_path_through_poses.py
[3.558s] -- Up-to-date symlink: /home/coderey/ros2_ws/install/nav2_msgs/lib/python3.8/site-packages/nav2_msgs/action/_compute_path_to_pose.py
[3.558s] -- Up-to-date symlink: /home/coderey/ros2_ws/install/nav2_msgs/lib/python3.8/site-packages/nav2_msgs/action/_dummy_recovery.py
[3.558s] -- Up-to-date symlink: /home/coderey/ros2_ws/install/nav2_msgs/lib/python3.8/site-packages/nav2_msgs/action/_follow_path.py
[3.559s] -- Up-to-date symlink: /home/coderey/ros2_ws/install/nav2_msgs/lib/python3.8/site-packages/nav2_msgs/action/_follow_waypoints.py
[3.559s] -- Up-to-date symlink: /home/coderey/ros2_ws/install/nav2_msgs/lib/python3.8/site-packages/nav2_msgs/action/_navigate_through_poses.py
[3.559s] -- Up-to-date symlink: /home/coderey/ros2_ws/install/nav2_msgs/lib/python3.8/site-packages/nav2_msgs/action/_navigate_to_pose.py
[3.559s] -- Up-to-date symlink: /home/coderey/ros2_ws/install/nav2_msgs/lib/python3.8/site-packages/nav2_msgs/action/_spin.py
[3.559s] -- Up-to-date symlink: /home/coderey/ros2_ws/install/nav2_msgs/lib/python3.8/site-packages/nav2_msgs/action/_wait.py
[3.559s] -- Up-to-date symlink: /home/coderey/ros2_ws/install/nav2_msgs/lib/python3.8/site-packages/nav2_msgs/nav2_msgs_s__rosidl_typesupport_microxrcedds_c.cpython-38-x86_64-linux-gnu.so
[3.560s] -- Up-to-date symlink: /home/coderey/ros2_ws/install/nav2_msgs/lib/python3.8/site-packages/nav2_msgs/nav2_msgs_s__rosidl_typesupport_fastrtps_c.cpython-38-x86_64-linux-gnu.so
[3.561s] -- Up-to-date symlink: /home/coderey/ros2_ws/install/nav2_msgs/lib/python3.8/site-packages/nav2_msgs/nav2_msgs_s__rosidl_typesupport_introspection_c.cpython-38-x86_64-linux-gnu.so
[3.561s] -- Up-to-date symlink: /home/coderey/ros2_ws/install/nav2_msgs/lib/python3.8/site-packages/nav2_msgs/nav2_msgs_s__rosidl_typesupport_c.cpython-38-x86_64-linux-gnu.so
[3.561s] -- Up-to-date symlink: /home/coderey/ros2_ws/install/nav2_msgs/lib/libnav2_msgs__python.so
[3.562s] -- Up-to-date symlink: /home/coderey/ros2_ws/install/nav2_msgs/share/nav2_msgs/msg/Costmap.idl
[3.562s] -- Up-to-date symlink: /home/coderey/ros2_ws/install/nav2_msgs/share/nav2_msgs/msg/CostmapMetaData.idl
[3.562s] -- Up-to-date symlink: /home/coderey/ros2_ws/install/nav2_msgs/share/nav2_msgs/msg/CostmapFilterInfo.idl
[3.562s] -- Up-to-date symlink: /home/coderey/ros2_ws/install/nav2_msgs/share/nav2_msgs/msg/SpeedLimit.idl
[3.563s] -- Up-to-date symlink: /home/coderey/ros2_ws/install/nav2_msgs/share/nav2_msgs/msg/VoxelGrid.idl
[3.563s] -- Up-to-date symlink: /home/coderey/ros2_ws/install/nav2_msgs/share/nav2_msgs/msg/BehaviorTreeStatusChange.idl
[3.563s] -- Up-to-date symlink: /home/coderey/ros2_ws/install/nav2_msgs/share/nav2_msgs/msg/BehaviorTreeLog.idl
[3.564s] -- Up-to-date symlink: /home/coderey/ros2_ws/install/nav2_msgs/share/nav2_msgs/msg/Particle.idl
[3.564s] -- Up-to-date symlink: /home/coderey/ros2_ws/install/nav2_msgs/share/nav2_msgs/msg/ParticleCloud.idl
[3.565s] -- Up-to-date symlink: /home/coderey/ros2_ws/install/nav2_msgs/share/nav2_msgs/srv/GetCostmap.idl
[3.565s] -- Up-to-date symlink: /home/coderey/ros2_ws/install/nav2_msgs/share/nav2_msgs/srv/ClearCostmapExceptRegion.idl
[3.565s] -- Up-to-date symlink: /home/coderey/ros2_ws/install/nav2_msgs/share/nav2_msgs/srv/ClearCostmapAroundRobot.idl
[3.566s] -- Up-to-date symlink: /home/coderey/ros2_ws/install/nav2_msgs/share/nav2_msgs/srv/ClearEntireCostmap.idl
[3.566s] -- Up-to-date symlink: /home/coderey/ros2_ws/install/nav2_msgs/share/nav2_msgs/srv/ManageLifecycleNodes.idl
[3.566s] -- Up-to-date symlink: /home/coderey/ros2_ws/install/nav2_msgs/share/nav2_msgs/srv/LoadMap.idl
[3.567s] -- Up-to-date symlink: /home/coderey/ros2_ws/install/nav2_msgs/share/nav2_msgs/srv/SaveMap.idl
[3.567s] -- Up-to-date symlink: /home/coderey/ros2_ws/install/nav2_msgs/share/nav2_msgs/action/BackUp.idl
[3.567s] -- Up-to-date symlink: /home/coderey/ros2_ws/install/nav2_msgs/share/nav2_msgs/action/ComputePathToPose.idl
[3.568s] -- Up-to-date symlink: /home/coderey/ros2_ws/install/nav2_msgs/share/nav2_msgs/action/ComputePathThroughPoses.idl
[3.568s] -- Up-to-date symlink: /home/coderey/ros2_ws/install/nav2_msgs/share/nav2_msgs/action/FollowPath.idl
[3.568s] -- Up-to-date symlink: /home/coderey/ros2_ws/install/nav2_msgs/share/nav2_msgs/action/NavigateToPose.idl
[3.569s] -- Up-to-date symlink: /home/coderey/ros2_ws/install/nav2_msgs/share/nav2_msgs/action/NavigateThroughPoses.idl
[3.569s] -- Up-to-date symlink: /home/coderey/ros2_ws/install/nav2_msgs/share/nav2_msgs/action/Wait.idl
[3.569s] -- Up-to-date symlink: /home/coderey/ros2_ws/install/nav2_msgs/share/nav2_msgs/action/Spin.idl
[3.570s] -- Up-to-date symlink: /home/coderey/ros2_ws/install/nav2_msgs/share/nav2_msgs/action/DummyRecovery.idl
[3.570s] -- Up-to-date symlink: /home/coderey/ros2_ws/install/nav2_msgs/share/nav2_msgs/action/FollowWaypoints.idl
[3.571s] -- Up-to-date symlink: /home/coderey/ros2_ws/install/nav2_msgs/share/nav2_msgs/msg/Costmap.msg
[3.571s] -- Up-to-date symlink: /home/coderey/ros2_ws/install/nav2_msgs/share/nav2_msgs/msg/CostmapMetaData.msg
[3.571s] -- Up-to-date symlink: /home/coderey/ros2_ws/install/nav2_msgs/share/nav2_msgs/msg/CostmapFilterInfo.msg
[3.571s] -- Up-to-date symlink: /home/coderey/ros2_ws/install/nav2_msgs/share/nav2_msgs/msg/SpeedLimit.msg
[3.571s] -- Up-to-date symlink: /home/coderey/ros2_ws/install/nav2_msgs/share/nav2_msgs/msg/VoxelGrid.msg
[3.572s] -- Up-to-date symlink: /home/coderey/ros2_ws/install/nav2_msgs/share/nav2_msgs/msg/BehaviorTreeStatusChange.msg
[3.572s] -- Up-to-date symlink: /home/coderey/ros2_ws/install/nav2_msgs/share/nav2_msgs/msg/BehaviorTreeLog.msg
[3.573s] -- Up-to-date symlink: /home/coderey/ros2_ws/install/nav2_msgs/share/nav2_msgs/msg/Particle.msg
[3.573s] -- Up-to-date symlink: /home/coderey/ros2_ws/install/nav2_msgs/share/nav2_msgs/msg/ParticleCloud.msg
[3.573s] -- Up-to-date symlink: /home/coderey/ros2_ws/install/nav2_msgs/share/nav2_msgs/srv/GetCostmap.srv
[3.573s] -- Up-to-date symlink: /home/coderey/ros2_ws/install/nav2_msgs/share/nav2_msgs/srv/GetCostmap_Request.msg
[3.573s] -- Up-to-date symlink: /home/coderey/ros2_ws/install/nav2_msgs/share/nav2_msgs/srv/GetCostmap_Response.msg
[3.574s] -- Up-to-date symlink: /home/coderey/ros2_ws/install/nav2_msgs/share/nav2_msgs/srv/ClearCostmapExceptRegion.srv
[3.574s] -- Up-to-date symlink: /home/coderey/ros2_ws/install/nav2_msgs/share/nav2_msgs/srv/ClearCostmapExceptRegion_Request.msg
[3.574s] -- Up-to-date symlink: /home/coderey/ros2_ws/install/nav2_msgs/share/nav2_msgs/srv/ClearCostmapExceptRegion_Response.msg
[3.574s] -- Up-to-date symlink: /home/coderey/ros2_ws/install/nav2_msgs/share/nav2_msgs/srv/ClearCostmapAroundRobot.srv
[3.574s] -- Up-to-date symlink: /home/coderey/ros2_ws/install/nav2_msgs/share/nav2_msgs/srv/ClearCostmapAroundRobot_Request.msg
[3.575s] -- Up-to-date symlink: /home/coderey/ros2_ws/install/nav2_msgs/share/nav2_msgs/srv/ClearCostmapAroundRobot_Response.msg
[3.575s] -- Up-to-date symlink: /home/coderey/ros2_ws/install/nav2_msgs/share/nav2_msgs/srv/ClearEntireCostmap.srv
[3.575s] -- Up-to-date symlink: /home/coderey/ros2_ws/install/nav2_msgs/share/nav2_msgs/srv/ClearEntireCostmap_Request.msg
[3.575s] -- Up-to-date symlink: /home/coderey/ros2_ws/install/nav2_msgs/share/nav2_msgs/srv/ClearEntireCostmap_Response.msg
[3.575s] -- Up-to-date symlink: /home/coderey/ros2_ws/install/nav2_msgs/share/nav2_msgs/srv/ManageLifecycleNodes.srv
[3.576s] -- Up-to-date symlink: /home/coderey/ros2_ws/install/nav2_msgs/share/nav2_msgs/srv/ManageLifecycleNodes_Request.msg
[3.576s] -- Up-to-date symlink: /home/coderey/ros2_ws/install/nav2_msgs/share/nav2_msgs/srv/ManageLifecycleNodes_Response.msg
[3.577s] -- Up-to-date symlink: /home/coderey/ros2_ws/install/nav2_msgs/share/nav2_msgs/srv/LoadMap.srv
[3.577s] -- Up-to-date symlink: /home/coderey/ros2_ws/install/nav2_msgs/share/nav2_msgs/srv/LoadMap_Request.msg
[3.577s] -- Up-to-date symlink: /home/coderey/ros2_ws/install/nav2_msgs/share/nav2_msgs/srv/LoadMap_Response.msg
[3.577s] -- Up-to-date symlink: /home/coderey/ros2_ws/install/nav2_msgs/share/nav2_msgs/srv/SaveMap.srv
[3.577s] -- Up-to-date symlink: /home/coderey/ros2_ws/install/nav2_msgs/share/nav2_msgs/srv/SaveMap_Request.msg
[3.578s] -- Up-to-date symlink: /home/coderey/ros2_ws/install/nav2_msgs/share/nav2_msgs/srv/SaveMap_Response.msg
[3.578s] -- Up-to-date symlink: /home/coderey/ros2_ws/install/nav2_msgs/share/nav2_msgs/action/BackUp.action
[3.578s] -- Up-to-date symlink: /home/coderey/ros2_ws/install/nav2_msgs/share/nav2_msgs/action/ComputePathToPose.action
[3.579s] -- Up-to-date symlink: /home/coderey/ros2_ws/install/nav2_msgs/share/nav2_msgs/action/ComputePathThroughPoses.action
[3.579s] -- Up-to-date symlink: /home/coderey/ros2_ws/install/nav2_msgs/share/nav2_msgs/action/FollowPath.action
[3.579s] -- Up-to-date symlink: /home/coderey/ros2_ws/install/nav2_msgs/share/nav2_msgs/action/NavigateToPose.action
[3.580s] -- Up-to-date symlink: /home/coderey/ros2_ws/install/nav2_msgs/share/nav2_msgs/action/NavigateThroughPoses.action
[3.580s] -- Up-to-date symlink: /home/coderey/ros2_ws/install/nav2_msgs/share/nav2_msgs/action/Wait.action
[3.580s] -- Up-to-date symlink: /home/coderey/ros2_ws/install/nav2_msgs/share/nav2_msgs/action/Spin.action
[3.581s] -- Up-to-date symlink: /home/coderey/ros2_ws/install/nav2_msgs/share/nav2_msgs/action/DummyRecovery.action
[3.581s] -- Up-to-date symlink: /home/coderey/ros2_ws/install/nav2_msgs/share/nav2_msgs/action/FollowWaypoints.action
[3.581s] -- Up-to-date symlink: /home/coderey/ros2_ws/install/nav2_msgs/share/ament_index/resource_index/package_run_dependencies/nav2_msgs
[3.582s] -- Up-to-date symlink: /home/coderey/ros2_ws/install/nav2_msgs/share/ament_index/resource_index/parent_prefix_path/nav2_msgs
[3.582s] -- Up-to-date symlink: /home/coderey/ros2_ws/install/nav2_msgs/share/nav2_msgs/environment/ament_prefix_path.sh
[3.582s] -- Up-to-date symlink: /home/coderey/ros2_ws/install/nav2_msgs/share/nav2_msgs/environment/ament_prefix_path.dsv
[3.582s] -- Up-to-date symlink: /home/coderey/ros2_ws/install/nav2_msgs/share/nav2_msgs/environment/path.sh
[3.583s] -- Up-to-date symlink: /home/coderey/ros2_ws/install/nav2_msgs/share/nav2_msgs/environment/path.dsv
[3.583s] -- Up-to-date symlink: /home/coderey/ros2_ws/install/nav2_msgs/share/nav2_msgs/local_setup.bash
[3.584s] -- Up-to-date symlink: /home/coderey/ros2_ws/install/nav2_msgs/share/nav2_msgs/local_setup.sh
[3.584s] -- Up-to-date symlink: /home/coderey/ros2_ws/install/nav2_msgs/share/nav2_msgs/local_setup.zsh
[3.585s] -- Up-to-date symlink: /home/coderey/ros2_ws/install/nav2_msgs/share/nav2_msgs/local_setup.dsv
[3.585s] -- Symlinking: /home/coderey/ros2_ws/install/nav2_msgs/share/nav2_msgs/package.dsv
[3.604s] -- Up-to-date symlink: /home/coderey/ros2_ws/install/nav2_msgs/share/ament_index/resource_index/packages/nav2_msgs
[3.605s] -- Up-to-date symlink: /home/coderey/ros2_ws/install/nav2_msgs/share/nav2_msgs/cmake/rosidl_cmake-extras.cmake
[3.605s] -- Up-to-date symlink: /home/coderey/ros2_ws/install/nav2_msgs/share/nav2_msgs/cmake/ament_cmake_export_dependencies-extras.cmake
[3.607s] -- Up-to-date symlink: /home/coderey/ros2_ws/install/nav2_msgs/share/nav2_msgs/cmake/ament_cmake_export_libraries-extras.cmake
[3.607s] -- Up-to-date symlink: /home/coderey/ros2_ws/install/nav2_msgs/share/nav2_msgs/cmake/ament_cmake_export_targets-extras.cmake
[3.608s] -- Up-to-date symlink: /home/coderey/ros2_ws/install/nav2_msgs/share/nav2_msgs/cmake/ament_cmake_export_include_directories-extras.cmake
[3.609s] -- Up-to-date symlink: /home/coderey/ros2_ws/install/nav2_msgs/share/nav2_msgs/cmake/rosidl_cmake_export_typesupport_libraries-extras.cmake
[3.609s] -- Up-to-date symlink: /home/coderey/ros2_ws/install/nav2_msgs/share/nav2_msgs/cmake/rosidl_cmake_export_typesupport_targets-extras.cmake
[3.609s] -- Up-to-date symlink: /home/coderey/ros2_ws/install/nav2_msgs/share/nav2_msgs/cmake/nav2_msgsConfig.cmake
[3.609s] -- Up-to-date symlink: /home/coderey/ros2_ws/install/nav2_msgs/share/nav2_msgs/cmake/nav2_msgsConfig-version.cmake
[3.610s] -- Up-to-date symlink: /home/coderey/ros2_ws/install/nav2_msgs/share/nav2_msgs/package.xml
[3.610s] -- Up-to-date: /home/coderey/ros2_ws/install/nav2_msgs/lib/libnav2_msgs__rosidl_generator_c.so
[3.611s] -- Up-to-date: /home/coderey/ros2_ws/install/nav2_msgs/lib/libnav2_msgs__rosidl_typesupport_introspection_c.so
[3.611s] -- Up-to-date: /home/coderey/ros2_ws/install/nav2_msgs/lib/libnav2_msgs__rosidl_typesupport_c.so
[3.611s] -- Up-to-date: /home/coderey/ros2_ws/install/nav2_msgs/lib/libnav2_msgs__rosidl_typesupport_introspection_cpp.so
[3.614s] -- Up-to-date: /home/coderey/ros2_ws/install/nav2_msgs/lib/libnav2_msgs__rosidl_typesupport_cpp.so
[3.690s] -- Up-to-date: /home/coderey/ros2_ws/install/nav2_msgs/share/nav2_msgs/cmake/nav2_msgs__rosidl_generator_cExport.cmake
[3.690s] -- Up-to-date: /home/coderey/ros2_ws/install/nav2_msgs/share/nav2_msgs/cmake/nav2_msgs__rosidl_generator_cExport-release.cmake
[3.691s] -- Up-to-date: /home/coderey/ros2_ws/install/nav2_msgs/share/nav2_msgs/cmake/nav2_msgs__rosidl_typesupport_introspection_cExport.cmake
[3.691s] -- Up-to-date: /home/coderey/ros2_ws/install/nav2_msgs/share/nav2_msgs/cmake/nav2_msgs__rosidl_typesupport_introspection_cExport-release.cmake
[3.691s] -- Up-to-date: /home/coderey/ros2_ws/install/nav2_msgs/share/nav2_msgs/cmake/nav2_msgs__rosidl_typesupport_cExport.cmake
[3.691s] -- Up-to-date: /home/coderey/ros2_ws/install/nav2_msgs/share/nav2_msgs/cmake/nav2_msgs__rosidl_typesupport_cExport-release.cmake
[3.691s] -- Up-to-date: /home/coderey/ros2_ws/install/nav2_msgs/share/nav2_msgs/cmake/nav2_msgs__rosidl_generator_cppExport.cmake
[3.692s] -- Up-to-date: /home/coderey/ros2_ws/install/nav2_msgs/share/nav2_msgs/cmake/nav2_msgs__rosidl_typesupport_introspection_cppExport.cmake
[3.692s] -- Up-to-date: /home/coderey/ros2_ws/install/nav2_msgs/share/nav2_msgs/cmake/nav2_msgs__rosidl_typesupport_introspection_cppExport-release.cmake
[3.692s] -- Up-to-date: /home/coderey/ros2_ws/install/nav2_msgs/share/nav2_msgs/cmake/nav2_msgs__rosidl_typesupport_cppExport.cmake
[3.693s] -- Up-to-date: /home/coderey/ros2_ws/install/nav2_msgs/share/nav2_msgs/cmake/nav2_msgs__rosidl_typesupport_cppExport-release.cmake
[3.810s] Invoked command in '/home/coderey/ros2_ws/build/nav2_msgs' returned '0': CMAKE_PREFIX_PATH=/home/coderey/ros2_ws/install/nav2_common:/home/coderey/ros2_ws/install/robot_localization:/home/coderey/ros2_ws/install/dwb_msgs:/home/coderey/ros2_ws/install/nav_2d_msgs:/home/coderey/ros2_ws/install/nav2_voxel_grid:/home/coderey/ros2_ws/install/nav2_msgs:/home/coderey/ros2_ws/install/marvelmind_ros2:/home/coderey/ros2_ws/install/marvelmind_ros2_msgs:/home/coderey/ros2_ws/install/groot:/home/coderey/microros_ws/install/micro_ros_demos_rclc:/home/coderey/microros_ws/install/common_interfaces:/home/coderey/microros_ws/install/visualization_msgs:/home/coderey/microros_ws/install/test_msgs:/home/coderey/microros_ws/install/example_interfaces:/home/coderey/microros_ws/install/action_msgs:/home/coderey/microros_ws/install/unique_identifier_msgs:/home/coderey/microros_ws/install/trajectory_msgs:/home/coderey/microros_ws/install/stereo_msgs:/home/coderey/microros_ws/install/std_srvs:/home/coderey/microros_ws/install/shape_msgs:/home/coderey/microros_ws/install/sensor_msgs:/home/coderey/microros_ws/install/nav_msgs:/home/coderey/microros_ws/install/diagnostic_msgs:/home/coderey/microros_ws/install/geometry_msgs:/home/coderey/microros_ws/install/drive_base_msgs:/home/coderey/microros_ws/install/actionlib_msgs:/home/coderey/microros_ws/install/std_msgs:/home/coderey/microros_ws/install/statistics_msgs:/home/coderey/microros_ws/install/rosidl_typesupport_microxrcedds_test_msg:/home/coderey/microros_ws/install/rosidl_typesupport_microxrcedds_cpp_tests:/home/coderey/microros_ws/install/rmw_microxrcedds:/home/coderey/microros_ws/install/rosidl_typesupport_microxrcedds_cpp:/home/coderey/microros_ws/install/rosidl_typesupport_microxrcedds_c_tests:/home/coderey/microros_ws/install/rosidl_typesupport_microxrcedds_c:/home/coderey/microros_ws/install/rosgraph_msgs:/home/coderey/microros_ws/install/rclc_parameter:/home/coderey/microros_ws/install/rclc:/home/coderey/microros_ws/install/composition_interfaces:/home/coderey/microros_ws/install/rcl_interfaces:/home/coderey/microros_ws/install/microxrcedds_client:/home/coderey/microros_ws/install/microcdr:/home/coderey/microros_ws/install/micro_ros_utilities:/home/coderey/microros_ws/install/micro_ros_setup:/home/coderey/microros_ws/install/micro_ros_agent:/home/coderey/microros_ws/install/micro_ros_msgs:/home/coderey/microros_ws/install/micro_ros_demos_rclcpp:/home/coderey/microros_ws/install/lifecycle_msgs:/home/coderey/microros_ws/install/complex_msgs:/home/coderey/microros_ws/install/builtin_interfaces:/home/coderey/ros2_ws/install/nav2_simple_commander:/home/coderey/ros2_ws/install/nav2_gazebo_spawner:/home/coderey/ros2_ws/install/mob_rob_loca:/home/coderey/ros2_ws/install/bno055:/home/coderey/microros_ws/install/sensor_msgs_py:/opt/ros/galactic PYTHONPATH=/home/coderey/ros2_ws/install/nav2_common/lib/python3.8/site-packages:/home/coderey/ros2_ws/install/robot_localization/lib/python3.8/site-packages:/home/coderey/ros2_ws/install/dwb_msgs/lib/python3.8/site-packages:/home/coderey/ros2_ws/install/nav_2d_msgs/lib/python3.8/site-packages:/home/coderey/ros2_ws/build/nav2_simple_commander:/home/coderey/ros2_ws/install/nav2_simple_commander/lib/python3.8/site-packages:/home/coderey/ros2_ws/install/nav2_msgs/lib/python3.8/site-packages:/home/coderey/ros2_ws/build/nav2_gazebo_spawner:/home/coderey/ros2_ws/install/nav2_gazebo_spawner/lib/python3.8/site-packages:/home/coderey/ros2_ws/build/mob_rob_loca:/home/coderey/ros2_ws/install/mob_rob_loca/lib/python3.8/site-packages:/home/coderey/ros2_ws/install/marvelmind_ros2_msgs/lib/python3.8/site-packages:/home/coderey/ros2_ws/build/bno055:/home/coderey/ros2_ws/install/bno055/lib/python3.8/site-packages:/home/coderey/microros_ws/install/visualization_msgs/lib/python3.8/site-packages:/home/coderey/microros_ws/install/test_msgs/lib/python3.8/site-packages:/home/coderey/microros_ws/install/example_interfaces/lib/python3.8/site-packages:/home/coderey/microros_ws/install/action_msgs/lib/python3.8/site-packages:/home/coderey/microros_ws/install/unique_identifier_msgs/lib/python3.8/site-packages:/home/coderey/microros_ws/install/trajectory_msgs/lib/python3.8/site-packages:/home/coderey/microros_ws/install/stereo_msgs/lib/python3.8/site-packages:/home/coderey/microros_ws/install/std_srvs/lib/python3.8/site-packages:/home/coderey/microros_ws/install/shape_msgs/lib/python3.8/site-packages:/home/coderey/microros_ws/install/sensor_msgs_py/lib/python3.8/site-packages:/home/coderey/microros_ws/install/sensor_msgs/lib/python3.8/site-packages:/home/coderey/microros_ws/install/nav_msgs/lib/python3.8/site-packages:/home/coderey/microros_ws/install/diagnostic_msgs/lib/python3.8/site-packages:/home/coderey/microros_ws/install/geometry_msgs/lib/python3.8/site-packages:/home/coderey/microros_ws/install/drive_base_msgs/lib/python3.8/site-packages:/home/coderey/microros_ws/install/actionlib_msgs/lib/python3.8/site-packages:/home/coderey/microros_ws/install/std_msgs/lib/python3.8/site-packages:/home/coderey/microros_ws/install/statistics_msgs/lib/python3.8/site-packages:/home/coderey/microros_ws/install/rosidl_typesupport_microxrcedds_cpp/lib/python3.8/site-packages:/home/coderey/microros_ws/install/rosidl_typesupport_microxrcedds_c/lib/python3.8/site-packages:/home/coderey/microros_ws/install/rosgraph_msgs/lib/python3.8/site-packages:/home/coderey/microros_ws/install/composition_interfaces/lib/python3.8/site-packages:/home/coderey/microros_ws/install/rcl_interfaces/lib/python3.8/site-packages:/home/coderey/microros_ws/install/micro_ros_msgs/lib/python3.8/site-packages:/home/coderey/microros_ws/install/lifecycle_msgs/lib/python3.8/site-packages:/home/coderey/microros_ws/install/complex_msgs/lib/python3.8/site-packages:/home/coderey/microros_ws/install/builtin_interfaces/lib/python3.8/site-packages:/opt/ros/galactic/lib/python3.8/site-packages:/opt/ros/galactic/lib/python3/dist-packages /usr/bin/cmake --install /home/coderey/ros2_ws/build/nav2_msgs
