running develop
Removing /home/coderey/ros2_ws/install/mob_rob_loca/lib/python3.8/site-packages/mob-rob-loca.egg-link (link to .)
running egg_info
writing ../../build/mob_rob_loca/mob_rob_loca.egg-info/PKG-INFO
writing dependency_links to ../../build/mob_rob_loca/mob_rob_loca.egg-info/dependency_links.txt
writing entry points to ../../build/mob_rob_loca/mob_rob_loca.egg-info/entry_points.txt
writing requirements to ../../build/mob_rob_loca/mob_rob_loca.egg-info/requires.txt
writing top-level names to ../../build/mob_rob_loca/mob_rob_loca.egg-info/top_level.txt
reading manifest file '../../build/mob_rob_loca/mob_rob_loca.egg-info/SOURCES.txt'
writing manifest file '../../build/mob_rob_loca/mob_rob_loca.egg-info/SOURCES.txt'
running build
running build_py
running install
running install_lib
copying /home/coderey/ros2_ws/build/mob_rob_loca/build/lib/mob_rob_loca/__init__.py -> /home/coderey/ros2_ws/install/mob_rob_loca/lib/python3.8/site-packages/mob_rob_loca
copying /home/coderey/ros2_ws/build/mob_rob_loca/build/lib/mob_rob_loca/rpi_communication.py -> /home/coderey/ros2_ws/install/mob_rob_loca/lib/python3.8/site-packages/mob_rob_loca
copying /home/coderey/ros2_ws/build/mob_rob_loca/build/lib/mob_rob_loca/vel_pub.py -> /home/coderey/ros2_ws/install/mob_rob_loca/lib/python3.8/site-packages/mob_rob_loca
copying /home/coderey/ros2_ws/build/mob_rob_loca/build/lib/mob_rob_loca/tick_to_odom.py -> /home/coderey/ros2_ws/install/mob_rob_loca/lib/python3.8/site-packages/mob_rob_loca
copying /home/coderey/ros2_ws/build/mob_rob_loca/build/lib/mob_rob_loca/marv_to_ekf.py -> /home/coderey/ros2_ws/install/mob_rob_loca/lib/python3.8/site-packages/mob_rob_loca
copying /home/coderey/ros2_ws/build/mob_rob_loca/build/lib/mob_rob_loca/transforms.py -> /home/coderey/ros2_ws/install/mob_rob_loca/lib/python3.8/site-packages/mob_rob_loca
byte-compiling /home/coderey/ros2_ws/install/mob_rob_loca/lib/python3.8/site-packages/mob_rob_loca/__init__.py to __init__.cpython-38.pyc
byte-compiling /home/coderey/ros2_ws/install/mob_rob_loca/lib/python3.8/site-packages/mob_rob_loca/rpi_communication.py to rpi_communication.cpython-38.pyc
byte-compiling /home/coderey/ros2_ws/install/mob_rob_loca/lib/python3.8/site-packages/mob_rob_loca/vel_pub.py to vel_pub.cpython-38.pyc
byte-compiling /home/coderey/ros2_ws/install/mob_rob_loca/lib/python3.8/site-packages/mob_rob_loca/tick_to_odom.py to tick_to_odom.cpython-38.pyc
byte-compiling /home/coderey/ros2_ws/install/mob_rob_loca/lib/python3.8/site-packages/mob_rob_loca/marv_to_ekf.py to marv_to_ekf.cpython-38.pyc
byte-compiling /home/coderey/ros2_ws/install/mob_rob_loca/lib/python3.8/site-packages/mob_rob_loca/transforms.py to transforms.cpython-38.pyc
running install_data
running install_egg_info
Copying ../../build/mob_rob_loca/mob_rob_loca.egg-info to /home/coderey/ros2_ws/install/mob_rob_loca/lib/python3.8/site-packages/mob_rob_loca-0.0.0-py3.8.egg-info
running install_scripts
Installing imu_serv script to /home/coderey/ros2_ws/install/mob_rob_loca/lib/mob_rob_loca
Installing marv2ekf script to /home/coderey/ros2_ws/install/mob_rob_loca/lib/mob_rob_loca
Installing rpi_com_motors script to /home/coderey/ros2_ws/install/mob_rob_loca/lib/mob_rob_loca
Installing ticks2odom script to /home/coderey/ros2_ws/install/mob_rob_loca/lib/mob_rob_loca
Installing transforms script to /home/coderey/ros2_ws/install/mob_rob_loca/lib/mob_rob_loca
writing list of installed files to '/home/coderey/ros2_ws/build/mob_rob_loca/install.log'
