/home/coderey/ros2_ws/install/mob_rob_loca/lib/python3.8/site-packages/mob_rob_loca/__init__.py
/home/coderey/ros2_ws/install/mob_rob_loca/lib/python3.8/site-packages/mob_rob_loca/rpi_communication.py
/home/coderey/ros2_ws/install/mob_rob_loca/lib/python3.8/site-packages/mob_rob_loca/nav_waypoints.py
/home/coderey/ros2_ws/install/mob_rob_loca/lib/python3.8/site-packages/mob_rob_loca/tick_to_odom.py
/home/coderey/ros2_ws/install/mob_rob_loca/lib/python3.8/site-packages/mob_rob_loca/calib_odom.py
/home/coderey/ros2_ws/install/mob_rob_loca/lib/python3.8/site-packages/mob_rob_loca/marv_to_ekf.py
/home/coderey/ros2_ws/install/mob_rob_loca/lib/python3.8/site-packages/mob_rob_loca/transforms.py
/home/coderey/ros2_ws/install/mob_rob_loca/lib/python3.8/site-packages/mob_rob_loca/__pycache__/__init__.cpython-38.pyc
/home/coderey/ros2_ws/install/mob_rob_loca/lib/python3.8/site-packages/mob_rob_loca/__pycache__/rpi_communication.cpython-38.pyc
/home/coderey/ros2_ws/install/mob_rob_loca/lib/python3.8/site-packages/mob_rob_loca/__pycache__/nav_waypoints.cpython-38.pyc
/home/coderey/ros2_ws/install/mob_rob_loca/lib/python3.8/site-packages/mob_rob_loca/__pycache__/tick_to_odom.cpython-38.pyc
/home/coderey/ros2_ws/install/mob_rob_loca/lib/python3.8/site-packages/mob_rob_loca/__pycache__/calib_odom.cpython-38.pyc
/home/coderey/ros2_ws/install/mob_rob_loca/lib/python3.8/site-packages/mob_rob_loca/__pycache__/marv_to_ekf.cpython-38.pyc
/home/coderey/ros2_ws/install/mob_rob_loca/lib/python3.8/site-packages/mob_rob_loca/__pycache__/transforms.cpython-38.pyc
/home/coderey/ros2_ws/install/mob_rob_loca/share/ament_index/resource_index/packages/mob_rob_loca
/home/coderey/ros2_ws/install/mob_rob_loca/share/mob_rob_loca/package.xml
/home/coderey/ros2_ws/install/mob_rob_loca/share/mob_rob_loca/launch/localization.launch.py
/home/coderey/ros2_ws/install/mob_rob_loca/share/mob_rob_loca/launch/rviz.launch.py
/home/coderey/ros2_ws/install/mob_rob_loca/share/mob_rob_loca/launch/main.launch.py
/home/coderey/ros2_ws/install/mob_rob_loca/share/mob_rob_loca/launch/sensor.launch.py
/home/coderey/ros2_ws/install/mob_rob_loca/share/mob_rob_loca/launch/rpi.launch.py
/home/coderey/ros2_ws/install/mob_rob_loca/share/mob_rob_loca/launch/map.launch.py
/home/coderey/ros2_ws/install/mob_rob_loca/share/mob_rob_loca/launch/trial.launch.py
/home/coderey/ros2_ws/install/mob_rob_loca/share/mob_rob_loca/launch/nav.launch.py
/home/coderey/ros2_ws/install/mob_rob_loca/share/mob_rob_loca/launch/ekf.launch.py
/home/coderey/ros2_ws/install/mob_rob_loca/share/mob_rob_loca/urdf/edison.urdf
/home/coderey/ros2_ws/install/mob_rob_loca/share/mob_rob_loca/rviz/loca.rviz
/home/coderey/ros2_ws/install/mob_rob_loca/share/mob_rob_loca/maps/circuit_marv.png
/home/coderey/ros2_ws/install/mob_rob_loca/share/mob_rob_loca/maps/keepout_mask.png
/home/coderey/ros2_ws/install/mob_rob_loca/share/mob_rob_loca/maps/circuit_1.png
/home/coderey/ros2_ws/install/mob_rob_loca/share/mob_rob_loca/maps/circuit.png
/home/coderey/ros2_ws/install/mob_rob_loca/share/mob_rob_loca/maps/Circuit_Keepout.png
/home/coderey/ros2_ws/install/mob_rob_loca/share/mob_rob_loca/maps/keepout_2_mask.png
/home/coderey/ros2_ws/install/mob_rob_loca/share/mob_rob_loca/maps/keepout_mask.yaml
/home/coderey/ros2_ws/install/mob_rob_loca/share/mob_rob_loca/maps/circuit.yaml
/home/coderey/ros2_ws/install/mob_rob_loca/share/mob_rob_loca/maps/Solid_white.png
/home/coderey/ros2_ws/install/mob_rob_loca/share/mob_rob_loca/params/EM_params.yaml
/home/coderey/ros2_ws/install/mob_rob_loca/share/mob_rob_loca/params/nav2pose.xml
/home/coderey/ros2_ws/install/mob_rob_loca/share/mob_rob_loca/params/edi_params_rotate_acc.yaml
/home/coderey/ros2_ws/install/mob_rob_loca/share/mob_rob_loca/params/keepout_params.yaml
/home/coderey/ros2_ws/install/mob_rob_loca/share/mob_rob_loca/params/params_wrong.yaml
/home/coderey/ros2_ws/install/mob_rob_loca/share/mob_rob_loca/params/nav2_essentials.yaml
/home/coderey/ros2_ws/install/mob_rob_loca/share/mob_rob_loca/config/ekf.yaml
/home/coderey/ros2_ws/install/mob_rob_loca/share/mob_rob_loca/config/navthroughposes.xml
/home/coderey/ros2_ws/install/mob_rob_loca/share/mob_rob_loca/config/nav2pose.xml
/home/coderey/ros2_ws/install/mob_rob_loca/lib/python3.8/site-packages/mob_rob_loca-0.0.0-py3.8.egg-info/dependency_links.txt
/home/coderey/ros2_ws/install/mob_rob_loca/lib/python3.8/site-packages/mob_rob_loca-0.0.0-py3.8.egg-info/SOURCES.txt
/home/coderey/ros2_ws/install/mob_rob_loca/lib/python3.8/site-packages/mob_rob_loca-0.0.0-py3.8.egg-info/requires.txt
/home/coderey/ros2_ws/install/mob_rob_loca/lib/python3.8/site-packages/mob_rob_loca-0.0.0-py3.8.egg-info/top_level.txt
/home/coderey/ros2_ws/install/mob_rob_loca/lib/python3.8/site-packages/mob_rob_loca-0.0.0-py3.8.egg-info/entry_points.txt
/home/coderey/ros2_ws/install/mob_rob_loca/lib/python3.8/site-packages/mob_rob_loca-0.0.0-py3.8.egg-info/zip-safe
/home/coderey/ros2_ws/install/mob_rob_loca/lib/python3.8/site-packages/mob_rob_loca-0.0.0-py3.8.egg-info/PKG-INFO
/home/coderey/ros2_ws/install/mob_rob_loca/lib/mob_rob_loca/calib_odom
/home/coderey/ros2_ws/install/mob_rob_loca/lib/mob_rob_loca/imu_serv
/home/coderey/ros2_ws/install/mob_rob_loca/lib/mob_rob_loca/marv2ekf
/home/coderey/ros2_ws/install/mob_rob_loca/lib/mob_rob_loca/nav2pose
/home/coderey/ros2_ws/install/mob_rob_loca/lib/mob_rob_loca/navthruposes
/home/coderey/ros2_ws/install/mob_rob_loca/lib/mob_rob_loca/navwaypoints
/home/coderey/ros2_ws/install/mob_rob_loca/lib/mob_rob_loca/rpi_com_motors
/home/coderey/ros2_ws/install/mob_rob_loca/lib/mob_rob_loca/ticks2odom
/home/coderey/ros2_ws/install/mob_rob_loca/lib/mob_rob_loca/transforms
/home/coderey/ros2_ws/install/mob_rob_loca/lib/mob_rob_loca/trial
