[1.545s] Invoking command in '/home/coderey/ros2_ws/build/nav_2d_msgs': CMAKE_PREFIX_PATH=${CMAKE_PREFIX_PATH}:/home/coderey/ros2_ws/install/swisscat_robot:/home/coderey/ros2_ws/install/nav2_gps_waypoint_follower_demo:/home/coderey/ros2_ws/install/mob_rob_loca:/home/coderey/ros2_ws/install/bno055:/home/coderey/microros_ws/install/sensor_msgs_py:/opt/ros/galactic /usr/bin/cmake --build /home/coderey/ros2_ws/build/nav_2d_msgs -- -j8 -l8
[2.549s] -- Found geometry_msgs: 2.2.4 (/home/coderey/microros_ws/install/geometry_msgs/share/geometry_msgs/cmake)
[2.549s] -- Found PythonInterp: /usr/bin/python3 (found suitable version "3.8.10", minimum required is "3") 
[2.549s] -- Using PYTHON_EXECUTABLE: /usr/bin/python3
[2.549s] -- Using all available rosidl_typesupport_c: rosidl_typesupport_microxrcedds_c;rosidl_typesupport_fastrtps_c;rosidl_typesupport_introspection_c
[2.549s] -- Found rosidl_adapter: 2.2.3 (/opt/ros/galactic/share/rosidl_adapter/cmake)
[2.549s] -- Using all available rosidl_typesupport_cpp: rosidl_typesupport_microxrcedds_cpp;rosidl_typesupport_fastrtps_cpp;rosidl_typesupport_introspection_cpp
[2.550s] -- Found rosidl_default_generators: 1.1.1 (/opt/ros/galactic/share/rosidl_default_generators/cmake)
[2.550s] -- Found PythonInterp: /usr/bin/python3 (found version "3.8.10") 
[2.846s] -- Found ament_cmake_ros: 0.9.2 (/opt/ros/galactic/share/ament_cmake_ros/cmake)
[3.431s] -- Using all available rosidl_typesupport_c: rosidl_typesupport_microxrcedds_c;rosidl_typesupport_fastrtps_c;rosidl_typesupport_introspection_c
[3.702s] -- Using all available rosidl_typesupport_cpp: rosidl_typesupport_microxrcedds_cpp;rosidl_typesupport_fastrtps_cpp;rosidl_typesupport_introspection_cpp
[3.840s] -- Found PythonInterp: /usr/bin/python3 (found suitable version "3.8.10", minimum required is "3.5") 
[3.840s] -- Found python_cmake_module: 0.8.1 (/opt/ros/galactic/share/python_cmake_module/cmake)
[3.892s] -- Using PYTHON_EXECUTABLE: /usr/bin/python3
[3.892s] -- Using PYTHON_INCLUDE_DIRS: /usr/include/python3.8
[3.893s] -- Using PYTHON_LIBRARIES: /usr/lib/x86_64-linux-gnu/libpython3.8.so
[4.040s] -- Configuring done
[4.170s] -- Generating done
[4.175s] -- Build files have been written to: /home/coderey/ros2_ws/build/nav_2d_msgs
[4.237s] [  1%] Built target nav_2d_msgs__cpp
[4.237s] [ 10%] Built target nav_2d_msgs__rosidl_generator_c
[4.293s] [ 19%] Built target nav_2d_msgs__rosidl_typesupport_introspection_cpp
[4.294s] [ 28%] Built target nav_2d_msgs__rosidl_typesupport_cpp
[4.302s] [ 37%] Built target nav_2d_msgs__rosidl_typesupport_microxrcedds_cpp
[4.307s] [ 46%] Built target nav_2d_msgs__rosidl_typesupport_microxrcedds_c
[4.307s] [ 55%] Built target nav_2d_msgs__rosidl_typesupport_c
[4.311s] [ 64%] Built target nav_2d_msgs__rosidl_typesupport_fastrtps_cpp
[4.319s] [ 73%] Built target nav_2d_msgs__rosidl_typesupport_introspection_c
[4.352s] [ 82%] Built target nav_2d_msgs__rosidl_typesupport_fastrtps_c
[4.386s] [ 82%] Built target nav_2d_msgs
[4.424s] [ 83%] Built target nav_2d_msgs__py
[4.466s] [ 91%] Built target nav_2d_msgs__python
[4.512s] [ 93%] Built target nav_2d_msgs__rosidl_typesupport_introspection_c__pyext
[4.518s] [ 95%] Built target nav_2d_msgs__rosidl_typesupport_c__pyext
[4.518s] [ 97%] Built target nav_2d_msgs__rosidl_typesupport_microxrcedds_c__pyext
[4.525s] [100%] Built target nav_2d_msgs__rosidl_typesupport_fastrtps_c__pyext
[5.388s] Invoked command in '/home/coderey/ros2_ws/build/nav_2d_msgs' returned '0': CMAKE_PREFIX_PATH=${CMAKE_PREFIX_PATH}:/home/coderey/ros2_ws/install/swisscat_robot:/home/coderey/ros2_ws/install/nav2_gps_waypoint_follower_demo:/home/coderey/ros2_ws/install/mob_rob_loca:/home/coderey/ros2_ws/install/bno055:/home/coderey/microros_ws/install/sensor_msgs_py:/opt/ros/galactic /usr/bin/cmake --build /home/coderey/ros2_ws/build/nav_2d_msgs -- -j8 -l8
[6.741s] Invoking command in '/home/coderey/ros2_ws/build/nav_2d_msgs': CMAKE_PREFIX_PATH=${CMAKE_PREFIX_PATH}:/home/coderey/ros2_ws/install/swisscat_robot:/home/coderey/ros2_ws/install/nav2_gps_waypoint_follower_demo:/home/coderey/ros2_ws/install/mob_rob_loca:/home/coderey/ros2_ws/install/bno055:/home/coderey/microros_ws/install/sensor_msgs_py:/opt/ros/galactic /usr/bin/cmake --install /home/coderey/ros2_ws/build/nav_2d_msgs
[7.311s] -- Install configuration: ""
[7.312s] -- Up-to-date: /home/coderey/ros2_ws/install/nav_2d_msgs/share/ament_index/resource_index/rosidl_interfaces/nav_2d_msgs
[7.312s] -- Up-to-date: /home/coderey/ros2_ws/install/nav_2d_msgs/include/nav_2d_msgs
[7.312s] -- Up-to-date: /home/coderey/ros2_ws/install/nav_2d_msgs/include/nav_2d_msgs/msg
[7.312s] -- Up-to-date: /home/coderey/ros2_ws/install/nav_2d_msgs/include/nav_2d_msgs/msg/path2_d.h
[7.312s] -- Up-to-date: /home/coderey/ros2_ws/install/nav_2d_msgs/include/nav_2d_msgs/msg/twist2_d32.h
[7.312s] -- Up-to-date: /home/coderey/ros2_ws/install/nav_2d_msgs/include/nav_2d_msgs/msg/twist2_d_stamped.h
[7.312s] -- Up-to-date: /home/coderey/ros2_ws/install/nav_2d_msgs/include/nav_2d_msgs/msg/rosidl_generator_c__visibility_control.h
[7.312s] -- Up-to-date: /home/coderey/ros2_ws/install/nav_2d_msgs/include/nav_2d_msgs/msg/pose2_d_stamped.h
[7.313s] -- Up-to-date: /home/coderey/ros2_ws/install/nav_2d_msgs/include/nav_2d_msgs/msg/pose2_d32.h
[7.313s] -- Up-to-date: /home/coderey/ros2_ws/install/nav_2d_msgs/include/nav_2d_msgs/msg/twist2_d.h
[7.313s] -- Up-to-date: /home/coderey/ros2_ws/install/nav_2d_msgs/include/nav_2d_msgs/msg/detail
[7.313s] -- Up-to-date: /home/coderey/ros2_ws/install/nav_2d_msgs/include/nav_2d_msgs/msg/detail/twist2_d__functions.c
[7.313s] -- Up-to-date: /home/coderey/ros2_ws/install/nav_2d_msgs/include/nav_2d_msgs/msg/detail/twist2_d32__struct.h
[7.313s] -- Up-to-date: /home/coderey/ros2_ws/install/nav_2d_msgs/include/nav_2d_msgs/msg/detail/pose2_d_stamped__type_support.h
[7.313s] -- Up-to-date: /home/coderey/ros2_ws/install/nav_2d_msgs/include/nav_2d_msgs/msg/detail/twist2_d_stamped__functions.c
[7.313s] -- Up-to-date: /home/coderey/ros2_ws/install/nav_2d_msgs/include/nav_2d_msgs/msg/detail/twist2_d__struct.h
[7.313s] -- Up-to-date: /home/coderey/ros2_ws/install/nav_2d_msgs/include/nav_2d_msgs/msg/detail/path2_d__struct.h
[7.313s] -- Up-to-date: /home/coderey/ros2_ws/install/nav_2d_msgs/include/nav_2d_msgs/msg/detail/pose2_d32__struct.h
[7.314s] -- Up-to-date: /home/coderey/ros2_ws/install/nav_2d_msgs/include/nav_2d_msgs/msg/detail/twist2_d32__functions.c
[7.314s] -- Up-to-date: /home/coderey/ros2_ws/install/nav_2d_msgs/include/nav_2d_msgs/msg/detail/path2_d__functions.h
[7.314s] -- Up-to-date: /home/coderey/ros2_ws/install/nav_2d_msgs/include/nav_2d_msgs/msg/detail/pose2_d32__type_support.h
[7.314s] -- Up-to-date: /home/coderey/ros2_ws/install/nav_2d_msgs/include/nav_2d_msgs/msg/detail/twist2_d32__type_support.h
[7.314s] -- Up-to-date: /home/coderey/ros2_ws/install/nav_2d_msgs/include/nav_2d_msgs/msg/detail/twist2_d_stamped__functions.h
[7.314s] -- Up-to-date: /home/coderey/ros2_ws/install/nav_2d_msgs/include/nav_2d_msgs/msg/detail/twist2_d__type_support.h
[7.314s] -- Up-to-date: /home/coderey/ros2_ws/install/nav_2d_msgs/include/nav_2d_msgs/msg/detail/twist2_d_stamped__type_support.h
[7.314s] -- Up-to-date: /home/coderey/ros2_ws/install/nav_2d_msgs/include/nav_2d_msgs/msg/detail/pose2_d_stamped__struct.h
[7.315s] -- Up-to-date: /home/coderey/ros2_ws/install/nav_2d_msgs/include/nav_2d_msgs/msg/detail/pose2_d_stamped__functions.h
[7.315s] -- Up-to-date: /home/coderey/ros2_ws/install/nav_2d_msgs/include/nav_2d_msgs/msg/detail/twist2_d__functions.h
[7.315s] -- Up-to-date: /home/coderey/ros2_ws/install/nav_2d_msgs/include/nav_2d_msgs/msg/detail/twist2_d_stamped__struct.h
[7.315s] -- Up-to-date: /home/coderey/ros2_ws/install/nav_2d_msgs/include/nav_2d_msgs/msg/detail/pose2_d32__functions.h
[7.315s] -- Up-to-date: /home/coderey/ros2_ws/install/nav_2d_msgs/include/nav_2d_msgs/msg/detail/twist2_d32__functions.h
[7.315s] -- Up-to-date: /home/coderey/ros2_ws/install/nav_2d_msgs/include/nav_2d_msgs/msg/detail/pose2_d_stamped__functions.c
[7.315s] -- Up-to-date: /home/coderey/ros2_ws/install/nav_2d_msgs/include/nav_2d_msgs/msg/detail/pose2_d32__functions.c
[7.315s] -- Up-to-date: /home/coderey/ros2_ws/install/nav_2d_msgs/include/nav_2d_msgs/msg/detail/path2_d__type_support.h
[7.315s] -- Up-to-date: /home/coderey/ros2_ws/install/nav_2d_msgs/include/nav_2d_msgs/msg/detail/path2_d__functions.c
[7.316s] -- Up-to-date: /home/coderey/ros2_ws/install/nav_2d_msgs/share/nav_2d_msgs/environment/library_path.sh
[7.316s] -- Installing: /home/coderey/ros2_ws/install/nav_2d_msgs/share/nav_2d_msgs/environment/library_path.dsv
[7.316s] -- Up-to-date: /home/coderey/ros2_ws/install/nav_2d_msgs/lib/libnav_2d_msgs__rosidl_generator_c.so
[7.316s] -- Up-to-date: /home/coderey/ros2_ws/install/nav_2d_msgs/include/nav_2d_msgs
[7.316s] -- Up-to-date: /home/coderey/ros2_ws/install/nav_2d_msgs/include/nav_2d_msgs/msg
[7.316s] -- Up-to-date: /home/coderey/ros2_ws/install/nav_2d_msgs/include/nav_2d_msgs/msg/rosidl_typesupport_microxrcedds_c__visibility_control.h
[7.316s] -- Up-to-date: /home/coderey/ros2_ws/install/nav_2d_msgs/include/nav_2d_msgs/msg/detail
[7.316s] -- Up-to-date: /home/coderey/ros2_ws/install/nav_2d_msgs/include/nav_2d_msgs/msg/detail/twist2_d32__rosidl_typesupport_microxrcedds_c.h
[7.316s] -- Up-to-date: /home/coderey/ros2_ws/install/nav_2d_msgs/include/nav_2d_msgs/msg/detail/path2_d__rosidl_typesupport_microxrcedds_c.h
[7.316s] -- Up-to-date: /home/coderey/ros2_ws/install/nav_2d_msgs/include/nav_2d_msgs/msg/detail/microxrcedds
[7.317s] -- Up-to-date: /home/coderey/ros2_ws/install/nav_2d_msgs/include/nav_2d_msgs/msg/detail/twist2_d__rosidl_typesupport_microxrcedds_c.h
[7.317s] -- Up-to-date: /home/coderey/ros2_ws/install/nav_2d_msgs/include/nav_2d_msgs/msg/detail/pose2_d_stamped__rosidl_typesupport_microxrcedds_c.h
[7.317s] -- Up-to-date: /home/coderey/ros2_ws/install/nav_2d_msgs/include/nav_2d_msgs/msg/detail/pose2_d32__rosidl_typesupport_microxrcedds_c.h
[7.317s] -- Up-to-date: /home/coderey/ros2_ws/install/nav_2d_msgs/include/nav_2d_msgs/msg/detail/twist2_d_stamped__rosidl_typesupport_microxrcedds_c.h
[7.317s] -- Up-to-date: /home/coderey/ros2_ws/install/nav_2d_msgs/lib/libnav_2d_msgs__rosidl_typesupport_microxrcedds_c.so
[7.317s] -- Up-to-date: /home/coderey/ros2_ws/install/nav_2d_msgs/include/nav_2d_msgs
[7.317s] -- Up-to-date: /home/coderey/ros2_ws/install/nav_2d_msgs/include/nav_2d_msgs/msg
[7.317s] -- Up-to-date: /home/coderey/ros2_ws/install/nav_2d_msgs/include/nav_2d_msgs/msg/rosidl_typesupport_fastrtps_c__visibility_control.h
[7.317s] -- Up-to-date: /home/coderey/ros2_ws/install/nav_2d_msgs/include/nav_2d_msgs/msg/detail
[7.317s] -- Up-to-date: /home/coderey/ros2_ws/install/nav_2d_msgs/include/nav_2d_msgs/msg/detail/twist2_d_stamped__rosidl_typesupport_fastrtps_c.h
[7.318s] -- Up-to-date: /home/coderey/ros2_ws/install/nav_2d_msgs/include/nav_2d_msgs/msg/detail/path2_d__rosidl_typesupport_fastrtps_c.h
[7.318s] -- Up-to-date: /home/coderey/ros2_ws/install/nav_2d_msgs/include/nav_2d_msgs/msg/detail/pose2_d32__rosidl_typesupport_fastrtps_c.h
[7.318s] -- Up-to-date: /home/coderey/ros2_ws/install/nav_2d_msgs/include/nav_2d_msgs/msg/detail/twist2_d__rosidl_typesupport_fastrtps_c.h
[7.318s] -- Up-to-date: /home/coderey/ros2_ws/install/nav_2d_msgs/include/nav_2d_msgs/msg/detail/twist2_d32__rosidl_typesupport_fastrtps_c.h
[7.318s] -- Up-to-date: /home/coderey/ros2_ws/install/nav_2d_msgs/include/nav_2d_msgs/msg/detail/pose2_d_stamped__rosidl_typesupport_fastrtps_c.h
[7.318s] -- Up-to-date: /home/coderey/ros2_ws/install/nav_2d_msgs/lib/libnav_2d_msgs__rosidl_typesupport_fastrtps_c.so
[7.318s] -- Up-to-date: /home/coderey/ros2_ws/install/nav_2d_msgs/include/nav_2d_msgs
[7.318s] -- Up-to-date: /home/coderey/ros2_ws/install/nav_2d_msgs/include/nav_2d_msgs/msg
[7.318s] -- Up-to-date: /home/coderey/ros2_ws/install/nav_2d_msgs/include/nav_2d_msgs/msg/detail
[7.318s] -- Up-to-date: /home/coderey/ros2_ws/install/nav_2d_msgs/include/nav_2d_msgs/msg/detail/twist2_d__rosidl_typesupport_fastrtps_cpp.hpp
[7.319s] -- Up-to-date: /home/coderey/ros2_ws/install/nav_2d_msgs/include/nav_2d_msgs/msg/detail/path2_d__rosidl_typesupport_fastrtps_cpp.hpp
[7.319s] -- Up-to-date: /home/coderey/ros2_ws/install/nav_2d_msgs/include/nav_2d_msgs/msg/detail/dds_fastrtps
[7.319s] -- Up-to-date: /home/coderey/ros2_ws/install/nav_2d_msgs/include/nav_2d_msgs/msg/detail/twist2_d_stamped__rosidl_typesupport_fastrtps_cpp.hpp
[7.319s] -- Up-to-date: /home/coderey/ros2_ws/install/nav_2d_msgs/include/nav_2d_msgs/msg/detail/pose2_d32__rosidl_typesupport_fastrtps_cpp.hpp
[7.319s] -- Up-to-date: /home/coderey/ros2_ws/install/nav_2d_msgs/include/nav_2d_msgs/msg/detail/pose2_d_stamped__rosidl_typesupport_fastrtps_cpp.hpp
[7.319s] -- Up-to-date: /home/coderey/ros2_ws/install/nav_2d_msgs/include/nav_2d_msgs/msg/detail/twist2_d32__rosidl_typesupport_fastrtps_cpp.hpp
[7.319s] -- Up-to-date: /home/coderey/ros2_ws/install/nav_2d_msgs/include/nav_2d_msgs/msg/rosidl_typesupport_fastrtps_cpp__visibility_control.h
[7.319s] -- Up-to-date: /home/coderey/ros2_ws/install/nav_2d_msgs/lib/libnav_2d_msgs__rosidl_typesupport_fastrtps_cpp.so
[7.319s] -- Up-to-date: /home/coderey/ros2_ws/install/nav_2d_msgs/include/nav_2d_msgs
[7.319s] -- Up-to-date: /home/coderey/ros2_ws/install/nav_2d_msgs/include/nav_2d_msgs/msg
[7.320s] -- Up-to-date: /home/coderey/ros2_ws/install/nav_2d_msgs/include/nav_2d_msgs/msg/rosidl_typesupport_introspection_c__visibility_control.h
[7.320s] -- Up-to-date: /home/coderey/ros2_ws/install/nav_2d_msgs/include/nav_2d_msgs/msg/detail
[7.320s] -- Up-to-date: /home/coderey/ros2_ws/install/nav_2d_msgs/include/nav_2d_msgs/msg/detail/path2_d__rosidl_typesupport_introspection_c.h
[7.320s] -- Up-to-date: /home/coderey/ros2_ws/install/nav_2d_msgs/include/nav_2d_msgs/msg/detail/twist2_d_stamped__rosidl_typesupport_introspection_c.h
[7.320s] -- Up-to-date: /home/coderey/ros2_ws/install/nav_2d_msgs/include/nav_2d_msgs/msg/detail/pose2_d_stamped__rosidl_typesupport_introspection_c.h
[7.320s] -- Up-to-date: /home/coderey/ros2_ws/install/nav_2d_msgs/include/nav_2d_msgs/msg/detail/pose2_d32__rosidl_typesupport_introspection_c.h
[7.320s] -- Up-to-date: /home/coderey/ros2_ws/install/nav_2d_msgs/include/nav_2d_msgs/msg/detail/pose2_d32__type_support.c
[7.320s] -- Up-to-date: /home/coderey/ros2_ws/install/nav_2d_msgs/include/nav_2d_msgs/msg/detail/twist2_d32__rosidl_typesupport_introspection_c.h
[7.320s] -- Up-to-date: /home/coderey/ros2_ws/install/nav_2d_msgs/include/nav_2d_msgs/msg/detail/twist2_d32__type_support.c
[7.320s] -- Up-to-date: /home/coderey/ros2_ws/install/nav_2d_msgs/include/nav_2d_msgs/msg/detail/twist2_d_stamped__type_support.c
[7.321s] -- Up-to-date: /home/coderey/ros2_ws/install/nav_2d_msgs/include/nav_2d_msgs/msg/detail/twist2_d__type_support.c
[7.321s] -- Up-to-date: /home/coderey/ros2_ws/install/nav_2d_msgs/include/nav_2d_msgs/msg/detail/path2_d__type_support.c
[7.321s] -- Up-to-date: /home/coderey/ros2_ws/install/nav_2d_msgs/include/nav_2d_msgs/msg/detail/twist2_d__rosidl_typesupport_introspection_c.h
[7.321s] -- Up-to-date: /home/coderey/ros2_ws/install/nav_2d_msgs/include/nav_2d_msgs/msg/detail/pose2_d_stamped__type_support.c
[7.321s] -- Up-to-date: /home/coderey/ros2_ws/install/nav_2d_msgs/lib/libnav_2d_msgs__rosidl_typesupport_introspection_c.so
[7.321s] -- Up-to-date: /home/coderey/ros2_ws/install/nav_2d_msgs/lib/libnav_2d_msgs__rosidl_typesupport_c.so
[7.321s] -- Up-to-date: /home/coderey/ros2_ws/install/nav_2d_msgs/include/nav_2d_msgs
[7.321s] -- Up-to-date: /home/coderey/ros2_ws/install/nav_2d_msgs/include/nav_2d_msgs/msg
[7.321s] -- Up-to-date: /home/coderey/ros2_ws/install/nav_2d_msgs/include/nav_2d_msgs/msg/pose2_d32.hpp
[7.321s] -- Up-to-date: /home/coderey/ros2_ws/install/nav_2d_msgs/include/nav_2d_msgs/msg/twist2_d_stamped.hpp
[7.322s] -- Up-to-date: /home/coderey/ros2_ws/install/nav_2d_msgs/include/nav_2d_msgs/msg/twist2_d.hpp
[7.322s] -- Up-to-date: /home/coderey/ros2_ws/install/nav_2d_msgs/include/nav_2d_msgs/msg/path2_d.hpp
[7.322s] -- Up-to-date: /home/coderey/ros2_ws/install/nav_2d_msgs/include/nav_2d_msgs/msg/pose2_d_stamped.hpp
[7.322s] -- Up-to-date: /home/coderey/ros2_ws/install/nav_2d_msgs/include/nav_2d_msgs/msg/twist2_d32.hpp
[7.322s] -- Up-to-date: /home/coderey/ros2_ws/install/nav_2d_msgs/include/nav_2d_msgs/msg/detail
[7.322s] -- Up-to-date: /home/coderey/ros2_ws/install/nav_2d_msgs/include/nav_2d_msgs/msg/detail/twist2_d__builder.hpp
[7.322s] -- Up-to-date: /home/coderey/ros2_ws/install/nav_2d_msgs/include/nav_2d_msgs/msg/detail/pose2_d_stamped__traits.hpp
[7.322s] -- Up-to-date: /home/coderey/ros2_ws/install/nav_2d_msgs/include/nav_2d_msgs/msg/detail/twist2_d32__builder.hpp
[7.322s] -- Up-to-date: /home/coderey/ros2_ws/install/nav_2d_msgs/include/nav_2d_msgs/msg/detail/twist2_d32__traits.hpp
[7.322s] -- Up-to-date: /home/coderey/ros2_ws/install/nav_2d_msgs/include/nav_2d_msgs/msg/detail/path2_d__struct.hpp
[7.323s] -- Up-to-date: /home/coderey/ros2_ws/install/nav_2d_msgs/include/nav_2d_msgs/msg/detail/pose2_d32__builder.hpp
[7.323s] -- Up-to-date: /home/coderey/ros2_ws/install/nav_2d_msgs/include/nav_2d_msgs/msg/detail/pose2_d_stamped__builder.hpp
[7.323s] -- Up-to-date: /home/coderey/ros2_ws/install/nav_2d_msgs/include/nav_2d_msgs/msg/detail/path2_d__traits.hpp
[7.323s] -- Up-to-date: /home/coderey/ros2_ws/install/nav_2d_msgs/include/nav_2d_msgs/msg/detail/twist2_d_stamped__struct.hpp
[7.323s] -- Up-to-date: /home/coderey/ros2_ws/install/nav_2d_msgs/include/nav_2d_msgs/msg/detail/twist2_d_stamped__traits.hpp
[7.323s] -- Up-to-date: /home/coderey/ros2_ws/install/nav_2d_msgs/include/nav_2d_msgs/msg/detail/twist2_d32__struct.hpp
[7.323s] -- Up-to-date: /home/coderey/ros2_ws/install/nav_2d_msgs/include/nav_2d_msgs/msg/detail/pose2_d32__struct.hpp
[7.323s] -- Up-to-date: /home/coderey/ros2_ws/install/nav_2d_msgs/include/nav_2d_msgs/msg/detail/pose2_d_stamped__struct.hpp
[7.323s] -- Up-to-date: /home/coderey/ros2_ws/install/nav_2d_msgs/include/nav_2d_msgs/msg/detail/path2_d__builder.hpp
[7.323s] -- Up-to-date: /home/coderey/ros2_ws/install/nav_2d_msgs/include/nav_2d_msgs/msg/detail/pose2_d32__traits.hpp
[7.324s] -- Up-to-date: /home/coderey/ros2_ws/install/nav_2d_msgs/include/nav_2d_msgs/msg/detail/twist2_d_stamped__builder.hpp
[7.324s] -- Up-to-date: /home/coderey/ros2_ws/install/nav_2d_msgs/include/nav_2d_msgs/msg/detail/twist2_d__struct.hpp
[7.324s] -- Up-to-date: /home/coderey/ros2_ws/install/nav_2d_msgs/include/nav_2d_msgs/msg/detail/twist2_d__traits.hpp
[7.324s] -- Up-to-date: /home/coderey/ros2_ws/install/nav_2d_msgs/include/nav_2d_msgs
[7.324s] -- Up-to-date: /home/coderey/ros2_ws/install/nav_2d_msgs/include/nav_2d_msgs/msg
[7.324s] -- Up-to-date: /home/coderey/ros2_ws/install/nav_2d_msgs/include/nav_2d_msgs/msg/rosidl_typesupport_microxrcedds_cpp__visibility_control.h
[7.324s] -- Up-to-date: /home/coderey/ros2_ws/install/nav_2d_msgs/include/nav_2d_msgs/msg/detail
[7.324s] -- Up-to-date: /home/coderey/ros2_ws/install/nav_2d_msgs/include/nav_2d_msgs/msg/detail/pose2_d_stamped__rosidl_typesupport_microxrcedds_cpp.hpp
[7.324s] -- Up-to-date: /home/coderey/ros2_ws/install/nav_2d_msgs/include/nav_2d_msgs/msg/detail/twist2_d_stamped__rosidl_typesupport_microxrcedds_cpp.hpp
[7.324s] -- Up-to-date: /home/coderey/ros2_ws/install/nav_2d_msgs/include/nav_2d_msgs/msg/detail/twist2_d__rosidl_typesupport_microxrcedds_cpp.hpp
[7.325s] -- Up-to-date: /home/coderey/ros2_ws/install/nav_2d_msgs/include/nav_2d_msgs/msg/detail/microxrcedds
[7.325s] -- Up-to-date: /home/coderey/ros2_ws/install/nav_2d_msgs/include/nav_2d_msgs/msg/detail/microxrcedds/twist2_d32__type_support_cpp.cpp
[7.325s] -- Up-to-date: /home/coderey/ros2_ws/install/nav_2d_msgs/include/nav_2d_msgs/msg/detail/microxrcedds/path2_d__type_support_cpp.cpp
[7.325s] -- Up-to-date: /home/coderey/ros2_ws/install/nav_2d_msgs/include/nav_2d_msgs/msg/detail/microxrcedds/pose2_d_stamped__type_support_cpp.cpp
[7.325s] -- Up-to-date: /home/coderey/ros2_ws/install/nav_2d_msgs/include/nav_2d_msgs/msg/detail/microxrcedds/twist2_d__type_support_cpp.cpp
[7.325s] -- Up-to-date: /home/coderey/ros2_ws/install/nav_2d_msgs/include/nav_2d_msgs/msg/detail/microxrcedds/twist2_d_stamped__type_support_cpp.cpp
[7.325s] -- Up-to-date: /home/coderey/ros2_ws/install/nav_2d_msgs/include/nav_2d_msgs/msg/detail/microxrcedds/pose2_d32__type_support_cpp.cpp
[7.325s] -- Up-to-date: /home/coderey/ros2_ws/install/nav_2d_msgs/include/nav_2d_msgs/msg/detail/path2_d__rosidl_typesupport_microxrcedds_cpp.hpp
[7.325s] -- Up-to-date: /home/coderey/ros2_ws/install/nav_2d_msgs/include/nav_2d_msgs/msg/detail/twist2_d32__rosidl_typesupport_microxrcedds_cpp.hpp
[7.325s] -- Up-to-date: /home/coderey/ros2_ws/install/nav_2d_msgs/include/nav_2d_msgs/msg/detail/pose2_d32__rosidl_typesupport_microxrcedds_cpp.hpp
[7.326s] -- Up-to-date: /home/coderey/ros2_ws/install/nav_2d_msgs/lib/libnav_2d_msgs__rosidl_typesupport_microxrcedds_cpp.so
[7.326s] -- Up-to-date: /home/coderey/ros2_ws/install/nav_2d_msgs/include/nav_2d_msgs
[7.326s] -- Up-to-date: /home/coderey/ros2_ws/install/nav_2d_msgs/include/nav_2d_msgs/msg
[7.326s] -- Up-to-date: /home/coderey/ros2_ws/install/nav_2d_msgs/include/nav_2d_msgs/msg/detail
[7.326s] -- Up-to-date: /home/coderey/ros2_ws/install/nav_2d_msgs/include/nav_2d_msgs/msg/detail/twist2_d__rosidl_typesupport_introspection_cpp.hpp
[7.326s] -- Up-to-date: /home/coderey/ros2_ws/install/nav_2d_msgs/include/nav_2d_msgs/msg/detail/twist2_d_stamped__rosidl_typesupport_introspection_cpp.hpp
[7.326s] -- Up-to-date: /home/coderey/ros2_ws/install/nav_2d_msgs/include/nav_2d_msgs/msg/detail/pose2_d_stamped__type_support.cpp
[7.326s] -- Up-to-date: /home/coderey/ros2_ws/install/nav_2d_msgs/include/nav_2d_msgs/msg/detail/pose2_d32__rosidl_typesupport_introspection_cpp.hpp
[7.326s] -- Up-to-date: /home/coderey/ros2_ws/install/nav_2d_msgs/include/nav_2d_msgs/msg/detail/path2_d__rosidl_typesupport_introspection_cpp.hpp
[7.326s] -- Up-to-date: /home/coderey/ros2_ws/install/nav_2d_msgs/include/nav_2d_msgs/msg/detail/twist2_d_stamped__type_support.cpp
[7.327s] -- Up-to-date: /home/coderey/ros2_ws/install/nav_2d_msgs/include/nav_2d_msgs/msg/detail/path2_d__type_support.cpp
[7.327s] -- Up-to-date: /home/coderey/ros2_ws/install/nav_2d_msgs/include/nav_2d_msgs/msg/detail/twist2_d__type_support.cpp
[7.327s] -- Up-to-date: /home/coderey/ros2_ws/install/nav_2d_msgs/include/nav_2d_msgs/msg/detail/pose2_d32__type_support.cpp
[7.327s] -- Up-to-date: /home/coderey/ros2_ws/install/nav_2d_msgs/include/nav_2d_msgs/msg/detail/twist2_d32__type_support.cpp
[7.327s] -- Up-to-date: /home/coderey/ros2_ws/install/nav_2d_msgs/include/nav_2d_msgs/msg/detail/pose2_d_stamped__rosidl_typesupport_introspection_cpp.hpp
[7.327s] -- Up-to-date: /home/coderey/ros2_ws/install/nav_2d_msgs/include/nav_2d_msgs/msg/detail/twist2_d32__rosidl_typesupport_introspection_cpp.hpp
[7.327s] -- Up-to-date: /home/coderey/ros2_ws/install/nav_2d_msgs/lib/libnav_2d_msgs__rosidl_typesupport_introspection_cpp.so
[7.327s] -- Up-to-date: /home/coderey/ros2_ws/install/nav_2d_msgs/lib/libnav_2d_msgs__rosidl_typesupport_cpp.so
[7.327s] -- Up-to-date: /home/coderey/ros2_ws/install/nav_2d_msgs/share/nav_2d_msgs/environment/pythonpath.sh
[7.327s] -- Installing: /home/coderey/ros2_ws/install/nav_2d_msgs/share/nav_2d_msgs/environment/pythonpath.dsv
[7.328s] -- Installing: /home/coderey/ros2_ws/install/nav_2d_msgs/lib/python3.8/site-packages/nav_2d_msgs/__init__.py
[7.399s] Compiling '/home/coderey/ros2_ws/install/nav_2d_msgs/lib/python3.8/site-packages/nav_2d_msgs/__init__.py'...
[7.405s] -- Up-to-date: /home/coderey/ros2_ws/install/nav_2d_msgs/lib/python3.8/site-packages/nav_2d_msgs/msg
[7.405s] -- Up-to-date: /home/coderey/ros2_ws/install/nav_2d_msgs/lib/python3.8/site-packages/nav_2d_msgs/msg/_twist2_d32.py
[7.405s] -- Up-to-date: /home/coderey/ros2_ws/install/nav_2d_msgs/lib/python3.8/site-packages/nav_2d_msgs/msg/__init__.py
[7.405s] -- Up-to-date: /home/coderey/ros2_ws/install/nav_2d_msgs/lib/python3.8/site-packages/nav_2d_msgs/msg/_twist2_d32_s.c
[7.405s] -- Up-to-date: /home/coderey/ros2_ws/install/nav_2d_msgs/lib/python3.8/site-packages/nav_2d_msgs/msg/_twist2_d_s.c
[7.405s] -- Up-to-date: /home/coderey/ros2_ws/install/nav_2d_msgs/lib/python3.8/site-packages/nav_2d_msgs/msg/_pose2_d32.py
[7.406s] -- Up-to-date: /home/coderey/ros2_ws/install/nav_2d_msgs/lib/python3.8/site-packages/nav_2d_msgs/msg/_pose2_d_stamped_s.c
[7.406s] -- Up-to-date: /home/coderey/ros2_ws/install/nav_2d_msgs/lib/python3.8/site-packages/nav_2d_msgs/msg/_path2_d_s.c
[7.406s] -- Up-to-date: /home/coderey/ros2_ws/install/nav_2d_msgs/lib/python3.8/site-packages/nav_2d_msgs/msg/_twist2_d.py
[7.406s] -- Up-to-date: /home/coderey/ros2_ws/install/nav_2d_msgs/lib/python3.8/site-packages/nav_2d_msgs/msg/_pose2_d_stamped.py
[7.406s] -- Up-to-date: /home/coderey/ros2_ws/install/nav_2d_msgs/lib/python3.8/site-packages/nav_2d_msgs/msg/_twist2_d_stamped_s.c
[7.406s] -- Up-to-date: /home/coderey/ros2_ws/install/nav_2d_msgs/lib/python3.8/site-packages/nav_2d_msgs/msg/_twist2_d_stamped.py
[7.406s] -- Up-to-date: /home/coderey/ros2_ws/install/nav_2d_msgs/lib/python3.8/site-packages/nav_2d_msgs/msg/_path2_d.py
[7.406s] -- Up-to-date: /home/coderey/ros2_ws/install/nav_2d_msgs/lib/python3.8/site-packages/nav_2d_msgs/msg/_pose2_d32_s.c
[7.406s] -- Up-to-date: /home/coderey/ros2_ws/install/nav_2d_msgs/lib/python3.8/site-packages/nav_2d_msgs/nav_2d_msgs_s__rosidl_typesupport_microxrcedds_c.cpython-38-x86_64-linux-gnu.so
[7.406s] -- Up-to-date: /home/coderey/ros2_ws/install/nav_2d_msgs/lib/python3.8/site-packages/nav_2d_msgs/nav_2d_msgs_s__rosidl_typesupport_fastrtps_c.cpython-38-x86_64-linux-gnu.so
[7.407s] -- Up-to-date: /home/coderey/ros2_ws/install/nav_2d_msgs/lib/python3.8/site-packages/nav_2d_msgs/nav_2d_msgs_s__rosidl_typesupport_introspection_c.cpython-38-x86_64-linux-gnu.so
[7.408s] -- Up-to-date: /home/coderey/ros2_ws/install/nav_2d_msgs/lib/python3.8/site-packages/nav_2d_msgs/nav_2d_msgs_s__rosidl_typesupport_c.cpython-38-x86_64-linux-gnu.so
[7.409s] -- Up-to-date: /home/coderey/ros2_ws/install/nav_2d_msgs/lib/libnav_2d_msgs__python.so
[7.409s] -- Up-to-date: /home/coderey/ros2_ws/install/nav_2d_msgs/share/nav_2d_msgs/msg/Path2D.idl
[7.409s] -- Up-to-date: /home/coderey/ros2_ws/install/nav_2d_msgs/share/nav_2d_msgs/msg/Pose2D32.idl
[7.409s] -- Up-to-date: /home/coderey/ros2_ws/install/nav_2d_msgs/share/nav_2d_msgs/msg/Pose2DStamped.idl
[7.409s] -- Up-to-date: /home/coderey/ros2_ws/install/nav_2d_msgs/share/nav_2d_msgs/msg/Twist2D.idl
[7.410s] -- Up-to-date: /home/coderey/ros2_ws/install/nav_2d_msgs/share/nav_2d_msgs/msg/Twist2D32.idl
[7.412s] -- Up-to-date: /home/coderey/ros2_ws/install/nav_2d_msgs/share/nav_2d_msgs/msg/Twist2DStamped.idl
[7.412s] -- Installing: /home/coderey/ros2_ws/install/nav_2d_msgs/share/nav_2d_msgs/msg/Path2D.msg
[7.412s] -- Installing: /home/coderey/ros2_ws/install/nav_2d_msgs/share/nav_2d_msgs/msg/Pose2D32.msg
[7.412s] -- Installing: /home/coderey/ros2_ws/install/nav_2d_msgs/share/nav_2d_msgs/msg/Pose2DStamped.msg
[7.413s] -- Installing: /home/coderey/ros2_ws/install/nav_2d_msgs/share/nav_2d_msgs/msg/Twist2D.msg
[7.413s] -- Installing: /home/coderey/ros2_ws/install/nav_2d_msgs/share/nav_2d_msgs/msg/Twist2D32.msg
[7.413s] -- Installing: /home/coderey/ros2_ws/install/nav_2d_msgs/share/nav_2d_msgs/msg/Twist2DStamped.msg
[7.413s] -- Up-to-date: /home/coderey/ros2_ws/install/nav_2d_msgs/share/ament_index/resource_index/package_run_dependencies/nav_2d_msgs
[7.413s] -- Up-to-date: /home/coderey/ros2_ws/install/nav_2d_msgs/share/ament_index/resource_index/parent_prefix_path/nav_2d_msgs
[7.413s] -- Up-to-date: /home/coderey/ros2_ws/install/nav_2d_msgs/share/nav_2d_msgs/environment/ament_prefix_path.sh
[7.414s] -- Installing: /home/coderey/ros2_ws/install/nav_2d_msgs/share/nav_2d_msgs/environment/ament_prefix_path.dsv
[7.414s] -- Up-to-date: /home/coderey/ros2_ws/install/nav_2d_msgs/share/nav_2d_msgs/environment/path.sh
[7.414s] -- Installing: /home/coderey/ros2_ws/install/nav_2d_msgs/share/nav_2d_msgs/environment/path.dsv
[7.414s] -- Up-to-date: /home/coderey/ros2_ws/install/nav_2d_msgs/share/nav_2d_msgs/local_setup.bash
[7.414s] -- Up-to-date: /home/coderey/ros2_ws/install/nav_2d_msgs/share/nav_2d_msgs/local_setup.sh
[7.415s] -- Up-to-date: /home/coderey/ros2_ws/install/nav_2d_msgs/share/nav_2d_msgs/local_setup.zsh
[7.415s] -- Installing: /home/coderey/ros2_ws/install/nav_2d_msgs/share/nav_2d_msgs/local_setup.dsv
[7.415s] -- Installing: /home/coderey/ros2_ws/install/nav_2d_msgs/share/nav_2d_msgs/package.dsv
[7.415s] -- Up-to-date: /home/coderey/ros2_ws/install/nav_2d_msgs/share/ament_index/resource_index/packages/nav_2d_msgs
[7.415s] -- Up-to-date: /home/coderey/ros2_ws/install/nav_2d_msgs/share/nav_2d_msgs/cmake/nav_2d_msgs__rosidl_generator_cExport.cmake
[7.415s] -- Installing: /home/coderey/ros2_ws/install/nav_2d_msgs/share/nav_2d_msgs/cmake/nav_2d_msgs__rosidl_generator_cExport-noconfig.cmake
[7.415s] -- Up-to-date: /home/coderey/ros2_ws/install/nav_2d_msgs/share/nav_2d_msgs/cmake/nav_2d_msgs__rosidl_typesupport_introspection_cExport.cmake
[7.416s] -- Installing: /home/coderey/ros2_ws/install/nav_2d_msgs/share/nav_2d_msgs/cmake/nav_2d_msgs__rosidl_typesupport_introspection_cExport-noconfig.cmake
[7.416s] -- Up-to-date: /home/coderey/ros2_ws/install/nav_2d_msgs/share/nav_2d_msgs/cmake/nav_2d_msgs__rosidl_typesupport_cExport.cmake
[7.416s] -- Installing: /home/coderey/ros2_ws/install/nav_2d_msgs/share/nav_2d_msgs/cmake/nav_2d_msgs__rosidl_typesupport_cExport-noconfig.cmake
[7.416s] -- Up-to-date: /home/coderey/ros2_ws/install/nav_2d_msgs/share/nav_2d_msgs/cmake/nav_2d_msgs__rosidl_generator_cppExport.cmake
[7.416s] -- Up-to-date: /home/coderey/ros2_ws/install/nav_2d_msgs/share/nav_2d_msgs/cmake/nav_2d_msgs__rosidl_typesupport_introspection_cppExport.cmake
[7.416s] -- Installing: /home/coderey/ros2_ws/install/nav_2d_msgs/share/nav_2d_msgs/cmake/nav_2d_msgs__rosidl_typesupport_introspection_cppExport-noconfig.cmake
[7.416s] -- Up-to-date: /home/coderey/ros2_ws/install/nav_2d_msgs/share/nav_2d_msgs/cmake/nav_2d_msgs__rosidl_typesupport_cppExport.cmake
[7.416s] -- Installing: /home/coderey/ros2_ws/install/nav_2d_msgs/share/nav_2d_msgs/cmake/nav_2d_msgs__rosidl_typesupport_cppExport-noconfig.cmake
[7.416s] -- Up-to-date: /home/coderey/ros2_ws/install/nav_2d_msgs/share/nav_2d_msgs/cmake/rosidl_cmake-extras.cmake
[7.416s] -- Up-to-date: /home/coderey/ros2_ws/install/nav_2d_msgs/share/nav_2d_msgs/cmake/ament_cmake_export_dependencies-extras.cmake
[7.416s] -- Up-to-date: /home/coderey/ros2_ws/install/nav_2d_msgs/share/nav_2d_msgs/cmake/ament_cmake_export_libraries-extras.cmake
[7.416s] -- Up-to-date: /home/coderey/ros2_ws/install/nav_2d_msgs/share/nav_2d_msgs/cmake/ament_cmake_export_targets-extras.cmake
[7.417s] -- Up-to-date: /home/coderey/ros2_ws/install/nav_2d_msgs/share/nav_2d_msgs/cmake/ament_cmake_export_include_directories-extras.cmake
[7.417s] -- Up-to-date: /home/coderey/ros2_ws/install/nav_2d_msgs/share/nav_2d_msgs/cmake/rosidl_cmake_export_typesupport_libraries-extras.cmake
[7.423s] -- Up-to-date: /home/coderey/ros2_ws/install/nav_2d_msgs/share/nav_2d_msgs/cmake/rosidl_cmake_export_typesupport_targets-extras.cmake
[7.423s] -- Up-to-date: /home/coderey/ros2_ws/install/nav_2d_msgs/share/nav_2d_msgs/cmake/nav_2d_msgsConfig.cmake
[7.423s] -- Up-to-date: /home/coderey/ros2_ws/install/nav_2d_msgs/share/nav_2d_msgs/cmake/nav_2d_msgsConfig-version.cmake
[7.423s] -- Installing: /home/coderey/ros2_ws/install/nav_2d_msgs/share/nav_2d_msgs/package.xml
[7.423s] Invoked command in '/home/coderey/ros2_ws/build/nav_2d_msgs' returned '0': CMAKE_PREFIX_PATH=${CMAKE_PREFIX_PATH}:/home/coderey/ros2_ws/install/swisscat_robot:/home/coderey/ros2_ws/install/nav2_gps_waypoint_follower_demo:/home/coderey/ros2_ws/install/mob_rob_loca:/home/coderey/ros2_ws/install/bno055:/home/coderey/microros_ws/install/sensor_msgs_py:/opt/ros/galactic /usr/bin/cmake --install /home/coderey/ros2_ws/build/nav_2d_msgs
