[1.320s] Invoking command in '/home/coderey/ros2_ws/build/robot_localization': CMAKE_PREFIX_PATH=${CMAKE_PREFIX_PATH}:/home/coderey/ros2_ws/install/swisscat_robot:/home/coderey/ros2_ws/install/nav2_gps_waypoint_follower_demo:/home/coderey/ros2_ws/install/nav2_simple_commander:/home/coderey/ros2_ws/install/mob_rob_loca:/home/coderey/ros2_ws/install/bno055:/home/coderey/microros_ws/install/sensor_msgs_py:/opt/ros/galactic /usr/bin/cmake --build /home/coderey/ros2_ws/build/robot_localization -- -j8 -l8
[2.260s] [  1%] Built target gtest
[2.260s] [  3%] Built target gtest_main
[2.260s] [  9%] Built target robot_localization__rosidl_generator_c
[2.261s] [ 10%] Built target robot_localization__cpp
[2.261s] [ 16%] Built target robot_localization__rosidl_typesupport_microxrcedds_c
[2.261s] [ 22%] Built target robot_localization__rosidl_typesupport_c
[2.261s] [ 29%] Built target robot_localization__rosidl_typesupport_fastrtps_cpp
[2.261s] [ 34%] Built target robot_localization__rosidl_typesupport_introspection_c
[2.261s] [ 40%] Built target robot_localization__rosidl_typesupport_cpp
[2.261s] [ 46%] Built target robot_localization__rosidl_typesupport_microxrcedds_cpp
[2.261s] [ 52%] Built target robot_localization__rosidl_typesupport_introspection_cpp
[2.261s] [ 58%] Built target robot_localization__rosidl_typesupport_fastrtps_c
[2.261s] [ 58%] Built target robot_localization
[2.261s] [ 59%] Built target robot_localization__py
[2.261s] [ 67%] Built target rl_lib
[2.261s] [ 72%] Built target robot_localization__python
[2.261s] [ 74%] Built target test_ros_robot_localization_listener_publisher
[2.261s] [ 75%] Built target test_ros_robot_localization_listener
[2.261s] [ 79%] Built target ukf_node
[2.261s] [ 79%] Built target test_robot_localization_estimator
[2.261s] [ 80%] Built target ekf_node
[2.261s] [ 81%] Built target test_ukf
[2.261s] [ 82%] Built target test_ekf
[2.261s] [ 84%] Built target robot_localization__rosidl_typesupport_introspection_c__pyext
[2.261s] [ 85%] Built target navsat_transform_node
[2.261s] [ 88%] Built target robot_localization__rosidl_typesupport_c__pyext
[2.261s] [ 89%] Built target filter_base-test
[2.261s] [ 91%] Built target robot_localization__rosidl_typesupport_microxrcedds_c__pyext
[2.262s] [ 93%] Built target test_ukf_localization_node_interfaces
[2.262s] [ 95%] Built target test_ekf_localization_node_interfaces
[2.262s] [ 97%] Built target robot_localization__rosidl_typesupport_fastrtps_c__pyext
[2.262s] [ 99%] Built target robot_localization_listener_node
[2.262s] [100%] Built target test_filter_base_diagnostics_timestamps
[2.267s] Invoked command in '/home/coderey/ros2_ws/build/robot_localization' returned '0': CMAKE_PREFIX_PATH=${CMAKE_PREFIX_PATH}:/home/coderey/ros2_ws/install/swisscat_robot:/home/coderey/ros2_ws/install/nav2_gps_waypoint_follower_demo:/home/coderey/ros2_ws/install/nav2_simple_commander:/home/coderey/ros2_ws/install/mob_rob_loca:/home/coderey/ros2_ws/install/bno055:/home/coderey/microros_ws/install/sensor_msgs_py:/opt/ros/galactic /usr/bin/cmake --build /home/coderey/ros2_ws/build/robot_localization -- -j8 -l8
[3.391s] Invoking command in '/home/coderey/ros2_ws/build/robot_localization': CMAKE_PREFIX_PATH=${CMAKE_PREFIX_PATH}:/home/coderey/ros2_ws/install/swisscat_robot:/home/coderey/ros2_ws/install/nav2_gps_waypoint_follower_demo:/home/coderey/ros2_ws/install/nav2_simple_commander:/home/coderey/ros2_ws/install/mob_rob_loca:/home/coderey/ros2_ws/install/bno055:/home/coderey/microros_ws/install/sensor_msgs_py:/opt/ros/galactic /usr/bin/cmake --install /home/coderey/ros2_ws/build/robot_localization
[3.928s] -- Install configuration: "RelWithDebInfo"
[3.929s] -- Execute custom install script
[3.929s] -- Up-to-date symlink: /home/coderey/ros2_ws/install/robot_localization/share/ament_index/resource_index/rosidl_interfaces/robot_localization
[3.929s] -- Up-to-date symlink: /home/coderey/ros2_ws/install/robot_localization/include/robot_localization/msg/rosidl_generator_c__visibility_control.h
[3.929s] -- Up-to-date symlink: /home/coderey/ros2_ws/install/robot_localization/include/robot_localization/srv/detail/from_ll__functions.h
[3.929s] -- Up-to-date symlink: /home/coderey/ros2_ws/install/robot_localization/include/robot_localization/srv/detail/from_ll__struct.h
[3.929s] -- Up-to-date symlink: /home/coderey/ros2_ws/install/robot_localization/include/robot_localization/srv/detail/from_ll__type_support.h
[3.929s] -- Up-to-date symlink: /home/coderey/ros2_ws/install/robot_localization/include/robot_localization/srv/detail/get_state__functions.h
[3.929s] -- Up-to-date symlink: /home/coderey/ros2_ws/install/robot_localization/include/robot_localization/srv/detail/get_state__struct.h
[3.929s] -- Up-to-date symlink: /home/coderey/ros2_ws/install/robot_localization/include/robot_localization/srv/detail/get_state__type_support.h
[3.929s] -- Up-to-date symlink: /home/coderey/ros2_ws/install/robot_localization/include/robot_localization/srv/detail/set_datum__functions.h
[3.929s] -- Up-to-date symlink: /home/coderey/ros2_ws/install/robot_localization/include/robot_localization/srv/detail/set_datum__struct.h
[3.930s] -- Up-to-date symlink: /home/coderey/ros2_ws/install/robot_localization/include/robot_localization/srv/detail/set_datum__type_support.h
[3.930s] -- Up-to-date symlink: /home/coderey/ros2_ws/install/robot_localization/include/robot_localization/srv/detail/set_pose__functions.h
[3.930s] -- Up-to-date symlink: /home/coderey/ros2_ws/install/robot_localization/include/robot_localization/srv/detail/set_pose__struct.h
[3.930s] -- Up-to-date symlink: /home/coderey/ros2_ws/install/robot_localization/include/robot_localization/srv/detail/set_pose__type_support.h
[3.930s] -- Up-to-date symlink: /home/coderey/ros2_ws/install/robot_localization/include/robot_localization/srv/detail/to_ll__functions.h
[3.930s] -- Up-to-date symlink: /home/coderey/ros2_ws/install/robot_localization/include/robot_localization/srv/detail/to_ll__struct.h
[3.932s] -- Up-to-date symlink: /home/coderey/ros2_ws/install/robot_localization/include/robot_localization/srv/detail/to_ll__type_support.h
[3.932s] -- Up-to-date symlink: /home/coderey/ros2_ws/install/robot_localization/include/robot_localization/srv/detail/toggle_filter_processing__functions.h
[3.933s] -- Up-to-date symlink: /home/coderey/ros2_ws/install/robot_localization/include/robot_localization/srv/detail/toggle_filter_processing__struct.h
[3.933s] -- Up-to-date symlink: /home/coderey/ros2_ws/install/robot_localization/include/robot_localization/srv/detail/toggle_filter_processing__type_support.h
[3.933s] -- Up-to-date symlink: /home/coderey/ros2_ws/install/robot_localization/include/robot_localization/srv/from_ll.h
[3.933s] -- Up-to-date symlink: /home/coderey/ros2_ws/install/robot_localization/include/robot_localization/srv/get_state.h
[3.933s] -- Up-to-date symlink: /home/coderey/ros2_ws/install/robot_localization/include/robot_localization/srv/set_datum.h
[3.933s] -- Up-to-date symlink: /home/coderey/ros2_ws/install/robot_localization/include/robot_localization/srv/set_pose.h
[3.933s] -- Up-to-date symlink: /home/coderey/ros2_ws/install/robot_localization/include/robot_localization/srv/to_ll.h
[3.933s] -- Up-to-date symlink: /home/coderey/ros2_ws/install/robot_localization/include/robot_localization/srv/toggle_filter_processing.h
[3.933s] -- Up-to-date symlink: /home/coderey/ros2_ws/install/robot_localization/share/robot_localization/environment/library_path.sh
[3.934s] -- Up-to-date symlink: /home/coderey/ros2_ws/install/robot_localization/share/robot_localization/environment/library_path.dsv
[3.934s] -- Up-to-date symlink: /home/coderey/ros2_ws/install/robot_localization/include/robot_localization/msg/rosidl_typesupport_microxrcedds_c__visibility_control.h
[3.934s] -- Up-to-date symlink: /home/coderey/ros2_ws/install/robot_localization/include/robot_localization/srv/detail/from_ll__rosidl_typesupport_microxrcedds_c.h
[3.934s] -- Up-to-date symlink: /home/coderey/ros2_ws/install/robot_localization/include/robot_localization/srv/detail/get_state__rosidl_typesupport_microxrcedds_c.h
[3.934s] -- Up-to-date symlink: /home/coderey/ros2_ws/install/robot_localization/include/robot_localization/srv/detail/set_datum__rosidl_typesupport_microxrcedds_c.h
[3.934s] -- Up-to-date symlink: /home/coderey/ros2_ws/install/robot_localization/include/robot_localization/srv/detail/set_pose__rosidl_typesupport_microxrcedds_c.h
[3.934s] -- Up-to-date symlink: /home/coderey/ros2_ws/install/robot_localization/include/robot_localization/srv/detail/to_ll__rosidl_typesupport_microxrcedds_c.h
[3.934s] -- Up-to-date symlink: /home/coderey/ros2_ws/install/robot_localization/include/robot_localization/srv/detail/toggle_filter_processing__rosidl_typesupport_microxrcedds_c.h
[3.934s] -- Up-to-date symlink: /home/coderey/ros2_ws/install/robot_localization/lib/librobot_localization__rosidl_typesupport_microxrcedds_c.so
[3.934s] -- Up-to-date symlink: /home/coderey/ros2_ws/install/robot_localization/include/robot_localization/msg/rosidl_typesupport_fastrtps_c__visibility_control.h
[3.934s] -- Up-to-date symlink: /home/coderey/ros2_ws/install/robot_localization/include/robot_localization/srv/detail/from_ll__rosidl_typesupport_fastrtps_c.h
[3.934s] -- Up-to-date symlink: /home/coderey/ros2_ws/install/robot_localization/include/robot_localization/srv/detail/get_state__rosidl_typesupport_fastrtps_c.h
[3.935s] -- Up-to-date symlink: /home/coderey/ros2_ws/install/robot_localization/include/robot_localization/srv/detail/set_datum__rosidl_typesupport_fastrtps_c.h
[3.935s] -- Up-to-date symlink: /home/coderey/ros2_ws/install/robot_localization/include/robot_localization/srv/detail/set_pose__rosidl_typesupport_fastrtps_c.h
[3.935s] -- Up-to-date symlink: /home/coderey/ros2_ws/install/robot_localization/include/robot_localization/srv/detail/to_ll__rosidl_typesupport_fastrtps_c.h
[3.935s] -- Up-to-date symlink: /home/coderey/ros2_ws/install/robot_localization/include/robot_localization/srv/detail/toggle_filter_processing__rosidl_typesupport_fastrtps_c.h
[3.935s] -- Up-to-date symlink: /home/coderey/ros2_ws/install/robot_localization/lib/librobot_localization__rosidl_typesupport_fastrtps_c.so
[3.935s] -- Up-to-date symlink: /home/coderey/ros2_ws/install/robot_localization/include/robot_localization/msg/rosidl_typesupport_fastrtps_cpp__visibility_control.h
[3.935s] -- Up-to-date symlink: /home/coderey/ros2_ws/install/robot_localization/include/robot_localization/srv/detail/from_ll__rosidl_typesupport_fastrtps_cpp.hpp
[3.935s] -- Up-to-date symlink: /home/coderey/ros2_ws/install/robot_localization/include/robot_localization/srv/detail/get_state__rosidl_typesupport_fastrtps_cpp.hpp
[3.935s] -- Up-to-date symlink: /home/coderey/ros2_ws/install/robot_localization/include/robot_localization/srv/detail/set_datum__rosidl_typesupport_fastrtps_cpp.hpp
[3.935s] -- Up-to-date symlink: /home/coderey/ros2_ws/install/robot_localization/include/robot_localization/srv/detail/set_pose__rosidl_typesupport_fastrtps_cpp.hpp
[3.936s] -- Up-to-date symlink: /home/coderey/ros2_ws/install/robot_localization/include/robot_localization/srv/detail/to_ll__rosidl_typesupport_fastrtps_cpp.hpp
[3.936s] -- Up-to-date symlink: /home/coderey/ros2_ws/install/robot_localization/include/robot_localization/srv/detail/toggle_filter_processing__rosidl_typesupport_fastrtps_cpp.hpp
[3.936s] -- Up-to-date symlink: /home/coderey/ros2_ws/install/robot_localization/lib/librobot_localization__rosidl_typesupport_fastrtps_cpp.so
[3.936s] -- Up-to-date symlink: /home/coderey/ros2_ws/install/robot_localization/include/robot_localization/msg/rosidl_typesupport_introspection_c__visibility_control.h
[3.936s] -- Up-to-date symlink: /home/coderey/ros2_ws/install/robot_localization/include/robot_localization/srv/detail/from_ll__rosidl_typesupport_introspection_c.h
[3.936s] -- Up-to-date symlink: /home/coderey/ros2_ws/install/robot_localization/include/robot_localization/srv/detail/get_state__rosidl_typesupport_introspection_c.h
[3.936s] -- Up-to-date symlink: /home/coderey/ros2_ws/install/robot_localization/include/robot_localization/srv/detail/set_datum__rosidl_typesupport_introspection_c.h
[3.938s] -- Up-to-date symlink: /home/coderey/ros2_ws/install/robot_localization/include/robot_localization/srv/detail/set_pose__rosidl_typesupport_introspection_c.h
[3.938s] -- Up-to-date symlink: /home/coderey/ros2_ws/install/robot_localization/include/robot_localization/srv/detail/to_ll__rosidl_typesupport_introspection_c.h
[3.938s] -- Up-to-date symlink: /home/coderey/ros2_ws/install/robot_localization/include/robot_localization/srv/detail/toggle_filter_processing__rosidl_typesupport_introspection_c.h
[3.938s] -- Up-to-date symlink: /home/coderey/ros2_ws/install/robot_localization/include/robot_localization/srv/detail/from_ll__builder.hpp
[3.938s] -- Up-to-date symlink: /home/coderey/ros2_ws/install/robot_localization/include/robot_localization/srv/detail/from_ll__struct.hpp
[3.939s] -- Up-to-date symlink: /home/coderey/ros2_ws/install/robot_localization/include/robot_localization/srv/detail/from_ll__traits.hpp
[3.939s] -- Up-to-date symlink: /home/coderey/ros2_ws/install/robot_localization/include/robot_localization/srv/detail/get_state__builder.hpp
[3.939s] -- Up-to-date symlink: /home/coderey/ros2_ws/install/robot_localization/include/robot_localization/srv/detail/get_state__struct.hpp
[3.939s] -- Up-to-date symlink: /home/coderey/ros2_ws/install/robot_localization/include/robot_localization/srv/detail/get_state__traits.hpp
[3.939s] -- Up-to-date symlink: /home/coderey/ros2_ws/install/robot_localization/include/robot_localization/srv/detail/set_datum__builder.hpp
[3.939s] -- Up-to-date symlink: /home/coderey/ros2_ws/install/robot_localization/include/robot_localization/srv/detail/set_datum__struct.hpp
[3.939s] -- Up-to-date symlink: /home/coderey/ros2_ws/install/robot_localization/include/robot_localization/srv/detail/set_datum__traits.hpp
[3.939s] -- Up-to-date symlink: /home/coderey/ros2_ws/install/robot_localization/include/robot_localization/srv/detail/set_pose__builder.hpp
[3.939s] -- Up-to-date symlink: /home/coderey/ros2_ws/install/robot_localization/include/robot_localization/srv/detail/set_pose__struct.hpp
[3.939s] -- Up-to-date symlink: /home/coderey/ros2_ws/install/robot_localization/include/robot_localization/srv/detail/set_pose__traits.hpp
[3.939s] -- Up-to-date symlink: /home/coderey/ros2_ws/install/robot_localization/include/robot_localization/srv/detail/to_ll__builder.hpp
[3.939s] -- Up-to-date symlink: /home/coderey/ros2_ws/install/robot_localization/include/robot_localization/srv/detail/to_ll__struct.hpp
[3.939s] -- Up-to-date symlink: /home/coderey/ros2_ws/install/robot_localization/include/robot_localization/srv/detail/to_ll__traits.hpp
[3.939s] -- Up-to-date symlink: /home/coderey/ros2_ws/install/robot_localization/include/robot_localization/srv/detail/toggle_filter_processing__builder.hpp
[3.939s] -- Up-to-date symlink: /home/coderey/ros2_ws/install/robot_localization/include/robot_localization/srv/detail/toggle_filter_processing__struct.hpp
[3.939s] -- Up-to-date symlink: /home/coderey/ros2_ws/install/robot_localization/include/robot_localization/srv/detail/toggle_filter_processing__traits.hpp
[3.939s] -- Up-to-date symlink: /home/coderey/ros2_ws/install/robot_localization/include/robot_localization/srv/from_ll.hpp
[3.939s] -- Up-to-date symlink: /home/coderey/ros2_ws/install/robot_localization/include/robot_localization/srv/get_state.hpp
[3.939s] -- Up-to-date symlink: /home/coderey/ros2_ws/install/robot_localization/include/robot_localization/srv/set_datum.hpp
[3.939s] -- Up-to-date symlink: /home/coderey/ros2_ws/install/robot_localization/include/robot_localization/srv/set_pose.hpp
[3.939s] -- Up-to-date symlink: /home/coderey/ros2_ws/install/robot_localization/include/robot_localization/srv/to_ll.hpp
[3.939s] -- Up-to-date symlink: /home/coderey/ros2_ws/install/robot_localization/include/robot_localization/srv/toggle_filter_processing.hpp
[3.939s] -- Up-to-date symlink: /home/coderey/ros2_ws/install/robot_localization/include/robot_localization/msg/rosidl_typesupport_microxrcedds_cpp__visibility_control.h
[3.940s] -- Up-to-date symlink: /home/coderey/ros2_ws/install/robot_localization/include/robot_localization/srv/detail/from_ll__rosidl_typesupport_microxrcedds_cpp.hpp
[3.940s] -- Up-to-date symlink: /home/coderey/ros2_ws/install/robot_localization/include/robot_localization/srv/detail/get_state__rosidl_typesupport_microxrcedds_cpp.hpp
[3.942s] -- Up-to-date symlink: /home/coderey/ros2_ws/install/robot_localization/include/robot_localization/srv/detail/microxrcedds/from_ll__type_support_cpp.cpp
[3.942s] -- Up-to-date symlink: /home/coderey/ros2_ws/install/robot_localization/include/robot_localization/srv/detail/microxrcedds/get_state__type_support_cpp.cpp
[3.942s] -- Up-to-date symlink: /home/coderey/ros2_ws/install/robot_localization/include/robot_localization/srv/detail/microxrcedds/set_datum__type_support_cpp.cpp
[3.942s] -- Up-to-date symlink: /home/coderey/ros2_ws/install/robot_localization/include/robot_localization/srv/detail/microxrcedds/set_pose__type_support_cpp.cpp
[3.942s] -- Up-to-date symlink: /home/coderey/ros2_ws/install/robot_localization/include/robot_localization/srv/detail/microxrcedds/to_ll__type_support_cpp.cpp
[3.942s] -- Up-to-date symlink: /home/coderey/ros2_ws/install/robot_localization/include/robot_localization/srv/detail/microxrcedds/toggle_filter_processing__type_support_cpp.cpp
[3.942s] -- Up-to-date symlink: /home/coderey/ros2_ws/install/robot_localization/include/robot_localization/srv/detail/set_datum__rosidl_typesupport_microxrcedds_cpp.hpp
[3.942s] -- Up-to-date symlink: /home/coderey/ros2_ws/install/robot_localization/include/robot_localization/srv/detail/set_pose__rosidl_typesupport_microxrcedds_cpp.hpp
[3.942s] -- Up-to-date symlink: /home/coderey/ros2_ws/install/robot_localization/include/robot_localization/srv/detail/to_ll__rosidl_typesupport_microxrcedds_cpp.hpp
[3.942s] -- Up-to-date symlink: /home/coderey/ros2_ws/install/robot_localization/include/robot_localization/srv/detail/toggle_filter_processing__rosidl_typesupport_microxrcedds_cpp.hpp
[3.942s] -- Up-to-date symlink: /home/coderey/ros2_ws/install/robot_localization/lib/librobot_localization__rosidl_typesupport_microxrcedds_cpp.so
[3.942s] -- Up-to-date symlink: /home/coderey/ros2_ws/install/robot_localization/include/robot_localization/srv/detail/from_ll__rosidl_typesupport_introspection_cpp.hpp
[3.942s] -- Up-to-date symlink: /home/coderey/ros2_ws/install/robot_localization/include/robot_localization/srv/detail/get_state__rosidl_typesupport_introspection_cpp.hpp
[3.942s] -- Up-to-date symlink: /home/coderey/ros2_ws/install/robot_localization/include/robot_localization/srv/detail/set_datum__rosidl_typesupport_introspection_cpp.hpp
[3.942s] -- Up-to-date symlink: /home/coderey/ros2_ws/install/robot_localization/include/robot_localization/srv/detail/set_pose__rosidl_typesupport_introspection_cpp.hpp
[3.942s] -- Up-to-date symlink: /home/coderey/ros2_ws/install/robot_localization/include/robot_localization/srv/detail/to_ll__rosidl_typesupport_introspection_cpp.hpp
[3.943s] -- Up-to-date symlink: /home/coderey/ros2_ws/install/robot_localization/include/robot_localization/srv/detail/toggle_filter_processing__rosidl_typesupport_introspection_cpp.hpp
[3.943s] -- Up-to-date symlink: /home/coderey/ros2_ws/install/robot_localization/share/robot_localization/environment/pythonpath.sh
[3.943s] -- Up-to-date symlink: /home/coderey/ros2_ws/install/robot_localization/share/robot_localization/environment/pythonpath.dsv
[3.943s] -- Up-to-date symlink: /home/coderey/ros2_ws/install/robot_localization/lib/python3.8/site-packages/robot_localization/__init__.py
[3.943s] -- Up-to-date symlink: /home/coderey/ros2_ws/install/robot_localization/lib/python3.8/site-packages/robot_localization/srv/__init__.py
[3.943s] -- Up-to-date symlink: /home/coderey/ros2_ws/install/robot_localization/lib/python3.8/site-packages/robot_localization/srv/_from_ll.py
[3.943s] -- Up-to-date symlink: /home/coderey/ros2_ws/install/robot_localization/lib/python3.8/site-packages/robot_localization/srv/_get_state.py
[3.943s] -- Up-to-date symlink: /home/coderey/ros2_ws/install/robot_localization/lib/python3.8/site-packages/robot_localization/srv/_set_datum.py
[3.943s] -- Up-to-date symlink: /home/coderey/ros2_ws/install/robot_localization/lib/python3.8/site-packages/robot_localization/srv/_set_pose.py
[3.943s] -- Up-to-date symlink: /home/coderey/ros2_ws/install/robot_localization/lib/python3.8/site-packages/robot_localization/srv/_to_ll.py
[3.943s] -- Up-to-date symlink: /home/coderey/ros2_ws/install/robot_localization/lib/python3.8/site-packages/robot_localization/srv/_toggle_filter_processing.py
[3.944s] -- Up-to-date symlink: /home/coderey/ros2_ws/install/robot_localization/lib/python3.8/site-packages/robot_localization/robot_localization_s__rosidl_typesupport_microxrcedds_c.cpython-38-x86_64-linux-gnu.so
[3.944s] -- Up-to-date symlink: /home/coderey/ros2_ws/install/robot_localization/lib/python3.8/site-packages/robot_localization/robot_localization_s__rosidl_typesupport_fastrtps_c.cpython-38-x86_64-linux-gnu.so
[3.944s] -- Up-to-date symlink: /home/coderey/ros2_ws/install/robot_localization/lib/python3.8/site-packages/robot_localization/robot_localization_s__rosidl_typesupport_introspection_c.cpython-38-x86_64-linux-gnu.so
[3.944s] -- Up-to-date symlink: /home/coderey/ros2_ws/install/robot_localization/lib/python3.8/site-packages/robot_localization/robot_localization_s__rosidl_typesupport_c.cpython-38-x86_64-linux-gnu.so
[3.944s] -- Up-to-date symlink: /home/coderey/ros2_ws/install/robot_localization/lib/librobot_localization__python.so
[3.944s] -- Up-to-date symlink: /home/coderey/ros2_ws/install/robot_localization/share/robot_localization/srv/FromLL.idl
[3.945s] -- Up-to-date symlink: /home/coderey/ros2_ws/install/robot_localization/share/robot_localization/srv/GetState.idl
[3.945s] -- Up-to-date symlink: /home/coderey/ros2_ws/install/robot_localization/share/robot_localization/srv/SetDatum.idl
[3.945s] -- Up-to-date symlink: /home/coderey/ros2_ws/install/robot_localization/share/robot_localization/srv/SetPose.idl
[3.945s] -- Up-to-date symlink: /home/coderey/ros2_ws/install/robot_localization/share/robot_localization/srv/ToggleFilterProcessing.idl
[3.945s] -- Up-to-date symlink: /home/coderey/ros2_ws/install/robot_localization/share/robot_localization/srv/ToLL.idl
[3.945s] -- Up-to-date symlink: /home/coderey/ros2_ws/install/robot_localization/share/robot_localization/srv/FromLL.srv
[3.945s] -- Up-to-date symlink: /home/coderey/ros2_ws/install/robot_localization/share/robot_localization/srv/FromLL_Request.msg
[3.945s] -- Up-to-date symlink: /home/coderey/ros2_ws/install/robot_localization/share/robot_localization/srv/FromLL_Response.msg
[3.945s] -- Up-to-date symlink: /home/coderey/ros2_ws/install/robot_localization/share/robot_localization/srv/GetState.srv
[3.945s] -- Up-to-date symlink: /home/coderey/ros2_ws/install/robot_localization/share/robot_localization/srv/GetState_Request.msg
[3.945s] -- Up-to-date symlink: /home/coderey/ros2_ws/install/robot_localization/share/robot_localization/srv/GetState_Response.msg
[3.946s] -- Up-to-date symlink: /home/coderey/ros2_ws/install/robot_localization/share/robot_localization/srv/SetDatum.srv
[3.946s] -- Up-to-date symlink: /home/coderey/ros2_ws/install/robot_localization/share/robot_localization/srv/SetDatum_Request.msg
[3.946s] -- Up-to-date symlink: /home/coderey/ros2_ws/install/robot_localization/share/robot_localization/srv/SetDatum_Response.msg
[3.946s] -- Up-to-date symlink: /home/coderey/ros2_ws/install/robot_localization/share/robot_localization/srv/SetPose.srv
[3.946s] -- Up-to-date symlink: /home/coderey/ros2_ws/install/robot_localization/share/robot_localization/srv/SetPose_Request.msg
[3.946s] -- Up-to-date symlink: /home/coderey/ros2_ws/install/robot_localization/share/robot_localization/srv/SetPose_Response.msg
[3.947s] -- Up-to-date symlink: /home/coderey/ros2_ws/install/robot_localization/share/robot_localization/srv/ToggleFilterProcessing.srv
[3.947s] -- Up-to-date symlink: /home/coderey/ros2_ws/install/robot_localization/share/robot_localization/srv/ToggleFilterProcessing_Request.msg
[3.947s] -- Up-to-date symlink: /home/coderey/ros2_ws/install/robot_localization/share/robot_localization/srv/ToggleFilterProcessing_Response.msg
[3.947s] -- Up-to-date symlink: /home/coderey/ros2_ws/install/robot_localization/share/robot_localization/srv/ToLL.srv
[3.947s] -- Up-to-date symlink: /home/coderey/ros2_ws/install/robot_localization/share/robot_localization/srv/ToLL_Request.msg
[3.947s] -- Up-to-date symlink: /home/coderey/ros2_ws/install/robot_localization/share/robot_localization/srv/ToLL_Response.msg
[3.947s] -- Up-to-date symlink: /home/coderey/ros2_ws/install/robot_localization/lib/robot_localization/filter_base-test
[3.948s] -- Up-to-date symlink: /home/coderey/ros2_ws/install/robot_localization/lib/robot_localization/test_filter_base_diagnostics_timestamps
[3.948s] -- Up-to-date symlink: /home/coderey/ros2_ws/install/robot_localization/lib/robot_localization/test_ekf
[3.948s] -- Up-to-date symlink: /home/coderey/ros2_ws/install/robot_localization/lib/robot_localization/test_ekf_localization_node_interfaces
[3.948s] -- Up-to-date symlink: /home/coderey/ros2_ws/install/robot_localization/lib/robot_localization/test_ukf
[3.948s] -- Up-to-date symlink: /home/coderey/ros2_ws/install/robot_localization/lib/robot_localization/test_ukf_localization_node_interfaces
[3.948s] -- Up-to-date symlink: /home/coderey/ros2_ws/install/robot_localization/lib/robot_localization/test_robot_localization_estimator
[3.948s] -- Up-to-date symlink: /home/coderey/ros2_ws/install/robot_localization/lib/robot_localization/test_ros_robot_localization_listener
[3.948s] -- Up-to-date symlink: /home/coderey/ros2_ws/install/robot_localization/lib/robot_localization/test_ros_robot_localization_listener_publisher
[3.948s] -- Up-to-date symlink: /home/coderey/ros2_ws/install/robot_localization/lib/robot_localization/navsat_transform_node
[3.948s] -- Up-to-date symlink: /home/coderey/ros2_ws/install/robot_localization/lib/robot_localization/ekf_node
[3.948s] -- Up-to-date symlink: /home/coderey/ros2_ws/install/robot_localization/lib/robot_localization/ukf_node
[3.949s] -- Up-to-date symlink: /home/coderey/ros2_ws/install/robot_localization/lib/robot_localization/robot_localization_listener_node
[3.949s] -- Up-to-date symlink: /home/coderey/ros2_ws/install/robot_localization/lib/librl_lib.so
[3.949s] -- Up-to-date symlink: /home/coderey/ros2_ws/install/robot_localization/share/ament_index/resource_index/package_run_dependencies/robot_localization
[3.950s] -- Up-to-date symlink: /home/coderey/ros2_ws/install/robot_localization/share/ament_index/resource_index/parent_prefix_path/robot_localization
[3.950s] -- Up-to-date symlink: /home/coderey/ros2_ws/install/robot_localization/share/robot_localization/environment/ament_prefix_path.sh
[3.950s] -- Up-to-date symlink: /home/coderey/ros2_ws/install/robot_localization/share/robot_localization/environment/ament_prefix_path.dsv
[3.950s] -- Up-to-date symlink: /home/coderey/ros2_ws/install/robot_localization/share/robot_localization/environment/path.sh
[3.950s] -- Up-to-date symlink: /home/coderey/ros2_ws/install/robot_localization/share/robot_localization/environment/path.dsv
[3.950s] -- Up-to-date symlink: /home/coderey/ros2_ws/install/robot_localization/share/robot_localization/local_setup.bash
[3.951s] -- Up-to-date symlink: /home/coderey/ros2_ws/install/robot_localization/share/robot_localization/local_setup.sh
[3.951s] -- Up-to-date symlink: /home/coderey/ros2_ws/install/robot_localization/share/robot_localization/local_setup.zsh
[3.951s] -- Up-to-date symlink: /home/coderey/ros2_ws/install/robot_localization/share/robot_localization/local_setup.dsv
[3.951s] -- Symlinking: /home/coderey/ros2_ws/install/robot_localization/share/robot_localization/package.dsv
[3.956s] -- Up-to-date symlink: /home/coderey/ros2_ws/install/robot_localization/share/ament_index/resource_index/packages/robot_localization
[3.956s] -- Up-to-date symlink: /home/coderey/ros2_ws/install/robot_localization/share/robot_localization/cmake/rosidl_cmake-extras.cmake
[3.956s] -- Up-to-date symlink: /home/coderey/ros2_ws/install/robot_localization/share/robot_localization/cmake/ament_cmake_export_dependencies-extras.cmake
[3.956s] -- Up-to-date symlink: /home/coderey/ros2_ws/install/robot_localization/share/robot_localization/cmake/ament_cmake_export_libraries-extras.cmake
[3.956s] -- Up-to-date symlink: /home/coderey/ros2_ws/install/robot_localization/share/robot_localization/cmake/ament_cmake_export_targets-extras.cmake
[3.956s] -- Up-to-date symlink: /home/coderey/ros2_ws/install/robot_localization/share/robot_localization/cmake/ament_cmake_export_include_directories-extras.cmake
[3.956s] -- Up-to-date symlink: /home/coderey/ros2_ws/install/robot_localization/share/robot_localization/cmake/rosidl_cmake_export_typesupport_libraries-extras.cmake
[3.956s] -- Up-to-date symlink: /home/coderey/ros2_ws/install/robot_localization/share/robot_localization/cmake/rosidl_cmake_export_typesupport_targets-extras.cmake
[3.956s] -- Up-to-date symlink: /home/coderey/ros2_ws/install/robot_localization/share/robot_localization/cmake/robot_localizationConfig.cmake
[3.957s] -- Up-to-date symlink: /home/coderey/ros2_ws/install/robot_localization/share/robot_localization/cmake/robot_localizationConfig-version.cmake
[3.957s] -- Up-to-date symlink: /home/coderey/ros2_ws/install/robot_localization/share/robot_localization/package.xml
[3.957s] -- Up-to-date: /home/coderey/ros2_ws/install/robot_localization/lib/librobot_localization__rosidl_generator_c.so
[3.957s] -- Up-to-date: /home/coderey/ros2_ws/install/robot_localization/lib/librobot_localization__rosidl_typesupport_introspection_c.so
[3.957s] -- Up-to-date: /home/coderey/ros2_ws/install/robot_localization/lib/librobot_localization__rosidl_typesupport_c.so
[3.957s] -- Up-to-date: /home/coderey/ros2_ws/install/robot_localization/lib/librobot_localization__rosidl_typesupport_introspection_cpp.so
[3.957s] -- Up-to-date: /home/coderey/ros2_ws/install/robot_localization/lib/librobot_localization__rosidl_typesupport_cpp.so
[3.997s] -- Up-to-date: /home/coderey/ros2_ws/install/robot_localization/share/robot_localization/test
[3.998s] -- Up-to-date: /home/coderey/ros2_ws/install/robot_localization/share/robot_localization/test/test_ukf_localization_node_bag1.yaml
[3.998s] -- Up-to-date: /home/coderey/ros2_ws/install/robot_localization/share/robot_localization/test/test1.bag
[3.998s] -- Up-to-date: /home/coderey/ros2_ws/install/robot_localization/share/robot_localization/test/test_ukf_localization_node_bag1.sh
[3.998s] -- Up-to-date: /home/coderey/ros2_ws/install/robot_localization/share/robot_localization/test/test_filter_base.cpp
[3.998s] -- Up-to-date: /home/coderey/ros2_ws/install/robot_localization/share/robot_localization/test/test_ukf_localization_node_bag2.yaml
[3.998s] -- Up-to-date: /home/coderey/ros2_ws/install/robot_localization/share/robot_localization/test/test_filter_base_diagnostics_timestamps.launch.py
[3.998s] -- Up-to-date: /home/coderey/ros2_ws/install/robot_localization/share/robot_localization/test/test_ukf_localization_node_bag1.launch.py
[3.998s] -- Up-to-date: /home/coderey/ros2_ws/install/robot_localization/share/robot_localization/test/test_ekf_localization_node_bag2.sh
[3.998s] -- Up-to-date: /home/coderey/ros2_ws/install/robot_localization/share/robot_localization/test/test_filter_base_diagnostics_timestamps.cpp
[3.998s] -- Up-to-date: /home/coderey/ros2_ws/install/robot_localization/share/robot_localization/test/test_ros_robot_localization_listener.launch.py
[3.998s] -- Up-to-date: /home/coderey/ros2_ws/install/robot_localization/share/robot_localization/test/test_ros_robot_localization_listener_publisher.cpp
[3.998s] -- Up-to-date: /home/coderey/ros2_ws/install/robot_localization/share/robot_localization/test/test_ukf.cpp
[3.999s] -- Up-to-date: /home/coderey/ros2_ws/install/robot_localization/share/robot_localization/test/test_ekf_localization_node_bag1.launch.py
[3.999s] -- Up-to-date: /home/coderey/ros2_ws/install/robot_localization/share/robot_localization/test/test_ukf_localization_node_bag3.yaml
[3.999s] -- Up-to-date: /home/coderey/ros2_ws/install/robot_localization/share/robot_localization/test/test_ekf_localization_node_bag3.launch.py
[3.999s] -- Up-to-date: /home/coderey/ros2_ws/install/robot_localization/share/robot_localization/test/test_ekf_localization_node_interfaces.cpp
[3.999s] -- Up-to-date: /home/coderey/ros2_ws/install/robot_localization/share/robot_localization/test/test_ukf_localization_node_interfaces.launch.py
[3.999s] -- Up-to-date: /home/coderey/ros2_ws/install/robot_localization/share/robot_localization/test/test_ukf_localization_node_bag2.sh
[3.999s] -- Up-to-date: /home/coderey/ros2_ws/install/robot_localization/share/robot_localization/test/test_ekf_localization_node_bag2.yaml
[3.999s] -- Up-to-date: /home/coderey/ros2_ws/install/robot_localization/share/robot_localization/test/test_ukf_localization_node_interfaces.yaml
[3.999s] -- Up-to-date: /home/coderey/ros2_ws/install/robot_localization/share/robot_localization/test/test_robot_localization_estimator.launch.py
[3.999s] -- Up-to-date: /home/coderey/ros2_ws/install/robot_localization/share/robot_localization/test/test_robot_localization_estimator.cpp
[3.999s] -- Up-to-date: /home/coderey/ros2_ws/install/robot_localization/share/robot_localization/test/test_ekf_localization_node_bag1.yaml
[3.999s] -- Up-to-date: /home/coderey/ros2_ws/install/robot_localization/share/robot_localization/test/test_ukf_localization_node_bag3.sh
[3.999s] -- Up-to-date: /home/coderey/ros2_ws/install/robot_localization/share/robot_localization/test/test2.bag
[3.999s] -- Up-to-date: /home/coderey/ros2_ws/install/robot_localization/share/robot_localization/test/test_ekf_localization_node_interfaces.launch.py
[3.999s] -- Up-to-date: /home/coderey/ros2_ws/install/robot_localization/share/robot_localization/test/test_ekf_localization_node_bag3.yaml
[4.000s] -- Up-to-date: /home/coderey/ros2_ws/install/robot_localization/share/robot_localization/test/test_ekf_localization_node_interfaces.yaml
[4.000s] -- Up-to-date: /home/coderey/ros2_ws/install/robot_localization/share/robot_localization/test/test_ros_robot_localization_listener.yaml
[4.000s] -- Up-to-date: /home/coderey/ros2_ws/install/robot_localization/share/robot_localization/test/test_localization_node_bag_pose_tester.cpp
[4.000s] -- Up-to-date: /home/coderey/ros2_ws/install/robot_localization/share/robot_localization/test/test_ros_robot_localization_listener.cpp
[4.000s] -- Up-to-date: /home/coderey/ros2_ws/install/robot_localization/share/robot_localization/test/test3.bag
[4.000s] -- Up-to-date: /home/coderey/ros2_ws/install/robot_localization/share/robot_localization/test/test_ekf_localization_node_bag1.sh
[4.000s] -- Up-to-date: /home/coderey/ros2_ws/install/robot_localization/share/robot_localization/test/test_ukf_localization_node_bag2.launch.py
[4.000s] -- Up-to-date: /home/coderey/ros2_ws/install/robot_localization/share/robot_localization/test/test_ekf.cpp
[4.000s] -- Up-to-date: /home/coderey/ros2_ws/install/robot_localization/share/robot_localization/test/test_ekf_localization_node_bag2.launch.py
[4.000s] -- Up-to-date: /home/coderey/ros2_ws/install/robot_localization/share/robot_localization/test/test_ukf_localization_node_bag3.launch.py
[4.000s] -- Up-to-date: /home/coderey/ros2_ws/install/robot_localization/share/robot_localization/test/test_ukf_localization_node_interfaces.cpp
[4.000s] -- Up-to-date: /home/coderey/ros2_ws/install/robot_localization/share/robot_localization/test/test_ekf_localization_node_bag3.sh
[4.000s] -- Up-to-date: /home/coderey/ros2_ws/install/robot_localization/share/robot_localization/test/test_filter_base_diagnostics_timestamps.yaml
[4.000s] -- Up-to-date: /home/coderey/ros2_ws/install/robot_localization/share/robot_localization/params
[4.000s] -- Up-to-date: /home/coderey/ros2_ws/install/robot_localization/share/robot_localization/params/ekf.yaml
[4.000s] -- Up-to-date: /home/coderey/ros2_ws/install/robot_localization/share/robot_localization/params/ukf.yaml
[4.000s] -- Up-to-date: /home/coderey/ros2_ws/install/robot_localization/share/robot_localization/params/imu.yaml
[4.000s] -- Up-to-date: /home/coderey/ros2_ws/install/robot_localization/share/robot_localization/params/dual_ekf_navsat_example.yaml
[4.001s] -- Up-to-date: /home/coderey/ros2_ws/install/robot_localization/share/robot_localization/params/navsat_transform.yaml
[4.001s] -- Up-to-date: /home/coderey/ros2_ws/install/robot_localization/share/robot_localization/params/ekf_em.yaml
[4.001s] -- Up-to-date: /home/coderey/ros2_ws/install/robot_localization/share/robot_localization/launch
[4.001s] -- Up-to-date: /home/coderey/ros2_ws/install/robot_localization/share/robot_localization/launch/dual_ekf_navsat_example.launch.py
[4.001s] -- Up-to-date: /home/coderey/ros2_ws/install/robot_localization/share/robot_localization/launch/ukf.launch.py
[4.001s] -- Up-to-date: /home/coderey/ros2_ws/install/robot_localization/share/robot_localization/launch/navsat_transform.launch.py
[4.001s] -- Up-to-date: /home/coderey/ros2_ws/install/robot_localization/share/robot_localization/launch/ekf.launch.py
[4.001s] -- Up-to-date: /home/coderey/ros2_ws/install/robot_localization/share/robot_localization/cmake/robot_localization__rosidl_generator_cExport.cmake
[4.001s] -- Up-to-date: /home/coderey/ros2_ws/install/robot_localization/share/robot_localization/cmake/robot_localization__rosidl_generator_cExport-relwithdebinfo.cmake
[4.001s] -- Up-to-date: /home/coderey/ros2_ws/install/robot_localization/share/robot_localization/cmake/robot_localization__rosidl_typesupport_introspection_cExport.cmake
[4.001s] -- Up-to-date: /home/coderey/ros2_ws/install/robot_localization/share/robot_localization/cmake/robot_localization__rosidl_typesupport_introspection_cExport-relwithdebinfo.cmake
[4.001s] -- Up-to-date: /home/coderey/ros2_ws/install/robot_localization/share/robot_localization/cmake/robot_localization__rosidl_typesupport_cExport.cmake
[4.001s] -- Up-to-date: /home/coderey/ros2_ws/install/robot_localization/share/robot_localization/cmake/robot_localization__rosidl_typesupport_cExport-relwithdebinfo.cmake
[4.001s] -- Up-to-date: /home/coderey/ros2_ws/install/robot_localization/share/robot_localization/cmake/robot_localization__rosidl_generator_cppExport.cmake
[4.001s] -- Up-to-date: /home/coderey/ros2_ws/install/robot_localization/share/robot_localization/cmake/robot_localization__rosidl_typesupport_introspection_cppExport.cmake
[4.001s] -- Up-to-date: /home/coderey/ros2_ws/install/robot_localization/share/robot_localization/cmake/robot_localization__rosidl_typesupport_introspection_cppExport-relwithdebinfo.cmake
[4.001s] -- Up-to-date: /home/coderey/ros2_ws/install/robot_localization/share/robot_localization/cmake/robot_localization__rosidl_typesupport_cppExport.cmake
[4.001s] -- Up-to-date: /home/coderey/ros2_ws/install/robot_localization/share/robot_localization/cmake/robot_localization__rosidl_typesupport_cppExport-relwithdebinfo.cmake
[4.472s] Invoked command in '/home/coderey/ros2_ws/build/robot_localization' returned '0': CMAKE_PREFIX_PATH=${CMAKE_PREFIX_PATH}:/home/coderey/ros2_ws/install/swisscat_robot:/home/coderey/ros2_ws/install/nav2_gps_waypoint_follower_demo:/home/coderey/ros2_ws/install/nav2_simple_commander:/home/coderey/ros2_ws/install/mob_rob_loca:/home/coderey/ros2_ws/install/bno055:/home/coderey/microros_ws/install/sensor_msgs_py:/opt/ros/galactic /usr/bin/cmake --install /home/coderey/ros2_ws/build/robot_localization
