[  1%] Built target nav2_controller_selector_bt_node
[  2%] Built target nav2_goal_updated_controller_bt_node
[  4%] Built target nav2_single_trigger_bt_node
[  5%] Built target nav2_transform_available_condition_bt_node
[  6%] Built target nav2_wait_action_bt_node
[  8%] Built target nav2_planner_selector_bt_node
[ 10%] Built target nav2_goal_checker_selector_bt_node
[ 11%] Built target nav2_pipeline_sequence_bt_node
[ 12%] Built target nav2_spin_action_bt_node
[ 14%] Built target nav2_goal_updated_condition_bt_node
[ 15%] Built target nav2_compute_path_through_poses_action_bt_node
[ 17%] Built target nav2_compute_path_to_pose_action_bt_node
[ 19%] Built target nav2_goal_updater_node_bt_node
[ 20%] Built target nav2_is_stuck_condition_bt_node
[ 21%] Built target nav2_follow_path_action_bt_node
[ 22%] Built target nav2_behavior_tree
[ 23%] Built target nav2_round_robin_node_bt_node
[ 24%] Built target nav2_goal_reached_condition_bt_node
[ 25%] Built target nav2_navigate_through_poses_action_bt_node
[ 26%] Built target nav2_initial_pose_received_condition_bt_node
[ 28%] Built target nav2_remove_passed_goals_action_bt_node
[ 30%] Built target nav2_time_expired_condition_bt_node
[ 31%] Built target nav2_distance_traveled_condition_bt_node
[ 32%] Built target nav2_rate_controller_bt_node
[ 34%] Built target nav2_distance_controller_bt_node
[ 35%] Built target nav2_reinitialize_global_localization_service_bt_node
[ 37%] Built target nav2_is_battery_low_condition_bt_node
[ 39%] Built target nav2_truncate_path_action_bt_node
[ 40%] Built target nav2_speed_controller_bt_node
[ 42%] Built target nav2_clear_costmap_service_bt_node
[ 44%] Built target nav2_navigate_to_pose_action_bt_node
[ 46%] Built target nav2_recovery_node_bt_node
[ 47%] Built target gtest
[ 49%] Built target nav2_back_up_action_bt_node
[ 50%] Built target gtest_main
[ 52%] Built target test_condition_time_expired
[ 54%] Built target test_bt_conversions
[ 55%] Built target test_condition_initial_pose_received
[ 56%] Built target test_condition_goal_updated
[ 57%] Built target test_condition_distance_traveled
[ 59%] Built target test_condition_is_battery_low
[ 60%] Built target test_condition_is_stuck
[ 61%] Built target test_condition_transform_available
[ 64%] Built target test_goal_updater_node
[ 65%] Built target test_condition_goal_reached
[ 66%] Built target test_single_trigger_node
[ 68%] Built target test_control_round_robin_node
[ 70%] Built target test_decorator_rate_controller
[ 71%] Built target test_goal_updated_controller
[ 72%] Built target test_decorator_speed_controller
[ 73%] Built target test_decorator_distance_controller
[ 75%] Built target test_control_pipeline_sequence
[ 77%] Built target test_goal_checker_selector_node
[ 78%] Built target test_control_recovery_node
[ 79%] Built target test_planner_selector_node
[ 80%] Built target test_action_spin_action
[ 81%] Built target test_controller_selector_node
[ 82%] Built target test_bt_action_node
[ 84%] Built target test_action_back_up_action
[ 85%] Built target test_action_clear_costmap_service
[ 87%] Built target test_action_wait_action
[ 89%] Built target test_action_reinitialize_global_localization_service
[ 92%] Built target test_action_compute_path_through_poses_action
[ 92%] Built target test_action_compute_path_to_pose_action
[ 93%] Built target test_action_follow_path_action
[ 95%] Built target test_truncate_path_action
[ 97%] Built target test_action_navigate_through_poses_action
[ 98%] Built target test_action_navigate_to_pose_action
[100%] Built target test_remove_passed_goals_action
-- Install configuration: "RelWithDebInfo"
-- Execute custom install script
-- Up-to-date symlink: /home/coderey/ros2_ws/install/nav2_behavior_tree/lib/libnav2_behavior_tree.so
-- Up-to-date symlink: /home/coderey/ros2_ws/install/nav2_behavior_tree/lib/libnav2_compute_path_to_pose_action_bt_node.so
-- Up-to-date symlink: /home/coderey/ros2_ws/install/nav2_behavior_tree/lib/libnav2_compute_path_through_poses_action_bt_node.so
-- Up-to-date symlink: /home/coderey/ros2_ws/install/nav2_behavior_tree/lib/libnav2_follow_path_action_bt_node.so
-- Up-to-date symlink: /home/coderey/ros2_ws/install/nav2_behavior_tree/lib/libnav2_back_up_action_bt_node.so
-- Up-to-date symlink: /home/coderey/ros2_ws/install/nav2_behavior_tree/lib/libnav2_spin_action_bt_node.so
-- Up-to-date symlink: /home/coderey/ros2_ws/install/nav2_behavior_tree/lib/libnav2_wait_action_bt_node.so
-- Up-to-date symlink: /home/coderey/ros2_ws/install/nav2_behavior_tree/lib/libnav2_clear_costmap_service_bt_node.so
-- Up-to-date symlink: /home/coderey/ros2_ws/install/nav2_behavior_tree/lib/libnav2_is_stuck_condition_bt_node.so
-- Up-to-date symlink: /home/coderey/ros2_ws/install/nav2_behavior_tree/lib/libnav2_transform_available_condition_bt_node.so
-- Up-to-date symlink: /home/coderey/ros2_ws/install/nav2_behavior_tree/lib/libnav2_goal_reached_condition_bt_node.so
-- Up-to-date symlink: /home/coderey/ros2_ws/install/nav2_behavior_tree/lib/libnav2_goal_updated_condition_bt_node.so
-- Up-to-date symlink: /home/coderey/ros2_ws/install/nav2_behavior_tree/lib/libnav2_time_expired_condition_bt_node.so
-- Up-to-date symlink: /home/coderey/ros2_ws/install/nav2_behavior_tree/lib/libnav2_distance_traveled_condition_bt_node.so
-- Up-to-date symlink: /home/coderey/ros2_ws/install/nav2_behavior_tree/lib/libnav2_initial_pose_received_condition_bt_node.so
-- Up-to-date symlink: /home/coderey/ros2_ws/install/nav2_behavior_tree/lib/libnav2_is_battery_low_condition_bt_node.so
-- Up-to-date symlink: /home/coderey/ros2_ws/install/nav2_behavior_tree/lib/libnav2_reinitialize_global_localization_service_bt_node.so
-- Up-to-date symlink: /home/coderey/ros2_ws/install/nav2_behavior_tree/lib/libnav2_rate_controller_bt_node.so
-- Up-to-date symlink: /home/coderey/ros2_ws/install/nav2_behavior_tree/lib/libnav2_distance_controller_bt_node.so
-- Up-to-date symlink: /home/coderey/ros2_ws/install/nav2_behavior_tree/lib/libnav2_speed_controller_bt_node.so
-- Up-to-date symlink: /home/coderey/ros2_ws/install/nav2_behavior_tree/lib/libnav2_truncate_path_action_bt_node.so
-- Up-to-date symlink: /home/coderey/ros2_ws/install/nav2_behavior_tree/lib/libnav2_goal_updater_node_bt_node.so
-- Up-to-date symlink: /home/coderey/ros2_ws/install/nav2_behavior_tree/lib/libnav2_recovery_node_bt_node.so
-- Up-to-date symlink: /home/coderey/ros2_ws/install/nav2_behavior_tree/lib/libnav2_navigate_to_pose_action_bt_node.so
-- Up-to-date symlink: /home/coderey/ros2_ws/install/nav2_behavior_tree/lib/libnav2_navigate_through_poses_action_bt_node.so
-- Up-to-date symlink: /home/coderey/ros2_ws/install/nav2_behavior_tree/lib/libnav2_remove_passed_goals_action_bt_node.so
-- Up-to-date symlink: /home/coderey/ros2_ws/install/nav2_behavior_tree/lib/libnav2_pipeline_sequence_bt_node.so
-- Up-to-date symlink: /home/coderey/ros2_ws/install/nav2_behavior_tree/lib/libnav2_round_robin_node_bt_node.so
-- Up-to-date symlink: /home/coderey/ros2_ws/install/nav2_behavior_tree/lib/libnav2_single_trigger_bt_node.so
-- Up-to-date symlink: /home/coderey/ros2_ws/install/nav2_behavior_tree/lib/libnav2_planner_selector_bt_node.so
-- Up-to-date symlink: /home/coderey/ros2_ws/install/nav2_behavior_tree/lib/libnav2_controller_selector_bt_node.so
-- Up-to-date symlink: /home/coderey/ros2_ws/install/nav2_behavior_tree/lib/libnav2_goal_checker_selector_bt_node.so
-- Up-to-date symlink: /home/coderey/ros2_ws/install/nav2_behavior_tree/lib/libnav2_goal_updated_controller_bt_node.so
-- Up-to-date symlink: /home/coderey/ros2_ws/install/nav2_behavior_tree/include//nav2_behavior_tree/behavior_tree_engine.hpp
-- Up-to-date symlink: /home/coderey/ros2_ws/install/nav2_behavior_tree/include//nav2_behavior_tree/bt_action_node.hpp
-- Up-to-date symlink: /home/coderey/ros2_ws/install/nav2_behavior_tree/include//nav2_behavior_tree/bt_action_server.hpp
-- Up-to-date symlink: /home/coderey/ros2_ws/install/nav2_behavior_tree/include//nav2_behavior_tree/bt_action_server_impl.hpp
-- Up-to-date symlink: /home/coderey/ros2_ws/install/nav2_behavior_tree/include//nav2_behavior_tree/bt_conversions.hpp
-- Up-to-date symlink: /home/coderey/ros2_ws/install/nav2_behavior_tree/include//nav2_behavior_tree/bt_service_node.hpp
-- Up-to-date symlink: /home/coderey/ros2_ws/install/nav2_behavior_tree/include//nav2_behavior_tree/plugins/action/back_up_action.hpp
-- Up-to-date symlink: /home/coderey/ros2_ws/install/nav2_behavior_tree/include//nav2_behavior_tree/plugins/action/clear_costmap_service.hpp
-- Up-to-date symlink: /home/coderey/ros2_ws/install/nav2_behavior_tree/include//nav2_behavior_tree/plugins/action/compute_path_through_poses_action.hpp
-- Up-to-date symlink: /home/coderey/ros2_ws/install/nav2_behavior_tree/include//nav2_behavior_tree/plugins/action/compute_path_to_pose_action.hpp
-- Up-to-date symlink: /home/coderey/ros2_ws/install/nav2_behavior_tree/include//nav2_behavior_tree/plugins/action/controller_selector_node.hpp
-- Up-to-date symlink: /home/coderey/ros2_ws/install/nav2_behavior_tree/include//nav2_behavior_tree/plugins/action/follow_path_action.hpp
-- Up-to-date symlink: /home/coderey/ros2_ws/install/nav2_behavior_tree/include//nav2_behavior_tree/plugins/action/goal_checker_selector_node.hpp
-- Up-to-date symlink: /home/coderey/ros2_ws/install/nav2_behavior_tree/include//nav2_behavior_tree/plugins/action/navigate_through_poses_action.hpp
-- Up-to-date symlink: /home/coderey/ros2_ws/install/nav2_behavior_tree/include//nav2_behavior_tree/plugins/action/navigate_to_pose_action.hpp
-- Up-to-date symlink: /home/coderey/ros2_ws/install/nav2_behavior_tree/include//nav2_behavior_tree/plugins/action/planner_selector_node.hpp
-- Up-to-date symlink: /home/coderey/ros2_ws/install/nav2_behavior_tree/include//nav2_behavior_tree/plugins/action/reinitialize_global_localization_service.hpp
-- Up-to-date symlink: /home/coderey/ros2_ws/install/nav2_behavior_tree/include//nav2_behavior_tree/plugins/action/remove_passed_goals_action.hpp
-- Up-to-date symlink: /home/coderey/ros2_ws/install/nav2_behavior_tree/include//nav2_behavior_tree/plugins/action/spin_action.hpp
-- Up-to-date symlink: /home/coderey/ros2_ws/install/nav2_behavior_tree/include//nav2_behavior_tree/plugins/action/truncate_path_action.hpp
-- Up-to-date symlink: /home/coderey/ros2_ws/install/nav2_behavior_tree/include//nav2_behavior_tree/plugins/action/wait_action.hpp
-- Up-to-date symlink: /home/coderey/ros2_ws/install/nav2_behavior_tree/include//nav2_behavior_tree/plugins/condition/distance_traveled_condition.hpp
-- Up-to-date symlink: /home/coderey/ros2_ws/install/nav2_behavior_tree/include//nav2_behavior_tree/plugins/condition/goal_reached_condition.hpp
-- Up-to-date symlink: /home/coderey/ros2_ws/install/nav2_behavior_tree/include//nav2_behavior_tree/plugins/condition/goal_updated_condition.hpp
-- Up-to-date symlink: /home/coderey/ros2_ws/install/nav2_behavior_tree/include//nav2_behavior_tree/plugins/condition/initial_pose_received_condition.hpp
-- Up-to-date symlink: /home/coderey/ros2_ws/install/nav2_behavior_tree/include//nav2_behavior_tree/plugins/condition/is_battery_low_condition.hpp
-- Up-to-date symlink: /home/coderey/ros2_ws/install/nav2_behavior_tree/include//nav2_behavior_tree/plugins/condition/is_stuck_condition.hpp
-- Up-to-date symlink: /home/coderey/ros2_ws/install/nav2_behavior_tree/include//nav2_behavior_tree/plugins/condition/time_expired_condition.hpp
-- Up-to-date symlink: /home/coderey/ros2_ws/install/nav2_behavior_tree/include//nav2_behavior_tree/plugins/condition/transform_available_condition.hpp
-- Up-to-date symlink: /home/coderey/ros2_ws/install/nav2_behavior_tree/include//nav2_behavior_tree/plugins/control/pipeline_sequence.hpp
-- Up-to-date symlink: /home/coderey/ros2_ws/install/nav2_behavior_tree/include//nav2_behavior_tree/plugins/control/recovery_node.hpp
-- Up-to-date symlink: /home/coderey/ros2_ws/install/nav2_behavior_tree/include//nav2_behavior_tree/plugins/control/round_robin_node.hpp
-- Up-to-date symlink: /home/coderey/ros2_ws/install/nav2_behavior_tree/include//nav2_behavior_tree/plugins/decorator/distance_controller.hpp
-- Up-to-date symlink: /home/coderey/ros2_ws/install/nav2_behavior_tree/include//nav2_behavior_tree/plugins/decorator/goal_updated_controller.hpp
-- Up-to-date symlink: /home/coderey/ros2_ws/install/nav2_behavior_tree/include//nav2_behavior_tree/plugins/decorator/goal_updater_node.hpp
-- Up-to-date symlink: /home/coderey/ros2_ws/install/nav2_behavior_tree/include//nav2_behavior_tree/plugins/decorator/rate_controller.hpp
-- Up-to-date symlink: /home/coderey/ros2_ws/install/nav2_behavior_tree/include//nav2_behavior_tree/plugins/decorator/single_trigger_node.hpp
-- Up-to-date symlink: /home/coderey/ros2_ws/install/nav2_behavior_tree/include//nav2_behavior_tree/plugins/decorator/speed_controller.hpp
-- Up-to-date symlink: /home/coderey/ros2_ws/install/nav2_behavior_tree/include//nav2_behavior_tree/ros_topic_logger.hpp
-- Up-to-date symlink: /home/coderey/ros2_ws/install/nav2_behavior_tree/share/nav2_behavior_tree/nav2_tree_nodes.xml
-- Up-to-date symlink: /home/coderey/ros2_ws/install/nav2_behavior_tree/share/nav2_behavior_tree/environment/library_path.sh
-- Up-to-date symlink: /home/coderey/ros2_ws/install/nav2_behavior_tree/share/nav2_behavior_tree/environment/library_path.dsv
-- Up-to-date symlink: /home/coderey/ros2_ws/install/nav2_behavior_tree/share/ament_index/resource_index/package_run_dependencies/nav2_behavior_tree
-- Up-to-date symlink: /home/coderey/ros2_ws/install/nav2_behavior_tree/share/ament_index/resource_index/parent_prefix_path/nav2_behavior_tree
-- Up-to-date symlink: /home/coderey/ros2_ws/install/nav2_behavior_tree/share/nav2_behavior_tree/environment/ament_prefix_path.sh
-- Up-to-date symlink: /home/coderey/ros2_ws/install/nav2_behavior_tree/share/nav2_behavior_tree/environment/ament_prefix_path.dsv
-- Up-to-date symlink: /home/coderey/ros2_ws/install/nav2_behavior_tree/share/nav2_behavior_tree/environment/path.sh
-- Up-to-date symlink: /home/coderey/ros2_ws/install/nav2_behavior_tree/share/nav2_behavior_tree/environment/path.dsv
-- Up-to-date symlink: /home/coderey/ros2_ws/install/nav2_behavior_tree/share/nav2_behavior_tree/local_setup.bash
-- Up-to-date symlink: /home/coderey/ros2_ws/install/nav2_behavior_tree/share/nav2_behavior_tree/local_setup.sh
-- Up-to-date symlink: /home/coderey/ros2_ws/install/nav2_behavior_tree/share/nav2_behavior_tree/local_setup.zsh
-- Up-to-date symlink: /home/coderey/ros2_ws/install/nav2_behavior_tree/share/nav2_behavior_tree/local_setup.dsv
-- Symlinking: /home/coderey/ros2_ws/install/nav2_behavior_tree/share/nav2_behavior_tree/package.dsv
-- Up-to-date symlink: /home/coderey/ros2_ws/install/nav2_behavior_tree/share/ament_index/resource_index/packages/nav2_behavior_tree
-- Up-to-date symlink: /home/coderey/ros2_ws/install/nav2_behavior_tree/share/nav2_behavior_tree/cmake/ament_cmake_export_include_directories-extras.cmake
-- Up-to-date symlink: /home/coderey/ros2_ws/install/nav2_behavior_tree/share/nav2_behavior_tree/cmake/ament_cmake_export_libraries-extras.cmake
-- Up-to-date symlink: /home/coderey/ros2_ws/install/nav2_behavior_tree/share/nav2_behavior_tree/cmake/ament_cmake_export_dependencies-extras.cmake
-- Up-to-date symlink: /home/coderey/ros2_ws/install/nav2_behavior_tree/share/nav2_behavior_tree/cmake/nav2_behavior_treeConfig.cmake
-- Up-to-date symlink: /home/coderey/ros2_ws/install/nav2_behavior_tree/share/nav2_behavior_tree/cmake/nav2_behavior_treeConfig-version.cmake
-- Up-to-date symlink: /home/coderey/ros2_ws/install/nav2_behavior_tree/share/nav2_behavior_tree/package.xml
