In file included from [01m[K/home/coderey/ros2_ws/src/navigation2/nav2_util/src/costmap.cpp:19[m[K:
[01m[K/home/coderey/ros2_ws/src/navigation2/nav2_util/include/nav2_util/geometry_utils.hpp:25:10:[m[K [01;31m[Kfatal error: [m[Ktf2_geometry_msgs/tf2_geometry_msgs.hpp: No such file or directory
   25 | #include [01;31m[K"tf2_geometry_msgs/tf2_geometry_msgs.hpp"[m[K
      |          [01;31m[K^~~~~~~~~~~~~~~~~~~~~~~~~~~~~~~~~~~~~~~~~[m[K
compilation terminated.
make[2]: *** [src/CMakeFiles/nav2_util_core.dir/build.make:63: src/CMakeFiles/nav2_util_core.dir/costmap.cpp.o] Error 1
make[2]: *** Waiting for unfinished jobs....
In file included from [01m[K/home/coderey/ros2_ws/src/navigation2/nav2_util/include/nav2_util/lifecycle_service_client.hpp:24[m[K,
                 from [01m[K/home/coderey/ros2_ws/src/navigation2/nav2_util/src/lifecycle_service_client.cpp:15[m[K:
/home/coderey/ros2_ws/src/navigation2/nav2_util/include/nav2_util/service_client.hpp: In instantiation of ‘[01m[Knav2_util::ServiceClient<ServiceT, NodeT>::ServiceClient(const string&, const NodeT&) [with ServiceT = lifecycle_msgs::srv::ChangeState; NodeT = std::shared_ptr<rclcpp::Node>; std::string = std::__cxx11::basic_string<char>][m[K’:
[01m[K/home/coderey/ros2_ws/src/navigation2/nav2_util/src/lifecycle_service_client.cpp:36:55:[m[K   required from here
[01m[K/home/coderey/ros2_ws/src/navigation2/nav2_util/include/nav2_util/service_client.hpp:47:13:[m[K [01;31m[Kerror: [m[Kcannot convert ‘[01m[Krclcpp::SystemDefaultsQoS[m[K’ to ‘[01m[Kconst rmw_qos_profile_t&[m[K’
   47 |     client_ = node_->template create_client<ServiceT>(
In file included from [01m[K/opt/ros/galactic/include/rclcpp/node.hpp:1329[m[K,
                 from [01m[K/opt/ros/galactic/include/rclcpp/executors/single_threaded_executor.hpp:28[m[K,
                 from [01m[K/opt/ros/galactic/include/rclcpp/executors.hpp:22[m[K,
                 from [01m[K/opt/ros/galactic/include/rclcpp/rclcpp.hpp:156[m[K,
                 from [01m[K/home/coderey/ros2_ws/src/navigation2/nav2_util/include/nav2_util/service_client.hpp:20[m[K,
                 from [01m[K/home/coderey/ros2_ws/src/navigation2/nav2_util/include/nav2_util/lifecycle_service_client.hpp:24[m[K,
                 from [01m[K/home/coderey/ros2_ws/src/navigation2/nav2_util/src/lifecycle_service_client.cpp:15[m[K:
[01m[K/opt/ros/galactic/include/rclcpp/node_impl.hpp:128:29:[m[K [01;36m[Knote: [m[K  initializing argument 2 of ‘[01m[Ktypename rclcpp::Client<ServiceT>::SharedPtr rclcpp::Node::create_client(const string&, const rmw_qos_profile_t&, rclcpp::CallbackGroup::SharedPtr) [with ServiceT = lifecycle_msgs::srv::ChangeState; typename rclcpp::Client<ServiceT>::SharedPtr = std::shared_ptr<rclcpp::Client<lifecycle_msgs::srv::ChangeState> >; std::string = std::__cxx11::basic_string<char>; rmw_qos_profile_t = rmw_qos_profile_t; rclcpp::CallbackGroup::SharedPtr = std::shared_ptr<rclcpp::CallbackGroup>][m[K’
  128 |   [01;36m[Kconst rmw_qos_profile_t & qos_profile[m[K,
      |   [01;36m[K~~~~~~~~~~~~~~~~~~~~~~~~~~^~~~~~~~~~~[m[K
In file included from [01m[K/home/coderey/ros2_ws/src/navigation2/nav2_util/include/nav2_util/lifecycle_service_client.hpp:24[m[K,
                 from [01m[K/home/coderey/ros2_ws/src/navigation2/nav2_util/src/lifecycle_service_client.cpp:15[m[K:
/home/coderey/ros2_ws/src/navigation2/nav2_util/include/nav2_util/service_client.hpp: In instantiation of ‘[01m[Knav2_util::ServiceClient<ServiceT, NodeT>::ServiceClient(const string&, const NodeT&) [with ServiceT = lifecycle_msgs::srv::GetState; NodeT = std::shared_ptr<rclcpp::Node>; std::string = std::__cxx11::basic_string<char>][m[K’:
[01m[K/home/coderey/ros2_ws/src/navigation2/nav2_util/src/lifecycle_service_client.cpp:36:55:[m[K   required from here
[01m[K/home/coderey/ros2_ws/src/navigation2/nav2_util/include/nav2_util/service_client.hpp:47:13:[m[K [01;31m[Kerror: [m[Kcannot convert ‘[01m[Krclcpp::SystemDefaultsQoS[m[K’ to ‘[01m[Kconst rmw_qos_profile_t&[m[K’
   47 |     client_ = node_->template create_client<ServiceT>(
In file included from [01m[K/opt/ros/galactic/include/rclcpp/node.hpp:1329[m[K,
                 from [01m[K/opt/ros/galactic/include/rclcpp/executors/single_threaded_executor.hpp:28[m[K,
                 from [01m[K/opt/ros/galactic/include/rclcpp/executors.hpp:22[m[K,
                 from [01m[K/opt/ros/galactic/include/rclcpp/rclcpp.hpp:156[m[K,
                 from [01m[K/home/coderey/ros2_ws/src/navigation2/nav2_util/include/nav2_util/service_client.hpp:20[m[K,
                 from [01m[K/home/coderey/ros2_ws/src/navigation2/nav2_util/include/nav2_util/lifecycle_service_client.hpp:24[m[K,
                 from [01m[K/home/coderey/ros2_ws/src/navigation2/nav2_util/src/lifecycle_service_client.cpp:15[m[K:
[01m[K/opt/ros/galactic/include/rclcpp/node_impl.hpp:128:29:[m[K [01;36m[Knote: [m[K  initializing argument 2 of ‘[01m[Ktypename rclcpp::Client<ServiceT>::SharedPtr rclcpp::Node::create_client(const string&, const rmw_qos_profile_t&, rclcpp::CallbackGroup::SharedPtr) [with ServiceT = lifecycle_msgs::srv::GetState; typename rclcpp::Client<ServiceT>::SharedPtr = std::shared_ptr<rclcpp::Client<lifecycle_msgs::srv::GetState> >; std::string = std::__cxx11::basic_string<char>; rmw_qos_profile_t = rmw_qos_profile_t; rclcpp::CallbackGroup::SharedPtr = std::shared_ptr<rclcpp::CallbackGroup>][m[K’
  128 |   [01;36m[Kconst rmw_qos_profile_t & qos_profile[m[K,
      |   [01;36m[K~~~~~~~~~~~~~~~~~~~~~~~~~~^~~~~~~~~~~[m[K
In file included from [01m[K/home/coderey/ros2_ws/src/navigation2/nav2_util/include/nav2_util/lifecycle_service_client.hpp:24[m[K,
                 from [01m[K/home/coderey/ros2_ws/src/navigation2/nav2_util/src/lifecycle_service_client.cpp:15[m[K:
/home/coderey/ros2_ws/src/navigation2/nav2_util/include/nav2_util/service_client.hpp: In instantiation of ‘[01m[Ktypename ServiceT::Response::SharedPtr nav2_util::ServiceClient<ServiceT, NodeT>::invoke(typename ServiceT::Request::SharedPtr&, std::chrono::nanoseconds) [with ServiceT = lifecycle_msgs::srv::ChangeState; NodeT = std::shared_ptr<rclcpp::Node>; typename ServiceT::Response::SharedPtr = std::shared_ptr<lifecycle_msgs::srv::ChangeState_Response_<std::allocator<void> > >; typename ServiceT::Request::SharedPtr = std::shared_ptr<lifecycle_msgs::srv::ChangeState_Request_<std::allocator<void> > >; std::chrono::nanoseconds = std::chrono::duration<long int, std::ratio<1, 1000000000> >][m[K’:
[01m[K/home/coderey/ros2_ws/src/navigation2/nav2_util/src/lifecycle_service_client.cpp:73:56:[m[K   required from here
[01m[K/home/coderey/ros2_ws/src/navigation2/nav2_util/include/nav2_util/service_client.hpp:85:16:[m[K [01;31m[Kerror: [m[K‘[01m[Kusing element_type = class rclcpp::Client<lifecycle_msgs::srv::ChangeState>[m[K’ {aka ‘[01m[Kclass rclcpp::Client<lifecycle_msgs::srv::ChangeState>[m[K’} has no member named ‘[01m[Kremove_pending_request[m[K’
   85 |       [01;31m[Kclient_->remove_pending_request[m[K(future_result);
      |       [01;31m[K~~~~~~~~~^~~~~~~~~~~~~~~~~~~~~~[m[K
/home/coderey/ros2_ws/src/navigation2/nav2_util/include/nav2_util/service_client.hpp: In instantiation of ‘[01m[Kbool nav2_util::ServiceClient<ServiceT, NodeT>::invoke(typename ServiceT::Request::SharedPtr&, typename ServiceT::Response::SharedPtr&) [with ServiceT = lifecycle_msgs::srv::ChangeState; NodeT = std::shared_ptr<rclcpp::Node>; typename ServiceT::Request::SharedPtr = std::shared_ptr<lifecycle_msgs::srv::ChangeState_Request_<std::allocator<void> > >; typename ServiceT::Response::SharedPtr = std::shared_ptr<lifecycle_msgs::srv::ChangeState_Response_<std::allocator<void> > >][m[K’:
[01m[K/home/coderey/ros2_ws/src/navigation2/nav2_util/src/lifecycle_service_client.cpp:87:48:[m[K   required from here
[01m[K/home/coderey/ros2_ws/src/navigation2/nav2_util/include/nav2_util/service_client.hpp:121:16:[m[K [01;31m[Kerror: [m[K‘[01m[Kusing element_type = class rclcpp::Client<lifecycle_msgs::srv::ChangeState>[m[K’ {aka ‘[01m[Kclass rclcpp::Client<lifecycle_msgs::srv::ChangeState>[m[K’} has no member named ‘[01m[Kremove_pending_request[m[K’
  121 |       [01;31m[Kclient_->remove_pending_request[m[K(future_result);
      |       [01;31m[K~~~~~~~~~^~~~~~~~~~~~~~~~~~~~~~[m[K
/home/coderey/ros2_ws/src/navigation2/nav2_util/include/nav2_util/service_client.hpp: In instantiation of ‘[01m[Ktypename ServiceT::Response::SharedPtr nav2_util::ServiceClient<ServiceT, NodeT>::invoke(typename ServiceT::Request::SharedPtr&, std::chrono::nanoseconds) [with ServiceT = lifecycle_msgs::srv::GetState; NodeT = std::shared_ptr<rclcpp::Node>; typename ServiceT::Response::SharedPtr = std::shared_ptr<lifecycle_msgs::srv::GetState_Response_<std::allocator<void> > >; typename ServiceT::Request::SharedPtr = std::shared_ptr<lifecycle_msgs::srv::GetState_Request_<std::allocator<void> > >; std::chrono::nanoseconds = std::chrono::duration<long int, std::ratio<1, 1000000000> >][m[K’:
[01m[K/home/coderey/ros2_ws/src/navigation2/nav2_util/src/lifecycle_service_client.cpp:98:51:[m[K   required from here
[01m[K/home/coderey/ros2_ws/src/navigation2/nav2_util/include/nav2_util/service_client.hpp:85:16:[m[K [01;31m[Kerror: [m[K‘[01m[Kusing element_type = class rclcpp::Client<lifecycle_msgs::srv::GetState>[m[K’ {aka ‘[01m[Kclass rclcpp::Client<lifecycle_msgs::srv::GetState>[m[K’} has no member named ‘[01m[Kremove_pending_request[m[K’
   85 |       [01;31m[Kclient_->remove_pending_request[m[K(future_result);
      |       [01;31m[K~~~~~~~~~^~~~~~~~~~~~~~~~~~~~~~[m[K
In file included from [01m[K/home/coderey/ros2_ws/src/navigation2/nav2_util/src/lifecycle_node.cpp:15[m[K:
[01m[K/home/coderey/ros2_ws/src/navigation2/nav2_util/include/nav2_util/lifecycle_node.hpp:199:27:[m[K [01;31m[Kerror: [m[K‘[01m[KPreShutdownCallbackHandle[m[K’ is not a member of ‘[01m[Krclcpp[m[K’; did you mean ‘[01m[KOnShutdownCallbackHandle[m[K’?
  199 |   std::unique_ptr<rclcpp::[01;31m[KPreShutdownCallbackHandle[m[K> rcl_preshutdown_cb_handle_{nullptr};
      |                           [01;31m[K^~~~~~~~~~~~~~~~~~~~~~~~~[m[K
      |                           [32m[KOnShutdownCallbackHandle[m[K
[01m[K/home/coderey/ros2_ws/src/navigation2/nav2_util/include/nav2_util/lifecycle_node.hpp:199:52:[m[K [01;31m[Kerror: [m[Ktemplate argument 1 is invalid
  199 |   std::unique_ptr<rclcpp::PreShutdownCallbackHandle[01;31m[K>[m[K rcl_preshutdown_cb_handle_{nullptr};
      |                                                    [01;31m[K^[m[K
[01m[K/home/coderey/ros2_ws/src/navigation2/nav2_util/include/nav2_util/lifecycle_node.hpp:199:52:[m[K [01;31m[Kerror: [m[Ktemplate argument 2 is invalid
[01m[K/home/coderey/ros2_ws/src/navigation2/nav2_util/include/nav2_util/lifecycle_node.hpp:199:88:[m[K [01;31m[Kerror: [m[Kcannot convert ‘[01m[K<brace-enclosed initializer list>[m[K’ to ‘[01m[Kint[m[K’ in initialization
  199 |   std::unique_ptr<rclcpp::PreShutdownCallbackHandle> rcl_preshutdown_cb_handle_{nullptr[01;31m[K}[m[K;
      |                                                                                        [01;31m[K^[m[K
[01m[K/home/coderey/ros2_ws/src/navigation2/nav2_util/src/lifecycle_node.cpp:[m[K In destructor ‘[01m[Kvirtual nav2_util::LifecycleNode::~LifecycleNode()[m[K’:
[01m[K/home/coderey/ros2_ws/src/navigation2/nav2_util/src/lifecycle_node.cpp:51:14:[m[K [01;31m[Kerror: [m[K‘[01m[Kusing element_type = class rclcpp::Context[m[K’ {aka ‘[01m[Kclass rclcpp::Context[m[K’} has no member named ‘[01m[Kremove_pre_shutdown_callback[m[K’; did you mean ‘[01m[Kremove_on_shutdown_callback[m[K’?
   51 |     context->[01;31m[Kremove_pre_shutdown_callback[m[K(*(rcl_preshutdown_cb_handle_.get()));
      |              [01;31m[K^~~~~~~~~~~~~~~~~~~~~~~~~~~~[m[K
      |              [32m[Kremove_on_shutdown_callback[m[K
[01m[K/home/coderey/ros2_ws/src/navigation2/nav2_util/src/lifecycle_node.cpp:51:72:[m[K [01;31m[Kerror: [m[Krequest for member ‘[01m[Kget[m[K’ in ‘[01m[K((nav2_util::LifecycleNode*)this)->nav2_util::LifecycleNode::rcl_preshutdown_cb_handle_[m[K’, which is of non-class type ‘[01m[Kint[m[K’
   51 |     context->remove_pre_shutdown_callback(*(rcl_preshutdown_cb_handle_.[01;31m[Kget[m[K()));
      |                                                                        [01;31m[K^~~[m[K
[01m[K/home/coderey/ros2_ws/src/navigation2/nav2_util/src/lifecycle_node.cpp:52:32:[m[K [01;31m[Kerror: [m[Krequest for member ‘[01m[Kreset[m[K’ in ‘[01m[K((nav2_util::LifecycleNode*)this)->nav2_util::LifecycleNode::rcl_preshutdown_cb_handle_[m[K’, which is of non-class type ‘[01m[Kint[m[K’
   52 |     rcl_preshutdown_cb_handle_.[01;31m[Kreset[m[K();
      |                                [01;31m[K^~~~~[m[K
[01m[K/home/coderey/ros2_ws/src/navigation2/nav2_util/src/lifecycle_node.cpp:[m[K In member function ‘[01m[Kvoid nav2_util::LifecycleNode::register_rcl_preshutdown_callback()[m[K’:
[01m[K/home/coderey/ros2_ws/src/navigation2/nav2_util/src/lifecycle_node.cpp:105:57:[m[K [01;31m[Kerror: [m[K‘[01m[KPreShutdownCallbackHandle[m[K’ is not a member of ‘[01m[Krclcpp[m[K’; did you mean ‘[01m[KOnShutdownCallbackHandle[m[K’?
  105 |   rcl_preshutdown_cb_handle_ = std::make_unique<rclcpp::[01;31m[KPreShutdownCallbackHandle[m[K>(
      |                                                         [01;31m[K^~~~~~~~~~~~~~~~~~~~~~~~~[m[K
      |                                                         [32m[KOnShutdownCallbackHandle[m[K
[01m[K/home/coderey/ros2_ws/src/navigation2/nav2_util/src/lifecycle_node.cpp:106:14:[m[K [01;31m[Kerror: [m[K‘[01m[Kusing element_type = class rclcpp::Context[m[K’ {aka ‘[01m[Kclass rclcpp::Context[m[K’} has no member named ‘[01m[Kadd_pre_shutdown_callback[m[K’; did you mean ‘[01m[Kadd_on_shutdown_callback[m[K’?
  106 |     context->[01;31m[Kadd_pre_shutdown_callback[m[K(
      |              [01;31m[K^~~~~~~~~~~~~~~~~~~~~~~~~[m[K
      |              [32m[Kadd_on_shutdown_callback[m[K
make[2]: *** [src/CMakeFiles/nav2_util_core.dir/build.make:89: src/CMakeFiles/nav2_util_core.dir/lifecycle_service_client.cpp.o] Error 1
make[2]: *** [src/CMakeFiles/nav2_util_core.dir/build.make:128: src/CMakeFiles/nav2_util_core.dir/lifecycle_node.cpp.o] Error 1
make[1]: *** [CMakeFiles/Makefile2:241: src/CMakeFiles/nav2_util_core.dir/all] Error 2
make[1]: *** Waiting for unfinished jobs....
make: *** [Makefile:141: all] Error 2
