[3.354s] Invoking command in '/home/coderey/ros2_ws/src/mob_rob_loca': PYTHONPATH=/home/coderey/ros2_ws/build/mob_rob_loca/prefix_override:/home/coderey/ros2_ws/install/mob_rob_loca/lib/python3.8/site-packages:${PYTHONPATH} /usr/bin/python3 setup.py egg_info --egg-base ../../build/mob_rob_loca build --build-base /home/coderey/ros2_ws/build/mob_rob_loca/build install --record /home/coderey/ros2_ws/build/mob_rob_loca/install.log --single-version-externally-managed
[3.784s] running egg_info
[3.784s] writing ../../build/mob_rob_loca/mob_rob_loca.egg-info/PKG-INFO
[3.785s] writing dependency_links to ../../build/mob_rob_loca/mob_rob_loca.egg-info/dependency_links.txt
[3.785s] writing entry points to ../../build/mob_rob_loca/mob_rob_loca.egg-info/entry_points.txt
[3.785s] writing requirements to ../../build/mob_rob_loca/mob_rob_loca.egg-info/requires.txt
[3.785s] writing top-level names to ../../build/mob_rob_loca/mob_rob_loca.egg-info/top_level.txt
[3.830s] reading manifest file '../../build/mob_rob_loca/mob_rob_loca.egg-info/SOURCES.txt'
[3.830s] writing manifest file '../../build/mob_rob_loca/mob_rob_loca.egg-info/SOURCES.txt'
[3.830s] running build
[3.830s] running build_py
[3.830s] running install
[3.831s] running install_lib
[3.834s] running install_data
[3.834s] copying launch/sensor.launch.py -> /home/coderey/ros2_ws/install/mob_rob_loca/share/mob_rob_loca/launch
[3.835s] running install_egg_info
[3.837s] removing '/home/coderey/ros2_ws/install/mob_rob_loca/lib/python3.8/site-packages/mob_rob_loca-0.0.0-py3.8.egg-info' (and everything under it)
[3.838s] Copying ../../build/mob_rob_loca/mob_rob_loca.egg-info to /home/coderey/ros2_ws/install/mob_rob_loca/lib/python3.8/site-packages/mob_rob_loca-0.0.0-py3.8.egg-info
[3.838s] running install_scripts
[3.859s] Installing imu_serv script to /home/coderey/ros2_ws/install/mob_rob_loca/lib/mob_rob_loca
[3.860s] Installing marv2ekf script to /home/coderey/ros2_ws/install/mob_rob_loca/lib/mob_rob_loca
[3.860s] Installing rpi_com_motors script to /home/coderey/ros2_ws/install/mob_rob_loca/lib/mob_rob_loca
[3.860s] Installing ticks2odom script to /home/coderey/ros2_ws/install/mob_rob_loca/lib/mob_rob_loca
[3.860s] Installing transforms script to /home/coderey/ros2_ws/install/mob_rob_loca/lib/mob_rob_loca
[3.860s] Installing vel_pub script to /home/coderey/ros2_ws/install/mob_rob_loca/lib/mob_rob_loca
[3.860s] writing list of installed files to '/home/coderey/ros2_ws/build/mob_rob_loca/install.log'
[5.051s] Invoked command in '/home/coderey/ros2_ws/src/mob_rob_loca' returned '0': PYTHONPATH=/home/coderey/ros2_ws/build/mob_rob_loca/prefix_override:/home/coderey/ros2_ws/install/mob_rob_loca/lib/python3.8/site-packages:${PYTHONPATH} /usr/bin/python3 setup.py egg_info --egg-base ../../build/mob_rob_loca build --build-base /home/coderey/ros2_ws/build/mob_rob_loca/build install --record /home/coderey/ros2_ws/build/mob_rob_loca/install.log --single-version-externally-managed
