[1.329s] Invoking command in '/home/coderey/ros2_ws/build/nav2_straightline_planner': CMAKE_PREFIX_PATH=${CMAKE_PREFIX_PATH}:/home/coderey/ros2_ws/install/swisscat_robot:/home/coderey/ros2_ws/install/nav2_gps_waypoint_follower_demo:/home/coderey/ros2_ws/install/nav2_simple_commander:/home/coderey/ros2_ws/install/mob_rob_loca:/home/coderey/ros2_ws/install/bno055:/home/coderey/microros_ws/install/sensor_msgs_py:/opt/ros/galactic /usr/bin/cmake /home/coderey/ros2_ws/src/navigation2_tutorials/nav2_straightline_planner -DCMAKE_INSTALL_PREFIX=/home/coderey/ros2_ws/install/nav2_straightline_planner
[1.382s] -- Found ament_cmake: 1.1.6 (/opt/ros/galactic/share/ament_cmake/cmake)
[1.442s] -- Using PYTHON_EXECUTABLE: /usr/bin/python3
[1.621s] -- Override CMake install command with custom implementation using symlinks instead of copying resources
[1.634s] -- Found rclcpp: 9.2.2 (/opt/ros/galactic/share/rclcpp/cmake)
[1.707s] -- Using all available rosidl_typesupport_c: rosidl_typesupport_microxrcedds_c;rosidl_typesupport_fastrtps_c;rosidl_typesupport_introspection_c
[1.713s] -- Found rosidl_adapter: 2.2.3 (/opt/ros/galactic/share/rosidl_adapter/cmake)
[1.998s] -- Using all available rosidl_typesupport_cpp: rosidl_typesupport_microxrcedds_cpp;rosidl_typesupport_fastrtps_cpp;rosidl_typesupport_introspection_cpp
[2.107s] -- Found rmw_implementation_cmake: 3.3.1 (/opt/ros/galactic/share/rmw_implementation_cmake/cmake)
[2.114s] -- Found rmw_cyclonedds_cpp: 0.22.6 (/opt/ros/galactic/share/rmw_cyclonedds_cpp/cmake)
[2.173s] -- Using RMW implementation 'rmw_cyclonedds_cpp' as default
[2.436s] -- Found rclcpp_action: 9.2.2 (/opt/ros/galactic/share/rclcpp_action/cmake)
[2.570s] -- Found rclcpp_lifecycle: 9.2.2 (/opt/ros/galactic/share/rclcpp_lifecycle/cmake)
[2.623s] -- Found visualization_msgs: 2.2.4 (/home/coderey/microros_ws/install/visualization_msgs/share/visualization_msgs/cmake)
[2.832s] -- Found nav2_util: 1.0.12 (/opt/ros/galactic/share/nav2_util/cmake)
[3.871s] -- Found eigen3_cmake_module: 0.1.1 (/opt/ros/galactic/share/eigen3_cmake_module/cmake)
[4.104s] -- Found nav2_costmap_2d: 1.0.12 (/opt/ros/galactic/share/nav2_costmap_2d/cmake)
[5.176s] -- Found nav2_core: 1.0.12 (/opt/ros/galactic/share/nav2_core/cmake)
[9.362s] -- Found ament_lint_auto: 0.10.7 (/opt/ros/galactic/share/ament_lint_auto/cmake)
[9.474s] -- Added test 'copyright' to check source files copyright and LICENSE
[9.474s] -- Added test 'cppcheck' to perform static code analysis on C / C++ code
[9.475s] -- Configured cppcheck include dirs: /home/coderey/ros2_ws/src/navigation2_tutorials/nav2_straightline_planner/include
[9.475s] -- Configured cppcheck exclude dirs and/or files: 
[9.475s] -- Added test 'cpplint' to check C / C++ code against the Google style
[9.475s] -- Configured cpplint exclude dirs and/or files: 
[9.475s] -- Added test 'lint_cmake' to check CMake code style
[9.476s] -- Added test 'uncrustify' to check C / C++ code style
[9.476s] -- Configured uncrustify additional arguments: 
[9.476s] -- Added test 'xmllint' to check XML markup files
[9.481s] -- Configuring done
[9.518s] -- Generating done
[9.521s] -- Build files have been written to: /home/coderey/ros2_ws/build/nav2_straightline_planner
[10.351s] Invoked command in '/home/coderey/ros2_ws/build/nav2_straightline_planner' returned '0': CMAKE_PREFIX_PATH=${CMAKE_PREFIX_PATH}:/home/coderey/ros2_ws/install/swisscat_robot:/home/coderey/ros2_ws/install/nav2_gps_waypoint_follower_demo:/home/coderey/ros2_ws/install/nav2_simple_commander:/home/coderey/ros2_ws/install/mob_rob_loca:/home/coderey/ros2_ws/install/bno055:/home/coderey/microros_ws/install/sensor_msgs_py:/opt/ros/galactic /usr/bin/cmake /home/coderey/ros2_ws/src/navigation2_tutorials/nav2_straightline_planner -DCMAKE_INSTALL_PREFIX=/home/coderey/ros2_ws/install/nav2_straightline_planner
[10.355s] Invoking command in '/home/coderey/ros2_ws/build/nav2_straightline_planner': CMAKE_PREFIX_PATH=${CMAKE_PREFIX_PATH}:/home/coderey/ros2_ws/install/swisscat_robot:/home/coderey/ros2_ws/install/nav2_gps_waypoint_follower_demo:/home/coderey/ros2_ws/install/nav2_simple_commander:/home/coderey/ros2_ws/install/mob_rob_loca:/home/coderey/ros2_ws/install/bno055:/home/coderey/microros_ws/install/sensor_msgs_py:/opt/ros/galactic /usr/bin/cmake --build /home/coderey/ros2_ws/build/nav2_straightline_planner -- -j8 -l8
[10.459s] [100%] Built target nav2_straightline_planner_plugin
[10.477s] Invoked command in '/home/coderey/ros2_ws/build/nav2_straightline_planner' returned '0': CMAKE_PREFIX_PATH=${CMAKE_PREFIX_PATH}:/home/coderey/ros2_ws/install/swisscat_robot:/home/coderey/ros2_ws/install/nav2_gps_waypoint_follower_demo:/home/coderey/ros2_ws/install/nav2_simple_commander:/home/coderey/ros2_ws/install/mob_rob_loca:/home/coderey/ros2_ws/install/bno055:/home/coderey/microros_ws/install/sensor_msgs_py:/opt/ros/galactic /usr/bin/cmake --build /home/coderey/ros2_ws/build/nav2_straightline_planner -- -j8 -l8
[10.528s] Invoking command in '/home/coderey/ros2_ws/build/nav2_straightline_planner': CMAKE_PREFIX_PATH=${CMAKE_PREFIX_PATH}:/home/coderey/ros2_ws/install/swisscat_robot:/home/coderey/ros2_ws/install/nav2_gps_waypoint_follower_demo:/home/coderey/ros2_ws/install/nav2_simple_commander:/home/coderey/ros2_ws/install/mob_rob_loca:/home/coderey/ros2_ws/install/bno055:/home/coderey/microros_ws/install/sensor_msgs_py:/opt/ros/galactic /usr/bin/cmake --install /home/coderey/ros2_ws/build/nav2_straightline_planner
[10.540s] -- Install configuration: "RelWithDebInfo"
[10.540s] -- Execute custom install script
[10.540s] -- Up-to-date symlink: /home/coderey/ros2_ws/install/nav2_straightline_planner/share/nav2_straightline_planner//global_planner_plugin.xml
[10.541s] -- Up-to-date symlink: /home/coderey/ros2_ws/install/nav2_straightline_planner/lib/libnav2_straightline_planner_plugin.so
[10.542s] -- Up-to-date symlink: /home/coderey/ros2_ws/install/nav2_straightline_planner/include//nav2_straightline_planner/straight_line_planner.hpp
[10.542s] -- Up-to-date symlink: /home/coderey/ros2_ws/install/nav2_straightline_planner/share/nav2_straightline_planner/global_planner_plugin.xml
[10.542s] -- Up-to-date symlink: /home/coderey/ros2_ws/install/nav2_straightline_planner/share/nav2_straightline_planner/environment/library_path.sh
[10.543s] -- Up-to-date symlink: /home/coderey/ros2_ws/install/nav2_straightline_planner/share/nav2_straightline_planner/environment/library_path.dsv
[10.543s] -- Up-to-date symlink: /home/coderey/ros2_ws/install/nav2_straightline_planner/share/ament_index/resource_index/package_run_dependencies/nav2_straightline_planner
[10.543s] -- Up-to-date symlink: /home/coderey/ros2_ws/install/nav2_straightline_planner/share/ament_index/resource_index/parent_prefix_path/nav2_straightline_planner
[10.544s] -- Up-to-date symlink: /home/coderey/ros2_ws/install/nav2_straightline_planner/share/nav2_straightline_planner/environment/ament_prefix_path.sh
[10.544s] -- Up-to-date symlink: /home/coderey/ros2_ws/install/nav2_straightline_planner/share/nav2_straightline_planner/environment/ament_prefix_path.dsv
[10.544s] -- Up-to-date symlink: /home/coderey/ros2_ws/install/nav2_straightline_planner/share/nav2_straightline_planner/environment/path.sh
[10.545s] -- Up-to-date symlink: /home/coderey/ros2_ws/install/nav2_straightline_planner/share/nav2_straightline_planner/environment/path.dsv
[10.545s] -- Up-to-date symlink: /home/coderey/ros2_ws/install/nav2_straightline_planner/share/nav2_straightline_planner/local_setup.bash
[10.545s] -- Up-to-date symlink: /home/coderey/ros2_ws/install/nav2_straightline_planner/share/nav2_straightline_planner/local_setup.sh
[10.546s] -- Up-to-date symlink: /home/coderey/ros2_ws/install/nav2_straightline_planner/share/nav2_straightline_planner/local_setup.zsh
[10.546s] -- Up-to-date symlink: /home/coderey/ros2_ws/install/nav2_straightline_planner/share/nav2_straightline_planner/local_setup.dsv
[10.547s] -- Symlinking: /home/coderey/ros2_ws/install/nav2_straightline_planner/share/nav2_straightline_planner/package.dsv
[10.570s] -- Up-to-date symlink: /home/coderey/ros2_ws/install/nav2_straightline_planner/share/ament_index/resource_index/packages/nav2_straightline_planner
[10.570s] -- Up-to-date symlink: /home/coderey/ros2_ws/install/nav2_straightline_planner/share/ament_index/resource_index/nav2_core__pluginlib__plugin/nav2_straightline_planner
[10.570s] -- Up-to-date symlink: /home/coderey/ros2_ws/install/nav2_straightline_planner/share/nav2_straightline_planner/cmake/ament_cmake_export_include_directories-extras.cmake
[10.571s] -- Up-to-date symlink: /home/coderey/ros2_ws/install/nav2_straightline_planner/share/nav2_straightline_planner/cmake/ament_cmake_export_libraries-extras.cmake
[10.571s] -- Up-to-date symlink: /home/coderey/ros2_ws/install/nav2_straightline_planner/share/nav2_straightline_planner/cmake/ament_cmake_export_dependencies-extras.cmake
[10.571s] -- Up-to-date symlink: /home/coderey/ros2_ws/install/nav2_straightline_planner/share/nav2_straightline_planner/cmake/nav2_straightline_plannerConfig.cmake
[10.571s] -- Up-to-date symlink: /home/coderey/ros2_ws/install/nav2_straightline_planner/share/nav2_straightline_planner/cmake/nav2_straightline_plannerConfig-version.cmake
[10.572s] -- Up-to-date symlink: /home/coderey/ros2_ws/install/nav2_straightline_planner/share/nav2_straightline_planner/package.xml
[10.575s] Invoked command in '/home/coderey/ros2_ws/build/nav2_straightline_planner' returned '0': CMAKE_PREFIX_PATH=${CMAKE_PREFIX_PATH}:/home/coderey/ros2_ws/install/swisscat_robot:/home/coderey/ros2_ws/install/nav2_gps_waypoint_follower_demo:/home/coderey/ros2_ws/install/nav2_simple_commander:/home/coderey/ros2_ws/install/mob_rob_loca:/home/coderey/ros2_ws/install/bno055:/home/coderey/microros_ws/install/sensor_msgs_py:/opt/ros/galactic /usr/bin/cmake --install /home/coderey/ros2_ws/build/nav2_straightline_planner
