[1.593s] Invoking command in '/home/coderey/ros2_ws/build/robot_localization': CMAKE_PREFIX_PATH=${CMAKE_PREFIX_PATH}:/home/coderey/ros2_ws/install/swisscat_robot:/home/coderey/ros2_ws/install/nav2_gps_waypoint_follower_demo:/home/coderey/ros2_ws/install/nav2_simple_commander:/home/coderey/ros2_ws/install/mob_rob_loca:/home/coderey/ros2_ws/install/bno055:/home/coderey/microros_ws/install/sensor_msgs_py:/opt/ros/galactic /usr/bin/cmake --build /home/coderey/ros2_ws/build/robot_localization -- -j8 -l8
[2.809s] [  2%] Built target gtest_main
[2.810s] [  8%] Built target robot_localization__rosidl_generator_c
[2.811s] [  9%] Built target gtest
[2.811s] [ 10%] Built target robot_localization__cpp
[2.811s] [ 16%] Built target robot_localization__rosidl_typesupport_c
[2.811s] [ 22%] Built target robot_localization__rosidl_typesupport_fastrtps_cpp
[2.811s] [ 28%] Built target robot_localization__rosidl_typesupport_cpp
[2.811s] [ 34%] Built target robot_localization__rosidl_typesupport_microxrcedds_c
[2.811s] [ 40%] Built target robot_localization__rosidl_typesupport_introspection_c
[2.812s] [ 46%] Built target robot_localization__rosidl_typesupport_introspection_cpp
[2.812s] [ 52%] Built target robot_localization__rosidl_typesupport_microxrcedds_cpp
[2.812s] [ 58%] Built target robot_localization__rosidl_typesupport_fastrtps_c
[2.812s] [ 58%] Built target robot_localization
[2.812s] [ 59%] Built target robot_localization__py
[2.812s] [ 67%] Built target rl_lib
[2.813s] [ 72%] Built target robot_localization__python
[2.813s] [ 73%] Built target test_ekf
[2.813s] [ 74%] Built target test_ros_robot_localization_listener
[2.813s] [ 76%] Built target test_robot_localization_estimator
[2.813s] [ 78%] Built target ukf_node
[2.813s] [ 79%] Built target ekf_node
[2.813s] [ 81%] Built target test_ros_robot_localization_listener_publisher
[2.813s] [ 83%] Built target filter_base-test
[2.813s] [ 84%] Built target test_ukf
[2.813s] [ 85%] Built target navsat_transform_node
[2.813s] [ 87%] Built target robot_localization_listener_node
[2.813s] [ 89%] Built target robot_localization__rosidl_typesupport_microxrcedds_c__pyext
[2.813s] [ 91%] Built target robot_localization__rosidl_typesupport_introspection_c__pyext
[2.813s] [ 93%] Built target test_ukf_localization_node_interfaces
[2.813s] [ 95%] Built target test_ekf_localization_node_interfaces
[2.813s] [ 97%] Built target robot_localization__rosidl_typesupport_fastrtps_c__pyext
[2.813s] [ 98%] Built target test_filter_base_diagnostics_timestamps
[2.814s] [100%] Built target robot_localization__rosidl_typesupport_c__pyext
[2.823s] Invoked command in '/home/coderey/ros2_ws/build/robot_localization' returned '0': CMAKE_PREFIX_PATH=${CMAKE_PREFIX_PATH}:/home/coderey/ros2_ws/install/swisscat_robot:/home/coderey/ros2_ws/install/nav2_gps_waypoint_follower_demo:/home/coderey/ros2_ws/install/nav2_simple_commander:/home/coderey/ros2_ws/install/mob_rob_loca:/home/coderey/ros2_ws/install/bno055:/home/coderey/microros_ws/install/sensor_msgs_py:/opt/ros/galactic /usr/bin/cmake --build /home/coderey/ros2_ws/build/robot_localization -- -j8 -l8
[4.174s] Invoking command in '/home/coderey/ros2_ws/build/robot_localization': CMAKE_PREFIX_PATH=${CMAKE_PREFIX_PATH}:/home/coderey/ros2_ws/install/swisscat_robot:/home/coderey/ros2_ws/install/nav2_gps_waypoint_follower_demo:/home/coderey/ros2_ws/install/nav2_simple_commander:/home/coderey/ros2_ws/install/mob_rob_loca:/home/coderey/ros2_ws/install/bno055:/home/coderey/microros_ws/install/sensor_msgs_py:/opt/ros/galactic /usr/bin/cmake --install /home/coderey/ros2_ws/build/robot_localization
[4.201s] -- Install configuration: "RelWithDebInfo"
[4.201s] -- Execute custom install script
[4.206s] -- Up-to-date symlink: /home/coderey/ros2_ws/install/robot_localization/share/ament_index/resource_index/rosidl_interfaces/robot_localization
[4.211s] -- Up-to-date symlink: /home/coderey/ros2_ws/install/robot_localization/include/robot_localization/msg/rosidl_generator_c__visibility_control.h
[4.211s] -- Up-to-date symlink: /home/coderey/ros2_ws/install/robot_localization/include/robot_localization/srv/detail/from_ll__functions.h
[4.211s] -- Up-to-date symlink: /home/coderey/ros2_ws/install/robot_localization/include/robot_localization/srv/detail/from_ll__struct.h
[4.211s] -- Up-to-date symlink: /home/coderey/ros2_ws/install/robot_localization/include/robot_localization/srv/detail/from_ll__type_support.h
[4.211s] -- Up-to-date symlink: /home/coderey/ros2_ws/install/robot_localization/include/robot_localization/srv/detail/get_state__functions.h
[4.211s] -- Up-to-date symlink: /home/coderey/ros2_ws/install/robot_localization/include/robot_localization/srv/detail/get_state__struct.h
[4.212s] -- Up-to-date symlink: /home/coderey/ros2_ws/install/robot_localization/include/robot_localization/srv/detail/get_state__type_support.h
[4.212s] -- Up-to-date symlink: /home/coderey/ros2_ws/install/robot_localization/include/robot_localization/srv/detail/set_datum__functions.h
[4.212s] -- Up-to-date symlink: /home/coderey/ros2_ws/install/robot_localization/include/robot_localization/srv/detail/set_datum__struct.h
[4.212s] -- Up-to-date symlink: /home/coderey/ros2_ws/install/robot_localization/include/robot_localization/srv/detail/set_datum__type_support.h
[4.212s] -- Up-to-date symlink: /home/coderey/ros2_ws/install/robot_localization/include/robot_localization/srv/detail/set_pose__functions.h
[4.212s] -- Up-to-date symlink: /home/coderey/ros2_ws/install/robot_localization/include/robot_localization/srv/detail/set_pose__struct.h
[4.212s] -- Up-to-date symlink: /home/coderey/ros2_ws/install/robot_localization/include/robot_localization/srv/detail/set_pose__type_support.h
[4.212s] -- Up-to-date symlink: /home/coderey/ros2_ws/install/robot_localization/include/robot_localization/srv/detail/to_ll__functions.h
[4.212s] -- Up-to-date symlink: /home/coderey/ros2_ws/install/robot_localization/include/robot_localization/srv/detail/to_ll__struct.h
[4.213s] -- Up-to-date symlink: /home/coderey/ros2_ws/install/robot_localization/include/robot_localization/srv/detail/to_ll__type_support.h
[4.213s] -- Up-to-date symlink: /home/coderey/ros2_ws/install/robot_localization/include/robot_localization/srv/detail/toggle_filter_processing__functions.h
[4.213s] -- Up-to-date symlink: /home/coderey/ros2_ws/install/robot_localization/include/robot_localization/srv/detail/toggle_filter_processing__struct.h
[4.213s] -- Up-to-date symlink: /home/coderey/ros2_ws/install/robot_localization/include/robot_localization/srv/detail/toggle_filter_processing__type_support.h
[4.213s] -- Up-to-date symlink: /home/coderey/ros2_ws/install/robot_localization/include/robot_localization/srv/from_ll.h
[4.213s] -- Up-to-date symlink: /home/coderey/ros2_ws/install/robot_localization/include/robot_localization/srv/get_state.h
[4.213s] -- Up-to-date symlink: /home/coderey/ros2_ws/install/robot_localization/include/robot_localization/srv/set_datum.h
[4.213s] -- Up-to-date symlink: /home/coderey/ros2_ws/install/robot_localization/include/robot_localization/srv/set_pose.h
[4.214s] -- Up-to-date symlink: /home/coderey/ros2_ws/install/robot_localization/include/robot_localization/srv/to_ll.h
[4.214s] -- Up-to-date symlink: /home/coderey/ros2_ws/install/robot_localization/include/robot_localization/srv/toggle_filter_processing.h
[4.216s] -- Up-to-date symlink: /home/coderey/ros2_ws/install/robot_localization/share/robot_localization/environment/library_path.sh
[4.217s] -- Up-to-date symlink: /home/coderey/ros2_ws/install/robot_localization/share/robot_localization/environment/library_path.dsv
[4.218s] -- Up-to-date symlink: /home/coderey/ros2_ws/install/robot_localization/include/robot_localization/msg/rosidl_typesupport_microxrcedds_c__visibility_control.h
[4.219s] -- Up-to-date symlink: /home/coderey/ros2_ws/install/robot_localization/include/robot_localization/srv/detail/from_ll__rosidl_typesupport_microxrcedds_c.h
[4.219s] -- Up-to-date symlink: /home/coderey/ros2_ws/install/robot_localization/include/robot_localization/srv/detail/get_state__rosidl_typesupport_microxrcedds_c.h
[4.219s] -- Up-to-date symlink: /home/coderey/ros2_ws/install/robot_localization/include/robot_localization/srv/detail/set_datum__rosidl_typesupport_microxrcedds_c.h
[4.219s] -- Up-to-date symlink: /home/coderey/ros2_ws/install/robot_localization/include/robot_localization/srv/detail/set_pose__rosidl_typesupport_microxrcedds_c.h
[4.220s] -- Up-to-date symlink: /home/coderey/ros2_ws/install/robot_localization/include/robot_localization/srv/detail/to_ll__rosidl_typesupport_microxrcedds_c.h
[4.220s] -- Up-to-date symlink: /home/coderey/ros2_ws/install/robot_localization/include/robot_localization/srv/detail/toggle_filter_processing__rosidl_typesupport_microxrcedds_c.h
[4.221s] -- Up-to-date symlink: /home/coderey/ros2_ws/install/robot_localization/lib/librobot_localization__rosidl_typesupport_microxrcedds_c.so
[4.221s] -- Up-to-date symlink: /home/coderey/ros2_ws/install/robot_localization/include/robot_localization/msg/rosidl_typesupport_fastrtps_c__visibility_control.h
[4.221s] -- Up-to-date symlink: /home/coderey/ros2_ws/install/robot_localization/include/robot_localization/srv/detail/from_ll__rosidl_typesupport_fastrtps_c.h
[4.221s] -- Up-to-date symlink: /home/coderey/ros2_ws/install/robot_localization/include/robot_localization/srv/detail/get_state__rosidl_typesupport_fastrtps_c.h
[4.221s] -- Up-to-date symlink: /home/coderey/ros2_ws/install/robot_localization/include/robot_localization/srv/detail/set_datum__rosidl_typesupport_fastrtps_c.h
[4.222s] -- Up-to-date symlink: /home/coderey/ros2_ws/install/robot_localization/include/robot_localization/srv/detail/set_pose__rosidl_typesupport_fastrtps_c.h
[4.222s] -- Up-to-date symlink: /home/coderey/ros2_ws/install/robot_localization/include/robot_localization/srv/detail/to_ll__rosidl_typesupport_fastrtps_c.h
[4.222s] -- Up-to-date symlink: /home/coderey/ros2_ws/install/robot_localization/include/robot_localization/srv/detail/toggle_filter_processing__rosidl_typesupport_fastrtps_c.h
[4.223s] -- Up-to-date symlink: /home/coderey/ros2_ws/install/robot_localization/lib/librobot_localization__rosidl_typesupport_fastrtps_c.so
[4.224s] -- Up-to-date symlink: /home/coderey/ros2_ws/install/robot_localization/include/robot_localization/msg/rosidl_typesupport_fastrtps_cpp__visibility_control.h
[4.224s] -- Up-to-date symlink: /home/coderey/ros2_ws/install/robot_localization/include/robot_localization/srv/detail/from_ll__rosidl_typesupport_fastrtps_cpp.hpp
[4.224s] -- Up-to-date symlink: /home/coderey/ros2_ws/install/robot_localization/include/robot_localization/srv/detail/get_state__rosidl_typesupport_fastrtps_cpp.hpp
[4.224s] -- Up-to-date symlink: /home/coderey/ros2_ws/install/robot_localization/include/robot_localization/srv/detail/set_datum__rosidl_typesupport_fastrtps_cpp.hpp
[4.225s] -- Up-to-date symlink: /home/coderey/ros2_ws/install/robot_localization/include/robot_localization/srv/detail/set_pose__rosidl_typesupport_fastrtps_cpp.hpp
[4.225s] -- Up-to-date symlink: /home/coderey/ros2_ws/install/robot_localization/include/robot_localization/srv/detail/to_ll__rosidl_typesupport_fastrtps_cpp.hpp
[4.225s] -- Up-to-date symlink: /home/coderey/ros2_ws/install/robot_localization/include/robot_localization/srv/detail/toggle_filter_processing__rosidl_typesupport_fastrtps_cpp.hpp
[4.225s] -- Up-to-date symlink: /home/coderey/ros2_ws/install/robot_localization/lib/librobot_localization__rosidl_typesupport_fastrtps_cpp.so
[4.226s] -- Up-to-date symlink: /home/coderey/ros2_ws/install/robot_localization/include/robot_localization/msg/rosidl_typesupport_introspection_c__visibility_control.h
[4.226s] -- Up-to-date symlink: /home/coderey/ros2_ws/install/robot_localization/include/robot_localization/srv/detail/from_ll__rosidl_typesupport_introspection_c.h
[4.226s] -- Up-to-date symlink: /home/coderey/ros2_ws/install/robot_localization/include/robot_localization/srv/detail/get_state__rosidl_typesupport_introspection_c.h
[4.227s] -- Up-to-date symlink: /home/coderey/ros2_ws/install/robot_localization/include/robot_localization/srv/detail/set_datum__rosidl_typesupport_introspection_c.h
[4.227s] -- Up-to-date symlink: /home/coderey/ros2_ws/install/robot_localization/include/robot_localization/srv/detail/set_pose__rosidl_typesupport_introspection_c.h
[4.227s] -- Up-to-date symlink: /home/coderey/ros2_ws/install/robot_localization/include/robot_localization/srv/detail/to_ll__rosidl_typesupport_introspection_c.h
[4.227s] -- Up-to-date symlink: /home/coderey/ros2_ws/install/robot_localization/include/robot_localization/srv/detail/toggle_filter_processing__rosidl_typesupport_introspection_c.h
[4.227s] -- Up-to-date symlink: /home/coderey/ros2_ws/install/robot_localization/include/robot_localization/srv/detail/from_ll__builder.hpp
[4.228s] -- Up-to-date symlink: /home/coderey/ros2_ws/install/robot_localization/include/robot_localization/srv/detail/from_ll__struct.hpp
[4.228s] -- Up-to-date symlink: /home/coderey/ros2_ws/install/robot_localization/include/robot_localization/srv/detail/from_ll__traits.hpp
[4.228s] -- Up-to-date symlink: /home/coderey/ros2_ws/install/robot_localization/include/robot_localization/srv/detail/get_state__builder.hpp
[4.228s] -- Up-to-date symlink: /home/coderey/ros2_ws/install/robot_localization/include/robot_localization/srv/detail/get_state__struct.hpp
[4.228s] -- Up-to-date symlink: /home/coderey/ros2_ws/install/robot_localization/include/robot_localization/srv/detail/get_state__traits.hpp
[4.228s] -- Up-to-date symlink: /home/coderey/ros2_ws/install/robot_localization/include/robot_localization/srv/detail/set_datum__builder.hpp
[4.228s] -- Up-to-date symlink: /home/coderey/ros2_ws/install/robot_localization/include/robot_localization/srv/detail/set_datum__struct.hpp
[4.228s] -- Up-to-date symlink: /home/coderey/ros2_ws/install/robot_localization/include/robot_localization/srv/detail/set_datum__traits.hpp
[4.229s] -- Up-to-date symlink: /home/coderey/ros2_ws/install/robot_localization/include/robot_localization/srv/detail/set_pose__builder.hpp
[4.229s] -- Up-to-date symlink: /home/coderey/ros2_ws/install/robot_localization/include/robot_localization/srv/detail/set_pose__struct.hpp
[4.229s] -- Up-to-date symlink: /home/coderey/ros2_ws/install/robot_localization/include/robot_localization/srv/detail/set_pose__traits.hpp
[4.229s] -- Up-to-date symlink: /home/coderey/ros2_ws/install/robot_localization/include/robot_localization/srv/detail/to_ll__builder.hpp
[4.229s] -- Up-to-date symlink: /home/coderey/ros2_ws/install/robot_localization/include/robot_localization/srv/detail/to_ll__struct.hpp
[4.230s] -- Up-to-date symlink: /home/coderey/ros2_ws/install/robot_localization/include/robot_localization/srv/detail/to_ll__traits.hpp
[4.230s] -- Up-to-date symlink: /home/coderey/ros2_ws/install/robot_localization/include/robot_localization/srv/detail/toggle_filter_processing__builder.hpp
[4.230s] -- Up-to-date symlink: /home/coderey/ros2_ws/install/robot_localization/include/robot_localization/srv/detail/toggle_filter_processing__struct.hpp
[4.231s] -- Up-to-date symlink: /home/coderey/ros2_ws/install/robot_localization/include/robot_localization/srv/detail/toggle_filter_processing__traits.hpp
[4.231s] -- Up-to-date symlink: /home/coderey/ros2_ws/install/robot_localization/include/robot_localization/srv/from_ll.hpp
[4.231s] -- Up-to-date symlink: /home/coderey/ros2_ws/install/robot_localization/include/robot_localization/srv/get_state.hpp
[4.231s] -- Up-to-date symlink: /home/coderey/ros2_ws/install/robot_localization/include/robot_localization/srv/set_datum.hpp
[4.231s] -- Up-to-date symlink: /home/coderey/ros2_ws/install/robot_localization/include/robot_localization/srv/set_pose.hpp
[4.232s] -- Up-to-date symlink: /home/coderey/ros2_ws/install/robot_localization/include/robot_localization/srv/to_ll.hpp
[4.232s] -- Up-to-date symlink: /home/coderey/ros2_ws/install/robot_localization/include/robot_localization/srv/toggle_filter_processing.hpp
[4.232s] -- Up-to-date symlink: /home/coderey/ros2_ws/install/robot_localization/include/robot_localization/msg/rosidl_typesupport_microxrcedds_cpp__visibility_control.h
[4.232s] -- Up-to-date symlink: /home/coderey/ros2_ws/install/robot_localization/include/robot_localization/srv/detail/from_ll__rosidl_typesupport_microxrcedds_cpp.hpp
[4.233s] -- Up-to-date symlink: /home/coderey/ros2_ws/install/robot_localization/include/robot_localization/srv/detail/get_state__rosidl_typesupport_microxrcedds_cpp.hpp
[4.233s] -- Up-to-date symlink: /home/coderey/ros2_ws/install/robot_localization/include/robot_localization/srv/detail/microxrcedds/from_ll__type_support_cpp.cpp
[4.233s] -- Up-to-date symlink: /home/coderey/ros2_ws/install/robot_localization/include/robot_localization/srv/detail/microxrcedds/get_state__type_support_cpp.cpp
[4.233s] -- Up-to-date symlink: /home/coderey/ros2_ws/install/robot_localization/include/robot_localization/srv/detail/microxrcedds/set_datum__type_support_cpp.cpp
[4.233s] -- Up-to-date symlink: /home/coderey/ros2_ws/install/robot_localization/include/robot_localization/srv/detail/microxrcedds/set_pose__type_support_cpp.cpp
[4.234s] -- Up-to-date symlink: /home/coderey/ros2_ws/install/robot_localization/include/robot_localization/srv/detail/microxrcedds/to_ll__type_support_cpp.cpp
[4.234s] -- Up-to-date symlink: /home/coderey/ros2_ws/install/robot_localization/include/robot_localization/srv/detail/microxrcedds/toggle_filter_processing__type_support_cpp.cpp
[4.234s] -- Up-to-date symlink: /home/coderey/ros2_ws/install/robot_localization/include/robot_localization/srv/detail/set_datum__rosidl_typesupport_microxrcedds_cpp.hpp
[4.234s] -- Up-to-date symlink: /home/coderey/ros2_ws/install/robot_localization/include/robot_localization/srv/detail/set_pose__rosidl_typesupport_microxrcedds_cpp.hpp
[4.234s] -- Up-to-date symlink: /home/coderey/ros2_ws/install/robot_localization/include/robot_localization/srv/detail/to_ll__rosidl_typesupport_microxrcedds_cpp.hpp
[4.235s] -- Up-to-date symlink: /home/coderey/ros2_ws/install/robot_localization/include/robot_localization/srv/detail/toggle_filter_processing__rosidl_typesupport_microxrcedds_cpp.hpp
[4.235s] -- Up-to-date symlink: /home/coderey/ros2_ws/install/robot_localization/lib/librobot_localization__rosidl_typesupport_microxrcedds_cpp.so
[4.235s] -- Up-to-date symlink: /home/coderey/ros2_ws/install/robot_localization/include/robot_localization/srv/detail/from_ll__rosidl_typesupport_introspection_cpp.hpp
[4.235s] -- Up-to-date symlink: /home/coderey/ros2_ws/install/robot_localization/include/robot_localization/srv/detail/get_state__rosidl_typesupport_introspection_cpp.hpp
[4.235s] -- Up-to-date symlink: /home/coderey/ros2_ws/install/robot_localization/include/robot_localization/srv/detail/set_datum__rosidl_typesupport_introspection_cpp.hpp
[4.235s] -- Up-to-date symlink: /home/coderey/ros2_ws/install/robot_localization/include/robot_localization/srv/detail/set_pose__rosidl_typesupport_introspection_cpp.hpp
[4.235s] -- Up-to-date symlink: /home/coderey/ros2_ws/install/robot_localization/include/robot_localization/srv/detail/to_ll__rosidl_typesupport_introspection_cpp.hpp
[4.236s] -- Up-to-date symlink: /home/coderey/ros2_ws/install/robot_localization/include/robot_localization/srv/detail/toggle_filter_processing__rosidl_typesupport_introspection_cpp.hpp
[4.236s] -- Up-to-date symlink: /home/coderey/ros2_ws/install/robot_localization/share/robot_localization/environment/pythonpath.sh
[4.236s] -- Up-to-date symlink: /home/coderey/ros2_ws/install/robot_localization/share/robot_localization/environment/pythonpath.dsv
[4.237s] -- Up-to-date symlink: /home/coderey/ros2_ws/install/robot_localization/lib/python3.8/site-packages/robot_localization/__init__.py
[4.237s] -- Up-to-date symlink: /home/coderey/ros2_ws/install/robot_localization/lib/python3.8/site-packages/robot_localization/srv/__init__.py
[4.237s] -- Up-to-date symlink: /home/coderey/ros2_ws/install/robot_localization/lib/python3.8/site-packages/robot_localization/srv/_from_ll.py
[4.238s] -- Up-to-date symlink: /home/coderey/ros2_ws/install/robot_localization/lib/python3.8/site-packages/robot_localization/srv/_get_state.py
[4.238s] -- Up-to-date symlink: /home/coderey/ros2_ws/install/robot_localization/lib/python3.8/site-packages/robot_localization/srv/_set_datum.py
[4.238s] -- Up-to-date symlink: /home/coderey/ros2_ws/install/robot_localization/lib/python3.8/site-packages/robot_localization/srv/_set_pose.py
[4.238s] -- Up-to-date symlink: /home/coderey/ros2_ws/install/robot_localization/lib/python3.8/site-packages/robot_localization/srv/_to_ll.py
[4.238s] -- Up-to-date symlink: /home/coderey/ros2_ws/install/robot_localization/lib/python3.8/site-packages/robot_localization/srv/_toggle_filter_processing.py
[4.238s] -- Up-to-date symlink: /home/coderey/ros2_ws/install/robot_localization/lib/python3.8/site-packages/robot_localization/robot_localization_s__rosidl_typesupport_microxrcedds_c.cpython-38-x86_64-linux-gnu.so
[4.239s] -- Up-to-date symlink: /home/coderey/ros2_ws/install/robot_localization/lib/python3.8/site-packages/robot_localization/robot_localization_s__rosidl_typesupport_fastrtps_c.cpython-38-x86_64-linux-gnu.so
[4.239s] -- Up-to-date symlink: /home/coderey/ros2_ws/install/robot_localization/lib/python3.8/site-packages/robot_localization/robot_localization_s__rosidl_typesupport_introspection_c.cpython-38-x86_64-linux-gnu.so
[4.240s] -- Up-to-date symlink: /home/coderey/ros2_ws/install/robot_localization/lib/python3.8/site-packages/robot_localization/robot_localization_s__rosidl_typesupport_c.cpython-38-x86_64-linux-gnu.so
[4.242s] -- Up-to-date symlink: /home/coderey/ros2_ws/install/robot_localization/lib/librobot_localization__python.so
[4.242s] -- Up-to-date symlink: /home/coderey/ros2_ws/install/robot_localization/share/robot_localization/srv/FromLL.idl
[4.242s] -- Up-to-date symlink: /home/coderey/ros2_ws/install/robot_localization/share/robot_localization/srv/GetState.idl
[4.242s] -- Up-to-date symlink: /home/coderey/ros2_ws/install/robot_localization/share/robot_localization/srv/SetDatum.idl
[4.242s] -- Up-to-date symlink: /home/coderey/ros2_ws/install/robot_localization/share/robot_localization/srv/SetPose.idl
[4.243s] -- Up-to-date symlink: /home/coderey/ros2_ws/install/robot_localization/share/robot_localization/srv/ToggleFilterProcessing.idl
[4.243s] -- Up-to-date symlink: /home/coderey/ros2_ws/install/robot_localization/share/robot_localization/srv/ToLL.idl
[4.243s] -- Up-to-date symlink: /home/coderey/ros2_ws/install/robot_localization/share/robot_localization/srv/FromLL.srv
[4.243s] -- Up-to-date symlink: /home/coderey/ros2_ws/install/robot_localization/share/robot_localization/srv/FromLL_Request.msg
[4.244s] -- Up-to-date symlink: /home/coderey/ros2_ws/install/robot_localization/share/robot_localization/srv/FromLL_Response.msg
[4.245s] -- Up-to-date symlink: /home/coderey/ros2_ws/install/robot_localization/share/robot_localization/srv/GetState.srv
[4.245s] -- Up-to-date symlink: /home/coderey/ros2_ws/install/robot_localization/share/robot_localization/srv/GetState_Request.msg
[4.245s] -- Up-to-date symlink: /home/coderey/ros2_ws/install/robot_localization/share/robot_localization/srv/GetState_Response.msg
[4.245s] -- Up-to-date symlink: /home/coderey/ros2_ws/install/robot_localization/share/robot_localization/srv/SetDatum.srv
[4.245s] -- Up-to-date symlink: /home/coderey/ros2_ws/install/robot_localization/share/robot_localization/srv/SetDatum_Request.msg
[4.245s] -- Up-to-date symlink: /home/coderey/ros2_ws/install/robot_localization/share/robot_localization/srv/SetDatum_Response.msg
[4.246s] -- Up-to-date symlink: /home/coderey/ros2_ws/install/robot_localization/share/robot_localization/srv/SetPose.srv
[4.246s] -- Up-to-date symlink: /home/coderey/ros2_ws/install/robot_localization/share/robot_localization/srv/SetPose_Request.msg
[4.246s] -- Up-to-date symlink: /home/coderey/ros2_ws/install/robot_localization/share/robot_localization/srv/SetPose_Response.msg
[4.246s] -- Up-to-date symlink: /home/coderey/ros2_ws/install/robot_localization/share/robot_localization/srv/ToggleFilterProcessing.srv
[4.247s] -- Up-to-date symlink: /home/coderey/ros2_ws/install/robot_localization/share/robot_localization/srv/ToggleFilterProcessing_Request.msg
[4.247s] -- Up-to-date symlink: /home/coderey/ros2_ws/install/robot_localization/share/robot_localization/srv/ToggleFilterProcessing_Response.msg
[4.247s] -- Up-to-date symlink: /home/coderey/ros2_ws/install/robot_localization/share/robot_localization/srv/ToLL.srv
[4.247s] -- Up-to-date symlink: /home/coderey/ros2_ws/install/robot_localization/share/robot_localization/srv/ToLL_Request.msg
[4.248s] -- Up-to-date symlink: /home/coderey/ros2_ws/install/robot_localization/share/robot_localization/srv/ToLL_Response.msg
[4.248s] -- Up-to-date symlink: /home/coderey/ros2_ws/install/robot_localization/lib/robot_localization/filter_base-test
[4.248s] -- Up-to-date symlink: /home/coderey/ros2_ws/install/robot_localization/lib/robot_localization/test_filter_base_diagnostics_timestamps
[4.249s] -- Up-to-date symlink: /home/coderey/ros2_ws/install/robot_localization/lib/robot_localization/test_ekf
[4.249s] -- Up-to-date symlink: /home/coderey/ros2_ws/install/robot_localization/lib/robot_localization/test_ekf_localization_node_interfaces
[4.250s] -- Up-to-date symlink: /home/coderey/ros2_ws/install/robot_localization/lib/robot_localization/test_ukf
[4.250s] -- Up-to-date symlink: /home/coderey/ros2_ws/install/robot_localization/lib/robot_localization/test_ukf_localization_node_interfaces
[4.250s] -- Up-to-date symlink: /home/coderey/ros2_ws/install/robot_localization/lib/robot_localization/test_robot_localization_estimator
[4.250s] -- Up-to-date symlink: /home/coderey/ros2_ws/install/robot_localization/lib/robot_localization/test_ros_robot_localization_listener
[4.251s] -- Up-to-date symlink: /home/coderey/ros2_ws/install/robot_localization/lib/robot_localization/test_ros_robot_localization_listener_publisher
[4.251s] -- Up-to-date symlink: /home/coderey/ros2_ws/install/robot_localization/lib/robot_localization/navsat_transform_node
[4.251s] -- Up-to-date symlink: /home/coderey/ros2_ws/install/robot_localization/lib/robot_localization/ekf_node
[4.251s] -- Up-to-date symlink: /home/coderey/ros2_ws/install/robot_localization/lib/robot_localization/ukf_node
[4.252s] -- Up-to-date symlink: /home/coderey/ros2_ws/install/robot_localization/lib/robot_localization/robot_localization_listener_node
[4.252s] -- Up-to-date symlink: /home/coderey/ros2_ws/install/robot_localization/lib/librl_lib.so
[4.253s] -- Up-to-date symlink: /home/coderey/ros2_ws/install/robot_localization/share/ament_index/resource_index/package_run_dependencies/robot_localization
[4.253s] -- Up-to-date symlink: /home/coderey/ros2_ws/install/robot_localization/share/ament_index/resource_index/parent_prefix_path/robot_localization
[4.256s] -- Up-to-date symlink: /home/coderey/ros2_ws/install/robot_localization/share/robot_localization/environment/ament_prefix_path.sh
[4.257s] -- Up-to-date symlink: /home/coderey/ros2_ws/install/robot_localization/share/robot_localization/environment/ament_prefix_path.dsv
[4.258s] -- Up-to-date symlink: /home/coderey/ros2_ws/install/robot_localization/share/robot_localization/environment/path.sh
[4.258s] -- Up-to-date symlink: /home/coderey/ros2_ws/install/robot_localization/share/robot_localization/environment/path.dsv
[4.258s] -- Up-to-date symlink: /home/coderey/ros2_ws/install/robot_localization/share/robot_localization/local_setup.bash
[4.258s] -- Up-to-date symlink: /home/coderey/ros2_ws/install/robot_localization/share/robot_localization/local_setup.sh
[4.259s] -- Up-to-date symlink: /home/coderey/ros2_ws/install/robot_localization/share/robot_localization/local_setup.zsh
[4.259s] -- Up-to-date symlink: /home/coderey/ros2_ws/install/robot_localization/share/robot_localization/local_setup.dsv
[4.259s] -- Symlinking: /home/coderey/ros2_ws/install/robot_localization/share/robot_localization/package.dsv
[4.282s] -- Up-to-date symlink: /home/coderey/ros2_ws/install/robot_localization/share/ament_index/resource_index/packages/robot_localization
[4.283s] -- Up-to-date symlink: /home/coderey/ros2_ws/install/robot_localization/share/robot_localization/cmake/rosidl_cmake-extras.cmake
[4.283s] -- Up-to-date symlink: /home/coderey/ros2_ws/install/robot_localization/share/robot_localization/cmake/ament_cmake_export_dependencies-extras.cmake
[4.283s] -- Up-to-date symlink: /home/coderey/ros2_ws/install/robot_localization/share/robot_localization/cmake/ament_cmake_export_libraries-extras.cmake
[4.284s] -- Up-to-date symlink: /home/coderey/ros2_ws/install/robot_localization/share/robot_localization/cmake/ament_cmake_export_targets-extras.cmake
[4.284s] -- Up-to-date symlink: /home/coderey/ros2_ws/install/robot_localization/share/robot_localization/cmake/ament_cmake_export_include_directories-extras.cmake
[4.284s] -- Up-to-date symlink: /home/coderey/ros2_ws/install/robot_localization/share/robot_localization/cmake/rosidl_cmake_export_typesupport_libraries-extras.cmake
[4.285s] -- Up-to-date symlink: /home/coderey/ros2_ws/install/robot_localization/share/robot_localization/cmake/rosidl_cmake_export_typesupport_targets-extras.cmake
[4.286s] -- Up-to-date symlink: /home/coderey/ros2_ws/install/robot_localization/share/robot_localization/cmake/robot_localizationConfig.cmake
[4.286s] -- Up-to-date symlink: /home/coderey/ros2_ws/install/robot_localization/share/robot_localization/cmake/robot_localizationConfig-version.cmake
[4.286s] -- Up-to-date symlink: /home/coderey/ros2_ws/install/robot_localization/share/robot_localization/package.xml
[4.287s] -- Up-to-date: /home/coderey/ros2_ws/install/robot_localization/lib/librobot_localization__rosidl_generator_c.so
[4.288s] -- Up-to-date: /home/coderey/ros2_ws/install/robot_localization/lib/librobot_localization__rosidl_typesupport_introspection_c.so
[4.291s] -- Up-to-date: /home/coderey/ros2_ws/install/robot_localization/lib/librobot_localization__rosidl_typesupport_c.so
[4.291s] -- Up-to-date: /home/coderey/ros2_ws/install/robot_localization/lib/librobot_localization__rosidl_typesupport_introspection_cpp.so
[4.291s] -- Up-to-date: /home/coderey/ros2_ws/install/robot_localization/lib/librobot_localization__rosidl_typesupport_cpp.so
[4.405s] -- Up-to-date: /home/coderey/ros2_ws/install/robot_localization/share/robot_localization/test
[4.406s] -- Up-to-date: /home/coderey/ros2_ws/install/robot_localization/share/robot_localization/test/test_ukf_localization_node_bag1.yaml
[4.406s] -- Up-to-date: /home/coderey/ros2_ws/install/robot_localization/share/robot_localization/test/test1.bag
[4.406s] -- Up-to-date: /home/coderey/ros2_ws/install/robot_localization/share/robot_localization/test/test_ukf_localization_node_bag1.sh
[4.406s] -- Up-to-date: /home/coderey/ros2_ws/install/robot_localization/share/robot_localization/test/test_filter_base.cpp
[4.406s] -- Up-to-date: /home/coderey/ros2_ws/install/robot_localization/share/robot_localization/test/test_ukf_localization_node_bag2.yaml
[4.406s] -- Up-to-date: /home/coderey/ros2_ws/install/robot_localization/share/robot_localization/test/test_filter_base_diagnostics_timestamps.launch.py
[4.406s] -- Up-to-date: /home/coderey/ros2_ws/install/robot_localization/share/robot_localization/test/test_ukf_localization_node_bag1.launch.py
[4.406s] -- Up-to-date: /home/coderey/ros2_ws/install/robot_localization/share/robot_localization/test/test_ekf_localization_node_bag2.sh
[4.406s] -- Up-to-date: /home/coderey/ros2_ws/install/robot_localization/share/robot_localization/test/test_filter_base_diagnostics_timestamps.cpp
[4.406s] -- Up-to-date: /home/coderey/ros2_ws/install/robot_localization/share/robot_localization/test/test_ros_robot_localization_listener.launch.py
[4.407s] -- Up-to-date: /home/coderey/ros2_ws/install/robot_localization/share/robot_localization/test/test_ros_robot_localization_listener_publisher.cpp
[4.407s] -- Up-to-date: /home/coderey/ros2_ws/install/robot_localization/share/robot_localization/test/test_ukf.cpp
[4.407s] -- Up-to-date: /home/coderey/ros2_ws/install/robot_localization/share/robot_localization/test/test_ekf_localization_node_bag1.launch.py
[4.407s] -- Up-to-date: /home/coderey/ros2_ws/install/robot_localization/share/robot_localization/test/test_ukf_localization_node_bag3.yaml
[4.407s] -- Up-to-date: /home/coderey/ros2_ws/install/robot_localization/share/robot_localization/test/test_ekf_localization_node_bag3.launch.py
[4.407s] -- Up-to-date: /home/coderey/ros2_ws/install/robot_localization/share/robot_localization/test/test_ekf_localization_node_interfaces.cpp
[4.407s] -- Up-to-date: /home/coderey/ros2_ws/install/robot_localization/share/robot_localization/test/test_ukf_localization_node_interfaces.launch.py
[4.407s] -- Up-to-date: /home/coderey/ros2_ws/install/robot_localization/share/robot_localization/test/test_ukf_localization_node_bag2.sh
[4.407s] -- Up-to-date: /home/coderey/ros2_ws/install/robot_localization/share/robot_localization/test/test_ekf_localization_node_bag2.yaml
[4.408s] -- Up-to-date: /home/coderey/ros2_ws/install/robot_localization/share/robot_localization/test/test_ukf_localization_node_interfaces.yaml
[4.408s] -- Up-to-date: /home/coderey/ros2_ws/install/robot_localization/share/robot_localization/test/test_robot_localization_estimator.launch.py
[4.408s] -- Up-to-date: /home/coderey/ros2_ws/install/robot_localization/share/robot_localization/test/test_robot_localization_estimator.cpp
[4.408s] -- Up-to-date: /home/coderey/ros2_ws/install/robot_localization/share/robot_localization/test/test_ekf_localization_node_bag1.yaml
[4.408s] -- Up-to-date: /home/coderey/ros2_ws/install/robot_localization/share/robot_localization/test/test_ukf_localization_node_bag3.sh
[4.408s] -- Up-to-date: /home/coderey/ros2_ws/install/robot_localization/share/robot_localization/test/test2.bag
[4.408s] -- Up-to-date: /home/coderey/ros2_ws/install/robot_localization/share/robot_localization/test/test_ekf_localization_node_interfaces.launch.py
[4.408s] -- Up-to-date: /home/coderey/ros2_ws/install/robot_localization/share/robot_localization/test/test_ekf_localization_node_bag3.yaml
[4.408s] -- Up-to-date: /home/coderey/ros2_ws/install/robot_localization/share/robot_localization/test/test_ekf_localization_node_interfaces.yaml
[4.408s] -- Up-to-date: /home/coderey/ros2_ws/install/robot_localization/share/robot_localization/test/test_ros_robot_localization_listener.yaml
[4.408s] -- Up-to-date: /home/coderey/ros2_ws/install/robot_localization/share/robot_localization/test/test_localization_node_bag_pose_tester.cpp
[4.409s] -- Up-to-date: /home/coderey/ros2_ws/install/robot_localization/share/robot_localization/test/test_ros_robot_localization_listener.cpp
[4.409s] -- Up-to-date: /home/coderey/ros2_ws/install/robot_localization/share/robot_localization/test/test3.bag
[4.409s] -- Up-to-date: /home/coderey/ros2_ws/install/robot_localization/share/robot_localization/test/test_ekf_localization_node_bag1.sh
[4.409s] -- Up-to-date: /home/coderey/ros2_ws/install/robot_localization/share/robot_localization/test/test_ukf_localization_node_bag2.launch.py
[4.409s] -- Up-to-date: /home/coderey/ros2_ws/install/robot_localization/share/robot_localization/test/test_ekf.cpp
[4.409s] -- Up-to-date: /home/coderey/ros2_ws/install/robot_localization/share/robot_localization/test/test_ekf_localization_node_bag2.launch.py
[4.409s] -- Up-to-date: /home/coderey/ros2_ws/install/robot_localization/share/robot_localization/test/test_ukf_localization_node_bag3.launch.py
[4.409s] -- Up-to-date: /home/coderey/ros2_ws/install/robot_localization/share/robot_localization/test/test_ukf_localization_node_interfaces.cpp
[4.409s] -- Up-to-date: /home/coderey/ros2_ws/install/robot_localization/share/robot_localization/test/test_ekf_localization_node_bag3.sh
[4.409s] -- Up-to-date: /home/coderey/ros2_ws/install/robot_localization/share/robot_localization/test/test_filter_base_diagnostics_timestamps.yaml
[4.409s] -- Up-to-date: /home/coderey/ros2_ws/install/robot_localization/share/robot_localization/params
[4.410s] -- Up-to-date: /home/coderey/ros2_ws/install/robot_localization/share/robot_localization/params/ekf.yaml
[4.410s] -- Up-to-date: /home/coderey/ros2_ws/install/robot_localization/share/robot_localization/params/ukf.yaml
[4.410s] -- Up-to-date: /home/coderey/ros2_ws/install/robot_localization/share/robot_localization/params/imu.yaml
[4.410s] -- Up-to-date: /home/coderey/ros2_ws/install/robot_localization/share/robot_localization/params/dual_ekf_navsat_example.yaml
[4.410s] -- Up-to-date: /home/coderey/ros2_ws/install/robot_localization/share/robot_localization/params/navsat_transform.yaml
[4.410s] -- Up-to-date: /home/coderey/ros2_ws/install/robot_localization/share/robot_localization/params/ekf_em.yaml
[4.410s] -- Up-to-date: /home/coderey/ros2_ws/install/robot_localization/share/robot_localization/launch
[4.410s] -- Up-to-date: /home/coderey/ros2_ws/install/robot_localization/share/robot_localization/launch/dual_ekf_navsat_example.launch.py
[4.410s] -- Up-to-date: /home/coderey/ros2_ws/install/robot_localization/share/robot_localization/launch/ukf.launch.py
[4.410s] -- Up-to-date: /home/coderey/ros2_ws/install/robot_localization/share/robot_localization/launch/navsat_transform.launch.py
[4.410s] -- Up-to-date: /home/coderey/ros2_ws/install/robot_localization/share/robot_localization/launch/ekf.launch.py
[4.410s] -- Up-to-date: /home/coderey/ros2_ws/install/robot_localization/share/robot_localization/cmake/robot_localization__rosidl_generator_cExport.cmake
[4.410s] -- Up-to-date: /home/coderey/ros2_ws/install/robot_localization/share/robot_localization/cmake/robot_localization__rosidl_generator_cExport-relwithdebinfo.cmake
[4.410s] -- Up-to-date: /home/coderey/ros2_ws/install/robot_localization/share/robot_localization/cmake/robot_localization__rosidl_typesupport_introspection_cExport.cmake
[4.410s] -- Up-to-date: /home/coderey/ros2_ws/install/robot_localization/share/robot_localization/cmake/robot_localization__rosidl_typesupport_introspection_cExport-relwithdebinfo.cmake
[4.410s] -- Up-to-date: /home/coderey/ros2_ws/install/robot_localization/share/robot_localization/cmake/robot_localization__rosidl_typesupport_cExport.cmake
[4.411s] -- Up-to-date: /home/coderey/ros2_ws/install/robot_localization/share/robot_localization/cmake/robot_localization__rosidl_typesupport_cExport-relwithdebinfo.cmake
[4.411s] -- Up-to-date: /home/coderey/ros2_ws/install/robot_localization/share/robot_localization/cmake/robot_localization__rosidl_generator_cppExport.cmake
[4.411s] -- Up-to-date: /home/coderey/ros2_ws/install/robot_localization/share/robot_localization/cmake/robot_localization__rosidl_typesupport_introspection_cppExport.cmake
[4.411s] -- Up-to-date: /home/coderey/ros2_ws/install/robot_localization/share/robot_localization/cmake/robot_localization__rosidl_typesupport_introspection_cppExport-relwithdebinfo.cmake
[4.411s] -- Up-to-date: /home/coderey/ros2_ws/install/robot_localization/share/robot_localization/cmake/robot_localization__rosidl_typesupport_cppExport.cmake
[4.411s] -- Up-to-date: /home/coderey/ros2_ws/install/robot_localization/share/robot_localization/cmake/robot_localization__rosidl_typesupport_cppExport-relwithdebinfo.cmake
[5.140s] Invoked command in '/home/coderey/ros2_ws/build/robot_localization' returned '0': CMAKE_PREFIX_PATH=${CMAKE_PREFIX_PATH}:/home/coderey/ros2_ws/install/swisscat_robot:/home/coderey/ros2_ws/install/nav2_gps_waypoint_follower_demo:/home/coderey/ros2_ws/install/nav2_simple_commander:/home/coderey/ros2_ws/install/mob_rob_loca:/home/coderey/ros2_ws/install/bno055:/home/coderey/microros_ws/install/sensor_msgs_py:/opt/ros/galactic /usr/bin/cmake --install /home/coderey/ros2_ws/build/robot_localization
