[1.099s] Invoking command in '/home/coderey/ros2_ws/build/marvelmind_ros2_msgs': CMAKE_PREFIX_PATH=${CMAKE_PREFIX_PATH}:/home/coderey/ros2_ws/install/swisscat_robot:/home/coderey/ros2_ws/install/nav2_gps_waypoint_follower_demo:/home/coderey/ros2_ws/install/mob_rob_loca:/home/coderey/ros2_ws/install/bno055:/home/coderey/microros_ws/install/sensor_msgs_py:/opt/ros/galactic /usr/bin/cmake --build /home/coderey/ros2_ws/build/marvelmind_ros2_msgs -- -j8 -l8
[2.045s] [  0%] Built target marvelmind_ros2_msgs__cpp
[2.046s] [  9%] Built target marvelmind_ros2_msgs__rosidl_generator_c
[2.046s] [ 18%] Built target marvelmind_ros2_msgs__rosidl_typesupport_introspection_cpp
[2.046s] [ 27%] Built target marvelmind_ros2_msgs__rosidl_typesupport_cpp
[2.046s] [ 37%] Built target marvelmind_ros2_msgs__rosidl_typesupport_microxrcedds_c
[2.047s] [ 55%] Built target marvelmind_ros2_msgs__rosidl_typesupport_fastrtps_cpp
[2.047s] [ 56%] Built target marvelmind_ros2_msgs__rosidl_typesupport_microxrcedds_cpp
[2.047s] [ 66%] Built target marvelmind_ros2_msgs__rosidl_typesupport_introspection_c
[2.047s] [ 75%] Built target marvelmind_ros2_msgs__rosidl_typesupport_c
[2.047s] [ 84%] Built target marvelmind_ros2_msgs__rosidl_typesupport_fastrtps_c
[2.047s] [ 84%] Built target marvelmind_ros2_msgs
[2.048s] [ 85%] Built target marvelmind_ros2_msgs__py
[2.048s] [ 94%] Built target marvelmind_ros2_msgs__python
[2.048s] [ 95%] Built target marvelmind_ros2_msgs__rosidl_typesupport_microxrcedds_c__pyext
[2.048s] [ 97%] Built target marvelmind_ros2_msgs__rosidl_typesupport_fastrtps_c__pyext
[2.048s] [ 98%] Built target marvelmind_ros2_msgs__rosidl_typesupport_introspection_c__pyext
[2.048s] [100%] Built target marvelmind_ros2_msgs__rosidl_typesupport_c__pyext
[2.053s] Invoked command in '/home/coderey/ros2_ws/build/marvelmind_ros2_msgs' returned '0': CMAKE_PREFIX_PATH=${CMAKE_PREFIX_PATH}:/home/coderey/ros2_ws/install/swisscat_robot:/home/coderey/ros2_ws/install/nav2_gps_waypoint_follower_demo:/home/coderey/ros2_ws/install/mob_rob_loca:/home/coderey/ros2_ws/install/bno055:/home/coderey/microros_ws/install/sensor_msgs_py:/opt/ros/galactic /usr/bin/cmake --build /home/coderey/ros2_ws/build/marvelmind_ros2_msgs -- -j8 -l8
[4.001s] Invoking command in '/home/coderey/ros2_ws/build/marvelmind_ros2_msgs': CMAKE_PREFIX_PATH=${CMAKE_PREFIX_PATH}:/home/coderey/ros2_ws/install/swisscat_robot:/home/coderey/ros2_ws/install/nav2_gps_waypoint_follower_demo:/home/coderey/ros2_ws/install/mob_rob_loca:/home/coderey/ros2_ws/install/bno055:/home/coderey/microros_ws/install/sensor_msgs_py:/opt/ros/galactic /usr/bin/cmake --install /home/coderey/ros2_ws/build/marvelmind_ros2_msgs
[4.014s] -- Install configuration: ""
[4.014s] -- Up-to-date: /home/coderey/ros2_ws/install/marvelmind_ros2_msgs/share/ament_index/resource_index/rosidl_interfaces/marvelmind_ros2_msgs
[4.014s] -- Up-to-date: /home/coderey/ros2_ws/install/marvelmind_ros2_msgs/include/marvelmind_ros2_msgs
[4.014s] -- Up-to-date: /home/coderey/ros2_ws/install/marvelmind_ros2_msgs/include/marvelmind_ros2_msgs/srv
[4.015s] -- Up-to-date: /home/coderey/ros2_ws/install/marvelmind_ros2_msgs/include/marvelmind_ros2_msgs/srv/marvelmind_api.h
[4.015s] -- Up-to-date: /home/coderey/ros2_ws/install/marvelmind_ros2_msgs/include/marvelmind_ros2_msgs/srv/detail
[4.015s] -- Up-to-date: /home/coderey/ros2_ws/install/marvelmind_ros2_msgs/include/marvelmind_ros2_msgs/srv/detail/marvelmind_api__functions.c
[4.015s] -- Up-to-date: /home/coderey/ros2_ws/install/marvelmind_ros2_msgs/include/marvelmind_ros2_msgs/srv/detail/marvelmind_api__type_support.h
[4.015s] -- Up-to-date: /home/coderey/ros2_ws/install/marvelmind_ros2_msgs/include/marvelmind_ros2_msgs/srv/detail/marvelmind_api__struct.h
[4.015s] -- Up-to-date: /home/coderey/ros2_ws/install/marvelmind_ros2_msgs/include/marvelmind_ros2_msgs/srv/detail/marvelmind_api__functions.h
[4.015s] -- Up-to-date: /home/coderey/ros2_ws/install/marvelmind_ros2_msgs/include/marvelmind_ros2_msgs/msg
[4.015s] -- Up-to-date: /home/coderey/ros2_ws/install/marvelmind_ros2_msgs/include/marvelmind_ros2_msgs/msg/hedge_imu_fusion.h
[4.016s] -- Up-to-date: /home/coderey/ros2_ws/install/marvelmind_ros2_msgs/include/marvelmind_ros2_msgs/msg/hedge_quality.h
[4.016s] -- Up-to-date: /home/coderey/ros2_ws/install/marvelmind_ros2_msgs/include/marvelmind_ros2_msgs/msg/hedge_position_addressed.h
[4.016s] -- Up-to-date: /home/coderey/ros2_ws/install/marvelmind_ros2_msgs/include/marvelmind_ros2_msgs/msg/beacon_distance.h
[4.016s] -- Up-to-date: /home/coderey/ros2_ws/install/marvelmind_ros2_msgs/include/marvelmind_ros2_msgs/msg/beacon_position_addressed.h
[4.016s] -- Up-to-date: /home/coderey/ros2_ws/install/marvelmind_ros2_msgs/include/marvelmind_ros2_msgs/msg/rosidl_generator_c__visibility_control.h
[4.016s] -- Up-to-date: /home/coderey/ros2_ws/install/marvelmind_ros2_msgs/include/marvelmind_ros2_msgs/msg/marvelmind_waypoint.h
[4.016s] -- Up-to-date: /home/coderey/ros2_ws/install/marvelmind_ros2_msgs/include/marvelmind_ros2_msgs/msg/marvelmind_user_data.h
[4.016s] -- Up-to-date: /home/coderey/ros2_ws/install/marvelmind_ros2_msgs/include/marvelmind_ros2_msgs/msg/hedge_position_angle.h
[4.016s] -- Up-to-date: /home/coderey/ros2_ws/install/marvelmind_ros2_msgs/include/marvelmind_ros2_msgs/msg/hedge_telemetry.h
[4.016s] -- Up-to-date: /home/coderey/ros2_ws/install/marvelmind_ros2_msgs/include/marvelmind_ros2_msgs/msg/hedge_imu_raw.h
[4.016s] -- Up-to-date: /home/coderey/ros2_ws/install/marvelmind_ros2_msgs/include/marvelmind_ros2_msgs/msg/hedge_position.h
[4.017s] -- Up-to-date: /home/coderey/ros2_ws/install/marvelmind_ros2_msgs/include/marvelmind_ros2_msgs/msg/detail
[4.017s] -- Up-to-date: /home/coderey/ros2_ws/install/marvelmind_ros2_msgs/include/marvelmind_ros2_msgs/msg/detail/hedge_imu_fusion__functions.h
[4.017s] -- Up-to-date: /home/coderey/ros2_ws/install/marvelmind_ros2_msgs/include/marvelmind_ros2_msgs/msg/detail/hedge_imu_fusion__functions.c
[4.017s] -- Up-to-date: /home/coderey/ros2_ws/install/marvelmind_ros2_msgs/include/marvelmind_ros2_msgs/msg/detail/hedge_quality__struct.h
[4.017s] -- Up-to-date: /home/coderey/ros2_ws/install/marvelmind_ros2_msgs/include/marvelmind_ros2_msgs/msg/detail/hedge_position_addressed__type_support.h
[4.017s] -- Up-to-date: /home/coderey/ros2_ws/install/marvelmind_ros2_msgs/include/marvelmind_ros2_msgs/msg/detail/hedge_quality__functions.h
[4.017s] -- Up-to-date: /home/coderey/ros2_ws/install/marvelmind_ros2_msgs/include/marvelmind_ros2_msgs/msg/detail/hedge_position_angle__functions.c
[4.017s] -- Up-to-date: /home/coderey/ros2_ws/install/marvelmind_ros2_msgs/include/marvelmind_ros2_msgs/msg/detail/beacon_position_addressed__type_support.h
[4.017s] -- Up-to-date: /home/coderey/ros2_ws/install/marvelmind_ros2_msgs/include/marvelmind_ros2_msgs/msg/detail/hedge_position_angle__type_support.h
[4.017s] -- Up-to-date: /home/coderey/ros2_ws/install/marvelmind_ros2_msgs/include/marvelmind_ros2_msgs/msg/detail/hedge_position__functions.h
[4.017s] -- Up-to-date: /home/coderey/ros2_ws/install/marvelmind_ros2_msgs/include/marvelmind_ros2_msgs/msg/detail/hedge_quality__type_support.h
[4.018s] -- Up-to-date: /home/coderey/ros2_ws/install/marvelmind_ros2_msgs/include/marvelmind_ros2_msgs/msg/detail/hedge_imu_fusion__struct.h
[4.018s] -- Up-to-date: /home/coderey/ros2_ws/install/marvelmind_ros2_msgs/include/marvelmind_ros2_msgs/msg/detail/hedge_position_angle__struct.h
[4.018s] -- Up-to-date: /home/coderey/ros2_ws/install/marvelmind_ros2_msgs/include/marvelmind_ros2_msgs/msg/detail/hedge_imu_fusion__type_support.h
[4.018s] -- Up-to-date: /home/coderey/ros2_ws/install/marvelmind_ros2_msgs/include/marvelmind_ros2_msgs/msg/detail/hedge_telemetry__functions.c
[4.018s] -- Up-to-date: /home/coderey/ros2_ws/install/marvelmind_ros2_msgs/include/marvelmind_ros2_msgs/msg/detail/beacon_distance__functions.c
[4.018s] -- Up-to-date: /home/coderey/ros2_ws/install/marvelmind_ros2_msgs/include/marvelmind_ros2_msgs/msg/detail/hedge_imu_raw__struct.h
[4.018s] -- Up-to-date: /home/coderey/ros2_ws/install/marvelmind_ros2_msgs/include/marvelmind_ros2_msgs/msg/detail/hedge_telemetry__struct.h
[4.018s] -- Up-to-date: /home/coderey/ros2_ws/install/marvelmind_ros2_msgs/include/marvelmind_ros2_msgs/msg/detail/marvelmind_user_data__functions.c
[4.018s] -- Up-to-date: /home/coderey/ros2_ws/install/marvelmind_ros2_msgs/include/marvelmind_ros2_msgs/msg/detail/hedge_position_addressed__functions.h
[4.018s] -- Up-to-date: /home/coderey/ros2_ws/install/marvelmind_ros2_msgs/include/marvelmind_ros2_msgs/msg/detail/marvelmind_user_data__type_support.h
[4.018s] -- Up-to-date: /home/coderey/ros2_ws/install/marvelmind_ros2_msgs/include/marvelmind_ros2_msgs/msg/detail/marvelmind_user_data__struct.h
[4.019s] -- Up-to-date: /home/coderey/ros2_ws/install/marvelmind_ros2_msgs/include/marvelmind_ros2_msgs/msg/detail/beacon_distance__functions.h
[4.019s] -- Up-to-date: /home/coderey/ros2_ws/install/marvelmind_ros2_msgs/include/marvelmind_ros2_msgs/msg/detail/hedge_position__type_support.h
[4.019s] -- Up-to-date: /home/coderey/ros2_ws/install/marvelmind_ros2_msgs/include/marvelmind_ros2_msgs/msg/detail/marvelmind_waypoint__struct.h
[4.020s] -- Up-to-date: /home/coderey/ros2_ws/install/marvelmind_ros2_msgs/include/marvelmind_ros2_msgs/msg/detail/beacon_position_addressed__functions.c
[4.020s] -- Up-to-date: /home/coderey/ros2_ws/install/marvelmind_ros2_msgs/include/marvelmind_ros2_msgs/msg/detail/marvelmind_waypoint__functions.c
[4.020s] -- Up-to-date: /home/coderey/ros2_ws/install/marvelmind_ros2_msgs/include/marvelmind_ros2_msgs/msg/detail/hedge_telemetry__functions.h
[4.021s] -- Up-to-date: /home/coderey/ros2_ws/install/marvelmind_ros2_msgs/include/marvelmind_ros2_msgs/msg/detail/hedge_position_angle__functions.h
[4.021s] -- Up-to-date: /home/coderey/ros2_ws/install/marvelmind_ros2_msgs/include/marvelmind_ros2_msgs/msg/detail/hedge_telemetry__type_support.h
[4.022s] -- Up-to-date: /home/coderey/ros2_ws/install/marvelmind_ros2_msgs/include/marvelmind_ros2_msgs/msg/detail/hedge_position_addressed__struct.h
[4.022s] -- Up-to-date: /home/coderey/ros2_ws/install/marvelmind_ros2_msgs/include/marvelmind_ros2_msgs/msg/detail/marvelmind_user_data__functions.h
[4.022s] -- Up-to-date: /home/coderey/ros2_ws/install/marvelmind_ros2_msgs/include/marvelmind_ros2_msgs/msg/detail/marvelmind_waypoint__functions.h
[4.022s] -- Up-to-date: /home/coderey/ros2_ws/install/marvelmind_ros2_msgs/include/marvelmind_ros2_msgs/msg/detail/hedge_position__struct.h
[4.022s] -- Up-to-date: /home/coderey/ros2_ws/install/marvelmind_ros2_msgs/include/marvelmind_ros2_msgs/msg/detail/hedge_position__functions.c
[4.023s] -- Up-to-date: /home/coderey/ros2_ws/install/marvelmind_ros2_msgs/include/marvelmind_ros2_msgs/msg/detail/beacon_position_addressed__functions.h
[4.023s] -- Up-to-date: /home/coderey/ros2_ws/install/marvelmind_ros2_msgs/include/marvelmind_ros2_msgs/msg/detail/beacon_distance__type_support.h
[4.023s] -- Up-to-date: /home/coderey/ros2_ws/install/marvelmind_ros2_msgs/include/marvelmind_ros2_msgs/msg/detail/hedge_imu_raw__functions.h
[4.023s] -- Up-to-date: /home/coderey/ros2_ws/install/marvelmind_ros2_msgs/include/marvelmind_ros2_msgs/msg/detail/hedge_position_addressed__functions.c
[4.023s] -- Up-to-date: /home/coderey/ros2_ws/install/marvelmind_ros2_msgs/include/marvelmind_ros2_msgs/msg/detail/beacon_position_addressed__struct.h
[4.024s] -- Up-to-date: /home/coderey/ros2_ws/install/marvelmind_ros2_msgs/include/marvelmind_ros2_msgs/msg/detail/beacon_distance__struct.h
[4.024s] -- Up-to-date: /home/coderey/ros2_ws/install/marvelmind_ros2_msgs/include/marvelmind_ros2_msgs/msg/detail/hedge_imu_raw__functions.c
[4.024s] -- Up-to-date: /home/coderey/ros2_ws/install/marvelmind_ros2_msgs/include/marvelmind_ros2_msgs/msg/detail/hedge_quality__functions.c
[4.025s] -- Up-to-date: /home/coderey/ros2_ws/install/marvelmind_ros2_msgs/include/marvelmind_ros2_msgs/msg/detail/marvelmind_waypoint__type_support.h
[4.025s] -- Up-to-date: /home/coderey/ros2_ws/install/marvelmind_ros2_msgs/include/marvelmind_ros2_msgs/msg/detail/hedge_imu_raw__type_support.h
[4.025s] -- Up-to-date: /home/coderey/ros2_ws/install/marvelmind_ros2_msgs/share/marvelmind_ros2_msgs/environment/library_path.sh
[4.025s] -- Up-to-date: /home/coderey/ros2_ws/install/marvelmind_ros2_msgs/share/marvelmind_ros2_msgs/environment/library_path.dsv
[4.025s] -- Up-to-date: /home/coderey/ros2_ws/install/marvelmind_ros2_msgs/lib/libmarvelmind_ros2_msgs__rosidl_generator_c.so
[4.025s] -- Up-to-date: /home/coderey/ros2_ws/install/marvelmind_ros2_msgs/include/marvelmind_ros2_msgs
[4.025s] -- Up-to-date: /home/coderey/ros2_ws/install/marvelmind_ros2_msgs/include/marvelmind_ros2_msgs/srv
[4.025s] -- Up-to-date: /home/coderey/ros2_ws/install/marvelmind_ros2_msgs/include/marvelmind_ros2_msgs/srv/detail
[4.027s] -- Up-to-date: /home/coderey/ros2_ws/install/marvelmind_ros2_msgs/include/marvelmind_ros2_msgs/srv/detail/marvelmind_api__rosidl_typesupport_microxrcedds_c.h
[4.028s] -- Up-to-date: /home/coderey/ros2_ws/install/marvelmind_ros2_msgs/include/marvelmind_ros2_msgs/srv/detail/microxrcedds
[4.029s] -- Up-to-date: /home/coderey/ros2_ws/install/marvelmind_ros2_msgs/include/marvelmind_ros2_msgs/msg
[4.029s] -- Up-to-date: /home/coderey/ros2_ws/install/marvelmind_ros2_msgs/include/marvelmind_ros2_msgs/msg/rosidl_typesupport_microxrcedds_c__visibility_control.h
[4.029s] -- Up-to-date: /home/coderey/ros2_ws/install/marvelmind_ros2_msgs/include/marvelmind_ros2_msgs/msg/detail
[4.035s] -- Up-to-date: /home/coderey/ros2_ws/install/marvelmind_ros2_msgs/include/marvelmind_ros2_msgs/msg/detail/hedge_imu_fusion__rosidl_typesupport_microxrcedds_c.h
[4.036s] -- Up-to-date: /home/coderey/ros2_ws/install/marvelmind_ros2_msgs/include/marvelmind_ros2_msgs/msg/detail/marvelmind_waypoint__rosidl_typesupport_microxrcedds_c.h
[4.037s] -- Up-to-date: /home/coderey/ros2_ws/install/marvelmind_ros2_msgs/include/marvelmind_ros2_msgs/msg/detail/hedge_imu_raw__rosidl_typesupport_microxrcedds_c.h
[4.038s] -- Up-to-date: /home/coderey/ros2_ws/install/marvelmind_ros2_msgs/include/marvelmind_ros2_msgs/msg/detail/hedge_position_angle__rosidl_typesupport_microxrcedds_c.h
[4.038s] -- Up-to-date: /home/coderey/ros2_ws/install/marvelmind_ros2_msgs/include/marvelmind_ros2_msgs/msg/detail/hedge_quality__rosidl_typesupport_microxrcedds_c.h
[4.038s] -- Up-to-date: /home/coderey/ros2_ws/install/marvelmind_ros2_msgs/include/marvelmind_ros2_msgs/msg/detail/microxrcedds
[4.039s] -- Up-to-date: /home/coderey/ros2_ws/install/marvelmind_ros2_msgs/include/marvelmind_ros2_msgs/msg/detail/hedge_position_addressed__rosidl_typesupport_microxrcedds_c.h
[4.039s] -- Up-to-date: /home/coderey/ros2_ws/install/marvelmind_ros2_msgs/include/marvelmind_ros2_msgs/msg/detail/hedge_telemetry__rosidl_typesupport_microxrcedds_c.h
[4.040s] -- Up-to-date: /home/coderey/ros2_ws/install/marvelmind_ros2_msgs/include/marvelmind_ros2_msgs/msg/detail/hedge_position__rosidl_typesupport_microxrcedds_c.h
[4.040s] -- Up-to-date: /home/coderey/ros2_ws/install/marvelmind_ros2_msgs/include/marvelmind_ros2_msgs/msg/detail/marvelmind_user_data__rosidl_typesupport_microxrcedds_c.h
[4.040s] -- Up-to-date: /home/coderey/ros2_ws/install/marvelmind_ros2_msgs/include/marvelmind_ros2_msgs/msg/detail/beacon_position_addressed__rosidl_typesupport_microxrcedds_c.h
[4.040s] -- Up-to-date: /home/coderey/ros2_ws/install/marvelmind_ros2_msgs/include/marvelmind_ros2_msgs/msg/detail/beacon_distance__rosidl_typesupport_microxrcedds_c.h
[4.040s] -- Up-to-date: /home/coderey/ros2_ws/install/marvelmind_ros2_msgs/lib/libmarvelmind_ros2_msgs__rosidl_typesupport_microxrcedds_c.so
[4.041s] -- Up-to-date: /home/coderey/ros2_ws/install/marvelmind_ros2_msgs/include/marvelmind_ros2_msgs
[4.041s] -- Up-to-date: /home/coderey/ros2_ws/install/marvelmind_ros2_msgs/include/marvelmind_ros2_msgs/srv
[4.041s] -- Up-to-date: /home/coderey/ros2_ws/install/marvelmind_ros2_msgs/include/marvelmind_ros2_msgs/srv/detail
[4.041s] -- Up-to-date: /home/coderey/ros2_ws/install/marvelmind_ros2_msgs/include/marvelmind_ros2_msgs/srv/detail/marvelmind_api__rosidl_typesupport_fastrtps_c.h
[4.041s] -- Up-to-date: /home/coderey/ros2_ws/install/marvelmind_ros2_msgs/include/marvelmind_ros2_msgs/msg
[4.041s] -- Up-to-date: /home/coderey/ros2_ws/install/marvelmind_ros2_msgs/include/marvelmind_ros2_msgs/msg/rosidl_typesupport_fastrtps_c__visibility_control.h
[4.042s] -- Up-to-date: /home/coderey/ros2_ws/install/marvelmind_ros2_msgs/include/marvelmind_ros2_msgs/msg/detail
[4.042s] -- Up-to-date: /home/coderey/ros2_ws/install/marvelmind_ros2_msgs/include/marvelmind_ros2_msgs/msg/detail/hedge_telemetry__rosidl_typesupport_fastrtps_c.h
[4.042s] -- Up-to-date: /home/coderey/ros2_ws/install/marvelmind_ros2_msgs/include/marvelmind_ros2_msgs/msg/detail/beacon_distance__rosidl_typesupport_fastrtps_c.h
[4.042s] -- Up-to-date: /home/coderey/ros2_ws/install/marvelmind_ros2_msgs/include/marvelmind_ros2_msgs/msg/detail/marvelmind_user_data__rosidl_typesupport_fastrtps_c.h
[4.042s] -- Up-to-date: /home/coderey/ros2_ws/install/marvelmind_ros2_msgs/include/marvelmind_ros2_msgs/msg/detail/hedge_position_addressed__rosidl_typesupport_fastrtps_c.h
[4.043s] -- Up-to-date: /home/coderey/ros2_ws/install/marvelmind_ros2_msgs/include/marvelmind_ros2_msgs/msg/detail/hedge_position__rosidl_typesupport_fastrtps_c.h
[4.043s] -- Up-to-date: /home/coderey/ros2_ws/install/marvelmind_ros2_msgs/include/marvelmind_ros2_msgs/msg/detail/hedge_quality__rosidl_typesupport_fastrtps_c.h
[4.043s] -- Up-to-date: /home/coderey/ros2_ws/install/marvelmind_ros2_msgs/include/marvelmind_ros2_msgs/msg/detail/beacon_position_addressed__rosidl_typesupport_fastrtps_c.h
[4.043s] -- Up-to-date: /home/coderey/ros2_ws/install/marvelmind_ros2_msgs/include/marvelmind_ros2_msgs/msg/detail/marvelmind_waypoint__rosidl_typesupport_fastrtps_c.h
[4.043s] -- Up-to-date: /home/coderey/ros2_ws/install/marvelmind_ros2_msgs/include/marvelmind_ros2_msgs/msg/detail/hedge_position_angle__rosidl_typesupport_fastrtps_c.h
[4.043s] -- Up-to-date: /home/coderey/ros2_ws/install/marvelmind_ros2_msgs/include/marvelmind_ros2_msgs/msg/detail/hedge_imu_fusion__rosidl_typesupport_fastrtps_c.h
[4.043s] -- Up-to-date: /home/coderey/ros2_ws/install/marvelmind_ros2_msgs/include/marvelmind_ros2_msgs/msg/detail/hedge_imu_raw__rosidl_typesupport_fastrtps_c.h
[4.044s] -- Up-to-date: /home/coderey/ros2_ws/install/marvelmind_ros2_msgs/lib/libmarvelmind_ros2_msgs__rosidl_typesupport_fastrtps_c.so
[4.044s] -- Up-to-date: /home/coderey/ros2_ws/install/marvelmind_ros2_msgs/include/marvelmind_ros2_msgs
[4.044s] -- Up-to-date: /home/coderey/ros2_ws/install/marvelmind_ros2_msgs/include/marvelmind_ros2_msgs/srv
[4.044s] -- Up-to-date: /home/coderey/ros2_ws/install/marvelmind_ros2_msgs/include/marvelmind_ros2_msgs/srv/detail
[4.045s] -- Up-to-date: /home/coderey/ros2_ws/install/marvelmind_ros2_msgs/include/marvelmind_ros2_msgs/srv/detail/dds_fastrtps
[4.045s] -- Up-to-date: /home/coderey/ros2_ws/install/marvelmind_ros2_msgs/include/marvelmind_ros2_msgs/srv/detail/marvelmind_api__rosidl_typesupport_fastrtps_cpp.hpp
[4.045s] -- Up-to-date: /home/coderey/ros2_ws/install/marvelmind_ros2_msgs/include/marvelmind_ros2_msgs/msg
[4.045s] -- Up-to-date: /home/coderey/ros2_ws/install/marvelmind_ros2_msgs/include/marvelmind_ros2_msgs/msg/detail
[4.046s] -- Up-to-date: /home/coderey/ros2_ws/install/marvelmind_ros2_msgs/include/marvelmind_ros2_msgs/msg/detail/hedge_position_angle__rosidl_typesupport_fastrtps_cpp.hpp
[4.046s] -- Up-to-date: /home/coderey/ros2_ws/install/marvelmind_ros2_msgs/include/marvelmind_ros2_msgs/msg/detail/marvelmind_waypoint__rosidl_typesupport_fastrtps_cpp.hpp
[4.046s] -- Up-to-date: /home/coderey/ros2_ws/install/marvelmind_ros2_msgs/include/marvelmind_ros2_msgs/msg/detail/marvelmind_user_data__rosidl_typesupport_fastrtps_cpp.hpp
[4.046s] -- Up-to-date: /home/coderey/ros2_ws/install/marvelmind_ros2_msgs/include/marvelmind_ros2_msgs/msg/detail/hedge_quality__rosidl_typesupport_fastrtps_cpp.hpp
[4.046s] -- Up-to-date: /home/coderey/ros2_ws/install/marvelmind_ros2_msgs/include/marvelmind_ros2_msgs/msg/detail/dds_fastrtps
[4.046s] -- Up-to-date: /home/coderey/ros2_ws/install/marvelmind_ros2_msgs/include/marvelmind_ros2_msgs/msg/detail/hedge_imu_raw__rosidl_typesupport_fastrtps_cpp.hpp
[4.046s] -- Up-to-date: /home/coderey/ros2_ws/install/marvelmind_ros2_msgs/include/marvelmind_ros2_msgs/msg/detail/hedge_position__rosidl_typesupport_fastrtps_cpp.hpp
[4.047s] -- Up-to-date: /home/coderey/ros2_ws/install/marvelmind_ros2_msgs/include/marvelmind_ros2_msgs/msg/detail/hedge_position_addressed__rosidl_typesupport_fastrtps_cpp.hpp
[4.048s] -- Up-to-date: /home/coderey/ros2_ws/install/marvelmind_ros2_msgs/include/marvelmind_ros2_msgs/msg/detail/hedge_telemetry__rosidl_typesupport_fastrtps_cpp.hpp
[4.048s] -- Up-to-date: /home/coderey/ros2_ws/install/marvelmind_ros2_msgs/include/marvelmind_ros2_msgs/msg/detail/beacon_position_addressed__rosidl_typesupport_fastrtps_cpp.hpp
[4.048s] -- Up-to-date: /home/coderey/ros2_ws/install/marvelmind_ros2_msgs/include/marvelmind_ros2_msgs/msg/detail/beacon_distance__rosidl_typesupport_fastrtps_cpp.hpp
[4.049s] -- Up-to-date: /home/coderey/ros2_ws/install/marvelmind_ros2_msgs/include/marvelmind_ros2_msgs/msg/detail/hedge_imu_fusion__rosidl_typesupport_fastrtps_cpp.hpp
[4.049s] -- Up-to-date: /home/coderey/ros2_ws/install/marvelmind_ros2_msgs/include/marvelmind_ros2_msgs/msg/rosidl_typesupport_fastrtps_cpp__visibility_control.h
[4.049s] -- Up-to-date: /home/coderey/ros2_ws/install/marvelmind_ros2_msgs/lib/libmarvelmind_ros2_msgs__rosidl_typesupport_fastrtps_cpp.so
[4.049s] -- Up-to-date: /home/coderey/ros2_ws/install/marvelmind_ros2_msgs/include/marvelmind_ros2_msgs
[4.049s] -- Up-to-date: /home/coderey/ros2_ws/install/marvelmind_ros2_msgs/include/marvelmind_ros2_msgs/srv
[4.049s] -- Up-to-date: /home/coderey/ros2_ws/install/marvelmind_ros2_msgs/include/marvelmind_ros2_msgs/srv/detail
[4.050s] -- Up-to-date: /home/coderey/ros2_ws/install/marvelmind_ros2_msgs/include/marvelmind_ros2_msgs/srv/detail/marvelmind_api__type_support.c
[4.050s] -- Up-to-date: /home/coderey/ros2_ws/install/marvelmind_ros2_msgs/include/marvelmind_ros2_msgs/srv/detail/marvelmind_api__rosidl_typesupport_introspection_c.h
[4.050s] -- Up-to-date: /home/coderey/ros2_ws/install/marvelmind_ros2_msgs/include/marvelmind_ros2_msgs/msg
[4.050s] -- Up-to-date: /home/coderey/ros2_ws/install/marvelmind_ros2_msgs/include/marvelmind_ros2_msgs/msg/rosidl_typesupport_introspection_c__visibility_control.h
[4.052s] -- Up-to-date: /home/coderey/ros2_ws/install/marvelmind_ros2_msgs/include/marvelmind_ros2_msgs/msg/detail
[4.052s] -- Up-to-date: /home/coderey/ros2_ws/install/marvelmind_ros2_msgs/include/marvelmind_ros2_msgs/msg/detail/hedge_quality__rosidl_typesupport_introspection_c.h
[4.052s] -- Up-to-date: /home/coderey/ros2_ws/install/marvelmind_ros2_msgs/include/marvelmind_ros2_msgs/msg/detail/hedge_quality__type_support.c
[4.053s] -- Up-to-date: /home/coderey/ros2_ws/install/marvelmind_ros2_msgs/include/marvelmind_ros2_msgs/msg/detail/beacon_position_addressed__type_support.c
[4.053s] -- Up-to-date: /home/coderey/ros2_ws/install/marvelmind_ros2_msgs/include/marvelmind_ros2_msgs/msg/detail/beacon_position_addressed__rosidl_typesupport_introspection_c.h
[4.054s] -- Up-to-date: /home/coderey/ros2_ws/install/marvelmind_ros2_msgs/include/marvelmind_ros2_msgs/msg/detail/hedge_position_angle__rosidl_typesupport_introspection_c.h
[4.054s] -- Up-to-date: /home/coderey/ros2_ws/install/marvelmind_ros2_msgs/include/marvelmind_ros2_msgs/msg/detail/marvelmind_waypoint__type_support.c
[4.055s] -- Up-to-date: /home/coderey/ros2_ws/install/marvelmind_ros2_msgs/include/marvelmind_ros2_msgs/msg/detail/hedge_telemetry__type_support.c
[4.055s] -- Up-to-date: /home/coderey/ros2_ws/install/marvelmind_ros2_msgs/include/marvelmind_ros2_msgs/msg/detail/hedge_imu_raw__rosidl_typesupport_introspection_c.h
[4.055s] -- Up-to-date: /home/coderey/ros2_ws/install/marvelmind_ros2_msgs/include/marvelmind_ros2_msgs/msg/detail/hedge_imu_fusion__rosidl_typesupport_introspection_c.h
[4.056s] -- Up-to-date: /home/coderey/ros2_ws/install/marvelmind_ros2_msgs/include/marvelmind_ros2_msgs/msg/detail/hedge_imu_fusion__type_support.c
[4.056s] -- Up-to-date: /home/coderey/ros2_ws/install/marvelmind_ros2_msgs/include/marvelmind_ros2_msgs/msg/detail/marvelmind_waypoint__rosidl_typesupport_introspection_c.h
[4.056s] -- Up-to-date: /home/coderey/ros2_ws/install/marvelmind_ros2_msgs/include/marvelmind_ros2_msgs/msg/detail/beacon_distance__rosidl_typesupport_introspection_c.h
[4.056s] -- Up-to-date: /home/coderey/ros2_ws/install/marvelmind_ros2_msgs/include/marvelmind_ros2_msgs/msg/detail/hedge_position_angle__type_support.c
[4.056s] -- Up-to-date: /home/coderey/ros2_ws/install/marvelmind_ros2_msgs/include/marvelmind_ros2_msgs/msg/detail/marvelmind_user_data__type_support.c
[4.056s] -- Up-to-date: /home/coderey/ros2_ws/install/marvelmind_ros2_msgs/include/marvelmind_ros2_msgs/msg/detail/hedge_position_addressed__type_support.c
[4.056s] -- Up-to-date: /home/coderey/ros2_ws/install/marvelmind_ros2_msgs/include/marvelmind_ros2_msgs/msg/detail/hedge_position__type_support.c
[4.056s] -- Up-to-date: /home/coderey/ros2_ws/install/marvelmind_ros2_msgs/include/marvelmind_ros2_msgs/msg/detail/hedge_telemetry__rosidl_typesupport_introspection_c.h
[4.056s] -- Up-to-date: /home/coderey/ros2_ws/install/marvelmind_ros2_msgs/include/marvelmind_ros2_msgs/msg/detail/hedge_position_addressed__rosidl_typesupport_introspection_c.h
[4.057s] -- Up-to-date: /home/coderey/ros2_ws/install/marvelmind_ros2_msgs/include/marvelmind_ros2_msgs/msg/detail/hedge_position__rosidl_typesupport_introspection_c.h
[4.057s] -- Up-to-date: /home/coderey/ros2_ws/install/marvelmind_ros2_msgs/include/marvelmind_ros2_msgs/msg/detail/beacon_distance__type_support.c
[4.057s] -- Up-to-date: /home/coderey/ros2_ws/install/marvelmind_ros2_msgs/include/marvelmind_ros2_msgs/msg/detail/marvelmind_user_data__rosidl_typesupport_introspection_c.h
[4.057s] -- Up-to-date: /home/coderey/ros2_ws/install/marvelmind_ros2_msgs/include/marvelmind_ros2_msgs/msg/detail/hedge_imu_raw__type_support.c
[4.057s] -- Up-to-date: /home/coderey/ros2_ws/install/marvelmind_ros2_msgs/lib/libmarvelmind_ros2_msgs__rosidl_typesupport_introspection_c.so
[4.057s] -- Up-to-date: /home/coderey/ros2_ws/install/marvelmind_ros2_msgs/lib/libmarvelmind_ros2_msgs__rosidl_typesupport_c.so
[4.057s] -- Up-to-date: /home/coderey/ros2_ws/install/marvelmind_ros2_msgs/include/marvelmind_ros2_msgs
[4.057s] -- Up-to-date: /home/coderey/ros2_ws/install/marvelmind_ros2_msgs/include/marvelmind_ros2_msgs/srv
[4.057s] -- Up-to-date: /home/coderey/ros2_ws/install/marvelmind_ros2_msgs/include/marvelmind_ros2_msgs/srv/marvelmind_api.hpp
[4.057s] -- Up-to-date: /home/coderey/ros2_ws/install/marvelmind_ros2_msgs/include/marvelmind_ros2_msgs/srv/detail
[4.058s] -- Up-to-date: /home/coderey/ros2_ws/install/marvelmind_ros2_msgs/include/marvelmind_ros2_msgs/srv/detail/marvelmind_api__traits.hpp
[4.058s] -- Up-to-date: /home/coderey/ros2_ws/install/marvelmind_ros2_msgs/include/marvelmind_ros2_msgs/srv/detail/marvelmind_api__builder.hpp
[4.058s] -- Up-to-date: /home/coderey/ros2_ws/install/marvelmind_ros2_msgs/include/marvelmind_ros2_msgs/srv/detail/marvelmind_api__struct.hpp
[4.058s] -- Up-to-date: /home/coderey/ros2_ws/install/marvelmind_ros2_msgs/include/marvelmind_ros2_msgs/msg
[4.059s] -- Up-to-date: /home/coderey/ros2_ws/install/marvelmind_ros2_msgs/include/marvelmind_ros2_msgs/msg/marvelmind_user_data.hpp
[4.060s] -- Up-to-date: /home/coderey/ros2_ws/install/marvelmind_ros2_msgs/include/marvelmind_ros2_msgs/msg/hedge_quality.hpp
[4.060s] -- Up-to-date: /home/coderey/ros2_ws/install/marvelmind_ros2_msgs/include/marvelmind_ros2_msgs/msg/hedge_position_angle.hpp
[4.060s] -- Up-to-date: /home/coderey/ros2_ws/install/marvelmind_ros2_msgs/include/marvelmind_ros2_msgs/msg/hedge_position.hpp
[4.061s] -- Up-to-date: /home/coderey/ros2_ws/install/marvelmind_ros2_msgs/include/marvelmind_ros2_msgs/msg/hedge_imu_raw.hpp
[4.061s] -- Up-to-date: /home/coderey/ros2_ws/install/marvelmind_ros2_msgs/include/marvelmind_ros2_msgs/msg/beacon_position_addressed.hpp
[4.061s] -- Up-to-date: /home/coderey/ros2_ws/install/marvelmind_ros2_msgs/include/marvelmind_ros2_msgs/msg/hedge_telemetry.hpp
[4.061s] -- Up-to-date: /home/coderey/ros2_ws/install/marvelmind_ros2_msgs/include/marvelmind_ros2_msgs/msg/marvelmind_waypoint.hpp
[4.061s] -- Up-to-date: /home/coderey/ros2_ws/install/marvelmind_ros2_msgs/include/marvelmind_ros2_msgs/msg/hedge_imu_fusion.hpp
[4.061s] -- Up-to-date: /home/coderey/ros2_ws/install/marvelmind_ros2_msgs/include/marvelmind_ros2_msgs/msg/detail
[4.061s] -- Up-to-date: /home/coderey/ros2_ws/install/marvelmind_ros2_msgs/include/marvelmind_ros2_msgs/msg/detail/marvelmind_user_data__builder.hpp
[4.061s] -- Up-to-date: /home/coderey/ros2_ws/install/marvelmind_ros2_msgs/include/marvelmind_ros2_msgs/msg/detail/hedge_imu_fusion__struct.hpp
[4.062s] -- Up-to-date: /home/coderey/ros2_ws/install/marvelmind_ros2_msgs/include/marvelmind_ros2_msgs/msg/detail/hedge_position_addressed__traits.hpp
[4.062s] -- Up-to-date: /home/coderey/ros2_ws/install/marvelmind_ros2_msgs/include/marvelmind_ros2_msgs/msg/detail/hedge_imu_raw__builder.hpp
[4.062s] -- Up-to-date: /home/coderey/ros2_ws/install/marvelmind_ros2_msgs/include/marvelmind_ros2_msgs/msg/detail/hedge_imu_raw__traits.hpp
[4.062s] -- Up-to-date: /home/coderey/ros2_ws/install/marvelmind_ros2_msgs/include/marvelmind_ros2_msgs/msg/detail/hedge_position_addressed__builder.hpp
[4.062s] -- Up-to-date: /home/coderey/ros2_ws/install/marvelmind_ros2_msgs/include/marvelmind_ros2_msgs/msg/detail/hedge_position_angle__struct.hpp
[4.062s] -- Up-to-date: /home/coderey/ros2_ws/install/marvelmind_ros2_msgs/include/marvelmind_ros2_msgs/msg/detail/beacon_position_addressed__struct.hpp
[4.062s] -- Up-to-date: /home/coderey/ros2_ws/install/marvelmind_ros2_msgs/include/marvelmind_ros2_msgs/msg/detail/hedge_telemetry__traits.hpp
[4.063s] -- Up-to-date: /home/coderey/ros2_ws/install/marvelmind_ros2_msgs/include/marvelmind_ros2_msgs/msg/detail/hedge_position__builder.hpp
[4.063s] -- Up-to-date: /home/coderey/ros2_ws/install/marvelmind_ros2_msgs/include/marvelmind_ros2_msgs/msg/detail/beacon_position_addressed__builder.hpp
[4.063s] -- Up-to-date: /home/coderey/ros2_ws/install/marvelmind_ros2_msgs/include/marvelmind_ros2_msgs/msg/detail/beacon_distance__struct.hpp
[4.063s] -- Up-to-date: /home/coderey/ros2_ws/install/marvelmind_ros2_msgs/include/marvelmind_ros2_msgs/msg/detail/hedge_position_angle__traits.hpp
[4.063s] -- Up-to-date: /home/coderey/ros2_ws/install/marvelmind_ros2_msgs/include/marvelmind_ros2_msgs/msg/detail/beacon_position_addressed__traits.hpp
[4.064s] -- Up-to-date: /home/coderey/ros2_ws/install/marvelmind_ros2_msgs/include/marvelmind_ros2_msgs/msg/detail/hedge_imu_fusion__builder.hpp
[4.064s] -- Up-to-date: /home/coderey/ros2_ws/install/marvelmind_ros2_msgs/include/marvelmind_ros2_msgs/msg/detail/hedge_telemetry__struct.hpp
[4.065s] -- Up-to-date: /home/coderey/ros2_ws/install/marvelmind_ros2_msgs/include/marvelmind_ros2_msgs/msg/detail/marvelmind_waypoint__builder.hpp
[4.065s] -- Up-to-date: /home/coderey/ros2_ws/install/marvelmind_ros2_msgs/include/marvelmind_ros2_msgs/msg/detail/hedge_quality__builder.hpp
[4.066s] -- Up-to-date: /home/coderey/ros2_ws/install/marvelmind_ros2_msgs/include/marvelmind_ros2_msgs/msg/detail/marvelmind_waypoint__struct.hpp
[4.066s] -- Up-to-date: /home/coderey/ros2_ws/install/marvelmind_ros2_msgs/include/marvelmind_ros2_msgs/msg/detail/hedge_position__traits.hpp
[4.066s] -- Up-to-date: /home/coderey/ros2_ws/install/marvelmind_ros2_msgs/include/marvelmind_ros2_msgs/msg/detail/hedge_quality__struct.hpp
[4.066s] -- Up-to-date: /home/coderey/ros2_ws/install/marvelmind_ros2_msgs/include/marvelmind_ros2_msgs/msg/detail/hedge_imu_fusion__traits.hpp
[4.066s] -- Up-to-date: /home/coderey/ros2_ws/install/marvelmind_ros2_msgs/include/marvelmind_ros2_msgs/msg/detail/hedge_imu_raw__struct.hpp
[4.066s] -- Up-to-date: /home/coderey/ros2_ws/install/marvelmind_ros2_msgs/include/marvelmind_ros2_msgs/msg/detail/hedge_quality__traits.hpp
[4.066s] -- Up-to-date: /home/coderey/ros2_ws/install/marvelmind_ros2_msgs/include/marvelmind_ros2_msgs/msg/detail/beacon_distance__traits.hpp
[4.067s] -- Up-to-date: /home/coderey/ros2_ws/install/marvelmind_ros2_msgs/include/marvelmind_ros2_msgs/msg/detail/hedge_position_addressed__struct.hpp
[4.072s] -- Up-to-date: /home/coderey/ros2_ws/install/marvelmind_ros2_msgs/include/marvelmind_ros2_msgs/msg/detail/hedge_position_angle__builder.hpp
[4.073s] -- Up-to-date: /home/coderey/ros2_ws/install/marvelmind_ros2_msgs/include/marvelmind_ros2_msgs/msg/detail/beacon_distance__builder.hpp
[4.074s] -- Up-to-date: /home/coderey/ros2_ws/install/marvelmind_ros2_msgs/include/marvelmind_ros2_msgs/msg/detail/marvelmind_user_data__struct.hpp
[4.074s] -- Up-to-date: /home/coderey/ros2_ws/install/marvelmind_ros2_msgs/include/marvelmind_ros2_msgs/msg/detail/hedge_telemetry__builder.hpp
[4.075s] -- Up-to-date: /home/coderey/ros2_ws/install/marvelmind_ros2_msgs/include/marvelmind_ros2_msgs/msg/detail/hedge_position__struct.hpp
[4.075s] -- Up-to-date: /home/coderey/ros2_ws/install/marvelmind_ros2_msgs/include/marvelmind_ros2_msgs/msg/detail/marvelmind_user_data__traits.hpp
[4.075s] -- Up-to-date: /home/coderey/ros2_ws/install/marvelmind_ros2_msgs/include/marvelmind_ros2_msgs/msg/detail/marvelmind_waypoint__traits.hpp
[4.076s] -- Up-to-date: /home/coderey/ros2_ws/install/marvelmind_ros2_msgs/include/marvelmind_ros2_msgs/msg/beacon_distance.hpp
[4.077s] -- Up-to-date: /home/coderey/ros2_ws/install/marvelmind_ros2_msgs/include/marvelmind_ros2_msgs/msg/hedge_position_addressed.hpp
[4.078s] -- Up-to-date: /home/coderey/ros2_ws/install/marvelmind_ros2_msgs/include/marvelmind_ros2_msgs
[4.078s] -- Up-to-date: /home/coderey/ros2_ws/install/marvelmind_ros2_msgs/include/marvelmind_ros2_msgs/srv
[4.078s] -- Up-to-date: /home/coderey/ros2_ws/install/marvelmind_ros2_msgs/include/marvelmind_ros2_msgs/srv/detail
[4.078s] -- Up-to-date: /home/coderey/ros2_ws/install/marvelmind_ros2_msgs/include/marvelmind_ros2_msgs/srv/detail/microxrcedds
[4.078s] -- Up-to-date: /home/coderey/ros2_ws/install/marvelmind_ros2_msgs/include/marvelmind_ros2_msgs/srv/detail/microxrcedds/marvelmind_api__type_support_cpp.cpp
[4.078s] -- Up-to-date: /home/coderey/ros2_ws/install/marvelmind_ros2_msgs/include/marvelmind_ros2_msgs/srv/detail/marvelmind_api__rosidl_typesupport_microxrcedds_cpp.hpp
[4.078s] -- Up-to-date: /home/coderey/ros2_ws/install/marvelmind_ros2_msgs/include/marvelmind_ros2_msgs/msg
[4.078s] -- Up-to-date: /home/coderey/ros2_ws/install/marvelmind_ros2_msgs/include/marvelmind_ros2_msgs/msg/rosidl_typesupport_microxrcedds_cpp__visibility_control.h
[4.078s] -- Up-to-date: /home/coderey/ros2_ws/install/marvelmind_ros2_msgs/include/marvelmind_ros2_msgs/msg/detail
[4.078s] -- Up-to-date: /home/coderey/ros2_ws/install/marvelmind_ros2_msgs/include/marvelmind_ros2_msgs/msg/detail/hedge_telemetry__rosidl_typesupport_microxrcedds_cpp.hpp
[4.078s] -- Up-to-date: /home/coderey/ros2_ws/install/marvelmind_ros2_msgs/include/marvelmind_ros2_msgs/msg/detail/hedge_position_angle__rosidl_typesupport_microxrcedds_cpp.hpp
[4.078s] -- Up-to-date: /home/coderey/ros2_ws/install/marvelmind_ros2_msgs/include/marvelmind_ros2_msgs/msg/detail/beacon_distance__rosidl_typesupport_microxrcedds_cpp.hpp
[4.079s] -- Up-to-date: /home/coderey/ros2_ws/install/marvelmind_ros2_msgs/include/marvelmind_ros2_msgs/msg/detail/beacon_position_addressed__rosidl_typesupport_microxrcedds_cpp.hpp
[4.079s] -- Up-to-date: /home/coderey/ros2_ws/install/marvelmind_ros2_msgs/include/marvelmind_ros2_msgs/msg/detail/marvelmind_user_data__rosidl_typesupport_microxrcedds_cpp.hpp
[4.079s] -- Up-to-date: /home/coderey/ros2_ws/install/marvelmind_ros2_msgs/include/marvelmind_ros2_msgs/msg/detail/hedge_imu_raw__rosidl_typesupport_microxrcedds_cpp.hpp
[4.079s] -- Up-to-date: /home/coderey/ros2_ws/install/marvelmind_ros2_msgs/include/marvelmind_ros2_msgs/msg/detail/marvelmind_waypoint__rosidl_typesupport_microxrcedds_cpp.hpp
[4.079s] -- Up-to-date: /home/coderey/ros2_ws/install/marvelmind_ros2_msgs/include/marvelmind_ros2_msgs/msg/detail/hedge_position_addressed__rosidl_typesupport_microxrcedds_cpp.hpp
[4.079s] -- Up-to-date: /home/coderey/ros2_ws/install/marvelmind_ros2_msgs/include/marvelmind_ros2_msgs/msg/detail/microxrcedds
[4.079s] -- Up-to-date: /home/coderey/ros2_ws/install/marvelmind_ros2_msgs/include/marvelmind_ros2_msgs/msg/detail/microxrcedds/beacon_position_addressed__type_support_cpp.cpp
[4.079s] -- Up-to-date: /home/coderey/ros2_ws/install/marvelmind_ros2_msgs/include/marvelmind_ros2_msgs/msg/detail/microxrcedds/hedge_telemetry__type_support_cpp.cpp
[4.079s] -- Up-to-date: /home/coderey/ros2_ws/install/marvelmind_ros2_msgs/include/marvelmind_ros2_msgs/msg/detail/microxrcedds/marvelmind_user_data__type_support_cpp.cpp
[4.079s] -- Up-to-date: /home/coderey/ros2_ws/install/marvelmind_ros2_msgs/include/marvelmind_ros2_msgs/msg/detail/microxrcedds/hedge_imu_fusion__type_support_cpp.cpp
[4.079s] -- Up-to-date: /home/coderey/ros2_ws/install/marvelmind_ros2_msgs/include/marvelmind_ros2_msgs/msg/detail/microxrcedds/hedge_position_addressed__type_support_cpp.cpp
[4.080s] -- Up-to-date: /home/coderey/ros2_ws/install/marvelmind_ros2_msgs/include/marvelmind_ros2_msgs/msg/detail/microxrcedds/hedge_quality__type_support_cpp.cpp
[4.080s] -- Up-to-date: /home/coderey/ros2_ws/install/marvelmind_ros2_msgs/include/marvelmind_ros2_msgs/msg/detail/microxrcedds/beacon_distance__type_support_cpp.cpp
[4.080s] -- Up-to-date: /home/coderey/ros2_ws/install/marvelmind_ros2_msgs/include/marvelmind_ros2_msgs/msg/detail/microxrcedds/hedge_position__type_support_cpp.cpp
[4.080s] -- Up-to-date: /home/coderey/ros2_ws/install/marvelmind_ros2_msgs/include/marvelmind_ros2_msgs/msg/detail/microxrcedds/hedge_imu_raw__type_support_cpp.cpp
[4.080s] -- Up-to-date: /home/coderey/ros2_ws/install/marvelmind_ros2_msgs/include/marvelmind_ros2_msgs/msg/detail/microxrcedds/marvelmind_waypoint__type_support_cpp.cpp
[4.080s] -- Up-to-date: /home/coderey/ros2_ws/install/marvelmind_ros2_msgs/include/marvelmind_ros2_msgs/msg/detail/microxrcedds/hedge_position_angle__type_support_cpp.cpp
[4.080s] -- Up-to-date: /home/coderey/ros2_ws/install/marvelmind_ros2_msgs/include/marvelmind_ros2_msgs/msg/detail/hedge_imu_fusion__rosidl_typesupport_microxrcedds_cpp.hpp
[4.080s] -- Up-to-date: /home/coderey/ros2_ws/install/marvelmind_ros2_msgs/include/marvelmind_ros2_msgs/msg/detail/hedge_quality__rosidl_typesupport_microxrcedds_cpp.hpp
[4.080s] -- Up-to-date: /home/coderey/ros2_ws/install/marvelmind_ros2_msgs/include/marvelmind_ros2_msgs/msg/detail/hedge_position__rosidl_typesupport_microxrcedds_cpp.hpp
[4.080s] -- Up-to-date: /home/coderey/ros2_ws/install/marvelmind_ros2_msgs/lib/libmarvelmind_ros2_msgs__rosidl_typesupport_microxrcedds_cpp.so
[4.080s] -- Up-to-date: /home/coderey/ros2_ws/install/marvelmind_ros2_msgs/include/marvelmind_ros2_msgs
[4.080s] -- Up-to-date: /home/coderey/ros2_ws/install/marvelmind_ros2_msgs/include/marvelmind_ros2_msgs/srv
[4.081s] -- Up-to-date: /home/coderey/ros2_ws/install/marvelmind_ros2_msgs/include/marvelmind_ros2_msgs/srv/detail
[4.081s] -- Up-to-date: /home/coderey/ros2_ws/install/marvelmind_ros2_msgs/include/marvelmind_ros2_msgs/srv/detail/marvelmind_api__type_support.cpp
[4.081s] -- Up-to-date: /home/coderey/ros2_ws/install/marvelmind_ros2_msgs/include/marvelmind_ros2_msgs/srv/detail/marvelmind_api__rosidl_typesupport_introspection_cpp.hpp
[4.081s] -- Up-to-date: /home/coderey/ros2_ws/install/marvelmind_ros2_msgs/include/marvelmind_ros2_msgs/msg
[4.081s] -- Up-to-date: /home/coderey/ros2_ws/install/marvelmind_ros2_msgs/include/marvelmind_ros2_msgs/msg/detail
[4.081s] -- Up-to-date: /home/coderey/ros2_ws/install/marvelmind_ros2_msgs/include/marvelmind_ros2_msgs/msg/detail/hedge_position__rosidl_typesupport_introspection_cpp.hpp
[4.081s] -- Up-to-date: /home/coderey/ros2_ws/install/marvelmind_ros2_msgs/include/marvelmind_ros2_msgs/msg/detail/hedge_telemetry__rosidl_typesupport_introspection_cpp.hpp
[4.081s] -- Up-to-date: /home/coderey/ros2_ws/install/marvelmind_ros2_msgs/include/marvelmind_ros2_msgs/msg/detail/marvelmind_waypoint__rosidl_typesupport_introspection_cpp.hpp
[4.081s] -- Up-to-date: /home/coderey/ros2_ws/install/marvelmind_ros2_msgs/include/marvelmind_ros2_msgs/msg/detail/hedge_position_angle__rosidl_typesupport_introspection_cpp.hpp
[4.081s] -- Up-to-date: /home/coderey/ros2_ws/install/marvelmind_ros2_msgs/include/marvelmind_ros2_msgs/msg/detail/beacon_distance__rosidl_typesupport_introspection_cpp.hpp
[4.081s] -- Up-to-date: /home/coderey/ros2_ws/install/marvelmind_ros2_msgs/include/marvelmind_ros2_msgs/msg/detail/beacon_distance__type_support.cpp
[4.081s] -- Up-to-date: /home/coderey/ros2_ws/install/marvelmind_ros2_msgs/include/marvelmind_ros2_msgs/msg/detail/hedge_position__type_support.cpp
[4.082s] -- Up-to-date: /home/coderey/ros2_ws/install/marvelmind_ros2_msgs/include/marvelmind_ros2_msgs/msg/detail/marvelmind_waypoint__type_support.cpp
[4.082s] -- Up-to-date: /home/coderey/ros2_ws/install/marvelmind_ros2_msgs/include/marvelmind_ros2_msgs/msg/detail/hedge_imu_fusion__rosidl_typesupport_introspection_cpp.hpp
[4.082s] -- Up-to-date: /home/coderey/ros2_ws/install/marvelmind_ros2_msgs/include/marvelmind_ros2_msgs/msg/detail/beacon_position_addressed__type_support.cpp
[4.082s] -- Up-to-date: /home/coderey/ros2_ws/install/marvelmind_ros2_msgs/include/marvelmind_ros2_msgs/msg/detail/hedge_imu_raw__rosidl_typesupport_introspection_cpp.hpp
[4.082s] -- Up-to-date: /home/coderey/ros2_ws/install/marvelmind_ros2_msgs/include/marvelmind_ros2_msgs/msg/detail/hedge_quality__type_support.cpp
[4.082s] -- Up-to-date: /home/coderey/ros2_ws/install/marvelmind_ros2_msgs/include/marvelmind_ros2_msgs/msg/detail/hedge_imu_fusion__type_support.cpp
[4.082s] -- Up-to-date: /home/coderey/ros2_ws/install/marvelmind_ros2_msgs/include/marvelmind_ros2_msgs/msg/detail/hedge_position_angle__type_support.cpp
[4.082s] -- Up-to-date: /home/coderey/ros2_ws/install/marvelmind_ros2_msgs/include/marvelmind_ros2_msgs/msg/detail/beacon_position_addressed__rosidl_typesupport_introspection_cpp.hpp
[4.082s] -- Up-to-date: /home/coderey/ros2_ws/install/marvelmind_ros2_msgs/include/marvelmind_ros2_msgs/msg/detail/hedge_telemetry__type_support.cpp
[4.082s] -- Up-to-date: /home/coderey/ros2_ws/install/marvelmind_ros2_msgs/include/marvelmind_ros2_msgs/msg/detail/marvelmind_user_data__type_support.cpp
[4.082s] -- Up-to-date: /home/coderey/ros2_ws/install/marvelmind_ros2_msgs/include/marvelmind_ros2_msgs/msg/detail/marvelmind_user_data__rosidl_typesupport_introspection_cpp.hpp
[4.083s] -- Up-to-date: /home/coderey/ros2_ws/install/marvelmind_ros2_msgs/include/marvelmind_ros2_msgs/msg/detail/hedge_quality__rosidl_typesupport_introspection_cpp.hpp
[4.083s] -- Up-to-date: /home/coderey/ros2_ws/install/marvelmind_ros2_msgs/include/marvelmind_ros2_msgs/msg/detail/hedge_imu_raw__type_support.cpp
[4.083s] -- Up-to-date: /home/coderey/ros2_ws/install/marvelmind_ros2_msgs/include/marvelmind_ros2_msgs/msg/detail/hedge_position_addressed__rosidl_typesupport_introspection_cpp.hpp
[4.083s] -- Up-to-date: /home/coderey/ros2_ws/install/marvelmind_ros2_msgs/include/marvelmind_ros2_msgs/msg/detail/hedge_position_addressed__type_support.cpp
[4.083s] -- Up-to-date: /home/coderey/ros2_ws/install/marvelmind_ros2_msgs/lib/libmarvelmind_ros2_msgs__rosidl_typesupport_introspection_cpp.so
[4.083s] -- Up-to-date: /home/coderey/ros2_ws/install/marvelmind_ros2_msgs/lib/libmarvelmind_ros2_msgs__rosidl_typesupport_cpp.so
[4.083s] -- Up-to-date: /home/coderey/ros2_ws/install/marvelmind_ros2_msgs/share/marvelmind_ros2_msgs/environment/pythonpath.sh
[4.083s] -- Up-to-date: /home/coderey/ros2_ws/install/marvelmind_ros2_msgs/share/marvelmind_ros2_msgs/environment/pythonpath.dsv
[4.083s] -- Up-to-date: /home/coderey/ros2_ws/install/marvelmind_ros2_msgs/lib/python3.8/site-packages/marvelmind_ros2_msgs/__init__.py
[4.090s] -- Up-to-date: /home/coderey/ros2_ws/install/marvelmind_ros2_msgs/lib/python3.8/site-packages/marvelmind_ros2_msgs/msg
[4.090s] -- Up-to-date: /home/coderey/ros2_ws/install/marvelmind_ros2_msgs/lib/python3.8/site-packages/marvelmind_ros2_msgs/msg/_hedge_position_s.c
[4.093s] -- Up-to-date: /home/coderey/ros2_ws/install/marvelmind_ros2_msgs/lib/python3.8/site-packages/marvelmind_ros2_msgs/msg/_hedge_imu_raw_s.c
[4.093s] -- Up-to-date: /home/coderey/ros2_ws/install/marvelmind_ros2_msgs/lib/python3.8/site-packages/marvelmind_ros2_msgs/msg/_marvelmind_waypoint.py
[4.094s] -- Up-to-date: /home/coderey/ros2_ws/install/marvelmind_ros2_msgs/lib/python3.8/site-packages/marvelmind_ros2_msgs/msg/_marvelmind_waypoint_s.c
[4.094s] -- Up-to-date: /home/coderey/ros2_ws/install/marvelmind_ros2_msgs/lib/python3.8/site-packages/marvelmind_ros2_msgs/msg/_hedge_quality_s.c
[4.094s] -- Up-to-date: /home/coderey/ros2_ws/install/marvelmind_ros2_msgs/lib/python3.8/site-packages/marvelmind_ros2_msgs/msg/__init__.py
[4.094s] -- Up-to-date: /home/coderey/ros2_ws/install/marvelmind_ros2_msgs/lib/python3.8/site-packages/marvelmind_ros2_msgs/msg/_hedge_imu_fusion_s.c
[4.094s] -- Up-to-date: /home/coderey/ros2_ws/install/marvelmind_ros2_msgs/lib/python3.8/site-packages/marvelmind_ros2_msgs/msg/_beacon_position_addressed_s.c
[4.094s] -- Up-to-date: /home/coderey/ros2_ws/install/marvelmind_ros2_msgs/lib/python3.8/site-packages/marvelmind_ros2_msgs/msg/_hedge_telemetry.py
[4.095s] -- Up-to-date: /home/coderey/ros2_ws/install/marvelmind_ros2_msgs/lib/python3.8/site-packages/marvelmind_ros2_msgs/msg/_hedge_quality.py
[4.095s] -- Up-to-date: /home/coderey/ros2_ws/install/marvelmind_ros2_msgs/lib/python3.8/site-packages/marvelmind_ros2_msgs/msg/_hedge_telemetry_s.c
[4.095s] -- Up-to-date: /home/coderey/ros2_ws/install/marvelmind_ros2_msgs/lib/python3.8/site-packages/marvelmind_ros2_msgs/msg/_hedge_position_angle.py
[4.095s] -- Up-to-date: /home/coderey/ros2_ws/install/marvelmind_ros2_msgs/lib/python3.8/site-packages/marvelmind_ros2_msgs/msg/_beacon_distance.py
[4.095s] -- Up-to-date: /home/coderey/ros2_ws/install/marvelmind_ros2_msgs/lib/python3.8/site-packages/marvelmind_ros2_msgs/msg/_marvelmind_user_data.py
[4.096s] -- Up-to-date: /home/coderey/ros2_ws/install/marvelmind_ros2_msgs/lib/python3.8/site-packages/marvelmind_ros2_msgs/msg/_hedge_position_addressed_s.c
[4.096s] -- Up-to-date: /home/coderey/ros2_ws/install/marvelmind_ros2_msgs/lib/python3.8/site-packages/marvelmind_ros2_msgs/msg/_marvelmind_user_data_s.c
[4.097s] -- Up-to-date: /home/coderey/ros2_ws/install/marvelmind_ros2_msgs/lib/python3.8/site-packages/marvelmind_ros2_msgs/msg/_beacon_distance_s.c
[4.097s] -- Up-to-date: /home/coderey/ros2_ws/install/marvelmind_ros2_msgs/lib/python3.8/site-packages/marvelmind_ros2_msgs/msg/_hedge_position.py
[4.097s] -- Up-to-date: /home/coderey/ros2_ws/install/marvelmind_ros2_msgs/lib/python3.8/site-packages/marvelmind_ros2_msgs/msg/_hedge_position_angle_s.c
[4.098s] -- Up-to-date: /home/coderey/ros2_ws/install/marvelmind_ros2_msgs/lib/python3.8/site-packages/marvelmind_ros2_msgs/msg/_hedge_imu_raw.py
[4.098s] -- Up-to-date: /home/coderey/ros2_ws/install/marvelmind_ros2_msgs/lib/python3.8/site-packages/marvelmind_ros2_msgs/msg/_beacon_position_addressed.py
[4.099s] -- Up-to-date: /home/coderey/ros2_ws/install/marvelmind_ros2_msgs/lib/python3.8/site-packages/marvelmind_ros2_msgs/msg/_hedge_imu_fusion.py
[4.099s] -- Up-to-date: /home/coderey/ros2_ws/install/marvelmind_ros2_msgs/lib/python3.8/site-packages/marvelmind_ros2_msgs/msg/_hedge_position_addressed.py
[4.099s] -- Up-to-date: /home/coderey/ros2_ws/install/marvelmind_ros2_msgs/lib/python3.8/site-packages/marvelmind_ros2_msgs/srv
[4.099s] -- Up-to-date: /home/coderey/ros2_ws/install/marvelmind_ros2_msgs/lib/python3.8/site-packages/marvelmind_ros2_msgs/srv/__init__.py
[4.099s] -- Up-to-date: /home/coderey/ros2_ws/install/marvelmind_ros2_msgs/lib/python3.8/site-packages/marvelmind_ros2_msgs/srv/_marvelmind_api_s.c
[4.100s] -- Up-to-date: /home/coderey/ros2_ws/install/marvelmind_ros2_msgs/lib/python3.8/site-packages/marvelmind_ros2_msgs/srv/_marvelmind_api.py
[4.100s] -- Up-to-date: /home/coderey/ros2_ws/install/marvelmind_ros2_msgs/lib/python3.8/site-packages/marvelmind_ros2_msgs/marvelmind_ros2_msgs_s__rosidl_typesupport_microxrcedds_c.cpython-38-x86_64-linux-gnu.so
[4.100s] -- Up-to-date: /home/coderey/ros2_ws/install/marvelmind_ros2_msgs/lib/python3.8/site-packages/marvelmind_ros2_msgs/marvelmind_ros2_msgs_s__rosidl_typesupport_fastrtps_c.cpython-38-x86_64-linux-gnu.so
[4.100s] -- Up-to-date: /home/coderey/ros2_ws/install/marvelmind_ros2_msgs/lib/python3.8/site-packages/marvelmind_ros2_msgs/marvelmind_ros2_msgs_s__rosidl_typesupport_introspection_c.cpython-38-x86_64-linux-gnu.so
[4.100s] -- Up-to-date: /home/coderey/ros2_ws/install/marvelmind_ros2_msgs/lib/python3.8/site-packages/marvelmind_ros2_msgs/marvelmind_ros2_msgs_s__rosidl_typesupport_c.cpython-38-x86_64-linux-gnu.so
[4.102s] -- Up-to-date: /home/coderey/ros2_ws/install/marvelmind_ros2_msgs/lib/libmarvelmind_ros2_msgs__python.so
[4.102s] -- Up-to-date: /home/coderey/ros2_ws/install/marvelmind_ros2_msgs/share/marvelmind_ros2_msgs/msg/BeaconDistance.idl
[4.103s] -- Up-to-date: /home/coderey/ros2_ws/install/marvelmind_ros2_msgs/share/marvelmind_ros2_msgs/msg/BeaconPositionAddressed.idl
[4.103s] -- Up-to-date: /home/coderey/ros2_ws/install/marvelmind_ros2_msgs/share/marvelmind_ros2_msgs/msg/HedgeImuFusion.idl
[4.104s] -- Up-to-date: /home/coderey/ros2_ws/install/marvelmind_ros2_msgs/share/marvelmind_ros2_msgs/msg/HedgeImuRaw.idl
[4.104s] -- Up-to-date: /home/coderey/ros2_ws/install/marvelmind_ros2_msgs/share/marvelmind_ros2_msgs/msg/HedgePositionAddressed.idl
[4.104s] -- Up-to-date: /home/coderey/ros2_ws/install/marvelmind_ros2_msgs/share/marvelmind_ros2_msgs/msg/HedgePositionAngle.idl
[4.104s] -- Up-to-date: /home/coderey/ros2_ws/install/marvelmind_ros2_msgs/share/marvelmind_ros2_msgs/msg/HedgePosition.idl
[4.104s] -- Up-to-date: /home/coderey/ros2_ws/install/marvelmind_ros2_msgs/share/marvelmind_ros2_msgs/msg/HedgeQuality.idl
[4.104s] -- Up-to-date: /home/coderey/ros2_ws/install/marvelmind_ros2_msgs/share/marvelmind_ros2_msgs/msg/HedgeTelemetry.idl
[4.104s] -- Up-to-date: /home/coderey/ros2_ws/install/marvelmind_ros2_msgs/share/marvelmind_ros2_msgs/msg/MarvelmindWaypoint.idl
[4.104s] -- Up-to-date: /home/coderey/ros2_ws/install/marvelmind_ros2_msgs/share/marvelmind_ros2_msgs/msg/MarvelmindUserData.idl
[4.104s] -- Up-to-date: /home/coderey/ros2_ws/install/marvelmind_ros2_msgs/share/marvelmind_ros2_msgs/srv/MarvelmindAPI.idl
[4.104s] -- Up-to-date: /home/coderey/ros2_ws/install/marvelmind_ros2_msgs/share/marvelmind_ros2_msgs/msg/BeaconDistance.msg
[4.104s] -- Up-to-date: /home/coderey/ros2_ws/install/marvelmind_ros2_msgs/share/marvelmind_ros2_msgs/msg/BeaconPositionAddressed.msg
[4.104s] -- Up-to-date: /home/coderey/ros2_ws/install/marvelmind_ros2_msgs/share/marvelmind_ros2_msgs/msg/HedgeImuFusion.msg
[4.104s] -- Up-to-date: /home/coderey/ros2_ws/install/marvelmind_ros2_msgs/share/marvelmind_ros2_msgs/msg/HedgeImuRaw.msg
[4.104s] -- Up-to-date: /home/coderey/ros2_ws/install/marvelmind_ros2_msgs/share/marvelmind_ros2_msgs/msg/HedgePositionAddressed.msg
[4.105s] -- Up-to-date: /home/coderey/ros2_ws/install/marvelmind_ros2_msgs/share/marvelmind_ros2_msgs/msg/HedgePositionAngle.msg
[4.105s] -- Up-to-date: /home/coderey/ros2_ws/install/marvelmind_ros2_msgs/share/marvelmind_ros2_msgs/msg/HedgePosition.msg
[4.105s] -- Up-to-date: /home/coderey/ros2_ws/install/marvelmind_ros2_msgs/share/marvelmind_ros2_msgs/msg/HedgeQuality.msg
[4.105s] -- Up-to-date: /home/coderey/ros2_ws/install/marvelmind_ros2_msgs/share/marvelmind_ros2_msgs/msg/HedgeTelemetry.msg
[4.105s] -- Up-to-date: /home/coderey/ros2_ws/install/marvelmind_ros2_msgs/share/marvelmind_ros2_msgs/msg/MarvelmindWaypoint.msg
[4.105s] -- Up-to-date: /home/coderey/ros2_ws/install/marvelmind_ros2_msgs/share/marvelmind_ros2_msgs/msg/MarvelmindUserData.msg
[4.105s] -- Up-to-date: /home/coderey/ros2_ws/install/marvelmind_ros2_msgs/share/marvelmind_ros2_msgs/srv/MarvelmindAPI.srv
[4.105s] -- Up-to-date: /home/coderey/ros2_ws/install/marvelmind_ros2_msgs/share/marvelmind_ros2_msgs/srv/MarvelmindAPI_Request.msg
[4.105s] -- Up-to-date: /home/coderey/ros2_ws/install/marvelmind_ros2_msgs/share/marvelmind_ros2_msgs/srv/MarvelmindAPI_Response.msg
[4.105s] -- Up-to-date: /home/coderey/ros2_ws/install/marvelmind_ros2_msgs/share/ament_index/resource_index/package_run_dependencies/marvelmind_ros2_msgs
[4.105s] -- Up-to-date: /home/coderey/ros2_ws/install/marvelmind_ros2_msgs/share/ament_index/resource_index/parent_prefix_path/marvelmind_ros2_msgs
[4.105s] -- Up-to-date: /home/coderey/ros2_ws/install/marvelmind_ros2_msgs/share/marvelmind_ros2_msgs/environment/ament_prefix_path.sh
[4.105s] -- Up-to-date: /home/coderey/ros2_ws/install/marvelmind_ros2_msgs/share/marvelmind_ros2_msgs/environment/ament_prefix_path.dsv
[4.105s] -- Up-to-date: /home/coderey/ros2_ws/install/marvelmind_ros2_msgs/share/marvelmind_ros2_msgs/environment/path.sh
[4.107s] -- Up-to-date: /home/coderey/ros2_ws/install/marvelmind_ros2_msgs/share/marvelmind_ros2_msgs/environment/path.dsv
[4.107s] -- Up-to-date: /home/coderey/ros2_ws/install/marvelmind_ros2_msgs/share/marvelmind_ros2_msgs/local_setup.bash
[4.107s] -- Up-to-date: /home/coderey/ros2_ws/install/marvelmind_ros2_msgs/share/marvelmind_ros2_msgs/local_setup.sh
[4.107s] -- Up-to-date: /home/coderey/ros2_ws/install/marvelmind_ros2_msgs/share/marvelmind_ros2_msgs/local_setup.zsh
[4.107s] -- Up-to-date: /home/coderey/ros2_ws/install/marvelmind_ros2_msgs/share/marvelmind_ros2_msgs/local_setup.dsv
[4.108s] -- Installing: /home/coderey/ros2_ws/install/marvelmind_ros2_msgs/share/marvelmind_ros2_msgs/package.dsv
[4.108s] -- Up-to-date: /home/coderey/ros2_ws/install/marvelmind_ros2_msgs/share/ament_index/resource_index/packages/marvelmind_ros2_msgs
[4.108s] -- Up-to-date: /home/coderey/ros2_ws/install/marvelmind_ros2_msgs/share/marvelmind_ros2_msgs/cmake/marvelmind_ros2_msgs__rosidl_generator_cExport.cmake
[4.108s] -- Up-to-date: /home/coderey/ros2_ws/install/marvelmind_ros2_msgs/share/marvelmind_ros2_msgs/cmake/marvelmind_ros2_msgs__rosidl_generator_cExport-noconfig.cmake
[4.108s] -- Up-to-date: /home/coderey/ros2_ws/install/marvelmind_ros2_msgs/share/marvelmind_ros2_msgs/cmake/marvelmind_ros2_msgs__rosidl_typesupport_introspection_cExport.cmake
[4.108s] -- Up-to-date: /home/coderey/ros2_ws/install/marvelmind_ros2_msgs/share/marvelmind_ros2_msgs/cmake/marvelmind_ros2_msgs__rosidl_typesupport_introspection_cExport-noconfig.cmake
[4.108s] -- Up-to-date: /home/coderey/ros2_ws/install/marvelmind_ros2_msgs/share/marvelmind_ros2_msgs/cmake/marvelmind_ros2_msgs__rosidl_typesupport_cExport.cmake
[4.109s] -- Up-to-date: /home/coderey/ros2_ws/install/marvelmind_ros2_msgs/share/marvelmind_ros2_msgs/cmake/marvelmind_ros2_msgs__rosidl_typesupport_cExport-noconfig.cmake
[4.109s] -- Up-to-date: /home/coderey/ros2_ws/install/marvelmind_ros2_msgs/share/marvelmind_ros2_msgs/cmake/marvelmind_ros2_msgs__rosidl_generator_cppExport.cmake
[4.109s] -- Up-to-date: /home/coderey/ros2_ws/install/marvelmind_ros2_msgs/share/marvelmind_ros2_msgs/cmake/marvelmind_ros2_msgs__rosidl_typesupport_introspection_cppExport.cmake
[4.109s] -- Up-to-date: /home/coderey/ros2_ws/install/marvelmind_ros2_msgs/share/marvelmind_ros2_msgs/cmake/marvelmind_ros2_msgs__rosidl_typesupport_introspection_cppExport-noconfig.cmake
[4.109s] -- Up-to-date: /home/coderey/ros2_ws/install/marvelmind_ros2_msgs/share/marvelmind_ros2_msgs/cmake/marvelmind_ros2_msgs__rosidl_typesupport_cppExport.cmake
[4.109s] -- Up-to-date: /home/coderey/ros2_ws/install/marvelmind_ros2_msgs/share/marvelmind_ros2_msgs/cmake/marvelmind_ros2_msgs__rosidl_typesupport_cppExport-noconfig.cmake
[4.109s] -- Up-to-date: /home/coderey/ros2_ws/install/marvelmind_ros2_msgs/share/marvelmind_ros2_msgs/cmake/rosidl_cmake-extras.cmake
[4.109s] -- Up-to-date: /home/coderey/ros2_ws/install/marvelmind_ros2_msgs/share/marvelmind_ros2_msgs/cmake/ament_cmake_export_dependencies-extras.cmake
[4.109s] -- Up-to-date: /home/coderey/ros2_ws/install/marvelmind_ros2_msgs/share/marvelmind_ros2_msgs/cmake/ament_cmake_export_libraries-extras.cmake
[4.109s] -- Up-to-date: /home/coderey/ros2_ws/install/marvelmind_ros2_msgs/share/marvelmind_ros2_msgs/cmake/ament_cmake_export_targets-extras.cmake
[4.109s] -- Up-to-date: /home/coderey/ros2_ws/install/marvelmind_ros2_msgs/share/marvelmind_ros2_msgs/cmake/ament_cmake_export_include_directories-extras.cmake
[4.109s] -- Up-to-date: /home/coderey/ros2_ws/install/marvelmind_ros2_msgs/share/marvelmind_ros2_msgs/cmake/rosidl_cmake_export_typesupport_libraries-extras.cmake
[4.109s] -- Up-to-date: /home/coderey/ros2_ws/install/marvelmind_ros2_msgs/share/marvelmind_ros2_msgs/cmake/rosidl_cmake_export_typesupport_targets-extras.cmake
[4.110s] -- Up-to-date: /home/coderey/ros2_ws/install/marvelmind_ros2_msgs/share/marvelmind_ros2_msgs/cmake/marvelmind_ros2_msgsConfig.cmake
[4.110s] -- Up-to-date: /home/coderey/ros2_ws/install/marvelmind_ros2_msgs/share/marvelmind_ros2_msgs/cmake/marvelmind_ros2_msgsConfig-version.cmake
[4.110s] -- Up-to-date: /home/coderey/ros2_ws/install/marvelmind_ros2_msgs/share/marvelmind_ros2_msgs/package.xml
[5.200s] Invoked command in '/home/coderey/ros2_ws/build/marvelmind_ros2_msgs' returned '0': CMAKE_PREFIX_PATH=${CMAKE_PREFIX_PATH}:/home/coderey/ros2_ws/install/swisscat_robot:/home/coderey/ros2_ws/install/nav2_gps_waypoint_follower_demo:/home/coderey/ros2_ws/install/mob_rob_loca:/home/coderey/ros2_ws/install/bno055:/home/coderey/microros_ws/install/sensor_msgs_py:/opt/ros/galactic /usr/bin/cmake --install /home/coderey/ros2_ws/build/marvelmind_ros2_msgs
