-- The C compiler identification is GNU 9.4.0
-- The CXX compiler identification is GNU 9.4.0
-- Check for working C compiler: /usr/bin/cc
-- Check for working C compiler: /usr/bin/cc -- works
-- Detecting C compiler ABI info
-- Detecting C compiler ABI info - done
-- Detecting C compile features
-- Detecting C compile features - done
-- Check for working CXX compiler: /usr/bin/c++
-- Check for working CXX compiler: /usr/bin/c++ -- works
-- Detecting CXX compiler ABI info
-- Detecting CXX compiler ABI info - done
-- Detecting CXX compile features
-- Detecting CXX compile features - done
-- robot_localization: You did not request a specific build type: selecting 'RelWithDebInfo'.
-- Found ament_cmake: 1.1.6 (/opt/ros/galactic/share/ament_cmake/cmake)
-- Found PythonInterp: /usr/bin/python3 (found suitable version "3.8.10", minimum required is "3") 
-- Using PYTHON_EXECUTABLE: /usr/bin/python3
-- Found rclcpp: 9.2.2 (/opt/ros/galactic/share/rclcpp/cmake)
-- Using all available rosidl_typesupport_c: rosidl_typesupport_microxrcedds_c;rosidl_typesupport_fastrtps_c;rosidl_typesupport_introspection_c
-- Found rosidl_adapter: 2.2.3 (/opt/ros/galactic/share/rosidl_adapter/cmake)
-- Found OpenSSL: /usr/lib/x86_64-linux-gnu/libcrypto.so (found version "1.1.1f")  
-- Found FastRTPS: /opt/ros/galactic/include  
-- Using all available rosidl_typesupport_cpp: rosidl_typesupport_microxrcedds_cpp;rosidl_typesupport_fastrtps_cpp;rosidl_typesupport_introspection_cpp
-- Found rmw_implementation_cmake: 3.3.1 (/opt/ros/galactic/share/rmw_implementation_cmake/cmake)
-- Found rmw_cyclonedds_cpp: 0.22.6 (/opt/ros/galactic/share/rmw_cyclonedds_cpp/cmake)
-- Using RMW implementation 'rmw_cyclonedds_cpp' as default
-- Looking for pthread.h
-- Looking for pthread.h - found
-- Performing Test CMAKE_HAVE_LIBC_PTHREAD
-- Performing Test CMAKE_HAVE_LIBC_PTHREAD - Failed
-- Looking for pthread_create in pthreads
-- Looking for pthread_create in pthreads - not found
-- Looking for pthread_create in pthread
-- Looking for pthread_create in pthread - found
-- Found Threads: TRUE  
-- Found diagnostic_msgs: 2.2.4 (/home/coderey/microros_ws/install/diagnostic_msgs/share/diagnostic_msgs/cmake)
-- Found diagnostic_updater: 2.1.3 (/opt/ros/galactic/share/diagnostic_updater/cmake)
-- Found geographic_msgs: 1.0.4 (/opt/ros/galactic/share/geographic_msgs/cmake)
-- Found message_filters: 3.2.6 (/opt/ros/galactic/share/message_filters/cmake)
-- Found nav_msgs: 2.2.4 (/home/coderey/microros_ws/install/nav_msgs/share/nav_msgs/cmake)
-- Found rosidl_default_generators: 1.1.1 (/opt/ros/galactic/share/rosidl_default_generators/cmake)
-- Found sensor_msgs: 2.2.4 (/home/coderey/microros_ws/install/sensor_msgs/share/sensor_msgs/cmake)
-- Found std_srvs: 2.2.4 (/home/coderey/microros_ws/install/std_srvs/share/std_srvs/cmake)
-- Found tf2: 0.17.5 (/opt/ros/galactic/share/tf2/cmake)
-- Found tf2_eigen: 0.17.5 (/opt/ros/galactic/share/tf2_eigen/cmake)
-- Found tf2_geometry_msgs: 0.17.5 (/opt/ros/galactic/share/tf2_geometry_msgs/cmake)
-- Found Eigen3: TRUE (found version "3.3.7") 
-- Found Boost: /usr/lib/x86_64-linux-gnu/cmake/Boost-1.71.0/BoostConfig.cmake (found version "1.71.0")  
-- Found yaml_cpp_vendor: 7.1.1 (/opt/ros/galactic/share/yaml_cpp_vendor/cmake)
-- Found GeographicLib: /usr/lib/x86_64-linux-gnu  
-- Found PythonInterp: /usr/bin/python3 (found version "3.8.10") 
-- Found ament_cmake_cppcheck: 0.10.7 (/opt/ros/galactic/share/ament_cmake_cppcheck/cmake)
-- Found ament_cmake_cpplint: 0.10.7 (/opt/ros/galactic/share/ament_cmake_cpplint/cmake)
-- Found ament_cmake_uncrustify: 0.10.7 (/opt/ros/galactic/share/ament_cmake_uncrustify/cmake)
-- Found ament_cmake_ros: 0.9.2 (/opt/ros/galactic/share/ament_cmake_ros/cmake)
-- Using all available rosidl_typesupport_c: rosidl_typesupport_microxrcedds_c;rosidl_typesupport_fastrtps_c;rosidl_typesupport_introspection_c
-- Using all available rosidl_typesupport_cpp: rosidl_typesupport_microxrcedds_cpp;rosidl_typesupport_fastrtps_cpp;rosidl_typesupport_introspection_cpp
-- Found PythonInterp: /usr/bin/python3 (found suitable version "3.8.10", minimum required is "3.5") 
-- Found python_cmake_module: 0.8.1 (/opt/ros/galactic/share/python_cmake_module/cmake)
-- Found PythonLibs: /usr/lib/x86_64-linux-gnu/libpython3.8.so (found suitable version "3.8.10", minimum required is "3.5") 
-- Using PYTHON_EXECUTABLE: /usr/bin/python3
-- Using PYTHON_INCLUDE_DIRS: /usr/include/python3.8
-- Using PYTHON_LIBRARIES: /usr/lib/x86_64-linux-gnu/libpython3.8.so
-- Found PythonExtra: .so  
-- Found ament_cmake_flake8: 0.10.7 (/opt/ros/galactic/share/ament_cmake_flake8/cmake)
-- Found ament_cmake_pep257: 0.10.7 (/opt/ros/galactic/share/ament_cmake_pep257/cmake)
-- Found ament_cmake_lint_cmake: 0.10.7 (/opt/ros/galactic/share/ament_cmake_lint_cmake/cmake)
-- Found launch_testing_ament_cmake: 0.17.2 (/opt/ros/galactic/share/launch_testing_ament_cmake/cmake)
-- Using PYTHON_EXECUTABLE: /usr/bin/python3
-- Using PYTHON_INCLUDE_DIRS: /usr/include/python3.8
-- Using PYTHON_LIBRARIES: /usr/lib/x86_64-linux-gnu/libpython3.8.so
-- Found gtest sources under '/opt/ros/galactic/src/gtest_vendor': C++ tests using 'Google Test' will be built
-- Check if compiler accepts -pthread
-- Check if compiler accepts -pthread - yes
-- Configuring done
-- Generating done
-- Build files have been written to: /home/coderey/ros2_ws/build/robot_localization
[  1%] [34m[1mGenerating C code for ROS interfaces[0m
[35m[1mScanning dependencies of target gtest_main[0m
[35m[1mScanning dependencies of target gtest[0m
[35m[1mScanning dependencies of target robot_localization__cpp[0m
[  2%] [34m[1mGenerating C++ code for ROS interfaces[0m
[  3%] [32mBuilding CXX object gtest/CMakeFiles/gtest_main.dir/src/gtest_main.cc.o[0m
[  3%] [32mBuilding CXX object gtest/CMakeFiles/gtest.dir/src/gtest-all.cc.o[0m
[  3%] Built target robot_localization__cpp
[  4%] [34m[1mGenerating C++ type support dispatch for ROS interfaces[0m
[  5%] [34m[1mGenerating C++ type support for eProsima Micro XRCE-DDS[0m
[  6%] [34m[1mGenerating C++ type support for eProsima Fast-RTPS[0m
[  7%] [34m[1mGenerating C++ introspection for ROS interfaces[0m
[  8%] [32m[1mLinking CXX static library libgtest_main.a[0m
[35m[1mScanning dependencies of target robot_localization__rosidl_generator_c[0m
[  8%] [32mBuilding C object CMakeFiles/robot_localization__rosidl_generator_c.dir/rosidl_generator_c/robot_localization/srv/detail/get_state__functions.c.o[0m
[  9%] [32mBuilding C object CMakeFiles/robot_localization__rosidl_generator_c.dir/rosidl_generator_c/robot_localization/srv/detail/from_ll__functions.c.o[0m
[  9%] Built target gtest_main
[ 10%] [32mBuilding C object CMakeFiles/robot_localization__rosidl_generator_c.dir/rosidl_generator_c/robot_localization/srv/detail/set_datum__functions.c.o[0m
[ 11%] [32mBuilding C object CMakeFiles/robot_localization__rosidl_generator_c.dir/rosidl_generator_c/robot_localization/srv/detail/set_pose__functions.c.o[0m
[ 12%] [32mBuilding C object CMakeFiles/robot_localization__rosidl_generator_c.dir/rosidl_generator_c/robot_localization/srv/detail/toggle_filter_processing__functions.c.o[0m
[ 12%] [32mBuilding C object CMakeFiles/robot_localization__rosidl_generator_c.dir/rosidl_generator_c/robot_localization/srv/detail/to_ll__functions.c.o[0m
[ 13%] [32m[1mLinking C shared library librobot_localization__rosidl_generator_c.so[0m
[ 13%] Built target robot_localization__rosidl_generator_c
[ 16%] [34m[1mGenerating C introspection for ROS interfaces[0m
[ 16%] [34m[1mGenerating C type support for eProsima Micro XRCE-DDS[0m
[ 16%] [34m[1mGenerating C type support dispatch for ROS interfaces[0m
[35m[1mScanning dependencies of target robot_localization__rosidl_typesupport_cpp[0m
[ 16%] [32mBuilding CXX object CMakeFiles/robot_localization__rosidl_typesupport_cpp.dir/rosidl_typesupport_cpp/robot_localization/srv/from_ll__type_support.cpp.o[0m
[35m[1mScanning dependencies of target robot_localization__rosidl_typesupport_introspection_cpp[0m
[ 16%] [32mBuilding CXX object CMakeFiles/robot_localization__rosidl_typesupport_introspection_cpp.dir/rosidl_typesupport_introspection_cpp/robot_localization/srv/detail/from_ll__type_support.cpp.o[0m
[35m[1mScanning dependencies of target robot_localization__rosidl_typesupport_microxrcedds_cpp[0m
[35m[1mScanning dependencies of target robot_localization__rosidl_typesupport_fastrtps_cpp[0m
[ 16%] [32mBuilding CXX object CMakeFiles/robot_localization__rosidl_typesupport_microxrcedds_cpp.dir/rosidl_typesupport_microxrcedds_cpp/robot_localization/srv/detail/microxrcedds/from_ll__type_support_cpp.cpp.o[0m
[ 16%] [32mBuilding CXX object CMakeFiles/robot_localization__rosidl_typesupport_fastrtps_cpp.dir/rosidl_typesupport_fastrtps_cpp/robot_localization/srv/detail/dds_fastrtps/from_ll__type_support.cpp.o[0m
[ 17%] [32mBuilding CXX object CMakeFiles/robot_localization__rosidl_typesupport_cpp.dir/rosidl_typesupport_cpp/robot_localization/srv/get_state__type_support.cpp.o[0m
[35m[1mScanning dependencies of target robot_localization__rosidl_typesupport_c[0m
[ 18%] [32mBuilding CXX object CMakeFiles/robot_localization__rosidl_typesupport_c.dir/rosidl_typesupport_c/robot_localization/srv/from_ll__type_support.cpp.o[0m
[ 19%] [32mBuilding CXX object CMakeFiles/robot_localization__rosidl_typesupport_c.dir/rosidl_typesupport_c/robot_localization/srv/get_state__type_support.cpp.o[0m
[ 20%] [32mBuilding CXX object CMakeFiles/robot_localization__rosidl_typesupport_introspection_cpp.dir/rosidl_typesupport_introspection_cpp/robot_localization/srv/detail/get_state__type_support.cpp.o[0m
[ 20%] [32mBuilding CXX object CMakeFiles/robot_localization__rosidl_typesupport_c.dir/rosidl_typesupport_c/robot_localization/srv/set_datum__type_support.cpp.o[0m
[ 21%] [32mBuilding CXX object CMakeFiles/robot_localization__rosidl_typesupport_c.dir/rosidl_typesupport_c/robot_localization/srv/set_pose__type_support.cpp.o[0m
[35m[1mScanning dependencies of target robot_localization__rosidl_typesupport_introspection_c[0m
[ 22%] [32mBuilding C object CMakeFiles/robot_localization__rosidl_typesupport_introspection_c.dir/rosidl_typesupport_introspection_c/robot_localization/srv/detail/from_ll__type_support.c.o[0m
[ 23%] [32mBuilding CXX object CMakeFiles/robot_localization__rosidl_typesupport_microxrcedds_cpp.dir/rosidl_typesupport_microxrcedds_cpp/robot_localization/srv/detail/microxrcedds/get_state__type_support_cpp.cpp.o[0m
[ 24%] [32mBuilding CXX object CMakeFiles/robot_localization__rosidl_typesupport_c.dir/rosidl_typesupport_c/robot_localization/srv/toggle_filter_processing__type_support.cpp.o[0m
[35m[1mScanning dependencies of target robot_localization__rosidl_typesupport_microxrcedds_c[0m
[ 25%] [32mBuilding CXX object CMakeFiles/robot_localization__rosidl_typesupport_c.dir/rosidl_typesupport_c/robot_localization/srv/to_ll__type_support.cpp.o[0m
[ 25%] [32mBuilding C object CMakeFiles/robot_localization__rosidl_typesupport_introspection_c.dir/rosidl_typesupport_introspection_c/robot_localization/srv/detail/get_state__type_support.c.o[0m
[ 26%] [32mBuilding C object CMakeFiles/robot_localization__rosidl_typesupport_microxrcedds_c.dir/rosidl_typesupport_microxrcedds_c/robot_localization/srv/detail/microxrcedds/from_ll__type_support_c.c.o[0m
[ 27%] [32mBuilding CXX object CMakeFiles/robot_localization__rosidl_typesupport_cpp.dir/rosidl_typesupport_cpp/robot_localization/srv/set_datum__type_support.cpp.o[0m
[ 27%] [32m[1mLinking CXX shared library librobot_localization__rosidl_typesupport_c.so[0m
[ 28%] [32mBuilding C object CMakeFiles/robot_localization__rosidl_typesupport_introspection_c.dir/rosidl_typesupport_introspection_c/robot_localization/srv/detail/set_datum__type_support.c.o[0m
[ 28%] [32mBuilding C object CMakeFiles/robot_localization__rosidl_typesupport_microxrcedds_c.dir/rosidl_typesupport_microxrcedds_c/robot_localization/srv/detail/microxrcedds/get_state__type_support_c.c.o[0m
[ 28%] Built target robot_localization__rosidl_typesupport_c
[ 29%] [32mBuilding CXX object CMakeFiles/robot_localization__rosidl_typesupport_fastrtps_cpp.dir/rosidl_typesupport_fastrtps_cpp/robot_localization/srv/detail/dds_fastrtps/get_state__type_support.cpp.o[0m
[ 30%] [32mBuilding CXX object CMakeFiles/robot_localization__rosidl_typesupport_microxrcedds_cpp.dir/rosidl_typesupport_microxrcedds_cpp/robot_localization/srv/detail/microxrcedds/set_datum__type_support_cpp.cpp.o[0m
[ 31%] [32mBuilding C object CMakeFiles/robot_localization__rosidl_typesupport_introspection_c.dir/rosidl_typesupport_introspection_c/robot_localization/srv/detail/set_pose__type_support.c.o[0m
[ 32%] [32mBuilding C object CMakeFiles/robot_localization__rosidl_typesupport_introspection_c.dir/rosidl_typesupport_introspection_c/robot_localization/srv/detail/toggle_filter_processing__type_support.c.o[0m
[ 33%] [32mBuilding C object CMakeFiles/robot_localization__rosidl_typesupport_microxrcedds_c.dir/rosidl_typesupport_microxrcedds_c/robot_localization/srv/detail/microxrcedds/set_datum__type_support_c.c.o[0m
[ 34%] [32mBuilding CXX object CMakeFiles/robot_localization__rosidl_typesupport_introspection_cpp.dir/rosidl_typesupport_introspection_cpp/robot_localization/srv/detail/set_datum__type_support.cpp.o[0m
[ 35%] [32mBuilding C object CMakeFiles/robot_localization__rosidl_typesupport_introspection_c.dir/rosidl_typesupport_introspection_c/robot_localization/srv/detail/to_ll__type_support.c.o[0m
[ 36%] [32mBuilding C object CMakeFiles/robot_localization__rosidl_typesupport_microxrcedds_c.dir/rosidl_typesupport_microxrcedds_c/robot_localization/srv/detail/microxrcedds/set_pose__type_support_c.c.o[0m
[ 36%] [32m[1mLinking C shared library librobot_localization__rosidl_typesupport_introspection_c.so[0m
[ 37%] [32mBuilding CXX object CMakeFiles/robot_localization__rosidl_typesupport_microxrcedds_cpp.dir/rosidl_typesupport_microxrcedds_cpp/robot_localization/srv/detail/microxrcedds/set_pose__type_support_cpp.cpp.o[0m
[ 37%] Built target robot_localization__rosidl_typesupport_introspection_c
[ 38%] [32mBuilding C object CMakeFiles/robot_localization__rosidl_typesupport_microxrcedds_c.dir/rosidl_typesupport_microxrcedds_c/robot_localization/srv/detail/microxrcedds/toggle_filter_processing__type_support_c.c.o[0m
[ 39%] [32mBuilding CXX object CMakeFiles/robot_localization__rosidl_typesupport_cpp.dir/rosidl_typesupport_cpp/robot_localization/srv/set_pose__type_support.cpp.o[0m
[ 39%] [32mBuilding CXX object CMakeFiles/robot_localization__rosidl_typesupport_microxrcedds_cpp.dir/rosidl_typesupport_microxrcedds_cpp/robot_localization/srv/detail/microxrcedds/toggle_filter_processing__type_support_cpp.cpp.o[0m
[ 39%] [32mBuilding C object CMakeFiles/robot_localization__rosidl_typesupport_microxrcedds_c.dir/rosidl_typesupport_microxrcedds_c/robot_localization/srv/detail/microxrcedds/to_ll__type_support_c.c.o[0m
[ 40%] [32mBuilding CXX object CMakeFiles/robot_localization__rosidl_typesupport_microxrcedds_cpp.dir/rosidl_typesupport_microxrcedds_cpp/robot_localization/srv/detail/microxrcedds/to_ll__type_support_cpp.cpp.o[0m
[ 41%] [32m[1mLinking C shared library librobot_localization__rosidl_typesupport_microxrcedds_c.so[0m
[ 42%] [32mBuilding CXX object CMakeFiles/robot_localization__rosidl_typesupport_introspection_cpp.dir/rosidl_typesupport_introspection_cpp/robot_localization/srv/detail/set_pose__type_support.cpp.o[0m
[ 42%] Built target robot_localization__rosidl_typesupport_microxrcedds_c
[ 43%] [32mBuilding CXX object CMakeFiles/robot_localization__rosidl_typesupport_cpp.dir/rosidl_typesupport_cpp/robot_localization/srv/toggle_filter_processing__type_support.cpp.o[0m
[ 44%] [32mBuilding CXX object CMakeFiles/robot_localization__rosidl_typesupport_fastrtps_cpp.dir/rosidl_typesupport_fastrtps_cpp/robot_localization/srv/detail/dds_fastrtps/set_datum__type_support.cpp.o[0m
[ 44%] [32mBuilding CXX object CMakeFiles/robot_localization__rosidl_typesupport_cpp.dir/rosidl_typesupport_cpp/robot_localization/srv/to_ll__type_support.cpp.o[0m
[ 45%] [32mBuilding CXX object CMakeFiles/robot_localization__rosidl_typesupport_fastrtps_cpp.dir/rosidl_typesupport_fastrtps_cpp/robot_localization/srv/detail/dds_fastrtps/set_pose__type_support.cpp.o[0m
[ 46%] [32mBuilding CXX object CMakeFiles/robot_localization__rosidl_typesupport_fastrtps_cpp.dir/rosidl_typesupport_fastrtps_cpp/robot_localization/srv/detail/dds_fastrtps/toggle_filter_processing__type_support.cpp.o[0m
[ 47%] [32m[1mLinking CXX shared library librobot_localization__rosidl_typesupport_microxrcedds_cpp.so[0m
[ 47%] [32mBuilding CXX object CMakeFiles/robot_localization__rosidl_typesupport_fastrtps_cpp.dir/rosidl_typesupport_fastrtps_cpp/robot_localization/srv/detail/dds_fastrtps/to_ll__type_support.cpp.o[0m
[ 47%] [32mBuilding CXX object CMakeFiles/robot_localization__rosidl_typesupport_introspection_cpp.dir/rosidl_typesupport_introspection_cpp/robot_localization/srv/detail/toggle_filter_processing__type_support.cpp.o[0m
[ 47%] Built target robot_localization__rosidl_typesupport_microxrcedds_cpp
[ 48%] [32mBuilding CXX object CMakeFiles/robot_localization__rosidl_typesupport_introspection_cpp.dir/rosidl_typesupport_introspection_cpp/robot_localization/srv/detail/to_ll__type_support.cpp.o[0m
[ 49%] [32m[1mLinking CXX shared library librobot_localization__rosidl_typesupport_cpp.so[0m
[ 49%] Built target robot_localization__rosidl_typesupport_cpp
[ 50%] [32m[1mLinking CXX shared library librobot_localization__rosidl_typesupport_introspection_cpp.so[0m
[ 50%] Built target robot_localization__rosidl_typesupport_introspection_cpp
[ 51%] [32m[1mLinking CXX shared library librobot_localization__rosidl_typesupport_fastrtps_cpp.so[0m
[ 51%] Built target robot_localization__rosidl_typesupport_fastrtps_cpp
[ 52%] [34m[1mGenerating C type support for eProsima Fast-RTPS[0m
[35m[1mScanning dependencies of target robot_localization__rosidl_typesupport_fastrtps_c[0m
[ 53%] [32mBuilding CXX object CMakeFiles/robot_localization__rosidl_typesupport_fastrtps_c.dir/rosidl_typesupport_fastrtps_c/robot_localization/srv/detail/set_datum__type_support_c.cpp.o[0m
[ 54%] [32mBuilding CXX object CMakeFiles/robot_localization__rosidl_typesupport_fastrtps_c.dir/rosidl_typesupport_fastrtps_c/robot_localization/srv/detail/get_state__type_support_c.cpp.o[0m
[ 54%] [32mBuilding CXX object CMakeFiles/robot_localization__rosidl_typesupport_fastrtps_c.dir/rosidl_typesupport_fastrtps_c/robot_localization/srv/detail/from_ll__type_support_c.cpp.o[0m
[ 55%] [32mBuilding CXX object CMakeFiles/robot_localization__rosidl_typesupport_fastrtps_c.dir/rosidl_typesupport_fastrtps_c/robot_localization/srv/detail/toggle_filter_processing__type_support_c.cpp.o[0m
[ 56%] [32mBuilding CXX object CMakeFiles/robot_localization__rosidl_typesupport_fastrtps_c.dir/rosidl_typesupport_fastrtps_c/robot_localization/srv/detail/set_pose__type_support_c.cpp.o[0m
[ 57%] [32mBuilding CXX object CMakeFiles/robot_localization__rosidl_typesupport_fastrtps_c.dir/rosidl_typesupport_fastrtps_c/robot_localization/srv/detail/to_ll__type_support_c.cpp.o[0m
[ 57%] [32m[1mLinking CXX shared library librobot_localization__rosidl_typesupport_fastrtps_c.so[0m
[ 57%] Built target robot_localization__rosidl_typesupport_fastrtps_c
[35m[1mScanning dependencies of target robot_localization[0m
[ 57%] Built target robot_localization
[35m[1mScanning dependencies of target robot_localization__py[0m
[35m[1mScanning dependencies of target rl_lib[0m
[ 58%] [34m[1mGenerating Python code for ROS interfaces[0m
[ 60%] [32mBuilding CXX object CMakeFiles/rl_lib.dir/src/ekf.cpp.o[0m
[ 60%] [32mBuilding CXX object CMakeFiles/rl_lib.dir/src/filter_base.cpp.o[0m
[ 61%] [32mBuilding CXX object CMakeFiles/rl_lib.dir/src/ukf.cpp.o[0m
[ 61%] [32mBuilding CXX object CMakeFiles/rl_lib.dir/src/filter_utilities.cpp.o[0m
[ 62%] [32mBuilding CXX object CMakeFiles/rl_lib.dir/src/navsat_transform.cpp.o[0m
[ 63%] [32mBuilding CXX object CMakeFiles/rl_lib.dir/src/robot_localization_estimator.cpp.o[0m
[ 63%] Built target robot_localization__py
[35m[1mScanning dependencies of target robot_localization__python[0m
[ 63%] [32mBuilding C object CMakeFiles/robot_localization__python.dir/rosidl_generator_py/robot_localization/srv/_from_ll_s.c.o[0m
[ 64%] [32mBuilding CXX object CMakeFiles/rl_lib.dir/src/ros_filter.cpp.o[0m
[ 65%] [32mBuilding C object CMakeFiles/robot_localization__python.dir/rosidl_generator_py/robot_localization/srv/_get_state_s.c.o[0m
[ 66%] [32mBuilding C object CMakeFiles/robot_localization__python.dir/rosidl_generator_py/robot_localization/srv/_set_datum_s.c.o[0m
[ 67%] [32mBuilding C object CMakeFiles/robot_localization__python.dir/rosidl_generator_py/robot_localization/srv/_set_pose_s.c.o[0m
[ 67%] [32mBuilding C object CMakeFiles/robot_localization__python.dir/rosidl_generator_py/robot_localization/srv/_toggle_filter_processing_s.c.o[0m
[ 68%] [32mBuilding C object CMakeFiles/robot_localization__python.dir/rosidl_generator_py/robot_localization/srv/_to_ll_s.c.o[0m
[ 69%] [32m[1mLinking C shared library rosidl_generator_py/robot_localization/librobot_localization__python.so[0m
[ 69%] Built target robot_localization__python
[35m[1mScanning dependencies of target robot_localization__rosidl_typesupport_microxrcedds_c__pyext[0m
[ 70%] [32mBuilding C object CMakeFiles/robot_localization__rosidl_typesupport_microxrcedds_c__pyext.dir/rosidl_generator_py/robot_localization/_robot_localization_s.ep.rosidl_typesupport_microxrcedds_c.c.o[0m
[ 70%] [32mBuilding CXX object CMakeFiles/rl_lib.dir/src/ros_filter_utilities.cpp.o[0m
[ 71%] [32m[1mLinking C shared library rosidl_generator_py/robot_localization/robot_localization_s__rosidl_typesupport_microxrcedds_c.cpython-38-x86_64-linux-gnu.so[0m
[ 71%] Built target robot_localization__rosidl_typesupport_microxrcedds_c__pyext
[35m[1mScanning dependencies of target robot_localization__rosidl_typesupport_fastrtps_c__pyext[0m
[ 72%] [32mBuilding C object CMakeFiles/robot_localization__rosidl_typesupport_fastrtps_c__pyext.dir/rosidl_generator_py/robot_localization/_robot_localization_s.ep.rosidl_typesupport_fastrtps_c.c.o[0m
[ 73%] [32m[1mLinking CXX shared library rosidl_generator_py/robot_localization/robot_localization_s__rosidl_typesupport_fastrtps_c.cpython-38-x86_64-linux-gnu.so[0m
[ 73%] Built target robot_localization__rosidl_typesupport_fastrtps_c__pyext
[35m[1mScanning dependencies of target robot_localization__rosidl_typesupport_introspection_c__pyext[0m
[ 74%] [32mBuilding C object CMakeFiles/robot_localization__rosidl_typesupport_introspection_c__pyext.dir/rosidl_generator_py/robot_localization/_robot_localization_s.ep.rosidl_typesupport_introspection_c.c.o[0m
[ 75%] [32m[1mLinking C shared library rosidl_generator_py/robot_localization/robot_localization_s__rosidl_typesupport_introspection_c.cpython-38-x86_64-linux-gnu.so[0m
[ 75%] Built target robot_localization__rosidl_typesupport_introspection_c__pyext
[35m[1mScanning dependencies of target robot_localization__rosidl_typesupport_c__pyext[0m
[ 76%] [32mBuilding C object CMakeFiles/robot_localization__rosidl_typesupport_c__pyext.dir/rosidl_generator_py/robot_localization/_robot_localization_s.ep.rosidl_typesupport_c.c.o[0m
[ 77%] [32m[1mLinking C shared library rosidl_generator_py/robot_localization/robot_localization_s__rosidl_typesupport_c.cpython-38-x86_64-linux-gnu.so[0m
[ 77%] Built target robot_localization__rosidl_typesupport_c__pyext
[ 78%] [32mBuilding CXX object CMakeFiles/rl_lib.dir/src/ros_robot_localization_listener.cpp.o[0m
[ 79%] [32m[1mLinking CXX static library libgtest.a[0m
[ 79%] Built target gtest
[ 80%] [32m[1mLinking CXX shared library librl_lib.so[0m
[ 80%] Built target rl_lib
[35m[1mScanning dependencies of target test_ros_robot_localization_listener[0m
[35m[1mScanning dependencies of target ukf_node[0m
[35m[1mScanning dependencies of target ekf_node[0m
[35m[1mScanning dependencies of target test_ekf[0m
[35m[1mScanning dependencies of target test_ros_robot_localization_listener_publisher[0m
[35m[1mScanning dependencies of target test_ukf[0m
[35m[1mScanning dependencies of target filter_base-test[0m
[35m[1mScanning dependencies of target test_robot_localization_estimator[0m
[ 81%] [32mBuilding CXX object CMakeFiles/filter_base-test.dir/test/test_filter_base.cpp.o[0m
[ 82%] [32mBuilding CXX object CMakeFiles/test_ros_robot_localization_listener_publisher.dir/test/test_ros_robot_localization_listener_publisher.cpp.o[0m
[ 82%] [32mBuilding CXX object CMakeFiles/test_ekf.dir/test/test_ekf.cpp.o[0m
[ 83%] [32mBuilding CXX object CMakeFiles/test_ros_robot_localization_listener.dir/test/test_ros_robot_localization_listener.cpp.o[0m
[ 83%] [32mBuilding CXX object CMakeFiles/ekf_node.dir/src/ekf_node.cpp.o[0m
[ 84%] [32mBuilding CXX object CMakeFiles/test_ukf.dir/test/test_ukf.cpp.o[0m
[ 85%] [32mBuilding CXX object CMakeFiles/ukf_node.dir/src/ukf_node.cpp.o[0m
[ 86%] [32mBuilding CXX object CMakeFiles/test_robot_localization_estimator.dir/test/test_robot_localization_estimator.cpp.o[0m
[ 87%] [32m[1mLinking CXX executable filter_base-test[0m
[ 87%] Built target filter_base-test
[35m[1mScanning dependencies of target navsat_transform_node[0m
[ 87%] [32mBuilding CXX object CMakeFiles/navsat_transform_node.dir/src/navsat_transform_node.cpp.o[0m
[ 88%] [32m[1mLinking CXX executable ekf_node[0m
[ 89%] [32m[1mLinking CXX executable ukf_node[0m
[ 90%] [32m[1mLinking CXX executable test_robot_localization_estimator[0m
[ 90%] Built target ekf_node
[35m[1mScanning dependencies of target robot_localization_listener_node[0m
[ 91%] [32mBuilding CXX object CMakeFiles/robot_localization_listener_node.dir/src/robot_localization_listener_node.cpp.o[0m
[ 91%] Built target ukf_node
[35m[1mScanning dependencies of target test_ukf_localization_node_interfaces[0m
[ 91%] Built target test_robot_localization_estimator
[ 92%] [32mBuilding CXX object CMakeFiles/test_ukf_localization_node_interfaces.dir/test/test_ukf_localization_node_interfaces.cpp.o[0m
[35m[1mScanning dependencies of target test_ekf_localization_node_interfaces[0m
[ 93%] [32mBuilding CXX object CMakeFiles/test_ekf_localization_node_interfaces.dir/test/test_ekf_localization_node_interfaces.cpp.o[0m
[ 93%] [32m[1mLinking CXX executable test_ros_robot_localization_listener[0m
[ 93%] Built target test_ros_robot_localization_listener
[35m[1mScanning dependencies of target test_filter_base_diagnostics_timestamps[0m
[ 93%] [32mBuilding CXX object CMakeFiles/test_filter_base_diagnostics_timestamps.dir/test/test_filter_base_diagnostics_timestamps.cpp.o[0m
[ 93%] [32m[1mLinking CXX executable test_ukf[0m
[ 93%] Built target test_ukf
[ 94%] [32m[1mLinking CXX executable navsat_transform_node[0m
[ 95%] [32m[1mLinking CXX executable test_ekf[0m
[ 95%] Built target navsat_transform_node
[ 95%] Built target test_ekf
[ 96%] [32m[1mLinking CXX executable test_ros_robot_localization_listener_publisher[0m
[ 96%] Built target test_ros_robot_localization_listener_publisher
[ 97%] [32m[1mLinking CXX executable robot_localization_listener_node[0m
[ 97%] Built target robot_localization_listener_node
[ 98%] [32m[1mLinking CXX executable test_filter_base_diagnostics_timestamps[0m
[ 98%] Built target test_filter_base_diagnostics_timestamps
[ 99%] [32m[1mLinking CXX executable test_ukf_localization_node_interfaces[0m
[ 99%] Built target test_ukf_localization_node_interfaces
[100%] [32m[1mLinking CXX executable test_ekf_localization_node_interfaces[0m
[100%] Built target test_ekf_localization_node_interfaces
-- Install configuration: "RelWithDebInfo"
-- Up-to-date: /home/coderey/ros2_ws/install/robot_localization/include/robot_localization
-- Up-to-date: /home/coderey/ros2_ws/install/robot_localization/include/robot_localization/srv
-- Up-to-date: /home/coderey/ros2_ws/install/robot_localization/include/robot_localization/srv/detail
-- Installing: /home/coderey/ros2_ws/install/robot_localization/include/robot_localization/srv/detail/set_datum__functions.c
-- Installing: /home/coderey/ros2_ws/install/robot_localization/include/robot_localization/srv/detail/set_pose__functions.c
-- Installing: /home/coderey/ros2_ws/install/robot_localization/include/robot_localization/srv/detail/to_ll__functions.c
-- Installing: /home/coderey/ros2_ws/install/robot_localization/include/robot_localization/srv/detail/from_ll__functions.c
-- Installing: /home/coderey/ros2_ws/install/robot_localization/include/robot_localization/srv/detail/toggle_filter_processing__functions.c
-- Installing: /home/coderey/ros2_ws/install/robot_localization/include/robot_localization/srv/detail/get_state__functions.c
-- Up-to-date: /home/coderey/ros2_ws/install/robot_localization/include/robot_localization/msg
-- Installing: /home/coderey/ros2_ws/install/robot_localization/lib/librobot_localization__rosidl_generator_c.so
-- Set runtime path of "/home/coderey/ros2_ws/install/robot_localization/lib/librobot_localization__rosidl_generator_c.so" to ""
-- Up-to-date: /home/coderey/ros2_ws/install/robot_localization/include/robot_localization
-- Up-to-date: /home/coderey/ros2_ws/install/robot_localization/include/robot_localization/srv
-- Up-to-date: /home/coderey/ros2_ws/install/robot_localization/include/robot_localization/srv/detail
-- Up-to-date: /home/coderey/ros2_ws/install/robot_localization/include/robot_localization/srv/detail/microxrcedds
-- Up-to-date: /home/coderey/ros2_ws/install/robot_localization/include/robot_localization/msg
-- Up-to-date: /home/coderey/ros2_ws/install/robot_localization/include/robot_localization
-- Up-to-date: /home/coderey/ros2_ws/install/robot_localization/include/robot_localization/srv
-- Up-to-date: /home/coderey/ros2_ws/install/robot_localization/include/robot_localization/srv/detail
-- Up-to-date: /home/coderey/ros2_ws/install/robot_localization/include/robot_localization/msg
-- Up-to-date: /home/coderey/ros2_ws/install/robot_localization/include/robot_localization
-- Up-to-date: /home/coderey/ros2_ws/install/robot_localization/include/robot_localization/srv
-- Up-to-date: /home/coderey/ros2_ws/install/robot_localization/include/robot_localization/srv/detail
-- Up-to-date: /home/coderey/ros2_ws/install/robot_localization/include/robot_localization/srv/detail/dds_fastrtps
-- Up-to-date: /home/coderey/ros2_ws/install/robot_localization/include/robot_localization/msg
-- Up-to-date: /home/coderey/ros2_ws/install/robot_localization/include/robot_localization
-- Up-to-date: /home/coderey/ros2_ws/install/robot_localization/include/robot_localization/srv
-- Up-to-date: /home/coderey/ros2_ws/install/robot_localization/include/robot_localization/srv/detail
-- Installing: /home/coderey/ros2_ws/install/robot_localization/include/robot_localization/srv/detail/get_state__type_support.c
-- Installing: /home/coderey/ros2_ws/install/robot_localization/include/robot_localization/srv/detail/set_pose__type_support.c
-- Installing: /home/coderey/ros2_ws/install/robot_localization/include/robot_localization/srv/detail/to_ll__type_support.c
-- Installing: /home/coderey/ros2_ws/install/robot_localization/include/robot_localization/srv/detail/toggle_filter_processing__type_support.c
-- Installing: /home/coderey/ros2_ws/install/robot_localization/include/robot_localization/srv/detail/set_datum__type_support.c
-- Installing: /home/coderey/ros2_ws/install/robot_localization/include/robot_localization/srv/detail/from_ll__type_support.c
-- Up-to-date: /home/coderey/ros2_ws/install/robot_localization/include/robot_localization/msg
-- Installing: /home/coderey/ros2_ws/install/robot_localization/lib/librobot_localization__rosidl_typesupport_introspection_c.so
-- Set runtime path of "/home/coderey/ros2_ws/install/robot_localization/lib/librobot_localization__rosidl_typesupport_introspection_c.so" to ""
-- Installing: /home/coderey/ros2_ws/install/robot_localization/lib/librobot_localization__rosidl_typesupport_c.so
-- Set runtime path of "/home/coderey/ros2_ws/install/robot_localization/lib/librobot_localization__rosidl_typesupport_c.so" to ""
-- Up-to-date: /home/coderey/ros2_ws/install/robot_localization/include/robot_localization
-- Up-to-date: /home/coderey/ros2_ws/install/robot_localization/include/robot_localization/srv
-- Up-to-date: /home/coderey/ros2_ws/install/robot_localization/include/robot_localization/srv/detail
-- Up-to-date: /home/coderey/ros2_ws/install/robot_localization/include/robot_localization
-- Up-to-date: /home/coderey/ros2_ws/install/robot_localization/include/robot_localization/srv
-- Up-to-date: /home/coderey/ros2_ws/install/robot_localization/include/robot_localization/srv/detail
-- Up-to-date: /home/coderey/ros2_ws/install/robot_localization/include/robot_localization/srv/detail/microxrcedds
-- Up-to-date: /home/coderey/ros2_ws/install/robot_localization/include/robot_localization/msg
-- Up-to-date: /home/coderey/ros2_ws/install/robot_localization/include/robot_localization
-- Up-to-date: /home/coderey/ros2_ws/install/robot_localization/include/robot_localization/srv
-- Up-to-date: /home/coderey/ros2_ws/install/robot_localization/include/robot_localization/srv/detail
-- Installing: /home/coderey/ros2_ws/install/robot_localization/include/robot_localization/srv/detail/get_state__type_support.cpp
-- Installing: /home/coderey/ros2_ws/install/robot_localization/include/robot_localization/srv/detail/from_ll__type_support.cpp
-- Installing: /home/coderey/ros2_ws/install/robot_localization/include/robot_localization/srv/detail/set_pose__type_support.cpp
-- Installing: /home/coderey/ros2_ws/install/robot_localization/include/robot_localization/srv/detail/to_ll__type_support.cpp
-- Installing: /home/coderey/ros2_ws/install/robot_localization/include/robot_localization/srv/detail/set_datum__type_support.cpp
-- Installing: /home/coderey/ros2_ws/install/robot_localization/include/robot_localization/srv/detail/toggle_filter_processing__type_support.cpp
-- Installing: /home/coderey/ros2_ws/install/robot_localization/lib/librobot_localization__rosidl_typesupport_introspection_cpp.so
-- Set runtime path of "/home/coderey/ros2_ws/install/robot_localization/lib/librobot_localization__rosidl_typesupport_introspection_cpp.so" to ""
-- Installing: /home/coderey/ros2_ws/install/robot_localization/lib/librobot_localization__rosidl_typesupport_cpp.so
-- Set runtime path of "/home/coderey/ros2_ws/install/robot_localization/lib/librobot_localization__rosidl_typesupport_cpp.so" to ""
Compiling '/home/coderey/ros2_ws/install/robot_localization/lib/python3.8/site-packages/robot_localization/__init__.py'...
-- Up-to-date: /home/coderey/ros2_ws/install/robot_localization/lib/python3.8/site-packages/robot_localization/srv
-- Installing: /home/coderey/ros2_ws/install/robot_localization/lib/python3.8/site-packages/robot_localization/srv/_get_state_s.c
-- Installing: /home/coderey/ros2_ws/install/robot_localization/lib/python3.8/site-packages/robot_localization/srv/_set_pose_s.c
-- Installing: /home/coderey/ros2_ws/install/robot_localization/lib/python3.8/site-packages/robot_localization/srv/_toggle_filter_processing_s.c
-- Installing: /home/coderey/ros2_ws/install/robot_localization/lib/python3.8/site-packages/robot_localization/srv/_set_datum_s.c
-- Installing: /home/coderey/ros2_ws/install/robot_localization/lib/python3.8/site-packages/robot_localization/srv/_to_ll_s.c
-- Installing: /home/coderey/ros2_ws/install/robot_localization/lib/python3.8/site-packages/robot_localization/srv/_from_ll_s.c
-- Up-to-date: /home/coderey/ros2_ws/install/robot_localization/share/robot_localization/test
-- Up-to-date: /home/coderey/ros2_ws/install/robot_localization/share/robot_localization/test/test_ukf_localization_node_bag1.yaml
-- Up-to-date: /home/coderey/ros2_ws/install/robot_localization/share/robot_localization/test/test1.bag
-- Up-to-date: /home/coderey/ros2_ws/install/robot_localization/share/robot_localization/test/test_ukf_localization_node_bag1.sh
-- Up-to-date: /home/coderey/ros2_ws/install/robot_localization/share/robot_localization/test/test_filter_base.cpp
-- Up-to-date: /home/coderey/ros2_ws/install/robot_localization/share/robot_localization/test/test_ukf_localization_node_bag2.yaml
-- Up-to-date: /home/coderey/ros2_ws/install/robot_localization/share/robot_localization/test/test_filter_base_diagnostics_timestamps.launch.py
-- Up-to-date: /home/coderey/ros2_ws/install/robot_localization/share/robot_localization/test/test_ukf_localization_node_bag1.launch.py
-- Up-to-date: /home/coderey/ros2_ws/install/robot_localization/share/robot_localization/test/test_ekf_localization_node_bag2.sh
-- Up-to-date: /home/coderey/ros2_ws/install/robot_localization/share/robot_localization/test/test_filter_base_diagnostics_timestamps.cpp
-- Up-to-date: /home/coderey/ros2_ws/install/robot_localization/share/robot_localization/test/test_ros_robot_localization_listener.launch.py
-- Up-to-date: /home/coderey/ros2_ws/install/robot_localization/share/robot_localization/test/test_ros_robot_localization_listener_publisher.cpp
-- Up-to-date: /home/coderey/ros2_ws/install/robot_localization/share/robot_localization/test/test_ukf.cpp
-- Up-to-date: /home/coderey/ros2_ws/install/robot_localization/share/robot_localization/test/test_ekf_localization_node_bag1.launch.py
-- Up-to-date: /home/coderey/ros2_ws/install/robot_localization/share/robot_localization/test/test_ukf_localization_node_bag3.yaml
-- Up-to-date: /home/coderey/ros2_ws/install/robot_localization/share/robot_localization/test/test_ekf_localization_node_bag3.launch.py
-- Up-to-date: /home/coderey/ros2_ws/install/robot_localization/share/robot_localization/test/test_ekf_localization_node_interfaces.cpp
-- Up-to-date: /home/coderey/ros2_ws/install/robot_localization/share/robot_localization/test/test_ukf_localization_node_interfaces.launch.py
-- Up-to-date: /home/coderey/ros2_ws/install/robot_localization/share/robot_localization/test/test_ukf_localization_node_bag2.sh
-- Up-to-date: /home/coderey/ros2_ws/install/robot_localization/share/robot_localization/test/test_ekf_localization_node_bag2.yaml
-- Up-to-date: /home/coderey/ros2_ws/install/robot_localization/share/robot_localization/test/test_ukf_localization_node_interfaces.yaml
-- Up-to-date: /home/coderey/ros2_ws/install/robot_localization/share/robot_localization/test/test_robot_localization_estimator.launch.py
-- Up-to-date: /home/coderey/ros2_ws/install/robot_localization/share/robot_localization/test/test_robot_localization_estimator.cpp
-- Up-to-date: /home/coderey/ros2_ws/install/robot_localization/share/robot_localization/test/test_ekf_localization_node_bag1.yaml
-- Up-to-date: /home/coderey/ros2_ws/install/robot_localization/share/robot_localization/test/test_ukf_localization_node_bag3.sh
-- Up-to-date: /home/coderey/ros2_ws/install/robot_localization/share/robot_localization/test/test2.bag
-- Up-to-date: /home/coderey/ros2_ws/install/robot_localization/share/robot_localization/test/test_ekf_localization_node_interfaces.launch.py
-- Up-to-date: /home/coderey/ros2_ws/install/robot_localization/share/robot_localization/test/test_ekf_localization_node_bag3.yaml
-- Up-to-date: /home/coderey/ros2_ws/install/robot_localization/share/robot_localization/test/test_ekf_localization_node_interfaces.yaml
-- Up-to-date: /home/coderey/ros2_ws/install/robot_localization/share/robot_localization/test/test_ros_robot_localization_listener.yaml
-- Up-to-date: /home/coderey/ros2_ws/install/robot_localization/share/robot_localization/test/test_localization_node_bag_pose_tester.cpp
-- Up-to-date: /home/coderey/ros2_ws/install/robot_localization/share/robot_localization/test/test_ros_robot_localization_listener.cpp
-- Up-to-date: /home/coderey/ros2_ws/install/robot_localization/share/robot_localization/test/test3.bag
-- Up-to-date: /home/coderey/ros2_ws/install/robot_localization/share/robot_localization/test/test_ekf_localization_node_bag1.sh
-- Up-to-date: /home/coderey/ros2_ws/install/robot_localization/share/robot_localization/test/test_ukf_localization_node_bag2.launch.py
-- Up-to-date: /home/coderey/ros2_ws/install/robot_localization/share/robot_localization/test/test_ekf.cpp
-- Up-to-date: /home/coderey/ros2_ws/install/robot_localization/share/robot_localization/test/test_ekf_localization_node_bag2.launch.py
-- Up-to-date: /home/coderey/ros2_ws/install/robot_localization/share/robot_localization/test/test_ukf_localization_node_bag3.launch.py
-- Up-to-date: /home/coderey/ros2_ws/install/robot_localization/share/robot_localization/test/test_ukf_localization_node_interfaces.cpp
-- Up-to-date: /home/coderey/ros2_ws/install/robot_localization/share/robot_localization/test/test_ekf_localization_node_bag3.sh
-- Up-to-date: /home/coderey/ros2_ws/install/robot_localization/share/robot_localization/test/test_filter_base_diagnostics_timestamps.yaml
-- Up-to-date: /home/coderey/ros2_ws/install/robot_localization/share/robot_localization/params
-- Up-to-date: /home/coderey/ros2_ws/install/robot_localization/share/robot_localization/params/ekf.yaml
-- Up-to-date: /home/coderey/ros2_ws/install/robot_localization/share/robot_localization/params/ukf.yaml
-- Up-to-date: /home/coderey/ros2_ws/install/robot_localization/share/robot_localization/params/imu.yaml
-- Up-to-date: /home/coderey/ros2_ws/install/robot_localization/share/robot_localization/params/dual_ekf_navsat_example.yaml
-- Up-to-date: /home/coderey/ros2_ws/install/robot_localization/share/robot_localization/params/navsat_transform.yaml
-- Up-to-date: /home/coderey/ros2_ws/install/robot_localization/share/robot_localization/params/ekf_em.yaml
-- Up-to-date: /home/coderey/ros2_ws/install/robot_localization/share/robot_localization/launch
-- Up-to-date: /home/coderey/ros2_ws/install/robot_localization/share/robot_localization/launch/dual_ekf_navsat_example.launch.py
-- Up-to-date: /home/coderey/ros2_ws/install/robot_localization/share/robot_localization/launch/ukf.launch.py
-- Up-to-date: /home/coderey/ros2_ws/install/robot_localization/share/robot_localization/launch/navsat_transform.launch.py
-- Up-to-date: /home/coderey/ros2_ws/install/robot_localization/share/robot_localization/launch/ekf.launch.py
-- Installing: /home/coderey/ros2_ws/install/robot_localization/share/robot_localization/package.dsv
-- Installing: /home/coderey/ros2_ws/install/robot_localization/share/robot_localization/cmake/robot_localization__rosidl_generator_cExport.cmake
-- Installing: /home/coderey/ros2_ws/install/robot_localization/share/robot_localization/cmake/robot_localization__rosidl_generator_cExport-relwithdebinfo.cmake
-- Installing: /home/coderey/ros2_ws/install/robot_localization/share/robot_localization/cmake/robot_localization__rosidl_typesupport_introspection_cExport.cmake
-- Installing: /home/coderey/ros2_ws/install/robot_localization/share/robot_localization/cmake/robot_localization__rosidl_typesupport_introspection_cExport-relwithdebinfo.cmake
-- Installing: /home/coderey/ros2_ws/install/robot_localization/share/robot_localization/cmake/robot_localization__rosidl_typesupport_cExport.cmake
-- Installing: /home/coderey/ros2_ws/install/robot_localization/share/robot_localization/cmake/robot_localization__rosidl_typesupport_cExport-relwithdebinfo.cmake
-- Installing: /home/coderey/ros2_ws/install/robot_localization/share/robot_localization/cmake/robot_localization__rosidl_generator_cppExport.cmake
-- Installing: /home/coderey/ros2_ws/install/robot_localization/share/robot_localization/cmake/robot_localization__rosidl_typesupport_introspection_cppExport.cmake
-- Installing: /home/coderey/ros2_ws/install/robot_localization/share/robot_localization/cmake/robot_localization__rosidl_typesupport_introspection_cppExport-relwithdebinfo.cmake
-- Installing: /home/coderey/ros2_ws/install/robot_localization/share/robot_localization/cmake/robot_localization__rosidl_typesupport_cppExport.cmake
-- Installing: /home/coderey/ros2_ws/install/robot_localization/share/robot_localization/cmake/robot_localization__rosidl_typesupport_cppExport-relwithdebinfo.cmake
