[0.765s] Invoking command in '/home/coderey/ros2_ws/build/robot_localization': CMAKE_PREFIX_PATH=${CMAKE_PREFIX_PATH}:/home/coderey/ros2_ws/install/nav2_simple_commander:/home/coderey/ros2_ws/install/nav2_gazebo_spawner:/home/coderey/ros2_ws/install/mob_rob_loca:/home/coderey/ros2_ws/install/bno055:/home/coderey/microros_ws/install/sensor_msgs_py:/opt/ros/galactic /usr/bin/cmake /home/coderey/ros2_ws/src/robot_localization -DCMAKE_INSTALL_PREFIX=/home/coderey/ros2_ws/install/robot_localization
[0.816s] -- The C compiler identification is GNU 9.4.0
[0.860s] -- The CXX compiler identification is GNU 9.4.0
[0.868s] -- Check for working C compiler: /usr/bin/cc
[0.929s] -- Check for working C compiler: /usr/bin/cc -- works
[0.930s] -- Detecting C compiler ABI info
[0.990s] -- Detecting C compiler ABI info - done
[1.004s] -- Detecting C compile features
[1.005s] -- Detecting C compile features - done
[1.007s] -- Check for working CXX compiler: /usr/bin/c++
[1.075s] -- Check for working CXX compiler: /usr/bin/c++ -- works
[1.076s] -- Detecting CXX compiler ABI info
[1.157s] -- Detecting CXX compiler ABI info - done
[1.172s] -- Detecting CXX compile features
[1.172s] -- Detecting CXX compile features - done
[1.173s] -- robot_localization: You did not request a specific build type: selecting 'RelWithDebInfo'.
[1.178s] -- Found ament_cmake: 1.1.6 (/opt/ros/galactic/share/ament_cmake/cmake)
[1.221s] -- Found PythonInterp: /usr/bin/python3 (found suitable version "3.8.10", minimum required is "3") 
[1.221s] -- Using PYTHON_EXECUTABLE: /usr/bin/python3
[1.344s] -- Found rclcpp: 9.2.2 (/opt/ros/galactic/share/rclcpp/cmake)
[1.405s] -- Using all available rosidl_typesupport_c: rosidl_typesupport_microxrcedds_c;rosidl_typesupport_fastrtps_c;rosidl_typesupport_introspection_c
[1.415s] -- Found rosidl_adapter: 2.2.3 (/opt/ros/galactic/share/rosidl_adapter/cmake)
[1.537s] -- Found OpenSSL: /usr/lib/x86_64-linux-gnu/libcrypto.so (found version "1.1.1f")  
[1.581s] -- Found FastRTPS: /opt/ros/galactic/include  
[1.660s] -- Using all available rosidl_typesupport_cpp: rosidl_typesupport_microxrcedds_cpp;rosidl_typesupport_fastrtps_cpp;rosidl_typesupport_introspection_cpp
[1.726s] -- Found rmw_implementation_cmake: 3.3.1 (/opt/ros/galactic/share/rmw_implementation_cmake/cmake)
[1.733s] -- Found rmw_cyclonedds_cpp: 0.22.6 (/opt/ros/galactic/share/rmw_cyclonedds_cpp/cmake)
[1.750s] -- Using RMW implementation 'rmw_cyclonedds_cpp' as default
[1.751s] -- Looking for pthread.h
[1.813s] -- Looking for pthread.h - found
[1.813s] -- Performing Test CMAKE_HAVE_LIBC_PTHREAD
[1.875s] -- Performing Test CMAKE_HAVE_LIBC_PTHREAD - Failed
[1.875s] -- Looking for pthread_create in pthreads
[1.928s] -- Looking for pthread_create in pthreads - not found
[1.929s] -- Looking for pthread_create in pthread
[1.991s] -- Looking for pthread_create in pthread - found
[1.992s] -- Found Threads: TRUE  
[2.098s] -- Found diagnostic_msgs: 2.2.4 (/home/coderey/microros_ws/install/diagnostic_msgs/share/diagnostic_msgs/cmake)
[2.120s] -- Found diagnostic_updater: 2.1.3 (/opt/ros/galactic/share/diagnostic_updater/cmake)
[2.136s] -- Found geographic_msgs: 1.0.4 (/opt/ros/galactic/share/geographic_msgs/cmake)
[2.235s] -- Found message_filters: 3.2.6 (/opt/ros/galactic/share/message_filters/cmake)
[2.241s] -- Found nav_msgs: 2.2.4 (/home/coderey/microros_ws/install/nav_msgs/share/nav_msgs/cmake)
[2.293s] -- Found rosidl_default_generators: 1.1.1 (/opt/ros/galactic/share/rosidl_default_generators/cmake)
[2.308s] -- Found sensor_msgs: 2.2.4 (/home/coderey/microros_ws/install/sensor_msgs/share/sensor_msgs/cmake)
[2.359s] -- Found std_srvs: 2.2.4 (/home/coderey/microros_ws/install/std_srvs/share/std_srvs/cmake)
[2.368s] -- Found tf2: 0.17.5 (/opt/ros/galactic/share/tf2/cmake)
[2.379s] -- Found tf2_eigen: 0.17.5 (/opt/ros/galactic/share/tf2_eigen/cmake)
[2.620s] -- Found tf2_geometry_msgs: 0.17.5 (/opt/ros/galactic/share/tf2_geometry_msgs/cmake)
[2.629s] -- Found Eigen3: TRUE (found version "3.3.7") 
[2.657s] -- Found Boost: /usr/lib/x86_64-linux-gnu/cmake/Boost-1.71.0/BoostConfig.cmake (found version "1.71.0")  
[2.660s] -- Found yaml_cpp_vendor: 7.1.1 (/opt/ros/galactic/share/yaml_cpp_vendor/cmake)
[2.665s] -- Found GeographicLib: /usr/lib/x86_64-linux-gnu  
[2.699s] -- Found PythonInterp: /usr/bin/python3 (found version "3.8.10") 
[2.899s] -- Found ament_cmake_cppcheck: 0.10.7 (/opt/ros/galactic/share/ament_cmake_cppcheck/cmake)
[2.903s] -- Found ament_cmake_cpplint: 0.10.7 (/opt/ros/galactic/share/ament_cmake_cpplint/cmake)
[2.906s] -- Found ament_cmake_uncrustify: 0.10.7 (/opt/ros/galactic/share/ament_cmake_uncrustify/cmake)
[2.910s] -- Found ament_cmake_ros: 0.9.2 (/opt/ros/galactic/share/ament_cmake_ros/cmake)
[3.171s] -- Using all available rosidl_typesupport_c: rosidl_typesupport_microxrcedds_c;rosidl_typesupport_fastrtps_c;rosidl_typesupport_introspection_c
[3.303s] -- Using all available rosidl_typesupport_cpp: rosidl_typesupport_microxrcedds_cpp;rosidl_typesupport_fastrtps_cpp;rosidl_typesupport_introspection_cpp
[3.345s] -- Found PythonInterp: /usr/bin/python3 (found suitable version "3.8.10", minimum required is "3.5") 
[3.348s] -- Found python_cmake_module: 0.8.1 (/opt/ros/galactic/share/python_cmake_module/cmake)
[3.384s] -- Found PythonLibs: /usr/lib/x86_64-linux-gnu/libpython3.8.so (found suitable version "3.8.10", minimum required is "3.5") 
[3.384s] -- Using PYTHON_EXECUTABLE: /usr/bin/python3
[3.384s] -- Using PYTHON_INCLUDE_DIRS: /usr/include/python3.8
[3.384s] -- Using PYTHON_LIBRARIES: /usr/lib/x86_64-linux-gnu/libpython3.8.so
[3.414s] -- Found PythonExtra: .so  
[3.542s] -- Found ament_cmake_flake8: 0.10.7 (/opt/ros/galactic/share/ament_cmake_flake8/cmake)
[3.545s] -- Found ament_cmake_pep257: 0.10.7 (/opt/ros/galactic/share/ament_cmake_pep257/cmake)
[3.584s] -- Found ament_cmake_lint_cmake: 0.10.7 (/opt/ros/galactic/share/ament_cmake_lint_cmake/cmake)
[3.587s] -- Found launch_testing_ament_cmake: 0.17.2 (/opt/ros/galactic/share/launch_testing_ament_cmake/cmake)
[3.622s] -- Using PYTHON_EXECUTABLE: /usr/bin/python3
[3.622s] -- Using PYTHON_INCLUDE_DIRS: /usr/include/python3.8
[3.622s] -- Using PYTHON_LIBRARIES: /usr/lib/x86_64-linux-gnu/libpython3.8.so
[3.627s] -- Found gtest sources under '/opt/ros/galactic/src/gtest_vendor': C++ tests using 'Google Test' will be built
[3.630s] -- Check if compiler accepts -pthread
[3.690s] -- Check if compiler accepts -pthread - yes
[3.708s] -- Configuring done
[3.914s] -- Generating done
[3.916s] -- Build files have been written to: /home/coderey/ros2_ws/build/robot_localization
[3.928s] Invoked command in '/home/coderey/ros2_ws/build/robot_localization' returned '0': CMAKE_PREFIX_PATH=${CMAKE_PREFIX_PATH}:/home/coderey/ros2_ws/install/nav2_simple_commander:/home/coderey/ros2_ws/install/nav2_gazebo_spawner:/home/coderey/ros2_ws/install/mob_rob_loca:/home/coderey/ros2_ws/install/bno055:/home/coderey/microros_ws/install/sensor_msgs_py:/opt/ros/galactic /usr/bin/cmake /home/coderey/ros2_ws/src/robot_localization -DCMAKE_INSTALL_PREFIX=/home/coderey/ros2_ws/install/robot_localization
[3.929s] Invoking command in '/home/coderey/ros2_ws/build/robot_localization': CMAKE_PREFIX_PATH=${CMAKE_PREFIX_PATH}:/home/coderey/ros2_ws/install/nav2_simple_commander:/home/coderey/ros2_ws/install/nav2_gazebo_spawner:/home/coderey/ros2_ws/install/mob_rob_loca:/home/coderey/ros2_ws/install/bno055:/home/coderey/microros_ws/install/sensor_msgs_py:/opt/ros/galactic /usr/bin/cmake --build /home/coderey/ros2_ws/build/robot_localization -- -j8 -l8
[3.979s] [  1%] [34m[1mGenerating C code for ROS interfaces[0m
[3.979s] [35m[1mScanning dependencies of target gtest_main[0m
[3.979s] [35m[1mScanning dependencies of target gtest[0m
[3.979s] [35m[1mScanning dependencies of target robot_localization__cpp[0m
[3.990s] [  2%] [34m[1mGenerating C++ code for ROS interfaces[0m
[3.991s] [  3%] [32mBuilding CXX object gtest/CMakeFiles/gtest_main.dir/src/gtest_main.cc.o[0m
[3.993s] [  3%] [32mBuilding CXX object gtest/CMakeFiles/gtest.dir/src/gtest-all.cc.o[0m
[4.453s] [  3%] Built target robot_localization__cpp
[4.475s] [  4%] [34m[1mGenerating C++ type support dispatch for ROS interfaces[0m
[4.479s] [  5%] [34m[1mGenerating C++ type support for eProsima Micro XRCE-DDS[0m
[4.480s] [  6%] [34m[1mGenerating C++ type support for eProsima Fast-RTPS[0m
[4.493s] [  7%] [34m[1mGenerating C++ introspection for ROS interfaces[0m
[4.540s] [  8%] [32m[1mLinking CXX static library libgtest_main.a[0m
[4.560s] [35m[1mScanning dependencies of target robot_localization__rosidl_generator_c[0m
[4.582s] [  8%] [32mBuilding C object CMakeFiles/robot_localization__rosidl_generator_c.dir/rosidl_generator_c/robot_localization/srv/detail/get_state__functions.c.o[0m
[4.584s] [  9%] [32mBuilding C object CMakeFiles/robot_localization__rosidl_generator_c.dir/rosidl_generator_c/robot_localization/srv/detail/from_ll__functions.c.o[0m
[4.587s] [  9%] Built target gtest_main
[4.601s] [ 10%] [32mBuilding C object CMakeFiles/robot_localization__rosidl_generator_c.dir/rosidl_generator_c/robot_localization/srv/detail/set_datum__functions.c.o[0m
[4.740s] [ 11%] [32mBuilding C object CMakeFiles/robot_localization__rosidl_generator_c.dir/rosidl_generator_c/robot_localization/srv/detail/set_pose__functions.c.o[0m
[4.747s] [ 12%] [32mBuilding C object CMakeFiles/robot_localization__rosidl_generator_c.dir/rosidl_generator_c/robot_localization/srv/detail/toggle_filter_processing__functions.c.o[0m
[4.753s] [ 12%] [32mBuilding C object CMakeFiles/robot_localization__rosidl_generator_c.dir/rosidl_generator_c/robot_localization/srv/detail/to_ll__functions.c.o[0m
[4.903s] [ 13%] [32m[1mLinking C shared library librobot_localization__rosidl_generator_c.so[0m
[4.942s] [ 13%] Built target robot_localization__rosidl_generator_c
[4.960s] [ 16%] [34m[1mGenerating C introspection for ROS interfaces[0m
[4.960s] [ 16%] [34m[1mGenerating C type support for eProsima Micro XRCE-DDS[0m
[4.960s] [ 16%] [34m[1mGenerating C type support dispatch for ROS interfaces[0m
[5.093s] [35m[1mScanning dependencies of target robot_localization__rosidl_typesupport_cpp[0m
[5.130s] [ 16%] [32mBuilding CXX object CMakeFiles/robot_localization__rosidl_typesupport_cpp.dir/rosidl_typesupport_cpp/robot_localization/srv/from_ll__type_support.cpp.o[0m
[5.259s] [35m[1mScanning dependencies of target robot_localization__rosidl_typesupport_introspection_cpp[0m
[5.283s] [ 16%] [32mBuilding CXX object CMakeFiles/robot_localization__rosidl_typesupport_introspection_cpp.dir/rosidl_typesupport_introspection_cpp/robot_localization/srv/detail/from_ll__type_support.cpp.o[0m
[5.335s] [35m[1mScanning dependencies of target robot_localization__rosidl_typesupport_microxrcedds_cpp[0m
[5.344s] [35m[1mScanning dependencies of target robot_localization__rosidl_typesupport_fastrtps_cpp[0m
[5.375s] [ 16%] [32mBuilding CXX object CMakeFiles/robot_localization__rosidl_typesupport_microxrcedds_cpp.dir/rosidl_typesupport_microxrcedds_cpp/robot_localization/srv/detail/microxrcedds/from_ll__type_support_cpp.cpp.o[0m
[5.387s] [ 16%] [32mBuilding CXX object CMakeFiles/robot_localization__rosidl_typesupport_fastrtps_cpp.dir/rosidl_typesupport_fastrtps_cpp/robot_localization/srv/detail/dds_fastrtps/from_ll__type_support.cpp.o[0m
[5.483s] [ 17%] [32mBuilding CXX object CMakeFiles/robot_localization__rosidl_typesupport_cpp.dir/rosidl_typesupport_cpp/robot_localization/srv/get_state__type_support.cpp.o[0m
[5.547s] [35m[1mScanning dependencies of target robot_localization__rosidl_typesupport_c[0m
[5.574s] [ 18%] [32mBuilding CXX object CMakeFiles/robot_localization__rosidl_typesupport_c.dir/rosidl_typesupport_c/robot_localization/srv/from_ll__type_support.cpp.o[0m
[5.627s] [ 19%] [32mBuilding CXX object CMakeFiles/robot_localization__rosidl_typesupport_c.dir/rosidl_typesupport_c/robot_localization/srv/get_state__type_support.cpp.o[0m
[5.656s] [ 20%] [32mBuilding CXX object CMakeFiles/robot_localization__rosidl_typesupport_introspection_cpp.dir/rosidl_typesupport_introspection_cpp/robot_localization/srv/detail/get_state__type_support.cpp.o[0m
[5.676s] [ 20%] [32mBuilding CXX object CMakeFiles/robot_localization__rosidl_typesupport_c.dir/rosidl_typesupport_c/robot_localization/srv/set_datum__type_support.cpp.o[0m
[5.725s] [ 21%] [32mBuilding CXX object CMakeFiles/robot_localization__rosidl_typesupport_c.dir/rosidl_typesupport_c/robot_localization/srv/set_pose__type_support.cpp.o[0m
[5.743s] [35m[1mScanning dependencies of target robot_localization__rosidl_typesupport_introspection_c[0m
[5.771s] [ 22%] [32mBuilding C object CMakeFiles/robot_localization__rosidl_typesupport_introspection_c.dir/rosidl_typesupport_introspection_c/robot_localization/srv/detail/from_ll__type_support.c.o[0m
[5.775s] [ 23%] [32mBuilding CXX object CMakeFiles/robot_localization__rosidl_typesupport_microxrcedds_cpp.dir/rosidl_typesupport_microxrcedds_cpp/robot_localization/srv/detail/microxrcedds/get_state__type_support_cpp.cpp.o[0m
[5.778s] [ 24%] [32mBuilding CXX object CMakeFiles/robot_localization__rosidl_typesupport_c.dir/rosidl_typesupport_c/robot_localization/srv/toggle_filter_processing__type_support.cpp.o[0m
[5.814s] [35m[1mScanning dependencies of target robot_localization__rosidl_typesupport_microxrcedds_c[0m
[5.823s] [ 25%] [32mBuilding CXX object CMakeFiles/robot_localization__rosidl_typesupport_c.dir/rosidl_typesupport_c/robot_localization/srv/to_ll__type_support.cpp.o[0m
[5.832s] [ 25%] [32mBuilding C object CMakeFiles/robot_localization__rosidl_typesupport_introspection_c.dir/rosidl_typesupport_introspection_c/robot_localization/srv/detail/get_state__type_support.c.o[0m
[5.844s] [ 26%] [32mBuilding C object CMakeFiles/robot_localization__rosidl_typesupport_microxrcedds_c.dir/rosidl_typesupport_microxrcedds_c/robot_localization/srv/detail/microxrcedds/from_ll__type_support_c.c.o[0m
[5.855s] [ 27%] [32mBuilding CXX object CMakeFiles/robot_localization__rosidl_typesupport_cpp.dir/rosidl_typesupport_cpp/robot_localization/srv/set_datum__type_support.cpp.o[0m
[5.871s] [ 27%] [32m[1mLinking CXX shared library librobot_localization__rosidl_typesupport_c.so[0m
[5.905s] [ 28%] [32mBuilding C object CMakeFiles/robot_localization__rosidl_typesupport_introspection_c.dir/rosidl_typesupport_introspection_c/robot_localization/srv/detail/set_datum__type_support.c.o[0m
[5.930s] [ 28%] [32mBuilding C object CMakeFiles/robot_localization__rosidl_typesupport_microxrcedds_c.dir/rosidl_typesupport_microxrcedds_c/robot_localization/srv/detail/microxrcedds/get_state__type_support_c.c.o[0m
[5.932s] [ 28%] Built target robot_localization__rosidl_typesupport_c
[5.934s] [ 29%] [32mBuilding CXX object CMakeFiles/robot_localization__rosidl_typesupport_fastrtps_cpp.dir/rosidl_typesupport_fastrtps_cpp/robot_localization/srv/detail/dds_fastrtps/get_state__type_support.cpp.o[0m
[5.946s] [ 30%] [32mBuilding CXX object CMakeFiles/robot_localization__rosidl_typesupport_microxrcedds_cpp.dir/rosidl_typesupport_microxrcedds_cpp/robot_localization/srv/detail/microxrcedds/set_datum__type_support_cpp.cpp.o[0m
[5.965s] [ 31%] [32mBuilding C object CMakeFiles/robot_localization__rosidl_typesupport_introspection_c.dir/rosidl_typesupport_introspection_c/robot_localization/srv/detail/set_pose__type_support.c.o[0m
[6.025s] [ 32%] [32mBuilding C object CMakeFiles/robot_localization__rosidl_typesupport_introspection_c.dir/rosidl_typesupport_introspection_c/robot_localization/srv/detail/toggle_filter_processing__type_support.c.o[0m
[6.029s] [ 33%] [32mBuilding C object CMakeFiles/robot_localization__rosidl_typesupport_microxrcedds_c.dir/rosidl_typesupport_microxrcedds_c/robot_localization/srv/detail/microxrcedds/set_datum__type_support_c.c.o[0m
[6.045s] [ 34%] [32mBuilding CXX object CMakeFiles/robot_localization__rosidl_typesupport_introspection_cpp.dir/rosidl_typesupport_introspection_cpp/robot_localization/srv/detail/set_datum__type_support.cpp.o[0m
[6.086s] [ 35%] [32mBuilding C object CMakeFiles/robot_localization__rosidl_typesupport_introspection_c.dir/rosidl_typesupport_introspection_c/robot_localization/srv/detail/to_ll__type_support.c.o[0m
[6.115s] [ 36%] [32mBuilding C object CMakeFiles/robot_localization__rosidl_typesupport_microxrcedds_c.dir/rosidl_typesupport_microxrcedds_c/robot_localization/srv/detail/microxrcedds/set_pose__type_support_c.c.o[0m
[6.147s] [ 36%] [32m[1mLinking C shared library librobot_localization__rosidl_typesupport_introspection_c.so[0m
[6.197s] [ 37%] [32mBuilding CXX object CMakeFiles/robot_localization__rosidl_typesupport_microxrcedds_cpp.dir/rosidl_typesupport_microxrcedds_cpp/robot_localization/srv/detail/microxrcedds/set_pose__type_support_cpp.cpp.o[0m
[6.201s] [ 37%] Built target robot_localization__rosidl_typesupport_introspection_c
[6.202s] [ 38%] [32mBuilding C object CMakeFiles/robot_localization__rosidl_typesupport_microxrcedds_c.dir/rosidl_typesupport_microxrcedds_c/robot_localization/srv/detail/microxrcedds/toggle_filter_processing__type_support_c.c.o[0m
[6.207s] [ 39%] [32mBuilding CXX object CMakeFiles/robot_localization__rosidl_typesupport_cpp.dir/rosidl_typesupport_cpp/robot_localization/srv/set_pose__type_support.cpp.o[0m
[6.216s] [ 39%] [32mBuilding CXX object CMakeFiles/robot_localization__rosidl_typesupport_microxrcedds_cpp.dir/rosidl_typesupport_microxrcedds_cpp/robot_localization/srv/detail/microxrcedds/toggle_filter_processing__type_support_cpp.cpp.o[0m
[6.286s] [ 39%] [32mBuilding C object CMakeFiles/robot_localization__rosidl_typesupport_microxrcedds_c.dir/rosidl_typesupport_microxrcedds_c/robot_localization/srv/detail/microxrcedds/to_ll__type_support_c.c.o[0m
[6.336s] [ 40%] [32mBuilding CXX object CMakeFiles/robot_localization__rosidl_typesupport_microxrcedds_cpp.dir/rosidl_typesupport_microxrcedds_cpp/robot_localization/srv/detail/microxrcedds/to_ll__type_support_cpp.cpp.o[0m
[6.377s] [ 41%] [32m[1mLinking C shared library librobot_localization__rosidl_typesupport_microxrcedds_c.so[0m
[6.425s] [ 42%] [32mBuilding CXX object CMakeFiles/robot_localization__rosidl_typesupport_introspection_cpp.dir/rosidl_typesupport_introspection_cpp/robot_localization/srv/detail/set_pose__type_support.cpp.o[0m
[6.433s] [ 42%] Built target robot_localization__rosidl_typesupport_microxrcedds_c
[6.447s] [ 43%] [32mBuilding CXX object CMakeFiles/robot_localization__rosidl_typesupport_cpp.dir/rosidl_typesupport_cpp/robot_localization/srv/toggle_filter_processing__type_support.cpp.o[0m
[6.531s] [ 44%] [32mBuilding CXX object CMakeFiles/robot_localization__rosidl_typesupport_fastrtps_cpp.dir/rosidl_typesupport_fastrtps_cpp/robot_localization/srv/detail/dds_fastrtps/set_datum__type_support.cpp.o[0m
[6.550s] [ 44%] [32mBuilding CXX object CMakeFiles/robot_localization__rosidl_typesupport_cpp.dir/rosidl_typesupport_cpp/robot_localization/srv/to_ll__type_support.cpp.o[0m
[6.613s] [ 45%] [32mBuilding CXX object CMakeFiles/robot_localization__rosidl_typesupport_fastrtps_cpp.dir/rosidl_typesupport_fastrtps_cpp/robot_localization/srv/detail/dds_fastrtps/set_pose__type_support.cpp.o[0m
[6.623s] [ 46%] [32mBuilding CXX object CMakeFiles/robot_localization__rosidl_typesupport_fastrtps_cpp.dir/rosidl_typesupport_fastrtps_cpp/robot_localization/srv/detail/dds_fastrtps/toggle_filter_processing__type_support.cpp.o[0m
[6.734s] [ 47%] [32m[1mLinking CXX shared library librobot_localization__rosidl_typesupport_microxrcedds_cpp.so[0m
[6.806s] [ 47%] [32mBuilding CXX object CMakeFiles/robot_localization__rosidl_typesupport_fastrtps_cpp.dir/rosidl_typesupport_fastrtps_cpp/robot_localization/srv/detail/dds_fastrtps/to_ll__type_support.cpp.o[0m
[6.829s] [ 47%] [32mBuilding CXX object CMakeFiles/robot_localization__rosidl_typesupport_introspection_cpp.dir/rosidl_typesupport_introspection_cpp/robot_localization/srv/detail/toggle_filter_processing__type_support.cpp.o[0m
[6.842s] [ 47%] Built target robot_localization__rosidl_typesupport_microxrcedds_cpp
[6.858s] [ 48%] [32mBuilding CXX object CMakeFiles/robot_localization__rosidl_typesupport_introspection_cpp.dir/rosidl_typesupport_introspection_cpp/robot_localization/srv/detail/to_ll__type_support.cpp.o[0m
[6.890s] [ 49%] [32m[1mLinking CXX shared library librobot_localization__rosidl_typesupport_cpp.so[0m
[6.952s] [ 49%] Built target robot_localization__rosidl_typesupport_cpp
[7.186s] [ 50%] [32m[1mLinking CXX shared library librobot_localization__rosidl_typesupport_introspection_cpp.so[0m
[7.243s] [ 50%] Built target robot_localization__rosidl_typesupport_introspection_cpp
[7.278s] [ 51%] [32m[1mLinking CXX shared library librobot_localization__rosidl_typesupport_fastrtps_cpp.so[0m
[7.352s] [ 51%] Built target robot_localization__rosidl_typesupport_fastrtps_cpp
[7.363s] [ 52%] [34m[1mGenerating C type support for eProsima Fast-RTPS[0m
[7.722s] [35m[1mScanning dependencies of target robot_localization__rosidl_typesupport_fastrtps_c[0m
[7.751s] [ 53%] [32mBuilding CXX object CMakeFiles/robot_localization__rosidl_typesupport_fastrtps_c.dir/rosidl_typesupport_fastrtps_c/robot_localization/srv/detail/set_datum__type_support_c.cpp.o[0m
[7.751s] [ 54%] [32mBuilding CXX object CMakeFiles/robot_localization__rosidl_typesupport_fastrtps_c.dir/rosidl_typesupport_fastrtps_c/robot_localization/srv/detail/get_state__type_support_c.cpp.o[0m
[7.751s] [ 54%] [32mBuilding CXX object CMakeFiles/robot_localization__rosidl_typesupport_fastrtps_c.dir/rosidl_typesupport_fastrtps_c/robot_localization/srv/detail/from_ll__type_support_c.cpp.o[0m
[7.752s] [ 55%] [32mBuilding CXX object CMakeFiles/robot_localization__rosidl_typesupport_fastrtps_c.dir/rosidl_typesupport_fastrtps_c/robot_localization/srv/detail/toggle_filter_processing__type_support_c.cpp.o[0m
[7.752s] [ 56%] [32mBuilding CXX object CMakeFiles/robot_localization__rosidl_typesupport_fastrtps_c.dir/rosidl_typesupport_fastrtps_c/robot_localization/srv/detail/set_pose__type_support_c.cpp.o[0m
[7.752s] [ 57%] [32mBuilding CXX object CMakeFiles/robot_localization__rosidl_typesupport_fastrtps_c.dir/rosidl_typesupport_fastrtps_c/robot_localization/srv/detail/to_ll__type_support_c.cpp.o[0m
[8.242s] [ 57%] [32m[1mLinking CXX shared library librobot_localization__rosidl_typesupport_fastrtps_c.so[0m
[8.314s] [ 57%] Built target robot_localization__rosidl_typesupport_fastrtps_c
[8.324s] [35m[1mScanning dependencies of target robot_localization[0m
[8.335s] [ 57%] Built target robot_localization
[8.346s] [35m[1mScanning dependencies of target robot_localization__py[0m
[8.346s] [35m[1mScanning dependencies of target rl_lib[0m
[8.358s] [ 58%] [34m[1mGenerating Python code for ROS interfaces[0m
[8.507s] [ 60%] [32mBuilding CXX object CMakeFiles/rl_lib.dir/src/ekf.cpp.o[0m
[8.507s] [ 60%] [32mBuilding CXX object CMakeFiles/rl_lib.dir/src/filter_base.cpp.o[0m
[8.515s] [ 61%] [32mBuilding CXX object CMakeFiles/rl_lib.dir/src/ukf.cpp.o[0m
[8.519s] [ 61%] [32mBuilding CXX object CMakeFiles/rl_lib.dir/src/filter_utilities.cpp.o[0m
[8.538s] [ 62%] [32mBuilding CXX object CMakeFiles/rl_lib.dir/src/navsat_transform.cpp.o[0m
[8.547s] [ 63%] [32mBuilding CXX object CMakeFiles/rl_lib.dir/src/robot_localization_estimator.cpp.o[0m
[10.012s] [ 63%] Built target robot_localization__py
[10.029s] [35m[1mScanning dependencies of target robot_localization__python[0m
[10.072s] [ 63%] [32mBuilding C object CMakeFiles/robot_localization__python.dir/rosidl_generator_py/robot_localization/srv/_from_ll_s.c.o[0m
[10.175s] [ 64%] [32mBuilding CXX object CMakeFiles/rl_lib.dir/src/ros_filter.cpp.o[0m
[10.245s] [ 65%] [32mBuilding C object CMakeFiles/robot_localization__python.dir/rosidl_generator_py/robot_localization/srv/_get_state_s.c.o[0m
[10.439s] [ 66%] [32mBuilding C object CMakeFiles/robot_localization__python.dir/rosidl_generator_py/robot_localization/srv/_set_datum_s.c.o[0m
[10.599s] [ 67%] [32mBuilding C object CMakeFiles/robot_localization__python.dir/rosidl_generator_py/robot_localization/srv/_set_pose_s.c.o[0m
[10.773s] [ 67%] [32mBuilding C object CMakeFiles/robot_localization__python.dir/rosidl_generator_py/robot_localization/srv/_toggle_filter_processing_s.c.o[0m
[10.954s] [ 68%] [32mBuilding C object CMakeFiles/robot_localization__python.dir/rosidl_generator_py/robot_localization/srv/_to_ll_s.c.o[0m
[11.132s] [ 69%] [32m[1mLinking C shared library rosidl_generator_py/robot_localization/librobot_localization__python.so[0m
[11.200s] [ 69%] Built target robot_localization__python
[11.218s] [35m[1mScanning dependencies of target robot_localization__rosidl_typesupport_microxrcedds_c__pyext[0m
[11.253s] [ 70%] [32mBuilding C object CMakeFiles/robot_localization__rosidl_typesupport_microxrcedds_c__pyext.dir/rosidl_generator_py/robot_localization/_robot_localization_s.ep.rosidl_typesupport_microxrcedds_c.c.o[0m
[11.426s] [ 70%] [32mBuilding CXX object CMakeFiles/rl_lib.dir/src/ros_filter_utilities.cpp.o[0m
[11.612s] [ 71%] [32m[1mLinking C shared library rosidl_generator_py/robot_localization/robot_localization_s__rosidl_typesupport_microxrcedds_c.cpython-38-x86_64-linux-gnu.so[0m
[11.677s] [ 71%] Built target robot_localization__rosidl_typesupport_microxrcedds_c__pyext
[11.696s] [35m[1mScanning dependencies of target robot_localization__rosidl_typesupport_fastrtps_c__pyext[0m
[11.737s] [ 72%] [32mBuilding C object CMakeFiles/robot_localization__rosidl_typesupport_fastrtps_c__pyext.dir/rosidl_generator_py/robot_localization/_robot_localization_s.ep.rosidl_typesupport_fastrtps_c.c.o[0m
[12.103s] [ 73%] [32m[1mLinking CXX shared library rosidl_generator_py/robot_localization/robot_localization_s__rosidl_typesupport_fastrtps_c.cpython-38-x86_64-linux-gnu.so[0m
[12.205s] [ 73%] Built target robot_localization__rosidl_typesupport_fastrtps_c__pyext
[12.222s] [35m[1mScanning dependencies of target robot_localization__rosidl_typesupport_introspection_c__pyext[0m
[12.257s] [ 74%] [32mBuilding C object CMakeFiles/robot_localization__rosidl_typesupport_introspection_c__pyext.dir/rosidl_generator_py/robot_localization/_robot_localization_s.ep.rosidl_typesupport_introspection_c.c.o[0m
[12.598s] [ 75%] [32m[1mLinking C shared library rosidl_generator_py/robot_localization/robot_localization_s__rosidl_typesupport_introspection_c.cpython-38-x86_64-linux-gnu.so[0m
[12.659s] [ 75%] Built target robot_localization__rosidl_typesupport_introspection_c__pyext
[12.677s] [35m[1mScanning dependencies of target robot_localization__rosidl_typesupport_c__pyext[0m
[12.712s] [ 76%] [32mBuilding C object CMakeFiles/robot_localization__rosidl_typesupport_c__pyext.dir/rosidl_generator_py/robot_localization/_robot_localization_s.ep.rosidl_typesupport_c.c.o[0m
[13.075s] [ 77%] [32m[1mLinking C shared library rosidl_generator_py/robot_localization/robot_localization_s__rosidl_typesupport_c.cpython-38-x86_64-linux-gnu.so[0m
[13.138s] [ 77%] Built target robot_localization__rosidl_typesupport_c__pyext
[13.160s] [ 78%] [32mBuilding CXX object CMakeFiles/rl_lib.dir/src/ros_robot_localization_listener.cpp.o[0m
[16.282s] [ 79%] [32m[1mLinking CXX static library libgtest.a[0m
[16.408s] [ 79%] Built target gtest
[65.480s] [ 80%] [32m[1mLinking CXX shared library librl_lib.so[0m
[66.728s] [ 80%] Built target rl_lib
[66.743s] [35m[1mScanning dependencies of target test_ros_robot_localization_listener[0m
[66.743s] [35m[1mScanning dependencies of target ukf_node[0m
[66.744s] [35m[1mScanning dependencies of target ekf_node[0m
[66.744s] [35m[1mScanning dependencies of target test_ekf[0m
[66.744s] [35m[1mScanning dependencies of target test_ros_robot_localization_listener_publisher[0m
[66.745s] [35m[1mScanning dependencies of target test_ukf[0m
[66.755s] [35m[1mScanning dependencies of target filter_base-test[0m
[66.755s] [35m[1mScanning dependencies of target test_robot_localization_estimator[0m
[66.827s] [ 81%] [32mBuilding CXX object CMakeFiles/filter_base-test.dir/test/test_filter_base.cpp.o[0m
[66.845s] [ 82%] [32mBuilding CXX object CMakeFiles/test_ros_robot_localization_listener_publisher.dir/test/test_ros_robot_localization_listener_publisher.cpp.o[0m
[66.848s] [ 82%] [32mBuilding CXX object CMakeFiles/test_ekf.dir/test/test_ekf.cpp.o[0m
[66.862s] [ 83%] [32mBuilding CXX object CMakeFiles/test_ros_robot_localization_listener.dir/test/test_ros_robot_localization_listener.cpp.o[0m
[66.863s] [ 83%] [32mBuilding CXX object CMakeFiles/ekf_node.dir/src/ekf_node.cpp.o[0m
[66.863s] [ 84%] [32mBuilding CXX object CMakeFiles/test_ukf.dir/test/test_ukf.cpp.o[0m
[66.868s] [ 85%] [32mBuilding CXX object CMakeFiles/ukf_node.dir/src/ukf_node.cpp.o[0m
[66.877s] [ 86%] [32mBuilding CXX object CMakeFiles/test_robot_localization_estimator.dir/test/test_robot_localization_estimator.cpp.o[0m
[71.379s] [ 87%] [32m[1mLinking CXX executable filter_base-test[0m
[71.742s] [ 87%] Built target filter_base-test
[71.760s] [35m[1mScanning dependencies of target navsat_transform_node[0m
[71.855s] [ 87%] [32mBuilding CXX object CMakeFiles/navsat_transform_node.dir/src/navsat_transform_node.cpp.o[0m
[74.012s] [ 88%] [32m[1mLinking CXX executable ekf_node[0m
[74.220s] [ 89%] [32m[1mLinking CXX executable ukf_node[0m
[74.258s] [ 90%] [32m[1mLinking CXX executable test_robot_localization_estimator[0m
[74.342s] [ 90%] Built target ekf_node
[74.364s] [35m[1mScanning dependencies of target robot_localization_listener_node[0m
[74.495s] [ 91%] [32mBuilding CXX object CMakeFiles/robot_localization_listener_node.dir/src/robot_localization_listener_node.cpp.o[0m
[74.564s] [ 91%] Built target ukf_node
[74.583s] [35m[1mScanning dependencies of target test_ukf_localization_node_interfaces[0m
[74.669s] [ 91%] Built target test_robot_localization_estimator
[74.678s] [ 92%] [32mBuilding CXX object CMakeFiles/test_ukf_localization_node_interfaces.dir/test/test_ukf_localization_node_interfaces.cpp.o[0m
[74.686s] [35m[1mScanning dependencies of target test_ekf_localization_node_interfaces[0m
[74.760s] [ 93%] [32mBuilding CXX object CMakeFiles/test_ekf_localization_node_interfaces.dir/test/test_ekf_localization_node_interfaces.cpp.o[0m
[75.073s] [ 93%] [32m[1mLinking CXX executable test_ros_robot_localization_listener[0m
[75.533s] [ 93%] Built target test_ros_robot_localization_listener
[75.557s] [35m[1mScanning dependencies of target test_filter_base_diagnostics_timestamps[0m
[75.682s] [ 93%] [32mBuilding CXX object CMakeFiles/test_filter_base_diagnostics_timestamps.dir/test/test_filter_base_diagnostics_timestamps.cpp.o[0m
[77.106s] [ 93%] [32m[1mLinking CXX executable test_ukf[0m
[77.602s] [ 93%] Built target test_ukf
[77.650s] [ 94%] [32m[1mLinking CXX executable navsat_transform_node[0m
[77.723s] [ 95%] [32m[1mLinking CXX executable test_ekf[0m
[78.012s] [ 95%] Built target navsat_transform_node
[78.205s] [ 95%] Built target test_ekf
[80.366s] [ 96%] [32m[1mLinking CXX executable test_ros_robot_localization_listener_publisher[0m
[80.609s] [ 96%] Built target test_ros_robot_localization_listener_publisher
[81.918s] [ 97%] [32m[1mLinking CXX executable robot_localization_listener_node[0m
[82.187s] [ 97%] Built target robot_localization_listener_node
[100.271s] [ 98%] [32m[1mLinking CXX executable test_filter_base_diagnostics_timestamps[0m
[100.731s] [ 98%] Built target test_filter_base_diagnostics_timestamps
[101.970s] [ 99%] [32m[1mLinking CXX executable test_ukf_localization_node_interfaces[0m
[102.413s] [ 99%] Built target test_ukf_localization_node_interfaces
[102.894s] [100%] [32m[1mLinking CXX executable test_ekf_localization_node_interfaces[0m
[103.325s] [100%] Built target test_ekf_localization_node_interfaces
[103.339s] Invoked command in '/home/coderey/ros2_ws/build/robot_localization' returned '0': CMAKE_PREFIX_PATH=${CMAKE_PREFIX_PATH}:/home/coderey/ros2_ws/install/nav2_simple_commander:/home/coderey/ros2_ws/install/nav2_gazebo_spawner:/home/coderey/ros2_ws/install/mob_rob_loca:/home/coderey/ros2_ws/install/bno055:/home/coderey/microros_ws/install/sensor_msgs_py:/opt/ros/galactic /usr/bin/cmake --build /home/coderey/ros2_ws/build/robot_localization -- -j8 -l8
[103.819s] Invoking command in '/home/coderey/ros2_ws/build/robot_localization': CMAKE_PREFIX_PATH=${CMAKE_PREFIX_PATH}:/home/coderey/ros2_ws/install/nav2_simple_commander:/home/coderey/ros2_ws/install/nav2_gazebo_spawner:/home/coderey/ros2_ws/install/mob_rob_loca:/home/coderey/ros2_ws/install/bno055:/home/coderey/microros_ws/install/sensor_msgs_py:/opt/ros/galactic /usr/bin/cmake --install /home/coderey/ros2_ws/build/robot_localization
[103.832s] -- Install configuration: "RelWithDebInfo"
[103.833s] -- Up-to-date: /home/coderey/ros2_ws/install/robot_localization/include/robot_localization
[103.833s] -- Up-to-date: /home/coderey/ros2_ws/install/robot_localization/include/robot_localization/srv
[103.833s] -- Up-to-date: /home/coderey/ros2_ws/install/robot_localization/include/robot_localization/srv/detail
[103.833s] -- Installing: /home/coderey/ros2_ws/install/robot_localization/include/robot_localization/srv/detail/set_datum__functions.c
[103.833s] -- Installing: /home/coderey/ros2_ws/install/robot_localization/include/robot_localization/srv/detail/set_pose__functions.c
[103.833s] -- Installing: /home/coderey/ros2_ws/install/robot_localization/include/robot_localization/srv/detail/to_ll__functions.c
[103.833s] -- Installing: /home/coderey/ros2_ws/install/robot_localization/include/robot_localization/srv/detail/from_ll__functions.c
[103.833s] -- Installing: /home/coderey/ros2_ws/install/robot_localization/include/robot_localization/srv/detail/toggle_filter_processing__functions.c
[103.833s] -- Installing: /home/coderey/ros2_ws/install/robot_localization/include/robot_localization/srv/detail/get_state__functions.c
[103.833s] -- Up-to-date: /home/coderey/ros2_ws/install/robot_localization/include/robot_localization/msg
[103.833s] -- Installing: /home/coderey/ros2_ws/install/robot_localization/lib/librobot_localization__rosidl_generator_c.so
[103.834s] -- Set runtime path of "/home/coderey/ros2_ws/install/robot_localization/lib/librobot_localization__rosidl_generator_c.so" to ""
[103.834s] -- Up-to-date: /home/coderey/ros2_ws/install/robot_localization/include/robot_localization
[103.834s] -- Up-to-date: /home/coderey/ros2_ws/install/robot_localization/include/robot_localization/srv
[103.834s] -- Up-to-date: /home/coderey/ros2_ws/install/robot_localization/include/robot_localization/srv/detail
[103.834s] -- Up-to-date: /home/coderey/ros2_ws/install/robot_localization/include/robot_localization/srv/detail/microxrcedds
[103.834s] -- Up-to-date: /home/coderey/ros2_ws/install/robot_localization/include/robot_localization/msg
[103.834s] -- Up-to-date: /home/coderey/ros2_ws/install/robot_localization/include/robot_localization
[103.834s] -- Up-to-date: /home/coderey/ros2_ws/install/robot_localization/include/robot_localization/srv
[103.834s] -- Up-to-date: /home/coderey/ros2_ws/install/robot_localization/include/robot_localization/srv/detail
[103.834s] -- Up-to-date: /home/coderey/ros2_ws/install/robot_localization/include/robot_localization/msg
[103.835s] -- Up-to-date: /home/coderey/ros2_ws/install/robot_localization/include/robot_localization
[103.835s] -- Up-to-date: /home/coderey/ros2_ws/install/robot_localization/include/robot_localization/srv
[103.835s] -- Up-to-date: /home/coderey/ros2_ws/install/robot_localization/include/robot_localization/srv/detail
[103.835s] -- Up-to-date: /home/coderey/ros2_ws/install/robot_localization/include/robot_localization/srv/detail/dds_fastrtps
[103.835s] -- Up-to-date: /home/coderey/ros2_ws/install/robot_localization/include/robot_localization/msg
[103.835s] -- Up-to-date: /home/coderey/ros2_ws/install/robot_localization/include/robot_localization
[103.835s] -- Up-to-date: /home/coderey/ros2_ws/install/robot_localization/include/robot_localization/srv
[103.835s] -- Up-to-date: /home/coderey/ros2_ws/install/robot_localization/include/robot_localization/srv/detail
[103.835s] -- Installing: /home/coderey/ros2_ws/install/robot_localization/include/robot_localization/srv/detail/get_state__type_support.c
[103.835s] -- Installing: /home/coderey/ros2_ws/install/robot_localization/include/robot_localization/srv/detail/set_pose__type_support.c
[103.835s] -- Installing: /home/coderey/ros2_ws/install/robot_localization/include/robot_localization/srv/detail/to_ll__type_support.c
[103.835s] -- Installing: /home/coderey/ros2_ws/install/robot_localization/include/robot_localization/srv/detail/toggle_filter_processing__type_support.c
[103.836s] -- Installing: /home/coderey/ros2_ws/install/robot_localization/include/robot_localization/srv/detail/set_datum__type_support.c
[103.836s] -- Installing: /home/coderey/ros2_ws/install/robot_localization/include/robot_localization/srv/detail/from_ll__type_support.c
[103.836s] -- Up-to-date: /home/coderey/ros2_ws/install/robot_localization/include/robot_localization/msg
[103.836s] -- Installing: /home/coderey/ros2_ws/install/robot_localization/lib/librobot_localization__rosidl_typesupport_introspection_c.so
[103.836s] -- Set runtime path of "/home/coderey/ros2_ws/install/robot_localization/lib/librobot_localization__rosidl_typesupport_introspection_c.so" to ""
[103.836s] -- Installing: /home/coderey/ros2_ws/install/robot_localization/lib/librobot_localization__rosidl_typesupport_c.so
[103.837s] -- Set runtime path of "/home/coderey/ros2_ws/install/robot_localization/lib/librobot_localization__rosidl_typesupport_c.so" to ""
[103.837s] -- Up-to-date: /home/coderey/ros2_ws/install/robot_localization/include/robot_localization
[103.837s] -- Up-to-date: /home/coderey/ros2_ws/install/robot_localization/include/robot_localization/srv
[103.837s] -- Up-to-date: /home/coderey/ros2_ws/install/robot_localization/include/robot_localization/srv/detail
[103.837s] -- Up-to-date: /home/coderey/ros2_ws/install/robot_localization/include/robot_localization
[103.837s] -- Up-to-date: /home/coderey/ros2_ws/install/robot_localization/include/robot_localization/srv
[103.837s] -- Up-to-date: /home/coderey/ros2_ws/install/robot_localization/include/robot_localization/srv/detail
[103.837s] -- Up-to-date: /home/coderey/ros2_ws/install/robot_localization/include/robot_localization/srv/detail/microxrcedds
[103.837s] -- Up-to-date: /home/coderey/ros2_ws/install/robot_localization/include/robot_localization/msg
[103.837s] -- Up-to-date: /home/coderey/ros2_ws/install/robot_localization/include/robot_localization
[103.838s] -- Up-to-date: /home/coderey/ros2_ws/install/robot_localization/include/robot_localization/srv
[103.838s] -- Up-to-date: /home/coderey/ros2_ws/install/robot_localization/include/robot_localization/srv/detail
[103.838s] -- Installing: /home/coderey/ros2_ws/install/robot_localization/include/robot_localization/srv/detail/get_state__type_support.cpp
[103.838s] -- Installing: /home/coderey/ros2_ws/install/robot_localization/include/robot_localization/srv/detail/from_ll__type_support.cpp
[103.838s] -- Installing: /home/coderey/ros2_ws/install/robot_localization/include/robot_localization/srv/detail/set_pose__type_support.cpp
[103.838s] -- Installing: /home/coderey/ros2_ws/install/robot_localization/include/robot_localization/srv/detail/to_ll__type_support.cpp
[103.838s] -- Installing: /home/coderey/ros2_ws/install/robot_localization/include/robot_localization/srv/detail/set_datum__type_support.cpp
[103.838s] -- Installing: /home/coderey/ros2_ws/install/robot_localization/include/robot_localization/srv/detail/toggle_filter_processing__type_support.cpp
[103.839s] -- Installing: /home/coderey/ros2_ws/install/robot_localization/lib/librobot_localization__rosidl_typesupport_introspection_cpp.so
[103.839s] -- Set runtime path of "/home/coderey/ros2_ws/install/robot_localization/lib/librobot_localization__rosidl_typesupport_introspection_cpp.so" to ""
[103.839s] -- Installing: /home/coderey/ros2_ws/install/robot_localization/lib/librobot_localization__rosidl_typesupport_cpp.so
[103.840s] -- Set runtime path of "/home/coderey/ros2_ws/install/robot_localization/lib/librobot_localization__rosidl_typesupport_cpp.so" to ""
[103.899s] Compiling '/home/coderey/ros2_ws/install/robot_localization/lib/python3.8/site-packages/robot_localization/__init__.py'...
[103.902s] -- Up-to-date: /home/coderey/ros2_ws/install/robot_localization/lib/python3.8/site-packages/robot_localization/srv
[103.903s] -- Installing: /home/coderey/ros2_ws/install/robot_localization/lib/python3.8/site-packages/robot_localization/srv/_get_state_s.c
[103.903s] -- Installing: /home/coderey/ros2_ws/install/robot_localization/lib/python3.8/site-packages/robot_localization/srv/_set_pose_s.c
[103.903s] -- Installing: /home/coderey/ros2_ws/install/robot_localization/lib/python3.8/site-packages/robot_localization/srv/_toggle_filter_processing_s.c
[103.903s] -- Installing: /home/coderey/ros2_ws/install/robot_localization/lib/python3.8/site-packages/robot_localization/srv/_set_datum_s.c
[103.903s] -- Installing: /home/coderey/ros2_ws/install/robot_localization/lib/python3.8/site-packages/robot_localization/srv/_to_ll_s.c
[103.903s] -- Installing: /home/coderey/ros2_ws/install/robot_localization/lib/python3.8/site-packages/robot_localization/srv/_from_ll_s.c
[103.907s] -- Up-to-date: /home/coderey/ros2_ws/install/robot_localization/share/robot_localization/test
[103.907s] -- Up-to-date: /home/coderey/ros2_ws/install/robot_localization/share/robot_localization/test/test_ukf_localization_node_bag1.yaml
[103.907s] -- Up-to-date: /home/coderey/ros2_ws/install/robot_localization/share/robot_localization/test/test1.bag
[103.907s] -- Up-to-date: /home/coderey/ros2_ws/install/robot_localization/share/robot_localization/test/test_ukf_localization_node_bag1.sh
[103.907s] -- Up-to-date: /home/coderey/ros2_ws/install/robot_localization/share/robot_localization/test/test_filter_base.cpp
[103.908s] -- Up-to-date: /home/coderey/ros2_ws/install/robot_localization/share/robot_localization/test/test_ukf_localization_node_bag2.yaml
[103.908s] -- Up-to-date: /home/coderey/ros2_ws/install/robot_localization/share/robot_localization/test/test_filter_base_diagnostics_timestamps.launch.py
[103.908s] -- Up-to-date: /home/coderey/ros2_ws/install/robot_localization/share/robot_localization/test/test_ukf_localization_node_bag1.launch.py
[103.908s] -- Up-to-date: /home/coderey/ros2_ws/install/robot_localization/share/robot_localization/test/test_ekf_localization_node_bag2.sh
[103.908s] -- Up-to-date: /home/coderey/ros2_ws/install/robot_localization/share/robot_localization/test/test_filter_base_diagnostics_timestamps.cpp
[103.908s] -- Up-to-date: /home/coderey/ros2_ws/install/robot_localization/share/robot_localization/test/test_ros_robot_localization_listener.launch.py
[103.908s] -- Up-to-date: /home/coderey/ros2_ws/install/robot_localization/share/robot_localization/test/test_ros_robot_localization_listener_publisher.cpp
[103.908s] -- Up-to-date: /home/coderey/ros2_ws/install/robot_localization/share/robot_localization/test/test_ukf.cpp
[103.908s] -- Up-to-date: /home/coderey/ros2_ws/install/robot_localization/share/robot_localization/test/test_ekf_localization_node_bag1.launch.py
[103.908s] -- Up-to-date: /home/coderey/ros2_ws/install/robot_localization/share/robot_localization/test/test_ukf_localization_node_bag3.yaml
[103.909s] -- Up-to-date: /home/coderey/ros2_ws/install/robot_localization/share/robot_localization/test/test_ekf_localization_node_bag3.launch.py
[103.909s] -- Up-to-date: /home/coderey/ros2_ws/install/robot_localization/share/robot_localization/test/test_ekf_localization_node_interfaces.cpp
[103.909s] -- Up-to-date: /home/coderey/ros2_ws/install/robot_localization/share/robot_localization/test/test_ukf_localization_node_interfaces.launch.py
[103.909s] -- Up-to-date: /home/coderey/ros2_ws/install/robot_localization/share/robot_localization/test/test_ukf_localization_node_bag2.sh
[103.909s] -- Up-to-date: /home/coderey/ros2_ws/install/robot_localization/share/robot_localization/test/test_ekf_localization_node_bag2.yaml
[103.909s] -- Up-to-date: /home/coderey/ros2_ws/install/robot_localization/share/robot_localization/test/test_ukf_localization_node_interfaces.yaml
[103.909s] -- Up-to-date: /home/coderey/ros2_ws/install/robot_localization/share/robot_localization/test/test_robot_localization_estimator.launch.py
[103.909s] -- Up-to-date: /home/coderey/ros2_ws/install/robot_localization/share/robot_localization/test/test_robot_localization_estimator.cpp
[103.909s] -- Up-to-date: /home/coderey/ros2_ws/install/robot_localization/share/robot_localization/test/test_ekf_localization_node_bag1.yaml
[103.909s] -- Up-to-date: /home/coderey/ros2_ws/install/robot_localization/share/robot_localization/test/test_ukf_localization_node_bag3.sh
[103.909s] -- Up-to-date: /home/coderey/ros2_ws/install/robot_localization/share/robot_localization/test/test2.bag
[103.910s] -- Up-to-date: /home/coderey/ros2_ws/install/robot_localization/share/robot_localization/test/test_ekf_localization_node_interfaces.launch.py
[103.910s] -- Up-to-date: /home/coderey/ros2_ws/install/robot_localization/share/robot_localization/test/test_ekf_localization_node_bag3.yaml
[103.910s] -- Up-to-date: /home/coderey/ros2_ws/install/robot_localization/share/robot_localization/test/test_ekf_localization_node_interfaces.yaml
[103.910s] -- Up-to-date: /home/coderey/ros2_ws/install/robot_localization/share/robot_localization/test/test_ros_robot_localization_listener.yaml
[103.910s] -- Up-to-date: /home/coderey/ros2_ws/install/robot_localization/share/robot_localization/test/test_localization_node_bag_pose_tester.cpp
[103.910s] -- Up-to-date: /home/coderey/ros2_ws/install/robot_localization/share/robot_localization/test/test_ros_robot_localization_listener.cpp
[103.910s] -- Up-to-date: /home/coderey/ros2_ws/install/robot_localization/share/robot_localization/test/test3.bag
[103.910s] -- Up-to-date: /home/coderey/ros2_ws/install/robot_localization/share/robot_localization/test/test_ekf_localization_node_bag1.sh
[103.910s] -- Up-to-date: /home/coderey/ros2_ws/install/robot_localization/share/robot_localization/test/test_ukf_localization_node_bag2.launch.py
[103.910s] -- Up-to-date: /home/coderey/ros2_ws/install/robot_localization/share/robot_localization/test/test_ekf.cpp
[103.911s] -- Up-to-date: /home/coderey/ros2_ws/install/robot_localization/share/robot_localization/test/test_ekf_localization_node_bag2.launch.py
[103.911s] -- Up-to-date: /home/coderey/ros2_ws/install/robot_localization/share/robot_localization/test/test_ukf_localization_node_bag3.launch.py
[103.911s] -- Up-to-date: /home/coderey/ros2_ws/install/robot_localization/share/robot_localization/test/test_ukf_localization_node_interfaces.cpp
[103.911s] -- Up-to-date: /home/coderey/ros2_ws/install/robot_localization/share/robot_localization/test/test_ekf_localization_node_bag3.sh
[103.911s] -- Up-to-date: /home/coderey/ros2_ws/install/robot_localization/share/robot_localization/test/test_filter_base_diagnostics_timestamps.yaml
[103.911s] -- Up-to-date: /home/coderey/ros2_ws/install/robot_localization/share/robot_localization/params
[103.911s] -- Up-to-date: /home/coderey/ros2_ws/install/robot_localization/share/robot_localization/params/ekf.yaml
[103.911s] -- Up-to-date: /home/coderey/ros2_ws/install/robot_localization/share/robot_localization/params/ukf.yaml
[103.911s] -- Up-to-date: /home/coderey/ros2_ws/install/robot_localization/share/robot_localization/params/imu.yaml
[103.911s] -- Up-to-date: /home/coderey/ros2_ws/install/robot_localization/share/robot_localization/params/dual_ekf_navsat_example.yaml
[103.912s] -- Up-to-date: /home/coderey/ros2_ws/install/robot_localization/share/robot_localization/params/navsat_transform.yaml
[103.912s] -- Up-to-date: /home/coderey/ros2_ws/install/robot_localization/share/robot_localization/params/ekf_em.yaml
[103.912s] -- Up-to-date: /home/coderey/ros2_ws/install/robot_localization/share/robot_localization/launch
[103.912s] -- Up-to-date: /home/coderey/ros2_ws/install/robot_localization/share/robot_localization/launch/dual_ekf_navsat_example.launch.py
[103.912s] -- Up-to-date: /home/coderey/ros2_ws/install/robot_localization/share/robot_localization/launch/ukf.launch.py
[103.912s] -- Up-to-date: /home/coderey/ros2_ws/install/robot_localization/share/robot_localization/launch/navsat_transform.launch.py
[103.912s] -- Up-to-date: /home/coderey/ros2_ws/install/robot_localization/share/robot_localization/launch/ekf.launch.py
[103.912s] -- Installing: /home/coderey/ros2_ws/install/robot_localization/share/robot_localization/package.dsv
[103.912s] -- Installing: /home/coderey/ros2_ws/install/robot_localization/share/robot_localization/cmake/robot_localization__rosidl_generator_cExport.cmake
[103.912s] -- Installing: /home/coderey/ros2_ws/install/robot_localization/share/robot_localization/cmake/robot_localization__rosidl_generator_cExport-relwithdebinfo.cmake
[103.913s] -- Installing: /home/coderey/ros2_ws/install/robot_localization/share/robot_localization/cmake/robot_localization__rosidl_typesupport_introspection_cExport.cmake
[103.913s] -- Installing: /home/coderey/ros2_ws/install/robot_localization/share/robot_localization/cmake/robot_localization__rosidl_typesupport_introspection_cExport-relwithdebinfo.cmake
[103.913s] -- Installing: /home/coderey/ros2_ws/install/robot_localization/share/robot_localization/cmake/robot_localization__rosidl_typesupport_cExport.cmake
[103.913s] -- Installing: /home/coderey/ros2_ws/install/robot_localization/share/robot_localization/cmake/robot_localization__rosidl_typesupport_cExport-relwithdebinfo.cmake
[103.913s] -- Installing: /home/coderey/ros2_ws/install/robot_localization/share/robot_localization/cmake/robot_localization__rosidl_generator_cppExport.cmake
[103.913s] -- Installing: /home/coderey/ros2_ws/install/robot_localization/share/robot_localization/cmake/robot_localization__rosidl_typesupport_introspection_cppExport.cmake
[103.913s] -- Installing: /home/coderey/ros2_ws/install/robot_localization/share/robot_localization/cmake/robot_localization__rosidl_typesupport_introspection_cppExport-relwithdebinfo.cmake
[103.913s] -- Installing: /home/coderey/ros2_ws/install/robot_localization/share/robot_localization/cmake/robot_localization__rosidl_typesupport_cppExport.cmake
[103.913s] -- Installing: /home/coderey/ros2_ws/install/robot_localization/share/robot_localization/cmake/robot_localization__rosidl_typesupport_cppExport-relwithdebinfo.cmake
[103.916s] Invoked command in '/home/coderey/ros2_ws/build/robot_localization' returned '0': CMAKE_PREFIX_PATH=${CMAKE_PREFIX_PATH}:/home/coderey/ros2_ws/install/nav2_simple_commander:/home/coderey/ros2_ws/install/nav2_gazebo_spawner:/home/coderey/ros2_ws/install/mob_rob_loca:/home/coderey/ros2_ws/install/bno055:/home/coderey/microros_ws/install/sensor_msgs_py:/opt/ros/galactic /usr/bin/cmake --install /home/coderey/ros2_ws/build/robot_localization
