running develop
Removing /home/coderey/ros2_ws/install/swisscat_robot/lib/python3.8/site-packages/swisscat-robot.egg-link (link to .)
running egg_info
writing ../../build/swisscat_robot/swisscat_robot.egg-info/PKG-INFO
writing dependency_links to ../../build/swisscat_robot/swisscat_robot.egg-info/dependency_links.txt
writing entry points to ../../build/swisscat_robot/swisscat_robot.egg-info/entry_points.txt
writing requirements to ../../build/swisscat_robot/swisscat_robot.egg-info/requires.txt
writing top-level names to ../../build/swisscat_robot/swisscat_robot.egg-info/top_level.txt
reading manifest file '../../build/swisscat_robot/swisscat_robot.egg-info/SOURCES.txt'
writing manifest file '../../build/swisscat_robot/swisscat_robot.egg-info/SOURCES.txt'
running build
running build_py
running install
running install_lib
creating /home/coderey/ros2_ws/install/swisscat_robot/lib/python3.8/site-packages/swisscat_robot
copying /home/coderey/ros2_ws/build/swisscat_robot/build/lib/swisscat_robot/__init__.py -> /home/coderey/ros2_ws/install/swisscat_robot/lib/python3.8/site-packages/swisscat_robot
copying /home/coderey/ros2_ws/build/swisscat_robot/build/lib/swisscat_robot/fleet_manager.py -> /home/coderey/ros2_ws/install/swisscat_robot/lib/python3.8/site-packages/swisscat_robot
copying /home/coderey/ros2_ws/build/swisscat_robot/build/lib/swisscat_robot/controller.py -> /home/coderey/ros2_ws/install/swisscat_robot/lib/python3.8/site-packages/swisscat_robot
creating /home/coderey/ros2_ws/install/swisscat_robot/lib/python3.8/site-packages/swisscat_robot/submodules
copying /home/coderey/ros2_ws/build/swisscat_robot/build/lib/swisscat_robot/submodules/point.py -> /home/coderey/ros2_ws/install/swisscat_robot/lib/python3.8/site-packages/swisscat_robot/submodules
copying /home/coderey/ros2_ws/build/swisscat_robot/build/lib/swisscat_robot/submodules/__init__.py -> /home/coderey/ros2_ws/install/swisscat_robot/lib/python3.8/site-packages/swisscat_robot/submodules
copying /home/coderey/ros2_ws/build/swisscat_robot/build/lib/swisscat_robot/submodules/single_agent_planner.py -> /home/coderey/ros2_ws/install/swisscat_robot/lib/python3.8/site-packages/swisscat_robot/submodules
copying /home/coderey/ros2_ws/build/swisscat_robot/build/lib/swisscat_robot/submodules/tick_to_odom.py -> /home/coderey/ros2_ws/install/swisscat_robot/lib/python3.8/site-packages/swisscat_robot/submodules
copying /home/coderey/ros2_ws/build/swisscat_robot/build/lib/swisscat_robot/submodules/station.py -> /home/coderey/ros2_ws/install/swisscat_robot/lib/python3.8/site-packages/swisscat_robot/submodules
copying /home/coderey/ros2_ws/build/swisscat_robot/build/lib/swisscat_robot/submodules/cbs.py -> /home/coderey/ros2_ws/install/swisscat_robot/lib/python3.8/site-packages/swisscat_robot/submodules
copying /home/coderey/ros2_ws/build/swisscat_robot/build/lib/swisscat_robot/submodules/robot.py -> /home/coderey/ros2_ws/install/swisscat_robot/lib/python3.8/site-packages/swisscat_robot/submodules
byte-compiling /home/coderey/ros2_ws/install/swisscat_robot/lib/python3.8/site-packages/swisscat_robot/__init__.py to __init__.cpython-38.pyc
byte-compiling /home/coderey/ros2_ws/install/swisscat_robot/lib/python3.8/site-packages/swisscat_robot/fleet_manager.py to fleet_manager.cpython-38.pyc
byte-compiling /home/coderey/ros2_ws/install/swisscat_robot/lib/python3.8/site-packages/swisscat_robot/controller.py to controller.cpython-38.pyc
byte-compiling /home/coderey/ros2_ws/install/swisscat_robot/lib/python3.8/site-packages/swisscat_robot/submodules/point.py to point.cpython-38.pyc
byte-compiling /home/coderey/ros2_ws/install/swisscat_robot/lib/python3.8/site-packages/swisscat_robot/submodules/__init__.py to __init__.cpython-38.pyc
byte-compiling /home/coderey/ros2_ws/install/swisscat_robot/lib/python3.8/site-packages/swisscat_robot/submodules/single_agent_planner.py to single_agent_planner.cpython-38.pyc
byte-compiling /home/coderey/ros2_ws/install/swisscat_robot/lib/python3.8/site-packages/swisscat_robot/submodules/tick_to_odom.py to tick_to_odom.cpython-38.pyc
byte-compiling /home/coderey/ros2_ws/install/swisscat_robot/lib/python3.8/site-packages/swisscat_robot/submodules/station.py to station.cpython-38.pyc
byte-compiling /home/coderey/ros2_ws/install/swisscat_robot/lib/python3.8/site-packages/swisscat_robot/submodules/cbs.py to cbs.cpython-38.pyc
byte-compiling /home/coderey/ros2_ws/install/swisscat_robot/lib/python3.8/site-packages/swisscat_robot/submodules/robot.py to robot.cpython-38.pyc
running install_data
running install_egg_info
Copying ../../build/swisscat_robot/swisscat_robot.egg-info to /home/coderey/ros2_ws/install/swisscat_robot/lib/python3.8/site-packages/swisscat_robot-0.0.0-py3.8.egg-info
running install_scripts
Installing controller script to /home/coderey/ros2_ws/install/swisscat_robot/lib/swisscat_robot
Installing fleet_manager script to /home/coderey/ros2_ws/install/swisscat_robot/lib/swisscat_robot
writing list of installed files to '/home/coderey/ros2_ws/build/swisscat_robot/install.log'
