[3.079s] Invoking command in '/home/coderey/ros2_ws/build/swisscat_robot': PYTHONPATH=/home/coderey/ros2_ws/build/swisscat_robot/prefix_override:/home/coderey/ros2_ws/install/swisscat_robot/lib/python3.8/site-packages:${PYTHONPATH} /usr/bin/python3 setup.py develop --uninstall --editable --build-directory /home/coderey/ros2_ws/build/swisscat_robot/build
[3.647s] running develop
[3.891s] Removing /home/coderey/ros2_ws/install/swisscat_robot/lib/python3.8/site-packages/swisscat-robot.egg-link (link to .)
[3.923s] Invoked command in '/home/coderey/ros2_ws/build/swisscat_robot' returned '0': PYTHONPATH=/home/coderey/ros2_ws/build/swisscat_robot/prefix_override:/home/coderey/ros2_ws/install/swisscat_robot/lib/python3.8/site-packages:${PYTHONPATH} /usr/bin/python3 setup.py develop --uninstall --editable --build-directory /home/coderey/ros2_ws/build/swisscat_robot/build
[3.929s] Invoking command in '/home/coderey/ros2_ws/src/swisscat_robot': PYTHONPATH=/home/coderey/ros2_ws/build/swisscat_robot/prefix_override:/home/coderey/ros2_ws/install/swisscat_robot/lib/python3.8/site-packages:${PYTHONPATH} /usr/bin/python3 setup.py egg_info --egg-base ../../build/swisscat_robot build --build-base /home/coderey/ros2_ws/build/swisscat_robot/build install --record /home/coderey/ros2_ws/build/swisscat_robot/install.log --install-scripts $base/lib/swisscat_robot --single-version-externally-managed
[4.373s] running egg_info
[4.373s] writing ../../build/swisscat_robot/swisscat_robot.egg-info/PKG-INFO
[4.373s] writing dependency_links to ../../build/swisscat_robot/swisscat_robot.egg-info/dependency_links.txt
[4.374s] writing entry points to ../../build/swisscat_robot/swisscat_robot.egg-info/entry_points.txt
[4.374s] writing requirements to ../../build/swisscat_robot/swisscat_robot.egg-info/requires.txt
[4.374s] writing top-level names to ../../build/swisscat_robot/swisscat_robot.egg-info/top_level.txt
[4.437s] reading manifest file '../../build/swisscat_robot/swisscat_robot.egg-info/SOURCES.txt'
[4.439s] writing manifest file '../../build/swisscat_robot/swisscat_robot.egg-info/SOURCES.txt'
[4.439s] running build
[4.439s] running build_py
[4.441s] running install
[4.442s] running install_lib
[4.443s] creating /home/coderey/ros2_ws/install/swisscat_robot/lib/python3.8/site-packages/swisscat_robot
[4.443s] copying /home/coderey/ros2_ws/build/swisscat_robot/build/lib/swisscat_robot/__init__.py -> /home/coderey/ros2_ws/install/swisscat_robot/lib/python3.8/site-packages/swisscat_robot
[4.444s] copying /home/coderey/ros2_ws/build/swisscat_robot/build/lib/swisscat_robot/fleet_manager.py -> /home/coderey/ros2_ws/install/swisscat_robot/lib/python3.8/site-packages/swisscat_robot
[4.444s] copying /home/coderey/ros2_ws/build/swisscat_robot/build/lib/swisscat_robot/controller.py -> /home/coderey/ros2_ws/install/swisscat_robot/lib/python3.8/site-packages/swisscat_robot
[4.444s] creating /home/coderey/ros2_ws/install/swisscat_robot/lib/python3.8/site-packages/swisscat_robot/submodules
[4.444s] copying /home/coderey/ros2_ws/build/swisscat_robot/build/lib/swisscat_robot/submodules/point.py -> /home/coderey/ros2_ws/install/swisscat_robot/lib/python3.8/site-packages/swisscat_robot/submodules
[4.444s] copying /home/coderey/ros2_ws/build/swisscat_robot/build/lib/swisscat_robot/submodules/__init__.py -> /home/coderey/ros2_ws/install/swisscat_robot/lib/python3.8/site-packages/swisscat_robot/submodules
[4.444s] copying /home/coderey/ros2_ws/build/swisscat_robot/build/lib/swisscat_robot/submodules/single_agent_planner.py -> /home/coderey/ros2_ws/install/swisscat_robot/lib/python3.8/site-packages/swisscat_robot/submodules
[4.444s] copying /home/coderey/ros2_ws/build/swisscat_robot/build/lib/swisscat_robot/submodules/tick_to_odom.py -> /home/coderey/ros2_ws/install/swisscat_robot/lib/python3.8/site-packages/swisscat_robot/submodules
[4.444s] copying /home/coderey/ros2_ws/build/swisscat_robot/build/lib/swisscat_robot/submodules/station.py -> /home/coderey/ros2_ws/install/swisscat_robot/lib/python3.8/site-packages/swisscat_robot/submodules
[4.444s] copying /home/coderey/ros2_ws/build/swisscat_robot/build/lib/swisscat_robot/submodules/cbs.py -> /home/coderey/ros2_ws/install/swisscat_robot/lib/python3.8/site-packages/swisscat_robot/submodules
[4.445s] copying /home/coderey/ros2_ws/build/swisscat_robot/build/lib/swisscat_robot/submodules/robot.py -> /home/coderey/ros2_ws/install/swisscat_robot/lib/python3.8/site-packages/swisscat_robot/submodules
[4.445s] byte-compiling /home/coderey/ros2_ws/install/swisscat_robot/lib/python3.8/site-packages/swisscat_robot/__init__.py to __init__.cpython-38.pyc
[4.447s] byte-compiling /home/coderey/ros2_ws/install/swisscat_robot/lib/python3.8/site-packages/swisscat_robot/fleet_manager.py to fleet_manager.cpython-38.pyc
[4.452s] byte-compiling /home/coderey/ros2_ws/install/swisscat_robot/lib/python3.8/site-packages/swisscat_robot/controller.py to controller.cpython-38.pyc
[4.455s] byte-compiling /home/coderey/ros2_ws/install/swisscat_robot/lib/python3.8/site-packages/swisscat_robot/submodules/point.py to point.cpython-38.pyc
[4.455s] byte-compiling /home/coderey/ros2_ws/install/swisscat_robot/lib/python3.8/site-packages/swisscat_robot/submodules/__init__.py to __init__.cpython-38.pyc
[4.455s] byte-compiling /home/coderey/ros2_ws/install/swisscat_robot/lib/python3.8/site-packages/swisscat_robot/submodules/single_agent_planner.py to single_agent_planner.cpython-38.pyc
[4.457s] byte-compiling /home/coderey/ros2_ws/install/swisscat_robot/lib/python3.8/site-packages/swisscat_robot/submodules/tick_to_odom.py to tick_to_odom.cpython-38.pyc
[4.458s] byte-compiling /home/coderey/ros2_ws/install/swisscat_robot/lib/python3.8/site-packages/swisscat_robot/submodules/station.py to station.cpython-38.pyc
[4.459s] byte-compiling /home/coderey/ros2_ws/install/swisscat_robot/lib/python3.8/site-packages/swisscat_robot/submodules/cbs.py to cbs.cpython-38.pyc
[4.461s] byte-compiling /home/coderey/ros2_ws/install/swisscat_robot/lib/python3.8/site-packages/swisscat_robot/submodules/robot.py to robot.cpython-38.pyc
[4.463s] running install_data
[4.464s] running install_egg_info
[4.467s] Copying ../../build/swisscat_robot/swisscat_robot.egg-info to /home/coderey/ros2_ws/install/swisscat_robot/lib/python3.8/site-packages/swisscat_robot-0.0.0-py3.8.egg-info
[4.467s] running install_scripts
[4.490s] Installing controller script to /home/coderey/ros2_ws/install/swisscat_robot/lib/swisscat_robot
[4.490s] Installing fleet_manager script to /home/coderey/ros2_ws/install/swisscat_robot/lib/swisscat_robot
[4.491s] writing list of installed files to '/home/coderey/ros2_ws/build/swisscat_robot/install.log'
[4.519s] Invoked command in '/home/coderey/ros2_ws/src/swisscat_robot' returned '0': PYTHONPATH=/home/coderey/ros2_ws/build/swisscat_robot/prefix_override:/home/coderey/ros2_ws/install/swisscat_robot/lib/python3.8/site-packages:${PYTHONPATH} /usr/bin/python3 setup.py egg_info --egg-base ../../build/swisscat_robot build --build-base /home/coderey/ros2_ws/build/swisscat_robot/build install --record /home/coderey/ros2_ws/build/swisscat_robot/install.log --install-scripts $base/lib/swisscat_robot --single-version-externally-managed
