-- The C compiler identification is GNU 9.4.0
-- The CXX compiler identification is GNU 9.4.0
-- Check for working C compiler: /usr/bin/cc
-- Check for working C compiler: /usr/bin/cc -- works
-- Detecting C compiler ABI info
-- Detecting C compiler ABI info - done
-- Detecting C compile features
-- Detecting C compile features - done
-- Check for working CXX compiler: /usr/bin/c++
-- Check for working CXX compiler: /usr/bin/c++ -- works
-- Detecting CXX compiler ABI info
-- Detecting CXX compiler ABI info - done
-- Detecting CXX compile features
-- Detecting CXX compile features - done
-- Found ament_cmake: 1.1.6 (/opt/ros/galactic/share/ament_cmake/cmake)
-- Found PythonInterp: /usr/bin/python3 (found suitable version "3.8.10", minimum required is "3") 
-- Using PYTHON_EXECUTABLE: /usr/bin/python3
-- Found rclcpp: 9.2.2 (/opt/ros/galactic/share/rclcpp/cmake)
-- Using all available rosidl_typesupport_c: rosidl_typesupport_microxrcedds_c;rosidl_typesupport_fastrtps_c;rosidl_typesupport_introspection_c
-- Found rosidl_adapter: 2.2.3 (/opt/ros/galactic/share/rosidl_adapter/cmake)
-- Found OpenSSL: /usr/lib/x86_64-linux-gnu/libcrypto.so (found version "1.1.1f")  
-- Found FastRTPS: /opt/ros/galactic/include  
-- Using all available rosidl_typesupport_cpp: rosidl_typesupport_microxrcedds_cpp;rosidl_typesupport_fastrtps_cpp;rosidl_typesupport_introspection_cpp
-- Found rmw_implementation_cmake: 3.3.1 (/opt/ros/galactic/share/rmw_implementation_cmake/cmake)
-- Found rmw_cyclonedds_cpp: 0.22.6 (/opt/ros/galactic/share/rmw_cyclonedds_cpp/cmake)
-- Using RMW implementation 'rmw_cyclonedds_cpp' as default
-- Looking for pthread.h
-- Looking for pthread.h - found
-- Performing Test CMAKE_HAVE_LIBC_PTHREAD
-- Performing Test CMAKE_HAVE_LIBC_PTHREAD - Failed
-- Looking for pthread_create in pthreads
-- Looking for pthread_create in pthreads - not found
-- Looking for pthread_create in pthread
-- Looking for pthread_create in pthread - found
-- Found Threads: TRUE  
-- Found geometry_msgs: 2.2.4 (/home/coderey/microros_ws/install/geometry_msgs/share/geometry_msgs/cmake)
-- Found marvelmind_ros2_msgs: 1.0.2 (/home/coderey/ros2_ws/install/marvelmind_ros2_msgs/share/marvelmind_ros2_msgs/cmake)
-- Found rosidl_default_generators: 1.1.1 (/opt/ros/galactic/share/rosidl_default_generators/cmake)
-- Found ament_lint_auto: 0.10.7 (/opt/ros/galactic/share/ament_lint_auto/cmake)
-- Added test 'cppcheck' to perform static code analysis on C / C++ code
-- Configured cppcheck include dirs: /home/coderey/ros2_ws/src/marvelmind_ros2_upstream/include
-- Configured cppcheck exclude dirs and/or files: 
-- Added test 'cpplint' to check C / C++ code against the Google style
-- Configured cpplint exclude dirs and/or files: 
-- Added test 'flake8' to check Python code syntax and style conventions
-- Added test 'lint_cmake' to check CMake code style
-- Added test 'pep257' to check Python code against some of the style conventions in PEP 257
-- Added test 'uncrustify' to check C / C++ code style
-- Configured uncrustify additional arguments: 
-- Added test 'xmllint' to check XML markup files
-- Configuring done
-- Generating done
-- Build files have been written to: /home/coderey/ros2_ws/build/marvelmind_ros2
[35m[1mScanning dependencies of target marvelmind_api_lib[0m
[ 12%] [32mBuilding C object CMakeFiles/marvelmind_api_lib.dir/src/marvelmind_api.c.o[0m
[ 25%] [32m[1mLinking C static library libmarvelmind_api_lib.a[0m
[ 25%] Built target marvelmind_api_lib
[35m[1mScanning dependencies of target marvelmind_hedge_lib[0m
[ 37%] [32mBuilding C object CMakeFiles/marvelmind_hedge_lib.dir/src/marvelmind_hedge.c.o[0m
[ 50%] [32m[1mLinking C static library libmarvelmind_hedge_lib.a[0m
[ 50%] Built target marvelmind_hedge_lib
[35m[1mScanning dependencies of target marvelmind_api_ros2[0m
[ 62%] [32mBuilding CXX object CMakeFiles/marvelmind_api_ros2.dir/src/marvelmind_api_ros2.cpp.o[0m
[ 75%] [32m[1mLinking CXX executable marvelmind_api_ros2[0m
[ 75%] Built target marvelmind_api_ros2
[35m[1mScanning dependencies of target marvelmind_ros2[0m
[ 87%] [32mBuilding CXX object CMakeFiles/marvelmind_ros2.dir/src/marvelmind_ros2.cpp.o[0m
[100%] [32m[1mLinking CXX executable marvelmind_ros2[0m
[100%] Built target marvelmind_ros2
-- Install configuration: ""
-- Installing: /home/coderey/ros2_ws/install/marvelmind_ros2/lib/marvelmind_ros2/marvelmind_ros2
-- Set runtime path of "/home/coderey/ros2_ws/install/marvelmind_ros2/lib/marvelmind_ros2/marvelmind_ros2" to ""
-- Installing: /home/coderey/ros2_ws/install/marvelmind_ros2/lib/marvelmind_ros2/marvelmind_api_ros2
-- Set runtime path of "/home/coderey/ros2_ws/install/marvelmind_ros2/lib/marvelmind_ros2/marvelmind_api_ros2" to ""
-- Installing: /home/coderey/ros2_ws/install/marvelmind_ros2/share/marvelmind_ros2/config
-- Installing: /home/coderey/ros2_ws/install/marvelmind_ros2/share/marvelmind_ros2/config/marvelmind_ros2_config.yaml
-- Installing: /home/coderey/ros2_ws/install/marvelmind_ros2/share/marvelmind_ros2/launch
-- Installing: /home/coderey/ros2_ws/install/marvelmind_ros2/share/marvelmind_ros2/launch/marvelmind_api_ros2.launch.py
-- Installing: /home/coderey/ros2_ws/install/marvelmind_ros2/share/marvelmind_ros2/launch/marvelmind_ros2.launch.py
-- Installing: /home/coderey/ros2_ws/install/marvelmind_ros2/share/ament_index/resource_index/package_run_dependencies/marvelmind_ros2
-- Installing: /home/coderey/ros2_ws/install/marvelmind_ros2/share/ament_index/resource_index/parent_prefix_path/marvelmind_ros2
-- Installing: /home/coderey/ros2_ws/install/marvelmind_ros2/share/marvelmind_ros2/environment/ament_prefix_path.sh
-- Installing: /home/coderey/ros2_ws/install/marvelmind_ros2/share/marvelmind_ros2/environment/ament_prefix_path.dsv
-- Installing: /home/coderey/ros2_ws/install/marvelmind_ros2/share/marvelmind_ros2/environment/path.sh
-- Installing: /home/coderey/ros2_ws/install/marvelmind_ros2/share/marvelmind_ros2/environment/path.dsv
-- Installing: /home/coderey/ros2_ws/install/marvelmind_ros2/share/marvelmind_ros2/local_setup.bash
-- Installing: /home/coderey/ros2_ws/install/marvelmind_ros2/share/marvelmind_ros2/local_setup.sh
-- Installing: /home/coderey/ros2_ws/install/marvelmind_ros2/share/marvelmind_ros2/local_setup.zsh
-- Installing: /home/coderey/ros2_ws/install/marvelmind_ros2/share/marvelmind_ros2/local_setup.dsv
-- Installing: /home/coderey/ros2_ws/install/marvelmind_ros2/share/marvelmind_ros2/package.dsv
-- Installing: /home/coderey/ros2_ws/install/marvelmind_ros2/share/ament_index/resource_index/packages/marvelmind_ros2
-- Installing: /home/coderey/ros2_ws/install/marvelmind_ros2/share/marvelmind_ros2/cmake/marvelmind_ros2Config.cmake
-- Installing: /home/coderey/ros2_ws/install/marvelmind_ros2/share/marvelmind_ros2/cmake/marvelmind_ros2Config-version.cmake
-- Installing: /home/coderey/ros2_ws/install/marvelmind_ros2/share/marvelmind_ros2/package.xml
