[35m[1mScanning dependencies of target gtest[0m
[35m[1mScanning dependencies of target nav2_costmap_2d_core[0m
[35m[1mScanning dependencies of target gtest_main[0m
[  1%] [32mBuilding CXX object gtest/CMakeFiles/gtest.dir/src/gtest-all.cc.o[0m
[  3%] [32mBuilding CXX object gtest/CMakeFiles/gtest_main.dir/src/gtest_main.cc.o[0m
[  4%] [32mBuilding CXX object CMakeFiles/nav2_costmap_2d_core.dir/src/array_parser.cpp.o[0m
[  6%] [32mBuilding CXX object CMakeFiles/nav2_costmap_2d_core.dir/src/layer.cpp.o[0m
[  7%] [32mBuilding CXX object CMakeFiles/nav2_costmap_2d_core.dir/src/costmap_2d_ros.cpp.o[0m
[  9%] [32mBuilding CXX object CMakeFiles/nav2_costmap_2d_core.dir/src/costmap_2d.cpp.o[0m
[ 10%] [32mBuilding CXX object CMakeFiles/nav2_costmap_2d_core.dir/src/layered_costmap.cpp.o[0m
[ 12%] [32mBuilding CXX object CMakeFiles/nav2_costmap_2d_core.dir/src/costmap_2d_publisher.cpp.o[0m
[ 14%] [32mBuilding CXX object CMakeFiles/nav2_costmap_2d_core.dir/src/costmap_math.cpp.o[0m
[ 15%] [32m[1mLinking CXX static library libgtest_main.a[0m
[ 15%] Built target gtest_main
[ 17%] [32mBuilding CXX object CMakeFiles/nav2_costmap_2d_core.dir/src/footprint.cpp.o[0m
[ 18%] [32mBuilding CXX object CMakeFiles/nav2_costmap_2d_core.dir/src/costmap_layer.cpp.o[0m
[ 20%] [32mBuilding CXX object CMakeFiles/nav2_costmap_2d_core.dir/src/observation_buffer.cpp.o[0m
[ 21%] [32mBuilding CXX object CMakeFiles/nav2_costmap_2d_core.dir/src/clear_costmap_service.cpp.o[0m
[ 23%] [32mBuilding CXX object CMakeFiles/nav2_costmap_2d_core.dir/src/footprint_collision_checker.cpp.o[0m
[ 25%] [32mBuilding CXX object CMakeFiles/nav2_costmap_2d_core.dir/plugins/costmap_filters/costmap_filter.cpp.o[0m
[ 26%] [32m[1mLinking CXX static library libgtest.a[0m
[ 26%] Built target gtest
[ 28%] [32m[1mLinking CXX shared library libnav2_costmap_2d_core.so[0m
[ 28%] Built target nav2_costmap_2d_core
[35m[1mScanning dependencies of target costmap_convesion_test[0m
[35m[1mScanning dependencies of target array_parser_test[0m
[35m[1mScanning dependencies of target nav2_costmap_2d_cloud[0m
[35m[1mScanning dependencies of target layers[0m
[35m[1mScanning dependencies of target filters[0m
[35m[1mScanning dependencies of target nav2_costmap_2d_markers[0m
[35m[1mScanning dependencies of target nav2_costmap_2d_client[0m
[ 29%] [32mBuilding CXX object test/unit/CMakeFiles/array_parser_test.dir/array_parser_test.cpp.o[0m
[ 31%] [32mBuilding CXX object CMakeFiles/nav2_costmap_2d_markers.dir/src/costmap_2d_markers.cpp.o[0m
[ 32%] [32mBuilding CXX object test/unit/CMakeFiles/costmap_convesion_test.dir/costmap_conversion_test.cpp.o[0m
[ 34%] [32mBuilding CXX object CMakeFiles/nav2_costmap_2d_cloud.dir/src/costmap_2d_cloud.cpp.o[0m
[ 35%] [32mBuilding CXX object CMakeFiles/nav2_costmap_2d_client.dir/src/footprint_subscriber.cpp.o[0m
[ 37%] [32mBuilding CXX object CMakeFiles/filters.dir/plugins/costmap_filters/keepout_filter.cpp.o[0m
[ 39%] [32mBuilding CXX object CMakeFiles/layers.dir/plugins/inflation_layer.cpp.o[0m
[35m[1mScanning dependencies of target collision_footprint_test[0m
[ 40%] [32mBuilding CXX object test/unit/CMakeFiles/collision_footprint_test.dir/footprint_collision_checker_test.cpp.o[0m
[ 42%] [32m[1mLinking CXX executable array_parser_test[0m
[ 42%] Built target array_parser_test
[ 43%] [32mBuilding CXX object CMakeFiles/filters.dir/plugins/costmap_filters/speed_filter.cpp.o[0m
[ 45%] [32m[1mLinking CXX executable costmap_convesion_test[0m
[ 45%] Built target costmap_convesion_test
[ 46%] [32mBuilding CXX object CMakeFiles/nav2_costmap_2d_client.dir/src/costmap_subscriber.cpp.o[0m
[ 48%] [32mBuilding CXX object CMakeFiles/layers.dir/plugins/static_layer.cpp.o[0m
[ 50%] [32m[1mLinking CXX executable collision_footprint_test[0m
[ 50%] Built target collision_footprint_test
[35m[1mScanning dependencies of target declare_parameter_test[0m
[ 51%] [32mBuilding CXX object test/unit/CMakeFiles/declare_parameter_test.dir/declare_parameter_test.cpp.o[0m
[ 53%] [32m[1mLinking CXX executable nav2_costmap_2d_cloud[0m
[ 53%] Built target nav2_costmap_2d_cloud
[ 54%] [32m[1mLinking CXX executable declare_parameter_test[0m
[ 54%] Built target declare_parameter_test
[ 56%] [32m[1mLinking CXX executable nav2_costmap_2d_markers[0m
[ 56%] Built target nav2_costmap_2d_markers
[ 57%] [32mBuilding CXX object CMakeFiles/layers.dir/plugins/obstacle_layer.cpp.o[0m
[ 59%] [32mBuilding CXX object CMakeFiles/layers.dir/src/observation_buffer.cpp.o[0m
[ 60%] [32mBuilding CXX object CMakeFiles/nav2_costmap_2d_client.dir/src/costmap_topic_collision_checker.cpp.o[0m
[ 62%] [32mBuilding CXX object CMakeFiles/layers.dir/plugins/voxel_layer.cpp.o[0m
[ 64%] [32m[1mLinking CXX shared library libfilters.so[0m
[ 64%] Built target filters
[ 65%] [32m[1mLinking CXX shared library libnav2_costmap_2d_client.so[0m
[ 65%] Built target nav2_costmap_2d_client
[ 67%] [32mBuilding CXX object CMakeFiles/layers.dir/plugins/range_sensor_layer.cpp.o[0m
[ 68%] [32m[1mLinking CXX shared library liblayers.so[0m
[ 68%] Built target layers
[35m[1mScanning dependencies of target speed_filter_test[0m
[ 70%] [32mBuilding CXX object test/unit/CMakeFiles/speed_filter_test.dir/speed_filter_test.cpp.o[0m
[35m[1mScanning dependencies of target inflation_tests_exec[0m
[ 71%] [32mBuilding CXX object test/integration/CMakeFiles/inflation_tests_exec.dir/inflation_tests.cpp.o[0m
[35m[1mScanning dependencies of target obstacle_tests_exec[0m
[ 73%] [32mBuilding CXX object test/integration/CMakeFiles/obstacle_tests_exec.dir/obstacle_tests.cpp.o[0m
[35m[1mScanning dependencies of target range_tests_exec[0m
[ 75%] [32mBuilding CXX object test/integration/CMakeFiles/range_tests_exec.dir/range_tests.cpp.o[0m
[ 76%] [32m[1mLinking CXX executable inflation_tests_exec[0m
[ 76%] Built target inflation_tests_exec
[35m[1mScanning dependencies of target test_collision_checker_exec[0m
[ 78%] [32mBuilding CXX object test/integration/CMakeFiles/test_collision_checker_exec.dir/test_costmap_topic_collision_checker.cpp.o[0m
[ 79%] [32m[1mLinking CXX executable speed_filter_test[0m
[ 79%] Built target speed_filter_test
[35m[1mScanning dependencies of target nav2_costmap_2d[0m
[ 81%] [32mBuilding CXX object CMakeFiles/nav2_costmap_2d.dir/src/costmap_2d_node.cpp.o[0m
[ 82%] [32m[1mLinking CXX executable obstacle_tests_exec[0m
[ 82%] Built target obstacle_tests_exec
[35m[1mScanning dependencies of target footprint_tests_exec[0m
[ 84%] [32mBuilding CXX object test/integration/CMakeFiles/footprint_tests_exec.dir/footprint_tests.cpp.o[0m
[ 85%] [32m[1mLinking CXX executable range_tests_exec[0m
[ 85%] Built target range_tests_exec
[35m[1mScanning dependencies of target keepout_filter_test[0m
[ 87%] [32mBuilding CXX object test/unit/CMakeFiles/keepout_filter_test.dir/keepout_filter_test.cpp.o[0m
[ 89%] [32m[1mLinking CXX executable nav2_costmap_2d[0m
[ 89%] Built target nav2_costmap_2d
[35m[1mScanning dependencies of target costmap_bresenham_2d[0m
[ 90%] [32mBuilding CXX object test/regression/CMakeFiles/costmap_bresenham_2d.dir/costmap_bresenham_2d.cpp.o[0m
[ 92%] [32m[1mLinking CXX executable costmap_bresenham_2d[0m
[ 92%] Built target costmap_bresenham_2d
[35m[1mScanning dependencies of target copy_window_test[0m
[ 93%] [32mBuilding CXX object test/unit/CMakeFiles/copy_window_test.dir/copy_window_test.cpp.o[0m
[ 95%] [32m[1mLinking CXX executable footprint_tests_exec[0m
[ 95%] Built target footprint_tests_exec
[ 96%] [32m[1mLinking CXX executable copy_window_test[0m
[ 96%] Built target copy_window_test
[ 98%] [32m[1mLinking CXX executable test_collision_checker_exec[0m
[ 98%] Built target test_collision_checker_exec
[100%] [32m[1mLinking CXX executable keepout_filter_test[0m
[100%] Built target keepout_filter_test
-- Install configuration: "Release"
-- Execute custom install script
-- Symlinking: /home/coderey/ros2_ws/install/nav2_costmap_2d/lib/libnav2_costmap_2d_core.so
-- Symlinking: /home/coderey/ros2_ws/install/nav2_costmap_2d/lib/liblayers.so
-- Symlinking: /home/coderey/ros2_ws/install/nav2_costmap_2d/lib/libfilters.so
-- Symlinking: /home/coderey/ros2_ws/install/nav2_costmap_2d/lib/libnav2_costmap_2d_client.so
-- Symlinking: /home/coderey/ros2_ws/install/nav2_costmap_2d/lib/nav2_costmap_2d/nav2_costmap_2d
-- Symlinking: /home/coderey/ros2_ws/install/nav2_costmap_2d/lib/nav2_costmap_2d/nav2_costmap_2d_markers
-- Symlinking: /home/coderey/ros2_ws/install/nav2_costmap_2d/lib/nav2_costmap_2d/nav2_costmap_2d_cloud
-- Symlinking: /home/coderey/ros2_ws/install/nav2_costmap_2d/share/nav2_costmap_2d/costmap_plugins.xml
-- Symlinking: /home/coderey/ros2_ws/install/nav2_costmap_2d/include//nav2_costmap_2d/array_parser.hpp
-- Symlinking: /home/coderey/ros2_ws/install/nav2_costmap_2d/include//nav2_costmap_2d/clear_costmap_service.hpp
-- Symlinking: /home/coderey/ros2_ws/install/nav2_costmap_2d/include//nav2_costmap_2d/cost_values.hpp
-- Symlinking: /home/coderey/ros2_ws/install/nav2_costmap_2d/include//nav2_costmap_2d/costmap_2d.hpp
-- Symlinking: /home/coderey/ros2_ws/install/nav2_costmap_2d/include//nav2_costmap_2d/costmap_2d_publisher.hpp
-- Symlinking: /home/coderey/ros2_ws/install/nav2_costmap_2d/include//nav2_costmap_2d/costmap_2d_ros.hpp
-- Symlinking: /home/coderey/ros2_ws/install/nav2_costmap_2d/include//nav2_costmap_2d/costmap_filters/costmap_filter.hpp
-- Symlinking: /home/coderey/ros2_ws/install/nav2_costmap_2d/include//nav2_costmap_2d/costmap_filters/filter_values.hpp
-- Symlinking: /home/coderey/ros2_ws/install/nav2_costmap_2d/include//nav2_costmap_2d/costmap_filters/keepout_filter.hpp
-- Symlinking: /home/coderey/ros2_ws/install/nav2_costmap_2d/include//nav2_costmap_2d/costmap_filters/speed_filter.hpp
-- Symlinking: /home/coderey/ros2_ws/install/nav2_costmap_2d/include//nav2_costmap_2d/costmap_layer.hpp
-- Symlinking: /home/coderey/ros2_ws/install/nav2_costmap_2d/include//nav2_costmap_2d/costmap_math.hpp
-- Symlinking: /home/coderey/ros2_ws/install/nav2_costmap_2d/include//nav2_costmap_2d/costmap_subscriber.hpp
-- Symlinking: /home/coderey/ros2_ws/install/nav2_costmap_2d/include//nav2_costmap_2d/costmap_topic_collision_checker.hpp
-- Symlinking: /home/coderey/ros2_ws/install/nav2_costmap_2d/include//nav2_costmap_2d/exceptions.hpp
-- Symlinking: /home/coderey/ros2_ws/install/nav2_costmap_2d/include//nav2_costmap_2d/footprint.hpp
-- Symlinking: /home/coderey/ros2_ws/install/nav2_costmap_2d/include//nav2_costmap_2d/footprint_collision_checker.hpp
-- Symlinking: /home/coderey/ros2_ws/install/nav2_costmap_2d/include//nav2_costmap_2d/footprint_subscriber.hpp
-- Symlinking: /home/coderey/ros2_ws/install/nav2_costmap_2d/include//nav2_costmap_2d/inflation_layer.hpp
-- Symlinking: /home/coderey/ros2_ws/install/nav2_costmap_2d/include//nav2_costmap_2d/layer.hpp
-- Symlinking: /home/coderey/ros2_ws/install/nav2_costmap_2d/include//nav2_costmap_2d/layered_costmap.hpp
-- Symlinking: /home/coderey/ros2_ws/install/nav2_costmap_2d/include//nav2_costmap_2d/observation.hpp
-- Symlinking: /home/coderey/ros2_ws/install/nav2_costmap_2d/include//nav2_costmap_2d/observation_buffer.hpp
-- Symlinking: /home/coderey/ros2_ws/install/nav2_costmap_2d/include//nav2_costmap_2d/obstacle_layer.hpp
-- Symlinking: /home/coderey/ros2_ws/install/nav2_costmap_2d/include//nav2_costmap_2d/range_sensor_layer.hpp
-- Symlinking: /home/coderey/ros2_ws/install/nav2_costmap_2d/include//nav2_costmap_2d/static_layer.hpp
-- Symlinking: /home/coderey/ros2_ws/install/nav2_costmap_2d/include//nav2_costmap_2d/voxel_layer.hpp
-- Symlinking: /home/coderey/ros2_ws/install/nav2_costmap_2d/share/nav2_costmap_2d/environment/library_path.sh
-- Symlinking: /home/coderey/ros2_ws/install/nav2_costmap_2d/share/nav2_costmap_2d/environment/library_path.dsv
-- Up-to-date symlink: /home/coderey/ros2_ws/install/nav2_costmap_2d/share/nav2_costmap_2d//costmap_plugins.xml
-- Symlinking: /home/coderey/ros2_ws/install/nav2_costmap_2d/share/ament_index/resource_index/package_run_dependencies/nav2_costmap_2d
-- Symlinking: /home/coderey/ros2_ws/install/nav2_costmap_2d/share/ament_index/resource_index/parent_prefix_path/nav2_costmap_2d
-- Symlinking: /home/coderey/ros2_ws/install/nav2_costmap_2d/share/nav2_costmap_2d/environment/ament_prefix_path.sh
-- Symlinking: /home/coderey/ros2_ws/install/nav2_costmap_2d/share/nav2_costmap_2d/environment/ament_prefix_path.dsv
-- Symlinking: /home/coderey/ros2_ws/install/nav2_costmap_2d/share/nav2_costmap_2d/environment/path.sh
-- Symlinking: /home/coderey/ros2_ws/install/nav2_costmap_2d/share/nav2_costmap_2d/environment/path.dsv
-- Symlinking: /home/coderey/ros2_ws/install/nav2_costmap_2d/share/nav2_costmap_2d/local_setup.bash
-- Symlinking: /home/coderey/ros2_ws/install/nav2_costmap_2d/share/nav2_costmap_2d/local_setup.sh
-- Symlinking: /home/coderey/ros2_ws/install/nav2_costmap_2d/share/nav2_costmap_2d/local_setup.zsh
-- Symlinking: /home/coderey/ros2_ws/install/nav2_costmap_2d/share/nav2_costmap_2d/local_setup.dsv
-- Symlinking: /home/coderey/ros2_ws/install/nav2_costmap_2d/share/nav2_costmap_2d/package.dsv
-- Symlinking: /home/coderey/ros2_ws/install/nav2_costmap_2d/share/ament_index/resource_index/packages/nav2_costmap_2d
-- Symlinking: /home/coderey/ros2_ws/install/nav2_costmap_2d/share/ament_index/resource_index/nav2_costmap_2d__pluginlib__plugin/nav2_costmap_2d
-- Symlinking: /home/coderey/ros2_ws/install/nav2_costmap_2d/share/nav2_costmap_2d/cmake/ament_cmake_export_include_directories-extras.cmake
-- Symlinking: /home/coderey/ros2_ws/install/nav2_costmap_2d/share/nav2_costmap_2d/cmake/ament_cmake_export_libraries-extras.cmake
-- Symlinking: /home/coderey/ros2_ws/install/nav2_costmap_2d/share/nav2_costmap_2d/cmake/ament_cmake_export_dependencies-extras.cmake
-- Symlinking: /home/coderey/ros2_ws/install/nav2_costmap_2d/share/nav2_costmap_2d/cmake/nav2_costmap_2dConfig.cmake
-- Symlinking: /home/coderey/ros2_ws/install/nav2_costmap_2d/share/nav2_costmap_2d/cmake/nav2_costmap_2dConfig-version.cmake
-- Symlinking: /home/coderey/ros2_ws/install/nav2_costmap_2d/share/nav2_costmap_2d/package.xml
