running egg_info
creating ../../build/mob_rob_loca/mob_rob_loca.egg-info
writing ../../build/mob_rob_loca/mob_rob_loca.egg-info/PKG-INFO
writing dependency_links to ../../build/mob_rob_loca/mob_rob_loca.egg-info/dependency_links.txt
writing entry points to ../../build/mob_rob_loca/mob_rob_loca.egg-info/entry_points.txt
writing requirements to ../../build/mob_rob_loca/mob_rob_loca.egg-info/requires.txt
writing top-level names to ../../build/mob_rob_loca/mob_rob_loca.egg-info/top_level.txt
writing manifest file '../../build/mob_rob_loca/mob_rob_loca.egg-info/SOURCES.txt'
reading manifest file '../../build/mob_rob_loca/mob_rob_loca.egg-info/SOURCES.txt'
writing manifest file '../../build/mob_rob_loca/mob_rob_loca.egg-info/SOURCES.txt'
running build
running build_py
creating /home/coderey/ros2_ws/build/mob_rob_loca/build
creating /home/coderey/ros2_ws/build/mob_rob_loca/build/lib
creating /home/coderey/ros2_ws/build/mob_rob_loca/build/lib/mob_rob_loca
copying mob_rob_loca/__init__.py -> /home/coderey/ros2_ws/build/mob_rob_loca/build/lib/mob_rob_loca
copying mob_rob_loca/rpi_communication.py -> /home/coderey/ros2_ws/build/mob_rob_loca/build/lib/mob_rob_loca
copying mob_rob_loca/vel_pub.py -> /home/coderey/ros2_ws/build/mob_rob_loca/build/lib/mob_rob_loca
copying mob_rob_loca/test.py -> /home/coderey/ros2_ws/build/mob_rob_loca/build/lib/mob_rob_loca
copying mob_rob_loca/tick_to_odom.py -> /home/coderey/ros2_ws/build/mob_rob_loca/build/lib/mob_rob_loca
copying mob_rob_loca/marv_to_ekf.py -> /home/coderey/ros2_ws/build/mob_rob_loca/build/lib/mob_rob_loca
copying mob_rob_loca/transforms.py -> /home/coderey/ros2_ws/build/mob_rob_loca/build/lib/mob_rob_loca
running install
running install_lib
creating /home/coderey/ros2_ws/install/mob_rob_loca/lib/python3.8/site-packages/mob_rob_loca
copying /home/coderey/ros2_ws/build/mob_rob_loca/build/lib/mob_rob_loca/__init__.py -> /home/coderey/ros2_ws/install/mob_rob_loca/lib/python3.8/site-packages/mob_rob_loca
copying /home/coderey/ros2_ws/build/mob_rob_loca/build/lib/mob_rob_loca/rpi_communication.py -> /home/coderey/ros2_ws/install/mob_rob_loca/lib/python3.8/site-packages/mob_rob_loca
copying /home/coderey/ros2_ws/build/mob_rob_loca/build/lib/mob_rob_loca/vel_pub.py -> /home/coderey/ros2_ws/install/mob_rob_loca/lib/python3.8/site-packages/mob_rob_loca
copying /home/coderey/ros2_ws/build/mob_rob_loca/build/lib/mob_rob_loca/test.py -> /home/coderey/ros2_ws/install/mob_rob_loca/lib/python3.8/site-packages/mob_rob_loca
copying /home/coderey/ros2_ws/build/mob_rob_loca/build/lib/mob_rob_loca/tick_to_odom.py -> /home/coderey/ros2_ws/install/mob_rob_loca/lib/python3.8/site-packages/mob_rob_loca
copying /home/coderey/ros2_ws/build/mob_rob_loca/build/lib/mob_rob_loca/marv_to_ekf.py -> /home/coderey/ros2_ws/install/mob_rob_loca/lib/python3.8/site-packages/mob_rob_loca
copying /home/coderey/ros2_ws/build/mob_rob_loca/build/lib/mob_rob_loca/transforms.py -> /home/coderey/ros2_ws/install/mob_rob_loca/lib/python3.8/site-packages/mob_rob_loca
byte-compiling /home/coderey/ros2_ws/install/mob_rob_loca/lib/python3.8/site-packages/mob_rob_loca/__init__.py to __init__.cpython-38.pyc
byte-compiling /home/coderey/ros2_ws/install/mob_rob_loca/lib/python3.8/site-packages/mob_rob_loca/rpi_communication.py to rpi_communication.cpython-38.pyc
byte-compiling /home/coderey/ros2_ws/install/mob_rob_loca/lib/python3.8/site-packages/mob_rob_loca/vel_pub.py to vel_pub.cpython-38.pyc
byte-compiling /home/coderey/ros2_ws/install/mob_rob_loca/lib/python3.8/site-packages/mob_rob_loca/test.py to test.cpython-38.pyc
byte-compiling /home/coderey/ros2_ws/install/mob_rob_loca/lib/python3.8/site-packages/mob_rob_loca/tick_to_odom.py to tick_to_odom.cpython-38.pyc
byte-compiling /home/coderey/ros2_ws/install/mob_rob_loca/lib/python3.8/site-packages/mob_rob_loca/marv_to_ekf.py to marv_to_ekf.cpython-38.pyc
byte-compiling /home/coderey/ros2_ws/install/mob_rob_loca/lib/python3.8/site-packages/mob_rob_loca/transforms.py to transforms.cpython-38.pyc
running install_data
creating /home/coderey/ros2_ws/install/mob_rob_loca/share/ament_index
creating /home/coderey/ros2_ws/install/mob_rob_loca/share/ament_index/resource_index
creating /home/coderey/ros2_ws/install/mob_rob_loca/share/ament_index/resource_index/packages
copying resource/mob_rob_loca -> /home/coderey/ros2_ws/install/mob_rob_loca/share/ament_index/resource_index/packages
copying package.xml -> /home/coderey/ros2_ws/install/mob_rob_loca/share/mob_rob_loca
creating /home/coderey/ros2_ws/install/mob_rob_loca/share/mob_rob_loca/launch
copying launch/localization.launch.py -> /home/coderey/ros2_ws/install/mob_rob_loca/share/mob_rob_loca/launch
copying launch/rviz.launch.py -> /home/coderey/ros2_ws/install/mob_rob_loca/share/mob_rob_loca/launch
copying launch/filter.launch.py -> /home/coderey/ros2_ws/install/mob_rob_loca/share/mob_rob_loca/launch
copying launch/sensor.launch.py -> /home/coderey/ros2_ws/install/mob_rob_loca/share/mob_rob_loca/launch
copying launch/rpi.launch.py -> /home/coderey/ros2_ws/install/mob_rob_loca/share/mob_rob_loca/launch
copying launch/map.launch.py -> /home/coderey/ros2_ws/install/mob_rob_loca/share/mob_rob_loca/launch
copying launch/trial.launch.py -> /home/coderey/ros2_ws/install/mob_rob_loca/share/mob_rob_loca/launch
copying launch/addison.launch.py -> /home/coderey/ros2_ws/install/mob_rob_loca/share/mob_rob_loca/launch
copying launch/nav.launch.py -> /home/coderey/ros2_ws/install/mob_rob_loca/share/mob_rob_loca/launch
copying launch/ekf.launch.py -> /home/coderey/ros2_ws/install/mob_rob_loca/share/mob_rob_loca/launch
creating /home/coderey/ros2_ws/install/mob_rob_loca/share/mob_rob_loca/urdf
copying urdf/edison.urdf -> /home/coderey/ros2_ws/install/mob_rob_loca/share/mob_rob_loca/urdf
creating /home/coderey/ros2_ws/install/mob_rob_loca/share/mob_rob_loca/rviz
copying rviz/loca.rviz -> /home/coderey/ros2_ws/install/mob_rob_loca/share/mob_rob_loca/rviz
creating /home/coderey/ros2_ws/install/mob_rob_loca/share/mob_rob_loca/maps
copying maps/keepout_mask.png -> /home/coderey/ros2_ws/install/mob_rob_loca/share/mob_rob_loca/maps
copying maps/circuit.png -> /home/coderey/ros2_ws/install/mob_rob_loca/share/mob_rob_loca/maps
copying maps/keepout_mask.yaml -> /home/coderey/ros2_ws/install/mob_rob_loca/share/mob_rob_loca/maps
copying maps/circuit.yaml -> /home/coderey/ros2_ws/install/mob_rob_loca/share/mob_rob_loca/maps
creating /home/coderey/ros2_ws/install/mob_rob_loca/share/mob_rob_loca/params
copying params/nav2pose.xml -> /home/coderey/ros2_ws/install/mob_rob_loca/share/mob_rob_loca/params
copying params/no_map_params.yaml -> /home/coderey/ros2_ws/install/mob_rob_loca/share/mob_rob_loca/params
copying params/keepout_params.yaml -> /home/coderey/ros2_ws/install/mob_rob_loca/share/mob_rob_loca/params
copying params/nav2_params.yaml -> /home/coderey/ros2_ws/install/mob_rob_loca/share/mob_rob_loca/params
copying params/nav2_essentials.yaml -> /home/coderey/ros2_ws/install/mob_rob_loca/share/mob_rob_loca/params
copying params/bt.xml -> /home/coderey/ros2_ws/install/mob_rob_loca/share/mob_rob_loca/params
creating /home/coderey/ros2_ws/install/mob_rob_loca/share/mob_rob_loca/config
copying config/ekf.yaml -> /home/coderey/ros2_ws/install/mob_rob_loca/share/mob_rob_loca/config
copying config/navthroughposes.xml -> /home/coderey/ros2_ws/install/mob_rob_loca/share/mob_rob_loca/config
copying config/nav2pose.xml -> /home/coderey/ros2_ws/install/mob_rob_loca/share/mob_rob_loca/config
running install_egg_info
Copying ../../build/mob_rob_loca/mob_rob_loca.egg-info to /home/coderey/ros2_ws/install/mob_rob_loca/lib/python3.8/site-packages/mob_rob_loca-0.0.0-py3.8.egg-info
running install_scripts
Installing imu_serv script to /home/coderey/ros2_ws/install/mob_rob_loca/lib/mob_rob_loca
Installing marv2ekf script to /home/coderey/ros2_ws/install/mob_rob_loca/lib/mob_rob_loca
Installing rpi_com_motors script to /home/coderey/ros2_ws/install/mob_rob_loca/lib/mob_rob_loca
Installing ticks2odom script to /home/coderey/ros2_ws/install/mob_rob_loca/lib/mob_rob_loca
Installing transforms script to /home/coderey/ros2_ws/install/mob_rob_loca/lib/mob_rob_loca
Installing vel_pub script to /home/coderey/ros2_ws/install/mob_rob_loca/lib/mob_rob_loca
writing list of installed files to '/home/coderey/ros2_ws/build/mob_rob_loca/install.log'
