[2.043s] Invoking command in '/home/coderey/ros2_ws/src/mob_rob_loca': PYTHONPATH=/home/coderey/ros2_ws/build/mob_rob_loca/prefix_override:/home/coderey/ros2_ws/install/mob_rob_loca/lib/python3.8/site-packages:${PYTHONPATH} /usr/bin/python3 setup.py egg_info --egg-base ../../build/mob_rob_loca build --build-base /home/coderey/ros2_ws/build/mob_rob_loca/build install --record /home/coderey/ros2_ws/build/mob_rob_loca/install.log --single-version-externally-managed
[2.234s] running egg_info
[2.234s] writing ../../build/mob_rob_loca/mob_rob_loca.egg-info/PKG-INFO
[2.235s] writing dependency_links to ../../build/mob_rob_loca/mob_rob_loca.egg-info/dependency_links.txt
[2.235s] writing entry points to ../../build/mob_rob_loca/mob_rob_loca.egg-info/entry_points.txt
[2.235s] writing requirements to ../../build/mob_rob_loca/mob_rob_loca.egg-info/requires.txt
[2.235s] writing top-level names to ../../build/mob_rob_loca/mob_rob_loca.egg-info/top_level.txt
[2.244s] reading manifest file '../../build/mob_rob_loca/mob_rob_loca.egg-info/SOURCES.txt'
[2.245s] writing manifest file '../../build/mob_rob_loca/mob_rob_loca.egg-info/SOURCES.txt'
[2.245s] running build
[2.245s] running build_py
[2.246s] running install
[2.246s] running install_lib
[2.248s] running install_data
[2.249s] running install_egg_info
[2.251s] removing '/home/coderey/ros2_ws/install/mob_rob_loca/lib/python3.8/site-packages/mob_rob_loca-0.0.0-py3.8.egg-info' (and everything under it)
[2.251s] Copying ../../build/mob_rob_loca/mob_rob_loca.egg-info to /home/coderey/ros2_ws/install/mob_rob_loca/lib/python3.8/site-packages/mob_rob_loca-0.0.0-py3.8.egg-info
[2.252s] running install_scripts
[2.267s] Installing imu_serv script to /home/coderey/ros2_ws/install/mob_rob_loca/lib/mob_rob_loca
[2.267s] Installing marv2ekf script to /home/coderey/ros2_ws/install/mob_rob_loca/lib/mob_rob_loca
[2.267s] Installing rpi_com_motors script to /home/coderey/ros2_ws/install/mob_rob_loca/lib/mob_rob_loca
[2.267s] Installing ticks2odom script to /home/coderey/ros2_ws/install/mob_rob_loca/lib/mob_rob_loca
[2.268s] Installing transforms script to /home/coderey/ros2_ws/install/mob_rob_loca/lib/mob_rob_loca
[2.268s] Installing vel_pub script to /home/coderey/ros2_ws/install/mob_rob_loca/lib/mob_rob_loca
[2.268s] writing list of installed files to '/home/coderey/ros2_ws/build/mob_rob_loca/install.log'
