[1.324s] Invoking command in '/home/coderey/ros2_ws/build/groot': CMAKE_PREFIX_PATH=${CMAKE_PREFIX_PATH}:/home/coderey/ros2_ws/install/swisscat_robot:/home/coderey/ros2_ws/install/nav2_gps_waypoint_follower_demo:/home/coderey/ros2_ws/install/nav2_simple_commander:/home/coderey/ros2_ws/install/mob_rob_loca:/home/coderey/ros2_ws/install/bno055:/home/coderey/microros_ws/install/sensor_msgs_py:/opt/ros/galactic /usr/bin/cmake --build /home/coderey/ros2_ws/build/groot -- -j8 -l8
[1.720s] [  1%] [34m[1mAutomatic MOC and UIC for target QtNodeEditor[0m
[1.720s] [  1%] Built target QtNodeEditor_autogen
[1.720s] [ 57%] Built target QtNodeEditor
[1.720s] [ 58%] [34m[1mAutomatic MOC and UIC for target behavior_tree_editor[0m
[1.720s] [ 58%] Built target behavior_tree_editor_autogen
[1.720s] [ 74%] Built target behavior_tree_editor
[1.720s] [ 75%] [34m[1mAutomatic MOC and UIC for target Groot[0m
[1.720s] [ 75%] [34m[1mAutomatic MOC and UIC for target editor_test[0m
[1.720s] [ 76%] [34m[1mAutomatic MOC and UIC for target replay_test[0m
[1.720s] [ 76%] Built target editor_test_autogen
[1.720s] [ 76%] Built target Groot_autogen
[1.720s] [ 76%] Built target replay_test_autogen
[1.720s] [ 82%] Built target Groot
[1.721s] [ 91%] Built target editor_test
[1.721s] [100%] Built target replay_test
[1.727s] Invoked command in '/home/coderey/ros2_ws/build/groot' returned '0': CMAKE_PREFIX_PATH=${CMAKE_PREFIX_PATH}:/home/coderey/ros2_ws/install/swisscat_robot:/home/coderey/ros2_ws/install/nav2_gps_waypoint_follower_demo:/home/coderey/ros2_ws/install/nav2_simple_commander:/home/coderey/ros2_ws/install/mob_rob_loca:/home/coderey/ros2_ws/install/bno055:/home/coderey/microros_ws/install/sensor_msgs_py:/opt/ros/galactic /usr/bin/cmake --build /home/coderey/ros2_ws/build/groot -- -j8 -l8
[1.982s] Invoking command in '/home/coderey/ros2_ws/build/groot': CMAKE_PREFIX_PATH=${CMAKE_PREFIX_PATH}:/home/coderey/ros2_ws/install/swisscat_robot:/home/coderey/ros2_ws/install/nav2_gps_waypoint_follower_demo:/home/coderey/ros2_ws/install/nav2_simple_commander:/home/coderey/ros2_ws/install/mob_rob_loca:/home/coderey/ros2_ws/install/bno055:/home/coderey/microros_ws/install/sensor_msgs_py:/opt/ros/galactic /usr/bin/cmake --install /home/coderey/ros2_ws/build/groot
[1.993s] -- Install configuration: "RelWithDebInfo"
[1.994s] -- Execute custom install script
[1.995s] -- Up-to-date symlink: /home/coderey/ros2_ws/install/groot/lib/libbehavior_tree_editor.so
[1.995s] -- Up-to-date symlink: /home/coderey/ros2_ws/install/groot/lib/groot/Groot
[1.995s] -- Up-to-date symlink: /home/coderey/ros2_ws/install/groot/share/groot/environment/library_path.sh
[1.995s] -- Up-to-date symlink: /home/coderey/ros2_ws/install/groot/share/groot/environment/library_path.dsv
[1.995s] -- Up-to-date symlink: /home/coderey/ros2_ws/install/groot/share/ament_index/resource_index/package_run_dependencies/groot
[1.995s] -- Up-to-date symlink: /home/coderey/ros2_ws/install/groot/share/ament_index/resource_index/parent_prefix_path/groot
[1.996s] -- Up-to-date symlink: /home/coderey/ros2_ws/install/groot/share/groot/environment/ament_prefix_path.sh
[1.997s] -- Up-to-date symlink: /home/coderey/ros2_ws/install/groot/share/groot/environment/ament_prefix_path.dsv
[1.997s] -- Up-to-date symlink: /home/coderey/ros2_ws/install/groot/share/groot/environment/path.sh
[1.997s] -- Up-to-date symlink: /home/coderey/ros2_ws/install/groot/share/groot/environment/path.dsv
[1.997s] -- Up-to-date symlink: /home/coderey/ros2_ws/install/groot/share/groot/local_setup.bash
[1.997s] -- Up-to-date symlink: /home/coderey/ros2_ws/install/groot/share/groot/local_setup.sh
[1.997s] -- Up-to-date symlink: /home/coderey/ros2_ws/install/groot/share/groot/local_setup.zsh
[1.997s] -- Up-to-date symlink: /home/coderey/ros2_ws/install/groot/share/groot/local_setup.dsv
[1.997s] -- Symlinking: /home/coderey/ros2_ws/install/groot/share/groot/package.dsv
[2.012s] -- Up-to-date symlink: /home/coderey/ros2_ws/install/groot/share/ament_index/resource_index/packages/groot
[2.014s] -- Up-to-date symlink: /home/coderey/ros2_ws/install/groot/share/groot/cmake/ament_cmake_export_include_directories-extras.cmake
[2.014s] -- Up-to-date symlink: /home/coderey/ros2_ws/install/groot/share/groot/cmake/ament_cmake_export_dependencies-extras.cmake
[2.014s] -- Up-to-date symlink: /home/coderey/ros2_ws/install/groot/share/groot/cmake/ament_cmake_export_libraries-extras.cmake
[2.014s] -- Up-to-date symlink: /home/coderey/ros2_ws/install/groot/share/groot/cmake/grootConfig.cmake
[2.015s] -- Up-to-date symlink: /home/coderey/ros2_ws/install/groot/share/groot/cmake/grootConfig-version.cmake
[2.015s] -- Up-to-date symlink: /home/coderey/ros2_ws/install/groot/share/groot/package.xml
[2.022s] Invoked command in '/home/coderey/ros2_ws/build/groot' returned '0': CMAKE_PREFIX_PATH=${CMAKE_PREFIX_PATH}:/home/coderey/ros2_ws/install/swisscat_robot:/home/coderey/ros2_ws/install/nav2_gps_waypoint_follower_demo:/home/coderey/ros2_ws/install/nav2_simple_commander:/home/coderey/ros2_ws/install/mob_rob_loca:/home/coderey/ros2_ws/install/bno055:/home/coderey/microros_ws/install/sensor_msgs_py:/opt/ros/galactic /usr/bin/cmake --install /home/coderey/ros2_ws/build/groot
