[0.866s] Invoking command in '/home/coderey/ros2_ws/build/nav2_costmap_2d': CMAKE_PREFIX_PATH=/home/coderey/ros2_ws/install/nav2_map_server:/home/coderey/ros2_ws/install/nav2_lifecycle_manager:/home/coderey/ros2_ws/install/nav2_util:/home/coderey/ros2_ws/install/nav2_voxel_grid:/home/coderey/ros2_ws/install/nav2_msgs:/home/coderey/ros2_ws/install/nav2_common:/home/coderey/ros2_ws/install/robot_localization:/home/coderey/ros2_ws/install/nav2_system_tests:/home/coderey/ros2_ws/install/nav2_bringup:/home/coderey/ros2_ws/install/navigation2:/home/coderey/ros2_ws/install/nav2_dwb_controller:/home/coderey/ros2_ws/install/nav2_controller:/home/coderey/ros2_ws/install/dwb_plugins:/home/coderey/ros2_ws/install/dwb_critics:/home/coderey/ros2_ws/install/dwb_core:/home/coderey/ros2_ws/install/nav_2d_utils:/home/coderey/ros2_ws/install/dwb_msgs:/home/coderey/ros2_ws/install/nav_2d_msgs:/home/coderey/ros2_ws/install/nav2_waypoint_follower:/home/coderey/ros2_ws/install/nav2_theta_star_planner:/home/coderey/ros2_ws/install/nav2_smac_planner:/home/coderey/ros2_ws/install/nav2_rotation_shim_controller:/home/coderey/ros2_ws/install/nav2_regulated_pure_pursuit_controller:/home/coderey/ros2_ws/install/nav2_recoveries:/home/coderey/ros2_ws/install/nav2_planner:/home/coderey/ros2_ws/install/nav2_navfn_planner:/home/coderey/ros2_ws/install/nav2_bt_navigator:/home/coderey/ros2_ws/install/nav2_core:/home/coderey/ros2_ws/install/costmap_queue:/home/coderey/ros2_ws/install/nav2_costmap_2d:/home/coderey/ros2_ws/install/nav2_rviz_plugins:/home/coderey/ros2_ws/install/nav2_behavior_tree:/home/coderey/ros2_ws/install/nav2_amcl:/home/coderey/ros2_ws/install/marvelmind_ros2:/home/coderey/ros2_ws/install/marvelmind_ros2_msgs:/home/coderey/ros2_ws/install/groot:/home/coderey/microros_ws/install/micro_ros_demos_rclc:/home/coderey/microros_ws/install/common_interfaces:/home/coderey/microros_ws/install/visualization_msgs:/home/coderey/microros_ws/install/test_msgs:/home/coderey/microros_ws/install/example_interfaces:/home/coderey/microros_ws/install/action_msgs:/home/coderey/microros_ws/install/unique_identifier_msgs:/home/coderey/microros_ws/install/trajectory_msgs:/home/coderey/microros_ws/install/stereo_msgs:/home/coderey/microros_ws/install/std_srvs:/home/coderey/microros_ws/install/shape_msgs:/home/coderey/microros_ws/install/sensor_msgs:/home/coderey/microros_ws/install/nav_msgs:/home/coderey/microros_ws/install/diagnostic_msgs:/home/coderey/microros_ws/install/geometry_msgs:/home/coderey/microros_ws/install/drive_base_msgs:/home/coderey/microros_ws/install/actionlib_msgs:/home/coderey/microros_ws/install/std_msgs:/home/coderey/microros_ws/install/statistics_msgs:/home/coderey/microros_ws/install/rosidl_typesupport_microxrcedds_test_msg:/home/coderey/microros_ws/install/rosidl_typesupport_microxrcedds_cpp_tests:/home/coderey/microros_ws/install/rmw_microxrcedds:/home/coderey/microros_ws/install/rosidl_typesupport_microxrcedds_cpp:/home/coderey/microros_ws/install/rosidl_typesupport_microxrcedds_c_tests:/home/coderey/microros_ws/install/rosidl_typesupport_microxrcedds_c:/home/coderey/microros_ws/install/rosgraph_msgs:/home/coderey/microros_ws/install/rclc_parameter:/home/coderey/microros_ws/install/rclc:/home/coderey/microros_ws/install/composition_interfaces:/home/coderey/microros_ws/install/rcl_interfaces:/home/coderey/microros_ws/install/microxrcedds_client:/home/coderey/microros_ws/install/microcdr:/home/coderey/microros_ws/install/micro_ros_utilities:/home/coderey/microros_ws/install/micro_ros_setup:/home/coderey/microros_ws/install/micro_ros_agent:/home/coderey/microros_ws/install/micro_ros_msgs:/home/coderey/microros_ws/install/micro_ros_demos_rclcpp:/home/coderey/microros_ws/install/lifecycle_msgs:/home/coderey/microros_ws/install/complex_msgs:/home/coderey/microros_ws/install/builtin_interfaces:/home/coderey/ros2_ws/install/mob_rob_loca:/home/coderey/ros2_ws/install/nav2_simple_commander:/home/coderey/ros2_ws/install/nav2_gazebo_spawner:/home/coderey/ros2_ws/install/bno055:/home/coderey/microros_ws/install/sensor_msgs_py:/opt/ros/galactic LD_LIBRARY_PATH=/home/coderey/ros2_ws/install/nav2_map_server/lib:/home/coderey/ros2_ws/install/nav2_lifecycle_manager/lib:/home/coderey/ros2_ws/install/nav2_util/lib:/home/coderey/ros2_ws/install/nav2_voxel_grid/lib:/home/coderey/ros2_ws/install/nav2_msgs/lib:/home/coderey/ros2_ws/install/robot_localization/lib:/home/coderey/ros2_ws/install/nav2_controller/lib:/home/coderey/ros2_ws/install/dwb_plugins/lib:/home/coderey/ros2_ws/install/dwb_critics/lib:/home/coderey/ros2_ws/install/dwb_core/lib:/home/coderey/ros2_ws/install/nav_2d_utils/lib:/home/coderey/ros2_ws/install/dwb_msgs/lib:/home/coderey/ros2_ws/install/nav_2d_msgs/lib:/home/coderey/ros2_ws/install/nav2_waypoint_follower/lib:/home/coderey/ros2_ws/install/nav2_theta_star_planner/lib:/home/coderey/ros2_ws/install/nav2_smac_planner/lib:/home/coderey/ros2_ws/install/nav2_rotation_shim_controller/lib:/home/coderey/ros2_ws/install/nav2_regulated_pure_pursuit_controller/lib:/home/coderey/ros2_ws/install/nav2_recoveries/lib:/home/coderey/ros2_ws/install/nav2_planner/lib:/home/coderey/ros2_ws/install/nav2_navfn_planner/lib:/home/coderey/ros2_ws/install/nav2_bt_navigator/lib:/home/coderey/ros2_ws/install/costmap_queue/lib:/home/coderey/ros2_ws/install/nav2_costmap_2d/lib:/home/coderey/ros2_ws/install/nav2_rviz_plugins/lib:/home/coderey/ros2_ws/install/nav2_behavior_tree/lib:/home/coderey/ros2_ws/install/nav2_amcl/lib:/home/coderey/ros2_ws/install/marvelmind_ros2_msgs/lib:/home/coderey/ros2_ws/install/groot/lib:/home/coderey/microros_ws/install/visualization_msgs/lib:/home/coderey/microros_ws/install/test_msgs/lib:/home/coderey/microros_ws/install/example_interfaces/lib:/home/coderey/microros_ws/install/action_msgs/lib:/home/coderey/microros_ws/install/unique_identifier_msgs/lib:/home/coderey/microros_ws/install/trajectory_msgs/lib:/home/coderey/microros_ws/install/stereo_msgs/lib:/home/coderey/microros_ws/install/std_srvs/lib:/home/coderey/microros_ws/install/shape_msgs/lib:/home/coderey/microros_ws/install/sensor_msgs/lib:/home/coderey/microros_ws/install/nav_msgs/lib:/home/coderey/microros_ws/install/diagnostic_msgs/lib:/home/coderey/microros_ws/install/geometry_msgs/lib:/home/coderey/microros_ws/install/drive_base_msgs/lib:/home/coderey/microros_ws/install/actionlib_msgs/lib:/home/coderey/microros_ws/install/std_msgs/lib:/home/coderey/microros_ws/install/statistics_msgs/lib:/home/coderey/microros_ws/install/rmw_microxrcedds/lib:/home/coderey/microros_ws/install/rosidl_typesupport_microxrcedds_cpp/lib:/home/coderey/microros_ws/install/rosidl_typesupport_microxrcedds_c/lib:/home/coderey/microros_ws/install/rosgraph_msgs/lib:/home/coderey/microros_ws/install/rclc_parameter/lib:/home/coderey/microros_ws/install/rclc/lib:/home/coderey/microros_ws/install/composition_interfaces/lib:/home/coderey/microros_ws/install/rcl_interfaces/lib:/home/coderey/microros_ws/install/microxrcedds_client/lib:/home/coderey/microros_ws/install/microcdr/lib:/home/coderey/microros_ws/install/micro_ros_utilities/lib:/home/coderey/microros_ws/install/micro_ros_agent/lib:/home/coderey/microros_ws/install/micro_ros_msgs/lib:/home/coderey/microros_ws/install/lifecycle_msgs/lib:/home/coderey/microros_ws/install/complex_msgs/lib:/home/coderey/microros_ws/install/builtin_interfaces/lib:/usr/lib/x86_64-linux-gnu/gazebo-11/plugins:/opt/ros/galactic/opt/yaml_cpp_vendor/lib:/opt/ros/galactic/opt/rviz_ogre_vendor/lib:/opt/ros/galactic/lib/x86_64-linux-gnu:/opt/ros/galactic/lib PYTHONPATH=/home/coderey/ros2_ws/install/nav2_msgs/lib/python3.8/site-packages:/home/coderey/ros2_ws/install/nav2_common/lib/python3.8/site-packages:/home/coderey/ros2_ws/install/robot_localization/lib/python3.8/site-packages:/home/coderey/ros2_ws/install/dwb_msgs/lib/python3.8/site-packages:/home/coderey/ros2_ws/install/nav_2d_msgs/lib/python3.8/site-packages:/home/coderey/ros2_ws/install/mob_rob_loca/lib/python3.8/site-packages:/home/coderey/ros2_ws/build/nav2_simple_commander:/home/coderey/ros2_ws/install/nav2_simple_commander/lib/python3.8/site-packages:/home/coderey/ros2_ws/build/nav2_gazebo_spawner:/home/coderey/ros2_ws/install/nav2_gazebo_spawner/lib/python3.8/site-packages:/home/coderey/ros2_ws/install/marvelmind_ros2_msgs/lib/python3.8/site-packages:/home/coderey/ros2_ws/build/bno055:/home/coderey/ros2_ws/install/bno055/lib/python3.8/site-packages:/home/coderey/microros_ws/install/visualization_msgs/lib/python3.8/site-packages:/home/coderey/microros_ws/install/test_msgs/lib/python3.8/site-packages:/home/coderey/microros_ws/install/example_interfaces/lib/python3.8/site-packages:/home/coderey/microros_ws/install/action_msgs/lib/python3.8/site-packages:/home/coderey/microros_ws/install/unique_identifier_msgs/lib/python3.8/site-packages:/home/coderey/microros_ws/install/trajectory_msgs/lib/python3.8/site-packages:/home/coderey/microros_ws/install/stereo_msgs/lib/python3.8/site-packages:/home/coderey/microros_ws/install/std_srvs/lib/python3.8/site-packages:/home/coderey/microros_ws/install/shape_msgs/lib/python3.8/site-packages:/home/coderey/microros_ws/install/sensor_msgs_py/lib/python3.8/site-packages:/home/coderey/microros_ws/install/sensor_msgs/lib/python3.8/site-packages:/home/coderey/microros_ws/install/nav_msgs/lib/python3.8/site-packages:/home/coderey/microros_ws/install/diagnostic_msgs/lib/python3.8/site-packages:/home/coderey/microros_ws/install/geometry_msgs/lib/python3.8/site-packages:/home/coderey/microros_ws/install/drive_base_msgs/lib/python3.8/site-packages:/home/coderey/microros_ws/install/actionlib_msgs/lib/python3.8/site-packages:/home/coderey/microros_ws/install/std_msgs/lib/python3.8/site-packages:/home/coderey/microros_ws/install/statistics_msgs/lib/python3.8/site-packages:/home/coderey/microros_ws/install/rosidl_typesupport_microxrcedds_cpp/lib/python3.8/site-packages:/home/coderey/microros_ws/install/rosidl_typesupport_microxrcedds_c/lib/python3.8/site-packages:/home/coderey/microros_ws/install/rosgraph_msgs/lib/python3.8/site-packages:/home/coderey/microros_ws/install/composition_interfaces/lib/python3.8/site-packages:/home/coderey/microros_ws/install/rcl_interfaces/lib/python3.8/site-packages:/home/coderey/microros_ws/install/micro_ros_msgs/lib/python3.8/site-packages:/home/coderey/microros_ws/install/lifecycle_msgs/lib/python3.8/site-packages:/home/coderey/microros_ws/install/complex_msgs/lib/python3.8/site-packages:/home/coderey/microros_ws/install/builtin_interfaces/lib/python3.8/site-packages:/opt/ros/galactic/lib/python3.8/site-packages:/opt/ros/galactic/lib/python3/dist-packages /usr/bin/cmake /home/coderey/ros2_ws/src/navigation2/nav2_costmap_2d -DAMENT_CMAKE_SYMLINK_INSTALL=1 -DCMAKE_INSTALL_PREFIX=/home/coderey/ros2_ws/install/nav2_costmap_2d
[1.019s] -- The C compiler identification is GNU 9.4.0
[1.165s] -- The CXX compiler identification is GNU 9.4.0
[1.181s] -- Check for working C compiler: /usr/bin/cc
[1.367s] -- Check for working C compiler: /usr/bin/cc -- works
[1.368s] -- Detecting C compiler ABI info
[1.658s] -- Detecting C compiler ABI info - done
[1.685s] -- Detecting C compile features
[1.685s] -- Detecting C compile features - done
[1.690s] -- Check for working CXX compiler: /usr/bin/c++
[1.825s] -- Check for working CXX compiler: /usr/bin/c++ -- works
[1.826s] -- Detecting CXX compiler ABI info
[2.035s] -- Detecting CXX compiler ABI info - done
[2.065s] -- Detecting CXX compile features
[2.065s] -- Detecting CXX compile features - done
[2.082s] -- Found ament_cmake: 1.1.6 (/opt/ros/galactic/share/ament_cmake/cmake)
[2.214s] -- Found PythonInterp: /usr/bin/python3 (found suitable version "3.8.10", minimum required is "3") 
[2.215s] -- Using PYTHON_EXECUTABLE: /usr/bin/python3
[2.355s] -- Override CMake install command with custom implementation using symlinks instead of copying resources
[2.468s] -- Found geometry_msgs: 2.2.4 (/home/coderey/microros_ws/install/geometry_msgs/share/geometry_msgs/cmake)
[2.583s] -- Using all available rosidl_typesupport_c: rosidl_typesupport_microxrcedds_c;rosidl_typesupport_fastrtps_c;rosidl_typesupport_introspection_c
[2.609s] -- Found rosidl_adapter: 2.2.3 (/opt/ros/galactic/share/rosidl_adapter/cmake)
[2.912s] -- Found OpenSSL: /usr/lib/x86_64-linux-gnu/libcrypto.so (found version "1.1.1f")  
[2.991s] -- Found FastRTPS: /opt/ros/galactic/include  
[3.172s] -- Using all available rosidl_typesupport_cpp: rosidl_typesupport_microxrcedds_cpp;rosidl_typesupport_fastrtps_cpp;rosidl_typesupport_introspection_cpp
[3.353s] -- Found laser_geometry: 2.2.1 (/opt/ros/galactic/share/laser_geometry/cmake)
[3.384s] -- Found map_msgs: 2.1.0 (/opt/ros/galactic/share/map_msgs/cmake)
[3.851s] -- Found message_filters: 3.2.6 (/opt/ros/galactic/share/message_filters/cmake)
[3.953s] -- Found rmw_implementation_cmake: 3.3.1 (/opt/ros/galactic/share/rmw_implementation_cmake/cmake)
[3.965s] -- Found rmw_cyclonedds_cpp: 0.22.6 (/opt/ros/galactic/share/rmw_cyclonedds_cpp/cmake)
[3.995s] -- Using RMW implementation 'rmw_cyclonedds_cpp' as default
[3.997s] -- Looking for pthread.h
[4.104s] -- Looking for pthread.h - found
[4.104s] -- Performing Test CMAKE_HAVE_LIBC_PTHREAD
[4.216s] -- Performing Test CMAKE_HAVE_LIBC_PTHREAD - Failed
[4.216s] -- Looking for pthread_create in pthreads
[4.372s] -- Looking for pthread_create in pthreads - not found
[4.372s] -- Looking for pthread_create in pthread
[4.529s] -- Looking for pthread_create in pthread - found
[4.531s] -- Found Threads: TRUE  
[4.840s] -- Found nav2_common: 1.0.12 (/home/coderey/ros2_ws/install/nav2_common/share/nav2_common/cmake)
[4.842s] -- Found nav2_msgs: 1.0.12 (/home/coderey/ros2_ws/install/nav2_msgs/share/nav2_msgs/cmake)
[5.376s] -- Found nav2_util: 1.0.12 (/home/coderey/ros2_ws/install/nav2_util/share/nav2_util/cmake)
[6.024s] -- Found Eigen3: TRUE (found version "3.3.7") 
[6.353s] -- Found nav2_voxel_grid: 1.0.12 (/home/coderey/ros2_ws/install/nav2_voxel_grid/share/nav2_voxel_grid/cmake)
[6.367s] -- Found pluginlib: 5.0.1 (/opt/ros/galactic/share/pluginlib/cmake)
[6.419s] -- Found tf2_sensor_msgs: 0.17.5 (/opt/ros/galactic/share/tf2_sensor_msgs/cmake)
[6.449s] -- Found visualization_msgs: 2.2.4 (/home/coderey/microros_ws/install/visualization_msgs/share/visualization_msgs/cmake)
[6.558s] -- Found angles: 1.14.0 (/opt/ros/galactic/share/angles/cmake)
[6.560s] -- Setting build type to Release as none was specified.
[8.909s] -- Found ament_lint_auto: 0.10.7 (/opt/ros/galactic/share/ament_lint_auto/cmake)
[10.049s] -- Found gtest sources under '/opt/ros/galactic/src/gtest_vendor': C++ tests using 'Google Test' will be built
[10.052s] -- Check if compiler accepts -pthread
[10.154s] -- Check if compiler accepts -pthread - yes
[10.179s] -- Found gtest sources under '/opt/ros/galactic/src/gtest_vendor': C++ tests using 'Google Test' will be built
[11.691s] -- Found gtest sources under '/opt/ros/galactic/src/gtest_vendor': C++ tests using 'Google Test' will be built
[11.707s] -- Added test 'cppcheck' to perform static code analysis on C / C++ code
[11.709s] -- Configured cppcheck include dirs: /home/coderey/ros2_ws/src/navigation2/nav2_costmap_2d/include
[11.709s] -- Configured cppcheck exclude dirs and/or files: 
[11.710s] -- Added test 'flake8' to check Python code syntax and style conventions
[11.712s] -- Added test 'lint_cmake' to check CMake code style
[11.714s] -- Added test 'pep257' to check Python code against some of the style conventions in PEP 257
[11.718s] -- Added test 'uncrustify' to check C / C++ code style
[11.718s] -- Configured uncrustify additional arguments: 
[11.721s] -- Added test 'xmllint' to check XML markup files
[11.732s] -- Configuring done
[12.491s] -- Generating done
[12.497s] -- Build files have been written to: /home/coderey/ros2_ws/build/nav2_costmap_2d
