[2.740s] Invoking command in '/home/coderey/ros2_ws/build/nav2_gazebo_spawner': PYTHONPATH=/home/coderey/ros2_ws/build/nav2_gazebo_spawner/prefix_override:/home/coderey/ros2_ws/install/nav2_gazebo_spawner/lib/python3.8/site-packages:${PYTHONPATH} /usr/bin/python3 setup.py develop --editable --build-directory /home/coderey/ros2_ws/build/nav2_gazebo_spawner/build --no-deps install_data
[3.194s] running develop
[3.426s] running egg_info
[3.426s] creating nav2_gazebo_spawner.egg-info
[3.428s] writing nav2_gazebo_spawner.egg-info/PKG-INFO
[3.429s] writing dependency_links to nav2_gazebo_spawner.egg-info/dependency_links.txt
[3.430s] writing entry points to nav2_gazebo_spawner.egg-info/entry_points.txt
[3.431s] writing requirements to nav2_gazebo_spawner.egg-info/requires.txt
[3.431s] writing top-level names to nav2_gazebo_spawner.egg-info/top_level.txt
[3.435s] writing manifest file 'nav2_gazebo_spawner.egg-info/SOURCES.txt'
[3.492s] reading manifest file 'nav2_gazebo_spawner.egg-info/SOURCES.txt'
[3.493s] writing manifest file 'nav2_gazebo_spawner.egg-info/SOURCES.txt'
[3.553s] running build_ext
[3.553s] Creating /home/coderey/ros2_ws/install/nav2_gazebo_spawner/lib/python3.8/site-packages/site.py
[3.559s] Creating /home/coderey/ros2_ws/install/nav2_gazebo_spawner/lib/python3.8/site-packages/nav2-gazebo-spawner.egg-link (link to .)
[3.561s] Installing nav2_gazebo_spawner script to /home/coderey/ros2_ws/install/nav2_gazebo_spawner/lib/nav2_gazebo_spawner
[3.561s] 
[3.561s] Installed /home/coderey/ros2_ws/build/nav2_gazebo_spawner
[3.562s] running install_data
[3.562s] creating /home/coderey/ros2_ws/install/nav2_gazebo_spawner/share/ament_index
[3.562s] creating /home/coderey/ros2_ws/install/nav2_gazebo_spawner/share/ament_index/resource_index
[3.562s] creating /home/coderey/ros2_ws/install/nav2_gazebo_spawner/share/ament_index/resource_index/packages
[3.563s] copying resource/nav2_gazebo_spawner -> /home/coderey/ros2_ws/install/nav2_gazebo_spawner/share/ament_index/resource_index/packages
[3.563s] copying package.xml -> /home/coderey/ros2_ws/install/nav2_gazebo_spawner/share/nav2_gazebo_spawner
[3.905s] Invoked command in '/home/coderey/ros2_ws/build/nav2_gazebo_spawner' returned '0': PYTHONPATH=/home/coderey/ros2_ws/build/nav2_gazebo_spawner/prefix_override:/home/coderey/ros2_ws/install/nav2_gazebo_spawner/lib/python3.8/site-packages:${PYTHONPATH} /usr/bin/python3 setup.py develop --editable --build-directory /home/coderey/ros2_ws/build/nav2_gazebo_spawner/build --no-deps install_data
