[0.000000] (-) TimerEvent: {}
[0.000081] (-) JobUnselected: {'identifier': 'bno055'}
[0.000099] (-) JobUnselected: {'identifier': 'costmap_queue'}
[0.000109] (-) JobUnselected: {'identifier': 'dwb_core'}
[0.000118] (-) JobUnselected: {'identifier': 'dwb_critics'}
[0.000128] (-) JobUnselected: {'identifier': 'dwb_msgs'}
[0.000137] (-) JobUnselected: {'identifier': 'dwb_plugins'}
[0.000146] (-) JobUnselected: {'identifier': 'marvelmind_ros2'}
[0.000155] (-) JobUnselected: {'identifier': 'marvelmind_ros2_msgs'}
[0.000164] (-) JobUnselected: {'identifier': 'mob_rob_loca'}
[0.000172] (-) JobUnselected: {'identifier': 'nav2_amcl'}
[0.000180] (-) JobUnselected: {'identifier': 'nav2_behavior_tree'}
[0.000189] (-) JobUnselected: {'identifier': 'nav2_behaviors'}
[0.000199] (-) JobUnselected: {'identifier': 'nav2_bringup'}
[0.000208] (-) JobUnselected: {'identifier': 'nav2_bt_navigator'}
[0.000217] (-) JobUnselected: {'identifier': 'nav2_collision_monitor'}
[0.000225] (-) JobUnselected: {'identifier': 'nav2_common'}
[0.000237] (-) JobUnselected: {'identifier': 'nav2_constrained_smoother'}
[0.000245] (-) JobUnselected: {'identifier': 'nav2_controller'}
[0.000253] (-) JobUnselected: {'identifier': 'nav2_core'}
[0.000262] (-) JobUnselected: {'identifier': 'nav2_costmap_2d'}
[0.000270] (-) JobUnselected: {'identifier': 'nav2_dwb_controller'}
[0.000279] (-) JobUnselected: {'identifier': 'nav2_lifecycle_manager'}
[0.000287] (-) JobUnselected: {'identifier': 'nav2_map_server'}
[0.000295] (-) JobUnselected: {'identifier': 'nav2_mppi_controller'}
[0.000304] (-) JobUnselected: {'identifier': 'nav2_msgs'}
[0.000312] (-) JobUnselected: {'identifier': 'nav2_navfn_planner'}
[0.000321] (-) JobUnselected: {'identifier': 'nav2_planner'}
[0.000329] (-) JobUnselected: {'identifier': 'nav2_regulated_pure_pursuit_controller'}
[0.000338] (-) JobUnselected: {'identifier': 'nav2_rotation_shim_controller'}
[0.000347] (-) JobUnselected: {'identifier': 'nav2_rviz_plugins'}
[0.000355] (-) JobUnselected: {'identifier': 'nav2_simple_commander'}
[0.000364] (-) JobUnselected: {'identifier': 'nav2_smac_planner'}
[0.000372] (-) JobUnselected: {'identifier': 'nav2_smoother'}
[0.000381] (-) JobUnselected: {'identifier': 'nav2_system_tests'}
[0.000390] (-) JobUnselected: {'identifier': 'nav2_theta_star_planner'}
[0.000400] (-) JobUnselected: {'identifier': 'nav2_util'}
[0.000409] (-) JobUnselected: {'identifier': 'nav2_velocity_smoother'}
[0.000419] (-) JobUnselected: {'identifier': 'nav2_voxel_grid'}
[0.000428] (-) JobUnselected: {'identifier': 'nav2_waypoint_follower'}
[0.000437] (-) JobUnselected: {'identifier': 'nav_2d_msgs'}
[0.000446] (-) JobUnselected: {'identifier': 'nav_2d_utils'}
[0.000455] (-) JobUnselected: {'identifier': 'robot_localization'}
[0.000465] (navigation2) JobQueued: {'identifier': 'navigation2', 'dependencies': OrderedDict([('nav2_common', '/home/coderey/ros2_ws/install/nav2_common'), ('nav_2d_msgs', '/home/coderey/ros2_ws/install/nav_2d_msgs'), ('robot_localization', '/home/coderey/ros2_ws/install/robot_localization'), ('dwb_msgs', '/home/coderey/ros2_ws/install/dwb_msgs'), ('nav2_msgs', '/home/coderey/ros2_ws/install/nav2_msgs'), ('nav2_voxel_grid', '/home/coderey/ros2_ws/install/nav2_voxel_grid'), ('nav2_simple_commander', '/home/coderey/ros2_ws/install/nav2_simple_commander'), ('nav2_util', '/home/coderey/ros2_ws/install/nav2_util'), ('nav2_amcl', '/home/coderey/ros2_ws/install/nav2_amcl'), ('nav2_behavior_tree', '/home/coderey/ros2_ws/install/nav2_behavior_tree'), ('nav2_lifecycle_manager', '/home/coderey/ros2_ws/install/nav2_lifecycle_manager'), ('nav2_map_server', '/home/coderey/ros2_ws/install/nav2_map_server'), ('nav2_velocity_smoother', '/home/coderey/ros2_ws/install/nav2_velocity_smoother'), ('nav_2d_utils', '/home/coderey/ros2_ws/install/nav_2d_utils'), ('nav2_costmap_2d', '/home/coderey/ros2_ws/install/nav2_costmap_2d'), ('nav2_rviz_plugins', '/home/coderey/ros2_ws/install/nav2_rviz_plugins'), ('costmap_queue', '/home/coderey/ros2_ws/install/costmap_queue'), ('nav2_collision_monitor', '/home/coderey/ros2_ws/install/nav2_collision_monitor'), ('nav2_core', '/home/coderey/ros2_ws/install/nav2_core'), ('dwb_core', '/home/coderey/ros2_ws/install/dwb_core'), ('nav2_behaviors', '/home/coderey/ros2_ws/install/nav2_behaviors'), ('nav2_bt_navigator', '/home/coderey/ros2_ws/install/nav2_bt_navigator'), ('nav2_constrained_smoother', '/home/coderey/ros2_ws/install/nav2_constrained_smoother'), ('nav2_controller', '/home/coderey/ros2_ws/install/nav2_controller'), ('nav2_mppi_controller', '/home/coderey/ros2_ws/install/nav2_mppi_controller'), ('nav2_navfn_planner', '/home/coderey/ros2_ws/install/nav2_navfn_planner'), ('nav2_planner', '/home/coderey/ros2_ws/install/nav2_planner'), ('nav2_regulated_pure_pursuit_controller', '/home/coderey/ros2_ws/install/nav2_regulated_pure_pursuit_controller'), ('nav2_smac_planner', '/home/coderey/ros2_ws/install/nav2_smac_planner'), ('nav2_smoother', '/home/coderey/ros2_ws/install/nav2_smoother'), ('nav2_theta_star_planner', '/home/coderey/ros2_ws/install/nav2_theta_star_planner'), ('nav2_waypoint_follower', '/home/coderey/ros2_ws/install/nav2_waypoint_follower'), ('dwb_critics', '/home/coderey/ros2_ws/install/dwb_critics'), ('dwb_plugins', '/home/coderey/ros2_ws/install/dwb_plugins'), ('nav2_rotation_shim_controller', '/home/coderey/ros2_ws/install/nav2_rotation_shim_controller'), ('nav2_dwb_controller', '/home/coderey/ros2_ws/install/nav2_dwb_controller')])}
[0.000878] (navigation2) JobStarted: {'identifier': 'navigation2'}
[0.100122] (-) TimerEvent: {}
[0.195322] (navigation2) JobEnded: {'identifier': 'navigation2', 'rc': 1}
[0.200181] (-) TimerEvent: {}
[0.205886] (-) EventReactorShutdown: {}
