[1.461s] Invoking command in '/home/coderey/ros2_ws/build/groot': CMAKE_PREFIX_PATH=${CMAKE_PREFIX_PATH}:/home/coderey/ros2_ws/install/swisscat_robot:/home/coderey/ros2_ws/install/nav2_gps_waypoint_follower_demo:/home/coderey/ros2_ws/install/mob_rob_loca:/home/coderey/ros2_ws/install/bno055:/home/coderey/microros_ws/install/sensor_msgs_py:/opt/ros/galactic /usr/bin/cmake --build /home/coderey/ros2_ws/build/groot -- -j8 -l8
[1.565s] [  1%] [34m[1mAutomatic MOC and UIC for target QtNodeEditor[0m
[1.618s] [  1%] Built target QtNodeEditor_autogen
[1.730s] [ 57%] Built target QtNodeEditor
[1.783s] [ 58%] [34m[1mAutomatic MOC and UIC for target behavior_tree_editor[0m
[1.867s] [ 58%] Built target behavior_tree_editor_autogen
[1.985s] [ 74%] Built target behavior_tree_editor
[2.054s] [ 74%] [34m[1mAutomatic MOC and UIC for target editor_test[0m
[2.056s] [ 75%] [34m[1mAutomatic MOC and UIC for target Groot[0m
[2.066s] [ 76%] [34m[1mAutomatic MOC and UIC for target replay_test[0m
[2.110s] [ 76%] Built target editor_test_autogen
[2.122s] [ 76%] Built target Groot_autogen
[2.123s] [ 76%] Built target replay_test_autogen
[2.219s] [ 85%] Built target editor_test
[2.229s] [ 91%] Built target Groot
[2.245s] [100%] Built target replay_test
[2.464s] Invoked command in '/home/coderey/ros2_ws/build/groot' returned '0': CMAKE_PREFIX_PATH=${CMAKE_PREFIX_PATH}:/home/coderey/ros2_ws/install/swisscat_robot:/home/coderey/ros2_ws/install/nav2_gps_waypoint_follower_demo:/home/coderey/ros2_ws/install/mob_rob_loca:/home/coderey/ros2_ws/install/bno055:/home/coderey/microros_ws/install/sensor_msgs_py:/opt/ros/galactic /usr/bin/cmake --build /home/coderey/ros2_ws/build/groot -- -j8 -l8
[3.435s] Invoking command in '/home/coderey/ros2_ws/build/groot': CMAKE_PREFIX_PATH=${CMAKE_PREFIX_PATH}:/home/coderey/ros2_ws/install/swisscat_robot:/home/coderey/ros2_ws/install/nav2_gps_waypoint_follower_demo:/home/coderey/ros2_ws/install/mob_rob_loca:/home/coderey/ros2_ws/install/bno055:/home/coderey/microros_ws/install/sensor_msgs_py:/opt/ros/galactic /usr/bin/cmake --install /home/coderey/ros2_ws/build/groot
[3.513s] -- Install configuration: ""
[3.513s] -- Up-to-date: /home/coderey/ros2_ws/install/groot/lib/libbehavior_tree_editor.so
[3.514s] -- Up-to-date: /home/coderey/ros2_ws/install/groot/lib/groot/Groot
[3.514s] -- Up-to-date: /home/coderey/ros2_ws/install/groot/share/groot/environment/library_path.sh
[3.514s] -- Up-to-date: /home/coderey/ros2_ws/install/groot/share/groot/environment/library_path.dsv
[3.514s] -- Up-to-date: /home/coderey/ros2_ws/install/groot/share/ament_index/resource_index/package_run_dependencies/groot
[3.514s] -- Up-to-date: /home/coderey/ros2_ws/install/groot/share/ament_index/resource_index/parent_prefix_path/groot
[3.514s] -- Up-to-date: /home/coderey/ros2_ws/install/groot/share/groot/environment/ament_prefix_path.sh
[3.514s] -- Up-to-date: /home/coderey/ros2_ws/install/groot/share/groot/environment/ament_prefix_path.dsv
[3.514s] -- Up-to-date: /home/coderey/ros2_ws/install/groot/share/groot/environment/path.sh
[3.515s] -- Up-to-date: /home/coderey/ros2_ws/install/groot/share/groot/environment/path.dsv
[3.515s] -- Up-to-date: /home/coderey/ros2_ws/install/groot/share/groot/local_setup.bash
[3.515s] -- Up-to-date: /home/coderey/ros2_ws/install/groot/share/groot/local_setup.sh
[3.515s] -- Up-to-date: /home/coderey/ros2_ws/install/groot/share/groot/local_setup.zsh
[3.515s] -- Up-to-date: /home/coderey/ros2_ws/install/groot/share/groot/local_setup.dsv
[3.515s] -- Installing: /home/coderey/ros2_ws/install/groot/share/groot/package.dsv
[3.515s] -- Up-to-date: /home/coderey/ros2_ws/install/groot/share/ament_index/resource_index/packages/groot
[3.515s] -- Up-to-date: /home/coderey/ros2_ws/install/groot/share/groot/cmake/ament_cmake_export_include_directories-extras.cmake
[3.515s] -- Up-to-date: /home/coderey/ros2_ws/install/groot/share/groot/cmake/ament_cmake_export_dependencies-extras.cmake
[3.515s] -- Up-to-date: /home/coderey/ros2_ws/install/groot/share/groot/cmake/ament_cmake_export_libraries-extras.cmake
[3.515s] -- Up-to-date: /home/coderey/ros2_ws/install/groot/share/groot/cmake/grootConfig.cmake
[3.516s] -- Up-to-date: /home/coderey/ros2_ws/install/groot/share/groot/cmake/grootConfig-version.cmake
[3.516s] -- Up-to-date: /home/coderey/ros2_ws/install/groot/share/groot/package.xml
[4.392s] Invoked command in '/home/coderey/ros2_ws/build/groot' returned '0': CMAKE_PREFIX_PATH=${CMAKE_PREFIX_PATH}:/home/coderey/ros2_ws/install/swisscat_robot:/home/coderey/ros2_ws/install/nav2_gps_waypoint_follower_demo:/home/coderey/ros2_ws/install/mob_rob_loca:/home/coderey/ros2_ws/install/bno055:/home/coderey/microros_ws/install/sensor_msgs_py:/opt/ros/galactic /usr/bin/cmake --install /home/coderey/ros2_ws/build/groot
