[ 25%] Built target marvelmind_hedge_lib
[ 50%] Built target marvelmind_api_lib
[100%] Built target marvelmind_ros2
[100%] Built target marvelmind_api_ros2
-- Install configuration: "RelWithDebInfo"
-- Execute custom install script
-- Up-to-date symlink: /home/coderey/ros2_ws/install/marvelmind_ros2/lib/marvelmind_ros2/marvelmind_ros2
-- Up-to-date symlink: /home/coderey/ros2_ws/install/marvelmind_ros2/lib/marvelmind_ros2/marvelmind_api_ros2
-- Up-to-date symlink: /home/coderey/ros2_ws/install/marvelmind_ros2/share/marvelmind_ros2/config/marvelmind_ros2_config.yaml
-- Up-to-date symlink: /home/coderey/ros2_ws/install/marvelmind_ros2/share/marvelmind_ros2/launch/marvelmind_api_ros2.launch.py
-- Up-to-date symlink: /home/coderey/ros2_ws/install/marvelmind_ros2/share/marvelmind_ros2/launch/marvelmind_ros2.launch.py
-- Up-to-date symlink: /home/coderey/ros2_ws/install/marvelmind_ros2/share/ament_index/resource_index/package_run_dependencies/marvelmind_ros2
-- Up-to-date symlink: /home/coderey/ros2_ws/install/marvelmind_ros2/share/ament_index/resource_index/parent_prefix_path/marvelmind_ros2
-- Up-to-date symlink: /home/coderey/ros2_ws/install/marvelmind_ros2/share/marvelmind_ros2/environment/ament_prefix_path.sh
-- Up-to-date symlink: /home/coderey/ros2_ws/install/marvelmind_ros2/share/marvelmind_ros2/environment/ament_prefix_path.dsv
-- Up-to-date symlink: /home/coderey/ros2_ws/install/marvelmind_ros2/share/marvelmind_ros2/environment/path.sh
-- Up-to-date symlink: /home/coderey/ros2_ws/install/marvelmind_ros2/share/marvelmind_ros2/environment/path.dsv
-- Up-to-date symlink: /home/coderey/ros2_ws/install/marvelmind_ros2/share/marvelmind_ros2/local_setup.bash
-- Up-to-date symlink: /home/coderey/ros2_ws/install/marvelmind_ros2/share/marvelmind_ros2/local_setup.sh
-- Up-to-date symlink: /home/coderey/ros2_ws/install/marvelmind_ros2/share/marvelmind_ros2/local_setup.zsh
-- Up-to-date symlink: /home/coderey/ros2_ws/install/marvelmind_ros2/share/marvelmind_ros2/local_setup.dsv
-- Symlinking: /home/coderey/ros2_ws/install/marvelmind_ros2/share/marvelmind_ros2/package.dsv
-- Up-to-date symlink: /home/coderey/ros2_ws/install/marvelmind_ros2/share/ament_index/resource_index/packages/marvelmind_ros2
-- Up-to-date symlink: /home/coderey/ros2_ws/install/marvelmind_ros2/share/marvelmind_ros2/cmake/marvelmind_ros2Config.cmake
-- Up-to-date symlink: /home/coderey/ros2_ws/install/marvelmind_ros2/share/marvelmind_ros2/cmake/marvelmind_ros2Config-version.cmake
-- Up-to-date symlink: /home/coderey/ros2_ws/install/marvelmind_ros2/share/marvelmind_ros2/package.xml
