[3.351s] Invoking command in '/home/coderey/ros2_ws/build/bno055': PYTHONPATH=/home/coderey/ros2_ws/build/bno055/prefix_override:/home/coderey/ros2_ws/install/bno055/lib/python3.8/site-packages:${PYTHONPATH} /usr/bin/python3 setup.py develop --uninstall --editable --build-directory /home/coderey/ros2_ws/build/bno055/build
[3.851s] running develop
[4.096s] Removing /home/coderey/ros2_ws/install/bno055/lib/python3.8/site-packages/bno055.egg-link (link to .)
[4.246s] Invoked command in '/home/coderey/ros2_ws/build/bno055' returned '0': PYTHONPATH=/home/coderey/ros2_ws/build/bno055/prefix_override:/home/coderey/ros2_ws/install/bno055/lib/python3.8/site-packages:${PYTHONPATH} /usr/bin/python3 setup.py develop --uninstall --editable --build-directory /home/coderey/ros2_ws/build/bno055/build
[4.250s] Invoking command in '/home/coderey/ros2_ws/src/bno055': PYTHONPATH=/home/coderey/ros2_ws/build/bno055/prefix_override:/home/coderey/ros2_ws/install/bno055/lib/python3.8/site-packages:${PYTHONPATH} /usr/bin/python3 setup.py egg_info --egg-base ../../build/bno055 build --build-base /home/coderey/ros2_ws/build/bno055/build install --record /home/coderey/ros2_ws/build/bno055/install.log --single-version-externally-managed
[5.197s] running egg_info
[5.197s] writing ../../build/bno055/bno055.egg-info/PKG-INFO
[5.197s] writing dependency_links to ../../build/bno055/bno055.egg-info/dependency_links.txt
[5.198s] writing entry points to ../../build/bno055/bno055.egg-info/entry_points.txt
[5.198s] writing requirements to ../../build/bno055/bno055.egg-info/requires.txt
[5.198s] writing top-level names to ../../build/bno055/bno055.egg-info/top_level.txt
[5.198s] reading manifest file '../../build/bno055/bno055.egg-info/SOURCES.txt'
[5.198s] writing manifest file '../../build/bno055/bno055.egg-info/SOURCES.txt'
[5.198s] running build
[5.198s] running build_py
[5.198s] running install
[5.198s] running install_lib
[5.198s] creating /home/coderey/ros2_ws/install/bno055/lib/python3.8/site-packages/bno055
[5.198s] copying /home/coderey/ros2_ws/build/bno055/build/lib/bno055/__init__.py -> /home/coderey/ros2_ws/install/bno055/lib/python3.8/site-packages/bno055
[5.199s] creating /home/coderey/ros2_ws/install/bno055/lib/python3.8/site-packages/bno055/connectors
[5.199s] copying /home/coderey/ros2_ws/build/bno055/build/lib/bno055/connectors/__init__.py -> /home/coderey/ros2_ws/install/bno055/lib/python3.8/site-packages/bno055/connectors
[5.199s] copying /home/coderey/ros2_ws/build/bno055/build/lib/bno055/connectors/uart.py -> /home/coderey/ros2_ws/install/bno055/lib/python3.8/site-packages/bno055/connectors
[5.199s] copying /home/coderey/ros2_ws/build/bno055/build/lib/bno055/connectors/Connector.py -> /home/coderey/ros2_ws/install/bno055/lib/python3.8/site-packages/bno055/connectors
[5.199s] copying /home/coderey/ros2_ws/build/bno055/build/lib/bno055/connectors/i2c.py -> /home/coderey/ros2_ws/install/bno055/lib/python3.8/site-packages/bno055/connectors
[5.199s] creating /home/coderey/ros2_ws/install/bno055/lib/python3.8/site-packages/bno055/sensor
[5.199s] copying /home/coderey/ros2_ws/build/bno055/build/lib/bno055/sensor/__init__.py -> /home/coderey/ros2_ws/install/bno055/lib/python3.8/site-packages/bno055/sensor
[5.199s] copying /home/coderey/ros2_ws/build/bno055/build/lib/bno055/sensor/SensorService.py -> /home/coderey/ros2_ws/install/bno055/lib/python3.8/site-packages/bno055/sensor
[5.199s] copying /home/coderey/ros2_ws/build/bno055/build/lib/bno055/registers.py -> /home/coderey/ros2_ws/install/bno055/lib/python3.8/site-packages/bno055
[5.199s] copying /home/coderey/ros2_ws/build/bno055/build/lib/bno055/bno055.py -> /home/coderey/ros2_ws/install/bno055/lib/python3.8/site-packages/bno055
[5.200s] creating /home/coderey/ros2_ws/install/bno055/lib/python3.8/site-packages/bno055/error_handling
[5.200s] copying /home/coderey/ros2_ws/build/bno055/build/lib/bno055/error_handling/__init__.py -> /home/coderey/ros2_ws/install/bno055/lib/python3.8/site-packages/bno055/error_handling
[5.200s] copying /home/coderey/ros2_ws/build/bno055/build/lib/bno055/error_handling/exceptions.py -> /home/coderey/ros2_ws/install/bno055/lib/python3.8/site-packages/bno055/error_handling
[5.200s] creating /home/coderey/ros2_ws/install/bno055/lib/python3.8/site-packages/bno055/params
[5.200s] copying /home/coderey/ros2_ws/build/bno055/build/lib/bno055/params/__init__.py -> /home/coderey/ros2_ws/install/bno055/lib/python3.8/site-packages/bno055/params
[5.200s] copying /home/coderey/ros2_ws/build/bno055/build/lib/bno055/params/NodeParameters.py -> /home/coderey/ros2_ws/install/bno055/lib/python3.8/site-packages/bno055/params
[5.200s] byte-compiling /home/coderey/ros2_ws/install/bno055/lib/python3.8/site-packages/bno055/__init__.py to __init__.cpython-38.pyc
[5.200s] byte-compiling /home/coderey/ros2_ws/install/bno055/lib/python3.8/site-packages/bno055/connectors/__init__.py to __init__.cpython-38.pyc
[5.200s] byte-compiling /home/coderey/ros2_ws/install/bno055/lib/python3.8/site-packages/bno055/connectors/uart.py to uart.cpython-38.pyc
[5.200s] byte-compiling /home/coderey/ros2_ws/install/bno055/lib/python3.8/site-packages/bno055/connectors/Connector.py to Connector.cpython-38.pyc
[5.200s] byte-compiling /home/coderey/ros2_ws/install/bno055/lib/python3.8/site-packages/bno055/connectors/i2c.py to i2c.cpython-38.pyc
[5.201s] byte-compiling /home/coderey/ros2_ws/install/bno055/lib/python3.8/site-packages/bno055/sensor/__init__.py to __init__.cpython-38.pyc
[5.201s] byte-compiling /home/coderey/ros2_ws/install/bno055/lib/python3.8/site-packages/bno055/sensor/SensorService.py to SensorService.cpython-38.pyc
[5.201s] byte-compiling /home/coderey/ros2_ws/install/bno055/lib/python3.8/site-packages/bno055/registers.py to registers.cpython-38.pyc
[5.201s] byte-compiling /home/coderey/ros2_ws/install/bno055/lib/python3.8/site-packages/bno055/bno055.py to bno055.cpython-38.pyc
[5.201s] byte-compiling /home/coderey/ros2_ws/install/bno055/lib/python3.8/site-packages/bno055/error_handling/__init__.py to __init__.cpython-38.pyc
[5.201s] byte-compiling /home/coderey/ros2_ws/install/bno055/lib/python3.8/site-packages/bno055/error_handling/exceptions.py to exceptions.cpython-38.pyc
[5.201s] byte-compiling /home/coderey/ros2_ws/install/bno055/lib/python3.8/site-packages/bno055/params/__init__.py to __init__.cpython-38.pyc
[5.201s] byte-compiling /home/coderey/ros2_ws/install/bno055/lib/python3.8/site-packages/bno055/params/NodeParameters.py to NodeParameters.cpython-38.pyc
[5.201s] running install_data
[5.201s] running install_egg_info
[5.201s] Copying ../../build/bno055/bno055.egg-info to /home/coderey/ros2_ws/install/bno055/lib/python3.8/site-packages/bno055-0.4.1-py3.8.egg-info
[5.201s] running install_scripts
[5.202s] Installing bno055 script to /home/coderey/ros2_ws/install/bno055/lib/bno055
[5.202s] writing list of installed files to '/home/coderey/ros2_ws/build/bno055/install.log'
[5.740s] Invoked command in '/home/coderey/ros2_ws/src/bno055' returned '0': PYTHONPATH=/home/coderey/ros2_ws/build/bno055/prefix_override:/home/coderey/ros2_ws/install/bno055/lib/python3.8/site-packages:${PYTHONPATH} /usr/bin/python3 setup.py egg_info --egg-base ../../build/bno055 build --build-base /home/coderey/ros2_ws/build/bno055/build install --record /home/coderey/ros2_ws/build/bno055/install.log --single-version-externally-managed
