[0.482s] Invoking command in '/home/coderey/ros2_ws/build/nav2_map_server': AMENT_PREFIX_PATH=/home/coderey/ros2_ws/install/nav2_util:${AMENT_PREFIX_PATH} CMAKE_PREFIX_PATH=/home/coderey/ros2_ws/install/nav2_util:/home/coderey/ros2_ws/install/nav2_msgs:/home/coderey/ros2_ws/install/nav2_common:/home/coderey/ros2_ws/install/robot_localization:/home/coderey/ros2_ws/install/dwb_msgs:/home/coderey/ros2_ws/install/nav_2d_msgs:/home/coderey/ros2_ws/install/nav2_voxel_grid:/home/coderey/ros2_ws/install/marvelmind_ros2:/home/coderey/ros2_ws/install/marvelmind_ros2_msgs:/home/coderey/ros2_ws/install/groot:/home/coderey/microros_ws/install/micro_ros_demos_rclc:/home/coderey/microros_ws/install/common_interfaces:/home/coderey/microros_ws/install/visualization_msgs:/home/coderey/microros_ws/install/test_msgs:/home/coderey/microros_ws/install/example_interfaces:/home/coderey/microros_ws/install/action_msgs:/home/coderey/microros_ws/install/unique_identifier_msgs:/home/coderey/microros_ws/install/trajectory_msgs:/home/coderey/microros_ws/install/stereo_msgs:/home/coderey/microros_ws/install/std_srvs:/home/coderey/microros_ws/install/shape_msgs:/home/coderey/microros_ws/install/sensor_msgs:/home/coderey/microros_ws/install/nav_msgs:/home/coderey/microros_ws/install/diagnostic_msgs:/home/coderey/microros_ws/install/geometry_msgs:/home/coderey/microros_ws/install/drive_base_msgs:/home/coderey/microros_ws/install/actionlib_msgs:/home/coderey/microros_ws/install/std_msgs:/home/coderey/microros_ws/install/statistics_msgs:/home/coderey/microros_ws/install/rosidl_typesupport_microxrcedds_test_msg:/home/coderey/microros_ws/install/rosidl_typesupport_microxrcedds_cpp_tests:/home/coderey/microros_ws/install/rmw_microxrcedds:/home/coderey/microros_ws/install/rosidl_typesupport_microxrcedds_cpp:/home/coderey/microros_ws/install/rosidl_typesupport_microxrcedds_c_tests:/home/coderey/microros_ws/install/rosidl_typesupport_microxrcedds_c:/home/coderey/microros_ws/install/rosgraph_msgs:/home/coderey/microros_ws/install/rclc_parameter:/home/coderey/microros_ws/install/rclc:/home/coderey/microros_ws/install/composition_interfaces:/home/coderey/microros_ws/install/rcl_interfaces:/home/coderey/microros_ws/install/microxrcedds_client:/home/coderey/microros_ws/install/microcdr:/home/coderey/microros_ws/install/micro_ros_utilities:/home/coderey/microros_ws/install/micro_ros_setup:/home/coderey/microros_ws/install/micro_ros_agent:/home/coderey/microros_ws/install/micro_ros_msgs:/home/coderey/microros_ws/install/micro_ros_demos_rclcpp:/home/coderey/microros_ws/install/lifecycle_msgs:/home/coderey/microros_ws/install/complex_msgs:/home/coderey/microros_ws/install/builtin_interfaces:/home/coderey/ros2_ws/install/nav2_simple_commander:/home/coderey/ros2_ws/install/nav2_gazebo_spawner:/home/coderey/ros2_ws/install/mob_rob_loca:/home/coderey/ros2_ws/install/bno055:/home/coderey/microros_ws/install/sensor_msgs_py:/opt/ros/galactic LD_LIBRARY_PATH=/home/coderey/ros2_ws/install/nav2_util/lib:/home/coderey/ros2_ws/install/nav2_msgs/lib:/home/coderey/ros2_ws/install/robot_localization/lib:/home/coderey/ros2_ws/install/dwb_msgs/lib:/home/coderey/ros2_ws/install/nav_2d_msgs/lib:/home/coderey/ros2_ws/install/nav2_voxel_grid/lib:/home/coderey/ros2_ws/install/marvelmind_ros2_msgs/lib:/home/coderey/ros2_ws/install/groot/lib:/home/coderey/microros_ws/install/visualization_msgs/lib:/home/coderey/microros_ws/install/test_msgs/lib:/home/coderey/microros_ws/install/example_interfaces/lib:/home/coderey/microros_ws/install/action_msgs/lib:/home/coderey/microros_ws/install/unique_identifier_msgs/lib:/home/coderey/microros_ws/install/trajectory_msgs/lib:/home/coderey/microros_ws/install/stereo_msgs/lib:/home/coderey/microros_ws/install/std_srvs/lib:/home/coderey/microros_ws/install/shape_msgs/lib:/home/coderey/microros_ws/install/sensor_msgs/lib:/home/coderey/microros_ws/install/nav_msgs/lib:/home/coderey/microros_ws/install/diagnostic_msgs/lib:/home/coderey/microros_ws/install/geometry_msgs/lib:/home/coderey/microros_ws/install/drive_base_msgs/lib:/home/coderey/microros_ws/install/actionlib_msgs/lib:/home/coderey/microros_ws/install/std_msgs/lib:/home/coderey/microros_ws/install/statistics_msgs/lib:/home/coderey/microros_ws/install/rmw_microxrcedds/lib:/home/coderey/microros_ws/install/rosidl_typesupport_microxrcedds_cpp/lib:/home/coderey/microros_ws/install/rosidl_typesupport_microxrcedds_c/lib:/home/coderey/microros_ws/install/rosgraph_msgs/lib:/home/coderey/microros_ws/install/rclc_parameter/lib:/home/coderey/microros_ws/install/rclc/lib:/home/coderey/microros_ws/install/composition_interfaces/lib:/home/coderey/microros_ws/install/rcl_interfaces/lib:/home/coderey/microros_ws/install/microxrcedds_client/lib:/home/coderey/microros_ws/install/microcdr/lib:/home/coderey/microros_ws/install/micro_ros_utilities/lib:/home/coderey/microros_ws/install/micro_ros_agent/lib:/home/coderey/microros_ws/install/micro_ros_msgs/lib:/home/coderey/microros_ws/install/lifecycle_msgs/lib:/home/coderey/microros_ws/install/complex_msgs/lib:/home/coderey/microros_ws/install/builtin_interfaces/lib:/usr/lib/x86_64-linux-gnu/gazebo-11/plugins:/opt/ros/galactic/opt/yaml_cpp_vendor/lib:/opt/ros/galactic/opt/rviz_ogre_vendor/lib:/opt/ros/galactic/lib/x86_64-linux-gnu:/opt/ros/galactic/lib PYTHONPATH=/home/coderey/ros2_ws/install/nav2_msgs/lib/python3.8/site-packages:/home/coderey/ros2_ws/install/nav2_common/lib/python3.8/site-packages:/home/coderey/ros2_ws/install/robot_localization/lib/python3.8/site-packages:/home/coderey/ros2_ws/install/dwb_msgs/lib/python3.8/site-packages:/home/coderey/ros2_ws/install/nav_2d_msgs/lib/python3.8/site-packages:/home/coderey/ros2_ws/build/nav2_simple_commander:/home/coderey/ros2_ws/install/nav2_simple_commander/lib/python3.8/site-packages:/home/coderey/ros2_ws/build/nav2_gazebo_spawner:/home/coderey/ros2_ws/install/nav2_gazebo_spawner/lib/python3.8/site-packages:/home/coderey/ros2_ws/build/mob_rob_loca:/home/coderey/ros2_ws/install/mob_rob_loca/lib/python3.8/site-packages:/home/coderey/ros2_ws/install/marvelmind_ros2_msgs/lib/python3.8/site-packages:/home/coderey/ros2_ws/build/bno055:/home/coderey/ros2_ws/install/bno055/lib/python3.8/site-packages:/home/coderey/microros_ws/install/visualization_msgs/lib/python3.8/site-packages:/home/coderey/microros_ws/install/test_msgs/lib/python3.8/site-packages:/home/coderey/microros_ws/install/example_interfaces/lib/python3.8/site-packages:/home/coderey/microros_ws/install/action_msgs/lib/python3.8/site-packages:/home/coderey/microros_ws/install/unique_identifier_msgs/lib/python3.8/site-packages:/home/coderey/microros_ws/install/trajectory_msgs/lib/python3.8/site-packages:/home/coderey/microros_ws/install/stereo_msgs/lib/python3.8/site-packages:/home/coderey/microros_ws/install/std_srvs/lib/python3.8/site-packages:/home/coderey/microros_ws/install/shape_msgs/lib/python3.8/site-packages:/home/coderey/microros_ws/install/sensor_msgs_py/lib/python3.8/site-packages:/home/coderey/microros_ws/install/sensor_msgs/lib/python3.8/site-packages:/home/coderey/microros_ws/install/nav_msgs/lib/python3.8/site-packages:/home/coderey/microros_ws/install/diagnostic_msgs/lib/python3.8/site-packages:/home/coderey/microros_ws/install/geometry_msgs/lib/python3.8/site-packages:/home/coderey/microros_ws/install/drive_base_msgs/lib/python3.8/site-packages:/home/coderey/microros_ws/install/actionlib_msgs/lib/python3.8/site-packages:/home/coderey/microros_ws/install/std_msgs/lib/python3.8/site-packages:/home/coderey/microros_ws/install/statistics_msgs/lib/python3.8/site-packages:/home/coderey/microros_ws/install/rosidl_typesupport_microxrcedds_cpp/lib/python3.8/site-packages:/home/coderey/microros_ws/install/rosidl_typesupport_microxrcedds_c/lib/python3.8/site-packages:/home/coderey/microros_ws/install/rosgraph_msgs/lib/python3.8/site-packages:/home/coderey/microros_ws/install/composition_interfaces/lib/python3.8/site-packages:/home/coderey/microros_ws/install/rcl_interfaces/lib/python3.8/site-packages:/home/coderey/microros_ws/install/micro_ros_msgs/lib/python3.8/site-packages:/home/coderey/microros_ws/install/lifecycle_msgs/lib/python3.8/site-packages:/home/coderey/microros_ws/install/complex_msgs/lib/python3.8/site-packages:/home/coderey/microros_ws/install/builtin_interfaces/lib/python3.8/site-packages:/opt/ros/galactic/lib/python3.8/site-packages:/opt/ros/galactic/lib/python3/dist-packages /usr/bin/cmake /home/coderey/ros2_ws/src/navigation2/nav2_map_server -DAMENT_CMAKE_SYMLINK_INSTALL=1 -DCMAKE_INSTALL_PREFIX=/home/coderey/ros2_ws/install/nav2_map_server
[0.564s] -- The C compiler identification is GNU 9.4.0
[0.628s] -- The CXX compiler identification is GNU 9.4.0
[0.636s] -- Check for working C compiler: /usr/bin/cc
[0.731s] -- Check for working C compiler: /usr/bin/cc -- works
[0.732s] -- Detecting C compiler ABI info
[0.824s] -- Detecting C compiler ABI info - done
[0.841s] -- Detecting C compile features
[0.842s] -- Detecting C compile features - done
[0.844s] -- Check for working CXX compiler: /usr/bin/c++
[0.960s] -- Check for working CXX compiler: /usr/bin/c++ -- works
[0.962s] -- Detecting CXX compiler ABI info
[1.064s] -- Detecting CXX compiler ABI info - done
[1.085s] -- Detecting CXX compile features
[1.086s] -- Detecting CXX compile features - done
[1.095s] -- Found ament_cmake: 1.1.6 (/opt/ros/galactic/share/ament_cmake/cmake)
[1.178s] -- Found PythonInterp: /usr/bin/python3 (found suitable version "3.8.10", minimum required is "3") 
[1.178s] -- Using PYTHON_EXECUTABLE: /usr/bin/python3
[1.293s] -- Override CMake install command with custom implementation using symlinks instead of copying resources
[1.364s] -- Found nav2_common: 1.0.12 (/home/coderey/ros2_ws/install/nav2_common/share/nav2_common/cmake)
[1.368s] -- Found rclcpp: 9.2.2 (/opt/ros/galactic/share/rclcpp/cmake)
[1.456s] -- Using all available rosidl_typesupport_c: rosidl_typesupport_microxrcedds_c;rosidl_typesupport_fastrtps_c;rosidl_typesupport_introspection_c
[1.473s] -- Found rosidl_adapter: 2.2.3 (/opt/ros/galactic/share/rosidl_adapter/cmake)
[1.628s] -- Found OpenSSL: /usr/lib/x86_64-linux-gnu/libcrypto.so (found version "1.1.1f")  
[1.680s] -- Found FastRTPS: /opt/ros/galactic/include  
[1.812s] -- Using all available rosidl_typesupport_cpp: rosidl_typesupport_microxrcedds_cpp;rosidl_typesupport_fastrtps_cpp;rosidl_typesupport_introspection_cpp
[1.931s] -- Found rmw_implementation_cmake: 3.3.1 (/opt/ros/galactic/share/rmw_implementation_cmake/cmake)
[1.939s] -- Found rmw_cyclonedds_cpp: 0.22.6 (/opt/ros/galactic/share/rmw_cyclonedds_cpp/cmake)
[1.966s] -- Using RMW implementation 'rmw_cyclonedds_cpp' as default
[1.967s] -- Looking for pthread.h
[2.057s] -- Looking for pthread.h - found
[2.057s] -- Performing Test CMAKE_HAVE_LIBC_PTHREAD
[2.165s] -- Performing Test CMAKE_HAVE_LIBC_PTHREAD - Failed
[2.165s] -- Looking for pthread_create in pthreads
[2.263s] -- Looking for pthread_create in pthreads - not found
[2.263s] -- Looking for pthread_create in pthread
[2.379s] -- Looking for pthread_create in pthread - found
[2.380s] -- Found Threads: TRUE  
[2.591s] -- Found rclcpp_lifecycle: 9.2.2 (/opt/ros/galactic/share/rclcpp_lifecycle/cmake)
[2.630s] -- Found nav_msgs: 2.2.4 (/home/coderey/microros_ws/install/nav_msgs/share/nav_msgs/cmake)
[2.755s] -- Found nav2_msgs: 1.0.12 (/home/coderey/ros2_ws/install/nav2_msgs/share/nav2_msgs/cmake)
[3.149s] -- Found yaml_cpp_vendor: 7.1.1 (/opt/ros/galactic/share/yaml_cpp_vendor/cmake)
[3.165s] -- Found tf2: 0.17.5 (/opt/ros/galactic/share/tf2/cmake)
[3.189s] -- Found nav2_util: 1.0.12 (/home/coderey/ros2_ws/install/nav2_util/share/nav2_util/cmake)
[3.839s] -- Found eigen3_cmake_module: 0.1.1 (/opt/ros/galactic/share/eigen3_cmake_module/cmake)
[3.848s] -- Found Eigen3: TRUE (found version "3.3.7") 
[4.122s] -- Found GRAPHICSMAGICKCPP: /usr/include/GraphicsMagick  
[4.122s] -- Setting build type to Release as none was specified.
[5.981s] -- Found ament_lint_auto: 0.10.7 (/opt/ros/galactic/share/ament_lint_auto/cmake)
[6.259s] -- Found gtest sources under '/opt/ros/galactic/src/gtest_vendor': C++ tests using 'Google Test' will be built
[6.263s] -- Check if compiler accepts -pthread
[6.410s] -- Check if compiler accepts -pthread - yes
[6.431s] -- Found gtest sources under '/opt/ros/galactic/src/gtest_vendor': C++ tests using 'Google Test' will be built
[6.456s] -- Found gtest sources under '/opt/ros/galactic/src/gtest_vendor': C++ tests using 'Google Test' will be built
[6.486s] -- Added test 'cppcheck' to perform static code analysis on C / C++ code
[6.488s] -- Configured cppcheck include dirs: /home/coderey/ros2_ws/src/navigation2/nav2_map_server/include
[6.488s] -- Configured cppcheck exclude dirs and/or files: 
[6.494s] -- Added test 'cpplint' to check C / C++ code against the Google style
[6.494s] -- Configured cpplint exclude dirs and/or files: 
[6.496s] -- Added test 'flake8' to check Python code syntax and style conventions
[6.498s] -- Added test 'lint_cmake' to check CMake code style
[6.500s] -- Added test 'pep257' to check Python code against some of the style conventions in PEP 257
[6.504s] -- Added test 'uncrustify' to check C / C++ code style
[6.504s] -- Configured uncrustify additional arguments: 
[6.506s] -- Added test 'xmllint' to check XML markup files
[6.520s] -- Configuring done
[7.157s] -- Generating done
[7.162s] -- Build files have been written to: /home/coderey/ros2_ws/build/nav2_map_server
[7.185s] Invoked command in '/home/coderey/ros2_ws/build/nav2_map_server' returned '0': AMENT_PREFIX_PATH=/home/coderey/ros2_ws/install/nav2_util:${AMENT_PREFIX_PATH} CMAKE_PREFIX_PATH=/home/coderey/ros2_ws/install/nav2_util:/home/coderey/ros2_ws/install/nav2_msgs:/home/coderey/ros2_ws/install/nav2_common:/home/coderey/ros2_ws/install/robot_localization:/home/coderey/ros2_ws/install/dwb_msgs:/home/coderey/ros2_ws/install/nav_2d_msgs:/home/coderey/ros2_ws/install/nav2_voxel_grid:/home/coderey/ros2_ws/install/marvelmind_ros2:/home/coderey/ros2_ws/install/marvelmind_ros2_msgs:/home/coderey/ros2_ws/install/groot:/home/coderey/microros_ws/install/micro_ros_demos_rclc:/home/coderey/microros_ws/install/common_interfaces:/home/coderey/microros_ws/install/visualization_msgs:/home/coderey/microros_ws/install/test_msgs:/home/coderey/microros_ws/install/example_interfaces:/home/coderey/microros_ws/install/action_msgs:/home/coderey/microros_ws/install/unique_identifier_msgs:/home/coderey/microros_ws/install/trajectory_msgs:/home/coderey/microros_ws/install/stereo_msgs:/home/coderey/microros_ws/install/std_srvs:/home/coderey/microros_ws/install/shape_msgs:/home/coderey/microros_ws/install/sensor_msgs:/home/coderey/microros_ws/install/nav_msgs:/home/coderey/microros_ws/install/diagnostic_msgs:/home/coderey/microros_ws/install/geometry_msgs:/home/coderey/microros_ws/install/drive_base_msgs:/home/coderey/microros_ws/install/actionlib_msgs:/home/coderey/microros_ws/install/std_msgs:/home/coderey/microros_ws/install/statistics_msgs:/home/coderey/microros_ws/install/rosidl_typesupport_microxrcedds_test_msg:/home/coderey/microros_ws/install/rosidl_typesupport_microxrcedds_cpp_tests:/home/coderey/microros_ws/install/rmw_microxrcedds:/home/coderey/microros_ws/install/rosidl_typesupport_microxrcedds_cpp:/home/coderey/microros_ws/install/rosidl_typesupport_microxrcedds_c_tests:/home/coderey/microros_ws/install/rosidl_typesupport_microxrcedds_c:/home/coderey/microros_ws/install/rosgraph_msgs:/home/coderey/microros_ws/install/rclc_parameter:/home/coderey/microros_ws/install/rclc:/home/coderey/microros_ws/install/composition_interfaces:/home/coderey/microros_ws/install/rcl_interfaces:/home/coderey/microros_ws/install/microxrcedds_client:/home/coderey/microros_ws/install/microcdr:/home/coderey/microros_ws/install/micro_ros_utilities:/home/coderey/microros_ws/install/micro_ros_setup:/home/coderey/microros_ws/install/micro_ros_agent:/home/coderey/microros_ws/install/micro_ros_msgs:/home/coderey/microros_ws/install/micro_ros_demos_rclcpp:/home/coderey/microros_ws/install/lifecycle_msgs:/home/coderey/microros_ws/install/complex_msgs:/home/coderey/microros_ws/install/builtin_interfaces:/home/coderey/ros2_ws/install/nav2_simple_commander:/home/coderey/ros2_ws/install/nav2_gazebo_spawner:/home/coderey/ros2_ws/install/mob_rob_loca:/home/coderey/ros2_ws/install/bno055:/home/coderey/microros_ws/install/sensor_msgs_py:/opt/ros/galactic LD_LIBRARY_PATH=/home/coderey/ros2_ws/install/nav2_util/lib:/home/coderey/ros2_ws/install/nav2_msgs/lib:/home/coderey/ros2_ws/install/robot_localization/lib:/home/coderey/ros2_ws/install/dwb_msgs/lib:/home/coderey/ros2_ws/install/nav_2d_msgs/lib:/home/coderey/ros2_ws/install/nav2_voxel_grid/lib:/home/coderey/ros2_ws/install/marvelmind_ros2_msgs/lib:/home/coderey/ros2_ws/install/groot/lib:/home/coderey/microros_ws/install/visualization_msgs/lib:/home/coderey/microros_ws/install/test_msgs/lib:/home/coderey/microros_ws/install/example_interfaces/lib:/home/coderey/microros_ws/install/action_msgs/lib:/home/coderey/microros_ws/install/unique_identifier_msgs/lib:/home/coderey/microros_ws/install/trajectory_msgs/lib:/home/coderey/microros_ws/install/stereo_msgs/lib:/home/coderey/microros_ws/install/std_srvs/lib:/home/coderey/microros_ws/install/shape_msgs/lib:/home/coderey/microros_ws/install/sensor_msgs/lib:/home/coderey/microros_ws/install/nav_msgs/lib:/home/coderey/microros_ws/install/diagnostic_msgs/lib:/home/coderey/microros_ws/install/geometry_msgs/lib:/home/coderey/microros_ws/install/drive_base_msgs/lib:/home/coderey/microros_ws/install/actionlib_msgs/lib:/home/coderey/microros_ws/install/std_msgs/lib:/home/coderey/microros_ws/install/statistics_msgs/lib:/home/coderey/microros_ws/install/rmw_microxrcedds/lib:/home/coderey/microros_ws/install/rosidl_typesupport_microxrcedds_cpp/lib:/home/coderey/microros_ws/install/rosidl_typesupport_microxrcedds_c/lib:/home/coderey/microros_ws/install/rosgraph_msgs/lib:/home/coderey/microros_ws/install/rclc_parameter/lib:/home/coderey/microros_ws/install/rclc/lib:/home/coderey/microros_ws/install/composition_interfaces/lib:/home/coderey/microros_ws/install/rcl_interfaces/lib:/home/coderey/microros_ws/install/microxrcedds_client/lib:/home/coderey/microros_ws/install/microcdr/lib:/home/coderey/microros_ws/install/micro_ros_utilities/lib:/home/coderey/microros_ws/install/micro_ros_agent/lib:/home/coderey/microros_ws/install/micro_ros_msgs/lib:/home/coderey/microros_ws/install/lifecycle_msgs/lib:/home/coderey/microros_ws/install/complex_msgs/lib:/home/coderey/microros_ws/install/builtin_interfaces/lib:/usr/lib/x86_64-linux-gnu/gazebo-11/plugins:/opt/ros/galactic/opt/yaml_cpp_vendor/lib:/opt/ros/galactic/opt/rviz_ogre_vendor/lib:/opt/ros/galactic/lib/x86_64-linux-gnu:/opt/ros/galactic/lib PYTHONPATH=/home/coderey/ros2_ws/install/nav2_msgs/lib/python3.8/site-packages:/home/coderey/ros2_ws/install/nav2_common/lib/python3.8/site-packages:/home/coderey/ros2_ws/install/robot_localization/lib/python3.8/site-packages:/home/coderey/ros2_ws/install/dwb_msgs/lib/python3.8/site-packages:/home/coderey/ros2_ws/install/nav_2d_msgs/lib/python3.8/site-packages:/home/coderey/ros2_ws/build/nav2_simple_commander:/home/coderey/ros2_ws/install/nav2_simple_commander/lib/python3.8/site-packages:/home/coderey/ros2_ws/build/nav2_gazebo_spawner:/home/coderey/ros2_ws/install/nav2_gazebo_spawner/lib/python3.8/site-packages:/home/coderey/ros2_ws/build/mob_rob_loca:/home/coderey/ros2_ws/install/mob_rob_loca/lib/python3.8/site-packages:/home/coderey/ros2_ws/install/marvelmind_ros2_msgs/lib/python3.8/site-packages:/home/coderey/ros2_ws/build/bno055:/home/coderey/ros2_ws/install/bno055/lib/python3.8/site-packages:/home/coderey/microros_ws/install/visualization_msgs/lib/python3.8/site-packages:/home/coderey/microros_ws/install/test_msgs/lib/python3.8/site-packages:/home/coderey/microros_ws/install/example_interfaces/lib/python3.8/site-packages:/home/coderey/microros_ws/install/action_msgs/lib/python3.8/site-packages:/home/coderey/microros_ws/install/unique_identifier_msgs/lib/python3.8/site-packages:/home/coderey/microros_ws/install/trajectory_msgs/lib/python3.8/site-packages:/home/coderey/microros_ws/install/stereo_msgs/lib/python3.8/site-packages:/home/coderey/microros_ws/install/std_srvs/lib/python3.8/site-packages:/home/coderey/microros_ws/install/shape_msgs/lib/python3.8/site-packages:/home/coderey/microros_ws/install/sensor_msgs_py/lib/python3.8/site-packages:/home/coderey/microros_ws/install/sensor_msgs/lib/python3.8/site-packages:/home/coderey/microros_ws/install/nav_msgs/lib/python3.8/site-packages:/home/coderey/microros_ws/install/diagnostic_msgs/lib/python3.8/site-packages:/home/coderey/microros_ws/install/geometry_msgs/lib/python3.8/site-packages:/home/coderey/microros_ws/install/drive_base_msgs/lib/python3.8/site-packages:/home/coderey/microros_ws/install/actionlib_msgs/lib/python3.8/site-packages:/home/coderey/microros_ws/install/std_msgs/lib/python3.8/site-packages:/home/coderey/microros_ws/install/statistics_msgs/lib/python3.8/site-packages:/home/coderey/microros_ws/install/rosidl_typesupport_microxrcedds_cpp/lib/python3.8/site-packages:/home/coderey/microros_ws/install/rosidl_typesupport_microxrcedds_c/lib/python3.8/site-packages:/home/coderey/microros_ws/install/rosgraph_msgs/lib/python3.8/site-packages:/home/coderey/microros_ws/install/composition_interfaces/lib/python3.8/site-packages:/home/coderey/microros_ws/install/rcl_interfaces/lib/python3.8/site-packages:/home/coderey/microros_ws/install/micro_ros_msgs/lib/python3.8/site-packages:/home/coderey/microros_ws/install/lifecycle_msgs/lib/python3.8/site-packages:/home/coderey/microros_ws/install/complex_msgs/lib/python3.8/site-packages:/home/coderey/microros_ws/install/builtin_interfaces/lib/python3.8/site-packages:/opt/ros/galactic/lib/python3.8/site-packages:/opt/ros/galactic/lib/python3/dist-packages /usr/bin/cmake /home/coderey/ros2_ws/src/navigation2/nav2_map_server -DAMENT_CMAKE_SYMLINK_INSTALL=1 -DCMAKE_INSTALL_PREFIX=/home/coderey/ros2_ws/install/nav2_map_server
[7.187s] Invoking command in '/home/coderey/ros2_ws/build/nav2_map_server': AMENT_PREFIX_PATH=/home/coderey/ros2_ws/install/nav2_util:${AMENT_PREFIX_PATH} CMAKE_PREFIX_PATH=/home/coderey/ros2_ws/install/nav2_util:/home/coderey/ros2_ws/install/nav2_msgs:/home/coderey/ros2_ws/install/nav2_common:/home/coderey/ros2_ws/install/robot_localization:/home/coderey/ros2_ws/install/dwb_msgs:/home/coderey/ros2_ws/install/nav_2d_msgs:/home/coderey/ros2_ws/install/nav2_voxel_grid:/home/coderey/ros2_ws/install/marvelmind_ros2:/home/coderey/ros2_ws/install/marvelmind_ros2_msgs:/home/coderey/ros2_ws/install/groot:/home/coderey/microros_ws/install/micro_ros_demos_rclc:/home/coderey/microros_ws/install/common_interfaces:/home/coderey/microros_ws/install/visualization_msgs:/home/coderey/microros_ws/install/test_msgs:/home/coderey/microros_ws/install/example_interfaces:/home/coderey/microros_ws/install/action_msgs:/home/coderey/microros_ws/install/unique_identifier_msgs:/home/coderey/microros_ws/install/trajectory_msgs:/home/coderey/microros_ws/install/stereo_msgs:/home/coderey/microros_ws/install/std_srvs:/home/coderey/microros_ws/install/shape_msgs:/home/coderey/microros_ws/install/sensor_msgs:/home/coderey/microros_ws/install/nav_msgs:/home/coderey/microros_ws/install/diagnostic_msgs:/home/coderey/microros_ws/install/geometry_msgs:/home/coderey/microros_ws/install/drive_base_msgs:/home/coderey/microros_ws/install/actionlib_msgs:/home/coderey/microros_ws/install/std_msgs:/home/coderey/microros_ws/install/statistics_msgs:/home/coderey/microros_ws/install/rosidl_typesupport_microxrcedds_test_msg:/home/coderey/microros_ws/install/rosidl_typesupport_microxrcedds_cpp_tests:/home/coderey/microros_ws/install/rmw_microxrcedds:/home/coderey/microros_ws/install/rosidl_typesupport_microxrcedds_cpp:/home/coderey/microros_ws/install/rosidl_typesupport_microxrcedds_c_tests:/home/coderey/microros_ws/install/rosidl_typesupport_microxrcedds_c:/home/coderey/microros_ws/install/rosgraph_msgs:/home/coderey/microros_ws/install/rclc_parameter:/home/coderey/microros_ws/install/rclc:/home/coderey/microros_ws/install/composition_interfaces:/home/coderey/microros_ws/install/rcl_interfaces:/home/coderey/microros_ws/install/microxrcedds_client:/home/coderey/microros_ws/install/microcdr:/home/coderey/microros_ws/install/micro_ros_utilities:/home/coderey/microros_ws/install/micro_ros_setup:/home/coderey/microros_ws/install/micro_ros_agent:/home/coderey/microros_ws/install/micro_ros_msgs:/home/coderey/microros_ws/install/micro_ros_demos_rclcpp:/home/coderey/microros_ws/install/lifecycle_msgs:/home/coderey/microros_ws/install/complex_msgs:/home/coderey/microros_ws/install/builtin_interfaces:/home/coderey/ros2_ws/install/nav2_simple_commander:/home/coderey/ros2_ws/install/nav2_gazebo_spawner:/home/coderey/ros2_ws/install/mob_rob_loca:/home/coderey/ros2_ws/install/bno055:/home/coderey/microros_ws/install/sensor_msgs_py:/opt/ros/galactic LD_LIBRARY_PATH=/home/coderey/ros2_ws/install/nav2_util/lib:/home/coderey/ros2_ws/install/nav2_msgs/lib:/home/coderey/ros2_ws/install/robot_localization/lib:/home/coderey/ros2_ws/install/dwb_msgs/lib:/home/coderey/ros2_ws/install/nav_2d_msgs/lib:/home/coderey/ros2_ws/install/nav2_voxel_grid/lib:/home/coderey/ros2_ws/install/marvelmind_ros2_msgs/lib:/home/coderey/ros2_ws/install/groot/lib:/home/coderey/microros_ws/install/visualization_msgs/lib:/home/coderey/microros_ws/install/test_msgs/lib:/home/coderey/microros_ws/install/example_interfaces/lib:/home/coderey/microros_ws/install/action_msgs/lib:/home/coderey/microros_ws/install/unique_identifier_msgs/lib:/home/coderey/microros_ws/install/trajectory_msgs/lib:/home/coderey/microros_ws/install/stereo_msgs/lib:/home/coderey/microros_ws/install/std_srvs/lib:/home/coderey/microros_ws/install/shape_msgs/lib:/home/coderey/microros_ws/install/sensor_msgs/lib:/home/coderey/microros_ws/install/nav_msgs/lib:/home/coderey/microros_ws/install/diagnostic_msgs/lib:/home/coderey/microros_ws/install/geometry_msgs/lib:/home/coderey/microros_ws/install/drive_base_msgs/lib:/home/coderey/microros_ws/install/actionlib_msgs/lib:/home/coderey/microros_ws/install/std_msgs/lib:/home/coderey/microros_ws/install/statistics_msgs/lib:/home/coderey/microros_ws/install/rmw_microxrcedds/lib:/home/coderey/microros_ws/install/rosidl_typesupport_microxrcedds_cpp/lib:/home/coderey/microros_ws/install/rosidl_typesupport_microxrcedds_c/lib:/home/coderey/microros_ws/install/rosgraph_msgs/lib:/home/coderey/microros_ws/install/rclc_parameter/lib:/home/coderey/microros_ws/install/rclc/lib:/home/coderey/microros_ws/install/composition_interfaces/lib:/home/coderey/microros_ws/install/rcl_interfaces/lib:/home/coderey/microros_ws/install/microxrcedds_client/lib:/home/coderey/microros_ws/install/microcdr/lib:/home/coderey/microros_ws/install/micro_ros_utilities/lib:/home/coderey/microros_ws/install/micro_ros_agent/lib:/home/coderey/microros_ws/install/micro_ros_msgs/lib:/home/coderey/microros_ws/install/lifecycle_msgs/lib:/home/coderey/microros_ws/install/complex_msgs/lib:/home/coderey/microros_ws/install/builtin_interfaces/lib:/usr/lib/x86_64-linux-gnu/gazebo-11/plugins:/opt/ros/galactic/opt/yaml_cpp_vendor/lib:/opt/ros/galactic/opt/rviz_ogre_vendor/lib:/opt/ros/galactic/lib/x86_64-linux-gnu:/opt/ros/galactic/lib PYTHONPATH=/home/coderey/ros2_ws/install/nav2_msgs/lib/python3.8/site-packages:/home/coderey/ros2_ws/install/nav2_common/lib/python3.8/site-packages:/home/coderey/ros2_ws/install/robot_localization/lib/python3.8/site-packages:/home/coderey/ros2_ws/install/dwb_msgs/lib/python3.8/site-packages:/home/coderey/ros2_ws/install/nav_2d_msgs/lib/python3.8/site-packages:/home/coderey/ros2_ws/build/nav2_simple_commander:/home/coderey/ros2_ws/install/nav2_simple_commander/lib/python3.8/site-packages:/home/coderey/ros2_ws/build/nav2_gazebo_spawner:/home/coderey/ros2_ws/install/nav2_gazebo_spawner/lib/python3.8/site-packages:/home/coderey/ros2_ws/build/mob_rob_loca:/home/coderey/ros2_ws/install/mob_rob_loca/lib/python3.8/site-packages:/home/coderey/ros2_ws/install/marvelmind_ros2_msgs/lib/python3.8/site-packages:/home/coderey/ros2_ws/build/bno055:/home/coderey/ros2_ws/install/bno055/lib/python3.8/site-packages:/home/coderey/microros_ws/install/visualization_msgs/lib/python3.8/site-packages:/home/coderey/microros_ws/install/test_msgs/lib/python3.8/site-packages:/home/coderey/microros_ws/install/example_interfaces/lib/python3.8/site-packages:/home/coderey/microros_ws/install/action_msgs/lib/python3.8/site-packages:/home/coderey/microros_ws/install/unique_identifier_msgs/lib/python3.8/site-packages:/home/coderey/microros_ws/install/trajectory_msgs/lib/python3.8/site-packages:/home/coderey/microros_ws/install/stereo_msgs/lib/python3.8/site-packages:/home/coderey/microros_ws/install/std_srvs/lib/python3.8/site-packages:/home/coderey/microros_ws/install/shape_msgs/lib/python3.8/site-packages:/home/coderey/microros_ws/install/sensor_msgs_py/lib/python3.8/site-packages:/home/coderey/microros_ws/install/sensor_msgs/lib/python3.8/site-packages:/home/coderey/microros_ws/install/nav_msgs/lib/python3.8/site-packages:/home/coderey/microros_ws/install/diagnostic_msgs/lib/python3.8/site-packages:/home/coderey/microros_ws/install/geometry_msgs/lib/python3.8/site-packages:/home/coderey/microros_ws/install/drive_base_msgs/lib/python3.8/site-packages:/home/coderey/microros_ws/install/actionlib_msgs/lib/python3.8/site-packages:/home/coderey/microros_ws/install/std_msgs/lib/python3.8/site-packages:/home/coderey/microros_ws/install/statistics_msgs/lib/python3.8/site-packages:/home/coderey/microros_ws/install/rosidl_typesupport_microxrcedds_cpp/lib/python3.8/site-packages:/home/coderey/microros_ws/install/rosidl_typesupport_microxrcedds_c/lib/python3.8/site-packages:/home/coderey/microros_ws/install/rosgraph_msgs/lib/python3.8/site-packages:/home/coderey/microros_ws/install/composition_interfaces/lib/python3.8/site-packages:/home/coderey/microros_ws/install/rcl_interfaces/lib/python3.8/site-packages:/home/coderey/microros_ws/install/micro_ros_msgs/lib/python3.8/site-packages:/home/coderey/microros_ws/install/lifecycle_msgs/lib/python3.8/site-packages:/home/coderey/microros_ws/install/complex_msgs/lib/python3.8/site-packages:/home/coderey/microros_ws/install/builtin_interfaces/lib/python3.8/site-packages:/opt/ros/galactic/lib/python3.8/site-packages:/opt/ros/galactic/lib/python3/dist-packages /usr/bin/cmake --build /home/coderey/ros2_ws/build/nav2_map_server -- -j8 -l8
[7.351s] [35m[1mScanning dependencies of target map_io[0m
[7.426s] [35m[1mScanning dependencies of target gtest[0m
[7.446s] [35m[1mScanning dependencies of target gtest_main[0m
[7.499s] [  2%] [32mBuilding CXX object CMakeFiles/map_io.dir/src/map_mode.cpp.o[0m
[7.499s] [  5%] [32mBuilding CXX object CMakeFiles/map_io.dir/src/map_io.cpp.o[0m
[7.512s] [  8%] [32mBuilding CXX object gtest/CMakeFiles/gtest.dir/src/gtest-all.cc.o[0m
[7.560s] [ 11%] [32mBuilding CXX object gtest/CMakeFiles/gtest_main.dir/src/gtest_main.cc.o[0m
[10.778s] [ 13%] [32m[1mLinking CXX static library libgtest_main.a[0m
[10.988s] [ 13%] Built target gtest_main
[16.989s] [ 16%] [32m[1mLinking CXX shared library libmap_io.so[0m
[17.255s] [ 16%] Built target map_io
[17.287s] [35m[1mScanning dependencies of target map_server_core[0m
[17.300s] [35m[1mScanning dependencies of target test_map_saver_publisher[0m
[17.385s] [ 19%] [32mBuilding CXX object test/component/CMakeFiles/test_map_saver_publisher.dir/__/test_constants.cpp.o[0m
[17.388s] [ 22%] [32mBuilding CXX object test/component/CMakeFiles/test_map_saver_publisher.dir/test_map_saver_publisher.cpp.o[0m
[17.409s] [ 25%] [32mBuilding CXX object CMakeFiles/map_server_core.dir/src/costmap_filter_info/costmap_filter_info_server.cpp.o[0m
[17.424s] [ 27%] [32mBuilding CXX object CMakeFiles/map_server_core.dir/src/map_saver/map_saver.cpp.o[0m
[17.424s] [ 30%] [32mBuilding CXX object CMakeFiles/map_server_core.dir/src/map_server/map_server.cpp.o[0m
[24.346s] [ 33%] [32m[1mLinking CXX static library libgtest.a[0m
[24.608s] [ 33%] Built target gtest
[24.693s] [35m[1mScanning dependencies of target test_map_io[0m
[24.710s] [35m[1mScanning dependencies of target test_map_saver_cli[0m
[24.888s] [ 36%] [32mBuilding CXX object test/map_saver_cli/CMakeFiles/test_map_saver_cli.dir/test_map_saver_cli.cpp.o[0m
[24.888s] [ 38%] [32mBuilding CXX object test/unit/CMakeFiles/test_map_io.dir/test_map_io.cpp.o[0m
[24.911s] [ 41%] [32mBuilding CXX object test/map_saver_cli/CMakeFiles/test_map_saver_cli.dir/__/test_constants.cpp.o[0m
[24.912s] [ 44%] [32mBuilding CXX object test/unit/CMakeFiles/test_map_io.dir/__/test_constants.cpp.o[0m
[28.985s] [ 47%] [32m[1mLinking CXX executable test_map_saver_publisher[0m
[29.633s] [ 47%] Built target test_map_saver_publisher
[34.059s] [ 50%] [32m[1mLinking CXX executable test_map_io[0m
[34.355s] [ 50%] Built target test_map_io
[34.765s] [ 52%] [32m[1mLinking CXX executable test_map_saver_cli[0m
[34.933s] [ 52%] Built target test_map_saver_cli
[35.874s] [ 55%] [32m[1mLinking CXX shared library libmap_server_core.so[0m
[36.149s] [ 55%] Built target map_server_core
[36.171s] [35m[1mScanning dependencies of target map_saver_cli[0m
[36.172s] [35m[1mScanning dependencies of target map_server[0m
[36.240s] [ 58%] [32mBuilding CXX object CMakeFiles/map_server.dir/src/map_server/main.cpp.o[0m
[36.243s] [ 61%] [32mBuilding CXX object CMakeFiles/map_saver_cli.dir/src/map_saver/main_cli.cpp.o[0m
[38.940s] [ 63%] [32m[1mLinking CXX executable map_saver_cli[0m
[39.244s] [ 63%] Built target map_saver_cli
[39.267s] [35m[1mScanning dependencies of target test_map_server_node[0m
[39.352s] [ 66%] [32mBuilding CXX object test/component/CMakeFiles/test_map_server_node.dir/test_map_server_node.cpp.o[0m
[39.354s] [ 69%] [32mBuilding CXX object test/component/CMakeFiles/test_map_server_node.dir/__/test_constants.cpp.o[0m
[39.387s] [ 72%] [32m[1mLinking CXX executable map_server[0m
[39.660s] [ 72%] Built target map_server
[39.675s] [35m[1mScanning dependencies of target test_map_saver_node[0m
[39.731s] [ 75%] [32mBuilding CXX object test/component/CMakeFiles/test_map_saver_node.dir/__/test_constants.cpp.o[0m
[39.736s] [ 77%] [32mBuilding CXX object test/component/CMakeFiles/test_map_saver_node.dir/test_map_saver_node.cpp.o[0m
[46.656s] [ 80%] [32m[1mLinking CXX executable test_map_server_node[0m
[46.924s] [ 83%] [32m[1mLinking CXX executable test_map_saver_node[0m
[47.388s] [ 83%] Built target test_map_server_node
[47.612s] [ 83%] Built target test_map_saver_node
[47.688s] [35m[1mScanning dependencies of target test_costmap_filter_info_server[0m
[47.853s] [ 86%] [32mBuilding CXX object test/unit/CMakeFiles/test_costmap_filter_info_server.dir/test_costmap_filter_info_server.cpp.o[0m
[61.173s] [ 88%] [32m[1mLinking CXX executable test_costmap_filter_info_server[0m
[61.462s] [ 88%] Built target test_costmap_filter_info_server
[61.482s] [35m[1mScanning dependencies of target costmap_filter_info_server[0m
[61.486s] [35m[1mScanning dependencies of target map_saver_server[0m
[61.553s] [ 91%] [32mBuilding CXX object CMakeFiles/map_saver_server.dir/src/map_saver/main_server.cpp.o[0m
[61.556s] [ 94%] [32mBuilding CXX object CMakeFiles/costmap_filter_info_server.dir/src/costmap_filter_info/main.cpp.o[0m
[65.309s] [ 97%] [32m[1mLinking CXX executable map_saver_server[0m
[65.756s] [100%] [32m[1mLinking CXX executable costmap_filter_info_server[0m
[65.888s] [100%] Built target map_saver_server
[66.364s] [100%] Built target costmap_filter_info_server
[66.389s] Invoked command in '/home/coderey/ros2_ws/build/nav2_map_server' returned '0': AMENT_PREFIX_PATH=/home/coderey/ros2_ws/install/nav2_util:${AMENT_PREFIX_PATH} CMAKE_PREFIX_PATH=/home/coderey/ros2_ws/install/nav2_util:/home/coderey/ros2_ws/install/nav2_msgs:/home/coderey/ros2_ws/install/nav2_common:/home/coderey/ros2_ws/install/robot_localization:/home/coderey/ros2_ws/install/dwb_msgs:/home/coderey/ros2_ws/install/nav_2d_msgs:/home/coderey/ros2_ws/install/nav2_voxel_grid:/home/coderey/ros2_ws/install/marvelmind_ros2:/home/coderey/ros2_ws/install/marvelmind_ros2_msgs:/home/coderey/ros2_ws/install/groot:/home/coderey/microros_ws/install/micro_ros_demos_rclc:/home/coderey/microros_ws/install/common_interfaces:/home/coderey/microros_ws/install/visualization_msgs:/home/coderey/microros_ws/install/test_msgs:/home/coderey/microros_ws/install/example_interfaces:/home/coderey/microros_ws/install/action_msgs:/home/coderey/microros_ws/install/unique_identifier_msgs:/home/coderey/microros_ws/install/trajectory_msgs:/home/coderey/microros_ws/install/stereo_msgs:/home/coderey/microros_ws/install/std_srvs:/home/coderey/microros_ws/install/shape_msgs:/home/coderey/microros_ws/install/sensor_msgs:/home/coderey/microros_ws/install/nav_msgs:/home/coderey/microros_ws/install/diagnostic_msgs:/home/coderey/microros_ws/install/geometry_msgs:/home/coderey/microros_ws/install/drive_base_msgs:/home/coderey/microros_ws/install/actionlib_msgs:/home/coderey/microros_ws/install/std_msgs:/home/coderey/microros_ws/install/statistics_msgs:/home/coderey/microros_ws/install/rosidl_typesupport_microxrcedds_test_msg:/home/coderey/microros_ws/install/rosidl_typesupport_microxrcedds_cpp_tests:/home/coderey/microros_ws/install/rmw_microxrcedds:/home/coderey/microros_ws/install/rosidl_typesupport_microxrcedds_cpp:/home/coderey/microros_ws/install/rosidl_typesupport_microxrcedds_c_tests:/home/coderey/microros_ws/install/rosidl_typesupport_microxrcedds_c:/home/coderey/microros_ws/install/rosgraph_msgs:/home/coderey/microros_ws/install/rclc_parameter:/home/coderey/microros_ws/install/rclc:/home/coderey/microros_ws/install/composition_interfaces:/home/coderey/microros_ws/install/rcl_interfaces:/home/coderey/microros_ws/install/microxrcedds_client:/home/coderey/microros_ws/install/microcdr:/home/coderey/microros_ws/install/micro_ros_utilities:/home/coderey/microros_ws/install/micro_ros_setup:/home/coderey/microros_ws/install/micro_ros_agent:/home/coderey/microros_ws/install/micro_ros_msgs:/home/coderey/microros_ws/install/micro_ros_demos_rclcpp:/home/coderey/microros_ws/install/lifecycle_msgs:/home/coderey/microros_ws/install/complex_msgs:/home/coderey/microros_ws/install/builtin_interfaces:/home/coderey/ros2_ws/install/nav2_simple_commander:/home/coderey/ros2_ws/install/nav2_gazebo_spawner:/home/coderey/ros2_ws/install/mob_rob_loca:/home/coderey/ros2_ws/install/bno055:/home/coderey/microros_ws/install/sensor_msgs_py:/opt/ros/galactic LD_LIBRARY_PATH=/home/coderey/ros2_ws/install/nav2_util/lib:/home/coderey/ros2_ws/install/nav2_msgs/lib:/home/coderey/ros2_ws/install/robot_localization/lib:/home/coderey/ros2_ws/install/dwb_msgs/lib:/home/coderey/ros2_ws/install/nav_2d_msgs/lib:/home/coderey/ros2_ws/install/nav2_voxel_grid/lib:/home/coderey/ros2_ws/install/marvelmind_ros2_msgs/lib:/home/coderey/ros2_ws/install/groot/lib:/home/coderey/microros_ws/install/visualization_msgs/lib:/home/coderey/microros_ws/install/test_msgs/lib:/home/coderey/microros_ws/install/example_interfaces/lib:/home/coderey/microros_ws/install/action_msgs/lib:/home/coderey/microros_ws/install/unique_identifier_msgs/lib:/home/coderey/microros_ws/install/trajectory_msgs/lib:/home/coderey/microros_ws/install/stereo_msgs/lib:/home/coderey/microros_ws/install/std_srvs/lib:/home/coderey/microros_ws/install/shape_msgs/lib:/home/coderey/microros_ws/install/sensor_msgs/lib:/home/coderey/microros_ws/install/nav_msgs/lib:/home/coderey/microros_ws/install/diagnostic_msgs/lib:/home/coderey/microros_ws/install/geometry_msgs/lib:/home/coderey/microros_ws/install/drive_base_msgs/lib:/home/coderey/microros_ws/install/actionlib_msgs/lib:/home/coderey/microros_ws/install/std_msgs/lib:/home/coderey/microros_ws/install/statistics_msgs/lib:/home/coderey/microros_ws/install/rmw_microxrcedds/lib:/home/coderey/microros_ws/install/rosidl_typesupport_microxrcedds_cpp/lib:/home/coderey/microros_ws/install/rosidl_typesupport_microxrcedds_c/lib:/home/coderey/microros_ws/install/rosgraph_msgs/lib:/home/coderey/microros_ws/install/rclc_parameter/lib:/home/coderey/microros_ws/install/rclc/lib:/home/coderey/microros_ws/install/composition_interfaces/lib:/home/coderey/microros_ws/install/rcl_interfaces/lib:/home/coderey/microros_ws/install/microxrcedds_client/lib:/home/coderey/microros_ws/install/microcdr/lib:/home/coderey/microros_ws/install/micro_ros_utilities/lib:/home/coderey/microros_ws/install/micro_ros_agent/lib:/home/coderey/microros_ws/install/micro_ros_msgs/lib:/home/coderey/microros_ws/install/lifecycle_msgs/lib:/home/coderey/microros_ws/install/complex_msgs/lib:/home/coderey/microros_ws/install/builtin_interfaces/lib:/usr/lib/x86_64-linux-gnu/gazebo-11/plugins:/opt/ros/galactic/opt/yaml_cpp_vendor/lib:/opt/ros/galactic/opt/rviz_ogre_vendor/lib:/opt/ros/galactic/lib/x86_64-linux-gnu:/opt/ros/galactic/lib PYTHONPATH=/home/coderey/ros2_ws/install/nav2_msgs/lib/python3.8/site-packages:/home/coderey/ros2_ws/install/nav2_common/lib/python3.8/site-packages:/home/coderey/ros2_ws/install/robot_localization/lib/python3.8/site-packages:/home/coderey/ros2_ws/install/dwb_msgs/lib/python3.8/site-packages:/home/coderey/ros2_ws/install/nav_2d_msgs/lib/python3.8/site-packages:/home/coderey/ros2_ws/build/nav2_simple_commander:/home/coderey/ros2_ws/install/nav2_simple_commander/lib/python3.8/site-packages:/home/coderey/ros2_ws/build/nav2_gazebo_spawner:/home/coderey/ros2_ws/install/nav2_gazebo_spawner/lib/python3.8/site-packages:/home/coderey/ros2_ws/build/mob_rob_loca:/home/coderey/ros2_ws/install/mob_rob_loca/lib/python3.8/site-packages:/home/coderey/ros2_ws/install/marvelmind_ros2_msgs/lib/python3.8/site-packages:/home/coderey/ros2_ws/build/bno055:/home/coderey/ros2_ws/install/bno055/lib/python3.8/site-packages:/home/coderey/microros_ws/install/visualization_msgs/lib/python3.8/site-packages:/home/coderey/microros_ws/install/test_msgs/lib/python3.8/site-packages:/home/coderey/microros_ws/install/example_interfaces/lib/python3.8/site-packages:/home/coderey/microros_ws/install/action_msgs/lib/python3.8/site-packages:/home/coderey/microros_ws/install/unique_identifier_msgs/lib/python3.8/site-packages:/home/coderey/microros_ws/install/trajectory_msgs/lib/python3.8/site-packages:/home/coderey/microros_ws/install/stereo_msgs/lib/python3.8/site-packages:/home/coderey/microros_ws/install/std_srvs/lib/python3.8/site-packages:/home/coderey/microros_ws/install/shape_msgs/lib/python3.8/site-packages:/home/coderey/microros_ws/install/sensor_msgs_py/lib/python3.8/site-packages:/home/coderey/microros_ws/install/sensor_msgs/lib/python3.8/site-packages:/home/coderey/microros_ws/install/nav_msgs/lib/python3.8/site-packages:/home/coderey/microros_ws/install/diagnostic_msgs/lib/python3.8/site-packages:/home/coderey/microros_ws/install/geometry_msgs/lib/python3.8/site-packages:/home/coderey/microros_ws/install/drive_base_msgs/lib/python3.8/site-packages:/home/coderey/microros_ws/install/actionlib_msgs/lib/python3.8/site-packages:/home/coderey/microros_ws/install/std_msgs/lib/python3.8/site-packages:/home/coderey/microros_ws/install/statistics_msgs/lib/python3.8/site-packages:/home/coderey/microros_ws/install/rosidl_typesupport_microxrcedds_cpp/lib/python3.8/site-packages:/home/coderey/microros_ws/install/rosidl_typesupport_microxrcedds_c/lib/python3.8/site-packages:/home/coderey/microros_ws/install/rosgraph_msgs/lib/python3.8/site-packages:/home/coderey/microros_ws/install/composition_interfaces/lib/python3.8/site-packages:/home/coderey/microros_ws/install/rcl_interfaces/lib/python3.8/site-packages:/home/coderey/microros_ws/install/micro_ros_msgs/lib/python3.8/site-packages:/home/coderey/microros_ws/install/lifecycle_msgs/lib/python3.8/site-packages:/home/coderey/microros_ws/install/complex_msgs/lib/python3.8/site-packages:/home/coderey/microros_ws/install/builtin_interfaces/lib/python3.8/site-packages:/opt/ros/galactic/lib/python3.8/site-packages:/opt/ros/galactic/lib/python3/dist-packages /usr/bin/cmake --build /home/coderey/ros2_ws/build/nav2_map_server -- -j8 -l8
[66.582s] Invoking command in '/home/coderey/ros2_ws/build/nav2_map_server': AMENT_PREFIX_PATH=/home/coderey/ros2_ws/install/nav2_util:${AMENT_PREFIX_PATH} CMAKE_PREFIX_PATH=/home/coderey/ros2_ws/install/nav2_util:/home/coderey/ros2_ws/install/nav2_msgs:/home/coderey/ros2_ws/install/nav2_common:/home/coderey/ros2_ws/install/robot_localization:/home/coderey/ros2_ws/install/dwb_msgs:/home/coderey/ros2_ws/install/nav_2d_msgs:/home/coderey/ros2_ws/install/nav2_voxel_grid:/home/coderey/ros2_ws/install/marvelmind_ros2:/home/coderey/ros2_ws/install/marvelmind_ros2_msgs:/home/coderey/ros2_ws/install/groot:/home/coderey/microros_ws/install/micro_ros_demos_rclc:/home/coderey/microros_ws/install/common_interfaces:/home/coderey/microros_ws/install/visualization_msgs:/home/coderey/microros_ws/install/test_msgs:/home/coderey/microros_ws/install/example_interfaces:/home/coderey/microros_ws/install/action_msgs:/home/coderey/microros_ws/install/unique_identifier_msgs:/home/coderey/microros_ws/install/trajectory_msgs:/home/coderey/microros_ws/install/stereo_msgs:/home/coderey/microros_ws/install/std_srvs:/home/coderey/microros_ws/install/shape_msgs:/home/coderey/microros_ws/install/sensor_msgs:/home/coderey/microros_ws/install/nav_msgs:/home/coderey/microros_ws/install/diagnostic_msgs:/home/coderey/microros_ws/install/geometry_msgs:/home/coderey/microros_ws/install/drive_base_msgs:/home/coderey/microros_ws/install/actionlib_msgs:/home/coderey/microros_ws/install/std_msgs:/home/coderey/microros_ws/install/statistics_msgs:/home/coderey/microros_ws/install/rosidl_typesupport_microxrcedds_test_msg:/home/coderey/microros_ws/install/rosidl_typesupport_microxrcedds_cpp_tests:/home/coderey/microros_ws/install/rmw_microxrcedds:/home/coderey/microros_ws/install/rosidl_typesupport_microxrcedds_cpp:/home/coderey/microros_ws/install/rosidl_typesupport_microxrcedds_c_tests:/home/coderey/microros_ws/install/rosidl_typesupport_microxrcedds_c:/home/coderey/microros_ws/install/rosgraph_msgs:/home/coderey/microros_ws/install/rclc_parameter:/home/coderey/microros_ws/install/rclc:/home/coderey/microros_ws/install/composition_interfaces:/home/coderey/microros_ws/install/rcl_interfaces:/home/coderey/microros_ws/install/microxrcedds_client:/home/coderey/microros_ws/install/microcdr:/home/coderey/microros_ws/install/micro_ros_utilities:/home/coderey/microros_ws/install/micro_ros_setup:/home/coderey/microros_ws/install/micro_ros_agent:/home/coderey/microros_ws/install/micro_ros_msgs:/home/coderey/microros_ws/install/micro_ros_demos_rclcpp:/home/coderey/microros_ws/install/lifecycle_msgs:/home/coderey/microros_ws/install/complex_msgs:/home/coderey/microros_ws/install/builtin_interfaces:/home/coderey/ros2_ws/install/nav2_simple_commander:/home/coderey/ros2_ws/install/nav2_gazebo_spawner:/home/coderey/ros2_ws/install/mob_rob_loca:/home/coderey/ros2_ws/install/bno055:/home/coderey/microros_ws/install/sensor_msgs_py:/opt/ros/galactic LD_LIBRARY_PATH=/home/coderey/ros2_ws/install/nav2_util/lib:/home/coderey/ros2_ws/install/nav2_msgs/lib:/home/coderey/ros2_ws/install/robot_localization/lib:/home/coderey/ros2_ws/install/dwb_msgs/lib:/home/coderey/ros2_ws/install/nav_2d_msgs/lib:/home/coderey/ros2_ws/install/nav2_voxel_grid/lib:/home/coderey/ros2_ws/install/marvelmind_ros2_msgs/lib:/home/coderey/ros2_ws/install/groot/lib:/home/coderey/microros_ws/install/visualization_msgs/lib:/home/coderey/microros_ws/install/test_msgs/lib:/home/coderey/microros_ws/install/example_interfaces/lib:/home/coderey/microros_ws/install/action_msgs/lib:/home/coderey/microros_ws/install/unique_identifier_msgs/lib:/home/coderey/microros_ws/install/trajectory_msgs/lib:/home/coderey/microros_ws/install/stereo_msgs/lib:/home/coderey/microros_ws/install/std_srvs/lib:/home/coderey/microros_ws/install/shape_msgs/lib:/home/coderey/microros_ws/install/sensor_msgs/lib:/home/coderey/microros_ws/install/nav_msgs/lib:/home/coderey/microros_ws/install/diagnostic_msgs/lib:/home/coderey/microros_ws/install/geometry_msgs/lib:/home/coderey/microros_ws/install/drive_base_msgs/lib:/home/coderey/microros_ws/install/actionlib_msgs/lib:/home/coderey/microros_ws/install/std_msgs/lib:/home/coderey/microros_ws/install/statistics_msgs/lib:/home/coderey/microros_ws/install/rmw_microxrcedds/lib:/home/coderey/microros_ws/install/rosidl_typesupport_microxrcedds_cpp/lib:/home/coderey/microros_ws/install/rosidl_typesupport_microxrcedds_c/lib:/home/coderey/microros_ws/install/rosgraph_msgs/lib:/home/coderey/microros_ws/install/rclc_parameter/lib:/home/coderey/microros_ws/install/rclc/lib:/home/coderey/microros_ws/install/composition_interfaces/lib:/home/coderey/microros_ws/install/rcl_interfaces/lib:/home/coderey/microros_ws/install/microxrcedds_client/lib:/home/coderey/microros_ws/install/microcdr/lib:/home/coderey/microros_ws/install/micro_ros_utilities/lib:/home/coderey/microros_ws/install/micro_ros_agent/lib:/home/coderey/microros_ws/install/micro_ros_msgs/lib:/home/coderey/microros_ws/install/lifecycle_msgs/lib:/home/coderey/microros_ws/install/complex_msgs/lib:/home/coderey/microros_ws/install/builtin_interfaces/lib:/usr/lib/x86_64-linux-gnu/gazebo-11/plugins:/opt/ros/galactic/opt/yaml_cpp_vendor/lib:/opt/ros/galactic/opt/rviz_ogre_vendor/lib:/opt/ros/galactic/lib/x86_64-linux-gnu:/opt/ros/galactic/lib PYTHONPATH=/home/coderey/ros2_ws/install/nav2_msgs/lib/python3.8/site-packages:/home/coderey/ros2_ws/install/nav2_common/lib/python3.8/site-packages:/home/coderey/ros2_ws/install/robot_localization/lib/python3.8/site-packages:/home/coderey/ros2_ws/install/dwb_msgs/lib/python3.8/site-packages:/home/coderey/ros2_ws/install/nav_2d_msgs/lib/python3.8/site-packages:/home/coderey/ros2_ws/build/nav2_simple_commander:/home/coderey/ros2_ws/install/nav2_simple_commander/lib/python3.8/site-packages:/home/coderey/ros2_ws/build/nav2_gazebo_spawner:/home/coderey/ros2_ws/install/nav2_gazebo_spawner/lib/python3.8/site-packages:/home/coderey/ros2_ws/build/mob_rob_loca:/home/coderey/ros2_ws/install/mob_rob_loca/lib/python3.8/site-packages:/home/coderey/ros2_ws/install/marvelmind_ros2_msgs/lib/python3.8/site-packages:/home/coderey/ros2_ws/build/bno055:/home/coderey/ros2_ws/install/bno055/lib/python3.8/site-packages:/home/coderey/microros_ws/install/visualization_msgs/lib/python3.8/site-packages:/home/coderey/microros_ws/install/test_msgs/lib/python3.8/site-packages:/home/coderey/microros_ws/install/example_interfaces/lib/python3.8/site-packages:/home/coderey/microros_ws/install/action_msgs/lib/python3.8/site-packages:/home/coderey/microros_ws/install/unique_identifier_msgs/lib/python3.8/site-packages:/home/coderey/microros_ws/install/trajectory_msgs/lib/python3.8/site-packages:/home/coderey/microros_ws/install/stereo_msgs/lib/python3.8/site-packages:/home/coderey/microros_ws/install/std_srvs/lib/python3.8/site-packages:/home/coderey/microros_ws/install/shape_msgs/lib/python3.8/site-packages:/home/coderey/microros_ws/install/sensor_msgs_py/lib/python3.8/site-packages:/home/coderey/microros_ws/install/sensor_msgs/lib/python3.8/site-packages:/home/coderey/microros_ws/install/nav_msgs/lib/python3.8/site-packages:/home/coderey/microros_ws/install/diagnostic_msgs/lib/python3.8/site-packages:/home/coderey/microros_ws/install/geometry_msgs/lib/python3.8/site-packages:/home/coderey/microros_ws/install/drive_base_msgs/lib/python3.8/site-packages:/home/coderey/microros_ws/install/actionlib_msgs/lib/python3.8/site-packages:/home/coderey/microros_ws/install/std_msgs/lib/python3.8/site-packages:/home/coderey/microros_ws/install/statistics_msgs/lib/python3.8/site-packages:/home/coderey/microros_ws/install/rosidl_typesupport_microxrcedds_cpp/lib/python3.8/site-packages:/home/coderey/microros_ws/install/rosidl_typesupport_microxrcedds_c/lib/python3.8/site-packages:/home/coderey/microros_ws/install/rosgraph_msgs/lib/python3.8/site-packages:/home/coderey/microros_ws/install/composition_interfaces/lib/python3.8/site-packages:/home/coderey/microros_ws/install/rcl_interfaces/lib/python3.8/site-packages:/home/coderey/microros_ws/install/micro_ros_msgs/lib/python3.8/site-packages:/home/coderey/microros_ws/install/lifecycle_msgs/lib/python3.8/site-packages:/home/coderey/microros_ws/install/complex_msgs/lib/python3.8/site-packages:/home/coderey/microros_ws/install/builtin_interfaces/lib/python3.8/site-packages:/opt/ros/galactic/lib/python3.8/site-packages:/opt/ros/galactic/lib/python3/dist-packages /usr/bin/cmake --install /home/coderey/ros2_ws/build/nav2_map_server
[66.605s] -- Install configuration: "Release"
[66.606s] -- Execute custom install script
[66.607s] -- Symlinking: /home/coderey/ros2_ws/install/nav2_map_server/lib/libmap_server_core.so
[66.625s] -- Symlinking: /home/coderey/ros2_ws/install/nav2_map_server/lib/libmap_io.so
[66.647s] -- Symlinking: /home/coderey/ros2_ws/install/nav2_map_server/lib/nav2_map_server/map_server
[66.666s] -- Symlinking: /home/coderey/ros2_ws/install/nav2_map_server/lib/nav2_map_server/map_saver_cli
[66.685s] -- Symlinking: /home/coderey/ros2_ws/install/nav2_map_server/lib/nav2_map_server/map_saver_server
[66.703s] -- Symlinking: /home/coderey/ros2_ws/install/nav2_map_server/lib/nav2_map_server/costmap_filter_info_server
[66.723s] -- Symlinking: /home/coderey/ros2_ws/install/nav2_map_server/include//nav2_map_server/costmap_filter_info_server.hpp
[66.744s] -- Symlinking: /home/coderey/ros2_ws/install/nav2_map_server/include//nav2_map_server/map_io.hpp
[66.764s] -- Symlinking: /home/coderey/ros2_ws/install/nav2_map_server/include//nav2_map_server/map_mode.hpp
[66.784s] -- Symlinking: /home/coderey/ros2_ws/install/nav2_map_server/include//nav2_map_server/map_saver.hpp
[66.803s] -- Symlinking: /home/coderey/ros2_ws/install/nav2_map_server/include//nav2_map_server/map_server.hpp
[66.824s] -- Symlinking: /home/coderey/ros2_ws/install/nav2_map_server/share/nav2_map_server/launch/map_saver_server.launch.py
[66.845s] -- Symlinking: /home/coderey/ros2_ws/install/nav2_map_server/share/nav2_map_server/environment/library_path.sh
[66.865s] -- Symlinking: /home/coderey/ros2_ws/install/nav2_map_server/share/nav2_map_server/environment/library_path.dsv
[66.884s] -- Symlinking: /home/coderey/ros2_ws/install/nav2_map_server/share/ament_index/resource_index/package_run_dependencies/nav2_map_server
[66.904s] -- Symlinking: /home/coderey/ros2_ws/install/nav2_map_server/share/ament_index/resource_index/parent_prefix_path/nav2_map_server
[66.924s] -- Symlinking: /home/coderey/ros2_ws/install/nav2_map_server/share/nav2_map_server/environment/ament_prefix_path.sh
[66.945s] -- Symlinking: /home/coderey/ros2_ws/install/nav2_map_server/share/nav2_map_server/environment/ament_prefix_path.dsv
[66.965s] -- Symlinking: /home/coderey/ros2_ws/install/nav2_map_server/share/nav2_map_server/environment/path.sh
[66.984s] -- Symlinking: /home/coderey/ros2_ws/install/nav2_map_server/share/nav2_map_server/environment/path.dsv
[67.004s] -- Symlinking: /home/coderey/ros2_ws/install/nav2_map_server/share/nav2_map_server/local_setup.bash
[67.023s] -- Symlinking: /home/coderey/ros2_ws/install/nav2_map_server/share/nav2_map_server/local_setup.sh
[67.045s] -- Symlinking: /home/coderey/ros2_ws/install/nav2_map_server/share/nav2_map_server/local_setup.zsh
[67.065s] -- Symlinking: /home/coderey/ros2_ws/install/nav2_map_server/share/nav2_map_server/local_setup.dsv
[67.084s] -- Symlinking: /home/coderey/ros2_ws/install/nav2_map_server/share/nav2_map_server/package.dsv
[67.104s] -- Symlinking: /home/coderey/ros2_ws/install/nav2_map_server/share/ament_index/resource_index/packages/nav2_map_server
[67.123s] -- Symlinking: /home/coderey/ros2_ws/install/nav2_map_server/share/nav2_map_server/cmake/ament_cmake_export_include_directories-extras.cmake
[67.146s] -- Symlinking: /home/coderey/ros2_ws/install/nav2_map_server/share/nav2_map_server/cmake/ament_cmake_export_libraries-extras.cmake
[67.165s] -- Symlinking: /home/coderey/ros2_ws/install/nav2_map_server/share/nav2_map_server/cmake/ament_cmake_export_dependencies-extras.cmake
[67.185s] -- Symlinking: /home/coderey/ros2_ws/install/nav2_map_server/share/nav2_map_server/cmake/nav2_map_serverConfig.cmake
[67.204s] -- Symlinking: /home/coderey/ros2_ws/install/nav2_map_server/share/nav2_map_server/cmake/nav2_map_serverConfig-version.cmake
[67.223s] -- Symlinking: /home/coderey/ros2_ws/install/nav2_map_server/share/nav2_map_server/package.xml
[67.255s] Invoked command in '/home/coderey/ros2_ws/build/nav2_map_server' returned '0': AMENT_PREFIX_PATH=/home/coderey/ros2_ws/install/nav2_util:${AMENT_PREFIX_PATH} CMAKE_PREFIX_PATH=/home/coderey/ros2_ws/install/nav2_util:/home/coderey/ros2_ws/install/nav2_msgs:/home/coderey/ros2_ws/install/nav2_common:/home/coderey/ros2_ws/install/robot_localization:/home/coderey/ros2_ws/install/dwb_msgs:/home/coderey/ros2_ws/install/nav_2d_msgs:/home/coderey/ros2_ws/install/nav2_voxel_grid:/home/coderey/ros2_ws/install/marvelmind_ros2:/home/coderey/ros2_ws/install/marvelmind_ros2_msgs:/home/coderey/ros2_ws/install/groot:/home/coderey/microros_ws/install/micro_ros_demos_rclc:/home/coderey/microros_ws/install/common_interfaces:/home/coderey/microros_ws/install/visualization_msgs:/home/coderey/microros_ws/install/test_msgs:/home/coderey/microros_ws/install/example_interfaces:/home/coderey/microros_ws/install/action_msgs:/home/coderey/microros_ws/install/unique_identifier_msgs:/home/coderey/microros_ws/install/trajectory_msgs:/home/coderey/microros_ws/install/stereo_msgs:/home/coderey/microros_ws/install/std_srvs:/home/coderey/microros_ws/install/shape_msgs:/home/coderey/microros_ws/install/sensor_msgs:/home/coderey/microros_ws/install/nav_msgs:/home/coderey/microros_ws/install/diagnostic_msgs:/home/coderey/microros_ws/install/geometry_msgs:/home/coderey/microros_ws/install/drive_base_msgs:/home/coderey/microros_ws/install/actionlib_msgs:/home/coderey/microros_ws/install/std_msgs:/home/coderey/microros_ws/install/statistics_msgs:/home/coderey/microros_ws/install/rosidl_typesupport_microxrcedds_test_msg:/home/coderey/microros_ws/install/rosidl_typesupport_microxrcedds_cpp_tests:/home/coderey/microros_ws/install/rmw_microxrcedds:/home/coderey/microros_ws/install/rosidl_typesupport_microxrcedds_cpp:/home/coderey/microros_ws/install/rosidl_typesupport_microxrcedds_c_tests:/home/coderey/microros_ws/install/rosidl_typesupport_microxrcedds_c:/home/coderey/microros_ws/install/rosgraph_msgs:/home/coderey/microros_ws/install/rclc_parameter:/home/coderey/microros_ws/install/rclc:/home/coderey/microros_ws/install/composition_interfaces:/home/coderey/microros_ws/install/rcl_interfaces:/home/coderey/microros_ws/install/microxrcedds_client:/home/coderey/microros_ws/install/microcdr:/home/coderey/microros_ws/install/micro_ros_utilities:/home/coderey/microros_ws/install/micro_ros_setup:/home/coderey/microros_ws/install/micro_ros_agent:/home/coderey/microros_ws/install/micro_ros_msgs:/home/coderey/microros_ws/install/micro_ros_demos_rclcpp:/home/coderey/microros_ws/install/lifecycle_msgs:/home/coderey/microros_ws/install/complex_msgs:/home/coderey/microros_ws/install/builtin_interfaces:/home/coderey/ros2_ws/install/nav2_simple_commander:/home/coderey/ros2_ws/install/nav2_gazebo_spawner:/home/coderey/ros2_ws/install/mob_rob_loca:/home/coderey/ros2_ws/install/bno055:/home/coderey/microros_ws/install/sensor_msgs_py:/opt/ros/galactic LD_LIBRARY_PATH=/home/coderey/ros2_ws/install/nav2_util/lib:/home/coderey/ros2_ws/install/nav2_msgs/lib:/home/coderey/ros2_ws/install/robot_localization/lib:/home/coderey/ros2_ws/install/dwb_msgs/lib:/home/coderey/ros2_ws/install/nav_2d_msgs/lib:/home/coderey/ros2_ws/install/nav2_voxel_grid/lib:/home/coderey/ros2_ws/install/marvelmind_ros2_msgs/lib:/home/coderey/ros2_ws/install/groot/lib:/home/coderey/microros_ws/install/visualization_msgs/lib:/home/coderey/microros_ws/install/test_msgs/lib:/home/coderey/microros_ws/install/example_interfaces/lib:/home/coderey/microros_ws/install/action_msgs/lib:/home/coderey/microros_ws/install/unique_identifier_msgs/lib:/home/coderey/microros_ws/install/trajectory_msgs/lib:/home/coderey/microros_ws/install/stereo_msgs/lib:/home/coderey/microros_ws/install/std_srvs/lib:/home/coderey/microros_ws/install/shape_msgs/lib:/home/coderey/microros_ws/install/sensor_msgs/lib:/home/coderey/microros_ws/install/nav_msgs/lib:/home/coderey/microros_ws/install/diagnostic_msgs/lib:/home/coderey/microros_ws/install/geometry_msgs/lib:/home/coderey/microros_ws/install/drive_base_msgs/lib:/home/coderey/microros_ws/install/actionlib_msgs/lib:/home/coderey/microros_ws/install/std_msgs/lib:/home/coderey/microros_ws/install/statistics_msgs/lib:/home/coderey/microros_ws/install/rmw_microxrcedds/lib:/home/coderey/microros_ws/install/rosidl_typesupport_microxrcedds_cpp/lib:/home/coderey/microros_ws/install/rosidl_typesupport_microxrcedds_c/lib:/home/coderey/microros_ws/install/rosgraph_msgs/lib:/home/coderey/microros_ws/install/rclc_parameter/lib:/home/coderey/microros_ws/install/rclc/lib:/home/coderey/microros_ws/install/composition_interfaces/lib:/home/coderey/microros_ws/install/rcl_interfaces/lib:/home/coderey/microros_ws/install/microxrcedds_client/lib:/home/coderey/microros_ws/install/microcdr/lib:/home/coderey/microros_ws/install/micro_ros_utilities/lib:/home/coderey/microros_ws/install/micro_ros_agent/lib:/home/coderey/microros_ws/install/micro_ros_msgs/lib:/home/coderey/microros_ws/install/lifecycle_msgs/lib:/home/coderey/microros_ws/install/complex_msgs/lib:/home/coderey/microros_ws/install/builtin_interfaces/lib:/usr/lib/x86_64-linux-gnu/gazebo-11/plugins:/opt/ros/galactic/opt/yaml_cpp_vendor/lib:/opt/ros/galactic/opt/rviz_ogre_vendor/lib:/opt/ros/galactic/lib/x86_64-linux-gnu:/opt/ros/galactic/lib PYTHONPATH=/home/coderey/ros2_ws/install/nav2_msgs/lib/python3.8/site-packages:/home/coderey/ros2_ws/install/nav2_common/lib/python3.8/site-packages:/home/coderey/ros2_ws/install/robot_localization/lib/python3.8/site-packages:/home/coderey/ros2_ws/install/dwb_msgs/lib/python3.8/site-packages:/home/coderey/ros2_ws/install/nav_2d_msgs/lib/python3.8/site-packages:/home/coderey/ros2_ws/build/nav2_simple_commander:/home/coderey/ros2_ws/install/nav2_simple_commander/lib/python3.8/site-packages:/home/coderey/ros2_ws/build/nav2_gazebo_spawner:/home/coderey/ros2_ws/install/nav2_gazebo_spawner/lib/python3.8/site-packages:/home/coderey/ros2_ws/build/mob_rob_loca:/home/coderey/ros2_ws/install/mob_rob_loca/lib/python3.8/site-packages:/home/coderey/ros2_ws/install/marvelmind_ros2_msgs/lib/python3.8/site-packages:/home/coderey/ros2_ws/build/bno055:/home/coderey/ros2_ws/install/bno055/lib/python3.8/site-packages:/home/coderey/microros_ws/install/visualization_msgs/lib/python3.8/site-packages:/home/coderey/microros_ws/install/test_msgs/lib/python3.8/site-packages:/home/coderey/microros_ws/install/example_interfaces/lib/python3.8/site-packages:/home/coderey/microros_ws/install/action_msgs/lib/python3.8/site-packages:/home/coderey/microros_ws/install/unique_identifier_msgs/lib/python3.8/site-packages:/home/coderey/microros_ws/install/trajectory_msgs/lib/python3.8/site-packages:/home/coderey/microros_ws/install/stereo_msgs/lib/python3.8/site-packages:/home/coderey/microros_ws/install/std_srvs/lib/python3.8/site-packages:/home/coderey/microros_ws/install/shape_msgs/lib/python3.8/site-packages:/home/coderey/microros_ws/install/sensor_msgs_py/lib/python3.8/site-packages:/home/coderey/microros_ws/install/sensor_msgs/lib/python3.8/site-packages:/home/coderey/microros_ws/install/nav_msgs/lib/python3.8/site-packages:/home/coderey/microros_ws/install/diagnostic_msgs/lib/python3.8/site-packages:/home/coderey/microros_ws/install/geometry_msgs/lib/python3.8/site-packages:/home/coderey/microros_ws/install/drive_base_msgs/lib/python3.8/site-packages:/home/coderey/microros_ws/install/actionlib_msgs/lib/python3.8/site-packages:/home/coderey/microros_ws/install/std_msgs/lib/python3.8/site-packages:/home/coderey/microros_ws/install/statistics_msgs/lib/python3.8/site-packages:/home/coderey/microros_ws/install/rosidl_typesupport_microxrcedds_cpp/lib/python3.8/site-packages:/home/coderey/microros_ws/install/rosidl_typesupport_microxrcedds_c/lib/python3.8/site-packages:/home/coderey/microros_ws/install/rosgraph_msgs/lib/python3.8/site-packages:/home/coderey/microros_ws/install/composition_interfaces/lib/python3.8/site-packages:/home/coderey/microros_ws/install/rcl_interfaces/lib/python3.8/site-packages:/home/coderey/microros_ws/install/micro_ros_msgs/lib/python3.8/site-packages:/home/coderey/microros_ws/install/lifecycle_msgs/lib/python3.8/site-packages:/home/coderey/microros_ws/install/complex_msgs/lib/python3.8/site-packages:/home/coderey/microros_ws/install/builtin_interfaces/lib/python3.8/site-packages:/opt/ros/galactic/lib/python3.8/site-packages:/opt/ros/galactic/lib/python3/dist-packages /usr/bin/cmake --install /home/coderey/ros2_ws/build/nav2_map_server
