[1.349s] Invoking command in '/home/coderey/ros2_ws/build/nav2_common': CMAKE_PREFIX_PATH=${CMAKE_PREFIX_PATH}:/home/coderey/ros2_ws/install/mob_rob_loca:/home/coderey/ros2_ws/install/nav2_simple_commander:/home/coderey/ros2_ws/install/nav2_gazebo_spawner:/home/coderey/ros2_ws/install/bno055:/home/coderey/microros_ws/install/sensor_msgs_py:/opt/ros/galactic /usr/bin/cmake /home/coderey/ros2_ws/src/navigation2/nav2_common -DCMAKE_INSTALL_PREFIX=/home/coderey/ros2_ws/install/nav2_common
[2.365s] -- Found ament_cmake_core: 1.1.6 (/opt/ros/galactic/share/ament_cmake_core/cmake)
[2.366s] -- Using PYTHON_EXECUTABLE: /usr/bin/python3
[2.366s] -- Override CMake install command with custom implementation using symlinks instead of copying resources
[2.367s] -- Found ament_cmake_python: 1.1.6 (/opt/ros/galactic/share/ament_cmake_python/cmake)
[2.367s] -- Configuring done
[2.369s] -- Generating done
[2.370s] -- Build files have been written to: /home/coderey/ros2_ws/build/nav2_common
[2.378s] Invoked command in '/home/coderey/ros2_ws/build/nav2_common' returned '0': CMAKE_PREFIX_PATH=${CMAKE_PREFIX_PATH}:/home/coderey/ros2_ws/install/mob_rob_loca:/home/coderey/ros2_ws/install/nav2_simple_commander:/home/coderey/ros2_ws/install/nav2_gazebo_spawner:/home/coderey/ros2_ws/install/bno055:/home/coderey/microros_ws/install/sensor_msgs_py:/opt/ros/galactic /usr/bin/cmake /home/coderey/ros2_ws/src/navigation2/nav2_common -DCMAKE_INSTALL_PREFIX=/home/coderey/ros2_ws/install/nav2_common
[2.379s] Invoking command in '/home/coderey/ros2_ws/build/nav2_common': CMAKE_PREFIX_PATH=${CMAKE_PREFIX_PATH}:/home/coderey/ros2_ws/install/mob_rob_loca:/home/coderey/ros2_ws/install/nav2_simple_commander:/home/coderey/ros2_ws/install/nav2_gazebo_spawner:/home/coderey/ros2_ws/install/bno055:/home/coderey/microros_ws/install/sensor_msgs_py:/opt/ros/galactic /usr/bin/cmake --build /home/coderey/ros2_ws/build/nav2_common -- -j8 -l8
[2.489s] Built target ament_cmake_python_symlink_nav2_common
[2.899s] running egg_info
[2.900s] writing nav2_common.egg-info/PKG-INFO
[2.900s] writing dependency_links to nav2_common.egg-info/dependency_links.txt
[2.900s] writing top-level names to nav2_common.egg-info/top_level.txt
[2.957s] reading manifest file 'nav2_common.egg-info/SOURCES.txt'
[2.958s] writing manifest file 'nav2_common.egg-info/SOURCES.txt'
[3.013s] Built target ament_cmake_python_build_nav2_common_egg
[3.025s] Invoked command in '/home/coderey/ros2_ws/build/nav2_common' returned '0': CMAKE_PREFIX_PATH=${CMAKE_PREFIX_PATH}:/home/coderey/ros2_ws/install/mob_rob_loca:/home/coderey/ros2_ws/install/nav2_simple_commander:/home/coderey/ros2_ws/install/nav2_gazebo_spawner:/home/coderey/ros2_ws/install/bno055:/home/coderey/microros_ws/install/sensor_msgs_py:/opt/ros/galactic /usr/bin/cmake --build /home/coderey/ros2_ws/build/nav2_common -- -j8 -l8
[3.095s] Invoking command in '/home/coderey/ros2_ws/build/nav2_common': CMAKE_PREFIX_PATH=${CMAKE_PREFIX_PATH}:/home/coderey/ros2_ws/install/mob_rob_loca:/home/coderey/ros2_ws/install/nav2_simple_commander:/home/coderey/ros2_ws/install/nav2_gazebo_spawner:/home/coderey/ros2_ws/install/bno055:/home/coderey/microros_ws/install/sensor_msgs_py:/opt/ros/galactic /usr/bin/cmake --install /home/coderey/ros2_ws/build/nav2_common
[3.106s] -- Install configuration: "RelWithDebInfo"
[3.107s] -- Execute custom install script
[3.107s] -- Up-to-date symlink: /home/coderey/ros2_ws/install/nav2_common/share/nav2_common/environment/pythonpath.sh
[3.107s] -- Up-to-date symlink: /home/coderey/ros2_ws/install/nav2_common/share/nav2_common/environment/pythonpath.dsv
[3.108s] -- Up-to-date symlink: /home/coderey/ros2_ws/install/nav2_common/lib/python3.8/site-packages//nav2_common.egg-info/PKG-INFO
[3.108s] -- Up-to-date symlink: /home/coderey/ros2_ws/install/nav2_common/lib/python3.8/site-packages//nav2_common.egg-info/SOURCES.txt
[3.108s] -- Up-to-date symlink: /home/coderey/ros2_ws/install/nav2_common/lib/python3.8/site-packages//nav2_common.egg-info/dependency_links.txt
[3.108s] -- Up-to-date symlink: /home/coderey/ros2_ws/install/nav2_common/lib/python3.8/site-packages//nav2_common.egg-info/top_level.txt
[3.109s] -- Up-to-date symlink: /home/coderey/ros2_ws/install/nav2_common/lib/python3.8/site-packages/nav2_common/__init__.py
[3.109s] -- Up-to-date symlink: /home/coderey/ros2_ws/install/nav2_common/lib/python3.8/site-packages/nav2_common/launch/__init__.py
[3.109s] -- Up-to-date symlink: /home/coderey/ros2_ws/install/nav2_common/lib/python3.8/site-packages/nav2_common/launch/has_node_params.py
[3.109s] -- Up-to-date symlink: /home/coderey/ros2_ws/install/nav2_common/lib/python3.8/site-packages/nav2_common/launch/replace_string.py
[3.110s] -- Up-to-date symlink: /home/coderey/ros2_ws/install/nav2_common/lib/python3.8/site-packages/nav2_common/launch/rewritten_yaml.py
[3.110s] -- Up-to-date symlink: /home/coderey/ros2_ws/install/nav2_common/share/ament_index/resource_index/package_run_dependencies/nav2_common
[3.110s] -- Up-to-date symlink: /home/coderey/ros2_ws/install/nav2_common/share/ament_index/resource_index/parent_prefix_path/nav2_common
[3.110s] -- Up-to-date symlink: /home/coderey/ros2_ws/install/nav2_common/share/nav2_common/environment/ament_prefix_path.sh
[3.111s] -- Up-to-date symlink: /home/coderey/ros2_ws/install/nav2_common/share/nav2_common/environment/ament_prefix_path.dsv
[3.111s] -- Up-to-date symlink: /home/coderey/ros2_ws/install/nav2_common/share/nav2_common/environment/path.sh
[3.111s] -- Up-to-date symlink: /home/coderey/ros2_ws/install/nav2_common/share/nav2_common/environment/path.dsv
[3.112s] -- Up-to-date symlink: /home/coderey/ros2_ws/install/nav2_common/share/nav2_common/local_setup.bash
[3.112s] -- Up-to-date symlink: /home/coderey/ros2_ws/install/nav2_common/share/nav2_common/local_setup.sh
[3.112s] -- Up-to-date symlink: /home/coderey/ros2_ws/install/nav2_common/share/nav2_common/local_setup.zsh
[3.112s] -- Up-to-date symlink: /home/coderey/ros2_ws/install/nav2_common/share/nav2_common/local_setup.dsv
[3.113s] -- Symlinking: /home/coderey/ros2_ws/install/nav2_common/share/nav2_common/package.dsv
[3.132s] -- Up-to-date symlink: /home/coderey/ros2_ws/install/nav2_common/share/ament_index/resource_index/packages/nav2_common
[3.132s] -- Up-to-date symlink: /home/coderey/ros2_ws/install/nav2_common/share/nav2_common/cmake/nav2_common-extras.cmake
[3.133s] -- Up-to-date symlink: /home/coderey/ros2_ws/install/nav2_common/share/nav2_common/cmake/nav2_commonConfig.cmake
[3.133s] -- Up-to-date symlink: /home/coderey/ros2_ws/install/nav2_common/share/nav2_common/cmake/nav2_commonConfig-version.cmake
[3.134s] -- Up-to-date symlink: /home/coderey/ros2_ws/install/nav2_common/share/nav2_common/package.xml
[3.134s] -- Up-to-date symlink: /home/coderey/ros2_ws/install/nav2_common/share/nav2_common/cmake/nav2_package.cmake
[3.217s] Listing '/home/coderey/ros2_ws/install/nav2_common/lib/python3.8/site-packages/nav2_common'...
[3.217s] Listing '/home/coderey/ros2_ws/install/nav2_common/lib/python3.8/site-packages/nav2_common/launch'...
[3.230s] Invoked command in '/home/coderey/ros2_ws/build/nav2_common' returned '0': CMAKE_PREFIX_PATH=${CMAKE_PREFIX_PATH}:/home/coderey/ros2_ws/install/mob_rob_loca:/home/coderey/ros2_ws/install/nav2_simple_commander:/home/coderey/ros2_ws/install/nav2_gazebo_spawner:/home/coderey/ros2_ws/install/bno055:/home/coderey/microros_ws/install/sensor_msgs_py:/opt/ros/galactic /usr/bin/cmake --install /home/coderey/ros2_ws/build/nav2_common
