[0.293s] Invoking command in '/home/coderey/ros2_ws/build/dwb_msgs': AMENT_PREFIX_PATH=/home/coderey/ros2_ws/install/nav_2d_msgs:${AMENT_PREFIX_PATH} CMAKE_PREFIX_PATH=/home/coderey/ros2_ws/install/nav_2d_msgs:/home/coderey/ros2_ws/install/sam_bot_description:/home/coderey/ros2_ws/install/robot_localization:/home/coderey/ros2_ws/install/nav2_straightline_planner:/home/coderey/ros2_ws/install/nav2_gradient_costmap_plugin:/home/coderey/ros2_ws/install/nav2_costmap_filters_demo:/home/coderey/ros2_ws/install/marvelmind_ros2:/home/coderey/ros2_ws/install/marvelmind_ros2_msgs:/home/coderey/ros2_ws/install/groot:/home/coderey/microros_ws/install/micro_ros_demos_rclc:/home/coderey/microros_ws/install/common_interfaces:/home/coderey/microros_ws/install/visualization_msgs:/home/coderey/microros_ws/install/test_msgs:/home/coderey/microros_ws/install/example_interfaces:/home/coderey/microros_ws/install/action_msgs:/home/coderey/microros_ws/install/unique_identifier_msgs:/home/coderey/microros_ws/install/trajectory_msgs:/home/coderey/microros_ws/install/stereo_msgs:/home/coderey/microros_ws/install/std_srvs:/home/coderey/microros_ws/install/shape_msgs:/home/coderey/microros_ws/install/sensor_msgs:/home/coderey/microros_ws/install/nav_msgs:/home/coderey/microros_ws/install/diagnostic_msgs:/home/coderey/microros_ws/install/geometry_msgs:/home/coderey/microros_ws/install/drive_base_msgs:/home/coderey/microros_ws/install/actionlib_msgs:/home/coderey/microros_ws/install/std_msgs:/home/coderey/microros_ws/install/statistics_msgs:/home/coderey/microros_ws/install/rosidl_typesupport_microxrcedds_test_msg:/home/coderey/microros_ws/install/rosidl_typesupport_microxrcedds_cpp_tests:/home/coderey/microros_ws/install/rmw_microxrcedds:/home/coderey/microros_ws/install/rosidl_typesupport_microxrcedds_cpp:/home/coderey/microros_ws/install/rosidl_typesupport_microxrcedds_c_tests:/home/coderey/microros_ws/install/rosidl_typesupport_microxrcedds_c:/home/coderey/microros_ws/install/rosgraph_msgs:/home/coderey/microros_ws/install/rclc_parameter:/home/coderey/microros_ws/install/rclc:/home/coderey/microros_ws/install/composition_interfaces:/home/coderey/microros_ws/install/rcl_interfaces:/home/coderey/microros_ws/install/microxrcedds_client:/home/coderey/microros_ws/install/microcdr:/home/coderey/microros_ws/install/micro_ros_utilities:/home/coderey/microros_ws/install/micro_ros_setup:/home/coderey/microros_ws/install/micro_ros_agent:/home/coderey/microros_ws/install/micro_ros_msgs:/home/coderey/microros_ws/install/micro_ros_demos_rclcpp:/home/coderey/microros_ws/install/lifecycle_msgs:/home/coderey/microros_ws/install/complex_msgs:/home/coderey/microros_ws/install/builtin_interfaces:/home/coderey/ros2_ws/install/swisscat_robot:/home/coderey/ros2_ws/install/nav2_gps_waypoint_follower_demo:/home/coderey/ros2_ws/install/mob_rob_loca:/home/coderey/ros2_ws/install/bno055:/home/coderey/microros_ws/install/sensor_msgs_py:/opt/ros/galactic LD_LIBRARY_PATH=/home/coderey/ros2_ws/install/nav_2d_msgs/lib:${LD_LIBRARY_PATH} PYTHONPATH=/home/coderey/ros2_ws/install/nav_2d_msgs/lib/python3.8/site-packages:${PYTHONPATH} /usr/bin/cmake /home/coderey/ros2_ws/src/navigation2/nav2_dwb_controller/dwb_msgs -DCMAKE_INSTALL_PREFIX=/home/coderey/ros2_ws/install/dwb_msgs
[0.373s] -- The C compiler identification is GNU 9.4.0
[0.459s] -- The CXX compiler identification is GNU 9.4.0
[0.466s] -- Check for working C compiler: /usr/bin/cc
[0.555s] -- Check for working C compiler: /usr/bin/cc -- works
[0.556s] -- Detecting C compiler ABI info
[0.740s] -- Detecting C compiler ABI info - done
[0.760s] -- Detecting C compile features
[0.761s] -- Detecting C compile features - done
[0.765s] -- Check for working CXX compiler: /usr/bin/c++
[0.899s] -- Check for working CXX compiler: /usr/bin/c++ -- works
[0.900s] -- Detecting CXX compiler ABI info
[1.096s] -- Detecting CXX compiler ABI info - done
[1.107s] -- Detecting CXX compile features
[1.108s] -- Detecting CXX compile features - done
[1.112s] -- Found builtin_interfaces: 1.0.3 (/home/coderey/microros_ws/install/builtin_interfaces/share/builtin_interfaces/cmake)
[1.155s] -- Found PythonInterp: /usr/bin/python3 (found suitable version "3.8.10", minimum required is "3") 
[1.156s] -- Using PYTHON_EXECUTABLE: /usr/bin/python3
[1.410s] -- Using all available rosidl_typesupport_c: rosidl_typesupport_microxrcedds_c;rosidl_typesupport_fastrtps_c;rosidl_typesupport_introspection_c
[1.428s] -- Found rosidl_adapter: 2.2.3 (/opt/ros/galactic/share/rosidl_adapter/cmake)
[1.592s] -- Found OpenSSL: /usr/lib/x86_64-linux-gnu/libcrypto.so (found version "1.1.1f")  
[1.657s] -- Found FastRTPS: /opt/ros/galactic/include  
[1.826s] -- Using all available rosidl_typesupport_cpp: rosidl_typesupport_microxrcedds_cpp;rosidl_typesupport_fastrtps_cpp;rosidl_typesupport_introspection_cpp
[1.901s] -- Found geometry_msgs: 2.2.4 (/home/coderey/microros_ws/install/geometry_msgs/share/geometry_msgs/cmake)
[2.006s] -- Found nav_2d_msgs: 1.2.0 (/home/coderey/ros2_ws/install/nav_2d_msgs/share/nav_2d_msgs/cmake)
[2.133s] -- Found nav_msgs: 2.2.4 (/home/coderey/microros_ws/install/nav_msgs/share/nav_msgs/cmake)
[2.270s] -- Found rosidl_default_generators: 1.1.1 (/opt/ros/galactic/share/rosidl_default_generators/cmake)
[2.345s] -- Found PythonInterp: /usr/bin/python3 (found version "3.8.10") 
[2.780s] -- Found ament_cmake_ros: 0.9.2 (/opt/ros/galactic/share/ament_cmake_ros/cmake)
[3.493s] -- Using all available rosidl_typesupport_c: rosidl_typesupport_microxrcedds_c;rosidl_typesupport_fastrtps_c;rosidl_typesupport_introspection_c
[3.859s] -- Using all available rosidl_typesupport_cpp: rosidl_typesupport_microxrcedds_cpp;rosidl_typesupport_fastrtps_cpp;rosidl_typesupport_introspection_cpp
[3.959s] -- Found PythonInterp: /usr/bin/python3 (found suitable version "3.8.10", minimum required is "3.5") 
[3.976s] -- Found python_cmake_module: 0.8.1 (/opt/ros/galactic/share/python_cmake_module/cmake)
[4.035s] -- Found PythonLibs: /usr/lib/x86_64-linux-gnu/libpython3.8.so (found suitable version "3.8.10", minimum required is "3.5") 
[4.035s] -- Using PYTHON_EXECUTABLE: /usr/bin/python3
[4.036s] -- Using PYTHON_INCLUDE_DIRS: /usr/include/python3.8
[4.036s] -- Using PYTHON_LIBRARIES: /usr/lib/x86_64-linux-gnu/libpython3.8.so
[4.089s] -- Found PythonExtra: .so  
[4.409s] -- Configuring done
[4.668s] -- Generating done
[4.675s] -- Build files have been written to: /home/coderey/ros2_ws/build/dwb_msgs
[4.699s] Invoked command in '/home/coderey/ros2_ws/build/dwb_msgs' returned '0': AMENT_PREFIX_PATH=/home/coderey/ros2_ws/install/nav_2d_msgs:${AMENT_PREFIX_PATH} CMAKE_PREFIX_PATH=/home/coderey/ros2_ws/install/nav_2d_msgs:/home/coderey/ros2_ws/install/sam_bot_description:/home/coderey/ros2_ws/install/robot_localization:/home/coderey/ros2_ws/install/nav2_straightline_planner:/home/coderey/ros2_ws/install/nav2_gradient_costmap_plugin:/home/coderey/ros2_ws/install/nav2_costmap_filters_demo:/home/coderey/ros2_ws/install/marvelmind_ros2:/home/coderey/ros2_ws/install/marvelmind_ros2_msgs:/home/coderey/ros2_ws/install/groot:/home/coderey/microros_ws/install/micro_ros_demos_rclc:/home/coderey/microros_ws/install/common_interfaces:/home/coderey/microros_ws/install/visualization_msgs:/home/coderey/microros_ws/install/test_msgs:/home/coderey/microros_ws/install/example_interfaces:/home/coderey/microros_ws/install/action_msgs:/home/coderey/microros_ws/install/unique_identifier_msgs:/home/coderey/microros_ws/install/trajectory_msgs:/home/coderey/microros_ws/install/stereo_msgs:/home/coderey/microros_ws/install/std_srvs:/home/coderey/microros_ws/install/shape_msgs:/home/coderey/microros_ws/install/sensor_msgs:/home/coderey/microros_ws/install/nav_msgs:/home/coderey/microros_ws/install/diagnostic_msgs:/home/coderey/microros_ws/install/geometry_msgs:/home/coderey/microros_ws/install/drive_base_msgs:/home/coderey/microros_ws/install/actionlib_msgs:/home/coderey/microros_ws/install/std_msgs:/home/coderey/microros_ws/install/statistics_msgs:/home/coderey/microros_ws/install/rosidl_typesupport_microxrcedds_test_msg:/home/coderey/microros_ws/install/rosidl_typesupport_microxrcedds_cpp_tests:/home/coderey/microros_ws/install/rmw_microxrcedds:/home/coderey/microros_ws/install/rosidl_typesupport_microxrcedds_cpp:/home/coderey/microros_ws/install/rosidl_typesupport_microxrcedds_c_tests:/home/coderey/microros_ws/install/rosidl_typesupport_microxrcedds_c:/home/coderey/microros_ws/install/rosgraph_msgs:/home/coderey/microros_ws/install/rclc_parameter:/home/coderey/microros_ws/install/rclc:/home/coderey/microros_ws/install/composition_interfaces:/home/coderey/microros_ws/install/rcl_interfaces:/home/coderey/microros_ws/install/microxrcedds_client:/home/coderey/microros_ws/install/microcdr:/home/coderey/microros_ws/install/micro_ros_utilities:/home/coderey/microros_ws/install/micro_ros_setup:/home/coderey/microros_ws/install/micro_ros_agent:/home/coderey/microros_ws/install/micro_ros_msgs:/home/coderey/microros_ws/install/micro_ros_demos_rclcpp:/home/coderey/microros_ws/install/lifecycle_msgs:/home/coderey/microros_ws/install/complex_msgs:/home/coderey/microros_ws/install/builtin_interfaces:/home/coderey/ros2_ws/install/swisscat_robot:/home/coderey/ros2_ws/install/nav2_gps_waypoint_follower_demo:/home/coderey/ros2_ws/install/mob_rob_loca:/home/coderey/ros2_ws/install/bno055:/home/coderey/microros_ws/install/sensor_msgs_py:/opt/ros/galactic LD_LIBRARY_PATH=/home/coderey/ros2_ws/install/nav_2d_msgs/lib:${LD_LIBRARY_PATH} PYTHONPATH=/home/coderey/ros2_ws/install/nav_2d_msgs/lib/python3.8/site-packages:${PYTHONPATH} /usr/bin/cmake /home/coderey/ros2_ws/src/navigation2/nav2_dwb_controller/dwb_msgs -DCMAKE_INSTALL_PREFIX=/home/coderey/ros2_ws/install/dwb_msgs
[4.700s] Invoking command in '/home/coderey/ros2_ws/build/dwb_msgs': AMENT_PREFIX_PATH=/home/coderey/ros2_ws/install/nav_2d_msgs:${AMENT_PREFIX_PATH} CMAKE_PREFIX_PATH=/home/coderey/ros2_ws/install/nav_2d_msgs:/home/coderey/ros2_ws/install/sam_bot_description:/home/coderey/ros2_ws/install/robot_localization:/home/coderey/ros2_ws/install/nav2_straightline_planner:/home/coderey/ros2_ws/install/nav2_gradient_costmap_plugin:/home/coderey/ros2_ws/install/nav2_costmap_filters_demo:/home/coderey/ros2_ws/install/marvelmind_ros2:/home/coderey/ros2_ws/install/marvelmind_ros2_msgs:/home/coderey/ros2_ws/install/groot:/home/coderey/microros_ws/install/micro_ros_demos_rclc:/home/coderey/microros_ws/install/common_interfaces:/home/coderey/microros_ws/install/visualization_msgs:/home/coderey/microros_ws/install/test_msgs:/home/coderey/microros_ws/install/example_interfaces:/home/coderey/microros_ws/install/action_msgs:/home/coderey/microros_ws/install/unique_identifier_msgs:/home/coderey/microros_ws/install/trajectory_msgs:/home/coderey/microros_ws/install/stereo_msgs:/home/coderey/microros_ws/install/std_srvs:/home/coderey/microros_ws/install/shape_msgs:/home/coderey/microros_ws/install/sensor_msgs:/home/coderey/microros_ws/install/nav_msgs:/home/coderey/microros_ws/install/diagnostic_msgs:/home/coderey/microros_ws/install/geometry_msgs:/home/coderey/microros_ws/install/drive_base_msgs:/home/coderey/microros_ws/install/actionlib_msgs:/home/coderey/microros_ws/install/std_msgs:/home/coderey/microros_ws/install/statistics_msgs:/home/coderey/microros_ws/install/rosidl_typesupport_microxrcedds_test_msg:/home/coderey/microros_ws/install/rosidl_typesupport_microxrcedds_cpp_tests:/home/coderey/microros_ws/install/rmw_microxrcedds:/home/coderey/microros_ws/install/rosidl_typesupport_microxrcedds_cpp:/home/coderey/microros_ws/install/rosidl_typesupport_microxrcedds_c_tests:/home/coderey/microros_ws/install/rosidl_typesupport_microxrcedds_c:/home/coderey/microros_ws/install/rosgraph_msgs:/home/coderey/microros_ws/install/rclc_parameter:/home/coderey/microros_ws/install/rclc:/home/coderey/microros_ws/install/composition_interfaces:/home/coderey/microros_ws/install/rcl_interfaces:/home/coderey/microros_ws/install/microxrcedds_client:/home/coderey/microros_ws/install/microcdr:/home/coderey/microros_ws/install/micro_ros_utilities:/home/coderey/microros_ws/install/micro_ros_setup:/home/coderey/microros_ws/install/micro_ros_agent:/home/coderey/microros_ws/install/micro_ros_msgs:/home/coderey/microros_ws/install/micro_ros_demos_rclcpp:/home/coderey/microros_ws/install/lifecycle_msgs:/home/coderey/microros_ws/install/complex_msgs:/home/coderey/microros_ws/install/builtin_interfaces:/home/coderey/ros2_ws/install/swisscat_robot:/home/coderey/ros2_ws/install/nav2_gps_waypoint_follower_demo:/home/coderey/ros2_ws/install/mob_rob_loca:/home/coderey/ros2_ws/install/bno055:/home/coderey/microros_ws/install/sensor_msgs_py:/opt/ros/galactic LD_LIBRARY_PATH=/home/coderey/ros2_ws/install/nav_2d_msgs/lib:${LD_LIBRARY_PATH} PYTHONPATH=/home/coderey/ros2_ws/install/nav_2d_msgs/lib/python3.8/site-packages:${PYTHONPATH} /usr/bin/cmake --build /home/coderey/ros2_ws/build/dwb_msgs -- -j8 -l8
[4.866s] [  0%] [34m[1mGenerating C code for ROS interfaces[0m
[4.908s] [35m[1mScanning dependencies of target dwb_msgs__cpp[0m
[4.986s] [  0%] [34m[1mGenerating C++ code for ROS interfaces[0m
[8.140s] [  0%] Built target dwb_msgs__cpp
[8.212s] [  1%] [34m[1mGenerating C++ introspection for ROS interfaces[0m
[8.220s] [  2%] [34m[1mGenerating C++ type support dispatch for ROS interfaces[0m
[8.265s] [  3%] [34m[1mGenerating C++ type support for eProsima Micro XRCE-DDS[0m
[8.326s] [  4%] [34m[1mGenerating C++ type support for eProsima Fast-RTPS[0m
[8.550s] [35m[1mScanning dependencies of target dwb_msgs__rosidl_generator_c[0m
[8.682s] [  5%] [32mBuilding C object CMakeFiles/dwb_msgs__rosidl_generator_c.dir/rosidl_generator_c/dwb_msgs/msg/detail/local_plan_evaluation__functions.c.o[0m
[8.710s] [  6%] [32mBuilding C object CMakeFiles/dwb_msgs__rosidl_generator_c.dir/rosidl_generator_c/dwb_msgs/msg/detail/critic_score__functions.c.o[0m
[8.743s] [  7%] [32mBuilding C object CMakeFiles/dwb_msgs__rosidl_generator_c.dir/rosidl_generator_c/dwb_msgs/msg/detail/trajectory2_d__functions.c.o[0m
[8.754s] [  8%] [32mBuilding C object CMakeFiles/dwb_msgs__rosidl_generator_c.dir/rosidl_generator_c/dwb_msgs/msg/detail/trajectory_score__functions.c.o[0m
[8.969s] [  9%] [32mBuilding C object CMakeFiles/dwb_msgs__rosidl_generator_c.dir/rosidl_generator_c/dwb_msgs/srv/detail/debug_local_plan__functions.c.o[0m
[9.004s] [  9%] [32mBuilding C object CMakeFiles/dwb_msgs__rosidl_generator_c.dir/rosidl_generator_c/dwb_msgs/srv/detail/generate_trajectory__functions.c.o[0m
[9.060s] [ 10%] [32mBuilding C object CMakeFiles/dwb_msgs__rosidl_generator_c.dir/rosidl_generator_c/dwb_msgs/srv/detail/get_critic_score__functions.c.o[0m
[9.082s] [ 11%] [32mBuilding C object CMakeFiles/dwb_msgs__rosidl_generator_c.dir/rosidl_generator_c/dwb_msgs/srv/detail/generate_twists__functions.c.o[0m
[9.310s] [ 12%] [32mBuilding C object CMakeFiles/dwb_msgs__rosidl_generator_c.dir/rosidl_generator_c/dwb_msgs/srv/detail/score_trajectory__functions.c.o[0m
[9.602s] [ 13%] [32m[1mLinking C shared library libdwb_msgs__rosidl_generator_c.so[0m
[9.924s] [ 13%] Built target dwb_msgs__rosidl_generator_c
[10.024s] [ 14%] [34m[1mGenerating C introspection for ROS interfaces[0m
[10.070s] [ 16%] [34m[1mGenerating C type support dispatch for ROS interfaces[0m
[10.071s] [ 16%] [34m[1mGenerating C type support for eProsima Micro XRCE-DDS[0m
[10.428s] [35m[1mScanning dependencies of target dwb_msgs__rosidl_typesupport_cpp[0m
[10.556s] [ 17%] [32mBuilding CXX object CMakeFiles/dwb_msgs__rosidl_typesupport_cpp.dir/rosidl_typesupport_cpp/dwb_msgs/msg/local_plan_evaluation__type_support.cpp.o[0m
[10.569s] [ 17%] [32mBuilding CXX object CMakeFiles/dwb_msgs__rosidl_typesupport_cpp.dir/rosidl_typesupport_cpp/dwb_msgs/msg/critic_score__type_support.cpp.o[0m
[11.615s] [ 18%] [32mBuilding CXX object CMakeFiles/dwb_msgs__rosidl_typesupport_cpp.dir/rosidl_typesupport_cpp/dwb_msgs/msg/trajectory2_d__type_support.cpp.o[0m
[11.621s] [ 19%] [32mBuilding CXX object CMakeFiles/dwb_msgs__rosidl_typesupport_cpp.dir/rosidl_typesupport_cpp/dwb_msgs/msg/trajectory_score__type_support.cpp.o[0m
[12.376s] [35m[1mScanning dependencies of target dwb_msgs__rosidl_typesupport_microxrcedds_cpp[0m
[12.562s] [ 20%] [32mBuilding CXX object CMakeFiles/dwb_msgs__rosidl_typesupport_cpp.dir/rosidl_typesupport_cpp/dwb_msgs/srv/debug_local_plan__type_support.cpp.o[0m
[12.612s] [ 21%] [32mBuilding CXX object CMakeFiles/dwb_msgs__rosidl_typesupport_microxrcedds_cpp.dir/rosidl_typesupport_microxrcedds_cpp/dwb_msgs/msg/detail/microxrcedds/critic_score__type_support_cpp.cpp.o[0m
[13.269s] [35m[1mScanning dependencies of target dwb_msgs__rosidl_typesupport_introspection_cpp[0m
[13.433s] [ 22%] [32mBuilding CXX object CMakeFiles/dwb_msgs__rosidl_typesupport_introspection_cpp.dir/rosidl_typesupport_introspection_cpp/dwb_msgs/msg/detail/critic_score__type_support.cpp.o[0m
[13.590s] [ 23%] [32mBuilding CXX object CMakeFiles/dwb_msgs__rosidl_typesupport_introspection_cpp.dir/rosidl_typesupport_introspection_cpp/dwb_msgs/msg/detail/local_plan_evaluation__type_support.cpp.o[0m
[13.651s] [ 24%] [32mBuilding CXX object CMakeFiles/dwb_msgs__rosidl_typesupport_microxrcedds_cpp.dir/rosidl_typesupport_microxrcedds_cpp/dwb_msgs/msg/detail/microxrcedds/local_plan_evaluation__type_support_cpp.cpp.o[0m
[13.706s] [35m[1mScanning dependencies of target dwb_msgs__rosidl_typesupport_fastrtps_cpp[0m
[13.880s] [35m[1mScanning dependencies of target dwb_msgs__rosidl_typesupport_introspection_c[0m
[13.912s] [35m[1mScanning dependencies of target dwb_msgs__rosidl_typesupport_c[0m
[13.952s] [ 25%] [32mBuilding CXX object CMakeFiles/dwb_msgs__rosidl_typesupport_fastrtps_cpp.dir/rosidl_typesupport_fastrtps_cpp/dwb_msgs/msg/detail/dds_fastrtps/critic_score__type_support.cpp.o[0m
[14.043s] [ 26%] [32mBuilding CXX object CMakeFiles/dwb_msgs__rosidl_typesupport_c.dir/rosidl_typesupport_c/dwb_msgs/msg/critic_score__type_support.cpp.o[0m
[14.079s] [ 27%] [32mBuilding C object CMakeFiles/dwb_msgs__rosidl_typesupport_introspection_c.dir/rosidl_typesupport_introspection_c/dwb_msgs/msg/detail/critic_score__type_support.c.o[0m
[14.139s] [ 28%] [32mBuilding CXX object CMakeFiles/dwb_msgs__rosidl_typesupport_cpp.dir/rosidl_typesupport_cpp/dwb_msgs/srv/generate_trajectory__type_support.cpp.o[0m
[14.297s] [ 28%] [32mBuilding CXX object CMakeFiles/dwb_msgs__rosidl_typesupport_c.dir/rosidl_typesupport_c/dwb_msgs/msg/local_plan_evaluation__type_support.cpp.o[0m
[14.367s] [ 29%] [32mBuilding C object CMakeFiles/dwb_msgs__rosidl_typesupport_introspection_c.dir/rosidl_typesupport_introspection_c/dwb_msgs/msg/detail/local_plan_evaluation__type_support.c.o[0m
[14.503s] [ 30%] [32mBuilding CXX object CMakeFiles/dwb_msgs__rosidl_typesupport_c.dir/rosidl_typesupport_c/dwb_msgs/msg/trajectory2_d__type_support.cpp.o[0m
[14.652s] [ 31%] [32mBuilding C object CMakeFiles/dwb_msgs__rosidl_typesupport_introspection_c.dir/rosidl_typesupport_introspection_c/dwb_msgs/msg/detail/trajectory2_d__type_support.c.o[0m
[14.695s] [ 32%] [32mBuilding CXX object CMakeFiles/dwb_msgs__rosidl_typesupport_c.dir/rosidl_typesupport_c/dwb_msgs/msg/trajectory_score__type_support.cpp.o[0m
[14.732s] [35m[1mScanning dependencies of target dwb_msgs__rosidl_typesupport_microxrcedds_c[0m
[14.849s] [ 33%] [32mBuilding C object CMakeFiles/dwb_msgs__rosidl_typesupport_microxrcedds_c.dir/rosidl_typesupport_microxrcedds_c/dwb_msgs/msg/detail/microxrcedds/critic_score__type_support_c.c.o[0m
[14.885s] [ 33%] [32mBuilding CXX object CMakeFiles/dwb_msgs__rosidl_typesupport_fastrtps_cpp.dir/rosidl_typesupport_fastrtps_cpp/dwb_msgs/msg/detail/dds_fastrtps/local_plan_evaluation__type_support.cpp.o[0m
[14.898s] [ 33%] [32mBuilding CXX object CMakeFiles/dwb_msgs__rosidl_typesupport_cpp.dir/rosidl_typesupport_cpp/dwb_msgs/srv/generate_twists__type_support.cpp.o[0m
[14.968s] [ 33%] [32mBuilding C object CMakeFiles/dwb_msgs__rosidl_typesupport_introspection_c.dir/rosidl_typesupport_introspection_c/dwb_msgs/msg/detail/trajectory_score__type_support.c.o[0m
[15.025s] [ 34%] [32mBuilding CXX object CMakeFiles/dwb_msgs__rosidl_typesupport_c.dir/rosidl_typesupport_c/dwb_msgs/srv/debug_local_plan__type_support.cpp.o[0m
[15.192s] [ 35%] [32mBuilding C object CMakeFiles/dwb_msgs__rosidl_typesupport_microxrcedds_c.dir/rosidl_typesupport_microxrcedds_c/dwb_msgs/msg/detail/microxrcedds/local_plan_evaluation__type_support_c.c.o[0m
[15.244s] [ 35%] [32mBuilding CXX object CMakeFiles/dwb_msgs__rosidl_typesupport_introspection_cpp.dir/rosidl_typesupport_introspection_cpp/dwb_msgs/msg/detail/trajectory2_d__type_support.cpp.o[0m
[15.245s] [ 36%] [32mBuilding C object CMakeFiles/dwb_msgs__rosidl_typesupport_introspection_c.dir/rosidl_typesupport_introspection_c/dwb_msgs/srv/detail/debug_local_plan__type_support.c.o[0m
[15.276s] [ 37%] [32mBuilding CXX object CMakeFiles/dwb_msgs__rosidl_typesupport_c.dir/rosidl_typesupport_c/dwb_msgs/srv/generate_trajectory__type_support.cpp.o[0m
[15.514s] [ 38%] [32mBuilding CXX object CMakeFiles/dwb_msgs__rosidl_typesupport_c.dir/rosidl_typesupport_c/dwb_msgs/srv/generate_twists__type_support.cpp.o[0m
[15.523s] [ 39%] [32mBuilding CXX object CMakeFiles/dwb_msgs__rosidl_typesupport_microxrcedds_cpp.dir/rosidl_typesupport_microxrcedds_cpp/dwb_msgs/msg/detail/microxrcedds/trajectory2_d__type_support_cpp.cpp.o[0m
[15.557s] [ 40%] [32mBuilding C object CMakeFiles/dwb_msgs__rosidl_typesupport_microxrcedds_c.dir/rosidl_typesupport_microxrcedds_c/dwb_msgs/msg/detail/microxrcedds/trajectory2_d__type_support_c.c.o[0m
[15.637s] [ 41%] [32mBuilding C object CMakeFiles/dwb_msgs__rosidl_typesupport_introspection_c.dir/rosidl_typesupport_introspection_c/dwb_msgs/srv/detail/generate_trajectory__type_support.c.o[0m
[15.735s] [ 41%] [32mBuilding CXX object CMakeFiles/dwb_msgs__rosidl_typesupport_c.dir/rosidl_typesupport_c/dwb_msgs/srv/get_critic_score__type_support.cpp.o[0m
[15.767s] [ 42%] [32mBuilding C object CMakeFiles/dwb_msgs__rosidl_typesupport_microxrcedds_c.dir/rosidl_typesupport_microxrcedds_c/dwb_msgs/msg/detail/microxrcedds/trajectory_score__type_support_c.c.o[0m
[15.814s] [ 43%] [32mBuilding C object CMakeFiles/dwb_msgs__rosidl_typesupport_introspection_c.dir/rosidl_typesupport_introspection_c/dwb_msgs/srv/detail/generate_twists__type_support.c.o[0m
[16.008s] [ 44%] [32mBuilding CXX object CMakeFiles/dwb_msgs__rosidl_typesupport_c.dir/rosidl_typesupport_c/dwb_msgs/srv/score_trajectory__type_support.cpp.o[0m
[16.031s] [ 44%] [32mBuilding C object CMakeFiles/dwb_msgs__rosidl_typesupport_microxrcedds_c.dir/rosidl_typesupport_microxrcedds_c/dwb_msgs/srv/detail/microxrcedds/debug_local_plan__type_support_c.c.o[0m
[16.082s] [ 45%] [32mBuilding C object CMakeFiles/dwb_msgs__rosidl_typesupport_introspection_c.dir/rosidl_typesupport_introspection_c/dwb_msgs/srv/detail/get_critic_score__type_support.c.o[0m
[16.213s] [ 46%] [32mBuilding CXX object CMakeFiles/dwb_msgs__rosidl_typesupport_introspection_cpp.dir/rosidl_typesupport_introspection_cpp/dwb_msgs/msg/detail/trajectory_score__type_support.cpp.o[0m
[16.242s] [ 47%] [32mBuilding CXX object CMakeFiles/dwb_msgs__rosidl_typesupport_fastrtps_cpp.dir/rosidl_typesupport_fastrtps_cpp/dwb_msgs/msg/detail/dds_fastrtps/trajectory2_d__type_support.cpp.o[0m
[16.248s] [ 48%] [32m[1mLinking CXX shared library libdwb_msgs__rosidl_typesupport_c.so[0m
[16.252s] [ 49%] [32mBuilding C object CMakeFiles/dwb_msgs__rosidl_typesupport_microxrcedds_c.dir/rosidl_typesupport_microxrcedds_c/dwb_msgs/srv/detail/microxrcedds/generate_trajectory__type_support_c.c.o[0m
[16.282s] [ 50%] [32mBuilding C object CMakeFiles/dwb_msgs__rosidl_typesupport_introspection_c.dir/rosidl_typesupport_introspection_c/dwb_msgs/srv/detail/score_trajectory__type_support.c.o[0m
[16.417s] [ 50%] Built target dwb_msgs__rosidl_typesupport_c
[16.451s] [ 51%] [32mBuilding CXX object CMakeFiles/dwb_msgs__rosidl_typesupport_cpp.dir/rosidl_typesupport_cpp/dwb_msgs/srv/get_critic_score__type_support.cpp.o[0m
[16.475s] [ 52%] [32mBuilding C object CMakeFiles/dwb_msgs__rosidl_typesupport_microxrcedds_c.dir/rosidl_typesupport_microxrcedds_c/dwb_msgs/srv/detail/microxrcedds/generate_twists__type_support_c.c.o[0m
[16.500s] [ 53%] [32mBuilding CXX object CMakeFiles/dwb_msgs__rosidl_typesupport_cpp.dir/rosidl_typesupport_cpp/dwb_msgs/srv/score_trajectory__type_support.cpp.o[0m
[16.515s] [ 53%] [32m[1mLinking C shared library libdwb_msgs__rosidl_typesupport_introspection_c.so[0m
[16.751s] [ 54%] [32mBuilding C object CMakeFiles/dwb_msgs__rosidl_typesupport_microxrcedds_c.dir/rosidl_typesupport_microxrcedds_c/dwb_msgs/srv/detail/microxrcedds/get_critic_score__type_support_c.c.o[0m
[16.768s] [ 54%] Built target dwb_msgs__rosidl_typesupport_introspection_c
[16.814s] [ 55%] [32mBuilding CXX object CMakeFiles/dwb_msgs__rosidl_typesupport_fastrtps_cpp.dir/rosidl_typesupport_fastrtps_cpp/dwb_msgs/msg/detail/dds_fastrtps/trajectory_score__type_support.cpp.o[0m
[16.934s] [ 56%] [32mBuilding CXX object CMakeFiles/dwb_msgs__rosidl_typesupport_fastrtps_cpp.dir/rosidl_typesupport_fastrtps_cpp/dwb_msgs/srv/detail/dds_fastrtps/debug_local_plan__type_support.cpp.o[0m
[17.014s] [ 57%] [32mBuilding C object CMakeFiles/dwb_msgs__rosidl_typesupport_microxrcedds_c.dir/rosidl_typesupport_microxrcedds_c/dwb_msgs/srv/detail/microxrcedds/score_trajectory__type_support_c.c.o[0m
[17.287s] [ 58%] [32m[1mLinking C shared library libdwb_msgs__rosidl_typesupport_microxrcedds_c.so[0m
[17.332s] [ 59%] [32mBuilding CXX object CMakeFiles/dwb_msgs__rosidl_typesupport_introspection_cpp.dir/rosidl_typesupport_introspection_cpp/dwb_msgs/srv/detail/debug_local_plan__type_support.cpp.o[0m
[17.496s] [ 59%] Built target dwb_msgs__rosidl_typesupport_microxrcedds_c
[17.567s] [ 60%] [32mBuilding CXX object CMakeFiles/dwb_msgs__rosidl_typesupport_introspection_cpp.dir/rosidl_typesupport_introspection_cpp/dwb_msgs/srv/detail/generate_trajectory__type_support.cpp.o[0m
[17.842s] [ 60%] [32mBuilding CXX object CMakeFiles/dwb_msgs__rosidl_typesupport_microxrcedds_cpp.dir/rosidl_typesupport_microxrcedds_cpp/dwb_msgs/msg/detail/microxrcedds/trajectory_score__type_support_cpp.cpp.o[0m
[17.864s] [ 61%] [32mBuilding CXX object CMakeFiles/dwb_msgs__rosidl_typesupport_microxrcedds_cpp.dir/rosidl_typesupport_microxrcedds_cpp/dwb_msgs/srv/detail/microxrcedds/debug_local_plan__type_support_cpp.cpp.o[0m
[17.911s] [ 62%] [32m[1mLinking CXX shared library libdwb_msgs__rosidl_typesupport_cpp.so[0m
[18.175s] [ 63%] [32mBuilding CXX object CMakeFiles/dwb_msgs__rosidl_typesupport_introspection_cpp.dir/rosidl_typesupport_introspection_cpp/dwb_msgs/srv/detail/generate_twists__type_support.cpp.o[0m
[18.257s] [ 63%] Built target dwb_msgs__rosidl_typesupport_cpp
[18.328s] [ 64%] [32mBuilding CXX object CMakeFiles/dwb_msgs__rosidl_typesupport_fastrtps_cpp.dir/rosidl_typesupport_fastrtps_cpp/dwb_msgs/srv/detail/dds_fastrtps/generate_trajectory__type_support.cpp.o[0m
[18.368s] [ 65%] [32mBuilding CXX object CMakeFiles/dwb_msgs__rosidl_typesupport_introspection_cpp.dir/rosidl_typesupport_introspection_cpp/dwb_msgs/srv/detail/get_critic_score__type_support.cpp.o[0m
[18.495s] [ 66%] [32mBuilding CXX object CMakeFiles/dwb_msgs__rosidl_typesupport_microxrcedds_cpp.dir/rosidl_typesupport_microxrcedds_cpp/dwb_msgs/srv/detail/microxrcedds/generate_trajectory__type_support_cpp.cpp.o[0m
[18.643s] [ 67%] [32mBuilding CXX object CMakeFiles/dwb_msgs__rosidl_typesupport_microxrcedds_cpp.dir/rosidl_typesupport_microxrcedds_cpp/dwb_msgs/srv/detail/microxrcedds/generate_twists__type_support_cpp.cpp.o[0m
[19.207s] [ 67%] [32mBuilding CXX object CMakeFiles/dwb_msgs__rosidl_typesupport_introspection_cpp.dir/rosidl_typesupport_introspection_cpp/dwb_msgs/srv/detail/score_trajectory__type_support.cpp.o[0m
[19.343s] [ 68%] [32mBuilding CXX object CMakeFiles/dwb_msgs__rosidl_typesupport_microxrcedds_cpp.dir/rosidl_typesupport_microxrcedds_cpp/dwb_msgs/srv/detail/microxrcedds/score_trajectory__type_support_cpp.cpp.o[0m
[19.355s] [ 69%] [32mBuilding CXX object CMakeFiles/dwb_msgs__rosidl_typesupport_microxrcedds_cpp.dir/rosidl_typesupport_microxrcedds_cpp/dwb_msgs/srv/detail/microxrcedds/get_critic_score__type_support_cpp.cpp.o[0m
[19.374s] [ 70%] [32mBuilding CXX object CMakeFiles/dwb_msgs__rosidl_typesupport_fastrtps_cpp.dir/rosidl_typesupport_fastrtps_cpp/dwb_msgs/srv/detail/dds_fastrtps/generate_twists__type_support.cpp.o[0m
[19.507s] [ 70%] [32mBuilding CXX object CMakeFiles/dwb_msgs__rosidl_typesupport_fastrtps_cpp.dir/rosidl_typesupport_fastrtps_cpp/dwb_msgs/srv/detail/dds_fastrtps/get_critic_score__type_support.cpp.o[0m
[19.611s] [ 71%] [32mBuilding CXX object CMakeFiles/dwb_msgs__rosidl_typesupport_fastrtps_cpp.dir/rosidl_typesupport_fastrtps_cpp/dwb_msgs/srv/detail/dds_fastrtps/score_trajectory__type_support.cpp.o[0m
[20.763s] [ 72%] [32m[1mLinking CXX shared library libdwb_msgs__rosidl_typesupport_introspection_cpp.so[0m
[20.777s] [ 73%] [32m[1mLinking CXX shared library libdwb_msgs__rosidl_typesupport_microxrcedds_cpp.so[0m
[21.268s] [ 74%] [32m[1mLinking CXX shared library libdwb_msgs__rosidl_typesupport_fastrtps_cpp.so[0m
[21.274s] [ 74%] Built target dwb_msgs__rosidl_typesupport_microxrcedds_cpp
[21.327s] [ 74%] Built target dwb_msgs__rosidl_typesupport_introspection_cpp
[21.671s] [ 74%] Built target dwb_msgs__rosidl_typesupport_fastrtps_cpp
[21.731s] [ 75%] [34m[1mGenerating C type support for eProsima Fast-RTPS[0m
[23.912s] [35m[1mScanning dependencies of target dwb_msgs__rosidl_typesupport_fastrtps_c[0m
[24.010s] [ 76%] [32mBuilding CXX object CMakeFiles/dwb_msgs__rosidl_typesupport_fastrtps_c.dir/rosidl_typesupport_fastrtps_c/dwb_msgs/msg/detail/critic_score__type_support_c.cpp.o[0m
[24.011s] [ 77%] [32mBuilding CXX object CMakeFiles/dwb_msgs__rosidl_typesupport_fastrtps_c.dir/rosidl_typesupport_fastrtps_c/dwb_msgs/msg/detail/local_plan_evaluation__type_support_c.cpp.o[0m
[24.737s] [ 78%] [32mBuilding CXX object CMakeFiles/dwb_msgs__rosidl_typesupport_fastrtps_c.dir/rosidl_typesupport_fastrtps_c/dwb_msgs/srv/detail/get_critic_score__type_support_c.cpp.o[0m
[24.842s] [ 78%] [32mBuilding CXX object CMakeFiles/dwb_msgs__rosidl_typesupport_fastrtps_c.dir/rosidl_typesupport_fastrtps_c/dwb_msgs/srv/detail/score_trajectory__type_support_c.cpp.o[0m
[25.532s] [ 79%] [32mBuilding CXX object CMakeFiles/dwb_msgs__rosidl_typesupport_fastrtps_c.dir/rosidl_typesupport_fastrtps_c/dwb_msgs/srv/detail/generate_twists__type_support_c.cpp.o[0m
[25.748s] [ 80%] [32mBuilding CXX object CMakeFiles/dwb_msgs__rosidl_typesupport_fastrtps_c.dir/rosidl_typesupport_fastrtps_c/dwb_msgs/srv/detail/generate_trajectory__type_support_c.cpp.o[0m
[26.395s] [ 81%] [32mBuilding CXX object CMakeFiles/dwb_msgs__rosidl_typesupport_fastrtps_c.dir/rosidl_typesupport_fastrtps_c/dwb_msgs/srv/detail/debug_local_plan__type_support_c.cpp.o[0m
[26.418s] [ 82%] [32mBuilding CXX object CMakeFiles/dwb_msgs__rosidl_typesupport_fastrtps_c.dir/rosidl_typesupport_fastrtps_c/dwb_msgs/msg/detail/trajectory_score__type_support_c.cpp.o[0m
[27.201s] [ 82%] [32mBuilding CXX object CMakeFiles/dwb_msgs__rosidl_typesupport_fastrtps_c.dir/rosidl_typesupport_fastrtps_c/dwb_msgs/msg/detail/trajectory2_d__type_support_c.cpp.o[0m
[28.243s] [ 83%] [32m[1mLinking CXX shared library libdwb_msgs__rosidl_typesupport_fastrtps_c.so[0m
[28.425s] [ 83%] Built target dwb_msgs__rosidl_typesupport_fastrtps_c
[28.453s] [35m[1mScanning dependencies of target dwb_msgs[0m
[28.483s] [ 83%] Built target dwb_msgs
[28.509s] [35m[1mScanning dependencies of target dwb_msgs__py[0m
[28.539s] [ 84%] [34m[1mGenerating Python code for ROS interfaces[0m
[32.983s] [ 84%] Built target dwb_msgs__py
[33.015s] [35m[1mScanning dependencies of target dwb_msgs__python[0m
[33.130s] [ 85%] [32mBuilding C object CMakeFiles/dwb_msgs__python.dir/rosidl_generator_py/dwb_msgs/msg/_critic_score_s.c.o[0m
[33.347s] [ 86%] [32mBuilding C object CMakeFiles/dwb_msgs__python.dir/rosidl_generator_py/dwb_msgs/srv/_get_critic_score_s.c.o[0m
[33.527s] [ 87%] [32mBuilding C object CMakeFiles/dwb_msgs__python.dir/rosidl_generator_py/dwb_msgs/srv/_score_trajectory_s.c.o[0m
[33.717s] [ 88%] [32mBuilding C object CMakeFiles/dwb_msgs__python.dir/rosidl_generator_py/dwb_msgs/srv/_generate_twists_s.c.o[0m
[33.906s] [ 89%] [32mBuilding C object CMakeFiles/dwb_msgs__python.dir/rosidl_generator_py/dwb_msgs/srv/_generate_trajectory_s.c.o[0m
[34.096s] [ 89%] [32mBuilding C object CMakeFiles/dwb_msgs__python.dir/rosidl_generator_py/dwb_msgs/srv/_debug_local_plan_s.c.o[0m
[34.275s] [ 90%] [32mBuilding C object CMakeFiles/dwb_msgs__python.dir/rosidl_generator_py/dwb_msgs/msg/_trajectory_score_s.c.o[0m
[34.451s] [ 91%] [32mBuilding C object CMakeFiles/dwb_msgs__python.dir/rosidl_generator_py/dwb_msgs/msg/_trajectory2_d_s.c.o[0m
[34.624s] [ 92%] [32mBuilding C object CMakeFiles/dwb_msgs__python.dir/rosidl_generator_py/dwb_msgs/msg/_local_plan_evaluation_s.c.o[0m
[34.800s] [ 93%] [32m[1mLinking C shared library rosidl_generator_py/dwb_msgs/libdwb_msgs__python.so[0m
[34.904s] [ 93%] Built target dwb_msgs__python
[34.935s] [35m[1mScanning dependencies of target dwb_msgs__rosidl_typesupport_c__pyext[0m
[35.017s] [ 94%] [32mBuilding C object CMakeFiles/dwb_msgs__rosidl_typesupport_c__pyext.dir/rosidl_generator_py/dwb_msgs/_dwb_msgs_s.ep.rosidl_typesupport_c.c.o[0m
[35.313s] [ 95%] [32m[1mLinking C shared library rosidl_generator_py/dwb_msgs/dwb_msgs_s__rosidl_typesupport_c.cpython-38-x86_64-linux-gnu.so[0m
[35.397s] [ 95%] Built target dwb_msgs__rosidl_typesupport_c__pyext
[35.421s] [35m[1mScanning dependencies of target dwb_msgs__rosidl_typesupport_fastrtps_c__pyext[0m
[35.489s] [ 96%] [32mBuilding C object CMakeFiles/dwb_msgs__rosidl_typesupport_fastrtps_c__pyext.dir/rosidl_generator_py/dwb_msgs/_dwb_msgs_s.ep.rosidl_typesupport_fastrtps_c.c.o[0m
[35.745s] [ 97%] [32m[1mLinking CXX shared library rosidl_generator_py/dwb_msgs/dwb_msgs_s__rosidl_typesupport_fastrtps_c.cpython-38-x86_64-linux-gnu.so[0m
[35.910s] [ 97%] Built target dwb_msgs__rosidl_typesupport_fastrtps_c__pyext
[35.923s] [35m[1mScanning dependencies of target dwb_msgs__rosidl_typesupport_microxrcedds_c__pyext[0m
[35.983s] [ 97%] [32mBuilding C object CMakeFiles/dwb_msgs__rosidl_typesupport_microxrcedds_c__pyext.dir/rosidl_generator_py/dwb_msgs/_dwb_msgs_s.ep.rosidl_typesupport_microxrcedds_c.c.o[0m
[36.224s] [ 98%] [32m[1mLinking C shared library rosidl_generator_py/dwb_msgs/dwb_msgs_s__rosidl_typesupport_microxrcedds_c.cpython-38-x86_64-linux-gnu.so[0m
[36.314s] [ 98%] Built target dwb_msgs__rosidl_typesupport_microxrcedds_c__pyext
[36.342s] [35m[1mScanning dependencies of target dwb_msgs__rosidl_typesupport_introspection_c__pyext[0m
[36.392s] [ 99%] [32mBuilding C object CMakeFiles/dwb_msgs__rosidl_typesupport_introspection_c__pyext.dir/rosidl_generator_py/dwb_msgs/_dwb_msgs_s.ep.rosidl_typesupport_introspection_c.c.o[0m
[36.611s] [100%] [32m[1mLinking C shared library rosidl_generator_py/dwb_msgs/dwb_msgs_s__rosidl_typesupport_introspection_c.cpython-38-x86_64-linux-gnu.so[0m
[36.706s] [100%] Built target dwb_msgs__rosidl_typesupport_introspection_c__pyext
[36.761s] Invoked command in '/home/coderey/ros2_ws/build/dwb_msgs' returned '0': AMENT_PREFIX_PATH=/home/coderey/ros2_ws/install/nav_2d_msgs:${AMENT_PREFIX_PATH} CMAKE_PREFIX_PATH=/home/coderey/ros2_ws/install/nav_2d_msgs:/home/coderey/ros2_ws/install/sam_bot_description:/home/coderey/ros2_ws/install/robot_localization:/home/coderey/ros2_ws/install/nav2_straightline_planner:/home/coderey/ros2_ws/install/nav2_gradient_costmap_plugin:/home/coderey/ros2_ws/install/nav2_costmap_filters_demo:/home/coderey/ros2_ws/install/marvelmind_ros2:/home/coderey/ros2_ws/install/marvelmind_ros2_msgs:/home/coderey/ros2_ws/install/groot:/home/coderey/microros_ws/install/micro_ros_demos_rclc:/home/coderey/microros_ws/install/common_interfaces:/home/coderey/microros_ws/install/visualization_msgs:/home/coderey/microros_ws/install/test_msgs:/home/coderey/microros_ws/install/example_interfaces:/home/coderey/microros_ws/install/action_msgs:/home/coderey/microros_ws/install/unique_identifier_msgs:/home/coderey/microros_ws/install/trajectory_msgs:/home/coderey/microros_ws/install/stereo_msgs:/home/coderey/microros_ws/install/std_srvs:/home/coderey/microros_ws/install/shape_msgs:/home/coderey/microros_ws/install/sensor_msgs:/home/coderey/microros_ws/install/nav_msgs:/home/coderey/microros_ws/install/diagnostic_msgs:/home/coderey/microros_ws/install/geometry_msgs:/home/coderey/microros_ws/install/drive_base_msgs:/home/coderey/microros_ws/install/actionlib_msgs:/home/coderey/microros_ws/install/std_msgs:/home/coderey/microros_ws/install/statistics_msgs:/home/coderey/microros_ws/install/rosidl_typesupport_microxrcedds_test_msg:/home/coderey/microros_ws/install/rosidl_typesupport_microxrcedds_cpp_tests:/home/coderey/microros_ws/install/rmw_microxrcedds:/home/coderey/microros_ws/install/rosidl_typesupport_microxrcedds_cpp:/home/coderey/microros_ws/install/rosidl_typesupport_microxrcedds_c_tests:/home/coderey/microros_ws/install/rosidl_typesupport_microxrcedds_c:/home/coderey/microros_ws/install/rosgraph_msgs:/home/coderey/microros_ws/install/rclc_parameter:/home/coderey/microros_ws/install/rclc:/home/coderey/microros_ws/install/composition_interfaces:/home/coderey/microros_ws/install/rcl_interfaces:/home/coderey/microros_ws/install/microxrcedds_client:/home/coderey/microros_ws/install/microcdr:/home/coderey/microros_ws/install/micro_ros_utilities:/home/coderey/microros_ws/install/micro_ros_setup:/home/coderey/microros_ws/install/micro_ros_agent:/home/coderey/microros_ws/install/micro_ros_msgs:/home/coderey/microros_ws/install/micro_ros_demos_rclcpp:/home/coderey/microros_ws/install/lifecycle_msgs:/home/coderey/microros_ws/install/complex_msgs:/home/coderey/microros_ws/install/builtin_interfaces:/home/coderey/ros2_ws/install/swisscat_robot:/home/coderey/ros2_ws/install/nav2_gps_waypoint_follower_demo:/home/coderey/ros2_ws/install/mob_rob_loca:/home/coderey/ros2_ws/install/bno055:/home/coderey/microros_ws/install/sensor_msgs_py:/opt/ros/galactic LD_LIBRARY_PATH=/home/coderey/ros2_ws/install/nav_2d_msgs/lib:${LD_LIBRARY_PATH} PYTHONPATH=/home/coderey/ros2_ws/install/nav_2d_msgs/lib/python3.8/site-packages:${PYTHONPATH} /usr/bin/cmake --build /home/coderey/ros2_ws/build/dwb_msgs -- -j8 -l8
[37.777s] Invoking command in '/home/coderey/ros2_ws/build/dwb_msgs': AMENT_PREFIX_PATH=/home/coderey/ros2_ws/install/nav_2d_msgs:${AMENT_PREFIX_PATH} CMAKE_PREFIX_PATH=/home/coderey/ros2_ws/install/nav_2d_msgs:/home/coderey/ros2_ws/install/sam_bot_description:/home/coderey/ros2_ws/install/robot_localization:/home/coderey/ros2_ws/install/nav2_straightline_planner:/home/coderey/ros2_ws/install/nav2_gradient_costmap_plugin:/home/coderey/ros2_ws/install/nav2_costmap_filters_demo:/home/coderey/ros2_ws/install/marvelmind_ros2:/home/coderey/ros2_ws/install/marvelmind_ros2_msgs:/home/coderey/ros2_ws/install/groot:/home/coderey/microros_ws/install/micro_ros_demos_rclc:/home/coderey/microros_ws/install/common_interfaces:/home/coderey/microros_ws/install/visualization_msgs:/home/coderey/microros_ws/install/test_msgs:/home/coderey/microros_ws/install/example_interfaces:/home/coderey/microros_ws/install/action_msgs:/home/coderey/microros_ws/install/unique_identifier_msgs:/home/coderey/microros_ws/install/trajectory_msgs:/home/coderey/microros_ws/install/stereo_msgs:/home/coderey/microros_ws/install/std_srvs:/home/coderey/microros_ws/install/shape_msgs:/home/coderey/microros_ws/install/sensor_msgs:/home/coderey/microros_ws/install/nav_msgs:/home/coderey/microros_ws/install/diagnostic_msgs:/home/coderey/microros_ws/install/geometry_msgs:/home/coderey/microros_ws/install/drive_base_msgs:/home/coderey/microros_ws/install/actionlib_msgs:/home/coderey/microros_ws/install/std_msgs:/home/coderey/microros_ws/install/statistics_msgs:/home/coderey/microros_ws/install/rosidl_typesupport_microxrcedds_test_msg:/home/coderey/microros_ws/install/rosidl_typesupport_microxrcedds_cpp_tests:/home/coderey/microros_ws/install/rmw_microxrcedds:/home/coderey/microros_ws/install/rosidl_typesupport_microxrcedds_cpp:/home/coderey/microros_ws/install/rosidl_typesupport_microxrcedds_c_tests:/home/coderey/microros_ws/install/rosidl_typesupport_microxrcedds_c:/home/coderey/microros_ws/install/rosgraph_msgs:/home/coderey/microros_ws/install/rclc_parameter:/home/coderey/microros_ws/install/rclc:/home/coderey/microros_ws/install/composition_interfaces:/home/coderey/microros_ws/install/rcl_interfaces:/home/coderey/microros_ws/install/microxrcedds_client:/home/coderey/microros_ws/install/microcdr:/home/coderey/microros_ws/install/micro_ros_utilities:/home/coderey/microros_ws/install/micro_ros_setup:/home/coderey/microros_ws/install/micro_ros_agent:/home/coderey/microros_ws/install/micro_ros_msgs:/home/coderey/microros_ws/install/micro_ros_demos_rclcpp:/home/coderey/microros_ws/install/lifecycle_msgs:/home/coderey/microros_ws/install/complex_msgs:/home/coderey/microros_ws/install/builtin_interfaces:/home/coderey/ros2_ws/install/swisscat_robot:/home/coderey/ros2_ws/install/nav2_gps_waypoint_follower_demo:/home/coderey/ros2_ws/install/mob_rob_loca:/home/coderey/ros2_ws/install/bno055:/home/coderey/microros_ws/install/sensor_msgs_py:/opt/ros/galactic LD_LIBRARY_PATH=/home/coderey/ros2_ws/install/nav_2d_msgs/lib:${LD_LIBRARY_PATH} PYTHONPATH=/home/coderey/ros2_ws/install/nav_2d_msgs/lib/python3.8/site-packages:${PYTHONPATH} /usr/bin/cmake --install /home/coderey/ros2_ws/build/dwb_msgs
[37.799s] -- Install configuration: ""
[37.800s] -- Installing: /home/coderey/ros2_ws/install/dwb_msgs/share/ament_index/resource_index/rosidl_interfaces/dwb_msgs
[37.800s] -- Installing: /home/coderey/ros2_ws/install/dwb_msgs/include/dwb_msgs
[37.801s] -- Installing: /home/coderey/ros2_ws/install/dwb_msgs/include/dwb_msgs/srv
[37.802s] -- Installing: /home/coderey/ros2_ws/install/dwb_msgs/include/dwb_msgs/srv/generate_twists.h
[37.803s] -- Installing: /home/coderey/ros2_ws/install/dwb_msgs/include/dwb_msgs/srv/generate_trajectory.h
[37.803s] -- Installing: /home/coderey/ros2_ws/install/dwb_msgs/include/dwb_msgs/srv/score_trajectory.h
[37.803s] -- Installing: /home/coderey/ros2_ws/install/dwb_msgs/include/dwb_msgs/srv/get_critic_score.h
[37.803s] -- Installing: /home/coderey/ros2_ws/install/dwb_msgs/include/dwb_msgs/srv/debug_local_plan.h
[37.803s] -- Installing: /home/coderey/ros2_ws/install/dwb_msgs/include/dwb_msgs/srv/detail
[37.803s] -- Installing: /home/coderey/ros2_ws/install/dwb_msgs/include/dwb_msgs/srv/detail/score_trajectory__struct.h
[37.803s] -- Installing: /home/coderey/ros2_ws/install/dwb_msgs/include/dwb_msgs/srv/detail/get_critic_score__type_support.h
[37.804s] -- Installing: /home/coderey/ros2_ws/install/dwb_msgs/include/dwb_msgs/srv/detail/debug_local_plan__functions.h
[37.804s] -- Installing: /home/coderey/ros2_ws/install/dwb_msgs/include/dwb_msgs/srv/detail/get_critic_score__struct.h
[37.804s] -- Installing: /home/coderey/ros2_ws/install/dwb_msgs/include/dwb_msgs/srv/detail/generate_twists__type_support.h
[37.804s] -- Installing: /home/coderey/ros2_ws/install/dwb_msgs/include/dwb_msgs/srv/detail/score_trajectory__functions.h
[37.804s] -- Installing: /home/coderey/ros2_ws/install/dwb_msgs/include/dwb_msgs/srv/detail/get_critic_score__functions.c
[37.806s] -- Installing: /home/coderey/ros2_ws/install/dwb_msgs/include/dwb_msgs/srv/detail/generate_trajectory__type_support.h
[37.806s] -- Installing: /home/coderey/ros2_ws/install/dwb_msgs/include/dwb_msgs/srv/detail/generate_trajectory__struct.h
[37.806s] -- Installing: /home/coderey/ros2_ws/install/dwb_msgs/include/dwb_msgs/srv/detail/score_trajectory__type_support.h
[37.808s] -- Installing: /home/coderey/ros2_ws/install/dwb_msgs/include/dwb_msgs/srv/detail/generate_trajectory__functions.c
[37.809s] -- Installing: /home/coderey/ros2_ws/install/dwb_msgs/include/dwb_msgs/srv/detail/generate_twists__struct.h
[37.809s] -- Installing: /home/coderey/ros2_ws/install/dwb_msgs/include/dwb_msgs/srv/detail/debug_local_plan__type_support.h
[37.809s] -- Installing: /home/coderey/ros2_ws/install/dwb_msgs/include/dwb_msgs/srv/detail/score_trajectory__functions.c
[37.810s] -- Installing: /home/coderey/ros2_ws/install/dwb_msgs/include/dwb_msgs/srv/detail/debug_local_plan__struct.h
[37.810s] -- Installing: /home/coderey/ros2_ws/install/dwb_msgs/include/dwb_msgs/srv/detail/generate_twists__functions.h
[37.811s] -- Installing: /home/coderey/ros2_ws/install/dwb_msgs/include/dwb_msgs/srv/detail/get_critic_score__functions.h
[37.811s] -- Installing: /home/coderey/ros2_ws/install/dwb_msgs/include/dwb_msgs/srv/detail/generate_trajectory__functions.h
[37.812s] -- Installing: /home/coderey/ros2_ws/install/dwb_msgs/include/dwb_msgs/srv/detail/debug_local_plan__functions.c
[37.812s] -- Installing: /home/coderey/ros2_ws/install/dwb_msgs/include/dwb_msgs/srv/detail/generate_twists__functions.c
[37.812s] -- Installing: /home/coderey/ros2_ws/install/dwb_msgs/include/dwb_msgs/msg
[37.812s] -- Installing: /home/coderey/ros2_ws/install/dwb_msgs/include/dwb_msgs/msg/critic_score.h
[37.813s] -- Installing: /home/coderey/ros2_ws/install/dwb_msgs/include/dwb_msgs/msg/trajectory_score.h
[37.813s] -- Installing: /home/coderey/ros2_ws/install/dwb_msgs/include/dwb_msgs/msg/rosidl_generator_c__visibility_control.h
[37.813s] -- Installing: /home/coderey/ros2_ws/install/dwb_msgs/include/dwb_msgs/msg/trajectory2_d.h
[37.814s] -- Installing: /home/coderey/ros2_ws/install/dwb_msgs/include/dwb_msgs/msg/local_plan_evaluation.h
[37.814s] -- Installing: /home/coderey/ros2_ws/install/dwb_msgs/include/dwb_msgs/msg/detail
[37.814s] -- Installing: /home/coderey/ros2_ws/install/dwb_msgs/include/dwb_msgs/msg/detail/trajectory2_d__struct.h
[37.815s] -- Installing: /home/coderey/ros2_ws/install/dwb_msgs/include/dwb_msgs/msg/detail/local_plan_evaluation__functions.h
[37.815s] -- Installing: /home/coderey/ros2_ws/install/dwb_msgs/include/dwb_msgs/msg/detail/trajectory_score__type_support.h
[37.815s] -- Installing: /home/coderey/ros2_ws/install/dwb_msgs/include/dwb_msgs/msg/detail/trajectory_score__functions.h
[37.816s] -- Installing: /home/coderey/ros2_ws/install/dwb_msgs/include/dwb_msgs/msg/detail/trajectory_score__struct.h
[37.816s] -- Installing: /home/coderey/ros2_ws/install/dwb_msgs/include/dwb_msgs/msg/detail/local_plan_evaluation__functions.c
[37.816s] -- Installing: /home/coderey/ros2_ws/install/dwb_msgs/include/dwb_msgs/msg/detail/trajectory2_d__type_support.h
[37.817s] -- Installing: /home/coderey/ros2_ws/install/dwb_msgs/include/dwb_msgs/msg/detail/trajectory2_d__functions.h
[37.817s] -- Installing: /home/coderey/ros2_ws/install/dwb_msgs/include/dwb_msgs/msg/detail/critic_score__functions.c
[37.817s] -- Installing: /home/coderey/ros2_ws/install/dwb_msgs/include/dwb_msgs/msg/detail/local_plan_evaluation__type_support.h
[37.818s] -- Installing: /home/coderey/ros2_ws/install/dwb_msgs/include/dwb_msgs/msg/detail/critic_score__struct.h
[37.818s] -- Installing: /home/coderey/ros2_ws/install/dwb_msgs/include/dwb_msgs/msg/detail/critic_score__type_support.h
[37.818s] -- Installing: /home/coderey/ros2_ws/install/dwb_msgs/include/dwb_msgs/msg/detail/trajectory_score__functions.c
[37.819s] -- Installing: /home/coderey/ros2_ws/install/dwb_msgs/include/dwb_msgs/msg/detail/local_plan_evaluation__struct.h
[37.819s] -- Installing: /home/coderey/ros2_ws/install/dwb_msgs/include/dwb_msgs/msg/detail/critic_score__functions.h
[37.819s] -- Installing: /home/coderey/ros2_ws/install/dwb_msgs/include/dwb_msgs/msg/detail/trajectory2_d__functions.c
[37.820s] -- Installing: /home/coderey/ros2_ws/install/dwb_msgs/share/dwb_msgs/environment/library_path.sh
[37.820s] -- Installing: /home/coderey/ros2_ws/install/dwb_msgs/share/dwb_msgs/environment/library_path.dsv
[37.821s] -- Installing: /home/coderey/ros2_ws/install/dwb_msgs/lib/libdwb_msgs__rosidl_generator_c.so
[37.822s] -- Set runtime path of "/home/coderey/ros2_ws/install/dwb_msgs/lib/libdwb_msgs__rosidl_generator_c.so" to ""
[37.822s] -- Up-to-date: /home/coderey/ros2_ws/install/dwb_msgs/include/dwb_msgs
[37.822s] -- Up-to-date: /home/coderey/ros2_ws/install/dwb_msgs/include/dwb_msgs/srv
[37.822s] -- Up-to-date: /home/coderey/ros2_ws/install/dwb_msgs/include/dwb_msgs/srv/detail
[37.823s] -- Installing: /home/coderey/ros2_ws/install/dwb_msgs/include/dwb_msgs/srv/detail/debug_local_plan__rosidl_typesupport_microxrcedds_c.h
[37.823s] -- Installing: /home/coderey/ros2_ws/install/dwb_msgs/include/dwb_msgs/srv/detail/score_trajectory__rosidl_typesupport_microxrcedds_c.h
[37.823s] -- Installing: /home/coderey/ros2_ws/install/dwb_msgs/include/dwb_msgs/srv/detail/microxrcedds
[37.824s] -- Installing: /home/coderey/ros2_ws/install/dwb_msgs/include/dwb_msgs/srv/detail/get_critic_score__rosidl_typesupport_microxrcedds_c.h
[37.824s] -- Installing: /home/coderey/ros2_ws/install/dwb_msgs/include/dwb_msgs/srv/detail/generate_twists__rosidl_typesupport_microxrcedds_c.h
[37.824s] -- Installing: /home/coderey/ros2_ws/install/dwb_msgs/include/dwb_msgs/srv/detail/generate_trajectory__rosidl_typesupport_microxrcedds_c.h
[37.824s] -- Up-to-date: /home/coderey/ros2_ws/install/dwb_msgs/include/dwb_msgs/msg
[37.825s] -- Installing: /home/coderey/ros2_ws/install/dwb_msgs/include/dwb_msgs/msg/rosidl_typesupport_microxrcedds_c__visibility_control.h
[37.825s] -- Up-to-date: /home/coderey/ros2_ws/install/dwb_msgs/include/dwb_msgs/msg/detail
[37.825s] -- Installing: /home/coderey/ros2_ws/install/dwb_msgs/include/dwb_msgs/msg/detail/local_plan_evaluation__rosidl_typesupport_microxrcedds_c.h
[37.826s] -- Installing: /home/coderey/ros2_ws/install/dwb_msgs/include/dwb_msgs/msg/detail/microxrcedds
[37.826s] -- Installing: /home/coderey/ros2_ws/install/dwb_msgs/include/dwb_msgs/msg/detail/trajectory_score__rosidl_typesupport_microxrcedds_c.h
[37.826s] -- Installing: /home/coderey/ros2_ws/install/dwb_msgs/include/dwb_msgs/msg/detail/critic_score__rosidl_typesupport_microxrcedds_c.h
[37.826s] -- Installing: /home/coderey/ros2_ws/install/dwb_msgs/include/dwb_msgs/msg/detail/trajectory2_d__rosidl_typesupport_microxrcedds_c.h
[37.827s] -- Installing: /home/coderey/ros2_ws/install/dwb_msgs/lib/libdwb_msgs__rosidl_typesupport_microxrcedds_c.so
[37.828s] -- Set runtime path of "/home/coderey/ros2_ws/install/dwb_msgs/lib/libdwb_msgs__rosidl_typesupport_microxrcedds_c.so" to ""
[37.828s] -- Up-to-date: /home/coderey/ros2_ws/install/dwb_msgs/include/dwb_msgs
[37.828s] -- Up-to-date: /home/coderey/ros2_ws/install/dwb_msgs/include/dwb_msgs/srv
[37.829s] -- Up-to-date: /home/coderey/ros2_ws/install/dwb_msgs/include/dwb_msgs/srv/detail
[37.829s] -- Installing: /home/coderey/ros2_ws/install/dwb_msgs/include/dwb_msgs/srv/detail/generate_trajectory__rosidl_typesupport_fastrtps_c.h
[37.829s] -- Installing: /home/coderey/ros2_ws/install/dwb_msgs/include/dwb_msgs/srv/detail/get_critic_score__rosidl_typesupport_fastrtps_c.h
[37.829s] -- Installing: /home/coderey/ros2_ws/install/dwb_msgs/include/dwb_msgs/srv/detail/debug_local_plan__rosidl_typesupport_fastrtps_c.h
[37.830s] -- Installing: /home/coderey/ros2_ws/install/dwb_msgs/include/dwb_msgs/srv/detail/generate_twists__rosidl_typesupport_fastrtps_c.h
[37.831s] -- Installing: /home/coderey/ros2_ws/install/dwb_msgs/include/dwb_msgs/srv/detail/score_trajectory__rosidl_typesupport_fastrtps_c.h
[37.831s] -- Up-to-date: /home/coderey/ros2_ws/install/dwb_msgs/include/dwb_msgs/msg
[37.831s] -- Installing: /home/coderey/ros2_ws/install/dwb_msgs/include/dwb_msgs/msg/rosidl_typesupport_fastrtps_c__visibility_control.h
[37.831s] -- Up-to-date: /home/coderey/ros2_ws/install/dwb_msgs/include/dwb_msgs/msg/detail
[37.832s] -- Installing: /home/coderey/ros2_ws/install/dwb_msgs/include/dwb_msgs/msg/detail/trajectory2_d__rosidl_typesupport_fastrtps_c.h
[37.832s] -- Installing: /home/coderey/ros2_ws/install/dwb_msgs/include/dwb_msgs/msg/detail/local_plan_evaluation__rosidl_typesupport_fastrtps_c.h
[37.832s] -- Installing: /home/coderey/ros2_ws/install/dwb_msgs/include/dwb_msgs/msg/detail/critic_score__rosidl_typesupport_fastrtps_c.h
[37.833s] -- Installing: /home/coderey/ros2_ws/install/dwb_msgs/include/dwb_msgs/msg/detail/trajectory_score__rosidl_typesupport_fastrtps_c.h
[37.833s] -- Installing: /home/coderey/ros2_ws/install/dwb_msgs/lib/libdwb_msgs__rosidl_typesupport_fastrtps_c.so
[37.834s] -- Set runtime path of "/home/coderey/ros2_ws/install/dwb_msgs/lib/libdwb_msgs__rosidl_typesupport_fastrtps_c.so" to ""
[37.834s] -- Up-to-date: /home/coderey/ros2_ws/install/dwb_msgs/include/dwb_msgs
[37.834s] -- Up-to-date: /home/coderey/ros2_ws/install/dwb_msgs/include/dwb_msgs/srv
[37.835s] -- Up-to-date: /home/coderey/ros2_ws/install/dwb_msgs/include/dwb_msgs/srv/detail
[37.835s] -- Installing: /home/coderey/ros2_ws/install/dwb_msgs/include/dwb_msgs/srv/detail/score_trajectory__rosidl_typesupport_fastrtps_cpp.hpp
[37.835s] -- Installing: /home/coderey/ros2_ws/install/dwb_msgs/include/dwb_msgs/srv/detail/get_critic_score__rosidl_typesupport_fastrtps_cpp.hpp
[37.836s] -- Installing: /home/coderey/ros2_ws/install/dwb_msgs/include/dwb_msgs/srv/detail/debug_local_plan__rosidl_typesupport_fastrtps_cpp.hpp
[37.836s] -- Installing: /home/coderey/ros2_ws/install/dwb_msgs/include/dwb_msgs/srv/detail/generate_twists__rosidl_typesupport_fastrtps_cpp.hpp
[37.836s] -- Installing: /home/coderey/ros2_ws/install/dwb_msgs/include/dwb_msgs/srv/detail/dds_fastrtps
[37.836s] -- Installing: /home/coderey/ros2_ws/install/dwb_msgs/include/dwb_msgs/srv/detail/generate_trajectory__rosidl_typesupport_fastrtps_cpp.hpp
[37.837s] -- Up-to-date: /home/coderey/ros2_ws/install/dwb_msgs/include/dwb_msgs/msg
[37.837s] -- Up-to-date: /home/coderey/ros2_ws/install/dwb_msgs/include/dwb_msgs/msg/detail
[37.837s] -- Installing: /home/coderey/ros2_ws/install/dwb_msgs/include/dwb_msgs/msg/detail/trajectory_score__rosidl_typesupport_fastrtps_cpp.hpp
[37.838s] -- Installing: /home/coderey/ros2_ws/install/dwb_msgs/include/dwb_msgs/msg/detail/trajectory2_d__rosidl_typesupport_fastrtps_cpp.hpp
[37.838s] -- Installing: /home/coderey/ros2_ws/install/dwb_msgs/include/dwb_msgs/msg/detail/dds_fastrtps
[37.838s] -- Installing: /home/coderey/ros2_ws/install/dwb_msgs/include/dwb_msgs/msg/detail/local_plan_evaluation__rosidl_typesupport_fastrtps_cpp.hpp
[37.839s] -- Installing: /home/coderey/ros2_ws/install/dwb_msgs/include/dwb_msgs/msg/detail/critic_score__rosidl_typesupport_fastrtps_cpp.hpp
[37.839s] -- Installing: /home/coderey/ros2_ws/install/dwb_msgs/include/dwb_msgs/msg/rosidl_typesupport_fastrtps_cpp__visibility_control.h
[37.839s] -- Installing: /home/coderey/ros2_ws/install/dwb_msgs/lib/libdwb_msgs__rosidl_typesupport_fastrtps_cpp.so
[37.840s] -- Set runtime path of "/home/coderey/ros2_ws/install/dwb_msgs/lib/libdwb_msgs__rosidl_typesupport_fastrtps_cpp.so" to ""
[37.841s] -- Up-to-date: /home/coderey/ros2_ws/install/dwb_msgs/include/dwb_msgs
[37.841s] -- Up-to-date: /home/coderey/ros2_ws/install/dwb_msgs/include/dwb_msgs/srv
[37.841s] -- Up-to-date: /home/coderey/ros2_ws/install/dwb_msgs/include/dwb_msgs/srv/detail
[37.841s] -- Installing: /home/coderey/ros2_ws/install/dwb_msgs/include/dwb_msgs/srv/detail/score_trajectory__type_support.c
[37.842s] -- Installing: /home/coderey/ros2_ws/install/dwb_msgs/include/dwb_msgs/srv/detail/score_trajectory__rosidl_typesupport_introspection_c.h
[37.842s] -- Installing: /home/coderey/ros2_ws/install/dwb_msgs/include/dwb_msgs/srv/detail/get_critic_score__rosidl_typesupport_introspection_c.h
[37.842s] -- Installing: /home/coderey/ros2_ws/install/dwb_msgs/include/dwb_msgs/srv/detail/generate_twists__type_support.c
[37.843s] -- Installing: /home/coderey/ros2_ws/install/dwb_msgs/include/dwb_msgs/srv/detail/get_critic_score__type_support.c
[37.843s] -- Installing: /home/coderey/ros2_ws/install/dwb_msgs/include/dwb_msgs/srv/detail/debug_local_plan__rosidl_typesupport_introspection_c.h
[37.843s] -- Installing: /home/coderey/ros2_ws/install/dwb_msgs/include/dwb_msgs/srv/detail/debug_local_plan__type_support.c
[37.844s] -- Installing: /home/coderey/ros2_ws/install/dwb_msgs/include/dwb_msgs/srv/detail/generate_trajectory__type_support.c
[37.844s] -- Installing: /home/coderey/ros2_ws/install/dwb_msgs/include/dwb_msgs/srv/detail/generate_trajectory__rosidl_typesupport_introspection_c.h
[37.844s] -- Installing: /home/coderey/ros2_ws/install/dwb_msgs/include/dwb_msgs/srv/detail/generate_twists__rosidl_typesupport_introspection_c.h
[37.845s] -- Up-to-date: /home/coderey/ros2_ws/install/dwb_msgs/include/dwb_msgs/msg
[37.845s] -- Installing: /home/coderey/ros2_ws/install/dwb_msgs/include/dwb_msgs/msg/rosidl_typesupport_introspection_c__visibility_control.h
[37.845s] -- Up-to-date: /home/coderey/ros2_ws/install/dwb_msgs/include/dwb_msgs/msg/detail
[37.846s] -- Installing: /home/coderey/ros2_ws/install/dwb_msgs/include/dwb_msgs/msg/detail/trajectory_score__rosidl_typesupport_introspection_c.h
[37.846s] -- Installing: /home/coderey/ros2_ws/install/dwb_msgs/include/dwb_msgs/msg/detail/trajectory2_d__rosidl_typesupport_introspection_c.h
[37.846s] -- Installing: /home/coderey/ros2_ws/install/dwb_msgs/include/dwb_msgs/msg/detail/local_plan_evaluation__rosidl_typesupport_introspection_c.h
[37.847s] -- Installing: /home/coderey/ros2_ws/install/dwb_msgs/include/dwb_msgs/msg/detail/local_plan_evaluation__type_support.c
[37.847s] -- Installing: /home/coderey/ros2_ws/install/dwb_msgs/include/dwb_msgs/msg/detail/critic_score__type_support.c
[37.847s] -- Installing: /home/coderey/ros2_ws/install/dwb_msgs/include/dwb_msgs/msg/detail/critic_score__rosidl_typesupport_introspection_c.h
[37.848s] -- Installing: /home/coderey/ros2_ws/install/dwb_msgs/include/dwb_msgs/msg/detail/trajectory_score__type_support.c
[37.848s] -- Installing: /home/coderey/ros2_ws/install/dwb_msgs/include/dwb_msgs/msg/detail/trajectory2_d__type_support.c
[37.848s] -- Installing: /home/coderey/ros2_ws/install/dwb_msgs/lib/libdwb_msgs__rosidl_typesupport_introspection_c.so
[37.849s] -- Set runtime path of "/home/coderey/ros2_ws/install/dwb_msgs/lib/libdwb_msgs__rosidl_typesupport_introspection_c.so" to ""
[37.850s] -- Installing: /home/coderey/ros2_ws/install/dwb_msgs/lib/libdwb_msgs__rosidl_typesupport_c.so
[37.850s] -- Set runtime path of "/home/coderey/ros2_ws/install/dwb_msgs/lib/libdwb_msgs__rosidl_typesupport_c.so" to ""
[37.851s] -- Up-to-date: /home/coderey/ros2_ws/install/dwb_msgs/include/dwb_msgs
[37.851s] -- Up-to-date: /home/coderey/ros2_ws/install/dwb_msgs/include/dwb_msgs/srv
[37.851s] -- Installing: /home/coderey/ros2_ws/install/dwb_msgs/include/dwb_msgs/srv/generate_trajectory.hpp
[37.852s] -- Installing: /home/coderey/ros2_ws/install/dwb_msgs/include/dwb_msgs/srv/debug_local_plan.hpp
[37.852s] -- Installing: /home/coderey/ros2_ws/install/dwb_msgs/include/dwb_msgs/srv/get_critic_score.hpp
[37.852s] -- Installing: /home/coderey/ros2_ws/install/dwb_msgs/include/dwb_msgs/srv/generate_twists.hpp
[37.853s] -- Installing: /home/coderey/ros2_ws/install/dwb_msgs/include/dwb_msgs/srv/score_trajectory.hpp
[37.853s] -- Up-to-date: /home/coderey/ros2_ws/install/dwb_msgs/include/dwb_msgs/srv/detail
[37.853s] -- Installing: /home/coderey/ros2_ws/install/dwb_msgs/include/dwb_msgs/srv/detail/debug_local_plan__struct.hpp
[37.854s] -- Installing: /home/coderey/ros2_ws/install/dwb_msgs/include/dwb_msgs/srv/detail/debug_local_plan__traits.hpp
[37.854s] -- Installing: /home/coderey/ros2_ws/install/dwb_msgs/include/dwb_msgs/srv/detail/generate_trajectory__traits.hpp
[37.855s] -- Installing: /home/coderey/ros2_ws/install/dwb_msgs/include/dwb_msgs/srv/detail/generate_trajectory__struct.hpp
[37.855s] -- Installing: /home/coderey/ros2_ws/install/dwb_msgs/include/dwb_msgs/srv/detail/get_critic_score__struct.hpp
[37.855s] -- Installing: /home/coderey/ros2_ws/install/dwb_msgs/include/dwb_msgs/srv/detail/generate_trajectory__builder.hpp
[37.856s] -- Installing: /home/coderey/ros2_ws/install/dwb_msgs/include/dwb_msgs/srv/detail/score_trajectory__traits.hpp
[37.856s] -- Installing: /home/coderey/ros2_ws/install/dwb_msgs/include/dwb_msgs/srv/detail/score_trajectory__struct.hpp
[37.856s] -- Installing: /home/coderey/ros2_ws/install/dwb_msgs/include/dwb_msgs/srv/detail/generate_twists__builder.hpp
[37.857s] -- Installing: /home/coderey/ros2_ws/install/dwb_msgs/include/dwb_msgs/srv/detail/score_trajectory__builder.hpp
[37.857s] -- Installing: /home/coderey/ros2_ws/install/dwb_msgs/include/dwb_msgs/srv/detail/generate_twists__traits.hpp
[37.857s] -- Installing: /home/coderey/ros2_ws/install/dwb_msgs/include/dwb_msgs/srv/detail/get_critic_score__builder.hpp
[37.858s] -- Installing: /home/coderey/ros2_ws/install/dwb_msgs/include/dwb_msgs/srv/detail/debug_local_plan__builder.hpp
[37.858s] -- Installing: /home/coderey/ros2_ws/install/dwb_msgs/include/dwb_msgs/srv/detail/get_critic_score__traits.hpp
[37.858s] -- Installing: /home/coderey/ros2_ws/install/dwb_msgs/include/dwb_msgs/srv/detail/generate_twists__struct.hpp
[37.859s] -- Up-to-date: /home/coderey/ros2_ws/install/dwb_msgs/include/dwb_msgs/msg
[37.859s] -- Installing: /home/coderey/ros2_ws/install/dwb_msgs/include/dwb_msgs/msg/trajectory2_d.hpp
[37.859s] -- Installing: /home/coderey/ros2_ws/install/dwb_msgs/include/dwb_msgs/msg/local_plan_evaluation.hpp
[37.860s] -- Installing: /home/coderey/ros2_ws/install/dwb_msgs/include/dwb_msgs/msg/critic_score.hpp
[37.860s] -- Up-to-date: /home/coderey/ros2_ws/install/dwb_msgs/include/dwb_msgs/msg/detail
[37.860s] -- Installing: /home/coderey/ros2_ws/install/dwb_msgs/include/dwb_msgs/msg/detail/local_plan_evaluation__struct.hpp
[37.860s] -- Installing: /home/coderey/ros2_ws/install/dwb_msgs/include/dwb_msgs/msg/detail/trajectory2_d__traits.hpp
[37.861s] -- Installing: /home/coderey/ros2_ws/install/dwb_msgs/include/dwb_msgs/msg/detail/critic_score__traits.hpp
[37.861s] -- Installing: /home/coderey/ros2_ws/install/dwb_msgs/include/dwb_msgs/msg/detail/trajectory2_d__builder.hpp
[37.861s] -- Installing: /home/coderey/ros2_ws/install/dwb_msgs/include/dwb_msgs/msg/detail/local_plan_evaluation__builder.hpp
[37.862s] -- Installing: /home/coderey/ros2_ws/install/dwb_msgs/include/dwb_msgs/msg/detail/trajectory_score__traits.hpp
[37.862s] -- Installing: /home/coderey/ros2_ws/install/dwb_msgs/include/dwb_msgs/msg/detail/trajectory2_d__struct.hpp
[37.863s] -- Installing: /home/coderey/ros2_ws/install/dwb_msgs/include/dwb_msgs/msg/detail/trajectory_score__struct.hpp
[37.863s] -- Installing: /home/coderey/ros2_ws/install/dwb_msgs/include/dwb_msgs/msg/detail/trajectory_score__builder.hpp
[37.863s] -- Installing: /home/coderey/ros2_ws/install/dwb_msgs/include/dwb_msgs/msg/detail/critic_score__struct.hpp
[37.864s] -- Installing: /home/coderey/ros2_ws/install/dwb_msgs/include/dwb_msgs/msg/detail/critic_score__builder.hpp
[37.864s] -- Installing: /home/coderey/ros2_ws/install/dwb_msgs/include/dwb_msgs/msg/detail/local_plan_evaluation__traits.hpp
[37.864s] -- Installing: /home/coderey/ros2_ws/install/dwb_msgs/include/dwb_msgs/msg/trajectory_score.hpp
[37.865s] -- Up-to-date: /home/coderey/ros2_ws/install/dwb_msgs/include/dwb_msgs
[37.865s] -- Up-to-date: /home/coderey/ros2_ws/install/dwb_msgs/include/dwb_msgs/srv
[37.865s] -- Up-to-date: /home/coderey/ros2_ws/install/dwb_msgs/include/dwb_msgs/srv/detail
[37.866s] -- Installing: /home/coderey/ros2_ws/install/dwb_msgs/include/dwb_msgs/srv/detail/score_trajectory__rosidl_typesupport_microxrcedds_cpp.hpp
[37.866s] -- Up-to-date: /home/coderey/ros2_ws/install/dwb_msgs/include/dwb_msgs/srv/detail/microxrcedds
[37.866s] -- Installing: /home/coderey/ros2_ws/install/dwb_msgs/include/dwb_msgs/srv/detail/microxrcedds/get_critic_score__type_support_cpp.cpp
[37.866s] -- Installing: /home/coderey/ros2_ws/install/dwb_msgs/include/dwb_msgs/srv/detail/microxrcedds/score_trajectory__type_support_cpp.cpp
[37.867s] -- Installing: /home/coderey/ros2_ws/install/dwb_msgs/include/dwb_msgs/srv/detail/microxrcedds/generate_trajectory__type_support_cpp.cpp
[37.867s] -- Installing: /home/coderey/ros2_ws/install/dwb_msgs/include/dwb_msgs/srv/detail/microxrcedds/debug_local_plan__type_support_cpp.cpp
[37.867s] -- Installing: /home/coderey/ros2_ws/install/dwb_msgs/include/dwb_msgs/srv/detail/microxrcedds/generate_twists__type_support_cpp.cpp
[37.868s] -- Installing: /home/coderey/ros2_ws/install/dwb_msgs/include/dwb_msgs/srv/detail/generate_twists__rosidl_typesupport_microxrcedds_cpp.hpp
[37.868s] -- Installing: /home/coderey/ros2_ws/install/dwb_msgs/include/dwb_msgs/srv/detail/get_critic_score__rosidl_typesupport_microxrcedds_cpp.hpp
[37.869s] -- Installing: /home/coderey/ros2_ws/install/dwb_msgs/include/dwb_msgs/srv/detail/generate_trajectory__rosidl_typesupport_microxrcedds_cpp.hpp
[37.869s] -- Installing: /home/coderey/ros2_ws/install/dwb_msgs/include/dwb_msgs/srv/detail/debug_local_plan__rosidl_typesupport_microxrcedds_cpp.hpp
[37.869s] -- Up-to-date: /home/coderey/ros2_ws/install/dwb_msgs/include/dwb_msgs/msg
[37.870s] -- Installing: /home/coderey/ros2_ws/install/dwb_msgs/include/dwb_msgs/msg/rosidl_typesupport_microxrcedds_cpp__visibility_control.h
[37.870s] -- Up-to-date: /home/coderey/ros2_ws/install/dwb_msgs/include/dwb_msgs/msg/detail
[37.871s] -- Installing: /home/coderey/ros2_ws/install/dwb_msgs/include/dwb_msgs/msg/detail/trajectory_score__rosidl_typesupport_microxrcedds_cpp.hpp
[37.871s] -- Installing: /home/coderey/ros2_ws/install/dwb_msgs/include/dwb_msgs/msg/detail/critic_score__rosidl_typesupport_microxrcedds_cpp.hpp
[37.871s] -- Installing: /home/coderey/ros2_ws/install/dwb_msgs/include/dwb_msgs/msg/detail/local_plan_evaluation__rosidl_typesupport_microxrcedds_cpp.hpp
[37.872s] -- Up-to-date: /home/coderey/ros2_ws/install/dwb_msgs/include/dwb_msgs/msg/detail/microxrcedds
[37.872s] -- Installing: /home/coderey/ros2_ws/install/dwb_msgs/include/dwb_msgs/msg/detail/microxrcedds/trajectory2_d__type_support_cpp.cpp
[37.872s] -- Installing: /home/coderey/ros2_ws/install/dwb_msgs/include/dwb_msgs/msg/detail/microxrcedds/critic_score__type_support_cpp.cpp
[37.873s] -- Installing: /home/coderey/ros2_ws/install/dwb_msgs/include/dwb_msgs/msg/detail/microxrcedds/trajectory_score__type_support_cpp.cpp
[37.873s] -- Installing: /home/coderey/ros2_ws/install/dwb_msgs/include/dwb_msgs/msg/detail/microxrcedds/local_plan_evaluation__type_support_cpp.cpp
[37.873s] -- Installing: /home/coderey/ros2_ws/install/dwb_msgs/include/dwb_msgs/msg/detail/trajectory2_d__rosidl_typesupport_microxrcedds_cpp.hpp
[37.874s] -- Installing: /home/coderey/ros2_ws/install/dwb_msgs/lib/libdwb_msgs__rosidl_typesupport_microxrcedds_cpp.so
[37.875s] -- Set runtime path of "/home/coderey/ros2_ws/install/dwb_msgs/lib/libdwb_msgs__rosidl_typesupport_microxrcedds_cpp.so" to ""
[37.875s] -- Up-to-date: /home/coderey/ros2_ws/install/dwb_msgs/include/dwb_msgs
[37.875s] -- Up-to-date: /home/coderey/ros2_ws/install/dwb_msgs/include/dwb_msgs/srv
[37.875s] -- Up-to-date: /home/coderey/ros2_ws/install/dwb_msgs/include/dwb_msgs/srv/detail
[37.876s] -- Installing: /home/coderey/ros2_ws/install/dwb_msgs/include/dwb_msgs/srv/detail/get_critic_score__type_support.cpp
[37.876s] -- Installing: /home/coderey/ros2_ws/install/dwb_msgs/include/dwb_msgs/srv/detail/score_trajectory__rosidl_typesupport_introspection_cpp.hpp
[37.876s] -- Installing: /home/coderey/ros2_ws/install/dwb_msgs/include/dwb_msgs/srv/detail/debug_local_plan__rosidl_typesupport_introspection_cpp.hpp
[37.877s] -- Installing: /home/coderey/ros2_ws/install/dwb_msgs/include/dwb_msgs/srv/detail/generate_trajectory__type_support.cpp
[37.877s] -- Installing: /home/coderey/ros2_ws/install/dwb_msgs/include/dwb_msgs/srv/detail/score_trajectory__type_support.cpp
[37.877s] -- Installing: /home/coderey/ros2_ws/install/dwb_msgs/include/dwb_msgs/srv/detail/generate_twists__type_support.cpp
[37.878s] -- Installing: /home/coderey/ros2_ws/install/dwb_msgs/include/dwb_msgs/srv/detail/get_critic_score__rosidl_typesupport_introspection_cpp.hpp
[37.878s] -- Installing: /home/coderey/ros2_ws/install/dwb_msgs/include/dwb_msgs/srv/detail/generate_trajectory__rosidl_typesupport_introspection_cpp.hpp
[37.879s] -- Installing: /home/coderey/ros2_ws/install/dwb_msgs/include/dwb_msgs/srv/detail/debug_local_plan__type_support.cpp
[37.879s] -- Installing: /home/coderey/ros2_ws/install/dwb_msgs/include/dwb_msgs/srv/detail/generate_twists__rosidl_typesupport_introspection_cpp.hpp
[37.879s] -- Up-to-date: /home/coderey/ros2_ws/install/dwb_msgs/include/dwb_msgs/msg
[37.880s] -- Up-to-date: /home/coderey/ros2_ws/install/dwb_msgs/include/dwb_msgs/msg/detail
[37.880s] -- Installing: /home/coderey/ros2_ws/install/dwb_msgs/include/dwb_msgs/msg/detail/trajectory2_d__type_support.cpp
[37.880s] -- Installing: /home/coderey/ros2_ws/install/dwb_msgs/include/dwb_msgs/msg/detail/trajectory2_d__rosidl_typesupport_introspection_cpp.hpp
[37.881s] -- Installing: /home/coderey/ros2_ws/install/dwb_msgs/include/dwb_msgs/msg/detail/critic_score__type_support.cpp
[37.881s] -- Installing: /home/coderey/ros2_ws/install/dwb_msgs/include/dwb_msgs/msg/detail/trajectory_score__rosidl_typesupport_introspection_cpp.hpp
[37.881s] -- Installing: /home/coderey/ros2_ws/install/dwb_msgs/include/dwb_msgs/msg/detail/critic_score__rosidl_typesupport_introspection_cpp.hpp
[37.882s] -- Installing: /home/coderey/ros2_ws/install/dwb_msgs/include/dwb_msgs/msg/detail/trajectory_score__type_support.cpp
[37.882s] -- Installing: /home/coderey/ros2_ws/install/dwb_msgs/include/dwb_msgs/msg/detail/local_plan_evaluation__rosidl_typesupport_introspection_cpp.hpp
[37.882s] -- Installing: /home/coderey/ros2_ws/install/dwb_msgs/include/dwb_msgs/msg/detail/local_plan_evaluation__type_support.cpp
[37.883s] -- Installing: /home/coderey/ros2_ws/install/dwb_msgs/lib/libdwb_msgs__rosidl_typesupport_introspection_cpp.so
[37.884s] -- Set runtime path of "/home/coderey/ros2_ws/install/dwb_msgs/lib/libdwb_msgs__rosidl_typesupport_introspection_cpp.so" to ""
[37.884s] -- Installing: /home/coderey/ros2_ws/install/dwb_msgs/lib/libdwb_msgs__rosidl_typesupport_cpp.so
[37.885s] -- Set runtime path of "/home/coderey/ros2_ws/install/dwb_msgs/lib/libdwb_msgs__rosidl_typesupport_cpp.so" to ""
[37.885s] -- Installing: /home/coderey/ros2_ws/install/dwb_msgs/share/dwb_msgs/environment/pythonpath.sh
[37.885s] -- Installing: /home/coderey/ros2_ws/install/dwb_msgs/share/dwb_msgs/environment/pythonpath.dsv
[37.886s] -- Installing: /home/coderey/ros2_ws/install/dwb_msgs/lib/python3.8/site-packages/dwb_msgs/__init__.py
[37.971s] Compiling '/home/coderey/ros2_ws/install/dwb_msgs/lib/python3.8/site-packages/dwb_msgs/__init__.py'...
[37.978s] -- Installing: /home/coderey/ros2_ws/install/dwb_msgs/lib/python3.8/site-packages/dwb_msgs/msg
[37.979s] -- Installing: /home/coderey/ros2_ws/install/dwb_msgs/lib/python3.8/site-packages/dwb_msgs/msg/__init__.py
[37.979s] -- Installing: /home/coderey/ros2_ws/install/dwb_msgs/lib/python3.8/site-packages/dwb_msgs/msg/_local_plan_evaluation.py
[37.979s] -- Installing: /home/coderey/ros2_ws/install/dwb_msgs/lib/python3.8/site-packages/dwb_msgs/msg/_trajectory_score_s.c
[37.980s] -- Installing: /home/coderey/ros2_ws/install/dwb_msgs/lib/python3.8/site-packages/dwb_msgs/msg/_trajectory2_d_s.c
[37.980s] -- Installing: /home/coderey/ros2_ws/install/dwb_msgs/lib/python3.8/site-packages/dwb_msgs/msg/_critic_score_s.c
[37.980s] -- Installing: /home/coderey/ros2_ws/install/dwb_msgs/lib/python3.8/site-packages/dwb_msgs/msg/_local_plan_evaluation_s.c
[37.981s] -- Installing: /home/coderey/ros2_ws/install/dwb_msgs/lib/python3.8/site-packages/dwb_msgs/msg/_trajectory_score.py
[37.981s] -- Installing: /home/coderey/ros2_ws/install/dwb_msgs/lib/python3.8/site-packages/dwb_msgs/msg/_critic_score.py
[37.981s] -- Installing: /home/coderey/ros2_ws/install/dwb_msgs/lib/python3.8/site-packages/dwb_msgs/msg/_trajectory2_d.py
[37.982s] -- Installing: /home/coderey/ros2_ws/install/dwb_msgs/lib/python3.8/site-packages/dwb_msgs/srv
[37.982s] -- Installing: /home/coderey/ros2_ws/install/dwb_msgs/lib/python3.8/site-packages/dwb_msgs/srv/_score_trajectory.py
[37.983s] -- Installing: /home/coderey/ros2_ws/install/dwb_msgs/lib/python3.8/site-packages/dwb_msgs/srv/_generate_twists_s.c
[37.983s] -- Installing: /home/coderey/ros2_ws/install/dwb_msgs/lib/python3.8/site-packages/dwb_msgs/srv/__init__.py
[37.983s] -- Installing: /home/coderey/ros2_ws/install/dwb_msgs/lib/python3.8/site-packages/dwb_msgs/srv/_debug_local_plan.py
[37.984s] -- Installing: /home/coderey/ros2_ws/install/dwb_msgs/lib/python3.8/site-packages/dwb_msgs/srv/_debug_local_plan_s.c
[37.984s] -- Installing: /home/coderey/ros2_ws/install/dwb_msgs/lib/python3.8/site-packages/dwb_msgs/srv/_generate_trajectory_s.c
[37.984s] -- Installing: /home/coderey/ros2_ws/install/dwb_msgs/lib/python3.8/site-packages/dwb_msgs/srv/_generate_trajectory.py
[37.985s] -- Installing: /home/coderey/ros2_ws/install/dwb_msgs/lib/python3.8/site-packages/dwb_msgs/srv/_generate_twists.py
[37.985s] -- Installing: /home/coderey/ros2_ws/install/dwb_msgs/lib/python3.8/site-packages/dwb_msgs/srv/_score_trajectory_s.c
[37.985s] -- Installing: /home/coderey/ros2_ws/install/dwb_msgs/lib/python3.8/site-packages/dwb_msgs/srv/_get_critic_score_s.c
[37.986s] -- Installing: /home/coderey/ros2_ws/install/dwb_msgs/lib/python3.8/site-packages/dwb_msgs/srv/_get_critic_score.py
[37.986s] -- Installing: /home/coderey/ros2_ws/install/dwb_msgs/lib/python3.8/site-packages/dwb_msgs/dwb_msgs_s__rosidl_typesupport_microxrcedds_c.cpython-38-x86_64-linux-gnu.so
[37.987s] -- Set runtime path of "/home/coderey/ros2_ws/install/dwb_msgs/lib/python3.8/site-packages/dwb_msgs/dwb_msgs_s__rosidl_typesupport_microxrcedds_c.cpython-38-x86_64-linux-gnu.so" to ""
[37.988s] -- Installing: /home/coderey/ros2_ws/install/dwb_msgs/lib/python3.8/site-packages/dwb_msgs/dwb_msgs_s__rosidl_typesupport_fastrtps_c.cpython-38-x86_64-linux-gnu.so
[37.989s] -- Set runtime path of "/home/coderey/ros2_ws/install/dwb_msgs/lib/python3.8/site-packages/dwb_msgs/dwb_msgs_s__rosidl_typesupport_fastrtps_c.cpython-38-x86_64-linux-gnu.so" to ""
[37.991s] -- Installing: /home/coderey/ros2_ws/install/dwb_msgs/lib/python3.8/site-packages/dwb_msgs/dwb_msgs_s__rosidl_typesupport_introspection_c.cpython-38-x86_64-linux-gnu.so
[37.992s] -- Set runtime path of "/home/coderey/ros2_ws/install/dwb_msgs/lib/python3.8/site-packages/dwb_msgs/dwb_msgs_s__rosidl_typesupport_introspection_c.cpython-38-x86_64-linux-gnu.so" to ""
[37.992s] -- Installing: /home/coderey/ros2_ws/install/dwb_msgs/lib/python3.8/site-packages/dwb_msgs/dwb_msgs_s__rosidl_typesupport_c.cpython-38-x86_64-linux-gnu.so
[37.993s] -- Set runtime path of "/home/coderey/ros2_ws/install/dwb_msgs/lib/python3.8/site-packages/dwb_msgs/dwb_msgs_s__rosidl_typesupport_c.cpython-38-x86_64-linux-gnu.so" to ""
[37.993s] -- Installing: /home/coderey/ros2_ws/install/dwb_msgs/lib/libdwb_msgs__python.so
[37.994s] -- Set runtime path of "/home/coderey/ros2_ws/install/dwb_msgs/lib/libdwb_msgs__python.so" to ""
[37.995s] -- Installing: /home/coderey/ros2_ws/install/dwb_msgs/share/dwb_msgs/msg/CriticScore.idl
[37.995s] -- Installing: /home/coderey/ros2_ws/install/dwb_msgs/share/dwb_msgs/msg/LocalPlanEvaluation.idl
[37.995s] -- Installing: /home/coderey/ros2_ws/install/dwb_msgs/share/dwb_msgs/msg/Trajectory2D.idl
[37.996s] -- Installing: /home/coderey/ros2_ws/install/dwb_msgs/share/dwb_msgs/msg/TrajectoryScore.idl
[37.997s] -- Installing: /home/coderey/ros2_ws/install/dwb_msgs/share/dwb_msgs/srv/DebugLocalPlan.idl
[37.997s] -- Installing: /home/coderey/ros2_ws/install/dwb_msgs/share/dwb_msgs/srv/GenerateTrajectory.idl
[37.998s] -- Installing: /home/coderey/ros2_ws/install/dwb_msgs/share/dwb_msgs/srv/GenerateTwists.idl
[37.998s] -- Installing: /home/coderey/ros2_ws/install/dwb_msgs/share/dwb_msgs/srv/GetCriticScore.idl
[37.999s] -- Installing: /home/coderey/ros2_ws/install/dwb_msgs/share/dwb_msgs/srv/ScoreTrajectory.idl
[37.999s] -- Installing: /home/coderey/ros2_ws/install/dwb_msgs/share/dwb_msgs/msg/CriticScore.msg
[37.999s] -- Installing: /home/coderey/ros2_ws/install/dwb_msgs/share/dwb_msgs/msg/LocalPlanEvaluation.msg
[38.000s] -- Installing: /home/coderey/ros2_ws/install/dwb_msgs/share/dwb_msgs/msg/Trajectory2D.msg
[38.000s] -- Installing: /home/coderey/ros2_ws/install/dwb_msgs/share/dwb_msgs/msg/TrajectoryScore.msg
[38.001s] -- Installing: /home/coderey/ros2_ws/install/dwb_msgs/share/dwb_msgs/srv/DebugLocalPlan.srv
[38.001s] -- Installing: /home/coderey/ros2_ws/install/dwb_msgs/share/dwb_msgs/srv/DebugLocalPlan_Request.msg
[38.001s] -- Installing: /home/coderey/ros2_ws/install/dwb_msgs/share/dwb_msgs/srv/DebugLocalPlan_Response.msg
[38.002s] -- Installing: /home/coderey/ros2_ws/install/dwb_msgs/share/dwb_msgs/srv/GenerateTrajectory.srv
[38.002s] -- Installing: /home/coderey/ros2_ws/install/dwb_msgs/share/dwb_msgs/srv/GenerateTrajectory_Request.msg
[38.003s] -- Installing: /home/coderey/ros2_ws/install/dwb_msgs/share/dwb_msgs/srv/GenerateTrajectory_Response.msg
[38.003s] -- Installing: /home/coderey/ros2_ws/install/dwb_msgs/share/dwb_msgs/srv/GenerateTwists.srv
[38.003s] -- Installing: /home/coderey/ros2_ws/install/dwb_msgs/share/dwb_msgs/srv/GenerateTwists_Request.msg
[38.004s] -- Installing: /home/coderey/ros2_ws/install/dwb_msgs/share/dwb_msgs/srv/GenerateTwists_Response.msg
[38.004s] -- Installing: /home/coderey/ros2_ws/install/dwb_msgs/share/dwb_msgs/srv/GetCriticScore.srv
[38.005s] -- Installing: /home/coderey/ros2_ws/install/dwb_msgs/share/dwb_msgs/srv/GetCriticScore_Request.msg
[38.005s] -- Installing: /home/coderey/ros2_ws/install/dwb_msgs/share/dwb_msgs/srv/GetCriticScore_Response.msg
[38.006s] -- Installing: /home/coderey/ros2_ws/install/dwb_msgs/share/dwb_msgs/srv/ScoreTrajectory.srv
[38.007s] -- Installing: /home/coderey/ros2_ws/install/dwb_msgs/share/dwb_msgs/srv/ScoreTrajectory_Request.msg
[38.007s] -- Installing: /home/coderey/ros2_ws/install/dwb_msgs/share/dwb_msgs/srv/ScoreTrajectory_Response.msg
[38.008s] -- Installing: /home/coderey/ros2_ws/install/dwb_msgs/share/ament_index/resource_index/package_run_dependencies/dwb_msgs
[38.008s] -- Installing: /home/coderey/ros2_ws/install/dwb_msgs/share/ament_index/resource_index/parent_prefix_path/dwb_msgs
[38.009s] -- Installing: /home/coderey/ros2_ws/install/dwb_msgs/share/dwb_msgs/environment/ament_prefix_path.sh
[38.009s] -- Installing: /home/coderey/ros2_ws/install/dwb_msgs/share/dwb_msgs/environment/ament_prefix_path.dsv
[38.009s] -- Installing: /home/coderey/ros2_ws/install/dwb_msgs/share/dwb_msgs/environment/path.sh
[38.010s] -- Installing: /home/coderey/ros2_ws/install/dwb_msgs/share/dwb_msgs/environment/path.dsv
[38.010s] -- Installing: /home/coderey/ros2_ws/install/dwb_msgs/share/dwb_msgs/local_setup.bash
[38.010s] -- Installing: /home/coderey/ros2_ws/install/dwb_msgs/share/dwb_msgs/local_setup.sh
[38.011s] -- Installing: /home/coderey/ros2_ws/install/dwb_msgs/share/dwb_msgs/local_setup.zsh
[38.011s] -- Installing: /home/coderey/ros2_ws/install/dwb_msgs/share/dwb_msgs/local_setup.dsv
[38.012s] -- Installing: /home/coderey/ros2_ws/install/dwb_msgs/share/dwb_msgs/package.dsv
[38.012s] -- Installing: /home/coderey/ros2_ws/install/dwb_msgs/share/ament_index/resource_index/packages/dwb_msgs
[38.013s] -- Installing: /home/coderey/ros2_ws/install/dwb_msgs/share/dwb_msgs/cmake/dwb_msgs__rosidl_generator_cExport.cmake
[38.013s] -- Installing: /home/coderey/ros2_ws/install/dwb_msgs/share/dwb_msgs/cmake/dwb_msgs__rosidl_generator_cExport-noconfig.cmake
[38.014s] -- Installing: /home/coderey/ros2_ws/install/dwb_msgs/share/dwb_msgs/cmake/dwb_msgs__rosidl_typesupport_introspection_cExport.cmake
[38.015s] -- Installing: /home/coderey/ros2_ws/install/dwb_msgs/share/dwb_msgs/cmake/dwb_msgs__rosidl_typesupport_introspection_cExport-noconfig.cmake
[38.015s] -- Installing: /home/coderey/ros2_ws/install/dwb_msgs/share/dwb_msgs/cmake/dwb_msgs__rosidl_typesupport_cExport.cmake
[38.015s] -- Installing: /home/coderey/ros2_ws/install/dwb_msgs/share/dwb_msgs/cmake/dwb_msgs__rosidl_typesupport_cExport-noconfig.cmake
[38.016s] -- Installing: /home/coderey/ros2_ws/install/dwb_msgs/share/dwb_msgs/cmake/dwb_msgs__rosidl_generator_cppExport.cmake
[38.016s] -- Installing: /home/coderey/ros2_ws/install/dwb_msgs/share/dwb_msgs/cmake/dwb_msgs__rosidl_typesupport_introspection_cppExport.cmake
[38.017s] -- Installing: /home/coderey/ros2_ws/install/dwb_msgs/share/dwb_msgs/cmake/dwb_msgs__rosidl_typesupport_introspection_cppExport-noconfig.cmake
[38.017s] -- Installing: /home/coderey/ros2_ws/install/dwb_msgs/share/dwb_msgs/cmake/dwb_msgs__rosidl_typesupport_cppExport.cmake
[38.018s] -- Installing: /home/coderey/ros2_ws/install/dwb_msgs/share/dwb_msgs/cmake/dwb_msgs__rosidl_typesupport_cppExport-noconfig.cmake
[38.018s] -- Installing: /home/coderey/ros2_ws/install/dwb_msgs/share/dwb_msgs/cmake/rosidl_cmake-extras.cmake
[38.019s] -- Installing: /home/coderey/ros2_ws/install/dwb_msgs/share/dwb_msgs/cmake/ament_cmake_export_dependencies-extras.cmake
[38.019s] -- Installing: /home/coderey/ros2_ws/install/dwb_msgs/share/dwb_msgs/cmake/ament_cmake_export_libraries-extras.cmake
[38.019s] -- Installing: /home/coderey/ros2_ws/install/dwb_msgs/share/dwb_msgs/cmake/ament_cmake_export_targets-extras.cmake
[38.020s] -- Installing: /home/coderey/ros2_ws/install/dwb_msgs/share/dwb_msgs/cmake/ament_cmake_export_include_directories-extras.cmake
[38.020s] -- Installing: /home/coderey/ros2_ws/install/dwb_msgs/share/dwb_msgs/cmake/rosidl_cmake_export_typesupport_libraries-extras.cmake
[38.021s] -- Installing: /home/coderey/ros2_ws/install/dwb_msgs/share/dwb_msgs/cmake/rosidl_cmake_export_typesupport_targets-extras.cmake
[38.021s] -- Installing: /home/coderey/ros2_ws/install/dwb_msgs/share/dwb_msgs/cmake/dwb_msgsConfig.cmake
[38.023s] -- Installing: /home/coderey/ros2_ws/install/dwb_msgs/share/dwb_msgs/cmake/dwb_msgsConfig-version.cmake
[38.023s] -- Installing: /home/coderey/ros2_ws/install/dwb_msgs/share/dwb_msgs/package.xml
[38.044s] Invoked command in '/home/coderey/ros2_ws/build/dwb_msgs' returned '0': AMENT_PREFIX_PATH=/home/coderey/ros2_ws/install/nav_2d_msgs:${AMENT_PREFIX_PATH} CMAKE_PREFIX_PATH=/home/coderey/ros2_ws/install/nav_2d_msgs:/home/coderey/ros2_ws/install/sam_bot_description:/home/coderey/ros2_ws/install/robot_localization:/home/coderey/ros2_ws/install/nav2_straightline_planner:/home/coderey/ros2_ws/install/nav2_gradient_costmap_plugin:/home/coderey/ros2_ws/install/nav2_costmap_filters_demo:/home/coderey/ros2_ws/install/marvelmind_ros2:/home/coderey/ros2_ws/install/marvelmind_ros2_msgs:/home/coderey/ros2_ws/install/groot:/home/coderey/microros_ws/install/micro_ros_demos_rclc:/home/coderey/microros_ws/install/common_interfaces:/home/coderey/microros_ws/install/visualization_msgs:/home/coderey/microros_ws/install/test_msgs:/home/coderey/microros_ws/install/example_interfaces:/home/coderey/microros_ws/install/action_msgs:/home/coderey/microros_ws/install/unique_identifier_msgs:/home/coderey/microros_ws/install/trajectory_msgs:/home/coderey/microros_ws/install/stereo_msgs:/home/coderey/microros_ws/install/std_srvs:/home/coderey/microros_ws/install/shape_msgs:/home/coderey/microros_ws/install/sensor_msgs:/home/coderey/microros_ws/install/nav_msgs:/home/coderey/microros_ws/install/diagnostic_msgs:/home/coderey/microros_ws/install/geometry_msgs:/home/coderey/microros_ws/install/drive_base_msgs:/home/coderey/microros_ws/install/actionlib_msgs:/home/coderey/microros_ws/install/std_msgs:/home/coderey/microros_ws/install/statistics_msgs:/home/coderey/microros_ws/install/rosidl_typesupport_microxrcedds_test_msg:/home/coderey/microros_ws/install/rosidl_typesupport_microxrcedds_cpp_tests:/home/coderey/microros_ws/install/rmw_microxrcedds:/home/coderey/microros_ws/install/rosidl_typesupport_microxrcedds_cpp:/home/coderey/microros_ws/install/rosidl_typesupport_microxrcedds_c_tests:/home/coderey/microros_ws/install/rosidl_typesupport_microxrcedds_c:/home/coderey/microros_ws/install/rosgraph_msgs:/home/coderey/microros_ws/install/rclc_parameter:/home/coderey/microros_ws/install/rclc:/home/coderey/microros_ws/install/composition_interfaces:/home/coderey/microros_ws/install/rcl_interfaces:/home/coderey/microros_ws/install/microxrcedds_client:/home/coderey/microros_ws/install/microcdr:/home/coderey/microros_ws/install/micro_ros_utilities:/home/coderey/microros_ws/install/micro_ros_setup:/home/coderey/microros_ws/install/micro_ros_agent:/home/coderey/microros_ws/install/micro_ros_msgs:/home/coderey/microros_ws/install/micro_ros_demos_rclcpp:/home/coderey/microros_ws/install/lifecycle_msgs:/home/coderey/microros_ws/install/complex_msgs:/home/coderey/microros_ws/install/builtin_interfaces:/home/coderey/ros2_ws/install/swisscat_robot:/home/coderey/ros2_ws/install/nav2_gps_waypoint_follower_demo:/home/coderey/ros2_ws/install/mob_rob_loca:/home/coderey/ros2_ws/install/bno055:/home/coderey/microros_ws/install/sensor_msgs_py:/opt/ros/galactic LD_LIBRARY_PATH=/home/coderey/ros2_ws/install/nav_2d_msgs/lib:${LD_LIBRARY_PATH} PYTHONPATH=/home/coderey/ros2_ws/install/nav_2d_msgs/lib/python3.8/site-packages:${PYTHONPATH} /usr/bin/cmake --install /home/coderey/ros2_ws/build/dwb_msgs
