-- Found ament_cmake: 1.1.6 (/opt/ros/galactic/share/ament_cmake/cmake)
-- Using PYTHON_EXECUTABLE: /usr/bin/python3
-- Override CMake install command with custom implementation using symlinks instead of copying resources
-- Found nav2_common: 1.0.12 (/home/coderey/ros2_ws/install/nav2_common/share/nav2_common/cmake)
-- Found angles: 1.14.0 (/opt/ros/galactic/share/angles/cmake)
-- Found dwb_core: 1.0.12 (/home/coderey/ros2_ws/install/dwb_core/share/dwb_core/cmake)
-- Using all available rosidl_typesupport_c: rosidl_typesupport_microxrcedds_c;rosidl_typesupport_fastrtps_c;rosidl_typesupport_introspection_c
-- Found rosidl_adapter: 2.2.3 (/opt/ros/galactic/share/rosidl_adapter/cmake)
-- Using all available rosidl_typesupport_cpp: rosidl_typesupport_microxrcedds_cpp;rosidl_typesupport_fastrtps_cpp;rosidl_typesupport_introspection_cpp
-- Found rmw_implementation_cmake: 3.3.1 (/opt/ros/galactic/share/rmw_implementation_cmake/cmake)
-- Found rmw_cyclonedds_cpp: 0.22.6 (/opt/ros/galactic/share/rmw_cyclonedds_cpp/cmake)
-- Using RMW implementation 'rmw_cyclonedds_cpp' as default
-- Found ament_lint_auto: 0.10.7 (/opt/ros/galactic/share/ament_lint_auto/cmake)
-- Found gtest sources under '/opt/ros/galactic/src/gtest_vendor': C++ tests using 'Google Test' will be built
-- Added test 'cppcheck' to perform static code analysis on C / C++ code
-- Configured cppcheck include dirs: /home/coderey/ros2_ws/src/navigation2/nav2_dwb_controller/dwb_plugins/include
-- Configured cppcheck exclude dirs and/or files: 
-- Added test 'cpplint' to check C / C++ code against the Google style
-- Configured cpplint exclude dirs and/or files: 
-- Added test 'lint_cmake' to check CMake code style
-- Added test 'uncrustify' to check C / C++ code style
-- Configured uncrustify additional arguments: 
-- Added test 'xmllint' to check XML markup files
-- Configuring done
-- Generating done
-- Build files have been written to: /home/coderey/ros2_ws/build/dwb_plugins
[35m[1mScanning dependencies of target standard_traj_generator[0m
[  5%] [32mBuilding CXX object CMakeFiles/standard_traj_generator.dir/src/standard_traj_generator.cpp.o[0m
[ 11%] [32mBuilding CXX object CMakeFiles/standard_traj_generator.dir/src/xy_theta_iterator.cpp.o[0m
[ 17%] [32mBuilding CXX object CMakeFiles/standard_traj_generator.dir/src/kinematic_parameters.cpp.o[0m
[ 23%] [32mBuilding CXX object CMakeFiles/standard_traj_generator.dir/src/limited_accel_generator.cpp.o[0m
[ 29%] [32m[1mLinking CXX shared library libstandard_traj_generator.so[0m
[ 29%] Built target standard_traj_generator
[ 41%] Built target gtest_main
[ 52%] Built target gtest
[35m[1mScanning dependencies of target speed_limit_test[0m
[ 58%] [32mBuilding CXX object test/CMakeFiles/speed_limit_test.dir/speed_limit_test.cpp.o[0m
[ 64%] [32m[1mLinking CXX executable speed_limit_test[0m
[ 64%] Built target speed_limit_test
[ 70%] [32mBuilding CXX object test/CMakeFiles/vtest.dir/velocity_iterator_test.cpp.o[0m
[ 76%] [32m[1mLinking CXX executable vtest[0m
[ 76%] Built target vtest
[35m[1mScanning dependencies of target twist_gen_test[0m
[ 82%] [32mBuilding CXX object test/CMakeFiles/twist_gen_test.dir/twist_gen.cpp.o[0m
[ 88%] [32m[1mLinking CXX executable twist_gen_test[0m
[ 88%] Built target twist_gen_test
[35m[1mScanning dependencies of target kinematic_parameters_test[0m
[ 94%] [32mBuilding CXX object test/CMakeFiles/kinematic_parameters_test.dir/kinematic_parameters_test.cpp.o[0m
[100%] [32m[1mLinking CXX executable kinematic_parameters_test[0m
[100%] Built target kinematic_parameters_test
-- Install configuration: "Release"
-- Execute custom install script
-- Up-to-date symlink: /home/coderey/ros2_ws/install/dwb_plugins/lib/libstandard_traj_generator.so
-- Up-to-date symlink: /home/coderey/ros2_ws/install/dwb_plugins/include//dwb_plugins/kinematic_parameters.hpp
-- Up-to-date symlink: /home/coderey/ros2_ws/install/dwb_plugins/include//dwb_plugins/limited_accel_generator.hpp
-- Up-to-date symlink: /home/coderey/ros2_ws/install/dwb_plugins/include//dwb_plugins/one_d_velocity_iterator.hpp
-- Up-to-date symlink: /home/coderey/ros2_ws/install/dwb_plugins/include//dwb_plugins/standard_traj_generator.hpp
-- Up-to-date symlink: /home/coderey/ros2_ws/install/dwb_plugins/include//dwb_plugins/velocity_iterator.hpp
-- Up-to-date symlink: /home/coderey/ros2_ws/install/dwb_plugins/include//dwb_plugins/xy_theta_iterator.hpp
-- Up-to-date symlink: /home/coderey/ros2_ws/install/dwb_plugins/share/dwb_plugins/plugins.xml
-- Up-to-date symlink: /home/coderey/ros2_ws/install/dwb_plugins/share/dwb_plugins/environment/library_path.sh
-- Up-to-date symlink: /home/coderey/ros2_ws/install/dwb_plugins/share/dwb_plugins/environment/library_path.dsv
-- Up-to-date symlink: /home/coderey/ros2_ws/install/dwb_plugins/share/dwb_plugins//plugins.xml
-- Up-to-date symlink: /home/coderey/ros2_ws/install/dwb_plugins/share/ament_index/resource_index/package_run_dependencies/dwb_plugins
-- Up-to-date symlink: /home/coderey/ros2_ws/install/dwb_plugins/share/ament_index/resource_index/parent_prefix_path/dwb_plugins
-- Up-to-date symlink: /home/coderey/ros2_ws/install/dwb_plugins/share/dwb_plugins/environment/ament_prefix_path.sh
-- Up-to-date symlink: /home/coderey/ros2_ws/install/dwb_plugins/share/dwb_plugins/environment/ament_prefix_path.dsv
-- Up-to-date symlink: /home/coderey/ros2_ws/install/dwb_plugins/share/dwb_plugins/environment/path.sh
-- Up-to-date symlink: /home/coderey/ros2_ws/install/dwb_plugins/share/dwb_plugins/environment/path.dsv
-- Up-to-date symlink: /home/coderey/ros2_ws/install/dwb_plugins/share/dwb_plugins/local_setup.bash
-- Up-to-date symlink: /home/coderey/ros2_ws/install/dwb_plugins/share/dwb_plugins/local_setup.sh
-- Up-to-date symlink: /home/coderey/ros2_ws/install/dwb_plugins/share/dwb_plugins/local_setup.zsh
-- Up-to-date symlink: /home/coderey/ros2_ws/install/dwb_plugins/share/dwb_plugins/local_setup.dsv
-- Symlinking: /home/coderey/ros2_ws/install/dwb_plugins/share/dwb_plugins/package.dsv
-- Up-to-date symlink: /home/coderey/ros2_ws/install/dwb_plugins/share/ament_index/resource_index/packages/dwb_plugins
-- Up-to-date symlink: /home/coderey/ros2_ws/install/dwb_plugins/share/ament_index/resource_index/dwb_core__pluginlib__plugin/dwb_plugins
-- Up-to-date symlink: /home/coderey/ros2_ws/install/dwb_plugins/share/dwb_plugins/cmake/ament_cmake_export_include_directories-extras.cmake
-- Up-to-date symlink: /home/coderey/ros2_ws/install/dwb_plugins/share/dwb_plugins/cmake/ament_cmake_export_libraries-extras.cmake
-- Up-to-date symlink: /home/coderey/ros2_ws/install/dwb_plugins/share/dwb_plugins/cmake/dwb_pluginsConfig.cmake
-- Up-to-date symlink: /home/coderey/ros2_ws/install/dwb_plugins/share/dwb_plugins/cmake/dwb_pluginsConfig-version.cmake
-- Up-to-date symlink: /home/coderey/ros2_ws/install/dwb_plugins/share/dwb_plugins/package.xml
