[1.154s] Invoking command in '/home/coderey/ros2_ws/build/nav_2d_msgs': CMAKE_PREFIX_PATH=${CMAKE_PREFIX_PATH}:/home/coderey/ros2_ws/install/mob_rob_loca:/home/coderey/ros2_ws/install/nav2_simple_commander:/home/coderey/ros2_ws/install/nav2_gazebo_spawner:/home/coderey/ros2_ws/install/bno055:/home/coderey/microros_ws/install/sensor_msgs_py:/opt/ros/galactic /usr/bin/cmake /home/coderey/ros2_ws/src/navigation2/nav2_dwb_controller/nav_2d_msgs -DCMAKE_INSTALL_PREFIX=/home/coderey/ros2_ws/install/nav_2d_msgs
[2.173s] -- Found geometry_msgs: 2.2.4 (/home/coderey/microros_ws/install/geometry_msgs/share/geometry_msgs/cmake)
[2.173s] -- Found PythonInterp: /usr/bin/python3 (found suitable version "3.8.10", minimum required is "3") 
[2.173s] -- Using PYTHON_EXECUTABLE: /usr/bin/python3
[2.174s] -- Override CMake install command with custom implementation using symlinks instead of copying resources
[2.174s] -- Using all available rosidl_typesupport_c: rosidl_typesupport_microxrcedds_c;rosidl_typesupport_fastrtps_c;rosidl_typesupport_introspection_c
[2.174s] -- Found rosidl_adapter: 2.2.3 (/opt/ros/galactic/share/rosidl_adapter/cmake)
[2.174s] -- Using all available rosidl_typesupport_cpp: rosidl_typesupport_microxrcedds_cpp;rosidl_typesupport_fastrtps_cpp;rosidl_typesupport_introspection_cpp
[2.174s] -- Found rosidl_default_generators: 1.1.1 (/opt/ros/galactic/share/rosidl_default_generators/cmake)
[2.174s] -- Found PythonInterp: /usr/bin/python3 (found version "3.8.10") 
[2.174s] -- Found ament_cmake_ros: 0.9.2 (/opt/ros/galactic/share/ament_cmake_ros/cmake)
[2.570s] -- Using all available rosidl_typesupport_c: rosidl_typesupport_microxrcedds_c;rosidl_typesupport_fastrtps_c;rosidl_typesupport_introspection_c
[2.848s] -- Using all available rosidl_typesupport_cpp: rosidl_typesupport_microxrcedds_cpp;rosidl_typesupport_fastrtps_cpp;rosidl_typesupport_introspection_cpp
[2.918s] -- Found PythonInterp: /usr/bin/python3 (found suitable version "3.8.10", minimum required is "3.5") 
[2.919s] -- Found python_cmake_module: 0.8.1 (/opt/ros/galactic/share/python_cmake_module/cmake)
[2.995s] -- Using PYTHON_EXECUTABLE: /usr/bin/python3
[2.995s] -- Using PYTHON_INCLUDE_DIRS: /usr/include/python3.8
[2.995s] -- Using PYTHON_LIBRARIES: /usr/lib/x86_64-linux-gnu/libpython3.8.so
[3.224s] -- Configuring done
[3.366s] -- Generating done
[3.368s] -- Build files have been written to: /home/coderey/ros2_ws/build/nav_2d_msgs
[3.379s] Invoked command in '/home/coderey/ros2_ws/build/nav_2d_msgs' returned '0': CMAKE_PREFIX_PATH=${CMAKE_PREFIX_PATH}:/home/coderey/ros2_ws/install/mob_rob_loca:/home/coderey/ros2_ws/install/nav2_simple_commander:/home/coderey/ros2_ws/install/nav2_gazebo_spawner:/home/coderey/ros2_ws/install/bno055:/home/coderey/microros_ws/install/sensor_msgs_py:/opt/ros/galactic /usr/bin/cmake /home/coderey/ros2_ws/src/navigation2/nav2_dwb_controller/nav_2d_msgs -DCMAKE_INSTALL_PREFIX=/home/coderey/ros2_ws/install/nav_2d_msgs
[3.380s] Invoking command in '/home/coderey/ros2_ws/build/nav_2d_msgs': CMAKE_PREFIX_PATH=${CMAKE_PREFIX_PATH}:/home/coderey/ros2_ws/install/mob_rob_loca:/home/coderey/ros2_ws/install/nav2_simple_commander:/home/coderey/ros2_ws/install/nav2_gazebo_spawner:/home/coderey/ros2_ws/install/bno055:/home/coderey/microros_ws/install/sensor_msgs_py:/opt/ros/galactic /usr/bin/cmake --build /home/coderey/ros2_ws/build/nav_2d_msgs -- -j8 -l8
[3.501s] [  1%] Built target nav_2d_msgs__cpp
[3.507s] [ 10%] Built target nav_2d_msgs__rosidl_generator_c
[3.604s] [ 19%] Built target nav_2d_msgs__rosidl_typesupport_cpp
[3.623s] [ 28%] Built target nav_2d_msgs__rosidl_typesupport_microxrcedds_cpp
[3.623s] [ 37%] Built target nav_2d_msgs__rosidl_typesupport_fastrtps_cpp
[3.623s] [ 46%] Built target nav_2d_msgs__rosidl_typesupport_introspection_cpp
[3.633s] [ 55%] Built target nav_2d_msgs__rosidl_typesupport_introspection_c
[3.645s] [ 64%] Built target nav_2d_msgs__rosidl_typesupport_microxrcedds_c
[3.658s] [ 73%] Built target nav_2d_msgs__rosidl_typesupport_c
[3.724s] [ 82%] Built target nav_2d_msgs__rosidl_typesupport_fastrtps_c
[3.775s] [ 82%] Built target nav_2d_msgs
[3.822s] [ 83%] Built target nav_2d_msgs__py
[3.889s] [ 91%] Built target nav_2d_msgs__python
[3.965s] [ 93%] Built target nav_2d_msgs__rosidl_typesupport_fastrtps_c__pyext
[3.978s] [ 95%] Built target nav_2d_msgs__rosidl_typesupport_introspection_c__pyext
[4.029s] [ 97%] Built target nav_2d_msgs__rosidl_typesupport_microxrcedds_c__pyext
[4.059s] [100%] Built target nav_2d_msgs__rosidl_typesupport_c__pyext
[4.488s] Invoked command in '/home/coderey/ros2_ws/build/nav_2d_msgs' returned '0': CMAKE_PREFIX_PATH=${CMAKE_PREFIX_PATH}:/home/coderey/ros2_ws/install/mob_rob_loca:/home/coderey/ros2_ws/install/nav2_simple_commander:/home/coderey/ros2_ws/install/nav2_gazebo_spawner:/home/coderey/ros2_ws/install/bno055:/home/coderey/microros_ws/install/sensor_msgs_py:/opt/ros/galactic /usr/bin/cmake --build /home/coderey/ros2_ws/build/nav_2d_msgs -- -j8 -l8
[5.684s] Invoking command in '/home/coderey/ros2_ws/build/nav_2d_msgs': CMAKE_PREFIX_PATH=${CMAKE_PREFIX_PATH}:/home/coderey/ros2_ws/install/mob_rob_loca:/home/coderey/ros2_ws/install/nav2_simple_commander:/home/coderey/ros2_ws/install/nav2_gazebo_spawner:/home/coderey/ros2_ws/install/bno055:/home/coderey/microros_ws/install/sensor_msgs_py:/opt/ros/galactic /usr/bin/cmake --install /home/coderey/ros2_ws/build/nav_2d_msgs
[5.696s] -- Install configuration: "RelWithDebInfo"
[5.697s] -- Execute custom install script
[5.698s] -- Up-to-date symlink: /home/coderey/ros2_ws/install/nav_2d_msgs/share/ament_index/resource_index/rosidl_interfaces/nav_2d_msgs
[5.699s] -- Up-to-date symlink: /home/coderey/ros2_ws/install/nav_2d_msgs/include/nav_2d_msgs/msg/detail/path2_d__functions.h
[5.699s] -- Up-to-date symlink: /home/coderey/ros2_ws/install/nav_2d_msgs/include/nav_2d_msgs/msg/detail/path2_d__struct.h
[5.699s] -- Up-to-date symlink: /home/coderey/ros2_ws/install/nav_2d_msgs/include/nav_2d_msgs/msg/detail/path2_d__type_support.h
[5.700s] -- Up-to-date symlink: /home/coderey/ros2_ws/install/nav_2d_msgs/include/nav_2d_msgs/msg/detail/pose2_d32__functions.h
[5.700s] -- Up-to-date symlink: /home/coderey/ros2_ws/install/nav_2d_msgs/include/nav_2d_msgs/msg/detail/pose2_d32__struct.h
[5.700s] -- Up-to-date symlink: /home/coderey/ros2_ws/install/nav_2d_msgs/include/nav_2d_msgs/msg/detail/pose2_d32__type_support.h
[5.700s] -- Up-to-date symlink: /home/coderey/ros2_ws/install/nav_2d_msgs/include/nav_2d_msgs/msg/detail/pose2_d_stamped__functions.h
[5.701s] -- Up-to-date symlink: /home/coderey/ros2_ws/install/nav_2d_msgs/include/nav_2d_msgs/msg/detail/pose2_d_stamped__struct.h
[5.701s] -- Up-to-date symlink: /home/coderey/ros2_ws/install/nav_2d_msgs/include/nav_2d_msgs/msg/detail/pose2_d_stamped__type_support.h
[5.701s] -- Up-to-date symlink: /home/coderey/ros2_ws/install/nav_2d_msgs/include/nav_2d_msgs/msg/detail/twist2_d32__functions.h
[5.701s] -- Up-to-date symlink: /home/coderey/ros2_ws/install/nav_2d_msgs/include/nav_2d_msgs/msg/detail/twist2_d32__struct.h
[5.701s] -- Up-to-date symlink: /home/coderey/ros2_ws/install/nav_2d_msgs/include/nav_2d_msgs/msg/detail/twist2_d32__type_support.h
[5.701s] -- Up-to-date symlink: /home/coderey/ros2_ws/install/nav_2d_msgs/include/nav_2d_msgs/msg/detail/twist2_d__functions.h
[5.701s] -- Up-to-date symlink: /home/coderey/ros2_ws/install/nav_2d_msgs/include/nav_2d_msgs/msg/detail/twist2_d__struct.h
[5.701s] -- Up-to-date symlink: /home/coderey/ros2_ws/install/nav_2d_msgs/include/nav_2d_msgs/msg/detail/twist2_d__type_support.h
[5.701s] -- Up-to-date symlink: /home/coderey/ros2_ws/install/nav_2d_msgs/include/nav_2d_msgs/msg/detail/twist2_d_stamped__functions.h
[5.701s] -- Up-to-date symlink: /home/coderey/ros2_ws/install/nav_2d_msgs/include/nav_2d_msgs/msg/detail/twist2_d_stamped__struct.h
[5.701s] -- Up-to-date symlink: /home/coderey/ros2_ws/install/nav_2d_msgs/include/nav_2d_msgs/msg/detail/twist2_d_stamped__type_support.h
[5.702s] -- Up-to-date symlink: /home/coderey/ros2_ws/install/nav_2d_msgs/include/nav_2d_msgs/msg/path2_d.h
[5.702s] -- Up-to-date symlink: /home/coderey/ros2_ws/install/nav_2d_msgs/include/nav_2d_msgs/msg/pose2_d32.h
[5.702s] -- Up-to-date symlink: /home/coderey/ros2_ws/install/nav_2d_msgs/include/nav_2d_msgs/msg/pose2_d_stamped.h
[5.702s] -- Up-to-date symlink: /home/coderey/ros2_ws/install/nav_2d_msgs/include/nav_2d_msgs/msg/rosidl_generator_c__visibility_control.h
[5.702s] -- Up-to-date symlink: /home/coderey/ros2_ws/install/nav_2d_msgs/include/nav_2d_msgs/msg/twist2_d.h
[5.702s] -- Up-to-date symlink: /home/coderey/ros2_ws/install/nav_2d_msgs/include/nav_2d_msgs/msg/twist2_d32.h
[5.703s] -- Up-to-date symlink: /home/coderey/ros2_ws/install/nav_2d_msgs/include/nav_2d_msgs/msg/twist2_d_stamped.h
[5.703s] -- Up-to-date symlink: /home/coderey/ros2_ws/install/nav_2d_msgs/share/nav_2d_msgs/environment/library_path.sh
[5.703s] -- Up-to-date symlink: /home/coderey/ros2_ws/install/nav_2d_msgs/share/nav_2d_msgs/environment/library_path.dsv
[5.704s] -- Up-to-date symlink: /home/coderey/ros2_ws/install/nav_2d_msgs/include/nav_2d_msgs/msg/detail/path2_d__rosidl_typesupport_microxrcedds_c.h
[5.704s] -- Up-to-date symlink: /home/coderey/ros2_ws/install/nav_2d_msgs/include/nav_2d_msgs/msg/detail/pose2_d32__rosidl_typesupport_microxrcedds_c.h
[5.704s] -- Up-to-date symlink: /home/coderey/ros2_ws/install/nav_2d_msgs/include/nav_2d_msgs/msg/detail/pose2_d_stamped__rosidl_typesupport_microxrcedds_c.h
[5.704s] -- Up-to-date symlink: /home/coderey/ros2_ws/install/nav_2d_msgs/include/nav_2d_msgs/msg/detail/twist2_d32__rosidl_typesupport_microxrcedds_c.h
[5.704s] -- Up-to-date symlink: /home/coderey/ros2_ws/install/nav_2d_msgs/include/nav_2d_msgs/msg/detail/twist2_d__rosidl_typesupport_microxrcedds_c.h
[5.705s] -- Up-to-date symlink: /home/coderey/ros2_ws/install/nav_2d_msgs/include/nav_2d_msgs/msg/detail/twist2_d_stamped__rosidl_typesupport_microxrcedds_c.h
[5.705s] -- Up-to-date symlink: /home/coderey/ros2_ws/install/nav_2d_msgs/include/nav_2d_msgs/msg/rosidl_typesupport_microxrcedds_c__visibility_control.h
[5.705s] -- Up-to-date symlink: /home/coderey/ros2_ws/install/nav_2d_msgs/lib/libnav_2d_msgs__rosidl_typesupport_microxrcedds_c.so
[5.706s] -- Up-to-date symlink: /home/coderey/ros2_ws/install/nav_2d_msgs/include/nav_2d_msgs/msg/detail/path2_d__rosidl_typesupport_fastrtps_c.h
[5.706s] -- Up-to-date symlink: /home/coderey/ros2_ws/install/nav_2d_msgs/include/nav_2d_msgs/msg/detail/pose2_d32__rosidl_typesupport_fastrtps_c.h
[5.706s] -- Up-to-date symlink: /home/coderey/ros2_ws/install/nav_2d_msgs/include/nav_2d_msgs/msg/detail/pose2_d_stamped__rosidl_typesupport_fastrtps_c.h
[5.706s] -- Up-to-date symlink: /home/coderey/ros2_ws/install/nav_2d_msgs/include/nav_2d_msgs/msg/detail/twist2_d32__rosidl_typesupport_fastrtps_c.h
[5.707s] -- Up-to-date symlink: /home/coderey/ros2_ws/install/nav_2d_msgs/include/nav_2d_msgs/msg/detail/twist2_d__rosidl_typesupport_fastrtps_c.h
[5.707s] -- Up-to-date symlink: /home/coderey/ros2_ws/install/nav_2d_msgs/include/nav_2d_msgs/msg/detail/twist2_d_stamped__rosidl_typesupport_fastrtps_c.h
[5.707s] -- Up-to-date symlink: /home/coderey/ros2_ws/install/nav_2d_msgs/include/nav_2d_msgs/msg/rosidl_typesupport_fastrtps_c__visibility_control.h
[5.708s] -- Up-to-date symlink: /home/coderey/ros2_ws/install/nav_2d_msgs/lib/libnav_2d_msgs__rosidl_typesupport_fastrtps_c.so
[5.708s] -- Up-to-date symlink: /home/coderey/ros2_ws/install/nav_2d_msgs/include/nav_2d_msgs/msg/detail/path2_d__rosidl_typesupport_fastrtps_cpp.hpp
[5.709s] -- Up-to-date symlink: /home/coderey/ros2_ws/install/nav_2d_msgs/include/nav_2d_msgs/msg/detail/pose2_d32__rosidl_typesupport_fastrtps_cpp.hpp
[5.709s] -- Up-to-date symlink: /home/coderey/ros2_ws/install/nav_2d_msgs/include/nav_2d_msgs/msg/detail/pose2_d_stamped__rosidl_typesupport_fastrtps_cpp.hpp
[5.709s] -- Up-to-date symlink: /home/coderey/ros2_ws/install/nav_2d_msgs/include/nav_2d_msgs/msg/detail/twist2_d32__rosidl_typesupport_fastrtps_cpp.hpp
[5.710s] -- Up-to-date symlink: /home/coderey/ros2_ws/install/nav_2d_msgs/include/nav_2d_msgs/msg/detail/twist2_d__rosidl_typesupport_fastrtps_cpp.hpp
[5.710s] -- Up-to-date symlink: /home/coderey/ros2_ws/install/nav_2d_msgs/include/nav_2d_msgs/msg/detail/twist2_d_stamped__rosidl_typesupport_fastrtps_cpp.hpp
[5.710s] -- Up-to-date symlink: /home/coderey/ros2_ws/install/nav_2d_msgs/include/nav_2d_msgs/msg/rosidl_typesupport_fastrtps_cpp__visibility_control.h
[5.711s] -- Up-to-date symlink: /home/coderey/ros2_ws/install/nav_2d_msgs/lib/libnav_2d_msgs__rosidl_typesupport_fastrtps_cpp.so
[5.711s] -- Up-to-date symlink: /home/coderey/ros2_ws/install/nav_2d_msgs/include/nav_2d_msgs/msg/detail/path2_d__rosidl_typesupport_introspection_c.h
[5.711s] -- Up-to-date symlink: /home/coderey/ros2_ws/install/nav_2d_msgs/include/nav_2d_msgs/msg/detail/pose2_d32__rosidl_typesupport_introspection_c.h
[5.712s] -- Up-to-date symlink: /home/coderey/ros2_ws/install/nav_2d_msgs/include/nav_2d_msgs/msg/detail/pose2_d_stamped__rosidl_typesupport_introspection_c.h
[5.712s] -- Up-to-date symlink: /home/coderey/ros2_ws/install/nav_2d_msgs/include/nav_2d_msgs/msg/detail/twist2_d32__rosidl_typesupport_introspection_c.h
[5.712s] -- Up-to-date symlink: /home/coderey/ros2_ws/install/nav_2d_msgs/include/nav_2d_msgs/msg/detail/twist2_d__rosidl_typesupport_introspection_c.h
[5.712s] -- Up-to-date symlink: /home/coderey/ros2_ws/install/nav_2d_msgs/include/nav_2d_msgs/msg/detail/twist2_d_stamped__rosidl_typesupport_introspection_c.h
[5.712s] -- Up-to-date symlink: /home/coderey/ros2_ws/install/nav_2d_msgs/include/nav_2d_msgs/msg/rosidl_typesupport_introspection_c__visibility_control.h
[5.713s] -- Up-to-date symlink: /home/coderey/ros2_ws/install/nav_2d_msgs/include/nav_2d_msgs/msg/detail/path2_d__builder.hpp
[5.713s] -- Up-to-date symlink: /home/coderey/ros2_ws/install/nav_2d_msgs/include/nav_2d_msgs/msg/detail/path2_d__struct.hpp
[5.713s] -- Up-to-date symlink: /home/coderey/ros2_ws/install/nav_2d_msgs/include/nav_2d_msgs/msg/detail/path2_d__traits.hpp
[5.714s] -- Up-to-date symlink: /home/coderey/ros2_ws/install/nav_2d_msgs/include/nav_2d_msgs/msg/detail/pose2_d32__builder.hpp
[5.714s] -- Up-to-date symlink: /home/coderey/ros2_ws/install/nav_2d_msgs/include/nav_2d_msgs/msg/detail/pose2_d32__struct.hpp
[5.714s] -- Up-to-date symlink: /home/coderey/ros2_ws/install/nav_2d_msgs/include/nav_2d_msgs/msg/detail/pose2_d32__traits.hpp
[5.714s] -- Up-to-date symlink: /home/coderey/ros2_ws/install/nav_2d_msgs/include/nav_2d_msgs/msg/detail/pose2_d_stamped__builder.hpp
[5.714s] -- Up-to-date symlink: /home/coderey/ros2_ws/install/nav_2d_msgs/include/nav_2d_msgs/msg/detail/pose2_d_stamped__struct.hpp
[5.715s] -- Up-to-date symlink: /home/coderey/ros2_ws/install/nav_2d_msgs/include/nav_2d_msgs/msg/detail/pose2_d_stamped__traits.hpp
[5.715s] -- Up-to-date symlink: /home/coderey/ros2_ws/install/nav_2d_msgs/include/nav_2d_msgs/msg/detail/twist2_d32__builder.hpp
[5.715s] -- Up-to-date symlink: /home/coderey/ros2_ws/install/nav_2d_msgs/include/nav_2d_msgs/msg/detail/twist2_d32__struct.hpp
[5.715s] -- Up-to-date symlink: /home/coderey/ros2_ws/install/nav_2d_msgs/include/nav_2d_msgs/msg/detail/twist2_d32__traits.hpp
[5.715s] -- Up-to-date symlink: /home/coderey/ros2_ws/install/nav_2d_msgs/include/nav_2d_msgs/msg/detail/twist2_d__builder.hpp
[5.716s] -- Up-to-date symlink: /home/coderey/ros2_ws/install/nav_2d_msgs/include/nav_2d_msgs/msg/detail/twist2_d__struct.hpp
[5.716s] -- Up-to-date symlink: /home/coderey/ros2_ws/install/nav_2d_msgs/include/nav_2d_msgs/msg/detail/twist2_d__traits.hpp
[5.716s] -- Up-to-date symlink: /home/coderey/ros2_ws/install/nav_2d_msgs/include/nav_2d_msgs/msg/detail/twist2_d_stamped__builder.hpp
[5.716s] -- Up-to-date symlink: /home/coderey/ros2_ws/install/nav_2d_msgs/include/nav_2d_msgs/msg/detail/twist2_d_stamped__struct.hpp
[5.716s] -- Up-to-date symlink: /home/coderey/ros2_ws/install/nav_2d_msgs/include/nav_2d_msgs/msg/detail/twist2_d_stamped__traits.hpp
[5.716s] -- Up-to-date symlink: /home/coderey/ros2_ws/install/nav_2d_msgs/include/nav_2d_msgs/msg/path2_d.hpp
[5.716s] -- Up-to-date symlink: /home/coderey/ros2_ws/install/nav_2d_msgs/include/nav_2d_msgs/msg/pose2_d32.hpp
[5.717s] -- Up-to-date symlink: /home/coderey/ros2_ws/install/nav_2d_msgs/include/nav_2d_msgs/msg/pose2_d_stamped.hpp
[5.717s] -- Up-to-date symlink: /home/coderey/ros2_ws/install/nav_2d_msgs/include/nav_2d_msgs/msg/twist2_d.hpp
[5.717s] -- Up-to-date symlink: /home/coderey/ros2_ws/install/nav_2d_msgs/include/nav_2d_msgs/msg/twist2_d32.hpp
[5.717s] -- Up-to-date symlink: /home/coderey/ros2_ws/install/nav_2d_msgs/include/nav_2d_msgs/msg/twist2_d_stamped.hpp
[5.718s] -- Up-to-date symlink: /home/coderey/ros2_ws/install/nav_2d_msgs/include/nav_2d_msgs/msg/detail/microxrcedds/path2_d__type_support_cpp.cpp
[5.718s] -- Up-to-date symlink: /home/coderey/ros2_ws/install/nav_2d_msgs/include/nav_2d_msgs/msg/detail/microxrcedds/pose2_d32__type_support_cpp.cpp
[5.719s] -- Up-to-date symlink: /home/coderey/ros2_ws/install/nav_2d_msgs/include/nav_2d_msgs/msg/detail/microxrcedds/pose2_d_stamped__type_support_cpp.cpp
[5.719s] -- Up-to-date symlink: /home/coderey/ros2_ws/install/nav_2d_msgs/include/nav_2d_msgs/msg/detail/microxrcedds/twist2_d32__type_support_cpp.cpp
[5.719s] -- Up-to-date symlink: /home/coderey/ros2_ws/install/nav_2d_msgs/include/nav_2d_msgs/msg/detail/microxrcedds/twist2_d__type_support_cpp.cpp
[5.719s] -- Up-to-date symlink: /home/coderey/ros2_ws/install/nav_2d_msgs/include/nav_2d_msgs/msg/detail/microxrcedds/twist2_d_stamped__type_support_cpp.cpp
[5.719s] -- Up-to-date symlink: /home/coderey/ros2_ws/install/nav_2d_msgs/include/nav_2d_msgs/msg/detail/path2_d__rosidl_typesupport_microxrcedds_cpp.hpp
[5.719s] -- Up-to-date symlink: /home/coderey/ros2_ws/install/nav_2d_msgs/include/nav_2d_msgs/msg/detail/pose2_d32__rosidl_typesupport_microxrcedds_cpp.hpp
[5.720s] -- Up-to-date symlink: /home/coderey/ros2_ws/install/nav_2d_msgs/include/nav_2d_msgs/msg/detail/pose2_d_stamped__rosidl_typesupport_microxrcedds_cpp.hpp
[5.720s] -- Up-to-date symlink: /home/coderey/ros2_ws/install/nav_2d_msgs/include/nav_2d_msgs/msg/detail/twist2_d32__rosidl_typesupport_microxrcedds_cpp.hpp
[5.720s] -- Up-to-date symlink: /home/coderey/ros2_ws/install/nav_2d_msgs/include/nav_2d_msgs/msg/detail/twist2_d__rosidl_typesupport_microxrcedds_cpp.hpp
[5.721s] -- Up-to-date symlink: /home/coderey/ros2_ws/install/nav_2d_msgs/include/nav_2d_msgs/msg/detail/twist2_d_stamped__rosidl_typesupport_microxrcedds_cpp.hpp
[5.721s] -- Up-to-date symlink: /home/coderey/ros2_ws/install/nav_2d_msgs/include/nav_2d_msgs/msg/rosidl_typesupport_microxrcedds_cpp__visibility_control.h
[5.721s] -- Up-to-date symlink: /home/coderey/ros2_ws/install/nav_2d_msgs/lib/libnav_2d_msgs__rosidl_typesupport_microxrcedds_cpp.so
[5.722s] -- Up-to-date symlink: /home/coderey/ros2_ws/install/nav_2d_msgs/include/nav_2d_msgs/msg/detail/path2_d__rosidl_typesupport_introspection_cpp.hpp
[5.722s] -- Up-to-date symlink: /home/coderey/ros2_ws/install/nav_2d_msgs/include/nav_2d_msgs/msg/detail/pose2_d32__rosidl_typesupport_introspection_cpp.hpp
[5.722s] -- Up-to-date symlink: /home/coderey/ros2_ws/install/nav_2d_msgs/include/nav_2d_msgs/msg/detail/pose2_d_stamped__rosidl_typesupport_introspection_cpp.hpp
[5.723s] -- Up-to-date symlink: /home/coderey/ros2_ws/install/nav_2d_msgs/include/nav_2d_msgs/msg/detail/twist2_d32__rosidl_typesupport_introspection_cpp.hpp
[5.723s] -- Up-to-date symlink: /home/coderey/ros2_ws/install/nav_2d_msgs/include/nav_2d_msgs/msg/detail/twist2_d__rosidl_typesupport_introspection_cpp.hpp
[5.723s] -- Up-to-date symlink: /home/coderey/ros2_ws/install/nav_2d_msgs/include/nav_2d_msgs/msg/detail/twist2_d_stamped__rosidl_typesupport_introspection_cpp.hpp
[5.724s] -- Up-to-date symlink: /home/coderey/ros2_ws/install/nav_2d_msgs/share/nav_2d_msgs/environment/pythonpath.sh
[5.724s] -- Up-to-date symlink: /home/coderey/ros2_ws/install/nav_2d_msgs/share/nav_2d_msgs/environment/pythonpath.dsv
[5.724s] -- Up-to-date symlink: /home/coderey/ros2_ws/install/nav_2d_msgs/lib/python3.8/site-packages/nav_2d_msgs/__init__.py
[5.725s] -- Up-to-date symlink: /home/coderey/ros2_ws/install/nav_2d_msgs/lib/python3.8/site-packages/nav_2d_msgs/msg/__init__.py
[5.725s] -- Up-to-date symlink: /home/coderey/ros2_ws/install/nav_2d_msgs/lib/python3.8/site-packages/nav_2d_msgs/msg/_path2_d.py
[5.725s] -- Up-to-date symlink: /home/coderey/ros2_ws/install/nav_2d_msgs/lib/python3.8/site-packages/nav_2d_msgs/msg/_pose2_d32.py
[5.726s] -- Up-to-date symlink: /home/coderey/ros2_ws/install/nav_2d_msgs/lib/python3.8/site-packages/nav_2d_msgs/msg/_pose2_d_stamped.py
[5.726s] -- Up-to-date symlink: /home/coderey/ros2_ws/install/nav_2d_msgs/lib/python3.8/site-packages/nav_2d_msgs/msg/_twist2_d.py
[5.726s] -- Up-to-date symlink: /home/coderey/ros2_ws/install/nav_2d_msgs/lib/python3.8/site-packages/nav_2d_msgs/msg/_twist2_d32.py
[5.726s] -- Up-to-date symlink: /home/coderey/ros2_ws/install/nav_2d_msgs/lib/python3.8/site-packages/nav_2d_msgs/msg/_twist2_d_stamped.py
[5.727s] -- Up-to-date symlink: /home/coderey/ros2_ws/install/nav_2d_msgs/lib/python3.8/site-packages/nav_2d_msgs/nav_2d_msgs_s__rosidl_typesupport_microxrcedds_c.cpython-38-x86_64-linux-gnu.so
[5.727s] -- Up-to-date symlink: /home/coderey/ros2_ws/install/nav_2d_msgs/lib/python3.8/site-packages/nav_2d_msgs/nav_2d_msgs_s__rosidl_typesupport_fastrtps_c.cpython-38-x86_64-linux-gnu.so
[5.728s] -- Up-to-date symlink: /home/coderey/ros2_ws/install/nav_2d_msgs/lib/python3.8/site-packages/nav_2d_msgs/nav_2d_msgs_s__rosidl_typesupport_introspection_c.cpython-38-x86_64-linux-gnu.so
[5.728s] -- Up-to-date symlink: /home/coderey/ros2_ws/install/nav_2d_msgs/lib/python3.8/site-packages/nav_2d_msgs/nav_2d_msgs_s__rosidl_typesupport_c.cpython-38-x86_64-linux-gnu.so
[5.729s] -- Up-to-date symlink: /home/coderey/ros2_ws/install/nav_2d_msgs/lib/libnav_2d_msgs__python.so
[5.729s] -- Up-to-date symlink: /home/coderey/ros2_ws/install/nav_2d_msgs/share/nav_2d_msgs/msg/Path2D.idl
[5.729s] -- Up-to-date symlink: /home/coderey/ros2_ws/install/nav_2d_msgs/share/nav_2d_msgs/msg/Pose2D32.idl
[5.730s] -- Up-to-date symlink: /home/coderey/ros2_ws/install/nav_2d_msgs/share/nav_2d_msgs/msg/Pose2DStamped.idl
[5.730s] -- Up-to-date symlink: /home/coderey/ros2_ws/install/nav_2d_msgs/share/nav_2d_msgs/msg/Twist2D.idl
[5.730s] -- Up-to-date symlink: /home/coderey/ros2_ws/install/nav_2d_msgs/share/nav_2d_msgs/msg/Twist2D32.idl
[5.731s] -- Up-to-date symlink: /home/coderey/ros2_ws/install/nav_2d_msgs/share/nav_2d_msgs/msg/Twist2DStamped.idl
[5.731s] -- Up-to-date symlink: /home/coderey/ros2_ws/install/nav_2d_msgs/share/nav_2d_msgs/msg/Path2D.msg
[5.731s] -- Up-to-date symlink: /home/coderey/ros2_ws/install/nav_2d_msgs/share/nav_2d_msgs/msg/Pose2D32.msg
[5.732s] -- Up-to-date symlink: /home/coderey/ros2_ws/install/nav_2d_msgs/share/nav_2d_msgs/msg/Pose2DStamped.msg
[5.732s] -- Up-to-date symlink: /home/coderey/ros2_ws/install/nav_2d_msgs/share/nav_2d_msgs/msg/Twist2D.msg
[5.733s] -- Up-to-date symlink: /home/coderey/ros2_ws/install/nav_2d_msgs/share/nav_2d_msgs/msg/Twist2D32.msg
[5.733s] -- Up-to-date symlink: /home/coderey/ros2_ws/install/nav_2d_msgs/share/nav_2d_msgs/msg/Twist2DStamped.msg
[5.733s] -- Up-to-date symlink: /home/coderey/ros2_ws/install/nav_2d_msgs/share/ament_index/resource_index/package_run_dependencies/nav_2d_msgs
[5.733s] -- Up-to-date symlink: /home/coderey/ros2_ws/install/nav_2d_msgs/share/ament_index/resource_index/parent_prefix_path/nav_2d_msgs
[5.733s] -- Up-to-date symlink: /home/coderey/ros2_ws/install/nav_2d_msgs/share/nav_2d_msgs/environment/ament_prefix_path.sh
[5.734s] -- Up-to-date symlink: /home/coderey/ros2_ws/install/nav_2d_msgs/share/nav_2d_msgs/environment/ament_prefix_path.dsv
[5.734s] -- Up-to-date symlink: /home/coderey/ros2_ws/install/nav_2d_msgs/share/nav_2d_msgs/environment/path.sh
[5.736s] -- Up-to-date symlink: /home/coderey/ros2_ws/install/nav_2d_msgs/share/nav_2d_msgs/environment/path.dsv
[5.736s] -- Up-to-date symlink: /home/coderey/ros2_ws/install/nav_2d_msgs/share/nav_2d_msgs/local_setup.bash
[5.736s] -- Up-to-date symlink: /home/coderey/ros2_ws/install/nav_2d_msgs/share/nav_2d_msgs/local_setup.sh
[5.737s] -- Up-to-date symlink: /home/coderey/ros2_ws/install/nav_2d_msgs/share/nav_2d_msgs/local_setup.zsh
[5.737s] -- Up-to-date symlink: /home/coderey/ros2_ws/install/nav_2d_msgs/share/nav_2d_msgs/local_setup.dsv
[5.737s] -- Symlinking: /home/coderey/ros2_ws/install/nav_2d_msgs/share/nav_2d_msgs/package.dsv
[5.755s] -- Up-to-date symlink: /home/coderey/ros2_ws/install/nav_2d_msgs/share/ament_index/resource_index/packages/nav_2d_msgs
[5.755s] -- Up-to-date symlink: /home/coderey/ros2_ws/install/nav_2d_msgs/share/nav_2d_msgs/cmake/rosidl_cmake-extras.cmake
[5.756s] -- Up-to-date symlink: /home/coderey/ros2_ws/install/nav_2d_msgs/share/nav_2d_msgs/cmake/ament_cmake_export_dependencies-extras.cmake
[5.756s] -- Up-to-date symlink: /home/coderey/ros2_ws/install/nav_2d_msgs/share/nav_2d_msgs/cmake/ament_cmake_export_libraries-extras.cmake
[5.756s] -- Up-to-date symlink: /home/coderey/ros2_ws/install/nav_2d_msgs/share/nav_2d_msgs/cmake/ament_cmake_export_targets-extras.cmake
[5.757s] -- Up-to-date symlink: /home/coderey/ros2_ws/install/nav_2d_msgs/share/nav_2d_msgs/cmake/ament_cmake_export_include_directories-extras.cmake
[5.757s] -- Up-to-date symlink: /home/coderey/ros2_ws/install/nav_2d_msgs/share/nav_2d_msgs/cmake/rosidl_cmake_export_typesupport_libraries-extras.cmake
[5.757s] -- Up-to-date symlink: /home/coderey/ros2_ws/install/nav_2d_msgs/share/nav_2d_msgs/cmake/rosidl_cmake_export_typesupport_targets-extras.cmake
[5.758s] -- Up-to-date symlink: /home/coderey/ros2_ws/install/nav_2d_msgs/share/nav_2d_msgs/cmake/nav_2d_msgsConfig.cmake
[5.758s] -- Up-to-date symlink: /home/coderey/ros2_ws/install/nav_2d_msgs/share/nav_2d_msgs/cmake/nav_2d_msgsConfig-version.cmake
[5.758s] -- Up-to-date symlink: /home/coderey/ros2_ws/install/nav_2d_msgs/share/nav_2d_msgs/package.xml
[5.759s] -- Up-to-date: /home/coderey/ros2_ws/install/nav_2d_msgs/lib/libnav_2d_msgs__rosidl_generator_c.so
[5.760s] -- Up-to-date: /home/coderey/ros2_ws/install/nav_2d_msgs/lib/libnav_2d_msgs__rosidl_typesupport_introspection_c.so
[5.761s] -- Up-to-date: /home/coderey/ros2_ws/install/nav_2d_msgs/lib/libnav_2d_msgs__rosidl_typesupport_c.so
[5.762s] -- Up-to-date: /home/coderey/ros2_ws/install/nav_2d_msgs/lib/libnav_2d_msgs__rosidl_typesupport_introspection_cpp.so
[5.763s] -- Up-to-date: /home/coderey/ros2_ws/install/nav_2d_msgs/lib/libnav_2d_msgs__rosidl_typesupport_cpp.so
[5.849s] Compiling '/home/coderey/ros2_ws/install/nav_2d_msgs/lib/python3.8/site-packages/nav_2d_msgs/__init__.py'...
[5.854s] -- Up-to-date: /home/coderey/ros2_ws/install/nav_2d_msgs/share/nav_2d_msgs/cmake/nav_2d_msgs__rosidl_generator_cExport.cmake
[5.855s] -- Installing: /home/coderey/ros2_ws/install/nav_2d_msgs/share/nav_2d_msgs/cmake/nav_2d_msgs__rosidl_generator_cExport-relwithdebinfo.cmake
[5.863s] -- Up-to-date: /home/coderey/ros2_ws/install/nav_2d_msgs/share/nav_2d_msgs/cmake/nav_2d_msgs__rosidl_typesupport_introspection_cExport.cmake
[5.863s] -- Installing: /home/coderey/ros2_ws/install/nav_2d_msgs/share/nav_2d_msgs/cmake/nav_2d_msgs__rosidl_typesupport_introspection_cExport-relwithdebinfo.cmake
[5.864s] -- Up-to-date: /home/coderey/ros2_ws/install/nav_2d_msgs/share/nav_2d_msgs/cmake/nav_2d_msgs__rosidl_typesupport_cExport.cmake
[5.864s] -- Installing: /home/coderey/ros2_ws/install/nav_2d_msgs/share/nav_2d_msgs/cmake/nav_2d_msgs__rosidl_typesupport_cExport-relwithdebinfo.cmake
[5.864s] -- Up-to-date: /home/coderey/ros2_ws/install/nav_2d_msgs/share/nav_2d_msgs/cmake/nav_2d_msgs__rosidl_generator_cppExport.cmake
[5.864s] -- Up-to-date: /home/coderey/ros2_ws/install/nav_2d_msgs/share/nav_2d_msgs/cmake/nav_2d_msgs__rosidl_typesupport_introspection_cppExport.cmake
[5.864s] -- Installing: /home/coderey/ros2_ws/install/nav_2d_msgs/share/nav_2d_msgs/cmake/nav_2d_msgs__rosidl_typesupport_introspection_cppExport-relwithdebinfo.cmake
[5.864s] -- Up-to-date: /home/coderey/ros2_ws/install/nav_2d_msgs/share/nav_2d_msgs/cmake/nav_2d_msgs__rosidl_typesupport_cppExport.cmake
[5.864s] -- Installing: /home/coderey/ros2_ws/install/nav_2d_msgs/share/nav_2d_msgs/cmake/nav_2d_msgs__rosidl_typesupport_cppExport-relwithdebinfo.cmake
[5.872s] Invoked command in '/home/coderey/ros2_ws/build/nav_2d_msgs' returned '0': CMAKE_PREFIX_PATH=${CMAKE_PREFIX_PATH}:/home/coderey/ros2_ws/install/mob_rob_loca:/home/coderey/ros2_ws/install/nav2_simple_commander:/home/coderey/ros2_ws/install/nav2_gazebo_spawner:/home/coderey/ros2_ws/install/bno055:/home/coderey/microros_ws/install/sensor_msgs_py:/opt/ros/galactic /usr/bin/cmake --install /home/coderey/ros2_ws/build/nav_2d_msgs
