running develop
Removing /home/coderey/ros2_ws/install/nav2_gazebo_spawner/lib/python3.8/site-packages/nav2-gazebo-spawner.egg-link (link to .)
running egg_info
writing ../../../../build/nav2_gazebo_spawner/nav2_gazebo_spawner.egg-info/PKG-INFO
writing dependency_links to ../../../../build/nav2_gazebo_spawner/nav2_gazebo_spawner.egg-info/dependency_links.txt
writing entry points to ../../../../build/nav2_gazebo_spawner/nav2_gazebo_spawner.egg-info/entry_points.txt
writing requirements to ../../../../build/nav2_gazebo_spawner/nav2_gazebo_spawner.egg-info/requires.txt
writing top-level names to ../../../../build/nav2_gazebo_spawner/nav2_gazebo_spawner.egg-info/top_level.txt
reading manifest file '../../../../build/nav2_gazebo_spawner/nav2_gazebo_spawner.egg-info/SOURCES.txt'
writing manifest file '../../../../build/nav2_gazebo_spawner/nav2_gazebo_spawner.egg-info/SOURCES.txt'
running build
running build_py
creating /home/coderey/ros2_ws/build/nav2_gazebo_spawner/build
creating /home/coderey/ros2_ws/build/nav2_gazebo_spawner/build/lib
creating /home/coderey/ros2_ws/build/nav2_gazebo_spawner/build/lib/nav2_gazebo_spawner
copying nav2_gazebo_spawner/nav2_gazebo_spawner.py -> /home/coderey/ros2_ws/build/nav2_gazebo_spawner/build/lib/nav2_gazebo_spawner
copying nav2_gazebo_spawner/__init__.py -> /home/coderey/ros2_ws/build/nav2_gazebo_spawner/build/lib/nav2_gazebo_spawner
running install
running install_lib
creating /home/coderey/ros2_ws/install/nav2_gazebo_spawner/lib/python3.8/site-packages/nav2_gazebo_spawner
copying /home/coderey/ros2_ws/build/nav2_gazebo_spawner/build/lib/nav2_gazebo_spawner/nav2_gazebo_spawner.py -> /home/coderey/ros2_ws/install/nav2_gazebo_spawner/lib/python3.8/site-packages/nav2_gazebo_spawner
copying /home/coderey/ros2_ws/build/nav2_gazebo_spawner/build/lib/nav2_gazebo_spawner/__init__.py -> /home/coderey/ros2_ws/install/nav2_gazebo_spawner/lib/python3.8/site-packages/nav2_gazebo_spawner
byte-compiling /home/coderey/ros2_ws/install/nav2_gazebo_spawner/lib/python3.8/site-packages/nav2_gazebo_spawner/nav2_gazebo_spawner.py to nav2_gazebo_spawner.cpython-38.pyc
byte-compiling /home/coderey/ros2_ws/install/nav2_gazebo_spawner/lib/python3.8/site-packages/nav2_gazebo_spawner/__init__.py to __init__.cpython-38.pyc
running install_data
running install_egg_info
Copying ../../../../build/nav2_gazebo_spawner/nav2_gazebo_spawner.egg-info to /home/coderey/ros2_ws/install/nav2_gazebo_spawner/lib/python3.8/site-packages/nav2_gazebo_spawner-0.3.0-py3.8.egg-info
running install_scripts
Installing nav2_gazebo_spawner script to /home/coderey/ros2_ws/install/nav2_gazebo_spawner/lib/nav2_gazebo_spawner
writing list of installed files to '/home/coderey/ros2_ws/build/nav2_gazebo_spawner/install.log'
