[1.690s] Invoking command in '/home/coderey/ros2_ws/build/nav2_gazebo_spawner': PYTHONPATH=/home/coderey/ros2_ws/build/nav2_gazebo_spawner/prefix_override:/home/coderey/ros2_ws/install/nav2_gazebo_spawner/lib/python3.8/site-packages:${PYTHONPATH} /usr/bin/python3 setup.py develop --uninstall --editable --build-directory /home/coderey/ros2_ws/build/nav2_gazebo_spawner/build
[1.979s] running develop
[2.116s] Removing /home/coderey/ros2_ws/install/nav2_gazebo_spawner/lib/python3.8/site-packages/nav2-gazebo-spawner.egg-link (link to .)
[2.147s] Invoked command in '/home/coderey/ros2_ws/build/nav2_gazebo_spawner' returned '0': PYTHONPATH=/home/coderey/ros2_ws/build/nav2_gazebo_spawner/prefix_override:/home/coderey/ros2_ws/install/nav2_gazebo_spawner/lib/python3.8/site-packages:${PYTHONPATH} /usr/bin/python3 setup.py develop --uninstall --editable --build-directory /home/coderey/ros2_ws/build/nav2_gazebo_spawner/build
[2.153s] Invoking command in '/home/coderey/ros2_ws/src/navigation2/nav2_bringup/nav2_gazebo_spawner': PYTHONPATH=/home/coderey/ros2_ws/build/nav2_gazebo_spawner/prefix_override:/home/coderey/ros2_ws/install/nav2_gazebo_spawner/lib/python3.8/site-packages:${PYTHONPATH} /usr/bin/python3 setup.py egg_info --egg-base ../../../../build/nav2_gazebo_spawner build --build-base /home/coderey/ros2_ws/build/nav2_gazebo_spawner/build install --record /home/coderey/ros2_ws/build/nav2_gazebo_spawner/install.log --install-scripts $base/lib/nav2_gazebo_spawner --single-version-externally-managed
[2.528s] running egg_info
[2.528s] writing ../../../../build/nav2_gazebo_spawner/nav2_gazebo_spawner.egg-info/PKG-INFO
[2.528s] writing dependency_links to ../../../../build/nav2_gazebo_spawner/nav2_gazebo_spawner.egg-info/dependency_links.txt
[2.528s] writing entry points to ../../../../build/nav2_gazebo_spawner/nav2_gazebo_spawner.egg-info/entry_points.txt
[2.529s] writing requirements to ../../../../build/nav2_gazebo_spawner/nav2_gazebo_spawner.egg-info/requires.txt
[2.529s] writing top-level names to ../../../../build/nav2_gazebo_spawner/nav2_gazebo_spawner.egg-info/top_level.txt
[2.577s] reading manifest file '../../../../build/nav2_gazebo_spawner/nav2_gazebo_spawner.egg-info/SOURCES.txt'
[2.582s] writing manifest file '../../../../build/nav2_gazebo_spawner/nav2_gazebo_spawner.egg-info/SOURCES.txt'
[2.582s] running build
[2.582s] running build_py
[2.582s] creating /home/coderey/ros2_ws/build/nav2_gazebo_spawner/build
[2.582s] creating /home/coderey/ros2_ws/build/nav2_gazebo_spawner/build/lib
[2.582s] creating /home/coderey/ros2_ws/build/nav2_gazebo_spawner/build/lib/nav2_gazebo_spawner
[2.582s] copying nav2_gazebo_spawner/nav2_gazebo_spawner.py -> /home/coderey/ros2_ws/build/nav2_gazebo_spawner/build/lib/nav2_gazebo_spawner
[2.583s] copying nav2_gazebo_spawner/__init__.py -> /home/coderey/ros2_ws/build/nav2_gazebo_spawner/build/lib/nav2_gazebo_spawner
[2.583s] running install
[2.584s] running install_lib
[2.590s] creating /home/coderey/ros2_ws/install/nav2_gazebo_spawner/lib/python3.8/site-packages/nav2_gazebo_spawner
[2.590s] copying /home/coderey/ros2_ws/build/nav2_gazebo_spawner/build/lib/nav2_gazebo_spawner/nav2_gazebo_spawner.py -> /home/coderey/ros2_ws/install/nav2_gazebo_spawner/lib/python3.8/site-packages/nav2_gazebo_spawner
[2.590s] copying /home/coderey/ros2_ws/build/nav2_gazebo_spawner/build/lib/nav2_gazebo_spawner/__init__.py -> /home/coderey/ros2_ws/install/nav2_gazebo_spawner/lib/python3.8/site-packages/nav2_gazebo_spawner
[2.590s] byte-compiling /home/coderey/ros2_ws/install/nav2_gazebo_spawner/lib/python3.8/site-packages/nav2_gazebo_spawner/nav2_gazebo_spawner.py to nav2_gazebo_spawner.cpython-38.pyc
[2.594s] byte-compiling /home/coderey/ros2_ws/install/nav2_gazebo_spawner/lib/python3.8/site-packages/nav2_gazebo_spawner/__init__.py to __init__.cpython-38.pyc
[2.594s] running install_data
[2.595s] running install_egg_info
[2.598s] Copying ../../../../build/nav2_gazebo_spawner/nav2_gazebo_spawner.egg-info to /home/coderey/ros2_ws/install/nav2_gazebo_spawner/lib/python3.8/site-packages/nav2_gazebo_spawner-0.3.0-py3.8.egg-info
[2.602s] running install_scripts
[2.622s] Installing nav2_gazebo_spawner script to /home/coderey/ros2_ws/install/nav2_gazebo_spawner/lib/nav2_gazebo_spawner
[2.622s] writing list of installed files to '/home/coderey/ros2_ws/build/nav2_gazebo_spawner/install.log'
[3.123s] Invoked command in '/home/coderey/ros2_ws/src/navigation2/nav2_bringup/nav2_gazebo_spawner' returned '0': PYTHONPATH=/home/coderey/ros2_ws/build/nav2_gazebo_spawner/prefix_override:/home/coderey/ros2_ws/install/nav2_gazebo_spawner/lib/python3.8/site-packages:${PYTHONPATH} /usr/bin/python3 setup.py egg_info --egg-base ../../../../build/nav2_gazebo_spawner build --build-base /home/coderey/ros2_ws/build/nav2_gazebo_spawner/build install --record /home/coderey/ros2_ws/build/nav2_gazebo_spawner/install.log --install-scripts $base/lib/nav2_gazebo_spawner --single-version-externally-managed
