-- Found ament_cmake: 1.1.6 (/opt/ros/galactic/share/ament_cmake/cmake)
-- Using PYTHON_EXECUTABLE: /usr/bin/python3
-- Override CMake install command with custom implementation using symlinks instead of copying resources
-- Found builtin_interfaces: 1.0.3 (/home/coderey/microros_ws/install/builtin_interfaces/share/builtin_interfaces/cmake)
-- Using all available rosidl_typesupport_c: rosidl_typesupport_microxrcedds_c;rosidl_typesupport_fastrtps_c;rosidl_typesupport_introspection_c
-- Found rosidl_adapter: 2.2.3 (/opt/ros/galactic/share/rosidl_adapter/cmake)
-- Using all available rosidl_typesupport_cpp: rosidl_typesupport_microxrcedds_cpp;rosidl_typesupport_fastrtps_cpp;rosidl_typesupport_introspection_cpp
-- Found nav2_common: 1.0.12 (/home/coderey/ros2_ws/install/nav2_common/share/nav2_common/cmake)
-- Found nav2_core: 1.0.12 (/home/coderey/ros2_ws/install/nav2_core/share/nav2_core/cmake)
-- Found rmw_implementation_cmake: 3.3.1 (/opt/ros/galactic/share/rmw_implementation_cmake/cmake)
-- Found rmw_cyclonedds_cpp: 0.22.6 (/opt/ros/galactic/share/rmw_cyclonedds_cpp/cmake)
-- Using RMW implementation 'rmw_cyclonedds_cpp' as default
-- Found ament_lint_auto: 0.10.7 (/opt/ros/galactic/share/ament_lint_auto/cmake)
-- Found gtest sources under '/opt/ros/galactic/src/gtest_vendor': C++ tests using 'Google Test' will be built
-- Added test 'copyright' to check source files copyright and LICENSE
-- Added test 'cppcheck' to perform static code analysis on C / C++ code
-- Configured cppcheck include dirs: /home/coderey/ros2_ws/src/navigation2/nav2_theta_star_planner/include
-- Configured cppcheck exclude dirs and/or files: 
-- Added test 'cpplint' to check C / C++ code against the Google style
-- Configured cpplint exclude dirs and/or files: 
-- Added test 'lint_cmake' to check CMake code style
-- Added test 'uncrustify' to check C / C++ code style
-- Configured uncrustify additional arguments: 
-- Added test 'xmllint' to check XML markup files
-- Configuring done
-- Generating done
-- Build files have been written to: /home/coderey/ros2_ws/build/nav2_theta_star_planner
[ 11%] [32mBuilding CXX object gtest/CMakeFiles/gtest.dir/src/gtest-all.cc.o[0m
[ 22%] [32m[1mLinking CXX static library libgtest.a[0m
[ 22%] Built target gtest
[ 33%] [32mBuilding CXX object gtest/CMakeFiles/gtest_main.dir/src/gtest_main.cc.o[0m
[ 44%] [32m[1mLinking CXX static library libgtest_main.a[0m
[ 44%] Built target gtest_main
[ 55%] [32mBuilding CXX object CMakeFiles/nav2_theta_star_planner.dir/src/theta_star.cpp.o[0m
[ 66%] [32mBuilding CXX object CMakeFiles/nav2_theta_star_planner.dir/src/theta_star_planner.cpp.o[0m
[ 77%] [32m[1mLinking CXX shared library libnav2_theta_star_planner.so[0m
[ 77%] Built target nav2_theta_star_planner
[ 88%] [32mBuilding CXX object CMakeFiles/test_theta_star.dir/test/test_theta_star.cpp.o[0m
[100%] [32m[1mLinking CXX executable test_theta_star[0m
[100%] Built target test_theta_star
-- Install configuration: "RelWithDebInfo"
-- Execute custom install script
-- Up-to-date symlink: /home/coderey/ros2_ws/install/nav2_theta_star_planner/share/nav2_theta_star_planner//theta_star_planner.xml
-- Up-to-date symlink: /home/coderey/ros2_ws/install/nav2_theta_star_planner/lib/libnav2_theta_star_planner.so
-- Up-to-date symlink: /home/coderey/ros2_ws/install/nav2_theta_star_planner/include//nav2_theta_star_planner/theta_star.hpp
-- Up-to-date symlink: /home/coderey/ros2_ws/install/nav2_theta_star_planner/include//nav2_theta_star_planner/theta_star_planner.hpp
-- Up-to-date symlink: /home/coderey/ros2_ws/install/nav2_theta_star_planner/share/nav2_theta_star_planner/theta_star_planner.xml
-- Up-to-date symlink: /home/coderey/ros2_ws/install/nav2_theta_star_planner/share/nav2_theta_star_planner/environment/library_path.sh
-- Up-to-date symlink: /home/coderey/ros2_ws/install/nav2_theta_star_planner/share/nav2_theta_star_planner/environment/library_path.dsv
-- Up-to-date symlink: /home/coderey/ros2_ws/install/nav2_theta_star_planner/share/ament_index/resource_index/package_run_dependencies/nav2_theta_star_planner
-- Up-to-date symlink: /home/coderey/ros2_ws/install/nav2_theta_star_planner/share/ament_index/resource_index/parent_prefix_path/nav2_theta_star_planner
-- Up-to-date symlink: /home/coderey/ros2_ws/install/nav2_theta_star_planner/share/nav2_theta_star_planner/environment/ament_prefix_path.sh
-- Up-to-date symlink: /home/coderey/ros2_ws/install/nav2_theta_star_planner/share/nav2_theta_star_planner/environment/ament_prefix_path.dsv
-- Up-to-date symlink: /home/coderey/ros2_ws/install/nav2_theta_star_planner/share/nav2_theta_star_planner/environment/path.sh
-- Up-to-date symlink: /home/coderey/ros2_ws/install/nav2_theta_star_planner/share/nav2_theta_star_planner/environment/path.dsv
-- Up-to-date symlink: /home/coderey/ros2_ws/install/nav2_theta_star_planner/share/nav2_theta_star_planner/local_setup.bash
-- Up-to-date symlink: /home/coderey/ros2_ws/install/nav2_theta_star_planner/share/nav2_theta_star_planner/local_setup.sh
-- Up-to-date symlink: /home/coderey/ros2_ws/install/nav2_theta_star_planner/share/nav2_theta_star_planner/local_setup.zsh
-- Up-to-date symlink: /home/coderey/ros2_ws/install/nav2_theta_star_planner/share/nav2_theta_star_planner/local_setup.dsv
-- Symlinking: /home/coderey/ros2_ws/install/nav2_theta_star_planner/share/nav2_theta_star_planner/package.dsv
-- Up-to-date symlink: /home/coderey/ros2_ws/install/nav2_theta_star_planner/share/ament_index/resource_index/packages/nav2_theta_star_planner
-- Up-to-date symlink: /home/coderey/ros2_ws/install/nav2_theta_star_planner/share/ament_index/resource_index/nav2_core__pluginlib__plugin/nav2_theta_star_planner
-- Up-to-date symlink: /home/coderey/ros2_ws/install/nav2_theta_star_planner/share/nav2_theta_star_planner/cmake/ament_cmake_export_include_directories-extras.cmake
-- Up-to-date symlink: /home/coderey/ros2_ws/install/nav2_theta_star_planner/share/nav2_theta_star_planner/cmake/ament_cmake_export_libraries-extras.cmake
-- Up-to-date symlink: /home/coderey/ros2_ws/install/nav2_theta_star_planner/share/nav2_theta_star_planner/cmake/ament_cmake_export_dependencies-extras.cmake
-- Up-to-date symlink: /home/coderey/ros2_ws/install/nav2_theta_star_planner/share/nav2_theta_star_planner/cmake/nav2_theta_star_plannerConfig.cmake
-- Up-to-date symlink: /home/coderey/ros2_ws/install/nav2_theta_star_planner/share/nav2_theta_star_planner/cmake/nav2_theta_star_plannerConfig-version.cmake
-- Up-to-date symlink: /home/coderey/ros2_ws/install/nav2_theta_star_planner/share/nav2_theta_star_planner/package.xml
