-- Found ament_cmake: 1.1.6 (/opt/ros/galactic/share/ament_cmake/cmake)
-- Found PythonInterp: /usr/bin/python3 (found suitable version "3.8.10", minimum required is "3") 
-- Using PYTHON_EXECUTABLE: /usr/bin/python3
-- Override CMake install command with custom implementation using symlinks instead of copying resources
-- Found nav2_common: 1.0.12 (/home/coderey/ros2_ws/install/nav2_common/share/nav2_common/cmake)
-- Found nav2_msgs: 1.0.12 (/home/coderey/ros2_ws/install/nav2_msgs/share/nav2_msgs/cmake)
-- Using all available rosidl_typesupport_c: rosidl_typesupport_microxrcedds_c;rosidl_typesupport_fastrtps_c;rosidl_typesupport_introspection_c
-- Found rosidl_adapter: 2.2.3 (/opt/ros/galactic/share/rosidl_adapter/cmake)
-- Using all available rosidl_typesupport_cpp: rosidl_typesupport_microxrcedds_cpp;rosidl_typesupport_fastrtps_cpp;rosidl_typesupport_introspection_cpp
-- Found tf2_ros: 0.17.5 (/opt/ros/galactic/share/tf2_ros/cmake)
-- Found rmw_implementation_cmake: 3.3.1 (/opt/ros/galactic/share/rmw_implementation_cmake/cmake)
-- Found rmw_cyclonedds_cpp: 0.22.6 (/opt/ros/galactic/share/rmw_cyclonedds_cpp/cmake)
-- Using RMW implementation 'rmw_cyclonedds_cpp' as default
-- Found tf2_geometry_msgs: 0.17.5 (/opt/ros/galactic/share/tf2_geometry_msgs/cmake)
-- Found eigen3_cmake_module: 0.1.1 (/opt/ros/galactic/share/eigen3_cmake_module/cmake)
-- Found lifecycle_msgs: 1.0.3 (/home/coderey/microros_ws/install/lifecycle_msgs/share/lifecycle_msgs/cmake)
-- Found rclcpp_lifecycle: 9.2.2 (/opt/ros/galactic/share/rclcpp_lifecycle/cmake)
-- Found bondcpp: 3.0.1 (/opt/ros/galactic/share/bondcpp/cmake)
-- Found ament_lint_auto: 0.10.7 (/opt/ros/galactic/share/ament_lint_auto/cmake)
-- Found ament_cmake_pytest: 1.1.6 (/opt/ros/galactic/share/ament_cmake_pytest/cmake)
-- Found launch_testing_ament_cmake: 0.17.2 (/opt/ros/galactic/share/launch_testing_ament_cmake/cmake)
-- Found python_cmake_module: 0.8.1 (/opt/ros/galactic/share/python_cmake_module/cmake)
-- Found PythonInterp: /usr/bin/python3 (found suitable version "3.8.10", minimum required is "3.5") 
-- Using PYTHON_EXECUTABLE: /usr/bin/python3
-- Using PYTHON_INCLUDE_DIRS: /usr/include/python3.8
-- Using PYTHON_LIBRARIES: /usr/lib/x86_64-linux-gnu/libpython3.8.so
-- Found gtest sources under '/opt/ros/galactic/src/gtest_vendor': C++ tests using 'Google Test' will be built
-- Added test 'copyright' to check source files copyright and LICENSE
-- Added test 'cppcheck' to perform static code analysis on C / C++ code
-- Configured cppcheck include dirs: /home/coderey/ros2_ws/src/navigation2/nav2_util/include
-- Configured cppcheck exclude dirs and/or files: 
-- Added test 'cpplint' to check C / C++ code against the Google style
-- Configured cpplint exclude dirs and/or files: 
-- Added test 'flake8' to check Python code syntax and style conventions
-- Added test 'lint_cmake' to check CMake code style
-- Added test 'pep257' to check Python code against some of the style conventions in PEP 257
-- Added test 'uncrustify' to check C / C++ code style
-- Configured uncrustify additional arguments: 
-- Added test 'xmllint' to check XML markup files
-- Configuring done
-- Generating done
-- Build files have been written to: /home/coderey/ros2_ws/build/nav2_util
[  7%] Built target gtest_main
[ 10%] Built target gtest
[ 15%] Built target dump_params
[ 40%] Built target nav2_util_core
[ 45%] Built target test_execution_timer
[ 50%] Built target test_string_utils
[ 55%] Built target test_actions
[ 60%] Built target test_lifecycle_utils
[ 65%] Built target lifecycle_bringup
[ 70%] Built target test_node_utils
[ 75%] Built target test_service_client
[ 80%] Built target test_lifecycle_node
[ 85%] Built target test_lifecycle_cli_node
[ 90%] Built target test_geometry_utils
[ 95%] Built target test_odometry_utils
[100%] Built target test_robot_utils
-- Install configuration: "RelWithDebInfo"
-- Execute custom install script
-- Up-to-date symlink: /home/coderey/ros2_ws/install/nav2_util/lib/libnav2_util_core.so
-- Up-to-date symlink: /home/coderey/ros2_ws/install/nav2_util/lib/nav2_util/lifecycle_bringup
-- Up-to-date symlink: /home/coderey/ros2_ws/install/nav2_util/lib/nav2_util/dump_params
-- Up-to-date symlink: /home/coderey/ros2_ws/install/nav2_util/include//nav2_util/clear_entirely_costmap_service_client.hpp
-- Up-to-date symlink: /home/coderey/ros2_ws/install/nav2_util/include//nav2_util/costmap.hpp
-- Up-to-date symlink: /home/coderey/ros2_ws/install/nav2_util/include//nav2_util/execution_timer.hpp
-- Up-to-date symlink: /home/coderey/ros2_ws/install/nav2_util/include//nav2_util/geometry_utils.hpp
-- Up-to-date symlink: /home/coderey/ros2_ws/install/nav2_util/include//nav2_util/lifecycle_node.hpp
-- Up-to-date symlink: /home/coderey/ros2_ws/install/nav2_util/include//nav2_util/lifecycle_service_client.hpp
-- Up-to-date symlink: /home/coderey/ros2_ws/install/nav2_util/include//nav2_util/lifecycle_utils.hpp
-- Up-to-date symlink: /home/coderey/ros2_ws/install/nav2_util/include//nav2_util/line_iterator.hpp
-- Up-to-date symlink: /home/coderey/ros2_ws/install/nav2_util/include//nav2_util/node_thread.hpp
-- Up-to-date symlink: /home/coderey/ros2_ws/install/nav2_util/include//nav2_util/node_utils.hpp
-- Up-to-date symlink: /home/coderey/ros2_ws/install/nav2_util/include//nav2_util/occ_grid_values.hpp
-- Up-to-date symlink: /home/coderey/ros2_ws/install/nav2_util/include//nav2_util/odometry_utils.hpp
-- Up-to-date symlink: /home/coderey/ros2_ws/install/nav2_util/include//nav2_util/robot_utils.hpp
-- Up-to-date symlink: /home/coderey/ros2_ws/install/nav2_util/include//nav2_util/service_client.hpp
-- Up-to-date symlink: /home/coderey/ros2_ws/install/nav2_util/include//nav2_util/simple_action_server.hpp
-- Up-to-date symlink: /home/coderey/ros2_ws/install/nav2_util/include//nav2_util/string_utils.hpp
-- Up-to-date symlink: /home/coderey/ros2_ws/install/nav2_util/share/nav2_util/environment/library_path.sh
-- Up-to-date symlink: /home/coderey/ros2_ws/install/nav2_util/share/nav2_util/environment/library_path.dsv
-- Up-to-date symlink: /home/coderey/ros2_ws/install/nav2_util/share/ament_index/resource_index/package_run_dependencies/nav2_util
-- Up-to-date symlink: /home/coderey/ros2_ws/install/nav2_util/share/ament_index/resource_index/parent_prefix_path/nav2_util
-- Up-to-date symlink: /home/coderey/ros2_ws/install/nav2_util/share/nav2_util/environment/ament_prefix_path.sh
-- Up-to-date symlink: /home/coderey/ros2_ws/install/nav2_util/share/nav2_util/environment/ament_prefix_path.dsv
-- Up-to-date symlink: /home/coderey/ros2_ws/install/nav2_util/share/nav2_util/environment/path.sh
-- Up-to-date symlink: /home/coderey/ros2_ws/install/nav2_util/share/nav2_util/environment/path.dsv
-- Up-to-date symlink: /home/coderey/ros2_ws/install/nav2_util/share/nav2_util/local_setup.bash
-- Up-to-date symlink: /home/coderey/ros2_ws/install/nav2_util/share/nav2_util/local_setup.sh
-- Up-to-date symlink: /home/coderey/ros2_ws/install/nav2_util/share/nav2_util/local_setup.zsh
-- Up-to-date symlink: /home/coderey/ros2_ws/install/nav2_util/share/nav2_util/local_setup.dsv
-- Symlinking: /home/coderey/ros2_ws/install/nav2_util/share/nav2_util/package.dsv
-- Up-to-date symlink: /home/coderey/ros2_ws/install/nav2_util/share/ament_index/resource_index/packages/nav2_util
-- Up-to-date symlink: /home/coderey/ros2_ws/install/nav2_util/share/nav2_util/cmake/ament_cmake_export_include_directories-extras.cmake
-- Up-to-date symlink: /home/coderey/ros2_ws/install/nav2_util/share/nav2_util/cmake/ament_cmake_export_libraries-extras.cmake
-- Up-to-date symlink: /home/coderey/ros2_ws/install/nav2_util/share/nav2_util/cmake/ament_cmake_export_dependencies-extras.cmake
-- Up-to-date symlink: /home/coderey/ros2_ws/install/nav2_util/share/nav2_util/cmake/nav2_utilConfig.cmake
-- Up-to-date symlink: /home/coderey/ros2_ws/install/nav2_util/share/nav2_util/cmake/nav2_utilConfig-version.cmake
-- Up-to-date symlink: /home/coderey/ros2_ws/install/nav2_util/share/nav2_util/package.xml
