[4.547s] Invoking command in '/home/coderey/ros2_ws/src/swisscat_robot': PYTHONPATH=/home/coderey/ros2_ws/build/swisscat_robot/prefix_override:/home/coderey/ros2_ws/install/swisscat_robot/lib/python3.8/site-packages:${PYTHONPATH} /usr/bin/python3 setup.py egg_info --egg-base ../../build/swisscat_robot build --build-base /home/coderey/ros2_ws/build/swisscat_robot/build install --record /home/coderey/ros2_ws/build/swisscat_robot/install.log --install-scripts $base/lib/swisscat_robot --single-version-externally-managed
[5.182s] running egg_info
[5.184s] writing ../../build/swisscat_robot/swisscat_robot.egg-info/PKG-INFO
[5.184s] writing dependency_links to ../../build/swisscat_robot/swisscat_robot.egg-info/dependency_links.txt
[5.185s] writing entry points to ../../build/swisscat_robot/swisscat_robot.egg-info/entry_points.txt
[5.185s] writing requirements to ../../build/swisscat_robot/swisscat_robot.egg-info/requires.txt
[5.185s] writing top-level names to ../../build/swisscat_robot/swisscat_robot.egg-info/top_level.txt
[5.185s] reading manifest file '../../build/swisscat_robot/swisscat_robot.egg-info/SOURCES.txt'
[5.185s] writing manifest file '../../build/swisscat_robot/swisscat_robot.egg-info/SOURCES.txt'
[5.185s] running build
[5.185s] running build_py
[5.185s] running install
[5.185s] running install_lib
[5.186s] running install_data
[5.186s] running install_egg_info
[5.186s] removing '/home/coderey/ros2_ws/install/swisscat_robot/lib/python3.8/site-packages/swisscat_robot-0.0.0-py3.8.egg-info' (and everything under it)
[5.186s] Copying ../../build/swisscat_robot/swisscat_robot.egg-info to /home/coderey/ros2_ws/install/swisscat_robot/lib/python3.8/site-packages/swisscat_robot-0.0.0-py3.8.egg-info
[5.186s] running install_scripts
[5.186s] Installing controller script to /home/coderey/ros2_ws/install/swisscat_robot/lib/swisscat_robot
[5.186s] Installing fleet_manager script to /home/coderey/ros2_ws/install/swisscat_robot/lib/swisscat_robot
[5.186s] writing list of installed files to '/home/coderey/ros2_ws/build/swisscat_robot/install.log'
[5.193s] Invoked command in '/home/coderey/ros2_ws/src/swisscat_robot' returned '0': PYTHONPATH=/home/coderey/ros2_ws/build/swisscat_robot/prefix_override:/home/coderey/ros2_ws/install/swisscat_robot/lib/python3.8/site-packages:${PYTHONPATH} /usr/bin/python3 setup.py egg_info --egg-base ../../build/swisscat_robot build --build-base /home/coderey/ros2_ws/build/swisscat_robot/build install --record /home/coderey/ros2_ws/build/swisscat_robot/install.log --install-scripts $base/lib/swisscat_robot --single-version-externally-managed
