-- The C compiler identification is GNU 9.4.0
-- The CXX compiler identification is GNU 9.4.0
-- Check for working C compiler: /usr/bin/cc
-- Check for working C compiler: /usr/bin/cc -- works
-- Detecting C compiler ABI info
-- Detecting C compiler ABI info - done
-- Detecting C compile features
-- Detecting C compile features - done
-- Check for working CXX compiler: /usr/bin/c++
-- Check for working CXX compiler: /usr/bin/c++ -- works
-- Detecting CXX compiler ABI info
-- Detecting CXX compiler ABI info - done
-- Detecting CXX compile features
-- Detecting CXX compile features - done
-- Found ament_cmake: 1.1.6 (/opt/ros/galactic/share/ament_cmake/cmake)
-- Found PythonInterp: /usr/bin/python3 (found suitable version "3.8.10", minimum required is "3") 
-- Using PYTHON_EXECUTABLE: /usr/bin/python3
-- Override CMake install command with custom implementation using symlinks instead of copying resources
-- Found nav2_common: 1.0.12 (/home/coderey/ros2_ws/install/nav2_common/share/nav2_common/cmake)
-- Found rclcpp: 9.2.2 (/opt/ros/galactic/share/rclcpp/cmake)
-- Using all available rosidl_typesupport_c: rosidl_typesupport_microxrcedds_c;rosidl_typesupport_fastrtps_c;rosidl_typesupport_introspection_c
-- Found rosidl_adapter: 2.2.3 (/opt/ros/galactic/share/rosidl_adapter/cmake)
-- Found OpenSSL: /usr/lib/x86_64-linux-gnu/libcrypto.so (found version "1.1.1f")  
-- Found FastRTPS: /opt/ros/galactic/include  
-- Using all available rosidl_typesupport_cpp: rosidl_typesupport_microxrcedds_cpp;rosidl_typesupport_fastrtps_cpp;rosidl_typesupport_introspection_cpp
-- Found rmw_implementation_cmake: 3.3.1 (/opt/ros/galactic/share/rmw_implementation_cmake/cmake)
-- Found rmw_cyclonedds_cpp: 0.22.6 (/opt/ros/galactic/share/rmw_cyclonedds_cpp/cmake)
-- Using RMW implementation 'rmw_cyclonedds_cpp' as default
-- Looking for pthread.h
-- Looking for pthread.h - found
-- Performing Test CMAKE_HAVE_LIBC_PTHREAD
-- Performing Test CMAKE_HAVE_LIBC_PTHREAD - Failed
-- Looking for pthread_create in pthreads
-- Looking for pthread_create in pthreads - not found
-- Looking for pthread_create in pthread
-- Looking for pthread_create in pthread - found
-- Found Threads: TRUE  
-- Found rclcpp_action: 9.2.2 (/opt/ros/galactic/share/rclcpp_action/cmake)
-- Found rclcpp_lifecycle: 9.2.2 (/opt/ros/galactic/share/rclcpp_lifecycle/cmake)
-- Found visualization_msgs: 2.2.4 (/home/coderey/microros_ws/install/visualization_msgs/share/visualization_msgs/cmake)
-- Found nav2_util: 1.0.12 (/home/coderey/ros2_ws/install/nav2_util/share/nav2_util/cmake)
-- Found eigen3_cmake_module: 0.1.1 (/opt/ros/galactic/share/eigen3_cmake_module/cmake)
-- Found Eigen3: TRUE (found version "3.3.7") 
-- Found nav2_costmap_2d: 1.0.12 (/home/coderey/ros2_ws/install/nav2_costmap_2d/share/nav2_costmap_2d/cmake)
-- Found nav2_core: 1.0.12 (/home/coderey/ros2_ws/install/nav2_core/share/nav2_core/cmake)
-- Setting build type to Release as none was specified.
-- Found ament_lint_auto: 0.10.7 (/opt/ros/galactic/share/ament_lint_auto/cmake)
-- Added test 'copyright' to check source files copyright and LICENSE
-- Added test 'cppcheck' to perform static code analysis on C / C++ code
-- Configured cppcheck include dirs: /home/coderey/ros2_ws/src/navigation2/nav2_planner/include
-- Configured cppcheck exclude dirs and/or files: 
-- Added test 'cpplint' to check C / C++ code against the Google style
-- Configured cpplint exclude dirs and/or files: 
-- Added test 'lint_cmake' to check CMake code style
-- Added test 'uncrustify' to check C / C++ code style
-- Configured uncrustify additional arguments: 
-- Added test 'xmllint' to check XML markup files
-- Configuring done
-- Generating done
-- Build files have been written to: /home/coderey/ros2_ws/build/nav2_planner
[35m[1mScanning dependencies of target planner_server_core[0m
[ 25%] [32mBuilding CXX object CMakeFiles/planner_server_core.dir/src/planner_server.cpp.o[0m
[ 50%] [32m[1mLinking CXX shared library libplanner_server_core.so[0m
[ 50%] Built target planner_server_core
[35m[1mScanning dependencies of target planner_server[0m
[ 75%] [32mBuilding CXX object CMakeFiles/planner_server.dir/src/main.cpp.o[0m
[100%] [32m[1mLinking CXX executable planner_server[0m
[100%] Built target planner_server
-- Install configuration: "Release"
-- Execute custom install script
-- Symlinking: /home/coderey/ros2_ws/install/nav2_planner/lib/libplanner_server_core.so
-- Symlinking: /home/coderey/ros2_ws/install/nav2_planner/lib/nav2_planner/planner_server
-- Symlinking: /home/coderey/ros2_ws/install/nav2_planner/include//nav2_planner/planner_server.hpp
-- Symlinking: /home/coderey/ros2_ws/install/nav2_planner/share/nav2_planner/environment/library_path.sh
-- Symlinking: /home/coderey/ros2_ws/install/nav2_planner/share/nav2_planner/environment/library_path.dsv
-- Symlinking: /home/coderey/ros2_ws/install/nav2_planner/share/ament_index/resource_index/package_run_dependencies/nav2_planner
-- Symlinking: /home/coderey/ros2_ws/install/nav2_planner/share/ament_index/resource_index/parent_prefix_path/nav2_planner
-- Symlinking: /home/coderey/ros2_ws/install/nav2_planner/share/nav2_planner/environment/ament_prefix_path.sh
-- Symlinking: /home/coderey/ros2_ws/install/nav2_planner/share/nav2_planner/environment/ament_prefix_path.dsv
-- Symlinking: /home/coderey/ros2_ws/install/nav2_planner/share/nav2_planner/environment/path.sh
-- Symlinking: /home/coderey/ros2_ws/install/nav2_planner/share/nav2_planner/environment/path.dsv
-- Symlinking: /home/coderey/ros2_ws/install/nav2_planner/share/nav2_planner/local_setup.bash
-- Symlinking: /home/coderey/ros2_ws/install/nav2_planner/share/nav2_planner/local_setup.sh
-- Symlinking: /home/coderey/ros2_ws/install/nav2_planner/share/nav2_planner/local_setup.zsh
-- Symlinking: /home/coderey/ros2_ws/install/nav2_planner/share/nav2_planner/local_setup.dsv
-- Symlinking: /home/coderey/ros2_ws/install/nav2_planner/share/nav2_planner/package.dsv
-- Symlinking: /home/coderey/ros2_ws/install/nav2_planner/share/ament_index/resource_index/packages/nav2_planner
-- Symlinking: /home/coderey/ros2_ws/install/nav2_planner/share/nav2_planner/cmake/ament_cmake_export_include_directories-extras.cmake
-- Symlinking: /home/coderey/ros2_ws/install/nav2_planner/share/nav2_planner/cmake/ament_cmake_export_libraries-extras.cmake
-- Symlinking: /home/coderey/ros2_ws/install/nav2_planner/share/nav2_planner/cmake/ament_cmake_export_dependencies-extras.cmake
-- Symlinking: /home/coderey/ros2_ws/install/nav2_planner/share/nav2_planner/cmake/nav2_plannerConfig.cmake
-- Symlinking: /home/coderey/ros2_ws/install/nav2_planner/share/nav2_planner/cmake/nav2_plannerConfig-version.cmake
-- Symlinking: /home/coderey/ros2_ws/install/nav2_planner/share/nav2_planner/package.xml
