[1.251s] Invoking command in '/home/coderey/ros2_ws/build/nav2_common': CMAKE_PREFIX_PATH=${CMAKE_PREFIX_PATH}:/home/coderey/ros2_ws/install/mob_rob_loca:/home/coderey/ros2_ws/install/nav2_simple_commander:/home/coderey/ros2_ws/install/nav2_gazebo_spawner:/home/coderey/ros2_ws/install/bno055:/home/coderey/microros_ws/install/sensor_msgs_py:/opt/ros/galactic /usr/bin/cmake --build /home/coderey/ros2_ws/build/nav2_common -- -j8 -l8
[2.464s] Built target ament_cmake_python_symlink_nav2_common
[2.465s] running egg_info
[2.465s] writing nav2_common.egg-info/PKG-INFO
[2.465s] writing dependency_links to nav2_common.egg-info/dependency_links.txt
[2.465s] writing top-level names to nav2_common.egg-info/top_level.txt
[2.465s] reading manifest file 'nav2_common.egg-info/SOURCES.txt'
[2.465s] writing manifest file 'nav2_common.egg-info/SOURCES.txt'
[2.465s] Built target ament_cmake_python_build_nav2_common_egg
[2.478s] Invoked command in '/home/coderey/ros2_ws/build/nav2_common' returned '0': CMAKE_PREFIX_PATH=${CMAKE_PREFIX_PATH}:/home/coderey/ros2_ws/install/mob_rob_loca:/home/coderey/ros2_ws/install/nav2_simple_commander:/home/coderey/ros2_ws/install/nav2_gazebo_spawner:/home/coderey/ros2_ws/install/bno055:/home/coderey/microros_ws/install/sensor_msgs_py:/opt/ros/galactic /usr/bin/cmake --build /home/coderey/ros2_ws/build/nav2_common -- -j8 -l8
[2.562s] Invoking command in '/home/coderey/ros2_ws/build/nav2_common': CMAKE_PREFIX_PATH=${CMAKE_PREFIX_PATH}:/home/coderey/ros2_ws/install/mob_rob_loca:/home/coderey/ros2_ws/install/nav2_simple_commander:/home/coderey/ros2_ws/install/nav2_gazebo_spawner:/home/coderey/ros2_ws/install/bno055:/home/coderey/microros_ws/install/sensor_msgs_py:/opt/ros/galactic /usr/bin/cmake --install /home/coderey/ros2_ws/build/nav2_common
[2.587s] -- Install configuration: "RelWithDebInfo"
[2.589s] -- Execute custom install script
[2.590s] -- Up-to-date symlink: /home/coderey/ros2_ws/install/nav2_common/share/nav2_common/environment/pythonpath.sh
[2.591s] -- Up-to-date symlink: /home/coderey/ros2_ws/install/nav2_common/share/nav2_common/environment/pythonpath.dsv
[2.592s] -- Up-to-date symlink: /home/coderey/ros2_ws/install/nav2_common/lib/python3.8/site-packages//nav2_common.egg-info/PKG-INFO
[2.592s] -- Up-to-date symlink: /home/coderey/ros2_ws/install/nav2_common/lib/python3.8/site-packages//nav2_common.egg-info/SOURCES.txt
[2.594s] -- Up-to-date symlink: /home/coderey/ros2_ws/install/nav2_common/lib/python3.8/site-packages//nav2_common.egg-info/dependency_links.txt
[2.594s] -- Up-to-date symlink: /home/coderey/ros2_ws/install/nav2_common/lib/python3.8/site-packages//nav2_common.egg-info/top_level.txt
[2.594s] -- Up-to-date symlink: /home/coderey/ros2_ws/install/nav2_common/lib/python3.8/site-packages/nav2_common/__init__.py
[2.594s] -- Up-to-date symlink: /home/coderey/ros2_ws/install/nav2_common/lib/python3.8/site-packages/nav2_common/launch/__init__.py
[2.597s] -- Up-to-date symlink: /home/coderey/ros2_ws/install/nav2_common/lib/python3.8/site-packages/nav2_common/launch/has_node_params.py
[2.598s] -- Up-to-date symlink: /home/coderey/ros2_ws/install/nav2_common/lib/python3.8/site-packages/nav2_common/launch/replace_string.py
[2.598s] -- Up-to-date symlink: /home/coderey/ros2_ws/install/nav2_common/lib/python3.8/site-packages/nav2_common/launch/rewritten_yaml.py
[2.598s] -- Up-to-date symlink: /home/coderey/ros2_ws/install/nav2_common/share/ament_index/resource_index/package_run_dependencies/nav2_common
[2.600s] -- Up-to-date symlink: /home/coderey/ros2_ws/install/nav2_common/share/ament_index/resource_index/parent_prefix_path/nav2_common
[2.601s] -- Up-to-date symlink: /home/coderey/ros2_ws/install/nav2_common/share/nav2_common/environment/ament_prefix_path.sh
[2.601s] -- Up-to-date symlink: /home/coderey/ros2_ws/install/nav2_common/share/nav2_common/environment/ament_prefix_path.dsv
[2.602s] -- Up-to-date symlink: /home/coderey/ros2_ws/install/nav2_common/share/nav2_common/environment/path.sh
[2.602s] -- Up-to-date symlink: /home/coderey/ros2_ws/install/nav2_common/share/nav2_common/environment/path.dsv
[2.604s] -- Up-to-date symlink: /home/coderey/ros2_ws/install/nav2_common/share/nav2_common/local_setup.bash
[2.604s] -- Up-to-date symlink: /home/coderey/ros2_ws/install/nav2_common/share/nav2_common/local_setup.sh
[2.604s] -- Up-to-date symlink: /home/coderey/ros2_ws/install/nav2_common/share/nav2_common/local_setup.zsh
[2.605s] -- Up-to-date symlink: /home/coderey/ros2_ws/install/nav2_common/share/nav2_common/local_setup.dsv
[2.605s] -- Symlinking: /home/coderey/ros2_ws/install/nav2_common/share/nav2_common/package.dsv
[2.631s] -- Up-to-date symlink: /home/coderey/ros2_ws/install/nav2_common/share/ament_index/resource_index/packages/nav2_common
[2.631s] -- Up-to-date symlink: /home/coderey/ros2_ws/install/nav2_common/share/nav2_common/cmake/nav2_common-extras.cmake
[2.632s] -- Up-to-date symlink: /home/coderey/ros2_ws/install/nav2_common/share/nav2_common/cmake/nav2_commonConfig.cmake
[2.632s] -- Up-to-date symlink: /home/coderey/ros2_ws/install/nav2_common/share/nav2_common/cmake/nav2_commonConfig-version.cmake
[2.633s] -- Up-to-date symlink: /home/coderey/ros2_ws/install/nav2_common/share/nav2_common/package.xml
[2.633s] -- Up-to-date symlink: /home/coderey/ros2_ws/install/nav2_common/share/nav2_common/cmake/nav2_package.cmake
[2.779s] Listing '/home/coderey/ros2_ws/install/nav2_common/lib/python3.8/site-packages/nav2_common'...
[2.779s] Listing '/home/coderey/ros2_ws/install/nav2_common/lib/python3.8/site-packages/nav2_common/launch'...
[2.794s] Invoked command in '/home/coderey/ros2_ws/build/nav2_common' returned '0': CMAKE_PREFIX_PATH=${CMAKE_PREFIX_PATH}:/home/coderey/ros2_ws/install/mob_rob_loca:/home/coderey/ros2_ws/install/nav2_simple_commander:/home/coderey/ros2_ws/install/nav2_gazebo_spawner:/home/coderey/ros2_ws/install/bno055:/home/coderey/microros_ws/install/sensor_msgs_py:/opt/ros/galactic /usr/bin/cmake --install /home/coderey/ros2_ws/build/nav2_common
