[2.241s] Invoking command in '/home/coderey/ros2_ws/build/mob_rob_loca': PYTHONPATH=/home/coderey/ros2_ws/build/mob_rob_loca/prefix_override:/home/coderey/ros2_ws/install/mob_rob_loca/lib/python3.8/site-packages:${PYTHONPATH} /usr/bin/python3 setup.py develop --editable --build-directory /home/coderey/ros2_ws/build/mob_rob_loca/build --no-deps install_data
[2.467s] running develop
[2.600s] running egg_info
[2.600s] writing mob_rob_loca.egg-info/PKG-INFO
[2.601s] writing dependency_links to mob_rob_loca.egg-info/dependency_links.txt
[2.601s] writing entry points to mob_rob_loca.egg-info/entry_points.txt
[2.601s] writing requirements to mob_rob_loca.egg-info/requires.txt
[2.601s] writing top-level names to mob_rob_loca.egg-info/top_level.txt
[2.612s] reading manifest file 'mob_rob_loca.egg-info/SOURCES.txt'
[2.612s] writing manifest file 'mob_rob_loca.egg-info/SOURCES.txt'
[2.637s] running build_ext
[2.637s] Creating /home/coderey/ros2_ws/install/mob_rob_loca/lib/python3.8/site-packages/mob-rob-loca.egg-link (link to .)
[2.638s] Installing imu_serv script to /home/coderey/ros2_ws/install/mob_rob_loca/lib/mob_rob_loca
[2.638s] Installing marv2ekf script to /home/coderey/ros2_ws/install/mob_rob_loca/lib/mob_rob_loca
[2.638s] Installing rpi_com_motors script to /home/coderey/ros2_ws/install/mob_rob_loca/lib/mob_rob_loca
[2.639s] Installing ticks2odom script to /home/coderey/ros2_ws/install/mob_rob_loca/lib/mob_rob_loca
[2.639s] Installing transforms script to /home/coderey/ros2_ws/install/mob_rob_loca/lib/mob_rob_loca
[2.639s] Installing vel_pub script to /home/coderey/ros2_ws/install/mob_rob_loca/lib/mob_rob_loca
[2.640s] 
[2.640s] Installed /home/coderey/ros2_ws/build/mob_rob_loca
[2.640s] running install_data
[3.212s] Invoked command in '/home/coderey/ros2_ws/build/mob_rob_loca' returned '0': PYTHONPATH=/home/coderey/ros2_ws/build/mob_rob_loca/prefix_override:/home/coderey/ros2_ws/install/mob_rob_loca/lib/python3.8/site-packages:${PYTHONPATH} /usr/bin/python3 setup.py develop --editable --build-directory /home/coderey/ros2_ws/build/mob_rob_loca/build --no-deps install_data
