[1.336s] Invoking command in '/home/coderey/ros2_ws/src/navigation2/nav2_simple_commander': AMENT_PREFIX_PATH=/home/coderey/ros2_ws/install/nav2_msgs:${AMENT_PREFIX_PATH} CMAKE_PREFIX_PATH=/home/coderey/ros2_ws/install/nav2_msgs:${CMAKE_PREFIX_PATH} LD_LIBRARY_PATH=/home/coderey/ros2_ws/install/nav2_msgs/lib:${LD_LIBRARY_PATH} PYTHONPATH=/home/coderey/ros2_ws/build/nav2_simple_commander/prefix_override:/home/coderey/ros2_ws/install/nav2_simple_commander/lib/python3.8/site-packages:/home/coderey/ros2_ws/install/nav2_msgs/lib/python3.8/site-packages:${PYTHONPATH} /usr/bin/python3 setup.py egg_info --egg-base ../../../build/nav2_simple_commander build --build-base /home/coderey/ros2_ws/build/nav2_simple_commander/build install --record /home/coderey/ros2_ws/build/nav2_simple_commander/install.log --single-version-externally-managed
[1.616s] running egg_info
[1.617s] writing ../../../build/nav2_simple_commander/nav2_simple_commander.egg-info/PKG-INFO
[1.617s] writing dependency_links to ../../../build/nav2_simple_commander/nav2_simple_commander.egg-info/dependency_links.txt
[1.618s] writing entry points to ../../../build/nav2_simple_commander/nav2_simple_commander.egg-info/entry_points.txt
[1.618s] writing requirements to ../../../build/nav2_simple_commander/nav2_simple_commander.egg-info/requires.txt
[1.618s] writing top-level names to ../../../build/nav2_simple_commander/nav2_simple_commander.egg-info/top_level.txt
[1.655s] reading manifest file '../../../build/nav2_simple_commander/nav2_simple_commander.egg-info/SOURCES.txt'
[1.656s] writing manifest file '../../../build/nav2_simple_commander/nav2_simple_commander.egg-info/SOURCES.txt'
[1.656s] running build
[1.656s] running build_py
[1.656s] copying nav2_simple_commander/demo_security.py -> /home/coderey/ros2_ws/build/nav2_simple_commander/build/lib/nav2_simple_commander
[1.656s] copying nav2_simple_commander/costmap_2d.py -> /home/coderey/ros2_ws/build/nav2_simple_commander/build/lib/nav2_simple_commander
[1.656s] copying nav2_simple_commander/line_iterator.py -> /home/coderey/ros2_ws/build/nav2_simple_commander/build/lib/nav2_simple_commander
[1.656s] copying nav2_simple_commander/__init__.py -> /home/coderey/ros2_ws/build/nav2_simple_commander/build/lib/nav2_simple_commander
[1.657s] copying nav2_simple_commander/example_nav_through_poses.py -> /home/coderey/ros2_ws/build/nav2_simple_commander/build/lib/nav2_simple_commander
[1.657s] copying nav2_simple_commander/example_assisted_teleop.py -> /home/coderey/ros2_ws/build/nav2_simple_commander/build/lib/nav2_simple_commander
[1.657s] copying nav2_simple_commander/footprint_collision_checker.py -> /home/coderey/ros2_ws/build/nav2_simple_commander/build/lib/nav2_simple_commander
[1.657s] copying nav2_simple_commander/demo_inspection.py -> /home/coderey/ros2_ws/build/nav2_simple_commander/build/lib/nav2_simple_commander
[1.657s] copying nav2_simple_commander/robot_navigator.py -> /home/coderey/ros2_ws/build/nav2_simple_commander/build/lib/nav2_simple_commander
[1.657s] copying nav2_simple_commander/example_follow_path.py -> /home/coderey/ros2_ws/build/nav2_simple_commander/build/lib/nav2_simple_commander
[1.658s] copying nav2_simple_commander/example_waypoint_follower.py -> /home/coderey/ros2_ws/build/nav2_simple_commander/build/lib/nav2_simple_commander
[1.658s] copying nav2_simple_commander/example_nav_to_pose.py -> /home/coderey/ros2_ws/build/nav2_simple_commander/build/lib/nav2_simple_commander
[1.658s] copying nav2_simple_commander/demo_recoveries.py -> /home/coderey/ros2_ws/build/nav2_simple_commander/build/lib/nav2_simple_commander
[1.658s] copying nav2_simple_commander/demo_picking.py -> /home/coderey/ros2_ws/build/nav2_simple_commander/build/lib/nav2_simple_commander
[1.658s] running install
[1.659s] running install_lib
[1.660s] copying /home/coderey/ros2_ws/build/nav2_simple_commander/build/lib/nav2_simple_commander/demo_security.py -> /home/coderey/ros2_ws/install/nav2_simple_commander/lib/python3.8/site-packages/nav2_simple_commander
[1.660s] copying /home/coderey/ros2_ws/build/nav2_simple_commander/build/lib/nav2_simple_commander/costmap_2d.py -> /home/coderey/ros2_ws/install/nav2_simple_commander/lib/python3.8/site-packages/nav2_simple_commander
[1.660s] copying /home/coderey/ros2_ws/build/nav2_simple_commander/build/lib/nav2_simple_commander/line_iterator.py -> /home/coderey/ros2_ws/install/nav2_simple_commander/lib/python3.8/site-packages/nav2_simple_commander
[1.660s] copying /home/coderey/ros2_ws/build/nav2_simple_commander/build/lib/nav2_simple_commander/__init__.py -> /home/coderey/ros2_ws/install/nav2_simple_commander/lib/python3.8/site-packages/nav2_simple_commander
[1.660s] copying /home/coderey/ros2_ws/build/nav2_simple_commander/build/lib/nav2_simple_commander/example_nav_through_poses.py -> /home/coderey/ros2_ws/install/nav2_simple_commander/lib/python3.8/site-packages/nav2_simple_commander
[1.661s] copying /home/coderey/ros2_ws/build/nav2_simple_commander/build/lib/nav2_simple_commander/example_assisted_teleop.py -> /home/coderey/ros2_ws/install/nav2_simple_commander/lib/python3.8/site-packages/nav2_simple_commander
[1.661s] copying /home/coderey/ros2_ws/build/nav2_simple_commander/build/lib/nav2_simple_commander/footprint_collision_checker.py -> /home/coderey/ros2_ws/install/nav2_simple_commander/lib/python3.8/site-packages/nav2_simple_commander
[1.661s] copying /home/coderey/ros2_ws/build/nav2_simple_commander/build/lib/nav2_simple_commander/demo_inspection.py -> /home/coderey/ros2_ws/install/nav2_simple_commander/lib/python3.8/site-packages/nav2_simple_commander
[1.661s] copying /home/coderey/ros2_ws/build/nav2_simple_commander/build/lib/nav2_simple_commander/robot_navigator.py -> /home/coderey/ros2_ws/install/nav2_simple_commander/lib/python3.8/site-packages/nav2_simple_commander
[1.661s] copying /home/coderey/ros2_ws/build/nav2_simple_commander/build/lib/nav2_simple_commander/example_follow_path.py -> /home/coderey/ros2_ws/install/nav2_simple_commander/lib/python3.8/site-packages/nav2_simple_commander
[1.661s] copying /home/coderey/ros2_ws/build/nav2_simple_commander/build/lib/nav2_simple_commander/example_waypoint_follower.py -> /home/coderey/ros2_ws/install/nav2_simple_commander/lib/python3.8/site-packages/nav2_simple_commander
[1.661s] copying /home/coderey/ros2_ws/build/nav2_simple_commander/build/lib/nav2_simple_commander/example_nav_to_pose.py -> /home/coderey/ros2_ws/install/nav2_simple_commander/lib/python3.8/site-packages/nav2_simple_commander
[1.661s] copying /home/coderey/ros2_ws/build/nav2_simple_commander/build/lib/nav2_simple_commander/demo_recoveries.py -> /home/coderey/ros2_ws/install/nav2_simple_commander/lib/python3.8/site-packages/nav2_simple_commander
[1.661s] copying /home/coderey/ros2_ws/build/nav2_simple_commander/build/lib/nav2_simple_commander/demo_picking.py -> /home/coderey/ros2_ws/install/nav2_simple_commander/lib/python3.8/site-packages/nav2_simple_commander
[1.662s] byte-compiling /home/coderey/ros2_ws/install/nav2_simple_commander/lib/python3.8/site-packages/nav2_simple_commander/demo_security.py to demo_security.cpython-38.pyc
[1.664s] byte-compiling /home/coderey/ros2_ws/install/nav2_simple_commander/lib/python3.8/site-packages/nav2_simple_commander/costmap_2d.py to costmap_2d.cpython-38.pyc
[1.664s] byte-compiling /home/coderey/ros2_ws/install/nav2_simple_commander/lib/python3.8/site-packages/nav2_simple_commander/line_iterator.py to line_iterator.cpython-38.pyc
[1.665s] byte-compiling /home/coderey/ros2_ws/install/nav2_simple_commander/lib/python3.8/site-packages/nav2_simple_commander/__init__.py to __init__.cpython-38.pyc
[1.666s] byte-compiling /home/coderey/ros2_ws/install/nav2_simple_commander/lib/python3.8/site-packages/nav2_simple_commander/example_nav_through_poses.py to example_nav_through_poses.cpython-38.pyc
[1.666s] byte-compiling /home/coderey/ros2_ws/install/nav2_simple_commander/lib/python3.8/site-packages/nav2_simple_commander/example_assisted_teleop.py to example_assisted_teleop.cpython-38.pyc
[1.667s] byte-compiling /home/coderey/ros2_ws/install/nav2_simple_commander/lib/python3.8/site-packages/nav2_simple_commander/footprint_collision_checker.py to footprint_collision_checker.cpython-38.pyc
[1.667s] byte-compiling /home/coderey/ros2_ws/install/nav2_simple_commander/lib/python3.8/site-packages/nav2_simple_commander/demo_inspection.py to demo_inspection.cpython-38.pyc
[1.668s] byte-compiling /home/coderey/ros2_ws/install/nav2_simple_commander/lib/python3.8/site-packages/nav2_simple_commander/robot_navigator.py to robot_navigator.cpython-38.pyc
[1.672s] byte-compiling /home/coderey/ros2_ws/install/nav2_simple_commander/lib/python3.8/site-packages/nav2_simple_commander/example_follow_path.py to example_follow_path.cpython-38.pyc
[1.673s] byte-compiling /home/coderey/ros2_ws/install/nav2_simple_commander/lib/python3.8/site-packages/nav2_simple_commander/example_waypoint_follower.py to example_waypoint_follower.cpython-38.pyc
[1.673s] byte-compiling /home/coderey/ros2_ws/install/nav2_simple_commander/lib/python3.8/site-packages/nav2_simple_commander/example_nav_to_pose.py to example_nav_to_pose.cpython-38.pyc
[1.674s] byte-compiling /home/coderey/ros2_ws/install/nav2_simple_commander/lib/python3.8/site-packages/nav2_simple_commander/demo_recoveries.py to demo_recoveries.cpython-38.pyc
[1.674s] byte-compiling /home/coderey/ros2_ws/install/nav2_simple_commander/lib/python3.8/site-packages/nav2_simple_commander/demo_picking.py to demo_picking.cpython-38.pyc
[1.675s] running install_data
[1.676s] copying resource/nav2_simple_commander -> /home/coderey/ros2_ws/install/nav2_simple_commander/share/ament_index/resource_index/packages
[1.676s] copying package.xml -> /home/coderey/ros2_ws/install/nav2_simple_commander/share/nav2_simple_commander
[1.676s] copying launch/security_demo_launch.py -> /home/coderey/ros2_ws/install/nav2_simple_commander/share/nav2_simple_commander
[1.676s] copying launch/assisted_teleop_example_launch.py -> /home/coderey/ros2_ws/install/nav2_simple_commander/share/nav2_simple_commander
[1.676s] copying launch/warehouse.world -> /home/coderey/ros2_ws/install/nav2_simple_commander/share/nav2_simple_commander
[1.676s] copying launch/picking_demo_launch.py -> /home/coderey/ros2_ws/install/nav2_simple_commander/share/nav2_simple_commander
[1.676s] copying launch/follow_path_example_launch.py -> /home/coderey/ros2_ws/install/nav2_simple_commander/share/nav2_simple_commander
[1.676s] copying launch/nav_to_pose_example_launch.py -> /home/coderey/ros2_ws/install/nav2_simple_commander/share/nav2_simple_commander
[1.676s] copying launch/recoveries_example_launch.py -> /home/coderey/ros2_ws/install/nav2_simple_commander/share/nav2_simple_commander
[1.676s] copying launch/nav_through_poses_example_launch.py -> /home/coderey/ros2_ws/install/nav2_simple_commander/share/nav2_simple_commander
[1.676s] copying launch/inspection_demo_launch.py -> /home/coderey/ros2_ws/install/nav2_simple_commander/share/nav2_simple_commander
[1.676s] copying launch/waypoint_follower_example_launch.py -> /home/coderey/ros2_ws/install/nav2_simple_commander/share/nav2_simple_commander
[1.677s] running install_egg_info
[1.678s] removing '/home/coderey/ros2_ws/install/nav2_simple_commander/lib/python3.8/site-packages/nav2_simple_commander-1.0.0-py3.8.egg-info' (and everything under it)
[1.678s] Copying ../../../build/nav2_simple_commander/nav2_simple_commander.egg-info to /home/coderey/ros2_ws/install/nav2_simple_commander/lib/python3.8/site-packages/nav2_simple_commander-1.0.0-py3.8.egg-info
[1.679s] running install_scripts
[1.698s] Installing demo_inspection script to /home/coderey/ros2_ws/install/nav2_simple_commander/lib/nav2_simple_commander
[1.698s] Installing demo_picking script to /home/coderey/ros2_ws/install/nav2_simple_commander/lib/nav2_simple_commander
[1.698s] Installing demo_recoveries script to /home/coderey/ros2_ws/install/nav2_simple_commander/lib/nav2_simple_commander
[1.698s] Installing demo_security script to /home/coderey/ros2_ws/install/nav2_simple_commander/lib/nav2_simple_commander
[1.698s] Installing example_assisted_teleop script to /home/coderey/ros2_ws/install/nav2_simple_commander/lib/nav2_simple_commander
[1.698s] Installing example_follow_path script to /home/coderey/ros2_ws/install/nav2_simple_commander/lib/nav2_simple_commander
[1.699s] Installing example_nav_through_poses script to /home/coderey/ros2_ws/install/nav2_simple_commander/lib/nav2_simple_commander
[1.699s] Installing example_nav_to_pose script to /home/coderey/ros2_ws/install/nav2_simple_commander/lib/nav2_simple_commander
[1.699s] Installing example_waypoint_follower script to /home/coderey/ros2_ws/install/nav2_simple_commander/lib/nav2_simple_commander
[1.699s] writing list of installed files to '/home/coderey/ros2_ws/build/nav2_simple_commander/install.log'
[1.718s] Invoked command in '/home/coderey/ros2_ws/src/navigation2/nav2_simple_commander' returned '0': AMENT_PREFIX_PATH=/home/coderey/ros2_ws/install/nav2_msgs:${AMENT_PREFIX_PATH} CMAKE_PREFIX_PATH=/home/coderey/ros2_ws/install/nav2_msgs:${CMAKE_PREFIX_PATH} LD_LIBRARY_PATH=/home/coderey/ros2_ws/install/nav2_msgs/lib:${LD_LIBRARY_PATH} PYTHONPATH=/home/coderey/ros2_ws/build/nav2_simple_commander/prefix_override:/home/coderey/ros2_ws/install/nav2_simple_commander/lib/python3.8/site-packages:/home/coderey/ros2_ws/install/nav2_msgs/lib/python3.8/site-packages:${PYTHONPATH} /usr/bin/python3 setup.py egg_info --egg-base ../../../build/nav2_simple_commander build --build-base /home/coderey/ros2_ws/build/nav2_simple_commander/build install --record /home/coderey/ros2_ws/build/nav2_simple_commander/install.log --single-version-externally-managed
