-- Found ament_cmake: 1.1.6 (/opt/ros/galactic/share/ament_cmake/cmake)
-- Using PYTHON_EXECUTABLE: /usr/bin/python3
-- Override CMake install command with custom implementation using symlinks instead of copying resources
-- Found geometry_msgs: 2.2.4 (/home/coderey/microros_ws/install/geometry_msgs/share/geometry_msgs/cmake)
-- Using all available rosidl_typesupport_c: rosidl_typesupport_microxrcedds_c;rosidl_typesupport_fastrtps_c;rosidl_typesupport_introspection_c
-- Found rosidl_adapter: 2.2.3 (/opt/ros/galactic/share/rosidl_adapter/cmake)
-- Using all available rosidl_typesupport_cpp: rosidl_typesupport_microxrcedds_cpp;rosidl_typesupport_fastrtps_cpp;rosidl_typesupport_introspection_cpp
-- Found laser_geometry: 2.2.1 (/opt/ros/galactic/share/laser_geometry/cmake)
-- Found map_msgs: 2.1.0 (/opt/ros/galactic/share/map_msgs/cmake)
-- Found message_filters: 3.2.6 (/opt/ros/galactic/share/message_filters/cmake)
-- Found rmw_implementation_cmake: 3.3.1 (/opt/ros/galactic/share/rmw_implementation_cmake/cmake)
-- Found rmw_cyclonedds_cpp: 0.22.6 (/opt/ros/galactic/share/rmw_cyclonedds_cpp/cmake)
-- Using RMW implementation 'rmw_cyclonedds_cpp' as default
-- Found nav2_common: 1.0.12 (/home/coderey/ros2_ws/install/nav2_common/share/nav2_common/cmake)
-- Found nav2_msgs: 1.0.12 (/home/coderey/ros2_ws/install/nav2_msgs/share/nav2_msgs/cmake)
-- Found nav2_util: 1.0.12 (/home/coderey/ros2_ws/install/nav2_util/share/nav2_util/cmake)
-- Found nav2_voxel_grid: 1.0.12 (/home/coderey/ros2_ws/install/nav2_voxel_grid/share/nav2_voxel_grid/cmake)
-- Found pluginlib: 5.0.1 (/opt/ros/galactic/share/pluginlib/cmake)
-- Found tf2_sensor_msgs: 0.17.5 (/opt/ros/galactic/share/tf2_sensor_msgs/cmake)
-- Found visualization_msgs: 2.2.4 (/home/coderey/microros_ws/install/visualization_msgs/share/visualization_msgs/cmake)
-- Found angles: 1.14.0 (/opt/ros/galactic/share/angles/cmake)
-- Found ament_lint_auto: 0.10.7 (/opt/ros/galactic/share/ament_lint_auto/cmake)
-- Found gtest sources under '/opt/ros/galactic/src/gtest_vendor': C++ tests using 'Google Test' will be built
-- Found gtest sources under '/opt/ros/galactic/src/gtest_vendor': C++ tests using 'Google Test' will be built
-- Found gtest sources under '/opt/ros/galactic/src/gtest_vendor': C++ tests using 'Google Test' will be built
-- Added test 'cppcheck' to perform static code analysis on C / C++ code
-- Configured cppcheck include dirs: /home/coderey/ros2_ws/src/navigation2/nav2_costmap_2d/include
-- Configured cppcheck exclude dirs and/or files: 
-- Added test 'flake8' to check Python code syntax and style conventions
-- Added test 'lint_cmake' to check CMake code style
-- Added test 'pep257' to check Python code against some of the style conventions in PEP 257
-- Added test 'uncrustify' to check C / C++ code style
-- Configured uncrustify additional arguments: 
-- Added test 'xmllint' to check XML markup files
-- Configuring done
-- Generating done
-- Build files have been written to: /home/coderey/ros2_ws/build/nav2_costmap_2d
[  1%] [32mBuilding CXX object gtest/CMakeFiles/gtest.dir/src/gtest-all.cc.o[0m
[  3%] [32mBuilding CXX object CMakeFiles/nav2_costmap_2d_core.dir/src/array_parser.cpp.o[0m
[  4%] [32mBuilding CXX object CMakeFiles/nav2_costmap_2d_core.dir/src/costmap_2d.cpp.o[0m
[  6%] [32mBuilding CXX object CMakeFiles/nav2_costmap_2d_core.dir/src/costmap_math.cpp.o[0m
[  7%] [32mBuilding CXX object CMakeFiles/nav2_costmap_2d_core.dir/src/costmap_2d_publisher.cpp.o[0m
[  9%] [32mBuilding CXX object CMakeFiles/nav2_costmap_2d_core.dir/src/footprint.cpp.o[0m
[ 10%] [32mBuilding CXX object CMakeFiles/nav2_costmap_2d_core.dir/src/costmap_2d_ros.cpp.o[0m
[ 12%] [32mBuilding CXX object CMakeFiles/nav2_costmap_2d_core.dir/src/layered_costmap.cpp.o[0m
[ 14%] [32mBuilding CXX object CMakeFiles/nav2_costmap_2d_core.dir/src/costmap_layer.cpp.o[0m
[ 15%] [32mBuilding CXX object CMakeFiles/nav2_costmap_2d_core.dir/src/layer.cpp.o[0m
[ 17%] [32mBuilding CXX object CMakeFiles/nav2_costmap_2d_core.dir/src/observation_buffer.cpp.o[0m
[ 18%] [32mBuilding CXX object CMakeFiles/nav2_costmap_2d_core.dir/src/clear_costmap_service.cpp.o[0m
[ 20%] [32mBuilding CXX object CMakeFiles/nav2_costmap_2d_core.dir/src/footprint_collision_checker.cpp.o[0m
[ 21%] [32m[1mLinking CXX static library libgtest.a[0m
[ 21%] Built target gtest
[ 23%] [32mBuilding CXX object CMakeFiles/nav2_costmap_2d_core.dir/plugins/costmap_filters/costmap_filter.cpp.o[0m
[ 25%] [32m[1mLinking CXX shared library libnav2_costmap_2d_core.so[0m
[ 25%] Built target nav2_costmap_2d_core
[ 26%] [32mBuilding CXX object gtest/CMakeFiles/gtest_main.dir/src/gtest_main.cc.o[0m
[ 28%] [32m[1mLinking CXX static library libgtest_main.a[0m
[ 28%] Built target gtest_main
[ 29%] [32mBuilding CXX object CMakeFiles/nav2_costmap_2d_cloud.dir/src/costmap_2d_cloud.cpp.o[0m
[ 31%] [32mBuilding CXX object test/unit/CMakeFiles/collision_footprint_test.dir/footprint_collision_checker_test.cpp.o[0m
[ 32%] [32mBuilding CXX object test/unit/CMakeFiles/costmap_convesion_test.dir/costmap_conversion_test.cpp.o[0m
[ 34%] [32mBuilding CXX object test/unit/CMakeFiles/array_parser_test.dir/array_parser_test.cpp.o[0m
[ 35%] [32mBuilding CXX object CMakeFiles/nav2_costmap_2d_markers.dir/src/costmap_2d_markers.cpp.o[0m
[ 37%] [32m[1mLinking CXX executable array_parser_test[0m
[ 37%] Built target array_parser_test
[ 39%] [32m[1mLinking CXX executable nav2_costmap_2d_cloud[0m
[ 39%] Built target nav2_costmap_2d_cloud
[ 40%] [32m[1mLinking CXX executable costmap_convesion_test[0m
[ 42%] [32m[1mLinking CXX executable collision_footprint_test[0m
[ 42%] Built target costmap_convesion_test
[ 42%] Built target collision_footprint_test
[ 43%] [32m[1mLinking CXX executable nav2_costmap_2d_markers[0m
[ 43%] Built target nav2_costmap_2d_markers
[ 45%] [32mBuilding CXX object test/regression/CMakeFiles/costmap_bresenham_2d.dir/costmap_bresenham_2d.cpp.o[0m
[ 46%] [32m[1mLinking CXX executable costmap_bresenham_2d[0m
[ 46%] Built target costmap_bresenham_2d
[ 48%] [32mBuilding CXX object test/unit/CMakeFiles/copy_window_test.dir/copy_window_test.cpp.o[0m
[ 50%] [32m[1mLinking CXX executable copy_window_test[0m
[ 50%] Built target copy_window_test
[ 51%] [32mBuilding CXX object CMakeFiles/nav2_costmap_2d_client.dir/src/footprint_subscriber.cpp.o[0m
[ 53%] [32mBuilding CXX object test/unit/CMakeFiles/declare_parameter_test.dir/declare_parameter_test.cpp.o[0m
[ 54%] [32mBuilding CXX object CMakeFiles/nav2_costmap_2d_client.dir/src/costmap_subscriber.cpp.o[0m
[ 56%] [32m[1mLinking CXX executable declare_parameter_test[0m
[ 56%] Built target declare_parameter_test
[ 57%] [32mBuilding CXX object CMakeFiles/nav2_costmap_2d_client.dir/src/costmap_topic_collision_checker.cpp.o[0m
