-- Found geometry_msgs: 2.2.4 (/home/coderey/microros_ws/install/geometry_msgs/share/geometry_msgs/cmake)
-- Found PythonInterp: /usr/bin/python3 (found suitable version "3.8.10", minimum required is "3") 
-- Using PYTHON_EXECUTABLE: /usr/bin/python3
-- Override CMake install command with custom implementation using symlinks instead of copying resources
-- Using all available rosidl_typesupport_c: rosidl_typesupport_microxrcedds_c;rosidl_typesupport_fastrtps_c;rosidl_typesupport_introspection_c
-- Found rosidl_adapter: 2.2.3 (/opt/ros/galactic/share/rosidl_adapter/cmake)
-- Using all available rosidl_typesupport_cpp: rosidl_typesupport_microxrcedds_cpp;rosidl_typesupport_fastrtps_cpp;rosidl_typesupport_introspection_cpp
-- Found rosidl_default_generators: 1.1.1 (/opt/ros/galactic/share/rosidl_default_generators/cmake)
-- Found PythonInterp: /usr/bin/python3 (found version "3.8.10") 
-- Found ament_cmake_ros: 0.9.2 (/opt/ros/galactic/share/ament_cmake_ros/cmake)
-- Using all available rosidl_typesupport_c: rosidl_typesupport_microxrcedds_c;rosidl_typesupport_fastrtps_c;rosidl_typesupport_introspection_c
-- Using all available rosidl_typesupport_cpp: rosidl_typesupport_microxrcedds_cpp;rosidl_typesupport_fastrtps_cpp;rosidl_typesupport_introspection_cpp
-- Found PythonInterp: /usr/bin/python3 (found suitable version "3.8.10", minimum required is "3.5") 
-- Found python_cmake_module: 0.8.1 (/opt/ros/galactic/share/python_cmake_module/cmake)
-- Using PYTHON_EXECUTABLE: /usr/bin/python3
-- Using PYTHON_INCLUDE_DIRS: /usr/include/python3.8
-- Using PYTHON_LIBRARIES: /usr/lib/x86_64-linux-gnu/libpython3.8.so
-- Configuring done
-- Generating done
-- Build files have been written to: /home/coderey/ros2_ws/build/nav_2d_msgs
[  1%] Built target nav_2d_msgs__cpp
[ 10%] Built target nav_2d_msgs__rosidl_generator_c
[ 28%] Built target nav_2d_msgs__rosidl_typesupport_introspection_cpp
[ 26%] Built target nav_2d_msgs__rosidl_typesupport_cpp
[ 37%] Built target nav_2d_msgs__rosidl_typesupport_microxrcedds_cpp
[ 46%] Built target nav_2d_msgs__rosidl_typesupport_fastrtps_cpp
[ 55%] Built target nav_2d_msgs__rosidl_typesupport_c
[ 64%] Built target nav_2d_msgs__rosidl_typesupport_introspection_c
[ 73%] Built target nav_2d_msgs__rosidl_typesupport_microxrcedds_c
[ 82%] Built target nav_2d_msgs__rosidl_typesupport_fastrtps_c
[ 82%] Built target nav_2d_msgs
[ 83%] Built target nav_2d_msgs__py
[ 91%] Built target nav_2d_msgs__python
[ 93%] Built target nav_2d_msgs__rosidl_typesupport_c__pyext
[ 95%] Built target nav_2d_msgs__rosidl_typesupport_microxrcedds_c__pyext
[ 97%] Built target nav_2d_msgs__rosidl_typesupport_fastrtps_c__pyext
[100%] Built target nav_2d_msgs__rosidl_typesupport_introspection_c__pyext
-- Install configuration: "RelWithDebInfo"
-- Execute custom install script
-- Up-to-date symlink: /home/coderey/ros2_ws/install/nav_2d_msgs/share/ament_index/resource_index/rosidl_interfaces/nav_2d_msgs
-- Up-to-date symlink: /home/coderey/ros2_ws/install/nav_2d_msgs/include/nav_2d_msgs/msg/detail/path2_d__functions.h
-- Up-to-date symlink: /home/coderey/ros2_ws/install/nav_2d_msgs/include/nav_2d_msgs/msg/detail/path2_d__struct.h
-- Up-to-date symlink: /home/coderey/ros2_ws/install/nav_2d_msgs/include/nav_2d_msgs/msg/detail/path2_d__type_support.h
-- Up-to-date symlink: /home/coderey/ros2_ws/install/nav_2d_msgs/include/nav_2d_msgs/msg/detail/pose2_d32__functions.h
-- Up-to-date symlink: /home/coderey/ros2_ws/install/nav_2d_msgs/include/nav_2d_msgs/msg/detail/pose2_d32__struct.h
-- Up-to-date symlink: /home/coderey/ros2_ws/install/nav_2d_msgs/include/nav_2d_msgs/msg/detail/pose2_d32__type_support.h
-- Up-to-date symlink: /home/coderey/ros2_ws/install/nav_2d_msgs/include/nav_2d_msgs/msg/detail/pose2_d_stamped__functions.h
-- Up-to-date symlink: /home/coderey/ros2_ws/install/nav_2d_msgs/include/nav_2d_msgs/msg/detail/pose2_d_stamped__struct.h
-- Up-to-date symlink: /home/coderey/ros2_ws/install/nav_2d_msgs/include/nav_2d_msgs/msg/detail/pose2_d_stamped__type_support.h
-- Up-to-date symlink: /home/coderey/ros2_ws/install/nav_2d_msgs/include/nav_2d_msgs/msg/detail/twist2_d32__functions.h
-- Up-to-date symlink: /home/coderey/ros2_ws/install/nav_2d_msgs/include/nav_2d_msgs/msg/detail/twist2_d32__struct.h
-- Up-to-date symlink: /home/coderey/ros2_ws/install/nav_2d_msgs/include/nav_2d_msgs/msg/detail/twist2_d32__type_support.h
-- Up-to-date symlink: /home/coderey/ros2_ws/install/nav_2d_msgs/include/nav_2d_msgs/msg/detail/twist2_d__functions.h
-- Up-to-date symlink: /home/coderey/ros2_ws/install/nav_2d_msgs/include/nav_2d_msgs/msg/detail/twist2_d__struct.h
-- Up-to-date symlink: /home/coderey/ros2_ws/install/nav_2d_msgs/include/nav_2d_msgs/msg/detail/twist2_d__type_support.h
-- Up-to-date symlink: /home/coderey/ros2_ws/install/nav_2d_msgs/include/nav_2d_msgs/msg/detail/twist2_d_stamped__functions.h
-- Up-to-date symlink: /home/coderey/ros2_ws/install/nav_2d_msgs/include/nav_2d_msgs/msg/detail/twist2_d_stamped__struct.h
-- Up-to-date symlink: /home/coderey/ros2_ws/install/nav_2d_msgs/include/nav_2d_msgs/msg/detail/twist2_d_stamped__type_support.h
-- Up-to-date symlink: /home/coderey/ros2_ws/install/nav_2d_msgs/include/nav_2d_msgs/msg/path2_d.h
-- Up-to-date symlink: /home/coderey/ros2_ws/install/nav_2d_msgs/include/nav_2d_msgs/msg/pose2_d32.h
-- Up-to-date symlink: /home/coderey/ros2_ws/install/nav_2d_msgs/include/nav_2d_msgs/msg/pose2_d_stamped.h
-- Up-to-date symlink: /home/coderey/ros2_ws/install/nav_2d_msgs/include/nav_2d_msgs/msg/rosidl_generator_c__visibility_control.h
-- Up-to-date symlink: /home/coderey/ros2_ws/install/nav_2d_msgs/include/nav_2d_msgs/msg/twist2_d.h
-- Up-to-date symlink: /home/coderey/ros2_ws/install/nav_2d_msgs/include/nav_2d_msgs/msg/twist2_d32.h
-- Up-to-date symlink: /home/coderey/ros2_ws/install/nav_2d_msgs/include/nav_2d_msgs/msg/twist2_d_stamped.h
-- Up-to-date symlink: /home/coderey/ros2_ws/install/nav_2d_msgs/share/nav_2d_msgs/environment/library_path.sh
-- Up-to-date symlink: /home/coderey/ros2_ws/install/nav_2d_msgs/share/nav_2d_msgs/environment/library_path.dsv
-- Up-to-date symlink: /home/coderey/ros2_ws/install/nav_2d_msgs/include/nav_2d_msgs/msg/detail/path2_d__rosidl_typesupport_microxrcedds_c.h
-- Up-to-date symlink: /home/coderey/ros2_ws/install/nav_2d_msgs/include/nav_2d_msgs/msg/detail/pose2_d32__rosidl_typesupport_microxrcedds_c.h
-- Up-to-date symlink: /home/coderey/ros2_ws/install/nav_2d_msgs/include/nav_2d_msgs/msg/detail/pose2_d_stamped__rosidl_typesupport_microxrcedds_c.h
-- Up-to-date symlink: /home/coderey/ros2_ws/install/nav_2d_msgs/include/nav_2d_msgs/msg/detail/twist2_d32__rosidl_typesupport_microxrcedds_c.h
-- Up-to-date symlink: /home/coderey/ros2_ws/install/nav_2d_msgs/include/nav_2d_msgs/msg/detail/twist2_d__rosidl_typesupport_microxrcedds_c.h
-- Up-to-date symlink: /home/coderey/ros2_ws/install/nav_2d_msgs/include/nav_2d_msgs/msg/detail/twist2_d_stamped__rosidl_typesupport_microxrcedds_c.h
-- Up-to-date symlink: /home/coderey/ros2_ws/install/nav_2d_msgs/include/nav_2d_msgs/msg/rosidl_typesupport_microxrcedds_c__visibility_control.h
-- Up-to-date symlink: /home/coderey/ros2_ws/install/nav_2d_msgs/lib/libnav_2d_msgs__rosidl_typesupport_microxrcedds_c.so
-- Up-to-date symlink: /home/coderey/ros2_ws/install/nav_2d_msgs/include/nav_2d_msgs/msg/detail/path2_d__rosidl_typesupport_fastrtps_c.h
-- Up-to-date symlink: /home/coderey/ros2_ws/install/nav_2d_msgs/include/nav_2d_msgs/msg/detail/pose2_d32__rosidl_typesupport_fastrtps_c.h
-- Up-to-date symlink: /home/coderey/ros2_ws/install/nav_2d_msgs/include/nav_2d_msgs/msg/detail/pose2_d_stamped__rosidl_typesupport_fastrtps_c.h
-- Up-to-date symlink: /home/coderey/ros2_ws/install/nav_2d_msgs/include/nav_2d_msgs/msg/detail/twist2_d32__rosidl_typesupport_fastrtps_c.h
-- Up-to-date symlink: /home/coderey/ros2_ws/install/nav_2d_msgs/include/nav_2d_msgs/msg/detail/twist2_d__rosidl_typesupport_fastrtps_c.h
-- Up-to-date symlink: /home/coderey/ros2_ws/install/nav_2d_msgs/include/nav_2d_msgs/msg/detail/twist2_d_stamped__rosidl_typesupport_fastrtps_c.h
-- Up-to-date symlink: /home/coderey/ros2_ws/install/nav_2d_msgs/include/nav_2d_msgs/msg/rosidl_typesupport_fastrtps_c__visibility_control.h
-- Up-to-date symlink: /home/coderey/ros2_ws/install/nav_2d_msgs/lib/libnav_2d_msgs__rosidl_typesupport_fastrtps_c.so
-- Up-to-date symlink: /home/coderey/ros2_ws/install/nav_2d_msgs/include/nav_2d_msgs/msg/detail/path2_d__rosidl_typesupport_fastrtps_cpp.hpp
-- Up-to-date symlink: /home/coderey/ros2_ws/install/nav_2d_msgs/include/nav_2d_msgs/msg/detail/pose2_d32__rosidl_typesupport_fastrtps_cpp.hpp
-- Up-to-date symlink: /home/coderey/ros2_ws/install/nav_2d_msgs/include/nav_2d_msgs/msg/detail/pose2_d_stamped__rosidl_typesupport_fastrtps_cpp.hpp
-- Up-to-date symlink: /home/coderey/ros2_ws/install/nav_2d_msgs/include/nav_2d_msgs/msg/detail/twist2_d32__rosidl_typesupport_fastrtps_cpp.hpp
-- Up-to-date symlink: /home/coderey/ros2_ws/install/nav_2d_msgs/include/nav_2d_msgs/msg/detail/twist2_d__rosidl_typesupport_fastrtps_cpp.hpp
-- Up-to-date symlink: /home/coderey/ros2_ws/install/nav_2d_msgs/include/nav_2d_msgs/msg/detail/twist2_d_stamped__rosidl_typesupport_fastrtps_cpp.hpp
-- Up-to-date symlink: /home/coderey/ros2_ws/install/nav_2d_msgs/include/nav_2d_msgs/msg/rosidl_typesupport_fastrtps_cpp__visibility_control.h
-- Up-to-date symlink: /home/coderey/ros2_ws/install/nav_2d_msgs/lib/libnav_2d_msgs__rosidl_typesupport_fastrtps_cpp.so
-- Up-to-date symlink: /home/coderey/ros2_ws/install/nav_2d_msgs/include/nav_2d_msgs/msg/detail/path2_d__rosidl_typesupport_introspection_c.h
-- Up-to-date symlink: /home/coderey/ros2_ws/install/nav_2d_msgs/include/nav_2d_msgs/msg/detail/pose2_d32__rosidl_typesupport_introspection_c.h
-- Up-to-date symlink: /home/coderey/ros2_ws/install/nav_2d_msgs/include/nav_2d_msgs/msg/detail/pose2_d_stamped__rosidl_typesupport_introspection_c.h
-- Up-to-date symlink: /home/coderey/ros2_ws/install/nav_2d_msgs/include/nav_2d_msgs/msg/detail/twist2_d32__rosidl_typesupport_introspection_c.h
-- Up-to-date symlink: /home/coderey/ros2_ws/install/nav_2d_msgs/include/nav_2d_msgs/msg/detail/twist2_d__rosidl_typesupport_introspection_c.h
-- Up-to-date symlink: /home/coderey/ros2_ws/install/nav_2d_msgs/include/nav_2d_msgs/msg/detail/twist2_d_stamped__rosidl_typesupport_introspection_c.h
-- Up-to-date symlink: /home/coderey/ros2_ws/install/nav_2d_msgs/include/nav_2d_msgs/msg/rosidl_typesupport_introspection_c__visibility_control.h
-- Up-to-date symlink: /home/coderey/ros2_ws/install/nav_2d_msgs/include/nav_2d_msgs/msg/detail/path2_d__builder.hpp
-- Up-to-date symlink: /home/coderey/ros2_ws/install/nav_2d_msgs/include/nav_2d_msgs/msg/detail/path2_d__struct.hpp
-- Up-to-date symlink: /home/coderey/ros2_ws/install/nav_2d_msgs/include/nav_2d_msgs/msg/detail/path2_d__traits.hpp
-- Up-to-date symlink: /home/coderey/ros2_ws/install/nav_2d_msgs/include/nav_2d_msgs/msg/detail/pose2_d32__builder.hpp
-- Up-to-date symlink: /home/coderey/ros2_ws/install/nav_2d_msgs/include/nav_2d_msgs/msg/detail/pose2_d32__struct.hpp
-- Up-to-date symlink: /home/coderey/ros2_ws/install/nav_2d_msgs/include/nav_2d_msgs/msg/detail/pose2_d32__traits.hpp
-- Up-to-date symlink: /home/coderey/ros2_ws/install/nav_2d_msgs/include/nav_2d_msgs/msg/detail/pose2_d_stamped__builder.hpp
-- Up-to-date symlink: /home/coderey/ros2_ws/install/nav_2d_msgs/include/nav_2d_msgs/msg/detail/pose2_d_stamped__struct.hpp
-- Up-to-date symlink: /home/coderey/ros2_ws/install/nav_2d_msgs/include/nav_2d_msgs/msg/detail/pose2_d_stamped__traits.hpp
-- Up-to-date symlink: /home/coderey/ros2_ws/install/nav_2d_msgs/include/nav_2d_msgs/msg/detail/twist2_d32__builder.hpp
-- Up-to-date symlink: /home/coderey/ros2_ws/install/nav_2d_msgs/include/nav_2d_msgs/msg/detail/twist2_d32__struct.hpp
-- Up-to-date symlink: /home/coderey/ros2_ws/install/nav_2d_msgs/include/nav_2d_msgs/msg/detail/twist2_d32__traits.hpp
-- Up-to-date symlink: /home/coderey/ros2_ws/install/nav_2d_msgs/include/nav_2d_msgs/msg/detail/twist2_d__builder.hpp
-- Up-to-date symlink: /home/coderey/ros2_ws/install/nav_2d_msgs/include/nav_2d_msgs/msg/detail/twist2_d__struct.hpp
-- Up-to-date symlink: /home/coderey/ros2_ws/install/nav_2d_msgs/include/nav_2d_msgs/msg/detail/twist2_d__traits.hpp
-- Up-to-date symlink: /home/coderey/ros2_ws/install/nav_2d_msgs/include/nav_2d_msgs/msg/detail/twist2_d_stamped__builder.hpp
-- Up-to-date symlink: /home/coderey/ros2_ws/install/nav_2d_msgs/include/nav_2d_msgs/msg/detail/twist2_d_stamped__struct.hpp
-- Up-to-date symlink: /home/coderey/ros2_ws/install/nav_2d_msgs/include/nav_2d_msgs/msg/detail/twist2_d_stamped__traits.hpp
-- Up-to-date symlink: /home/coderey/ros2_ws/install/nav_2d_msgs/include/nav_2d_msgs/msg/path2_d.hpp
-- Up-to-date symlink: /home/coderey/ros2_ws/install/nav_2d_msgs/include/nav_2d_msgs/msg/pose2_d32.hpp
-- Up-to-date symlink: /home/coderey/ros2_ws/install/nav_2d_msgs/include/nav_2d_msgs/msg/pose2_d_stamped.hpp
-- Up-to-date symlink: /home/coderey/ros2_ws/install/nav_2d_msgs/include/nav_2d_msgs/msg/twist2_d.hpp
-- Up-to-date symlink: /home/coderey/ros2_ws/install/nav_2d_msgs/include/nav_2d_msgs/msg/twist2_d32.hpp
-- Up-to-date symlink: /home/coderey/ros2_ws/install/nav_2d_msgs/include/nav_2d_msgs/msg/twist2_d_stamped.hpp
-- Up-to-date symlink: /home/coderey/ros2_ws/install/nav_2d_msgs/include/nav_2d_msgs/msg/detail/microxrcedds/path2_d__type_support_cpp.cpp
-- Up-to-date symlink: /home/coderey/ros2_ws/install/nav_2d_msgs/include/nav_2d_msgs/msg/detail/microxrcedds/pose2_d32__type_support_cpp.cpp
-- Up-to-date symlink: /home/coderey/ros2_ws/install/nav_2d_msgs/include/nav_2d_msgs/msg/detail/microxrcedds/pose2_d_stamped__type_support_cpp.cpp
-- Up-to-date symlink: /home/coderey/ros2_ws/install/nav_2d_msgs/include/nav_2d_msgs/msg/detail/microxrcedds/twist2_d32__type_support_cpp.cpp
-- Up-to-date symlink: /home/coderey/ros2_ws/install/nav_2d_msgs/include/nav_2d_msgs/msg/detail/microxrcedds/twist2_d__type_support_cpp.cpp
-- Up-to-date symlink: /home/coderey/ros2_ws/install/nav_2d_msgs/include/nav_2d_msgs/msg/detail/microxrcedds/twist2_d_stamped__type_support_cpp.cpp
-- Up-to-date symlink: /home/coderey/ros2_ws/install/nav_2d_msgs/include/nav_2d_msgs/msg/detail/path2_d__rosidl_typesupport_microxrcedds_cpp.hpp
-- Up-to-date symlink: /home/coderey/ros2_ws/install/nav_2d_msgs/include/nav_2d_msgs/msg/detail/pose2_d32__rosidl_typesupport_microxrcedds_cpp.hpp
-- Up-to-date symlink: /home/coderey/ros2_ws/install/nav_2d_msgs/include/nav_2d_msgs/msg/detail/pose2_d_stamped__rosidl_typesupport_microxrcedds_cpp.hpp
-- Up-to-date symlink: /home/coderey/ros2_ws/install/nav_2d_msgs/include/nav_2d_msgs/msg/detail/twist2_d32__rosidl_typesupport_microxrcedds_cpp.hpp
-- Up-to-date symlink: /home/coderey/ros2_ws/install/nav_2d_msgs/include/nav_2d_msgs/msg/detail/twist2_d__rosidl_typesupport_microxrcedds_cpp.hpp
-- Up-to-date symlink: /home/coderey/ros2_ws/install/nav_2d_msgs/include/nav_2d_msgs/msg/detail/twist2_d_stamped__rosidl_typesupport_microxrcedds_cpp.hpp
-- Up-to-date symlink: /home/coderey/ros2_ws/install/nav_2d_msgs/include/nav_2d_msgs/msg/rosidl_typesupport_microxrcedds_cpp__visibility_control.h
-- Up-to-date symlink: /home/coderey/ros2_ws/install/nav_2d_msgs/lib/libnav_2d_msgs__rosidl_typesupport_microxrcedds_cpp.so
-- Up-to-date symlink: /home/coderey/ros2_ws/install/nav_2d_msgs/include/nav_2d_msgs/msg/detail/path2_d__rosidl_typesupport_introspection_cpp.hpp
-- Up-to-date symlink: /home/coderey/ros2_ws/install/nav_2d_msgs/include/nav_2d_msgs/msg/detail/pose2_d32__rosidl_typesupport_introspection_cpp.hpp
-- Up-to-date symlink: /home/coderey/ros2_ws/install/nav_2d_msgs/include/nav_2d_msgs/msg/detail/pose2_d_stamped__rosidl_typesupport_introspection_cpp.hpp
-- Up-to-date symlink: /home/coderey/ros2_ws/install/nav_2d_msgs/include/nav_2d_msgs/msg/detail/twist2_d32__rosidl_typesupport_introspection_cpp.hpp
-- Up-to-date symlink: /home/coderey/ros2_ws/install/nav_2d_msgs/include/nav_2d_msgs/msg/detail/twist2_d__rosidl_typesupport_introspection_cpp.hpp
-- Up-to-date symlink: /home/coderey/ros2_ws/install/nav_2d_msgs/include/nav_2d_msgs/msg/detail/twist2_d_stamped__rosidl_typesupport_introspection_cpp.hpp
-- Up-to-date symlink: /home/coderey/ros2_ws/install/nav_2d_msgs/share/nav_2d_msgs/environment/pythonpath.sh
-- Up-to-date symlink: /home/coderey/ros2_ws/install/nav_2d_msgs/share/nav_2d_msgs/environment/pythonpath.dsv
-- Up-to-date symlink: /home/coderey/ros2_ws/install/nav_2d_msgs/lib/python3.8/site-packages/nav_2d_msgs/__init__.py
-- Up-to-date symlink: /home/coderey/ros2_ws/install/nav_2d_msgs/lib/python3.8/site-packages/nav_2d_msgs/msg/__init__.py
-- Up-to-date symlink: /home/coderey/ros2_ws/install/nav_2d_msgs/lib/python3.8/site-packages/nav_2d_msgs/msg/_path2_d.py
-- Up-to-date symlink: /home/coderey/ros2_ws/install/nav_2d_msgs/lib/python3.8/site-packages/nav_2d_msgs/msg/_pose2_d32.py
-- Up-to-date symlink: /home/coderey/ros2_ws/install/nav_2d_msgs/lib/python3.8/site-packages/nav_2d_msgs/msg/_pose2_d_stamped.py
-- Up-to-date symlink: /home/coderey/ros2_ws/install/nav_2d_msgs/lib/python3.8/site-packages/nav_2d_msgs/msg/_twist2_d.py
-- Up-to-date symlink: /home/coderey/ros2_ws/install/nav_2d_msgs/lib/python3.8/site-packages/nav_2d_msgs/msg/_twist2_d32.py
-- Up-to-date symlink: /home/coderey/ros2_ws/install/nav_2d_msgs/lib/python3.8/site-packages/nav_2d_msgs/msg/_twist2_d_stamped.py
-- Up-to-date symlink: /home/coderey/ros2_ws/install/nav_2d_msgs/lib/python3.8/site-packages/nav_2d_msgs/nav_2d_msgs_s__rosidl_typesupport_microxrcedds_c.cpython-38-x86_64-linux-gnu.so
-- Up-to-date symlink: /home/coderey/ros2_ws/install/nav_2d_msgs/lib/python3.8/site-packages/nav_2d_msgs/nav_2d_msgs_s__rosidl_typesupport_fastrtps_c.cpython-38-x86_64-linux-gnu.so
-- Up-to-date symlink: /home/coderey/ros2_ws/install/nav_2d_msgs/lib/python3.8/site-packages/nav_2d_msgs/nav_2d_msgs_s__rosidl_typesupport_introspection_c.cpython-38-x86_64-linux-gnu.so
-- Up-to-date symlink: /home/coderey/ros2_ws/install/nav_2d_msgs/lib/python3.8/site-packages/nav_2d_msgs/nav_2d_msgs_s__rosidl_typesupport_c.cpython-38-x86_64-linux-gnu.so
-- Up-to-date symlink: /home/coderey/ros2_ws/install/nav_2d_msgs/lib/libnav_2d_msgs__python.so
-- Up-to-date symlink: /home/coderey/ros2_ws/install/nav_2d_msgs/share/nav_2d_msgs/msg/Path2D.idl
-- Up-to-date symlink: /home/coderey/ros2_ws/install/nav_2d_msgs/share/nav_2d_msgs/msg/Pose2D32.idl
-- Up-to-date symlink: /home/coderey/ros2_ws/install/nav_2d_msgs/share/nav_2d_msgs/msg/Pose2DStamped.idl
-- Up-to-date symlink: /home/coderey/ros2_ws/install/nav_2d_msgs/share/nav_2d_msgs/msg/Twist2D.idl
-- Up-to-date symlink: /home/coderey/ros2_ws/install/nav_2d_msgs/share/nav_2d_msgs/msg/Twist2D32.idl
-- Up-to-date symlink: /home/coderey/ros2_ws/install/nav_2d_msgs/share/nav_2d_msgs/msg/Twist2DStamped.idl
-- Up-to-date symlink: /home/coderey/ros2_ws/install/nav_2d_msgs/share/nav_2d_msgs/msg/Path2D.msg
-- Up-to-date symlink: /home/coderey/ros2_ws/install/nav_2d_msgs/share/nav_2d_msgs/msg/Pose2D32.msg
-- Up-to-date symlink: /home/coderey/ros2_ws/install/nav_2d_msgs/share/nav_2d_msgs/msg/Pose2DStamped.msg
-- Up-to-date symlink: /home/coderey/ros2_ws/install/nav_2d_msgs/share/nav_2d_msgs/msg/Twist2D.msg
-- Up-to-date symlink: /home/coderey/ros2_ws/install/nav_2d_msgs/share/nav_2d_msgs/msg/Twist2D32.msg
-- Up-to-date symlink: /home/coderey/ros2_ws/install/nav_2d_msgs/share/nav_2d_msgs/msg/Twist2DStamped.msg
-- Up-to-date symlink: /home/coderey/ros2_ws/install/nav_2d_msgs/share/ament_index/resource_index/package_run_dependencies/nav_2d_msgs
-- Up-to-date symlink: /home/coderey/ros2_ws/install/nav_2d_msgs/share/ament_index/resource_index/parent_prefix_path/nav_2d_msgs
-- Up-to-date symlink: /home/coderey/ros2_ws/install/nav_2d_msgs/share/nav_2d_msgs/environment/ament_prefix_path.sh
-- Up-to-date symlink: /home/coderey/ros2_ws/install/nav_2d_msgs/share/nav_2d_msgs/environment/ament_prefix_path.dsv
-- Up-to-date symlink: /home/coderey/ros2_ws/install/nav_2d_msgs/share/nav_2d_msgs/environment/path.sh
-- Up-to-date symlink: /home/coderey/ros2_ws/install/nav_2d_msgs/share/nav_2d_msgs/environment/path.dsv
-- Up-to-date symlink: /home/coderey/ros2_ws/install/nav_2d_msgs/share/nav_2d_msgs/local_setup.bash
-- Up-to-date symlink: /home/coderey/ros2_ws/install/nav_2d_msgs/share/nav_2d_msgs/local_setup.sh
-- Up-to-date symlink: /home/coderey/ros2_ws/install/nav_2d_msgs/share/nav_2d_msgs/local_setup.zsh
-- Up-to-date symlink: /home/coderey/ros2_ws/install/nav_2d_msgs/share/nav_2d_msgs/local_setup.dsv
-- Symlinking: /home/coderey/ros2_ws/install/nav_2d_msgs/share/nav_2d_msgs/package.dsv
-- Up-to-date symlink: /home/coderey/ros2_ws/install/nav_2d_msgs/share/ament_index/resource_index/packages/nav_2d_msgs
-- Up-to-date symlink: /home/coderey/ros2_ws/install/nav_2d_msgs/share/nav_2d_msgs/cmake/rosidl_cmake-extras.cmake
-- Up-to-date symlink: /home/coderey/ros2_ws/install/nav_2d_msgs/share/nav_2d_msgs/cmake/ament_cmake_export_dependencies-extras.cmake
-- Up-to-date symlink: /home/coderey/ros2_ws/install/nav_2d_msgs/share/nav_2d_msgs/cmake/ament_cmake_export_libraries-extras.cmake
-- Up-to-date symlink: /home/coderey/ros2_ws/install/nav_2d_msgs/share/nav_2d_msgs/cmake/ament_cmake_export_targets-extras.cmake
-- Up-to-date symlink: /home/coderey/ros2_ws/install/nav_2d_msgs/share/nav_2d_msgs/cmake/ament_cmake_export_include_directories-extras.cmake
-- Up-to-date symlink: /home/coderey/ros2_ws/install/nav_2d_msgs/share/nav_2d_msgs/cmake/rosidl_cmake_export_typesupport_libraries-extras.cmake
-- Up-to-date symlink: /home/coderey/ros2_ws/install/nav_2d_msgs/share/nav_2d_msgs/cmake/rosidl_cmake_export_typesupport_targets-extras.cmake
-- Up-to-date symlink: /home/coderey/ros2_ws/install/nav_2d_msgs/share/nav_2d_msgs/cmake/nav_2d_msgsConfig.cmake
-- Up-to-date symlink: /home/coderey/ros2_ws/install/nav_2d_msgs/share/nav_2d_msgs/cmake/nav_2d_msgsConfig-version.cmake
-- Up-to-date symlink: /home/coderey/ros2_ws/install/nav_2d_msgs/share/nav_2d_msgs/package.xml
-- Up-to-date: /home/coderey/ros2_ws/install/nav_2d_msgs/lib/libnav_2d_msgs__rosidl_generator_c.so
-- Up-to-date: /home/coderey/ros2_ws/install/nav_2d_msgs/lib/libnav_2d_msgs__rosidl_typesupport_introspection_c.so
-- Up-to-date: /home/coderey/ros2_ws/install/nav_2d_msgs/lib/libnav_2d_msgs__rosidl_typesupport_c.so
-- Up-to-date: /home/coderey/ros2_ws/install/nav_2d_msgs/lib/libnav_2d_msgs__rosidl_typesupport_introspection_cpp.so
-- Up-to-date: /home/coderey/ros2_ws/install/nav_2d_msgs/lib/libnav_2d_msgs__rosidl_typesupport_cpp.so
Compiling '/home/coderey/ros2_ws/install/nav_2d_msgs/lib/python3.8/site-packages/nav_2d_msgs/__init__.py'...
-- Up-to-date: /home/coderey/ros2_ws/install/nav_2d_msgs/share/nav_2d_msgs/cmake/nav_2d_msgs__rosidl_generator_cExport.cmake
-- Installing: /home/coderey/ros2_ws/install/nav_2d_msgs/share/nav_2d_msgs/cmake/nav_2d_msgs__rosidl_generator_cExport-relwithdebinfo.cmake
-- Up-to-date: /home/coderey/ros2_ws/install/nav_2d_msgs/share/nav_2d_msgs/cmake/nav_2d_msgs__rosidl_typesupport_introspection_cExport.cmake
-- Installing: /home/coderey/ros2_ws/install/nav_2d_msgs/share/nav_2d_msgs/cmake/nav_2d_msgs__rosidl_typesupport_introspection_cExport-relwithdebinfo.cmake
-- Up-to-date: /home/coderey/ros2_ws/install/nav_2d_msgs/share/nav_2d_msgs/cmake/nav_2d_msgs__rosidl_typesupport_cExport.cmake
-- Installing: /home/coderey/ros2_ws/install/nav_2d_msgs/share/nav_2d_msgs/cmake/nav_2d_msgs__rosidl_typesupport_cExport-relwithdebinfo.cmake
-- Up-to-date: /home/coderey/ros2_ws/install/nav_2d_msgs/share/nav_2d_msgs/cmake/nav_2d_msgs__rosidl_generator_cppExport.cmake
-- Up-to-date: /home/coderey/ros2_ws/install/nav_2d_msgs/share/nav_2d_msgs/cmake/nav_2d_msgs__rosidl_typesupport_introspection_cppExport.cmake
-- Installing: /home/coderey/ros2_ws/install/nav_2d_msgs/share/nav_2d_msgs/cmake/nav_2d_msgs__rosidl_typesupport_introspection_cppExport-relwithdebinfo.cmake
-- Up-to-date: /home/coderey/ros2_ws/install/nav_2d_msgs/share/nav_2d_msgs/cmake/nav_2d_msgs__rosidl_typesupport_cppExport.cmake
-- Installing: /home/coderey/ros2_ws/install/nav_2d_msgs/share/nav_2d_msgs/cmake/nav_2d_msgs__rosidl_typesupport_cppExport-relwithdebinfo.cmake
