[1.484s] Invoking command in '/home/coderey/ros2_ws/build/groot': CMAKE_PREFIX_PATH=${CMAKE_PREFIX_PATH}:/home/coderey/ros2_ws/install/swisscat_robot:/home/coderey/ros2_ws/install/nav2_gps_waypoint_follower_demo:/home/coderey/ros2_ws/install/nav2_simple_commander:/home/coderey/ros2_ws/install/mob_rob_loca:/home/coderey/ros2_ws/install/bno055:/home/coderey/microros_ws/install/sensor_msgs_py:/opt/ros/galactic /usr/bin/cmake /home/coderey/ros2_ws/src/Groot -DCMAKE_INSTALL_PREFIX=/home/coderey/ros2_ws/install/groot
[2.079s] -- Using PYTHON_EXECUTABLE: /usr/bin/python3
[2.079s] -- Override CMake install command with custom implementation using symlinks instead of copying resources
[2.079s] -- Found ament_index_cpp: 1.2.0 (/opt/ros/galactic/share/ament_index_cpp/cmake)
[2.079s] -- ---------------------
[2.079s] -- Compiling with AMENT.
[2.079s] -- ---------------------
[2.079s] -- ZeroMQ found.
[2.079s] -- Configuring done
[2.079s] -- Generating done
[2.079s] -- Build files have been written to: /home/coderey/ros2_ws/build/groot
[2.080s] Invoked command in '/home/coderey/ros2_ws/build/groot' returned '0': CMAKE_PREFIX_PATH=${CMAKE_PREFIX_PATH}:/home/coderey/ros2_ws/install/swisscat_robot:/home/coderey/ros2_ws/install/nav2_gps_waypoint_follower_demo:/home/coderey/ros2_ws/install/nav2_simple_commander:/home/coderey/ros2_ws/install/mob_rob_loca:/home/coderey/ros2_ws/install/bno055:/home/coderey/microros_ws/install/sensor_msgs_py:/opt/ros/galactic /usr/bin/cmake /home/coderey/ros2_ws/src/Groot -DCMAKE_INSTALL_PREFIX=/home/coderey/ros2_ws/install/groot
[2.084s] Invoking command in '/home/coderey/ros2_ws/build/groot': CMAKE_PREFIX_PATH=${CMAKE_PREFIX_PATH}:/home/coderey/ros2_ws/install/swisscat_robot:/home/coderey/ros2_ws/install/nav2_gps_waypoint_follower_demo:/home/coderey/ros2_ws/install/nav2_simple_commander:/home/coderey/ros2_ws/install/mob_rob_loca:/home/coderey/ros2_ws/install/bno055:/home/coderey/microros_ws/install/sensor_msgs_py:/opt/ros/galactic /usr/bin/cmake --build /home/coderey/ros2_ws/build/groot -- -j8 -l8
[2.219s] [  1%] [34m[1mAutomatic MOC and UIC for target QtNodeEditor[0m
[2.284s] [  1%] Built target QtNodeEditor_autogen
[2.406s] [ 57%] Built target QtNodeEditor
[2.487s] [ 58%] [34m[1mAutomatic MOC and UIC for target behavior_tree_editor[0m
[2.542s] [ 58%] Built target behavior_tree_editor_autogen
[2.662s] [ 74%] Built target behavior_tree_editor
[2.714s] [ 75%] [34m[1mAutomatic MOC and UIC for target Groot[0m
[2.764s] [ 76%] [34m[1mAutomatic MOC and UIC for target replay_test[0m
[2.779s] [ 76%] [34m[1mAutomatic MOC and UIC for target editor_test[0m
[2.809s] [ 76%] Built target Groot_autogen
[2.886s] [ 76%] Built target replay_test_autogen
[2.904s] [ 76%] Built target editor_test_autogen
[2.972s] [ 82%] Built target Groot
[3.001s] [ 91%] Built target replay_test
[3.015s] [100%] Built target editor_test
[3.155s] Invoked command in '/home/coderey/ros2_ws/build/groot' returned '0': CMAKE_PREFIX_PATH=${CMAKE_PREFIX_PATH}:/home/coderey/ros2_ws/install/swisscat_robot:/home/coderey/ros2_ws/install/nav2_gps_waypoint_follower_demo:/home/coderey/ros2_ws/install/nav2_simple_commander:/home/coderey/ros2_ws/install/mob_rob_loca:/home/coderey/ros2_ws/install/bno055:/home/coderey/microros_ws/install/sensor_msgs_py:/opt/ros/galactic /usr/bin/cmake --build /home/coderey/ros2_ws/build/groot -- -j8 -l8
[4.023s] Invoking command in '/home/coderey/ros2_ws/build/groot': CMAKE_PREFIX_PATH=${CMAKE_PREFIX_PATH}:/home/coderey/ros2_ws/install/swisscat_robot:/home/coderey/ros2_ws/install/nav2_gps_waypoint_follower_demo:/home/coderey/ros2_ws/install/nav2_simple_commander:/home/coderey/ros2_ws/install/mob_rob_loca:/home/coderey/ros2_ws/install/bno055:/home/coderey/microros_ws/install/sensor_msgs_py:/opt/ros/galactic /usr/bin/cmake --install /home/coderey/ros2_ws/build/groot
[4.039s] -- Install configuration: "RelWithDebInfo"
[4.043s] -- Execute custom install script
[4.044s] -- Up-to-date symlink: /home/coderey/ros2_ws/install/groot/lib/libbehavior_tree_editor.so
[4.044s] -- Up-to-date symlink: /home/coderey/ros2_ws/install/groot/lib/groot/Groot
[4.046s] -- Up-to-date symlink: /home/coderey/ros2_ws/install/groot/share/groot/environment/library_path.sh
[4.047s] -- Up-to-date symlink: /home/coderey/ros2_ws/install/groot/share/groot/environment/library_path.dsv
[4.048s] -- Up-to-date symlink: /home/coderey/ros2_ws/install/groot/share/ament_index/resource_index/package_run_dependencies/groot
[4.050s] -- Up-to-date symlink: /home/coderey/ros2_ws/install/groot/share/ament_index/resource_index/parent_prefix_path/groot
[4.051s] -- Up-to-date symlink: /home/coderey/ros2_ws/install/groot/share/groot/environment/ament_prefix_path.sh
[4.052s] -- Up-to-date symlink: /home/coderey/ros2_ws/install/groot/share/groot/environment/ament_prefix_path.dsv
[4.053s] -- Up-to-date symlink: /home/coderey/ros2_ws/install/groot/share/groot/environment/path.sh
[4.055s] -- Up-to-date symlink: /home/coderey/ros2_ws/install/groot/share/groot/environment/path.dsv
[4.056s] -- Up-to-date symlink: /home/coderey/ros2_ws/install/groot/share/groot/local_setup.bash
[4.057s] -- Up-to-date symlink: /home/coderey/ros2_ws/install/groot/share/groot/local_setup.sh
[4.058s] -- Up-to-date symlink: /home/coderey/ros2_ws/install/groot/share/groot/local_setup.zsh
[4.059s] -- Up-to-date symlink: /home/coderey/ros2_ws/install/groot/share/groot/local_setup.dsv
[4.059s] -- Symlinking: /home/coderey/ros2_ws/install/groot/share/groot/package.dsv
[4.082s] -- Up-to-date symlink: /home/coderey/ros2_ws/install/groot/share/ament_index/resource_index/packages/groot
[4.083s] -- Up-to-date symlink: /home/coderey/ros2_ws/install/groot/share/groot/cmake/ament_cmake_export_include_directories-extras.cmake
[4.084s] -- Up-to-date symlink: /home/coderey/ros2_ws/install/groot/share/groot/cmake/ament_cmake_export_dependencies-extras.cmake
[4.084s] -- Up-to-date symlink: /home/coderey/ros2_ws/install/groot/share/groot/cmake/ament_cmake_export_libraries-extras.cmake
[4.085s] -- Up-to-date symlink: /home/coderey/ros2_ws/install/groot/share/groot/cmake/grootConfig.cmake
[4.085s] -- Up-to-date symlink: /home/coderey/ros2_ws/install/groot/share/groot/cmake/grootConfig-version.cmake
[4.086s] -- Up-to-date symlink: /home/coderey/ros2_ws/install/groot/share/groot/package.xml
[4.989s] Invoked command in '/home/coderey/ros2_ws/build/groot' returned '0': CMAKE_PREFIX_PATH=${CMAKE_PREFIX_PATH}:/home/coderey/ros2_ws/install/swisscat_robot:/home/coderey/ros2_ws/install/nav2_gps_waypoint_follower_demo:/home/coderey/ros2_ws/install/nav2_simple_commander:/home/coderey/ros2_ws/install/mob_rob_loca:/home/coderey/ros2_ws/install/bno055:/home/coderey/microros_ws/install/sensor_msgs_py:/opt/ros/galactic /usr/bin/cmake --install /home/coderey/ros2_ws/build/groot
