[0.000000] (-) TimerEvent: {}
[0.000142] (-) JobUnselected: {'identifier': 'bno055'}
[0.000239] (-) JobUnselected: {'identifier': 'costmap_queue'}
[0.000252] (-) JobUnselected: {'identifier': 'dwb_core'}
[0.000262] (-) JobUnselected: {'identifier': 'dwb_critics'}
[0.000271] (-) JobUnselected: {'identifier': 'dwb_msgs'}
[0.000281] (-) JobUnselected: {'identifier': 'dwb_plugins'}
[0.000290] (-) JobUnselected: {'identifier': 'marvelmind_ros2'}
[0.000300] (-) JobUnselected: {'identifier': 'marvelmind_ros2_msgs'}
[0.000309] (-) JobUnselected: {'identifier': 'mob_rob_loca'}
[0.000318] (-) JobUnselected: {'identifier': 'nav2_amcl'}
[0.000327] (-) JobUnselected: {'identifier': 'nav2_behavior_tree'}
[0.000335] (-) JobUnselected: {'identifier': 'nav2_behaviors'}
[0.000344] (-) JobUnselected: {'identifier': 'nav2_bringup'}
[0.000353] (-) JobUnselected: {'identifier': 'nav2_bt_navigator'}
[0.000362] (-) JobUnselected: {'identifier': 'nav2_collision_monitor'}
[0.000371] (-) JobUnselected: {'identifier': 'nav2_common'}
[0.000380] (-) JobUnselected: {'identifier': 'nav2_constrained_smoother'}
[0.000389] (-) JobUnselected: {'identifier': 'nav2_controller'}
[0.000398] (-) JobUnselected: {'identifier': 'nav2_core'}
[0.000407] (-) JobUnselected: {'identifier': 'nav2_costmap_2d'}
[0.000416] (-) JobUnselected: {'identifier': 'nav2_dwb_controller'}
[0.000425] (-) JobUnselected: {'identifier': 'nav2_lifecycle_manager'}
[0.000434] (-) JobUnselected: {'identifier': 'nav2_map_server'}
[0.000442] (-) JobUnselected: {'identifier': 'nav2_mppi_controller'}
[0.000451] (-) JobUnselected: {'identifier': 'nav2_msgs'}
[0.000460] (-) JobUnselected: {'identifier': 'nav2_navfn_planner'}
[0.000469] (-) JobUnselected: {'identifier': 'nav2_planner'}
[0.000478] (-) JobUnselected: {'identifier': 'nav2_regulated_pure_pursuit_controller'}
[0.000487] (-) JobUnselected: {'identifier': 'nav2_rotation_shim_controller'}
[0.000496] (-) JobUnselected: {'identifier': 'nav2_rviz_plugins'}
[0.000510] (-) JobUnselected: {'identifier': 'nav2_simple_commander'}
[0.000856] (-) JobUnselected: {'identifier': 'nav2_smac_planner'}
[0.000875] (-) JobUnselected: {'identifier': 'nav2_smoother'}
[0.000885] (-) JobUnselected: {'identifier': 'nav2_system_tests'}
[0.000893] (-) JobUnselected: {'identifier': 'nav2_theta_star_planner'}
[0.000901] (-) JobUnselected: {'identifier': 'nav2_util'}
[0.000909] (-) JobUnselected: {'identifier': 'nav2_velocity_smoother'}
[0.000916] (-) JobUnselected: {'identifier': 'nav2_voxel_grid'}
[0.000923] (-) JobUnselected: {'identifier': 'nav2_waypoint_follower'}
[0.000931] (-) JobUnselected: {'identifier': 'nav_2d_msgs'}
[0.000938] (-) JobUnselected: {'identifier': 'nav_2d_utils'}
[0.000946] (-) JobUnselected: {'identifier': 'robot_localization'}
[0.000955] (navigation2) JobQueued: {'identifier': 'navigation2', 'dependencies': OrderedDict([('nav2_common', '/home/coderey/ros2_ws/install/nav2_common'), ('nav_2d_msgs', '/home/coderey/ros2_ws/install/nav_2d_msgs'), ('robot_localization', '/home/coderey/ros2_ws/install/robot_localization'), ('dwb_msgs', '/home/coderey/ros2_ws/install/dwb_msgs'), ('nav2_msgs', '/home/coderey/ros2_ws/install/nav2_msgs'), ('nav2_voxel_grid', '/home/coderey/ros2_ws/install/nav2_voxel_grid'), ('nav2_simple_commander', '/home/coderey/ros2_ws/install/nav2_simple_commander'), ('nav2_util', '/home/coderey/ros2_ws/install/nav2_util'), ('nav2_amcl', '/home/coderey/ros2_ws/install/nav2_amcl'), ('nav2_behavior_tree', '/home/coderey/ros2_ws/install/nav2_behavior_tree'), ('nav2_lifecycle_manager', '/home/coderey/ros2_ws/install/nav2_lifecycle_manager'), ('nav2_map_server', '/home/coderey/ros2_ws/install/nav2_map_server'), ('nav2_velocity_smoother', '/home/coderey/ros2_ws/install/nav2_velocity_smoother'), ('nav_2d_utils', '/home/coderey/ros2_ws/install/nav_2d_utils'), ('nav2_costmap_2d', '/home/coderey/ros2_ws/install/nav2_costmap_2d'), ('nav2_rviz_plugins', '/home/coderey/ros2_ws/install/nav2_rviz_plugins'), ('costmap_queue', '/home/coderey/ros2_ws/install/costmap_queue'), ('nav2_collision_monitor', '/home/coderey/ros2_ws/install/nav2_collision_monitor'), ('nav2_core', '/home/coderey/ros2_ws/install/nav2_core'), ('dwb_core', '/home/coderey/ros2_ws/install/dwb_core'), ('nav2_behaviors', '/home/coderey/ros2_ws/install/nav2_behaviors'), ('nav2_bt_navigator', '/home/coderey/ros2_ws/install/nav2_bt_navigator'), ('nav2_constrained_smoother', '/home/coderey/ros2_ws/install/nav2_constrained_smoother'), ('nav2_controller', '/home/coderey/ros2_ws/install/nav2_controller'), ('nav2_mppi_controller', '/home/coderey/ros2_ws/install/nav2_mppi_controller'), ('nav2_navfn_planner', '/home/coderey/ros2_ws/install/nav2_navfn_planner'), ('nav2_planner', '/home/coderey/ros2_ws/install/nav2_planner'), ('nav2_regulated_pure_pursuit_controller', '/home/coderey/ros2_ws/install/nav2_regulated_pure_pursuit_controller'), ('nav2_smac_planner', '/home/coderey/ros2_ws/install/nav2_smac_planner'), ('nav2_smoother', '/home/coderey/ros2_ws/install/nav2_smoother'), ('nav2_theta_star_planner', '/home/coderey/ros2_ws/install/nav2_theta_star_planner'), ('nav2_waypoint_follower', '/home/coderey/ros2_ws/install/nav2_waypoint_follower'), ('dwb_critics', '/home/coderey/ros2_ws/install/dwb_critics'), ('dwb_plugins', '/home/coderey/ros2_ws/install/dwb_plugins'), ('nav2_rotation_shim_controller', '/home/coderey/ros2_ws/install/nav2_rotation_shim_controller'), ('nav2_dwb_controller', '/home/coderey/ros2_ws/install/nav2_dwb_controller')])}
[0.001001] (navigation2) JobStarted: {'identifier': 'navigation2'}
[0.100194] (-) TimerEvent: {}
[0.196212] (navigation2) JobEnded: {'identifier': 'navigation2', 'rc': 1}
[0.200430] (-) TimerEvent: {}
[0.206923] (-) EventReactorShutdown: {}
