[0.987s] Invoking command in '/home/coderey/ros2_ws/build/marvelmind_ros2_msgs': CMAKE_PREFIX_PATH=${CMAKE_PREFIX_PATH}:/home/coderey/ros2_ws/install/swisscat_robot:/home/coderey/ros2_ws/install/nav2_gps_waypoint_follower_demo:/home/coderey/ros2_ws/install/nav2_simple_commander:/home/coderey/ros2_ws/install/mob_rob_loca:/home/coderey/ros2_ws/install/bno055:/home/coderey/microros_ws/install/sensor_msgs_py:/opt/ros/galactic /usr/bin/cmake --build /home/coderey/ros2_ws/build/marvelmind_ros2_msgs -- -j8 -l8
[1.976s] [  0%] Built target marvelmind_ros2_msgs__cpp
[1.976s] [  9%] Built target marvelmind_ros2_msgs__rosidl_generator_c
[1.977s] [ 18%] Built target marvelmind_ros2_msgs__rosidl_typesupport_introspection_cpp
[1.977s] [ 27%] Built target marvelmind_ros2_msgs__rosidl_typesupport_fastrtps_cpp
[1.977s] [ 37%] Built target marvelmind_ros2_msgs__rosidl_typesupport_microxrcedds_cpp
[1.977s] [ 47%] Built target marvelmind_ros2_msgs__rosidl_typesupport_introspection_c
[1.977s] [ 56%] Built target marvelmind_ros2_msgs__rosidl_typesupport_cpp
[1.977s] [ 65%] Built target marvelmind_ros2_msgs__rosidl_typesupport_c
[1.978s] [ 75%] Built target marvelmind_ros2_msgs__rosidl_typesupport_microxrcedds_c
[1.978s] [ 84%] Built target marvelmind_ros2_msgs__rosidl_typesupport_fastrtps_c
[1.978s] [ 84%] Built target marvelmind_ros2_msgs
[1.978s] [ 85%] Built target marvelmind_ros2_msgs__py
[1.978s] [ 94%] Built target marvelmind_ros2_msgs__python
[1.978s] [ 96%] Built target marvelmind_ros2_msgs__rosidl_typesupport_fastrtps_c__pyext
[1.978s] [ 97%] Built target marvelmind_ros2_msgs__rosidl_typesupport_introspection_c__pyext
[1.978s] [ 99%] Built target marvelmind_ros2_msgs__rosidl_typesupport_c__pyext
[1.978s] [100%] Built target marvelmind_ros2_msgs__rosidl_typesupport_microxrcedds_c__pyext
[1.979s] Invoked command in '/home/coderey/ros2_ws/build/marvelmind_ros2_msgs' returned '0': CMAKE_PREFIX_PATH=${CMAKE_PREFIX_PATH}:/home/coderey/ros2_ws/install/swisscat_robot:/home/coderey/ros2_ws/install/nav2_gps_waypoint_follower_demo:/home/coderey/ros2_ws/install/nav2_simple_commander:/home/coderey/ros2_ws/install/mob_rob_loca:/home/coderey/ros2_ws/install/bno055:/home/coderey/microros_ws/install/sensor_msgs_py:/opt/ros/galactic /usr/bin/cmake --build /home/coderey/ros2_ws/build/marvelmind_ros2_msgs -- -j8 -l8
[3.484s] Invoking command in '/home/coderey/ros2_ws/build/marvelmind_ros2_msgs': CMAKE_PREFIX_PATH=${CMAKE_PREFIX_PATH}:/home/coderey/ros2_ws/install/swisscat_robot:/home/coderey/ros2_ws/install/nav2_gps_waypoint_follower_demo:/home/coderey/ros2_ws/install/nav2_simple_commander:/home/coderey/ros2_ws/install/mob_rob_loca:/home/coderey/ros2_ws/install/bno055:/home/coderey/microros_ws/install/sensor_msgs_py:/opt/ros/galactic /usr/bin/cmake --install /home/coderey/ros2_ws/build/marvelmind_ros2_msgs
[3.540s] -- Install configuration: ""
[3.540s] -- Up-to-date: /home/coderey/ros2_ws/install/marvelmind_ros2_msgs/share/ament_index/resource_index/rosidl_interfaces/marvelmind_ros2_msgs
[3.540s] -- Up-to-date: /home/coderey/ros2_ws/install/marvelmind_ros2_msgs/include/marvelmind_ros2_msgs
[3.540s] -- Up-to-date: /home/coderey/ros2_ws/install/marvelmind_ros2_msgs/include/marvelmind_ros2_msgs/srv
[3.540s] -- Up-to-date: /home/coderey/ros2_ws/install/marvelmind_ros2_msgs/include/marvelmind_ros2_msgs/srv/marvelmind_api.h
[3.540s] -- Up-to-date: /home/coderey/ros2_ws/install/marvelmind_ros2_msgs/include/marvelmind_ros2_msgs/srv/detail
[3.540s] -- Up-to-date: /home/coderey/ros2_ws/install/marvelmind_ros2_msgs/include/marvelmind_ros2_msgs/srv/detail/marvelmind_api__functions.c
[3.540s] -- Up-to-date: /home/coderey/ros2_ws/install/marvelmind_ros2_msgs/include/marvelmind_ros2_msgs/srv/detail/marvelmind_api__type_support.h
[3.540s] -- Up-to-date: /home/coderey/ros2_ws/install/marvelmind_ros2_msgs/include/marvelmind_ros2_msgs/srv/detail/marvelmind_api__struct.h
[3.540s] -- Up-to-date: /home/coderey/ros2_ws/install/marvelmind_ros2_msgs/include/marvelmind_ros2_msgs/srv/detail/marvelmind_api__functions.h
[3.540s] -- Up-to-date: /home/coderey/ros2_ws/install/marvelmind_ros2_msgs/include/marvelmind_ros2_msgs/msg
[3.540s] -- Up-to-date: /home/coderey/ros2_ws/install/marvelmind_ros2_msgs/include/marvelmind_ros2_msgs/msg/hedge_imu_fusion.h
[3.540s] -- Up-to-date: /home/coderey/ros2_ws/install/marvelmind_ros2_msgs/include/marvelmind_ros2_msgs/msg/hedge_quality.h
[3.540s] -- Up-to-date: /home/coderey/ros2_ws/install/marvelmind_ros2_msgs/include/marvelmind_ros2_msgs/msg/hedge_position_addressed.h
[3.540s] -- Up-to-date: /home/coderey/ros2_ws/install/marvelmind_ros2_msgs/include/marvelmind_ros2_msgs/msg/beacon_distance.h
[3.540s] -- Up-to-date: /home/coderey/ros2_ws/install/marvelmind_ros2_msgs/include/marvelmind_ros2_msgs/msg/beacon_position_addressed.h
[3.541s] -- Up-to-date: /home/coderey/ros2_ws/install/marvelmind_ros2_msgs/include/marvelmind_ros2_msgs/msg/rosidl_generator_c__visibility_control.h
[3.541s] -- Up-to-date: /home/coderey/ros2_ws/install/marvelmind_ros2_msgs/include/marvelmind_ros2_msgs/msg/marvelmind_waypoint.h
[3.541s] -- Up-to-date: /home/coderey/ros2_ws/install/marvelmind_ros2_msgs/include/marvelmind_ros2_msgs/msg/marvelmind_user_data.h
[3.541s] -- Up-to-date: /home/coderey/ros2_ws/install/marvelmind_ros2_msgs/include/marvelmind_ros2_msgs/msg/hedge_position_angle.h
[3.541s] -- Up-to-date: /home/coderey/ros2_ws/install/marvelmind_ros2_msgs/include/marvelmind_ros2_msgs/msg/hedge_telemetry.h
[3.541s] -- Up-to-date: /home/coderey/ros2_ws/install/marvelmind_ros2_msgs/include/marvelmind_ros2_msgs/msg/hedge_imu_raw.h
[3.541s] -- Up-to-date: /home/coderey/ros2_ws/install/marvelmind_ros2_msgs/include/marvelmind_ros2_msgs/msg/hedge_position.h
[3.541s] -- Up-to-date: /home/coderey/ros2_ws/install/marvelmind_ros2_msgs/include/marvelmind_ros2_msgs/msg/detail
[3.541s] -- Up-to-date: /home/coderey/ros2_ws/install/marvelmind_ros2_msgs/include/marvelmind_ros2_msgs/msg/detail/hedge_imu_fusion__functions.h
[3.542s] -- Up-to-date: /home/coderey/ros2_ws/install/marvelmind_ros2_msgs/include/marvelmind_ros2_msgs/msg/detail/hedge_imu_fusion__functions.c
[3.543s] -- Up-to-date: /home/coderey/ros2_ws/install/marvelmind_ros2_msgs/include/marvelmind_ros2_msgs/msg/detail/hedge_quality__struct.h
[3.543s] -- Up-to-date: /home/coderey/ros2_ws/install/marvelmind_ros2_msgs/include/marvelmind_ros2_msgs/msg/detail/hedge_position_addressed__type_support.h
[3.543s] -- Up-to-date: /home/coderey/ros2_ws/install/marvelmind_ros2_msgs/include/marvelmind_ros2_msgs/msg/detail/hedge_quality__functions.h
[3.544s] -- Up-to-date: /home/coderey/ros2_ws/install/marvelmind_ros2_msgs/include/marvelmind_ros2_msgs/msg/detail/hedge_position_angle__functions.c
[3.544s] -- Up-to-date: /home/coderey/ros2_ws/install/marvelmind_ros2_msgs/include/marvelmind_ros2_msgs/msg/detail/beacon_position_addressed__type_support.h
[3.544s] -- Up-to-date: /home/coderey/ros2_ws/install/marvelmind_ros2_msgs/include/marvelmind_ros2_msgs/msg/detail/hedge_position_angle__type_support.h
[3.545s] -- Up-to-date: /home/coderey/ros2_ws/install/marvelmind_ros2_msgs/include/marvelmind_ros2_msgs/msg/detail/hedge_position__functions.h
[3.545s] -- Up-to-date: /home/coderey/ros2_ws/install/marvelmind_ros2_msgs/include/marvelmind_ros2_msgs/msg/detail/hedge_quality__type_support.h
[3.545s] -- Up-to-date: /home/coderey/ros2_ws/install/marvelmind_ros2_msgs/include/marvelmind_ros2_msgs/msg/detail/hedge_imu_fusion__struct.h
[3.546s] -- Up-to-date: /home/coderey/ros2_ws/install/marvelmind_ros2_msgs/include/marvelmind_ros2_msgs/msg/detail/hedge_position_angle__struct.h
[3.549s] -- Up-to-date: /home/coderey/ros2_ws/install/marvelmind_ros2_msgs/include/marvelmind_ros2_msgs/msg/detail/hedge_imu_fusion__type_support.h
[3.550s] -- Up-to-date: /home/coderey/ros2_ws/install/marvelmind_ros2_msgs/include/marvelmind_ros2_msgs/msg/detail/hedge_telemetry__functions.c
[3.550s] -- Up-to-date: /home/coderey/ros2_ws/install/marvelmind_ros2_msgs/include/marvelmind_ros2_msgs/msg/detail/beacon_distance__functions.c
[3.551s] -- Up-to-date: /home/coderey/ros2_ws/install/marvelmind_ros2_msgs/include/marvelmind_ros2_msgs/msg/detail/hedge_imu_raw__struct.h
[3.551s] -- Up-to-date: /home/coderey/ros2_ws/install/marvelmind_ros2_msgs/include/marvelmind_ros2_msgs/msg/detail/hedge_telemetry__struct.h
[3.551s] -- Up-to-date: /home/coderey/ros2_ws/install/marvelmind_ros2_msgs/include/marvelmind_ros2_msgs/msg/detail/marvelmind_user_data__functions.c
[3.551s] -- Up-to-date: /home/coderey/ros2_ws/install/marvelmind_ros2_msgs/include/marvelmind_ros2_msgs/msg/detail/hedge_position_addressed__functions.h
[3.552s] -- Up-to-date: /home/coderey/ros2_ws/install/marvelmind_ros2_msgs/include/marvelmind_ros2_msgs/msg/detail/marvelmind_user_data__type_support.h
[3.552s] -- Up-to-date: /home/coderey/ros2_ws/install/marvelmind_ros2_msgs/include/marvelmind_ros2_msgs/msg/detail/marvelmind_user_data__struct.h
[3.552s] -- Up-to-date: /home/coderey/ros2_ws/install/marvelmind_ros2_msgs/include/marvelmind_ros2_msgs/msg/detail/beacon_distance__functions.h
[3.552s] -- Up-to-date: /home/coderey/ros2_ws/install/marvelmind_ros2_msgs/include/marvelmind_ros2_msgs/msg/detail/hedge_position__type_support.h
[3.553s] -- Up-to-date: /home/coderey/ros2_ws/install/marvelmind_ros2_msgs/include/marvelmind_ros2_msgs/msg/detail/marvelmind_waypoint__struct.h
[3.553s] -- Up-to-date: /home/coderey/ros2_ws/install/marvelmind_ros2_msgs/include/marvelmind_ros2_msgs/msg/detail/beacon_position_addressed__functions.c
[3.553s] -- Up-to-date: /home/coderey/ros2_ws/install/marvelmind_ros2_msgs/include/marvelmind_ros2_msgs/msg/detail/marvelmind_waypoint__functions.c
[3.554s] -- Up-to-date: /home/coderey/ros2_ws/install/marvelmind_ros2_msgs/include/marvelmind_ros2_msgs/msg/detail/hedge_telemetry__functions.h
[3.554s] -- Up-to-date: /home/coderey/ros2_ws/install/marvelmind_ros2_msgs/include/marvelmind_ros2_msgs/msg/detail/hedge_position_angle__functions.h
[3.554s] -- Up-to-date: /home/coderey/ros2_ws/install/marvelmind_ros2_msgs/include/marvelmind_ros2_msgs/msg/detail/hedge_telemetry__type_support.h
[3.555s] -- Up-to-date: /home/coderey/ros2_ws/install/marvelmind_ros2_msgs/include/marvelmind_ros2_msgs/msg/detail/hedge_position_addressed__struct.h
[3.555s] -- Up-to-date: /home/coderey/ros2_ws/install/marvelmind_ros2_msgs/include/marvelmind_ros2_msgs/msg/detail/marvelmind_user_data__functions.h
[3.555s] -- Up-to-date: /home/coderey/ros2_ws/install/marvelmind_ros2_msgs/include/marvelmind_ros2_msgs/msg/detail/marvelmind_waypoint__functions.h
[3.556s] -- Up-to-date: /home/coderey/ros2_ws/install/marvelmind_ros2_msgs/include/marvelmind_ros2_msgs/msg/detail/hedge_position__struct.h
[3.556s] -- Up-to-date: /home/coderey/ros2_ws/install/marvelmind_ros2_msgs/include/marvelmind_ros2_msgs/msg/detail/hedge_position__functions.c
[3.556s] -- Up-to-date: /home/coderey/ros2_ws/install/marvelmind_ros2_msgs/include/marvelmind_ros2_msgs/msg/detail/beacon_position_addressed__functions.h
[3.556s] -- Up-to-date: /home/coderey/ros2_ws/install/marvelmind_ros2_msgs/include/marvelmind_ros2_msgs/msg/detail/beacon_distance__type_support.h
[3.556s] -- Up-to-date: /home/coderey/ros2_ws/install/marvelmind_ros2_msgs/include/marvelmind_ros2_msgs/msg/detail/hedge_imu_raw__functions.h
[3.557s] -- Up-to-date: /home/coderey/ros2_ws/install/marvelmind_ros2_msgs/include/marvelmind_ros2_msgs/msg/detail/hedge_position_addressed__functions.c
[3.557s] -- Up-to-date: /home/coderey/ros2_ws/install/marvelmind_ros2_msgs/include/marvelmind_ros2_msgs/msg/detail/beacon_position_addressed__struct.h
[3.557s] -- Up-to-date: /home/coderey/ros2_ws/install/marvelmind_ros2_msgs/include/marvelmind_ros2_msgs/msg/detail/beacon_distance__struct.h
[3.557s] -- Up-to-date: /home/coderey/ros2_ws/install/marvelmind_ros2_msgs/include/marvelmind_ros2_msgs/msg/detail/hedge_imu_raw__functions.c
[3.558s] -- Up-to-date: /home/coderey/ros2_ws/install/marvelmind_ros2_msgs/include/marvelmind_ros2_msgs/msg/detail/hedge_quality__functions.c
[3.558s] -- Up-to-date: /home/coderey/ros2_ws/install/marvelmind_ros2_msgs/include/marvelmind_ros2_msgs/msg/detail/marvelmind_waypoint__type_support.h
[3.558s] -- Up-to-date: /home/coderey/ros2_ws/install/marvelmind_ros2_msgs/include/marvelmind_ros2_msgs/msg/detail/hedge_imu_raw__type_support.h
[3.558s] -- Up-to-date: /home/coderey/ros2_ws/install/marvelmind_ros2_msgs/share/marvelmind_ros2_msgs/environment/library_path.sh
[3.559s] -- Up-to-date: /home/coderey/ros2_ws/install/marvelmind_ros2_msgs/share/marvelmind_ros2_msgs/environment/library_path.dsv
[3.559s] -- Up-to-date: /home/coderey/ros2_ws/install/marvelmind_ros2_msgs/lib/libmarvelmind_ros2_msgs__rosidl_generator_c.so
[3.559s] -- Up-to-date: /home/coderey/ros2_ws/install/marvelmind_ros2_msgs/include/marvelmind_ros2_msgs
[3.560s] -- Up-to-date: /home/coderey/ros2_ws/install/marvelmind_ros2_msgs/include/marvelmind_ros2_msgs/srv
[3.560s] -- Up-to-date: /home/coderey/ros2_ws/install/marvelmind_ros2_msgs/include/marvelmind_ros2_msgs/srv/detail
[3.560s] -- Up-to-date: /home/coderey/ros2_ws/install/marvelmind_ros2_msgs/include/marvelmind_ros2_msgs/srv/detail/marvelmind_api__rosidl_typesupport_microxrcedds_c.h
[3.561s] -- Up-to-date: /home/coderey/ros2_ws/install/marvelmind_ros2_msgs/include/marvelmind_ros2_msgs/srv/detail/microxrcedds
[3.561s] -- Up-to-date: /home/coderey/ros2_ws/install/marvelmind_ros2_msgs/include/marvelmind_ros2_msgs/msg
[3.561s] -- Up-to-date: /home/coderey/ros2_ws/install/marvelmind_ros2_msgs/include/marvelmind_ros2_msgs/msg/rosidl_typesupport_microxrcedds_c__visibility_control.h
[3.562s] -- Up-to-date: /home/coderey/ros2_ws/install/marvelmind_ros2_msgs/include/marvelmind_ros2_msgs/msg/detail
[3.562s] -- Up-to-date: /home/coderey/ros2_ws/install/marvelmind_ros2_msgs/include/marvelmind_ros2_msgs/msg/detail/hedge_imu_fusion__rosidl_typesupport_microxrcedds_c.h
[3.562s] -- Up-to-date: /home/coderey/ros2_ws/install/marvelmind_ros2_msgs/include/marvelmind_ros2_msgs/msg/detail/marvelmind_waypoint__rosidl_typesupport_microxrcedds_c.h
[3.566s] -- Up-to-date: /home/coderey/ros2_ws/install/marvelmind_ros2_msgs/include/marvelmind_ros2_msgs/msg/detail/hedge_imu_raw__rosidl_typesupport_microxrcedds_c.h
[3.566s] -- Up-to-date: /home/coderey/ros2_ws/install/marvelmind_ros2_msgs/include/marvelmind_ros2_msgs/msg/detail/hedge_position_angle__rosidl_typesupport_microxrcedds_c.h
[3.567s] -- Up-to-date: /home/coderey/ros2_ws/install/marvelmind_ros2_msgs/include/marvelmind_ros2_msgs/msg/detail/hedge_quality__rosidl_typesupport_microxrcedds_c.h
[3.567s] -- Up-to-date: /home/coderey/ros2_ws/install/marvelmind_ros2_msgs/include/marvelmind_ros2_msgs/msg/detail/microxrcedds
[3.567s] -- Up-to-date: /home/coderey/ros2_ws/install/marvelmind_ros2_msgs/include/marvelmind_ros2_msgs/msg/detail/hedge_position_addressed__rosidl_typesupport_microxrcedds_c.h
[3.568s] -- Up-to-date: /home/coderey/ros2_ws/install/marvelmind_ros2_msgs/include/marvelmind_ros2_msgs/msg/detail/hedge_telemetry__rosidl_typesupport_microxrcedds_c.h
[3.568s] -- Up-to-date: /home/coderey/ros2_ws/install/marvelmind_ros2_msgs/include/marvelmind_ros2_msgs/msg/detail/hedge_position__rosidl_typesupport_microxrcedds_c.h
[3.568s] -- Up-to-date: /home/coderey/ros2_ws/install/marvelmind_ros2_msgs/include/marvelmind_ros2_msgs/msg/detail/marvelmind_user_data__rosidl_typesupport_microxrcedds_c.h
[3.568s] -- Up-to-date: /home/coderey/ros2_ws/install/marvelmind_ros2_msgs/include/marvelmind_ros2_msgs/msg/detail/beacon_position_addressed__rosidl_typesupport_microxrcedds_c.h
[3.568s] -- Up-to-date: /home/coderey/ros2_ws/install/marvelmind_ros2_msgs/include/marvelmind_ros2_msgs/msg/detail/beacon_distance__rosidl_typesupport_microxrcedds_c.h
[3.568s] -- Up-to-date: /home/coderey/ros2_ws/install/marvelmind_ros2_msgs/lib/libmarvelmind_ros2_msgs__rosidl_typesupport_microxrcedds_c.so
[3.568s] -- Up-to-date: /home/coderey/ros2_ws/install/marvelmind_ros2_msgs/include/marvelmind_ros2_msgs
[3.568s] -- Up-to-date: /home/coderey/ros2_ws/install/marvelmind_ros2_msgs/include/marvelmind_ros2_msgs/srv
[3.568s] -- Up-to-date: /home/coderey/ros2_ws/install/marvelmind_ros2_msgs/include/marvelmind_ros2_msgs/srv/detail
[3.568s] -- Up-to-date: /home/coderey/ros2_ws/install/marvelmind_ros2_msgs/include/marvelmind_ros2_msgs/srv/detail/marvelmind_api__rosidl_typesupport_fastrtps_c.h
[3.568s] -- Up-to-date: /home/coderey/ros2_ws/install/marvelmind_ros2_msgs/include/marvelmind_ros2_msgs/msg
[3.569s] -- Up-to-date: /home/coderey/ros2_ws/install/marvelmind_ros2_msgs/include/marvelmind_ros2_msgs/msg/rosidl_typesupport_fastrtps_c__visibility_control.h
[3.569s] -- Up-to-date: /home/coderey/ros2_ws/install/marvelmind_ros2_msgs/include/marvelmind_ros2_msgs/msg/detail
[3.569s] -- Up-to-date: /home/coderey/ros2_ws/install/marvelmind_ros2_msgs/include/marvelmind_ros2_msgs/msg/detail/hedge_telemetry__rosidl_typesupport_fastrtps_c.h
[3.569s] -- Up-to-date: /home/coderey/ros2_ws/install/marvelmind_ros2_msgs/include/marvelmind_ros2_msgs/msg/detail/beacon_distance__rosidl_typesupport_fastrtps_c.h
[3.569s] -- Up-to-date: /home/coderey/ros2_ws/install/marvelmind_ros2_msgs/include/marvelmind_ros2_msgs/msg/detail/marvelmind_user_data__rosidl_typesupport_fastrtps_c.h
[3.569s] -- Up-to-date: /home/coderey/ros2_ws/install/marvelmind_ros2_msgs/include/marvelmind_ros2_msgs/msg/detail/hedge_position_addressed__rosidl_typesupport_fastrtps_c.h
[3.569s] -- Up-to-date: /home/coderey/ros2_ws/install/marvelmind_ros2_msgs/include/marvelmind_ros2_msgs/msg/detail/hedge_position__rosidl_typesupport_fastrtps_c.h
[3.569s] -- Up-to-date: /home/coderey/ros2_ws/install/marvelmind_ros2_msgs/include/marvelmind_ros2_msgs/msg/detail/hedge_quality__rosidl_typesupport_fastrtps_c.h
[3.569s] -- Up-to-date: /home/coderey/ros2_ws/install/marvelmind_ros2_msgs/include/marvelmind_ros2_msgs/msg/detail/beacon_position_addressed__rosidl_typesupport_fastrtps_c.h
[3.569s] -- Up-to-date: /home/coderey/ros2_ws/install/marvelmind_ros2_msgs/include/marvelmind_ros2_msgs/msg/detail/marvelmind_waypoint__rosidl_typesupport_fastrtps_c.h
[3.569s] -- Up-to-date: /home/coderey/ros2_ws/install/marvelmind_ros2_msgs/include/marvelmind_ros2_msgs/msg/detail/hedge_position_angle__rosidl_typesupport_fastrtps_c.h
[3.569s] -- Up-to-date: /home/coderey/ros2_ws/install/marvelmind_ros2_msgs/include/marvelmind_ros2_msgs/msg/detail/hedge_imu_fusion__rosidl_typesupport_fastrtps_c.h
[3.570s] -- Up-to-date: /home/coderey/ros2_ws/install/marvelmind_ros2_msgs/include/marvelmind_ros2_msgs/msg/detail/hedge_imu_raw__rosidl_typesupport_fastrtps_c.h
[3.598s] -- Up-to-date: /home/coderey/ros2_ws/install/marvelmind_ros2_msgs/lib/libmarvelmind_ros2_msgs__rosidl_typesupport_fastrtps_c.so
[3.598s] -- Up-to-date: /home/coderey/ros2_ws/install/marvelmind_ros2_msgs/include/marvelmind_ros2_msgs
[3.599s] -- Up-to-date: /home/coderey/ros2_ws/install/marvelmind_ros2_msgs/include/marvelmind_ros2_msgs/srv
[3.599s] -- Up-to-date: /home/coderey/ros2_ws/install/marvelmind_ros2_msgs/include/marvelmind_ros2_msgs/srv/detail
[3.600s] -- Up-to-date: /home/coderey/ros2_ws/install/marvelmind_ros2_msgs/include/marvelmind_ros2_msgs/srv/detail/dds_fastrtps
[3.601s] -- Up-to-date: /home/coderey/ros2_ws/install/marvelmind_ros2_msgs/include/marvelmind_ros2_msgs/srv/detail/marvelmind_api__rosidl_typesupport_fastrtps_cpp.hpp
[3.602s] -- Up-to-date: /home/coderey/ros2_ws/install/marvelmind_ros2_msgs/include/marvelmind_ros2_msgs/msg
[3.602s] -- Up-to-date: /home/coderey/ros2_ws/install/marvelmind_ros2_msgs/include/marvelmind_ros2_msgs/msg/detail
[3.602s] -- Up-to-date: /home/coderey/ros2_ws/install/marvelmind_ros2_msgs/include/marvelmind_ros2_msgs/msg/detail/hedge_position_angle__rosidl_typesupport_fastrtps_cpp.hpp
[3.603s] -- Up-to-date: /home/coderey/ros2_ws/install/marvelmind_ros2_msgs/include/marvelmind_ros2_msgs/msg/detail/marvelmind_waypoint__rosidl_typesupport_fastrtps_cpp.hpp
[3.604s] -- Up-to-date: /home/coderey/ros2_ws/install/marvelmind_ros2_msgs/include/marvelmind_ros2_msgs/msg/detail/marvelmind_user_data__rosidl_typesupport_fastrtps_cpp.hpp
[3.605s] -- Up-to-date: /home/coderey/ros2_ws/install/marvelmind_ros2_msgs/include/marvelmind_ros2_msgs/msg/detail/hedge_quality__rosidl_typesupport_fastrtps_cpp.hpp
[3.605s] -- Up-to-date: /home/coderey/ros2_ws/install/marvelmind_ros2_msgs/include/marvelmind_ros2_msgs/msg/detail/dds_fastrtps
[3.605s] -- Up-to-date: /home/coderey/ros2_ws/install/marvelmind_ros2_msgs/include/marvelmind_ros2_msgs/msg/detail/hedge_imu_raw__rosidl_typesupport_fastrtps_cpp.hpp
[3.605s] -- Up-to-date: /home/coderey/ros2_ws/install/marvelmind_ros2_msgs/include/marvelmind_ros2_msgs/msg/detail/hedge_position__rosidl_typesupport_fastrtps_cpp.hpp
[3.606s] -- Up-to-date: /home/coderey/ros2_ws/install/marvelmind_ros2_msgs/include/marvelmind_ros2_msgs/msg/detail/hedge_position_addressed__rosidl_typesupport_fastrtps_cpp.hpp
[3.607s] -- Up-to-date: /home/coderey/ros2_ws/install/marvelmind_ros2_msgs/include/marvelmind_ros2_msgs/msg/detail/hedge_telemetry__rosidl_typesupport_fastrtps_cpp.hpp
[3.607s] -- Up-to-date: /home/coderey/ros2_ws/install/marvelmind_ros2_msgs/include/marvelmind_ros2_msgs/msg/detail/beacon_position_addressed__rosidl_typesupport_fastrtps_cpp.hpp
[3.607s] -- Up-to-date: /home/coderey/ros2_ws/install/marvelmind_ros2_msgs/include/marvelmind_ros2_msgs/msg/detail/beacon_distance__rosidl_typesupport_fastrtps_cpp.hpp
[3.607s] -- Up-to-date: /home/coderey/ros2_ws/install/marvelmind_ros2_msgs/include/marvelmind_ros2_msgs/msg/detail/hedge_imu_fusion__rosidl_typesupport_fastrtps_cpp.hpp
[3.607s] -- Up-to-date: /home/coderey/ros2_ws/install/marvelmind_ros2_msgs/include/marvelmind_ros2_msgs/msg/rosidl_typesupport_fastrtps_cpp__visibility_control.h
[3.607s] -- Up-to-date: /home/coderey/ros2_ws/install/marvelmind_ros2_msgs/lib/libmarvelmind_ros2_msgs__rosidl_typesupport_fastrtps_cpp.so
[3.607s] -- Up-to-date: /home/coderey/ros2_ws/install/marvelmind_ros2_msgs/include/marvelmind_ros2_msgs
[3.607s] -- Up-to-date: /home/coderey/ros2_ws/install/marvelmind_ros2_msgs/include/marvelmind_ros2_msgs/srv
[3.607s] -- Up-to-date: /home/coderey/ros2_ws/install/marvelmind_ros2_msgs/include/marvelmind_ros2_msgs/srv/detail
[3.608s] -- Up-to-date: /home/coderey/ros2_ws/install/marvelmind_ros2_msgs/include/marvelmind_ros2_msgs/srv/detail/marvelmind_api__type_support.c
[3.608s] -- Up-to-date: /home/coderey/ros2_ws/install/marvelmind_ros2_msgs/include/marvelmind_ros2_msgs/srv/detail/marvelmind_api__rosidl_typesupport_introspection_c.h
[3.608s] -- Up-to-date: /home/coderey/ros2_ws/install/marvelmind_ros2_msgs/include/marvelmind_ros2_msgs/msg
[3.608s] -- Up-to-date: /home/coderey/ros2_ws/install/marvelmind_ros2_msgs/include/marvelmind_ros2_msgs/msg/rosidl_typesupport_introspection_c__visibility_control.h
[3.608s] -- Up-to-date: /home/coderey/ros2_ws/install/marvelmind_ros2_msgs/include/marvelmind_ros2_msgs/msg/detail
[3.608s] -- Up-to-date: /home/coderey/ros2_ws/install/marvelmind_ros2_msgs/include/marvelmind_ros2_msgs/msg/detail/hedge_quality__rosidl_typesupport_introspection_c.h
[3.608s] -- Up-to-date: /home/coderey/ros2_ws/install/marvelmind_ros2_msgs/include/marvelmind_ros2_msgs/msg/detail/hedge_quality__type_support.c
[3.608s] -- Up-to-date: /home/coderey/ros2_ws/install/marvelmind_ros2_msgs/include/marvelmind_ros2_msgs/msg/detail/beacon_position_addressed__type_support.c
[3.609s] -- Up-to-date: /home/coderey/ros2_ws/install/marvelmind_ros2_msgs/include/marvelmind_ros2_msgs/msg/detail/beacon_position_addressed__rosidl_typesupport_introspection_c.h
[3.610s] -- Up-to-date: /home/coderey/ros2_ws/install/marvelmind_ros2_msgs/include/marvelmind_ros2_msgs/msg/detail/hedge_position_angle__rosidl_typesupport_introspection_c.h
[3.610s] -- Up-to-date: /home/coderey/ros2_ws/install/marvelmind_ros2_msgs/include/marvelmind_ros2_msgs/msg/detail/marvelmind_waypoint__type_support.c
[3.613s] -- Up-to-date: /home/coderey/ros2_ws/install/marvelmind_ros2_msgs/include/marvelmind_ros2_msgs/msg/detail/hedge_telemetry__type_support.c
[3.613s] -- Up-to-date: /home/coderey/ros2_ws/install/marvelmind_ros2_msgs/include/marvelmind_ros2_msgs/msg/detail/hedge_imu_raw__rosidl_typesupport_introspection_c.h
[3.613s] -- Up-to-date: /home/coderey/ros2_ws/install/marvelmind_ros2_msgs/include/marvelmind_ros2_msgs/msg/detail/hedge_imu_fusion__rosidl_typesupport_introspection_c.h
[3.613s] -- Up-to-date: /home/coderey/ros2_ws/install/marvelmind_ros2_msgs/include/marvelmind_ros2_msgs/msg/detail/hedge_imu_fusion__type_support.c
[3.614s] -- Up-to-date: /home/coderey/ros2_ws/install/marvelmind_ros2_msgs/include/marvelmind_ros2_msgs/msg/detail/marvelmind_waypoint__rosidl_typesupport_introspection_c.h
[3.615s] -- Up-to-date: /home/coderey/ros2_ws/install/marvelmind_ros2_msgs/include/marvelmind_ros2_msgs/msg/detail/beacon_distance__rosidl_typesupport_introspection_c.h
[3.616s] -- Up-to-date: /home/coderey/ros2_ws/install/marvelmind_ros2_msgs/include/marvelmind_ros2_msgs/msg/detail/hedge_position_angle__type_support.c
[3.616s] -- Up-to-date: /home/coderey/ros2_ws/install/marvelmind_ros2_msgs/include/marvelmind_ros2_msgs/msg/detail/marvelmind_user_data__type_support.c
[3.616s] -- Up-to-date: /home/coderey/ros2_ws/install/marvelmind_ros2_msgs/include/marvelmind_ros2_msgs/msg/detail/hedge_position_addressed__type_support.c
[3.617s] -- Up-to-date: /home/coderey/ros2_ws/install/marvelmind_ros2_msgs/include/marvelmind_ros2_msgs/msg/detail/hedge_position__type_support.c
[3.618s] -- Up-to-date: /home/coderey/ros2_ws/install/marvelmind_ros2_msgs/include/marvelmind_ros2_msgs/msg/detail/hedge_telemetry__rosidl_typesupport_introspection_c.h
[3.619s] -- Up-to-date: /home/coderey/ros2_ws/install/marvelmind_ros2_msgs/include/marvelmind_ros2_msgs/msg/detail/hedge_position_addressed__rosidl_typesupport_introspection_c.h
[3.619s] -- Up-to-date: /home/coderey/ros2_ws/install/marvelmind_ros2_msgs/include/marvelmind_ros2_msgs/msg/detail/hedge_position__rosidl_typesupport_introspection_c.h
[3.619s] -- Up-to-date: /home/coderey/ros2_ws/install/marvelmind_ros2_msgs/include/marvelmind_ros2_msgs/msg/detail/beacon_distance__type_support.c
[3.620s] -- Up-to-date: /home/coderey/ros2_ws/install/marvelmind_ros2_msgs/include/marvelmind_ros2_msgs/msg/detail/marvelmind_user_data__rosidl_typesupport_introspection_c.h
[3.620s] -- Up-to-date: /home/coderey/ros2_ws/install/marvelmind_ros2_msgs/include/marvelmind_ros2_msgs/msg/detail/hedge_imu_raw__type_support.c
[3.620s] -- Up-to-date: /home/coderey/ros2_ws/install/marvelmind_ros2_msgs/lib/libmarvelmind_ros2_msgs__rosidl_typesupport_introspection_c.so
[3.620s] -- Up-to-date: /home/coderey/ros2_ws/install/marvelmind_ros2_msgs/lib/libmarvelmind_ros2_msgs__rosidl_typesupport_c.so
[3.620s] -- Up-to-date: /home/coderey/ros2_ws/install/marvelmind_ros2_msgs/include/marvelmind_ros2_msgs
[3.621s] -- Up-to-date: /home/coderey/ros2_ws/install/marvelmind_ros2_msgs/include/marvelmind_ros2_msgs/srv
[3.621s] -- Up-to-date: /home/coderey/ros2_ws/install/marvelmind_ros2_msgs/include/marvelmind_ros2_msgs/srv/marvelmind_api.hpp
[3.621s] -- Up-to-date: /home/coderey/ros2_ws/install/marvelmind_ros2_msgs/include/marvelmind_ros2_msgs/srv/detail
[3.622s] -- Up-to-date: /home/coderey/ros2_ws/install/marvelmind_ros2_msgs/include/marvelmind_ros2_msgs/srv/detail/marvelmind_api__traits.hpp
[3.622s] -- Up-to-date: /home/coderey/ros2_ws/install/marvelmind_ros2_msgs/include/marvelmind_ros2_msgs/srv/detail/marvelmind_api__builder.hpp
[3.627s] -- Up-to-date: /home/coderey/ros2_ws/install/marvelmind_ros2_msgs/include/marvelmind_ros2_msgs/srv/detail/marvelmind_api__struct.hpp
[3.627s] -- Up-to-date: /home/coderey/ros2_ws/install/marvelmind_ros2_msgs/include/marvelmind_ros2_msgs/msg
[3.627s] -- Up-to-date: /home/coderey/ros2_ws/install/marvelmind_ros2_msgs/include/marvelmind_ros2_msgs/msg/marvelmind_user_data.hpp
[3.628s] -- Up-to-date: /home/coderey/ros2_ws/install/marvelmind_ros2_msgs/include/marvelmind_ros2_msgs/msg/hedge_quality.hpp
[3.628s] -- Up-to-date: /home/coderey/ros2_ws/install/marvelmind_ros2_msgs/include/marvelmind_ros2_msgs/msg/hedge_position_angle.hpp
[3.628s] -- Up-to-date: /home/coderey/ros2_ws/install/marvelmind_ros2_msgs/include/marvelmind_ros2_msgs/msg/hedge_position.hpp
[3.628s] -- Up-to-date: /home/coderey/ros2_ws/install/marvelmind_ros2_msgs/include/marvelmind_ros2_msgs/msg/hedge_imu_raw.hpp
[3.628s] -- Up-to-date: /home/coderey/ros2_ws/install/marvelmind_ros2_msgs/include/marvelmind_ros2_msgs/msg/beacon_position_addressed.hpp
[3.628s] -- Up-to-date: /home/coderey/ros2_ws/install/marvelmind_ros2_msgs/include/marvelmind_ros2_msgs/msg/hedge_telemetry.hpp
[3.628s] -- Up-to-date: /home/coderey/ros2_ws/install/marvelmind_ros2_msgs/include/marvelmind_ros2_msgs/msg/marvelmind_waypoint.hpp
[3.628s] -- Up-to-date: /home/coderey/ros2_ws/install/marvelmind_ros2_msgs/include/marvelmind_ros2_msgs/msg/hedge_imu_fusion.hpp
[3.628s] -- Up-to-date: /home/coderey/ros2_ws/install/marvelmind_ros2_msgs/include/marvelmind_ros2_msgs/msg/detail
[3.628s] -- Up-to-date: /home/coderey/ros2_ws/install/marvelmind_ros2_msgs/include/marvelmind_ros2_msgs/msg/detail/marvelmind_user_data__builder.hpp
[3.628s] -- Up-to-date: /home/coderey/ros2_ws/install/marvelmind_ros2_msgs/include/marvelmind_ros2_msgs/msg/detail/hedge_imu_fusion__struct.hpp
[3.629s] -- Up-to-date: /home/coderey/ros2_ws/install/marvelmind_ros2_msgs/include/marvelmind_ros2_msgs/msg/detail/hedge_position_addressed__traits.hpp
[3.629s] -- Up-to-date: /home/coderey/ros2_ws/install/marvelmind_ros2_msgs/include/marvelmind_ros2_msgs/msg/detail/hedge_imu_raw__builder.hpp
[3.629s] -- Up-to-date: /home/coderey/ros2_ws/install/marvelmind_ros2_msgs/include/marvelmind_ros2_msgs/msg/detail/hedge_imu_raw__traits.hpp
[3.629s] -- Up-to-date: /home/coderey/ros2_ws/install/marvelmind_ros2_msgs/include/marvelmind_ros2_msgs/msg/detail/hedge_position_addressed__builder.hpp
[3.629s] -- Up-to-date: /home/coderey/ros2_ws/install/marvelmind_ros2_msgs/include/marvelmind_ros2_msgs/msg/detail/hedge_position_angle__struct.hpp
[3.629s] -- Up-to-date: /home/coderey/ros2_ws/install/marvelmind_ros2_msgs/include/marvelmind_ros2_msgs/msg/detail/beacon_position_addressed__struct.hpp
[3.629s] -- Up-to-date: /home/coderey/ros2_ws/install/marvelmind_ros2_msgs/include/marvelmind_ros2_msgs/msg/detail/hedge_telemetry__traits.hpp
[3.629s] -- Up-to-date: /home/coderey/ros2_ws/install/marvelmind_ros2_msgs/include/marvelmind_ros2_msgs/msg/detail/hedge_position__builder.hpp
[3.629s] -- Up-to-date: /home/coderey/ros2_ws/install/marvelmind_ros2_msgs/include/marvelmind_ros2_msgs/msg/detail/beacon_position_addressed__builder.hpp
[3.630s] -- Up-to-date: /home/coderey/ros2_ws/install/marvelmind_ros2_msgs/include/marvelmind_ros2_msgs/msg/detail/beacon_distance__struct.hpp
[3.630s] -- Up-to-date: /home/coderey/ros2_ws/install/marvelmind_ros2_msgs/include/marvelmind_ros2_msgs/msg/detail/hedge_position_angle__traits.hpp
[3.630s] -- Up-to-date: /home/coderey/ros2_ws/install/marvelmind_ros2_msgs/include/marvelmind_ros2_msgs/msg/detail/beacon_position_addressed__traits.hpp
[3.630s] -- Up-to-date: /home/coderey/ros2_ws/install/marvelmind_ros2_msgs/include/marvelmind_ros2_msgs/msg/detail/hedge_imu_fusion__builder.hpp
[3.630s] -- Up-to-date: /home/coderey/ros2_ws/install/marvelmind_ros2_msgs/include/marvelmind_ros2_msgs/msg/detail/hedge_telemetry__struct.hpp
[3.630s] -- Up-to-date: /home/coderey/ros2_ws/install/marvelmind_ros2_msgs/include/marvelmind_ros2_msgs/msg/detail/marvelmind_waypoint__builder.hpp
[3.630s] -- Up-to-date: /home/coderey/ros2_ws/install/marvelmind_ros2_msgs/include/marvelmind_ros2_msgs/msg/detail/hedge_quality__builder.hpp
[3.630s] -- Up-to-date: /home/coderey/ros2_ws/install/marvelmind_ros2_msgs/include/marvelmind_ros2_msgs/msg/detail/marvelmind_waypoint__struct.hpp
[3.630s] -- Up-to-date: /home/coderey/ros2_ws/install/marvelmind_ros2_msgs/include/marvelmind_ros2_msgs/msg/detail/hedge_position__traits.hpp
[3.630s] -- Up-to-date: /home/coderey/ros2_ws/install/marvelmind_ros2_msgs/include/marvelmind_ros2_msgs/msg/detail/hedge_quality__struct.hpp
[3.631s] -- Up-to-date: /home/coderey/ros2_ws/install/marvelmind_ros2_msgs/include/marvelmind_ros2_msgs/msg/detail/hedge_imu_fusion__traits.hpp
[3.631s] -- Up-to-date: /home/coderey/ros2_ws/install/marvelmind_ros2_msgs/include/marvelmind_ros2_msgs/msg/detail/hedge_imu_raw__struct.hpp
[3.631s] -- Up-to-date: /home/coderey/ros2_ws/install/marvelmind_ros2_msgs/include/marvelmind_ros2_msgs/msg/detail/hedge_quality__traits.hpp
[3.632s] -- Up-to-date: /home/coderey/ros2_ws/install/marvelmind_ros2_msgs/include/marvelmind_ros2_msgs/msg/detail/beacon_distance__traits.hpp
[3.632s] -- Up-to-date: /home/coderey/ros2_ws/install/marvelmind_ros2_msgs/include/marvelmind_ros2_msgs/msg/detail/hedge_position_addressed__struct.hpp
[3.632s] -- Up-to-date: /home/coderey/ros2_ws/install/marvelmind_ros2_msgs/include/marvelmind_ros2_msgs/msg/detail/hedge_position_angle__builder.hpp
[3.632s] -- Up-to-date: /home/coderey/ros2_ws/install/marvelmind_ros2_msgs/include/marvelmind_ros2_msgs/msg/detail/beacon_distance__builder.hpp
[3.632s] -- Up-to-date: /home/coderey/ros2_ws/install/marvelmind_ros2_msgs/include/marvelmind_ros2_msgs/msg/detail/marvelmind_user_data__struct.hpp
[3.633s] -- Up-to-date: /home/coderey/ros2_ws/install/marvelmind_ros2_msgs/include/marvelmind_ros2_msgs/msg/detail/hedge_telemetry__builder.hpp
[3.633s] -- Up-to-date: /home/coderey/ros2_ws/install/marvelmind_ros2_msgs/include/marvelmind_ros2_msgs/msg/detail/hedge_position__struct.hpp
[3.633s] -- Up-to-date: /home/coderey/ros2_ws/install/marvelmind_ros2_msgs/include/marvelmind_ros2_msgs/msg/detail/marvelmind_user_data__traits.hpp
[3.633s] -- Up-to-date: /home/coderey/ros2_ws/install/marvelmind_ros2_msgs/include/marvelmind_ros2_msgs/msg/detail/marvelmind_waypoint__traits.hpp
[3.633s] -- Up-to-date: /home/coderey/ros2_ws/install/marvelmind_ros2_msgs/include/marvelmind_ros2_msgs/msg/beacon_distance.hpp
[3.633s] -- Up-to-date: /home/coderey/ros2_ws/install/marvelmind_ros2_msgs/include/marvelmind_ros2_msgs/msg/hedge_position_addressed.hpp
[3.633s] -- Up-to-date: /home/coderey/ros2_ws/install/marvelmind_ros2_msgs/include/marvelmind_ros2_msgs
[3.633s] -- Up-to-date: /home/coderey/ros2_ws/install/marvelmind_ros2_msgs/include/marvelmind_ros2_msgs/srv
[3.633s] -- Up-to-date: /home/coderey/ros2_ws/install/marvelmind_ros2_msgs/include/marvelmind_ros2_msgs/srv/detail
[3.633s] -- Up-to-date: /home/coderey/ros2_ws/install/marvelmind_ros2_msgs/include/marvelmind_ros2_msgs/srv/detail/microxrcedds
[3.634s] -- Up-to-date: /home/coderey/ros2_ws/install/marvelmind_ros2_msgs/include/marvelmind_ros2_msgs/srv/detail/microxrcedds/marvelmind_api__type_support_cpp.cpp
[3.634s] -- Up-to-date: /home/coderey/ros2_ws/install/marvelmind_ros2_msgs/include/marvelmind_ros2_msgs/srv/detail/marvelmind_api__rosidl_typesupport_microxrcedds_cpp.hpp
[3.634s] -- Up-to-date: /home/coderey/ros2_ws/install/marvelmind_ros2_msgs/include/marvelmind_ros2_msgs/msg
[3.634s] -- Up-to-date: /home/coderey/ros2_ws/install/marvelmind_ros2_msgs/include/marvelmind_ros2_msgs/msg/rosidl_typesupport_microxrcedds_cpp__visibility_control.h
[3.634s] -- Up-to-date: /home/coderey/ros2_ws/install/marvelmind_ros2_msgs/include/marvelmind_ros2_msgs/msg/detail
[3.634s] -- Up-to-date: /home/coderey/ros2_ws/install/marvelmind_ros2_msgs/include/marvelmind_ros2_msgs/msg/detail/hedge_telemetry__rosidl_typesupport_microxrcedds_cpp.hpp
[3.634s] -- Up-to-date: /home/coderey/ros2_ws/install/marvelmind_ros2_msgs/include/marvelmind_ros2_msgs/msg/detail/hedge_position_angle__rosidl_typesupport_microxrcedds_cpp.hpp
[3.634s] -- Up-to-date: /home/coderey/ros2_ws/install/marvelmind_ros2_msgs/include/marvelmind_ros2_msgs/msg/detail/beacon_distance__rosidl_typesupport_microxrcedds_cpp.hpp
[3.634s] -- Up-to-date: /home/coderey/ros2_ws/install/marvelmind_ros2_msgs/include/marvelmind_ros2_msgs/msg/detail/beacon_position_addressed__rosidl_typesupport_microxrcedds_cpp.hpp
[3.634s] -- Up-to-date: /home/coderey/ros2_ws/install/marvelmind_ros2_msgs/include/marvelmind_ros2_msgs/msg/detail/marvelmind_user_data__rosidl_typesupport_microxrcedds_cpp.hpp
[3.635s] -- Up-to-date: /home/coderey/ros2_ws/install/marvelmind_ros2_msgs/include/marvelmind_ros2_msgs/msg/detail/hedge_imu_raw__rosidl_typesupport_microxrcedds_cpp.hpp
[3.635s] -- Up-to-date: /home/coderey/ros2_ws/install/marvelmind_ros2_msgs/include/marvelmind_ros2_msgs/msg/detail/marvelmind_waypoint__rosidl_typesupport_microxrcedds_cpp.hpp
[3.635s] -- Up-to-date: /home/coderey/ros2_ws/install/marvelmind_ros2_msgs/include/marvelmind_ros2_msgs/msg/detail/hedge_position_addressed__rosidl_typesupport_microxrcedds_cpp.hpp
[3.635s] -- Up-to-date: /home/coderey/ros2_ws/install/marvelmind_ros2_msgs/include/marvelmind_ros2_msgs/msg/detail/microxrcedds
[3.635s] -- Up-to-date: /home/coderey/ros2_ws/install/marvelmind_ros2_msgs/include/marvelmind_ros2_msgs/msg/detail/microxrcedds/beacon_position_addressed__type_support_cpp.cpp
[3.635s] -- Up-to-date: /home/coderey/ros2_ws/install/marvelmind_ros2_msgs/include/marvelmind_ros2_msgs/msg/detail/microxrcedds/hedge_telemetry__type_support_cpp.cpp
[3.636s] -- Up-to-date: /home/coderey/ros2_ws/install/marvelmind_ros2_msgs/include/marvelmind_ros2_msgs/msg/detail/microxrcedds/marvelmind_user_data__type_support_cpp.cpp
[3.636s] -- Up-to-date: /home/coderey/ros2_ws/install/marvelmind_ros2_msgs/include/marvelmind_ros2_msgs/msg/detail/microxrcedds/hedge_imu_fusion__type_support_cpp.cpp
[3.636s] -- Up-to-date: /home/coderey/ros2_ws/install/marvelmind_ros2_msgs/include/marvelmind_ros2_msgs/msg/detail/microxrcedds/hedge_position_addressed__type_support_cpp.cpp
[3.636s] -- Up-to-date: /home/coderey/ros2_ws/install/marvelmind_ros2_msgs/include/marvelmind_ros2_msgs/msg/detail/microxrcedds/hedge_quality__type_support_cpp.cpp
[3.636s] -- Up-to-date: /home/coderey/ros2_ws/install/marvelmind_ros2_msgs/include/marvelmind_ros2_msgs/msg/detail/microxrcedds/beacon_distance__type_support_cpp.cpp
[3.636s] -- Up-to-date: /home/coderey/ros2_ws/install/marvelmind_ros2_msgs/include/marvelmind_ros2_msgs/msg/detail/microxrcedds/hedge_position__type_support_cpp.cpp
[3.636s] -- Up-to-date: /home/coderey/ros2_ws/install/marvelmind_ros2_msgs/include/marvelmind_ros2_msgs/msg/detail/microxrcedds/hedge_imu_raw__type_support_cpp.cpp
[3.636s] -- Up-to-date: /home/coderey/ros2_ws/install/marvelmind_ros2_msgs/include/marvelmind_ros2_msgs/msg/detail/microxrcedds/marvelmind_waypoint__type_support_cpp.cpp
[3.636s] -- Up-to-date: /home/coderey/ros2_ws/install/marvelmind_ros2_msgs/include/marvelmind_ros2_msgs/msg/detail/microxrcedds/hedge_position_angle__type_support_cpp.cpp
[3.636s] -- Up-to-date: /home/coderey/ros2_ws/install/marvelmind_ros2_msgs/include/marvelmind_ros2_msgs/msg/detail/hedge_imu_fusion__rosidl_typesupport_microxrcedds_cpp.hpp
[3.636s] -- Up-to-date: /home/coderey/ros2_ws/install/marvelmind_ros2_msgs/include/marvelmind_ros2_msgs/msg/detail/hedge_quality__rosidl_typesupport_microxrcedds_cpp.hpp
[3.637s] -- Up-to-date: /home/coderey/ros2_ws/install/marvelmind_ros2_msgs/include/marvelmind_ros2_msgs/msg/detail/hedge_position__rosidl_typesupport_microxrcedds_cpp.hpp
[3.637s] -- Up-to-date: /home/coderey/ros2_ws/install/marvelmind_ros2_msgs/lib/libmarvelmind_ros2_msgs__rosidl_typesupport_microxrcedds_cpp.so
[3.637s] -- Up-to-date: /home/coderey/ros2_ws/install/marvelmind_ros2_msgs/include/marvelmind_ros2_msgs
[3.637s] -- Up-to-date: /home/coderey/ros2_ws/install/marvelmind_ros2_msgs/include/marvelmind_ros2_msgs/srv
[3.637s] -- Up-to-date: /home/coderey/ros2_ws/install/marvelmind_ros2_msgs/include/marvelmind_ros2_msgs/srv/detail
[3.637s] -- Up-to-date: /home/coderey/ros2_ws/install/marvelmind_ros2_msgs/include/marvelmind_ros2_msgs/srv/detail/marvelmind_api__type_support.cpp
[3.638s] -- Up-to-date: /home/coderey/ros2_ws/install/marvelmind_ros2_msgs/include/marvelmind_ros2_msgs/srv/detail/marvelmind_api__rosidl_typesupport_introspection_cpp.hpp
[3.638s] -- Up-to-date: /home/coderey/ros2_ws/install/marvelmind_ros2_msgs/include/marvelmind_ros2_msgs/msg
[3.638s] -- Up-to-date: /home/coderey/ros2_ws/install/marvelmind_ros2_msgs/include/marvelmind_ros2_msgs/msg/detail
[3.638s] -- Up-to-date: /home/coderey/ros2_ws/install/marvelmind_ros2_msgs/include/marvelmind_ros2_msgs/msg/detail/hedge_position__rosidl_typesupport_introspection_cpp.hpp
[3.638s] -- Up-to-date: /home/coderey/ros2_ws/install/marvelmind_ros2_msgs/include/marvelmind_ros2_msgs/msg/detail/hedge_telemetry__rosidl_typesupport_introspection_cpp.hpp
[3.638s] -- Up-to-date: /home/coderey/ros2_ws/install/marvelmind_ros2_msgs/include/marvelmind_ros2_msgs/msg/detail/marvelmind_waypoint__rosidl_typesupport_introspection_cpp.hpp
[3.639s] -- Up-to-date: /home/coderey/ros2_ws/install/marvelmind_ros2_msgs/include/marvelmind_ros2_msgs/msg/detail/hedge_position_angle__rosidl_typesupport_introspection_cpp.hpp
[3.639s] -- Up-to-date: /home/coderey/ros2_ws/install/marvelmind_ros2_msgs/include/marvelmind_ros2_msgs/msg/detail/beacon_distance__rosidl_typesupport_introspection_cpp.hpp
[3.639s] -- Up-to-date: /home/coderey/ros2_ws/install/marvelmind_ros2_msgs/include/marvelmind_ros2_msgs/msg/detail/beacon_distance__type_support.cpp
[3.639s] -- Up-to-date: /home/coderey/ros2_ws/install/marvelmind_ros2_msgs/include/marvelmind_ros2_msgs/msg/detail/hedge_position__type_support.cpp
[3.639s] -- Up-to-date: /home/coderey/ros2_ws/install/marvelmind_ros2_msgs/include/marvelmind_ros2_msgs/msg/detail/marvelmind_waypoint__type_support.cpp
[3.639s] -- Up-to-date: /home/coderey/ros2_ws/install/marvelmind_ros2_msgs/include/marvelmind_ros2_msgs/msg/detail/hedge_imu_fusion__rosidl_typesupport_introspection_cpp.hpp
[3.639s] -- Up-to-date: /home/coderey/ros2_ws/install/marvelmind_ros2_msgs/include/marvelmind_ros2_msgs/msg/detail/beacon_position_addressed__type_support.cpp
[3.639s] -- Up-to-date: /home/coderey/ros2_ws/install/marvelmind_ros2_msgs/include/marvelmind_ros2_msgs/msg/detail/hedge_imu_raw__rosidl_typesupport_introspection_cpp.hpp
[3.639s] -- Up-to-date: /home/coderey/ros2_ws/install/marvelmind_ros2_msgs/include/marvelmind_ros2_msgs/msg/detail/hedge_quality__type_support.cpp
[3.640s] -- Up-to-date: /home/coderey/ros2_ws/install/marvelmind_ros2_msgs/include/marvelmind_ros2_msgs/msg/detail/hedge_imu_fusion__type_support.cpp
[3.640s] -- Up-to-date: /home/coderey/ros2_ws/install/marvelmind_ros2_msgs/include/marvelmind_ros2_msgs/msg/detail/hedge_position_angle__type_support.cpp
[3.640s] -- Up-to-date: /home/coderey/ros2_ws/install/marvelmind_ros2_msgs/include/marvelmind_ros2_msgs/msg/detail/beacon_position_addressed__rosidl_typesupport_introspection_cpp.hpp
[3.640s] -- Up-to-date: /home/coderey/ros2_ws/install/marvelmind_ros2_msgs/include/marvelmind_ros2_msgs/msg/detail/hedge_telemetry__type_support.cpp
[3.640s] -- Up-to-date: /home/coderey/ros2_ws/install/marvelmind_ros2_msgs/include/marvelmind_ros2_msgs/msg/detail/marvelmind_user_data__type_support.cpp
[3.640s] -- Up-to-date: /home/coderey/ros2_ws/install/marvelmind_ros2_msgs/include/marvelmind_ros2_msgs/msg/detail/marvelmind_user_data__rosidl_typesupport_introspection_cpp.hpp
[3.640s] -- Up-to-date: /home/coderey/ros2_ws/install/marvelmind_ros2_msgs/include/marvelmind_ros2_msgs/msg/detail/hedge_quality__rosidl_typesupport_introspection_cpp.hpp
[3.641s] -- Up-to-date: /home/coderey/ros2_ws/install/marvelmind_ros2_msgs/include/marvelmind_ros2_msgs/msg/detail/hedge_imu_raw__type_support.cpp
[3.641s] -- Up-to-date: /home/coderey/ros2_ws/install/marvelmind_ros2_msgs/include/marvelmind_ros2_msgs/msg/detail/hedge_position_addressed__rosidl_typesupport_introspection_cpp.hpp
[3.641s] -- Up-to-date: /home/coderey/ros2_ws/install/marvelmind_ros2_msgs/include/marvelmind_ros2_msgs/msg/detail/hedge_position_addressed__type_support.cpp
[3.641s] -- Up-to-date: /home/coderey/ros2_ws/install/marvelmind_ros2_msgs/lib/libmarvelmind_ros2_msgs__rosidl_typesupport_introspection_cpp.so
[3.641s] -- Up-to-date: /home/coderey/ros2_ws/install/marvelmind_ros2_msgs/lib/libmarvelmind_ros2_msgs__rosidl_typesupport_cpp.so
[3.641s] -- Up-to-date: /home/coderey/ros2_ws/install/marvelmind_ros2_msgs/share/marvelmind_ros2_msgs/environment/pythonpath.sh
[3.641s] -- Up-to-date: /home/coderey/ros2_ws/install/marvelmind_ros2_msgs/share/marvelmind_ros2_msgs/environment/pythonpath.dsv
[3.641s] -- Up-to-date: /home/coderey/ros2_ws/install/marvelmind_ros2_msgs/lib/python3.8/site-packages/marvelmind_ros2_msgs/__init__.py
[3.653s] -- Up-to-date: /home/coderey/ros2_ws/install/marvelmind_ros2_msgs/lib/python3.8/site-packages/marvelmind_ros2_msgs/msg
[3.653s] -- Up-to-date: /home/coderey/ros2_ws/install/marvelmind_ros2_msgs/lib/python3.8/site-packages/marvelmind_ros2_msgs/msg/_hedge_position_s.c
[3.653s] -- Up-to-date: /home/coderey/ros2_ws/install/marvelmind_ros2_msgs/lib/python3.8/site-packages/marvelmind_ros2_msgs/msg/_hedge_imu_raw_s.c
[3.653s] -- Up-to-date: /home/coderey/ros2_ws/install/marvelmind_ros2_msgs/lib/python3.8/site-packages/marvelmind_ros2_msgs/msg/_marvelmind_waypoint.py
[3.653s] -- Up-to-date: /home/coderey/ros2_ws/install/marvelmind_ros2_msgs/lib/python3.8/site-packages/marvelmind_ros2_msgs/msg/_marvelmind_waypoint_s.c
[3.653s] -- Up-to-date: /home/coderey/ros2_ws/install/marvelmind_ros2_msgs/lib/python3.8/site-packages/marvelmind_ros2_msgs/msg/_hedge_quality_s.c
[3.653s] -- Up-to-date: /home/coderey/ros2_ws/install/marvelmind_ros2_msgs/lib/python3.8/site-packages/marvelmind_ros2_msgs/msg/__init__.py
[3.653s] -- Up-to-date: /home/coderey/ros2_ws/install/marvelmind_ros2_msgs/lib/python3.8/site-packages/marvelmind_ros2_msgs/msg/_hedge_imu_fusion_s.c
[3.653s] -- Up-to-date: /home/coderey/ros2_ws/install/marvelmind_ros2_msgs/lib/python3.8/site-packages/marvelmind_ros2_msgs/msg/_beacon_position_addressed_s.c
[3.653s] -- Up-to-date: /home/coderey/ros2_ws/install/marvelmind_ros2_msgs/lib/python3.8/site-packages/marvelmind_ros2_msgs/msg/_hedge_telemetry.py
[3.654s] -- Up-to-date: /home/coderey/ros2_ws/install/marvelmind_ros2_msgs/lib/python3.8/site-packages/marvelmind_ros2_msgs/msg/_hedge_quality.py
[3.654s] -- Up-to-date: /home/coderey/ros2_ws/install/marvelmind_ros2_msgs/lib/python3.8/site-packages/marvelmind_ros2_msgs/msg/_hedge_telemetry_s.c
[3.654s] -- Up-to-date: /home/coderey/ros2_ws/install/marvelmind_ros2_msgs/lib/python3.8/site-packages/marvelmind_ros2_msgs/msg/_hedge_position_angle.py
[3.654s] -- Up-to-date: /home/coderey/ros2_ws/install/marvelmind_ros2_msgs/lib/python3.8/site-packages/marvelmind_ros2_msgs/msg/_beacon_distance.py
[3.654s] -- Up-to-date: /home/coderey/ros2_ws/install/marvelmind_ros2_msgs/lib/python3.8/site-packages/marvelmind_ros2_msgs/msg/_marvelmind_user_data.py
[3.654s] -- Up-to-date: /home/coderey/ros2_ws/install/marvelmind_ros2_msgs/lib/python3.8/site-packages/marvelmind_ros2_msgs/msg/_hedge_position_addressed_s.c
[3.654s] -- Up-to-date: /home/coderey/ros2_ws/install/marvelmind_ros2_msgs/lib/python3.8/site-packages/marvelmind_ros2_msgs/msg/_marvelmind_user_data_s.c
[3.654s] -- Up-to-date: /home/coderey/ros2_ws/install/marvelmind_ros2_msgs/lib/python3.8/site-packages/marvelmind_ros2_msgs/msg/_beacon_distance_s.c
[3.655s] -- Up-to-date: /home/coderey/ros2_ws/install/marvelmind_ros2_msgs/lib/python3.8/site-packages/marvelmind_ros2_msgs/msg/_hedge_position.py
[3.655s] -- Up-to-date: /home/coderey/ros2_ws/install/marvelmind_ros2_msgs/lib/python3.8/site-packages/marvelmind_ros2_msgs/msg/_hedge_position_angle_s.c
[3.655s] -- Up-to-date: /home/coderey/ros2_ws/install/marvelmind_ros2_msgs/lib/python3.8/site-packages/marvelmind_ros2_msgs/msg/_hedge_imu_raw.py
[3.655s] -- Up-to-date: /home/coderey/ros2_ws/install/marvelmind_ros2_msgs/lib/python3.8/site-packages/marvelmind_ros2_msgs/msg/_beacon_position_addressed.py
[3.655s] -- Up-to-date: /home/coderey/ros2_ws/install/marvelmind_ros2_msgs/lib/python3.8/site-packages/marvelmind_ros2_msgs/msg/_hedge_imu_fusion.py
[3.655s] -- Up-to-date: /home/coderey/ros2_ws/install/marvelmind_ros2_msgs/lib/python3.8/site-packages/marvelmind_ros2_msgs/msg/_hedge_position_addressed.py
[3.656s] -- Up-to-date: /home/coderey/ros2_ws/install/marvelmind_ros2_msgs/lib/python3.8/site-packages/marvelmind_ros2_msgs/srv
[3.656s] -- Up-to-date: /home/coderey/ros2_ws/install/marvelmind_ros2_msgs/lib/python3.8/site-packages/marvelmind_ros2_msgs/srv/__init__.py
[3.656s] -- Up-to-date: /home/coderey/ros2_ws/install/marvelmind_ros2_msgs/lib/python3.8/site-packages/marvelmind_ros2_msgs/srv/_marvelmind_api_s.c
[3.656s] -- Up-to-date: /home/coderey/ros2_ws/install/marvelmind_ros2_msgs/lib/python3.8/site-packages/marvelmind_ros2_msgs/srv/_marvelmind_api.py
[3.658s] -- Up-to-date: /home/coderey/ros2_ws/install/marvelmind_ros2_msgs/lib/python3.8/site-packages/marvelmind_ros2_msgs/marvelmind_ros2_msgs_s__rosidl_typesupport_microxrcedds_c.cpython-38-x86_64-linux-gnu.so
[3.659s] -- Up-to-date: /home/coderey/ros2_ws/install/marvelmind_ros2_msgs/lib/python3.8/site-packages/marvelmind_ros2_msgs/marvelmind_ros2_msgs_s__rosidl_typesupport_fastrtps_c.cpython-38-x86_64-linux-gnu.so
[3.659s] -- Up-to-date: /home/coderey/ros2_ws/install/marvelmind_ros2_msgs/lib/python3.8/site-packages/marvelmind_ros2_msgs/marvelmind_ros2_msgs_s__rosidl_typesupport_introspection_c.cpython-38-x86_64-linux-gnu.so
[3.659s] -- Up-to-date: /home/coderey/ros2_ws/install/marvelmind_ros2_msgs/lib/python3.8/site-packages/marvelmind_ros2_msgs/marvelmind_ros2_msgs_s__rosidl_typesupport_c.cpython-38-x86_64-linux-gnu.so
[3.660s] -- Up-to-date: /home/coderey/ros2_ws/install/marvelmind_ros2_msgs/lib/libmarvelmind_ros2_msgs__python.so
[3.660s] -- Up-to-date: /home/coderey/ros2_ws/install/marvelmind_ros2_msgs/share/marvelmind_ros2_msgs/msg/BeaconDistance.idl
[3.661s] -- Up-to-date: /home/coderey/ros2_ws/install/marvelmind_ros2_msgs/share/marvelmind_ros2_msgs/msg/BeaconPositionAddressed.idl
[3.661s] -- Up-to-date: /home/coderey/ros2_ws/install/marvelmind_ros2_msgs/share/marvelmind_ros2_msgs/msg/HedgeImuFusion.idl
[3.661s] -- Up-to-date: /home/coderey/ros2_ws/install/marvelmind_ros2_msgs/share/marvelmind_ros2_msgs/msg/HedgeImuRaw.idl
[3.661s] -- Up-to-date: /home/coderey/ros2_ws/install/marvelmind_ros2_msgs/share/marvelmind_ros2_msgs/msg/HedgePositionAddressed.idl
[3.661s] -- Up-to-date: /home/coderey/ros2_ws/install/marvelmind_ros2_msgs/share/marvelmind_ros2_msgs/msg/HedgePositionAngle.idl
[3.661s] -- Up-to-date: /home/coderey/ros2_ws/install/marvelmind_ros2_msgs/share/marvelmind_ros2_msgs/msg/HedgePosition.idl
[3.662s] -- Up-to-date: /home/coderey/ros2_ws/install/marvelmind_ros2_msgs/share/marvelmind_ros2_msgs/msg/HedgeQuality.idl
[3.662s] -- Up-to-date: /home/coderey/ros2_ws/install/marvelmind_ros2_msgs/share/marvelmind_ros2_msgs/msg/HedgeTelemetry.idl
[3.662s] -- Up-to-date: /home/coderey/ros2_ws/install/marvelmind_ros2_msgs/share/marvelmind_ros2_msgs/msg/MarvelmindWaypoint.idl
[3.662s] -- Up-to-date: /home/coderey/ros2_ws/install/marvelmind_ros2_msgs/share/marvelmind_ros2_msgs/msg/MarvelmindUserData.idl
[3.662s] -- Up-to-date: /home/coderey/ros2_ws/install/marvelmind_ros2_msgs/share/marvelmind_ros2_msgs/srv/MarvelmindAPI.idl
[3.662s] -- Up-to-date: /home/coderey/ros2_ws/install/marvelmind_ros2_msgs/share/marvelmind_ros2_msgs/msg/BeaconDistance.msg
[3.662s] -- Up-to-date: /home/coderey/ros2_ws/install/marvelmind_ros2_msgs/share/marvelmind_ros2_msgs/msg/BeaconPositionAddressed.msg
[3.663s] -- Up-to-date: /home/coderey/ros2_ws/install/marvelmind_ros2_msgs/share/marvelmind_ros2_msgs/msg/HedgeImuFusion.msg
[3.663s] -- Up-to-date: /home/coderey/ros2_ws/install/marvelmind_ros2_msgs/share/marvelmind_ros2_msgs/msg/HedgeImuRaw.msg
[3.663s] -- Up-to-date: /home/coderey/ros2_ws/install/marvelmind_ros2_msgs/share/marvelmind_ros2_msgs/msg/HedgePositionAddressed.msg
[3.664s] -- Up-to-date: /home/coderey/ros2_ws/install/marvelmind_ros2_msgs/share/marvelmind_ros2_msgs/msg/HedgePositionAngle.msg
[3.664s] -- Up-to-date: /home/coderey/ros2_ws/install/marvelmind_ros2_msgs/share/marvelmind_ros2_msgs/msg/HedgePosition.msg
[3.664s] -- Up-to-date: /home/coderey/ros2_ws/install/marvelmind_ros2_msgs/share/marvelmind_ros2_msgs/msg/HedgeQuality.msg
[3.664s] -- Up-to-date: /home/coderey/ros2_ws/install/marvelmind_ros2_msgs/share/marvelmind_ros2_msgs/msg/HedgeTelemetry.msg
[3.664s] -- Up-to-date: /home/coderey/ros2_ws/install/marvelmind_ros2_msgs/share/marvelmind_ros2_msgs/msg/MarvelmindWaypoint.msg
[3.664s] -- Up-to-date: /home/coderey/ros2_ws/install/marvelmind_ros2_msgs/share/marvelmind_ros2_msgs/msg/MarvelmindUserData.msg
[3.664s] -- Up-to-date: /home/coderey/ros2_ws/install/marvelmind_ros2_msgs/share/marvelmind_ros2_msgs/srv/MarvelmindAPI.srv
[3.664s] -- Up-to-date: /home/coderey/ros2_ws/install/marvelmind_ros2_msgs/share/marvelmind_ros2_msgs/srv/MarvelmindAPI_Request.msg
[3.664s] -- Up-to-date: /home/coderey/ros2_ws/install/marvelmind_ros2_msgs/share/marvelmind_ros2_msgs/srv/MarvelmindAPI_Response.msg
[3.664s] -- Up-to-date: /home/coderey/ros2_ws/install/marvelmind_ros2_msgs/share/ament_index/resource_index/package_run_dependencies/marvelmind_ros2_msgs
[3.665s] -- Up-to-date: /home/coderey/ros2_ws/install/marvelmind_ros2_msgs/share/ament_index/resource_index/parent_prefix_path/marvelmind_ros2_msgs
[3.665s] -- Up-to-date: /home/coderey/ros2_ws/install/marvelmind_ros2_msgs/share/marvelmind_ros2_msgs/environment/ament_prefix_path.sh
[3.665s] -- Up-to-date: /home/coderey/ros2_ws/install/marvelmind_ros2_msgs/share/marvelmind_ros2_msgs/environment/ament_prefix_path.dsv
[3.666s] -- Up-to-date: /home/coderey/ros2_ws/install/marvelmind_ros2_msgs/share/marvelmind_ros2_msgs/environment/path.sh
[3.666s] -- Up-to-date: /home/coderey/ros2_ws/install/marvelmind_ros2_msgs/share/marvelmind_ros2_msgs/environment/path.dsv
[3.666s] -- Up-to-date: /home/coderey/ros2_ws/install/marvelmind_ros2_msgs/share/marvelmind_ros2_msgs/local_setup.bash
[3.667s] -- Up-to-date: /home/coderey/ros2_ws/install/marvelmind_ros2_msgs/share/marvelmind_ros2_msgs/local_setup.sh
[3.667s] -- Up-to-date: /home/coderey/ros2_ws/install/marvelmind_ros2_msgs/share/marvelmind_ros2_msgs/local_setup.zsh
[3.667s] -- Up-to-date: /home/coderey/ros2_ws/install/marvelmind_ros2_msgs/share/marvelmind_ros2_msgs/local_setup.dsv
[3.668s] -- Installing: /home/coderey/ros2_ws/install/marvelmind_ros2_msgs/share/marvelmind_ros2_msgs/package.dsv
[3.668s] -- Up-to-date: /home/coderey/ros2_ws/install/marvelmind_ros2_msgs/share/ament_index/resource_index/packages/marvelmind_ros2_msgs
[3.669s] -- Up-to-date: /home/coderey/ros2_ws/install/marvelmind_ros2_msgs/share/marvelmind_ros2_msgs/cmake/marvelmind_ros2_msgs__rosidl_generator_cExport.cmake
[3.669s] -- Up-to-date: /home/coderey/ros2_ws/install/marvelmind_ros2_msgs/share/marvelmind_ros2_msgs/cmake/marvelmind_ros2_msgs__rosidl_generator_cExport-noconfig.cmake
[3.669s] -- Up-to-date: /home/coderey/ros2_ws/install/marvelmind_ros2_msgs/share/marvelmind_ros2_msgs/cmake/marvelmind_ros2_msgs__rosidl_typesupport_introspection_cExport.cmake
[3.669s] -- Up-to-date: /home/coderey/ros2_ws/install/marvelmind_ros2_msgs/share/marvelmind_ros2_msgs/cmake/marvelmind_ros2_msgs__rosidl_typesupport_introspection_cExport-noconfig.cmake
[3.670s] -- Up-to-date: /home/coderey/ros2_ws/install/marvelmind_ros2_msgs/share/marvelmind_ros2_msgs/cmake/marvelmind_ros2_msgs__rosidl_typesupport_cExport.cmake
[3.670s] -- Up-to-date: /home/coderey/ros2_ws/install/marvelmind_ros2_msgs/share/marvelmind_ros2_msgs/cmake/marvelmind_ros2_msgs__rosidl_typesupport_cExport-noconfig.cmake
[3.670s] -- Up-to-date: /home/coderey/ros2_ws/install/marvelmind_ros2_msgs/share/marvelmind_ros2_msgs/cmake/marvelmind_ros2_msgs__rosidl_generator_cppExport.cmake
[3.670s] -- Up-to-date: /home/coderey/ros2_ws/install/marvelmind_ros2_msgs/share/marvelmind_ros2_msgs/cmake/marvelmind_ros2_msgs__rosidl_typesupport_introspection_cppExport.cmake
[3.670s] -- Up-to-date: /home/coderey/ros2_ws/install/marvelmind_ros2_msgs/share/marvelmind_ros2_msgs/cmake/marvelmind_ros2_msgs__rosidl_typesupport_introspection_cppExport-noconfig.cmake
[3.670s] -- Up-to-date: /home/coderey/ros2_ws/install/marvelmind_ros2_msgs/share/marvelmind_ros2_msgs/cmake/marvelmind_ros2_msgs__rosidl_typesupport_cppExport.cmake
[3.670s] -- Up-to-date: /home/coderey/ros2_ws/install/marvelmind_ros2_msgs/share/marvelmind_ros2_msgs/cmake/marvelmind_ros2_msgs__rosidl_typesupport_cppExport-noconfig.cmake
[3.670s] -- Up-to-date: /home/coderey/ros2_ws/install/marvelmind_ros2_msgs/share/marvelmind_ros2_msgs/cmake/rosidl_cmake-extras.cmake
[3.671s] -- Up-to-date: /home/coderey/ros2_ws/install/marvelmind_ros2_msgs/share/marvelmind_ros2_msgs/cmake/ament_cmake_export_dependencies-extras.cmake
[3.671s] -- Up-to-date: /home/coderey/ros2_ws/install/marvelmind_ros2_msgs/share/marvelmind_ros2_msgs/cmake/ament_cmake_export_libraries-extras.cmake
[3.671s] -- Up-to-date: /home/coderey/ros2_ws/install/marvelmind_ros2_msgs/share/marvelmind_ros2_msgs/cmake/ament_cmake_export_targets-extras.cmake
[3.671s] -- Up-to-date: /home/coderey/ros2_ws/install/marvelmind_ros2_msgs/share/marvelmind_ros2_msgs/cmake/ament_cmake_export_include_directories-extras.cmake
[3.671s] -- Up-to-date: /home/coderey/ros2_ws/install/marvelmind_ros2_msgs/share/marvelmind_ros2_msgs/cmake/rosidl_cmake_export_typesupport_libraries-extras.cmake
[3.671s] -- Up-to-date: /home/coderey/ros2_ws/install/marvelmind_ros2_msgs/share/marvelmind_ros2_msgs/cmake/rosidl_cmake_export_typesupport_targets-extras.cmake
[3.671s] -- Up-to-date: /home/coderey/ros2_ws/install/marvelmind_ros2_msgs/share/marvelmind_ros2_msgs/cmake/marvelmind_ros2_msgsConfig.cmake
[3.671s] -- Up-to-date: /home/coderey/ros2_ws/install/marvelmind_ros2_msgs/share/marvelmind_ros2_msgs/cmake/marvelmind_ros2_msgsConfig-version.cmake
[3.671s] -- Up-to-date: /home/coderey/ros2_ws/install/marvelmind_ros2_msgs/share/marvelmind_ros2_msgs/package.xml
[3.876s] Invoked command in '/home/coderey/ros2_ws/build/marvelmind_ros2_msgs' returned '0': CMAKE_PREFIX_PATH=${CMAKE_PREFIX_PATH}:/home/coderey/ros2_ws/install/swisscat_robot:/home/coderey/ros2_ws/install/nav2_gps_waypoint_follower_demo:/home/coderey/ros2_ws/install/nav2_simple_commander:/home/coderey/ros2_ws/install/mob_rob_loca:/home/coderey/ros2_ws/install/bno055:/home/coderey/microros_ws/install/sensor_msgs_py:/opt/ros/galactic /usr/bin/cmake --install /home/coderey/ros2_ws/build/marvelmind_ros2_msgs
