[1.672s] Invoking command in '/home/coderey/ros2_ws/build/nav2_costmap_filters_demo': CMAKE_PREFIX_PATH=${CMAKE_PREFIX_PATH}:/home/coderey/ros2_ws/install/swisscat_robot:/home/coderey/ros2_ws/install/nav2_gps_waypoint_follower_demo:/home/coderey/ros2_ws/install/nav2_simple_commander:/home/coderey/ros2_ws/install/mob_rob_loca:/home/coderey/ros2_ws/install/bno055:/home/coderey/microros_ws/install/sensor_msgs_py:/opt/ros/galactic /usr/bin/cmake /home/coderey/ros2_ws/src/navigation2_tutorials/nav2_costmap_filters_demo -DCMAKE_INSTALL_PREFIX=/home/coderey/ros2_ws/install/nav2_costmap_filters_demo
[1.695s] -- Found ament_cmake: 1.1.6 (/opt/ros/galactic/share/ament_cmake/cmake)
[1.788s] -- Using PYTHON_EXECUTABLE: /usr/bin/python3
[1.933s] -- Override CMake install command with custom implementation using symlinks instead of copying resources
[2.108s] -- Configuring done
[2.125s] -- Generating done
[2.132s] -- Build files have been written to: /home/coderey/ros2_ws/build/nav2_costmap_filters_demo
[2.139s] Invoked command in '/home/coderey/ros2_ws/build/nav2_costmap_filters_demo' returned '0': CMAKE_PREFIX_PATH=${CMAKE_PREFIX_PATH}:/home/coderey/ros2_ws/install/swisscat_robot:/home/coderey/ros2_ws/install/nav2_gps_waypoint_follower_demo:/home/coderey/ros2_ws/install/nav2_simple_commander:/home/coderey/ros2_ws/install/mob_rob_loca:/home/coderey/ros2_ws/install/bno055:/home/coderey/microros_ws/install/sensor_msgs_py:/opt/ros/galactic /usr/bin/cmake /home/coderey/ros2_ws/src/navigation2_tutorials/nav2_costmap_filters_demo -DCMAKE_INSTALL_PREFIX=/home/coderey/ros2_ws/install/nav2_costmap_filters_demo
[2.141s] Invoking command in '/home/coderey/ros2_ws/build/nav2_costmap_filters_demo': CMAKE_PREFIX_PATH=${CMAKE_PREFIX_PATH}:/home/coderey/ros2_ws/install/swisscat_robot:/home/coderey/ros2_ws/install/nav2_gps_waypoint_follower_demo:/home/coderey/ros2_ws/install/nav2_simple_commander:/home/coderey/ros2_ws/install/mob_rob_loca:/home/coderey/ros2_ws/install/bno055:/home/coderey/microros_ws/install/sensor_msgs_py:/opt/ros/galactic /usr/bin/cmake --build /home/coderey/ros2_ws/build/nav2_costmap_filters_demo -- -j8 -l8
[2.242s] Invoked command in '/home/coderey/ros2_ws/build/nav2_costmap_filters_demo' returned '0': CMAKE_PREFIX_PATH=${CMAKE_PREFIX_PATH}:/home/coderey/ros2_ws/install/swisscat_robot:/home/coderey/ros2_ws/install/nav2_gps_waypoint_follower_demo:/home/coderey/ros2_ws/install/nav2_simple_commander:/home/coderey/ros2_ws/install/mob_rob_loca:/home/coderey/ros2_ws/install/bno055:/home/coderey/microros_ws/install/sensor_msgs_py:/opt/ros/galactic /usr/bin/cmake --build /home/coderey/ros2_ws/build/nav2_costmap_filters_demo -- -j8 -l8
[2.429s] Invoking command in '/home/coderey/ros2_ws/build/nav2_costmap_filters_demo': CMAKE_PREFIX_PATH=${CMAKE_PREFIX_PATH}:/home/coderey/ros2_ws/install/swisscat_robot:/home/coderey/ros2_ws/install/nav2_gps_waypoint_follower_demo:/home/coderey/ros2_ws/install/nav2_simple_commander:/home/coderey/ros2_ws/install/mob_rob_loca:/home/coderey/ros2_ws/install/bno055:/home/coderey/microros_ws/install/sensor_msgs_py:/opt/ros/galactic /usr/bin/cmake --install /home/coderey/ros2_ws/build/nav2_costmap_filters_demo
[2.455s] -- Install configuration: "RelWithDebInfo"
[2.457s] -- Execute custom install script
[2.460s] -- Up-to-date symlink: /home/coderey/ros2_ws/install/nav2_costmap_filters_demo/share/nav2_costmap_filters_demo/launch/costmap_filter_info.launch.py
[2.462s] -- Up-to-date symlink: /home/coderey/ros2_ws/install/nav2_costmap_filters_demo/share/nav2_costmap_filters_demo/maps/keepout_mask.png
[2.463s] -- Up-to-date symlink: /home/coderey/ros2_ws/install/nav2_costmap_filters_demo/share/nav2_costmap_filters_demo/maps/keepout_mask.yaml
[2.464s] -- Up-to-date symlink: /home/coderey/ros2_ws/install/nav2_costmap_filters_demo/share/nav2_costmap_filters_demo/maps/speed_mask.pgm
[2.466s] -- Up-to-date symlink: /home/coderey/ros2_ws/install/nav2_costmap_filters_demo/share/nav2_costmap_filters_demo/maps/speed_mask.yaml
[2.467s] -- Up-to-date symlink: /home/coderey/ros2_ws/install/nav2_costmap_filters_demo/share/nav2_costmap_filters_demo/params/keepout_params.yaml
[2.468s] -- Up-to-date symlink: /home/coderey/ros2_ws/install/nav2_costmap_filters_demo/share/nav2_costmap_filters_demo/params/speed_params.yaml
[2.470s] -- Up-to-date symlink: /home/coderey/ros2_ws/install/nav2_costmap_filters_demo/share/ament_index/resource_index/package_run_dependencies/nav2_costmap_filters_demo
[2.471s] -- Up-to-date symlink: /home/coderey/ros2_ws/install/nav2_costmap_filters_demo/share/ament_index/resource_index/parent_prefix_path/nav2_costmap_filters_demo
[2.472s] -- Up-to-date symlink: /home/coderey/ros2_ws/install/nav2_costmap_filters_demo/share/nav2_costmap_filters_demo/environment/ament_prefix_path.sh
[2.474s] -- Up-to-date symlink: /home/coderey/ros2_ws/install/nav2_costmap_filters_demo/share/nav2_costmap_filters_demo/environment/ament_prefix_path.dsv
[2.475s] -- Up-to-date symlink: /home/coderey/ros2_ws/install/nav2_costmap_filters_demo/share/nav2_costmap_filters_demo/environment/path.sh
[2.476s] -- Up-to-date symlink: /home/coderey/ros2_ws/install/nav2_costmap_filters_demo/share/nav2_costmap_filters_demo/environment/path.dsv
[2.479s] -- Up-to-date symlink: /home/coderey/ros2_ws/install/nav2_costmap_filters_demo/share/nav2_costmap_filters_demo/local_setup.bash
[2.480s] -- Up-to-date symlink: /home/coderey/ros2_ws/install/nav2_costmap_filters_demo/share/nav2_costmap_filters_demo/local_setup.sh
[2.482s] -- Up-to-date symlink: /home/coderey/ros2_ws/install/nav2_costmap_filters_demo/share/nav2_costmap_filters_demo/local_setup.zsh
[2.483s] -- Up-to-date symlink: /home/coderey/ros2_ws/install/nav2_costmap_filters_demo/share/nav2_costmap_filters_demo/local_setup.dsv
[2.484s] -- Symlinking: /home/coderey/ros2_ws/install/nav2_costmap_filters_demo/share/nav2_costmap_filters_demo/package.dsv
[2.519s] -- Up-to-date symlink: /home/coderey/ros2_ws/install/nav2_costmap_filters_demo/share/ament_index/resource_index/packages/nav2_costmap_filters_demo
[2.534s] -- Up-to-date symlink: /home/coderey/ros2_ws/install/nav2_costmap_filters_demo/share/nav2_costmap_filters_demo/cmake/nav2_costmap_filters_demoConfig.cmake
[2.534s] -- Up-to-date symlink: /home/coderey/ros2_ws/install/nav2_costmap_filters_demo/share/nav2_costmap_filters_demo/cmake/nav2_costmap_filters_demoConfig-version.cmake
[2.535s] -- Up-to-date symlink: /home/coderey/ros2_ws/install/nav2_costmap_filters_demo/share/nav2_costmap_filters_demo/package.xml
[2.535s] Invoked command in '/home/coderey/ros2_ws/build/nav2_costmap_filters_demo' returned '0': CMAKE_PREFIX_PATH=${CMAKE_PREFIX_PATH}:/home/coderey/ros2_ws/install/swisscat_robot:/home/coderey/ros2_ws/install/nav2_gps_waypoint_follower_demo:/home/coderey/ros2_ws/install/nav2_simple_commander:/home/coderey/ros2_ws/install/mob_rob_loca:/home/coderey/ros2_ws/install/bno055:/home/coderey/microros_ws/install/sensor_msgs_py:/opt/ros/galactic /usr/bin/cmake --install /home/coderey/ros2_ws/build/nav2_costmap_filters_demo
