[0.000000] (-) TimerEvent: {}
[0.000179] (-) JobUnselected: {'identifier': 'bno055'}
[0.000206] (-) JobUnselected: {'identifier': 'costmap_queue'}
[0.000223] (-) JobUnselected: {'identifier': 'dwb_core'}
[0.000237] (-) JobUnselected: {'identifier': 'dwb_critics'}
[0.000252] (-) JobUnselected: {'identifier': 'dwb_msgs'}
[0.000265] (-) JobUnselected: {'identifier': 'dwb_plugins'}
[0.000279] (-) JobUnselected: {'identifier': 'groot'}
[0.000292] (-) JobUnselected: {'identifier': 'marvelmind_ros2'}
[0.000306] (-) JobUnselected: {'identifier': 'marvelmind_ros2_msgs'}
[0.000320] (-) JobUnselected: {'identifier': 'mob_rob_loca'}
[0.000334] (-) JobUnselected: {'identifier': 'nav2_amcl'}
[0.000347] (-) JobUnselected: {'identifier': 'nav2_behavior_tree'}
[0.000361] (-) JobUnselected: {'identifier': 'nav2_behaviors'}
[0.000374] (-) JobUnselected: {'identifier': 'nav2_bt_navigator'}
[0.000387] (-) JobUnselected: {'identifier': 'nav2_collision_monitor'}
[0.000399] (-) JobUnselected: {'identifier': 'nav2_common'}
[0.000411] (-) JobUnselected: {'identifier': 'nav2_constrained_smoother'}
[0.000424] (-) JobUnselected: {'identifier': 'nav2_controller'}
[0.000439] (-) JobUnselected: {'identifier': 'nav2_core'}
[0.000457] (-) JobUnselected: {'identifier': 'nav2_costmap_2d'}
[0.000473] (-) JobUnselected: {'identifier': 'nav2_costmap_filters_demo'}
[0.000492] (-) JobUnselected: {'identifier': 'nav2_dwb_controller'}
[0.000507] (-) JobUnselected: {'identifier': 'nav2_gps_waypoint_follower_demo'}
[0.000517] (-) JobUnselected: {'identifier': 'nav2_gradient_costmap_plugin'}
[0.000525] (-) JobUnselected: {'identifier': 'nav2_lifecycle_manager'}
[0.000538] (-) JobUnselected: {'identifier': 'nav2_map_server'}
[0.000553] (-) JobUnselected: {'identifier': 'nav2_mppi_controller'}
[0.000565] (-) JobUnselected: {'identifier': 'nav2_msgs'}
[0.000574] (-) JobUnselected: {'identifier': 'nav2_navfn_planner'}
[0.000584] (-) JobUnselected: {'identifier': 'nav2_planner'}
[0.000593] (-) JobUnselected: {'identifier': 'nav2_regulated_pure_pursuit_controller'}
[0.000602] (-) JobUnselected: {'identifier': 'nav2_rotation_shim_controller'}
[0.000612] (-) JobUnselected: {'identifier': 'nav2_rviz_plugins'}
[0.000621] (-) JobUnselected: {'identifier': 'nav2_simple_commander'}
[0.000631] (-) JobUnselected: {'identifier': 'nav2_smac_planner'}
[0.000640] (-) JobUnselected: {'identifier': 'nav2_smoother'}
[0.000650] (-) JobUnselected: {'identifier': 'nav2_straightline_planner'}
[0.000659] (-) JobUnselected: {'identifier': 'nav2_system_tests'}
[0.000668] (-) JobUnselected: {'identifier': 'nav2_theta_star_planner'}
[0.000678] (-) JobUnselected: {'identifier': 'nav2_util'}
[0.000687] (-) JobUnselected: {'identifier': 'nav2_velocity_smoother'}
[0.000696] (-) JobUnselected: {'identifier': 'nav2_voxel_grid'}
[0.000706] (-) JobUnselected: {'identifier': 'nav2_waypoint_follower'}
[0.000715] (-) JobUnselected: {'identifier': 'nav_2d_msgs'}
[0.000724] (-) JobUnselected: {'identifier': 'nav_2d_utils'}
[0.000733] (-) JobUnselected: {'identifier': 'navigation2'}
[0.000743] (-) JobUnselected: {'identifier': 'robot_localization'}
[0.000752] (-) JobUnselected: {'identifier': 'sam_bot_description'}
[0.000761] (-) JobUnselected: {'identifier': 'swisscat_robot'}
[0.000774] (nav2_bringup) JobQueued: {'identifier': 'nav2_bringup', 'dependencies': OrderedDict([('nav2_common', '/home/coderey/ros2_ws/install/nav2_common'), ('nav_2d_msgs', '/home/coderey/ros2_ws/install/nav_2d_msgs'), ('robot_localization', '/home/coderey/ros2_ws/install/robot_localization'), ('dwb_msgs', '/home/coderey/ros2_ws/install/dwb_msgs'), ('nav2_msgs', '/home/coderey/ros2_ws/install/nav2_msgs'), ('nav2_voxel_grid', '/home/coderey/ros2_ws/install/nav2_voxel_grid'), ('nav2_simple_commander', '/home/coderey/ros2_ws/install/nav2_simple_commander'), ('nav2_util', '/home/coderey/ros2_ws/install/nav2_util'), ('nav2_amcl', '/home/coderey/ros2_ws/install/nav2_amcl'), ('nav2_behavior_tree', '/home/coderey/ros2_ws/install/nav2_behavior_tree'), ('nav2_lifecycle_manager', '/home/coderey/ros2_ws/install/nav2_lifecycle_manager'), ('nav2_map_server', '/home/coderey/ros2_ws/install/nav2_map_server'), ('nav2_velocity_smoother', '/home/coderey/ros2_ws/install/nav2_velocity_smoother'), ('nav_2d_utils', '/home/coderey/ros2_ws/install/nav_2d_utils'), ('nav2_costmap_2d', '/home/coderey/ros2_ws/install/nav2_costmap_2d'), ('nav2_rviz_plugins', '/home/coderey/ros2_ws/install/nav2_rviz_plugins'), ('costmap_queue', '/home/coderey/ros2_ws/install/costmap_queue'), ('nav2_collision_monitor', '/home/coderey/ros2_ws/install/nav2_collision_monitor'), ('nav2_core', '/home/coderey/ros2_ws/install/nav2_core'), ('dwb_core', '/home/coderey/ros2_ws/install/dwb_core'), ('nav2_behaviors', '/home/coderey/ros2_ws/install/nav2_behaviors'), ('nav2_bt_navigator', '/home/coderey/ros2_ws/install/nav2_bt_navigator'), ('nav2_constrained_smoother', '/home/coderey/ros2_ws/install/nav2_constrained_smoother'), ('nav2_controller', '/home/coderey/ros2_ws/install/nav2_controller'), ('nav2_mppi_controller', '/home/coderey/ros2_ws/install/nav2_mppi_controller'), ('nav2_navfn_planner', '/home/coderey/ros2_ws/install/nav2_navfn_planner'), ('nav2_planner', '/home/coderey/ros2_ws/install/nav2_planner'), ('nav2_regulated_pure_pursuit_controller', '/home/coderey/ros2_ws/install/nav2_regulated_pure_pursuit_controller'), ('nav2_smac_planner', '/home/coderey/ros2_ws/install/nav2_smac_planner'), ('nav2_smoother', '/home/coderey/ros2_ws/install/nav2_smoother'), ('nav2_theta_star_planner', '/home/coderey/ros2_ws/install/nav2_theta_star_planner'), ('nav2_waypoint_follower', '/home/coderey/ros2_ws/install/nav2_waypoint_follower'), ('dwb_critics', '/home/coderey/ros2_ws/install/dwb_critics'), ('dwb_plugins', '/home/coderey/ros2_ws/install/dwb_plugins'), ('nav2_rotation_shim_controller', '/home/coderey/ros2_ws/install/nav2_rotation_shim_controller'), ('nav2_dwb_controller', '/home/coderey/ros2_ws/install/nav2_dwb_controller'), ('navigation2', '/home/coderey/ros2_ws/install/navigation2')])}
[0.000819] (nav2_bringup) JobStarted: {'identifier': 'nav2_bringup'}
[0.099428] (-) TimerEvent: {}
[0.200391] (-) TimerEvent: {}
[0.204608] (nav2_bringup) JobEnded: {'identifier': 'nav2_bringup', 'rc': 1}
[0.215033] (-) EventReactorShutdown: {}
