-- Found ament_cmake: 1.1.6 (/opt/ros/galactic/share/ament_cmake/cmake)
-- Using PYTHON_EXECUTABLE: /usr/bin/python3
-- Override CMake install command with custom implementation using symlinks instead of copying resources
-- Found nav2_common: 1.0.12 (/home/coderey/ros2_ws/install/nav2_common/share/nav2_common/cmake)
-- Found rclcpp: 9.2.2 (/opt/ros/galactic/share/rclcpp/cmake)
-- Using all available rosidl_typesupport_c: rosidl_typesupport_microxrcedds_c;rosidl_typesupport_fastrtps_c;rosidl_typesupport_introspection_c
-- Found rosidl_adapter: 2.2.3 (/opt/ros/galactic/share/rosidl_adapter/cmake)
-- Using all available rosidl_typesupport_cpp: rosidl_typesupport_microxrcedds_cpp;rosidl_typesupport_fastrtps_cpp;rosidl_typesupport_introspection_cpp
-- Found rmw_implementation_cmake: 3.3.1 (/opt/ros/galactic/share/rmw_implementation_cmake/cmake)
-- Found rmw_cyclonedds_cpp: 0.22.6 (/opt/ros/galactic/share/rmw_cyclonedds_cpp/cmake)
-- Using RMW implementation 'rmw_cyclonedds_cpp' as default
-- Found rclcpp_action: 9.2.2 (/opt/ros/galactic/share/rclcpp_action/cmake)
-- Found rclcpp_lifecycle: 9.2.2 (/opt/ros/galactic/share/rclcpp_lifecycle/cmake)
-- Found geometry_msgs: 2.2.4 (/home/coderey/microros_ws/install/geometry_msgs/share/geometry_msgs/cmake)
-- Found sensor_msgs: 2.2.4 (/home/coderey/microros_ws/install/sensor_msgs/share/sensor_msgs/cmake)
-- Found nav2_msgs: 1.0.12 (/home/coderey/ros2_ws/install/nav2_msgs/share/nav2_msgs/cmake)
-- Found tf2_ros: 0.17.5 (/opt/ros/galactic/share/tf2_ros/cmake)
-- Found tf2_geometry_msgs: 0.17.5 (/opt/ros/galactic/share/tf2_geometry_msgs/cmake)
-- Found eigen3_cmake_module: 0.1.1 (/opt/ros/galactic/share/eigen3_cmake_module/cmake)
-- Found std_srvs: 2.2.4 (/home/coderey/microros_ws/install/std_srvs/share/std_srvs/cmake)
-- Found nav2_util: 1.0.12 (/home/coderey/ros2_ws/install/nav2_util/share/nav2_util/cmake)
-- Found ament_lint_auto: 0.10.7 (/opt/ros/galactic/share/ament_lint_auto/cmake)
-- Found gtest sources under '/opt/ros/galactic/src/gtest_vendor': C++ tests using 'Google Test' will be built
-- Added test 'copyright' to check source files copyright and LICENSE
-- Added test 'cppcheck' to perform static code analysis on C / C++ code
-- Configured cppcheck include dirs: /home/coderey/ros2_ws/src/navigation2/nav2_behavior_tree/include
-- Configured cppcheck exclude dirs and/or files: 
-- Added test 'cpplint' to check C / C++ code against the Google style
-- Configured cpplint exclude dirs and/or files: 
-- Added test 'lint_cmake' to check CMake code style
-- Added test 'uncrustify' to check C / C++ code style
-- Configured uncrustify additional arguments: 
-- Added test 'xmllint' to check XML markup files
-- Configuring done
-- Generating done
-- Build files have been written to: /home/coderey/ros2_ws/build/nav2_behavior_tree
[  1%] Built target nav2_goal_updated_controller_bt_node
[  3%] Built target nav2_goal_checker_selector_bt_node
[  4%] Built target nav2_controller_selector_bt_node
[  6%] Built target nav2_single_trigger_bt_node
[  7%] Built target nav2_pipeline_sequence_bt_node
[  8%] Built target nav2_transform_available_condition_bt_node
[ 10%] Built target nav2_planner_selector_bt_node
[ 11%] Built target nav2_spin_action_bt_node
[ 12%] Built target nav2_wait_action_bt_node
[ 13%] Built target nav2_compute_path_through_poses_action_bt_node
[ 14%] Built target nav2_behavior_tree
[ 16%] Built target nav2_compute_path_to_pose_action_bt_node
[ 18%] Built target nav2_goal_updated_condition_bt_node
[ 19%] Built target nav2_is_stuck_condition_bt_node
[ 20%] Built target nav2_follow_path_action_bt_node
[ 22%] Built target nav2_goal_updater_node_bt_node
[ 23%] Built target nav2_navigate_through_poses_action_bt_node
[ 24%] Built target nav2_initial_pose_received_condition_bt_node
[ 26%] Built target nav2_round_robin_node_bt_node
[ 26%] Built target nav2_goal_reached_condition_bt_node
[ 28%] Built target nav2_remove_passed_goals_action_bt_node
[ 29%] Built target nav2_rate_controller_bt_node
[ 31%] Built target nav2_is_battery_low_condition_bt_node
[ 33%] Built target nav2_clear_costmap_service_bt_node
[ 34%] Built target nav2_reinitialize_global_localization_service_bt_node
[ 35%] Built target nav2_distance_traveled_condition_bt_node
[ 36%] Built target nav2_speed_controller_bt_node
[ 38%] Built target nav2_navigate_to_pose_action_bt_node
[ 40%] Built target nav2_back_up_action_bt_node
[ 41%] Built target gtest
[ 43%] Built target nav2_truncate_path_action_bt_node
[ 45%] Built target nav2_distance_controller_bt_node
[ 47%] Built target nav2_recovery_node_bt_node
[ 48%] Built target gtest_main
[ 50%] Built target nav2_time_expired_condition_bt_node
[ 52%] Built target test_bt_conversions
[ 53%] Built target test_condition_is_stuck
[ 54%] Built target test_condition_goal_updated
[ 55%] Built target test_condition_distance_traveled
[ 57%] [32mBuilding CXX object test/plugins/condition/CMakeFiles/test_condition_goal_reached.dir/test_goal_reached.cpp.o[0m
[ 58%] Built target test_goal_updater_node
[ 58%] [32mBuilding CXX object test/plugins/decorator/CMakeFiles/test_single_trigger_node.dir/test_single_trigger_node.cpp.o[0m
[ 59%] Built target test_goal_updated_controller
[ 61%] Built target test_decorator_rate_controller
[ 62%] Built target test_decorator_speed_controller
[ 63%] Built target test_decorator_distance_controller
[ 65%] Built target test_control_round_robin_node
[ 67%] Built target test_control_pipeline_sequence
[ 68%] Built target test_control_recovery_node
[ 69%] Built target test_condition_transform_available
[ 71%] Built target test_condition_is_battery_low
[ 73%] Built target test_goal_checker_selector_node
[ 74%] Built target test_condition_initial_pose_received
[ 75%] [32mBuilding CXX object test/plugins/action/CMakeFiles/test_action_back_up_action.dir/test_back_up_action.cpp.o[0m
[ 75%] [32mBuilding CXX object test/plugins/action/CMakeFiles/test_bt_action_node.dir/test_bt_action_node.cpp.o[0m
[ 76%] Built target test_controller_selector_node
[ 77%] Built target test_action_spin_action
[ 78%] Built target test_planner_selector_node
[ 79%] [32mBuilding CXX object test/plugins/action/CMakeFiles/test_action_wait_action.dir/test_wait_action.cpp.o[0m
[ 80%] [32mBuilding CXX object test/plugins/action/CMakeFiles/test_action_reinitialize_global_localization_service.dir/test_reinitialize_global_localization_service.cpp.o[0m
[ 80%] [32mBuilding CXX object test/plugins/action/CMakeFiles/test_action_clear_costmap_service.dir/test_clear_costmap_service.cpp.o[0m
[ 80%] [32mBuilding CXX object test/plugins/action/CMakeFiles/test_action_compute_path_to_pose_action.dir/test_compute_path_to_pose_action.cpp.o[0m
[ 81%] [32m[1mLinking CXX executable test_action_reinitialize_global_localization_service[0m
[ 81%] Built target test_action_reinitialize_global_localization_service
[ 82%] [32m[1mLinking CXX executable test_action_wait_action[0m
[ 83%] [32m[1mLinking CXX executable test_condition_goal_reached[0m
[ 83%] Built target test_action_wait_action
[ 84%] [32m[1mLinking CXX executable test_action_clear_costmap_service[0m
[ 85%] [32m[1mLinking CXX executable test_action_back_up_action[0m
[ 85%] Built target test_condition_goal_reached
[ 85%] Built target test_action_clear_costmap_service
[ 85%] Built target test_action_back_up_action
[ 86%] [32m[1mLinking CXX executable test_single_trigger_node[0m
[ 86%] Built target test_single_trigger_node
[ 87%] [32m[1mLinking CXX executable test_action_compute_path_to_pose_action[0m
[ 88%] [32m[1mLinking CXX executable test_bt_action_node[0m
[ 88%] Built target test_action_compute_path_to_pose_action
[ 88%] Built target test_bt_action_node
[ 90%] Built target test_condition_time_expired
[ 91%] [32mBuilding CXX object test/plugins/action/CMakeFiles/test_remove_passed_goals_action.dir/test_remove_passed_goals_action.cpp.o[0m
[ 92%] [32m[1mLinking CXX executable test_remove_passed_goals_action[0m
[ 92%] Built target test_remove_passed_goals_action
[ 93%] [32mBuilding CXX object test/plugins/action/CMakeFiles/test_action_navigate_to_pose_action.dir/test_navigate_to_pose_action.cpp.o[0m
[ 93%] [32m[1mLinking CXX executable test_action_navigate_to_pose_action[0m
[ 93%] Built target test_action_navigate_to_pose_action
[ 94%] [32mBuilding CXX object test/plugins/action/CMakeFiles/test_truncate_path_action.dir/test_truncate_path_action.cpp.o[0m
[ 95%] [32mBuilding CXX object test/plugins/action/CMakeFiles/test_action_follow_path_action.dir/test_follow_path_action.cpp.o[0m
[ 96%] [32mBuilding CXX object test/plugins/action/CMakeFiles/test_action_compute_path_through_poses_action.dir/test_compute_path_through_poses_action.cpp.o[0m
[ 97%] [32mBuilding CXX object test/plugins/action/CMakeFiles/test_action_navigate_through_poses_action.dir/test_navigate_through_poses_action.cpp.o[0m
[ 98%] [32m[1mLinking CXX executable test_truncate_path_action[0m
[ 98%] Built target test_truncate_path_action
[ 99%] [32m[1mLinking CXX executable test_action_navigate_through_poses_action[0m
[ 99%] Built target test_action_navigate_through_poses_action
[ 99%] [32m[1mLinking CXX executable test_action_follow_path_action[0m
[100%] [32m[1mLinking CXX executable test_action_compute_path_through_poses_action[0m
[100%] Built target test_action_follow_path_action
[100%] Built target test_action_compute_path_through_poses_action
-- Install configuration: "RelWithDebInfo"
-- Execute custom install script
-- Up-to-date symlink: /home/coderey/ros2_ws/install/nav2_behavior_tree/lib/libnav2_behavior_tree.so
-- Up-to-date symlink: /home/coderey/ros2_ws/install/nav2_behavior_tree/lib/libnav2_compute_path_to_pose_action_bt_node.so
-- Up-to-date symlink: /home/coderey/ros2_ws/install/nav2_behavior_tree/lib/libnav2_compute_path_through_poses_action_bt_node.so
-- Up-to-date symlink: /home/coderey/ros2_ws/install/nav2_behavior_tree/lib/libnav2_follow_path_action_bt_node.so
-- Up-to-date symlink: /home/coderey/ros2_ws/install/nav2_behavior_tree/lib/libnav2_back_up_action_bt_node.so
-- Up-to-date symlink: /home/coderey/ros2_ws/install/nav2_behavior_tree/lib/libnav2_spin_action_bt_node.so
-- Up-to-date symlink: /home/coderey/ros2_ws/install/nav2_behavior_tree/lib/libnav2_wait_action_bt_node.so
-- Up-to-date symlink: /home/coderey/ros2_ws/install/nav2_behavior_tree/lib/libnav2_clear_costmap_service_bt_node.so
-- Up-to-date symlink: /home/coderey/ros2_ws/install/nav2_behavior_tree/lib/libnav2_is_stuck_condition_bt_node.so
-- Up-to-date symlink: /home/coderey/ros2_ws/install/nav2_behavior_tree/lib/libnav2_transform_available_condition_bt_node.so
-- Up-to-date symlink: /home/coderey/ros2_ws/install/nav2_behavior_tree/lib/libnav2_goal_reached_condition_bt_node.so
-- Up-to-date symlink: /home/coderey/ros2_ws/install/nav2_behavior_tree/lib/libnav2_goal_updated_condition_bt_node.so
-- Up-to-date symlink: /home/coderey/ros2_ws/install/nav2_behavior_tree/lib/libnav2_time_expired_condition_bt_node.so
-- Up-to-date symlink: /home/coderey/ros2_ws/install/nav2_behavior_tree/lib/libnav2_distance_traveled_condition_bt_node.so
-- Up-to-date symlink: /home/coderey/ros2_ws/install/nav2_behavior_tree/lib/libnav2_initial_pose_received_condition_bt_node.so
-- Up-to-date symlink: /home/coderey/ros2_ws/install/nav2_behavior_tree/lib/libnav2_is_battery_low_condition_bt_node.so
-- Up-to-date symlink: /home/coderey/ros2_ws/install/nav2_behavior_tree/lib/libnav2_reinitialize_global_localization_service_bt_node.so
-- Up-to-date symlink: /home/coderey/ros2_ws/install/nav2_behavior_tree/lib/libnav2_rate_controller_bt_node.so
-- Up-to-date symlink: /home/coderey/ros2_ws/install/nav2_behavior_tree/lib/libnav2_distance_controller_bt_node.so
-- Up-to-date symlink: /home/coderey/ros2_ws/install/nav2_behavior_tree/lib/libnav2_speed_controller_bt_node.so
-- Up-to-date symlink: /home/coderey/ros2_ws/install/nav2_behavior_tree/lib/libnav2_truncate_path_action_bt_node.so
-- Up-to-date symlink: /home/coderey/ros2_ws/install/nav2_behavior_tree/lib/libnav2_goal_updater_node_bt_node.so
-- Up-to-date symlink: /home/coderey/ros2_ws/install/nav2_behavior_tree/lib/libnav2_recovery_node_bt_node.so
-- Up-to-date symlink: /home/coderey/ros2_ws/install/nav2_behavior_tree/lib/libnav2_navigate_to_pose_action_bt_node.so
-- Up-to-date symlink: /home/coderey/ros2_ws/install/nav2_behavior_tree/lib/libnav2_navigate_through_poses_action_bt_node.so
-- Up-to-date symlink: /home/coderey/ros2_ws/install/nav2_behavior_tree/lib/libnav2_remove_passed_goals_action_bt_node.so
-- Up-to-date symlink: /home/coderey/ros2_ws/install/nav2_behavior_tree/lib/libnav2_pipeline_sequence_bt_node.so
-- Up-to-date symlink: /home/coderey/ros2_ws/install/nav2_behavior_tree/lib/libnav2_round_robin_node_bt_node.so
-- Up-to-date symlink: /home/coderey/ros2_ws/install/nav2_behavior_tree/lib/libnav2_single_trigger_bt_node.so
-- Up-to-date symlink: /home/coderey/ros2_ws/install/nav2_behavior_tree/lib/libnav2_planner_selector_bt_node.so
-- Up-to-date symlink: /home/coderey/ros2_ws/install/nav2_behavior_tree/lib/libnav2_controller_selector_bt_node.so
-- Up-to-date symlink: /home/coderey/ros2_ws/install/nav2_behavior_tree/lib/libnav2_goal_checker_selector_bt_node.so
-- Up-to-date symlink: /home/coderey/ros2_ws/install/nav2_behavior_tree/lib/libnav2_goal_updated_controller_bt_node.so
-- Up-to-date symlink: /home/coderey/ros2_ws/install/nav2_behavior_tree/include//nav2_behavior_tree/behavior_tree_engine.hpp
-- Up-to-date symlink: /home/coderey/ros2_ws/install/nav2_behavior_tree/include//nav2_behavior_tree/bt_action_node.hpp
-- Up-to-date symlink: /home/coderey/ros2_ws/install/nav2_behavior_tree/include//nav2_behavior_tree/bt_action_server.hpp
-- Up-to-date symlink: /home/coderey/ros2_ws/install/nav2_behavior_tree/include//nav2_behavior_tree/bt_action_server_impl.hpp
-- Up-to-date symlink: /home/coderey/ros2_ws/install/nav2_behavior_tree/include//nav2_behavior_tree/bt_conversions.hpp
-- Up-to-date symlink: /home/coderey/ros2_ws/install/nav2_behavior_tree/include//nav2_behavior_tree/bt_service_node.hpp
-- Up-to-date symlink: /home/coderey/ros2_ws/install/nav2_behavior_tree/include//nav2_behavior_tree/plugins/action/back_up_action.hpp
-- Up-to-date symlink: /home/coderey/ros2_ws/install/nav2_behavior_tree/include//nav2_behavior_tree/plugins/action/clear_costmap_service.hpp
-- Up-to-date symlink: /home/coderey/ros2_ws/install/nav2_behavior_tree/include//nav2_behavior_tree/plugins/action/compute_path_through_poses_action.hpp
-- Up-to-date symlink: /home/coderey/ros2_ws/install/nav2_behavior_tree/include//nav2_behavior_tree/plugins/action/compute_path_to_pose_action.hpp
-- Up-to-date symlink: /home/coderey/ros2_ws/install/nav2_behavior_tree/include//nav2_behavior_tree/plugins/action/controller_selector_node.hpp
-- Up-to-date symlink: /home/coderey/ros2_ws/install/nav2_behavior_tree/include//nav2_behavior_tree/plugins/action/follow_path_action.hpp
-- Up-to-date symlink: /home/coderey/ros2_ws/install/nav2_behavior_tree/include//nav2_behavior_tree/plugins/action/goal_checker_selector_node.hpp
-- Up-to-date symlink: /home/coderey/ros2_ws/install/nav2_behavior_tree/include//nav2_behavior_tree/plugins/action/navigate_through_poses_action.hpp
-- Up-to-date symlink: /home/coderey/ros2_ws/install/nav2_behavior_tree/include//nav2_behavior_tree/plugins/action/navigate_to_pose_action.hpp
-- Up-to-date symlink: /home/coderey/ros2_ws/install/nav2_behavior_tree/include//nav2_behavior_tree/plugins/action/planner_selector_node.hpp
-- Up-to-date symlink: /home/coderey/ros2_ws/install/nav2_behavior_tree/include//nav2_behavior_tree/plugins/action/reinitialize_global_localization_service.hpp
-- Up-to-date symlink: /home/coderey/ros2_ws/install/nav2_behavior_tree/include//nav2_behavior_tree/plugins/action/remove_passed_goals_action.hpp
-- Up-to-date symlink: /home/coderey/ros2_ws/install/nav2_behavior_tree/include//nav2_behavior_tree/plugins/action/spin_action.hpp
-- Up-to-date symlink: /home/coderey/ros2_ws/install/nav2_behavior_tree/include//nav2_behavior_tree/plugins/action/truncate_path_action.hpp
-- Up-to-date symlink: /home/coderey/ros2_ws/install/nav2_behavior_tree/include//nav2_behavior_tree/plugins/action/wait_action.hpp
-- Up-to-date symlink: /home/coderey/ros2_ws/install/nav2_behavior_tree/include//nav2_behavior_tree/plugins/condition/distance_traveled_condition.hpp
-- Up-to-date symlink: /home/coderey/ros2_ws/install/nav2_behavior_tree/include//nav2_behavior_tree/plugins/condition/goal_reached_condition.hpp
-- Up-to-date symlink: /home/coderey/ros2_ws/install/nav2_behavior_tree/include//nav2_behavior_tree/plugins/condition/goal_updated_condition.hpp
-- Up-to-date symlink: /home/coderey/ros2_ws/install/nav2_behavior_tree/include//nav2_behavior_tree/plugins/condition/initial_pose_received_condition.hpp
-- Up-to-date symlink: /home/coderey/ros2_ws/install/nav2_behavior_tree/include//nav2_behavior_tree/plugins/condition/is_battery_low_condition.hpp
-- Up-to-date symlink: /home/coderey/ros2_ws/install/nav2_behavior_tree/include//nav2_behavior_tree/plugins/condition/is_stuck_condition.hpp
-- Up-to-date symlink: /home/coderey/ros2_ws/install/nav2_behavior_tree/include//nav2_behavior_tree/plugins/condition/time_expired_condition.hpp
-- Up-to-date symlink: /home/coderey/ros2_ws/install/nav2_behavior_tree/include//nav2_behavior_tree/plugins/condition/transform_available_condition.hpp
-- Up-to-date symlink: /home/coderey/ros2_ws/install/nav2_behavior_tree/include//nav2_behavior_tree/plugins/control/pipeline_sequence.hpp
-- Up-to-date symlink: /home/coderey/ros2_ws/install/nav2_behavior_tree/include//nav2_behavior_tree/plugins/control/recovery_node.hpp
-- Up-to-date symlink: /home/coderey/ros2_ws/install/nav2_behavior_tree/include//nav2_behavior_tree/plugins/control/round_robin_node.hpp
-- Up-to-date symlink: /home/coderey/ros2_ws/install/nav2_behavior_tree/include//nav2_behavior_tree/plugins/decorator/distance_controller.hpp
-- Up-to-date symlink: /home/coderey/ros2_ws/install/nav2_behavior_tree/include//nav2_behavior_tree/plugins/decorator/goal_updated_controller.hpp
-- Up-to-date symlink: /home/coderey/ros2_ws/install/nav2_behavior_tree/include//nav2_behavior_tree/plugins/decorator/goal_updater_node.hpp
-- Up-to-date symlink: /home/coderey/ros2_ws/install/nav2_behavior_tree/include//nav2_behavior_tree/plugins/decorator/rate_controller.hpp
-- Up-to-date symlink: /home/coderey/ros2_ws/install/nav2_behavior_tree/include//nav2_behavior_tree/plugins/decorator/single_trigger_node.hpp
-- Up-to-date symlink: /home/coderey/ros2_ws/install/nav2_behavior_tree/include//nav2_behavior_tree/plugins/decorator/speed_controller.hpp
-- Up-to-date symlink: /home/coderey/ros2_ws/install/nav2_behavior_tree/include//nav2_behavior_tree/ros_topic_logger.hpp
-- Up-to-date symlink: /home/coderey/ros2_ws/install/nav2_behavior_tree/share/nav2_behavior_tree/nav2_tree_nodes.xml
-- Up-to-date symlink: /home/coderey/ros2_ws/install/nav2_behavior_tree/share/nav2_behavior_tree/environment/library_path.sh
-- Up-to-date symlink: /home/coderey/ros2_ws/install/nav2_behavior_tree/share/nav2_behavior_tree/environment/library_path.dsv
-- Up-to-date symlink: /home/coderey/ros2_ws/install/nav2_behavior_tree/share/ament_index/resource_index/package_run_dependencies/nav2_behavior_tree
-- Up-to-date symlink: /home/coderey/ros2_ws/install/nav2_behavior_tree/share/ament_index/resource_index/parent_prefix_path/nav2_behavior_tree
-- Up-to-date symlink: /home/coderey/ros2_ws/install/nav2_behavior_tree/share/nav2_behavior_tree/environment/ament_prefix_path.sh
-- Up-to-date symlink: /home/coderey/ros2_ws/install/nav2_behavior_tree/share/nav2_behavior_tree/environment/ament_prefix_path.dsv
-- Up-to-date symlink: /home/coderey/ros2_ws/install/nav2_behavior_tree/share/nav2_behavior_tree/environment/path.sh
-- Up-to-date symlink: /home/coderey/ros2_ws/install/nav2_behavior_tree/share/nav2_behavior_tree/environment/path.dsv
-- Up-to-date symlink: /home/coderey/ros2_ws/install/nav2_behavior_tree/share/nav2_behavior_tree/local_setup.bash
-- Up-to-date symlink: /home/coderey/ros2_ws/install/nav2_behavior_tree/share/nav2_behavior_tree/local_setup.sh
-- Up-to-date symlink: /home/coderey/ros2_ws/install/nav2_behavior_tree/share/nav2_behavior_tree/local_setup.zsh
-- Up-to-date symlink: /home/coderey/ros2_ws/install/nav2_behavior_tree/share/nav2_behavior_tree/local_setup.dsv
-- Symlinking: /home/coderey/ros2_ws/install/nav2_behavior_tree/share/nav2_behavior_tree/package.dsv
-- Up-to-date symlink: /home/coderey/ros2_ws/install/nav2_behavior_tree/share/ament_index/resource_index/packages/nav2_behavior_tree
-- Up-to-date symlink: /home/coderey/ros2_ws/install/nav2_behavior_tree/share/nav2_behavior_tree/cmake/ament_cmake_export_include_directories-extras.cmake
-- Up-to-date symlink: /home/coderey/ros2_ws/install/nav2_behavior_tree/share/nav2_behavior_tree/cmake/ament_cmake_export_libraries-extras.cmake
-- Up-to-date symlink: /home/coderey/ros2_ws/install/nav2_behavior_tree/share/nav2_behavior_tree/cmake/ament_cmake_export_dependencies-extras.cmake
-- Up-to-date symlink: /home/coderey/ros2_ws/install/nav2_behavior_tree/share/nav2_behavior_tree/cmake/nav2_behavior_treeConfig.cmake
-- Up-to-date symlink: /home/coderey/ros2_ws/install/nav2_behavior_tree/share/nav2_behavior_tree/cmake/nav2_behavior_treeConfig-version.cmake
-- Up-to-date symlink: /home/coderey/ros2_ws/install/nav2_behavior_tree/share/nav2_behavior_tree/package.xml
