running develop
Removing /home/coderey/ros2_ws/install/nav2_simple_commander/lib/python3.8/site-packages/nav2-simple-commander.egg-link (link to .)
running egg_info
writing ../../../build/nav2_simple_commander/nav2_simple_commander.egg-info/PKG-INFO
writing dependency_links to ../../../build/nav2_simple_commander/nav2_simple_commander.egg-info/dependency_links.txt
writing entry points to ../../../build/nav2_simple_commander/nav2_simple_commander.egg-info/entry_points.txt
writing requirements to ../../../build/nav2_simple_commander/nav2_simple_commander.egg-info/requires.txt
writing top-level names to ../../../build/nav2_simple_commander/nav2_simple_commander.egg-info/top_level.txt
reading manifest file '../../../build/nav2_simple_commander/nav2_simple_commander.egg-info/SOURCES.txt'
writing manifest file '../../../build/nav2_simple_commander/nav2_simple_commander.egg-info/SOURCES.txt'
running build
running build_py
creating /home/coderey/ros2_ws/build/nav2_simple_commander/build
creating /home/coderey/ros2_ws/build/nav2_simple_commander/build/lib
creating /home/coderey/ros2_ws/build/nav2_simple_commander/build/lib/nav2_simple_commander
copying nav2_simple_commander/demo_security.py -> /home/coderey/ros2_ws/build/nav2_simple_commander/build/lib/nav2_simple_commander
copying nav2_simple_commander/__init__.py -> /home/coderey/ros2_ws/build/nav2_simple_commander/build/lib/nav2_simple_commander
copying nav2_simple_commander/example_nav_through_poses.py -> /home/coderey/ros2_ws/build/nav2_simple_commander/build/lib/nav2_simple_commander
copying nav2_simple_commander/demo_inspection.py -> /home/coderey/ros2_ws/build/nav2_simple_commander/build/lib/nav2_simple_commander
copying nav2_simple_commander/robot_navigator.py -> /home/coderey/ros2_ws/build/nav2_simple_commander/build/lib/nav2_simple_commander
copying nav2_simple_commander/example_follow_path.py -> /home/coderey/ros2_ws/build/nav2_simple_commander/build/lib/nav2_simple_commander
copying nav2_simple_commander/example_waypoint_follower.py -> /home/coderey/ros2_ws/build/nav2_simple_commander/build/lib/nav2_simple_commander
copying nav2_simple_commander/example_nav_to_pose.py -> /home/coderey/ros2_ws/build/nav2_simple_commander/build/lib/nav2_simple_commander
copying nav2_simple_commander/demo_recoveries.py -> /home/coderey/ros2_ws/build/nav2_simple_commander/build/lib/nav2_simple_commander
copying nav2_simple_commander/demo_picking.py -> /home/coderey/ros2_ws/build/nav2_simple_commander/build/lib/nav2_simple_commander
running install
running install_lib
creating /home/coderey/ros2_ws/install/nav2_simple_commander/lib/python3.8/site-packages/nav2_simple_commander
copying /home/coderey/ros2_ws/build/nav2_simple_commander/build/lib/nav2_simple_commander/demo_security.py -> /home/coderey/ros2_ws/install/nav2_simple_commander/lib/python3.8/site-packages/nav2_simple_commander
copying /home/coderey/ros2_ws/build/nav2_simple_commander/build/lib/nav2_simple_commander/__init__.py -> /home/coderey/ros2_ws/install/nav2_simple_commander/lib/python3.8/site-packages/nav2_simple_commander
copying /home/coderey/ros2_ws/build/nav2_simple_commander/build/lib/nav2_simple_commander/example_nav_through_poses.py -> /home/coderey/ros2_ws/install/nav2_simple_commander/lib/python3.8/site-packages/nav2_simple_commander
copying /home/coderey/ros2_ws/build/nav2_simple_commander/build/lib/nav2_simple_commander/demo_inspection.py -> /home/coderey/ros2_ws/install/nav2_simple_commander/lib/python3.8/site-packages/nav2_simple_commander
copying /home/coderey/ros2_ws/build/nav2_simple_commander/build/lib/nav2_simple_commander/robot_navigator.py -> /home/coderey/ros2_ws/install/nav2_simple_commander/lib/python3.8/site-packages/nav2_simple_commander
copying /home/coderey/ros2_ws/build/nav2_simple_commander/build/lib/nav2_simple_commander/example_follow_path.py -> /home/coderey/ros2_ws/install/nav2_simple_commander/lib/python3.8/site-packages/nav2_simple_commander
copying /home/coderey/ros2_ws/build/nav2_simple_commander/build/lib/nav2_simple_commander/example_waypoint_follower.py -> /home/coderey/ros2_ws/install/nav2_simple_commander/lib/python3.8/site-packages/nav2_simple_commander
copying /home/coderey/ros2_ws/build/nav2_simple_commander/build/lib/nav2_simple_commander/example_nav_to_pose.py -> /home/coderey/ros2_ws/install/nav2_simple_commander/lib/python3.8/site-packages/nav2_simple_commander
copying /home/coderey/ros2_ws/build/nav2_simple_commander/build/lib/nav2_simple_commander/demo_recoveries.py -> /home/coderey/ros2_ws/install/nav2_simple_commander/lib/python3.8/site-packages/nav2_simple_commander
copying /home/coderey/ros2_ws/build/nav2_simple_commander/build/lib/nav2_simple_commander/demo_picking.py -> /home/coderey/ros2_ws/install/nav2_simple_commander/lib/python3.8/site-packages/nav2_simple_commander
byte-compiling /home/coderey/ros2_ws/install/nav2_simple_commander/lib/python3.8/site-packages/nav2_simple_commander/demo_security.py to demo_security.cpython-38.pyc
byte-compiling /home/coderey/ros2_ws/install/nav2_simple_commander/lib/python3.8/site-packages/nav2_simple_commander/__init__.py to __init__.cpython-38.pyc
byte-compiling /home/coderey/ros2_ws/install/nav2_simple_commander/lib/python3.8/site-packages/nav2_simple_commander/example_nav_through_poses.py to example_nav_through_poses.cpython-38.pyc
byte-compiling /home/coderey/ros2_ws/install/nav2_simple_commander/lib/python3.8/site-packages/nav2_simple_commander/demo_inspection.py to demo_inspection.cpython-38.pyc
byte-compiling /home/coderey/ros2_ws/install/nav2_simple_commander/lib/python3.8/site-packages/nav2_simple_commander/robot_navigator.py to robot_navigator.cpython-38.pyc
byte-compiling /home/coderey/ros2_ws/install/nav2_simple_commander/lib/python3.8/site-packages/nav2_simple_commander/example_follow_path.py to example_follow_path.cpython-38.pyc
byte-compiling /home/coderey/ros2_ws/install/nav2_simple_commander/lib/python3.8/site-packages/nav2_simple_commander/example_waypoint_follower.py to example_waypoint_follower.cpython-38.pyc
byte-compiling /home/coderey/ros2_ws/install/nav2_simple_commander/lib/python3.8/site-packages/nav2_simple_commander/example_nav_to_pose.py to example_nav_to_pose.cpython-38.pyc
byte-compiling /home/coderey/ros2_ws/install/nav2_simple_commander/lib/python3.8/site-packages/nav2_simple_commander/demo_recoveries.py to demo_recoveries.cpython-38.pyc
byte-compiling /home/coderey/ros2_ws/install/nav2_simple_commander/lib/python3.8/site-packages/nav2_simple_commander/demo_picking.py to demo_picking.cpython-38.pyc
running install_data
running install_egg_info
Copying ../../../build/nav2_simple_commander/nav2_simple_commander.egg-info to /home/coderey/ros2_ws/install/nav2_simple_commander/lib/python3.8/site-packages/nav2_simple_commander-1.0.0-py3.8.egg-info
running install_scripts
Installing demo_inspection script to /home/coderey/ros2_ws/install/nav2_simple_commander/lib/nav2_simple_commander
Installing demo_picking script to /home/coderey/ros2_ws/install/nav2_simple_commander/lib/nav2_simple_commander
Installing demo_recoveries script to /home/coderey/ros2_ws/install/nav2_simple_commander/lib/nav2_simple_commander
Installing demo_security script to /home/coderey/ros2_ws/install/nav2_simple_commander/lib/nav2_simple_commander
Installing example_follow_path script to /home/coderey/ros2_ws/install/nav2_simple_commander/lib/nav2_simple_commander
Installing example_nav_through_poses script to /home/coderey/ros2_ws/install/nav2_simple_commander/lib/nav2_simple_commander
Installing example_nav_to_pose script to /home/coderey/ros2_ws/install/nav2_simple_commander/lib/nav2_simple_commander
Installing example_waypoint_follower script to /home/coderey/ros2_ws/install/nav2_simple_commander/lib/nav2_simple_commander
writing list of installed files to '/home/coderey/ros2_ws/build/nav2_simple_commander/install.log'
