[1.783s] Invoking command in '/home/coderey/ros2_ws/build/bno055': PYTHONPATH=/home/coderey/ros2_ws/build/bno055/prefix_override:/home/coderey/ros2_ws/install/bno055/lib/python3.8/site-packages:${PYTHONPATH} /usr/bin/python3 setup.py develop --uninstall --editable --build-directory /home/coderey/ros2_ws/build/bno055/build
[2.121s] running develop
[2.280s] Removing /home/coderey/ros2_ws/install/bno055/lib/python3.8/site-packages/bno055.egg-link (link to .)
[2.324s] Invoked command in '/home/coderey/ros2_ws/build/bno055' returned '0': PYTHONPATH=/home/coderey/ros2_ws/build/bno055/prefix_override:/home/coderey/ros2_ws/install/bno055/lib/python3.8/site-packages:${PYTHONPATH} /usr/bin/python3 setup.py develop --uninstall --editable --build-directory /home/coderey/ros2_ws/build/bno055/build
[2.326s] Invoking command in '/home/coderey/ros2_ws/src/bno055': PYTHONPATH=/home/coderey/ros2_ws/build/bno055/prefix_override:/home/coderey/ros2_ws/install/bno055/lib/python3.8/site-packages:${PYTHONPATH} /usr/bin/python3 setup.py egg_info --egg-base ../../build/bno055 build --build-base /home/coderey/ros2_ws/build/bno055/build install --record /home/coderey/ros2_ws/build/bno055/install.log --single-version-externally-managed
[2.712s] running egg_info
[2.712s] writing ../../build/bno055/bno055.egg-info/PKG-INFO
[2.712s] writing dependency_links to ../../build/bno055/bno055.egg-info/dependency_links.txt
[2.712s] writing entry points to ../../build/bno055/bno055.egg-info/entry_points.txt
[2.712s] writing requirements to ../../build/bno055/bno055.egg-info/requires.txt
[2.714s] writing top-level names to ../../build/bno055/bno055.egg-info/top_level.txt
[2.765s] reading manifest file '../../build/bno055/bno055.egg-info/SOURCES.txt'
[2.769s] writing manifest file '../../build/bno055/bno055.egg-info/SOURCES.txt'
[2.769s] running build
[2.769s] running build_py
[2.769s] running install
[2.771s] running install_lib
[2.771s] creating /home/coderey/ros2_ws/install/bno055/lib/python3.8/site-packages/bno055
[2.773s] copying /home/coderey/ros2_ws/build/bno055/build/lib/bno055/__init__.py -> /home/coderey/ros2_ws/install/bno055/lib/python3.8/site-packages/bno055
[2.773s] creating /home/coderey/ros2_ws/install/bno055/lib/python3.8/site-packages/bno055/connectors
[2.773s] copying /home/coderey/ros2_ws/build/bno055/build/lib/bno055/connectors/__init__.py -> /home/coderey/ros2_ws/install/bno055/lib/python3.8/site-packages/bno055/connectors
[2.773s] copying /home/coderey/ros2_ws/build/bno055/build/lib/bno055/connectors/uart.py -> /home/coderey/ros2_ws/install/bno055/lib/python3.8/site-packages/bno055/connectors
[2.774s] copying /home/coderey/ros2_ws/build/bno055/build/lib/bno055/connectors/Connector.py -> /home/coderey/ros2_ws/install/bno055/lib/python3.8/site-packages/bno055/connectors
[2.774s] copying /home/coderey/ros2_ws/build/bno055/build/lib/bno055/connectors/i2c.py -> /home/coderey/ros2_ws/install/bno055/lib/python3.8/site-packages/bno055/connectors
[2.774s] creating /home/coderey/ros2_ws/install/bno055/lib/python3.8/site-packages/bno055/sensor
[2.774s] copying /home/coderey/ros2_ws/build/bno055/build/lib/bno055/sensor/__init__.py -> /home/coderey/ros2_ws/install/bno055/lib/python3.8/site-packages/bno055/sensor
[2.774s] copying /home/coderey/ros2_ws/build/bno055/build/lib/bno055/sensor/SensorService.py -> /home/coderey/ros2_ws/install/bno055/lib/python3.8/site-packages/bno055/sensor
[2.774s] copying /home/coderey/ros2_ws/build/bno055/build/lib/bno055/registers.py -> /home/coderey/ros2_ws/install/bno055/lib/python3.8/site-packages/bno055
[2.774s] copying /home/coderey/ros2_ws/build/bno055/build/lib/bno055/bno055.py -> /home/coderey/ros2_ws/install/bno055/lib/python3.8/site-packages/bno055
[2.774s] creating /home/coderey/ros2_ws/install/bno055/lib/python3.8/site-packages/bno055/error_handling
[2.774s] copying /home/coderey/ros2_ws/build/bno055/build/lib/bno055/error_handling/__init__.py -> /home/coderey/ros2_ws/install/bno055/lib/python3.8/site-packages/bno055/error_handling
[2.774s] copying /home/coderey/ros2_ws/build/bno055/build/lib/bno055/error_handling/exceptions.py -> /home/coderey/ros2_ws/install/bno055/lib/python3.8/site-packages/bno055/error_handling
[2.774s] creating /home/coderey/ros2_ws/install/bno055/lib/python3.8/site-packages/bno055/params
[2.775s] copying /home/coderey/ros2_ws/build/bno055/build/lib/bno055/params/__init__.py -> /home/coderey/ros2_ws/install/bno055/lib/python3.8/site-packages/bno055/params
[2.775s] copying /home/coderey/ros2_ws/build/bno055/build/lib/bno055/params/NodeParameters.py -> /home/coderey/ros2_ws/install/bno055/lib/python3.8/site-packages/bno055/params
[2.775s] byte-compiling /home/coderey/ros2_ws/install/bno055/lib/python3.8/site-packages/bno055/__init__.py to __init__.cpython-38.pyc
[2.775s] byte-compiling /home/coderey/ros2_ws/install/bno055/lib/python3.8/site-packages/bno055/connectors/__init__.py to __init__.cpython-38.pyc
[2.775s] byte-compiling /home/coderey/ros2_ws/install/bno055/lib/python3.8/site-packages/bno055/connectors/uart.py to uart.cpython-38.pyc
[2.776s] byte-compiling /home/coderey/ros2_ws/install/bno055/lib/python3.8/site-packages/bno055/connectors/Connector.py to Connector.cpython-38.pyc
[2.778s] byte-compiling /home/coderey/ros2_ws/install/bno055/lib/python3.8/site-packages/bno055/connectors/i2c.py to i2c.cpython-38.pyc
[2.778s] byte-compiling /home/coderey/ros2_ws/install/bno055/lib/python3.8/site-packages/bno055/sensor/__init__.py to __init__.cpython-38.pyc
[2.778s] byte-compiling /home/coderey/ros2_ws/install/bno055/lib/python3.8/site-packages/bno055/sensor/SensorService.py to SensorService.cpython-38.pyc
[2.782s] byte-compiling /home/coderey/ros2_ws/install/bno055/lib/python3.8/site-packages/bno055/registers.py to registers.cpython-38.pyc
[2.782s] byte-compiling /home/coderey/ros2_ws/install/bno055/lib/python3.8/site-packages/bno055/bno055.py to bno055.cpython-38.pyc
[2.782s] byte-compiling /home/coderey/ros2_ws/install/bno055/lib/python3.8/site-packages/bno055/error_handling/__init__.py to __init__.cpython-38.pyc
[2.785s] byte-compiling /home/coderey/ros2_ws/install/bno055/lib/python3.8/site-packages/bno055/error_handling/exceptions.py to exceptions.cpython-38.pyc
[2.785s] byte-compiling /home/coderey/ros2_ws/install/bno055/lib/python3.8/site-packages/bno055/params/__init__.py to __init__.cpython-38.pyc
[2.785s] byte-compiling /home/coderey/ros2_ws/install/bno055/lib/python3.8/site-packages/bno055/params/NodeParameters.py to NodeParameters.cpython-38.pyc
[2.785s] running install_data
[2.785s] running install_egg_info
[2.786s] Copying ../../build/bno055/bno055.egg-info to /home/coderey/ros2_ws/install/bno055/lib/python3.8/site-packages/bno055-0.4.1-py3.8.egg-info
[2.788s] running install_scripts
[2.819s] Installing bno055 script to /home/coderey/ros2_ws/install/bno055/lib/bno055
[2.821s] writing list of installed files to '/home/coderey/ros2_ws/build/bno055/install.log'
[3.458s] Invoked command in '/home/coderey/ros2_ws/src/bno055' returned '0': PYTHONPATH=/home/coderey/ros2_ws/build/bno055/prefix_override:/home/coderey/ros2_ws/install/bno055/lib/python3.8/site-packages:${PYTHONPATH} /usr/bin/python3 setup.py egg_info --egg-base ../../build/bno055 build --build-base /home/coderey/ros2_ws/build/bno055/build install --record /home/coderey/ros2_ws/build/bno055/install.log --single-version-externally-managed
