[1.765s] Invoking command in '/home/coderey/ros2_ws/build/nav2_common': CMAKE_PREFIX_PATH=${CMAKE_PREFIX_PATH}:/home/coderey/ros2_ws/install/swisscat_robot:/home/coderey/ros2_ws/install/nav2_gps_waypoint_follower_demo:/home/coderey/ros2_ws/install/mob_rob_loca:/home/coderey/ros2_ws/install/bno055:/home/coderey/microros_ws/install/sensor_msgs_py:/opt/ros/galactic /usr/bin/cmake --build /home/coderey/ros2_ws/build/nav2_common -- -j8 -l8
[2.774s] -- Found ament_cmake_core: 1.1.6 (/opt/ros/galactic/share/ament_cmake_core/cmake)
[2.775s] -- Using PYTHON_EXECUTABLE: /usr/bin/python3
[2.775s] -- Found ament_cmake_python: 1.1.6 (/opt/ros/galactic/share/ament_cmake_python/cmake)
[2.775s] -- Configuring done
[2.775s] -- Generating done
[2.775s] -- Build files have been written to: /home/coderey/ros2_ws/build/nav2_common
[2.775s] Built target ament_cmake_python_copy_nav2_common
[2.885s] running egg_info
[2.886s] writing nav2_common.egg-info/PKG-INFO
[2.886s] writing dependency_links to nav2_common.egg-info/dependency_links.txt
[2.886s] writing top-level names to nav2_common.egg-info/top_level.txt
[2.948s] reading manifest file 'nav2_common.egg-info/SOURCES.txt'
[2.949s] writing manifest file 'nav2_common.egg-info/SOURCES.txt'
[2.994s] Built target ament_cmake_python_build_nav2_common_egg
[3.034s] Invoked command in '/home/coderey/ros2_ws/build/nav2_common' returned '0': CMAKE_PREFIX_PATH=${CMAKE_PREFIX_PATH}:/home/coderey/ros2_ws/install/swisscat_robot:/home/coderey/ros2_ws/install/nav2_gps_waypoint_follower_demo:/home/coderey/ros2_ws/install/mob_rob_loca:/home/coderey/ros2_ws/install/bno055:/home/coderey/microros_ws/install/sensor_msgs_py:/opt/ros/galactic /usr/bin/cmake --build /home/coderey/ros2_ws/build/nav2_common -- -j8 -l8
[3.320s] Invoking command in '/home/coderey/ros2_ws/build/nav2_common': CMAKE_PREFIX_PATH=${CMAKE_PREFIX_PATH}:/home/coderey/ros2_ws/install/swisscat_robot:/home/coderey/ros2_ws/install/nav2_gps_waypoint_follower_demo:/home/coderey/ros2_ws/install/mob_rob_loca:/home/coderey/ros2_ws/install/bno055:/home/coderey/microros_ws/install/sensor_msgs_py:/opt/ros/galactic /usr/bin/cmake --install /home/coderey/ros2_ws/build/nav2_common
[3.351s] -- Install configuration: ""
[3.352s] -- Up-to-date: /home/coderey/ros2_ws/install/nav2_common/share/nav2_common/environment/pythonpath.sh
[3.353s] -- Installing: /home/coderey/ros2_ws/install/nav2_common/share/nav2_common/environment/pythonpath.dsv
[3.353s] -- Up-to-date: /home/coderey/ros2_ws/install/nav2_common/lib/python3.8/site-packages//nav2_common.egg-info
[3.353s] -- Installing: /home/coderey/ros2_ws/install/nav2_common/lib/python3.8/site-packages//nav2_common.egg-info/dependency_links.txt
[3.353s] -- Installing: /home/coderey/ros2_ws/install/nav2_common/lib/python3.8/site-packages//nav2_common.egg-info/SOURCES.txt
[3.353s] -- Installing: /home/coderey/ros2_ws/install/nav2_common/lib/python3.8/site-packages//nav2_common.egg-info/top_level.txt
[3.356s] -- Installing: /home/coderey/ros2_ws/install/nav2_common/lib/python3.8/site-packages//nav2_common.egg-info/PKG-INFO
[3.356s] -- Up-to-date: /home/coderey/ros2_ws/install/nav2_common/lib/python3.8/site-packages/nav2_common
[3.356s] -- Installing: /home/coderey/ros2_ws/install/nav2_common/lib/python3.8/site-packages/nav2_common/__init__.py
[3.356s] -- Up-to-date: /home/coderey/ros2_ws/install/nav2_common/lib/python3.8/site-packages/nav2_common/launch
[3.356s] -- Installing: /home/coderey/ros2_ws/install/nav2_common/lib/python3.8/site-packages/nav2_common/launch/parse_multirobot_pose.py
[3.356s] -- Installing: /home/coderey/ros2_ws/install/nav2_common/lib/python3.8/site-packages/nav2_common/launch/__init__.py
[3.356s] -- Installing: /home/coderey/ros2_ws/install/nav2_common/lib/python3.8/site-packages/nav2_common/launch/rewritten_yaml.py
[3.356s] -- Installing: /home/coderey/ros2_ws/install/nav2_common/lib/python3.8/site-packages/nav2_common/launch/has_node_params.py
[3.357s] -- Installing: /home/coderey/ros2_ws/install/nav2_common/lib/python3.8/site-packages/nav2_common/launch/replace_string.py
[3.447s] Listing '/home/coderey/ros2_ws/install/nav2_common/lib/python3.8/site-packages/nav2_common'...
[3.448s] Compiling '/home/coderey/ros2_ws/install/nav2_common/lib/python3.8/site-packages/nav2_common/__init__.py'...
[3.448s] Listing '/home/coderey/ros2_ws/install/nav2_common/lib/python3.8/site-packages/nav2_common/launch'...
[3.448s] Compiling '/home/coderey/ros2_ws/install/nav2_common/lib/python3.8/site-packages/nav2_common/launch/__init__.py'...
[3.448s] Compiling '/home/coderey/ros2_ws/install/nav2_common/lib/python3.8/site-packages/nav2_common/launch/has_node_params.py'...
[3.448s] Compiling '/home/coderey/ros2_ws/install/nav2_common/lib/python3.8/site-packages/nav2_common/launch/parse_multirobot_pose.py'...
[3.448s] Compiling '/home/coderey/ros2_ws/install/nav2_common/lib/python3.8/site-packages/nav2_common/launch/replace_string.py'...
[3.448s] Compiling '/home/coderey/ros2_ws/install/nav2_common/lib/python3.8/site-packages/nav2_common/launch/rewritten_yaml.py'...
[3.453s] -- Up-to-date: /home/coderey/ros2_ws/install/nav2_common/share/ament_index/resource_index/package_run_dependencies/nav2_common
[3.453s] -- Up-to-date: /home/coderey/ros2_ws/install/nav2_common/share/ament_index/resource_index/parent_prefix_path/nav2_common
[3.455s] -- Up-to-date: /home/coderey/ros2_ws/install/nav2_common/share/nav2_common/environment/ament_prefix_path.sh
[3.455s] -- Installing: /home/coderey/ros2_ws/install/nav2_common/share/nav2_common/environment/ament_prefix_path.dsv
[3.455s] -- Up-to-date: /home/coderey/ros2_ws/install/nav2_common/share/nav2_common/environment/path.sh
[3.455s] -- Installing: /home/coderey/ros2_ws/install/nav2_common/share/nav2_common/environment/path.dsv
[3.455s] -- Up-to-date: /home/coderey/ros2_ws/install/nav2_common/share/nav2_common/local_setup.bash
[3.455s] -- Up-to-date: /home/coderey/ros2_ws/install/nav2_common/share/nav2_common/local_setup.sh
[3.455s] -- Up-to-date: /home/coderey/ros2_ws/install/nav2_common/share/nav2_common/local_setup.zsh
[3.455s] -- Installing: /home/coderey/ros2_ws/install/nav2_common/share/nav2_common/local_setup.dsv
[3.456s] -- Installing: /home/coderey/ros2_ws/install/nav2_common/share/nav2_common/package.dsv
[3.460s] -- Up-to-date: /home/coderey/ros2_ws/install/nav2_common/share/ament_index/resource_index/packages/nav2_common
[3.460s] -- Installing: /home/coderey/ros2_ws/install/nav2_common/share/nav2_common/cmake/nav2_common-extras.cmake
[3.461s] -- Up-to-date: /home/coderey/ros2_ws/install/nav2_common/share/nav2_common/cmake/nav2_commonConfig.cmake
[3.461s] -- Up-to-date: /home/coderey/ros2_ws/install/nav2_common/share/nav2_common/cmake/nav2_commonConfig-version.cmake
[3.461s] -- Installing: /home/coderey/ros2_ws/install/nav2_common/share/nav2_common/package.xml
[3.461s] -- Up-to-date: /home/coderey/ros2_ws/install/nav2_common/share/nav2_common/cmake
[3.461s] -- Installing: /home/coderey/ros2_ws/install/nav2_common/share/nav2_common/cmake/nav2_package.cmake
[3.705s] Invoked command in '/home/coderey/ros2_ws/build/nav2_common' returned '0': CMAKE_PREFIX_PATH=${CMAKE_PREFIX_PATH}:/home/coderey/ros2_ws/install/swisscat_robot:/home/coderey/ros2_ws/install/nav2_gps_waypoint_follower_demo:/home/coderey/ros2_ws/install/mob_rob_loca:/home/coderey/ros2_ws/install/bno055:/home/coderey/microros_ws/install/sensor_msgs_py:/opt/ros/galactic /usr/bin/cmake --install /home/coderey/ros2_ws/build/nav2_common
