[0.705s] Invoking command in '/home/coderey/ros2_ws/build/marvelmind_ros2_msgs': CMAKE_PREFIX_PATH=${CMAKE_PREFIX_PATH}:/home/coderey/ros2_ws/install/mob_rob_loca:/home/coderey/ros2_ws/install/nav2_simple_commander:/home/coderey/ros2_ws/install/nav2_gazebo_spawner:/home/coderey/ros2_ws/install/bno055:/home/coderey/microros_ws/install/sensor_msgs_py:/opt/ros/galactic /usr/bin/cmake /home/coderey/ros2_ws/src/marvelmind_ros2_msgs_upstream -DCMAKE_BUILD_TYPE=RelWithDebInfo -DAMENT_CMAKE_SYMLINK_INSTALL=1 -DCMAKE_INSTALL_PREFIX=/home/coderey/ros2_ws/install/marvelmind_ros2_msgs
[1.562s] -- Found ament_cmake: 1.1.6 (/opt/ros/galactic/share/ament_cmake/cmake)
[1.562s] -- Found PythonInterp: /usr/bin/python3 (found suitable version "3.8.10", minimum required is "3") 
[1.562s] -- Using PYTHON_EXECUTABLE: /usr/bin/python3
[1.562s] -- Override CMake install command with custom implementation using symlinks instead of copying resources
[1.562s] -- Found rosidl_default_generators: 1.1.1 (/opt/ros/galactic/share/rosidl_default_generators/cmake)
[1.562s] -- Using all available rosidl_typesupport_c: rosidl_typesupport_microxrcedds_c;rosidl_typesupport_fastrtps_c;rosidl_typesupport_introspection_c
[1.562s] -- Found rosidl_adapter: 2.2.3 (/opt/ros/galactic/share/rosidl_adapter/cmake)
[1.562s] -- Using all available rosidl_typesupport_cpp: rosidl_typesupport_microxrcedds_cpp;rosidl_typesupport_fastrtps_cpp;rosidl_typesupport_introspection_cpp
[1.562s] -- Found std_msgs: 2.2.4 (/home/coderey/microros_ws/install/std_msgs/share/std_msgs/cmake)
[1.562s] -- Found geometry_msgs: 2.2.4 (/home/coderey/microros_ws/install/geometry_msgs/share/geometry_msgs/cmake)
[1.562s] -- Found PythonInterp: /usr/bin/python3 (found version "3.8.10") 
[1.562s] -- Found ament_cmake_ros: 0.9.2 (/opt/ros/galactic/share/ament_cmake_ros/cmake)
[1.804s] -- Using all available rosidl_typesupport_c: rosidl_typesupport_microxrcedds_c;rosidl_typesupport_fastrtps_c;rosidl_typesupport_introspection_c
[1.963s] -- Using all available rosidl_typesupport_cpp: rosidl_typesupport_microxrcedds_cpp;rosidl_typesupport_fastrtps_cpp;rosidl_typesupport_introspection_cpp
[2.021s] -- Found PythonInterp: /usr/bin/python3 (found suitable version "3.8.10", minimum required is "3.5") 
[2.021s] -- Found python_cmake_module: 0.8.1 (/opt/ros/galactic/share/python_cmake_module/cmake)
[2.066s] -- Using PYTHON_EXECUTABLE: /usr/bin/python3
[2.066s] -- Using PYTHON_INCLUDE_DIRS: /usr/include/python3.8
[2.067s] -- Using PYTHON_LIBRARIES: /usr/lib/x86_64-linux-gnu/libpython3.8.so
[2.247s] -- Configuring done
[2.385s] -- Generating done
[2.391s] -- Build files have been written to: /home/coderey/ros2_ws/build/marvelmind_ros2_msgs
[2.889s] Invoked command in '/home/coderey/ros2_ws/build/marvelmind_ros2_msgs' returned '0': CMAKE_PREFIX_PATH=${CMAKE_PREFIX_PATH}:/home/coderey/ros2_ws/install/mob_rob_loca:/home/coderey/ros2_ws/install/nav2_simple_commander:/home/coderey/ros2_ws/install/nav2_gazebo_spawner:/home/coderey/ros2_ws/install/bno055:/home/coderey/microros_ws/install/sensor_msgs_py:/opt/ros/galactic /usr/bin/cmake /home/coderey/ros2_ws/src/marvelmind_ros2_msgs_upstream -DCMAKE_BUILD_TYPE=RelWithDebInfo -DAMENT_CMAKE_SYMLINK_INSTALL=1 -DCMAKE_INSTALL_PREFIX=/home/coderey/ros2_ws/install/marvelmind_ros2_msgs
[2.893s] Invoking command in '/home/coderey/ros2_ws/build/marvelmind_ros2_msgs': CMAKE_PREFIX_PATH=${CMAKE_PREFIX_PATH}:/home/coderey/ros2_ws/install/mob_rob_loca:/home/coderey/ros2_ws/install/nav2_simple_commander:/home/coderey/ros2_ws/install/nav2_gazebo_spawner:/home/coderey/ros2_ws/install/bno055:/home/coderey/microros_ws/install/sensor_msgs_py:/opt/ros/galactic /usr/bin/cmake --build /home/coderey/ros2_ws/build/marvelmind_ros2_msgs -- -j8 -l8
[3.126s] [  0%] Built target marvelmind_ros2_msgs__cpp
[3.235s] [  9%] Built target marvelmind_ros2_msgs__rosidl_generator_c
[3.353s] [ 18%] Built target marvelmind_ros2_msgs__rosidl_typesupport_fastrtps_cpp
[3.391s] [ 28%] Built target marvelmind_ros2_msgs__rosidl_typesupport_introspection_cpp
[3.391s] [ 38%] Built target marvelmind_ros2_msgs__rosidl_typesupport_microxrcedds_cpp
[3.394s] [ 46%] Built target marvelmind_ros2_msgs__rosidl_typesupport_cpp
[3.506s] [ 55%] Built target marvelmind_ros2_msgs__rosidl_typesupport_c
[3.536s] [ 65%] Built target marvelmind_ros2_msgs__rosidl_typesupport_microxrcedds_c
[3.539s] [ 74%] Built target marvelmind_ros2_msgs__rosidl_typesupport_fastrtps_c
[3.541s] [ 84%] Built target marvelmind_ros2_msgs__rosidl_typesupport_introspection_c
[3.655s] [ 84%] Built target marvelmind_ros2_msgs
[3.811s] [ 85%] Built target marvelmind_ros2_msgs__py
[3.933s] [ 94%] Built target marvelmind_ros2_msgs__python
[4.060s] [ 96%] Built target marvelmind_ros2_msgs__rosidl_typesupport_c__pyext
[4.099s] [ 98%] Built target marvelmind_ros2_msgs__rosidl_typesupport_fastrtps_c__pyext
[4.099s] [ 99%] Built target marvelmind_ros2_msgs__rosidl_typesupport_microxrcedds_c__pyext
[4.134s] [100%] Built target marvelmind_ros2_msgs__rosidl_typesupport_introspection_c__pyext
[5.264s] Invoked command in '/home/coderey/ros2_ws/build/marvelmind_ros2_msgs' returned '0': CMAKE_PREFIX_PATH=${CMAKE_PREFIX_PATH}:/home/coderey/ros2_ws/install/mob_rob_loca:/home/coderey/ros2_ws/install/nav2_simple_commander:/home/coderey/ros2_ws/install/nav2_gazebo_spawner:/home/coderey/ros2_ws/install/bno055:/home/coderey/microros_ws/install/sensor_msgs_py:/opt/ros/galactic /usr/bin/cmake --build /home/coderey/ros2_ws/build/marvelmind_ros2_msgs -- -j8 -l8
[7.621s] Invoking command in '/home/coderey/ros2_ws/build/marvelmind_ros2_msgs': CMAKE_PREFIX_PATH=${CMAKE_PREFIX_PATH}:/home/coderey/ros2_ws/install/mob_rob_loca:/home/coderey/ros2_ws/install/nav2_simple_commander:/home/coderey/ros2_ws/install/nav2_gazebo_spawner:/home/coderey/ros2_ws/install/bno055:/home/coderey/microros_ws/install/sensor_msgs_py:/opt/ros/galactic /usr/bin/cmake --install /home/coderey/ros2_ws/build/marvelmind_ros2_msgs
[7.651s] -- Install configuration: "RelWithDebInfo"
[7.654s] -- Execute custom install script
[7.654s] -- Up-to-date symlink: /home/coderey/ros2_ws/install/marvelmind_ros2_msgs/share/ament_index/resource_index/rosidl_interfaces/marvelmind_ros2_msgs
[7.654s] -- Up-to-date symlink: /home/coderey/ros2_ws/install/marvelmind_ros2_msgs/include/marvelmind_ros2_msgs/msg/beacon_distance.h
[7.655s] -- Up-to-date symlink: /home/coderey/ros2_ws/install/marvelmind_ros2_msgs/include/marvelmind_ros2_msgs/msg/beacon_position_addressed.h
[7.655s] -- Up-to-date symlink: /home/coderey/ros2_ws/install/marvelmind_ros2_msgs/include/marvelmind_ros2_msgs/msg/detail/beacon_distance__functions.h
[7.655s] -- Up-to-date symlink: /home/coderey/ros2_ws/install/marvelmind_ros2_msgs/include/marvelmind_ros2_msgs/msg/detail/beacon_distance__struct.h
[7.656s] -- Up-to-date symlink: /home/coderey/ros2_ws/install/marvelmind_ros2_msgs/include/marvelmind_ros2_msgs/msg/detail/beacon_distance__type_support.h
[7.656s] -- Up-to-date symlink: /home/coderey/ros2_ws/install/marvelmind_ros2_msgs/include/marvelmind_ros2_msgs/msg/detail/beacon_position_addressed__functions.h
[7.657s] -- Up-to-date symlink: /home/coderey/ros2_ws/install/marvelmind_ros2_msgs/include/marvelmind_ros2_msgs/msg/detail/beacon_position_addressed__struct.h
[7.657s] -- Up-to-date symlink: /home/coderey/ros2_ws/install/marvelmind_ros2_msgs/include/marvelmind_ros2_msgs/msg/detail/beacon_position_addressed__type_support.h
[7.657s] -- Up-to-date symlink: /home/coderey/ros2_ws/install/marvelmind_ros2_msgs/include/marvelmind_ros2_msgs/msg/detail/hedge_imu_fusion__functions.h
[7.658s] -- Up-to-date symlink: /home/coderey/ros2_ws/install/marvelmind_ros2_msgs/include/marvelmind_ros2_msgs/msg/detail/hedge_imu_fusion__struct.h
[7.658s] -- Up-to-date symlink: /home/coderey/ros2_ws/install/marvelmind_ros2_msgs/include/marvelmind_ros2_msgs/msg/detail/hedge_imu_fusion__type_support.h
[7.659s] -- Up-to-date symlink: /home/coderey/ros2_ws/install/marvelmind_ros2_msgs/include/marvelmind_ros2_msgs/msg/detail/hedge_imu_raw__functions.h
[7.659s] -- Up-to-date symlink: /home/coderey/ros2_ws/install/marvelmind_ros2_msgs/include/marvelmind_ros2_msgs/msg/detail/hedge_imu_raw__struct.h
[7.659s] -- Up-to-date symlink: /home/coderey/ros2_ws/install/marvelmind_ros2_msgs/include/marvelmind_ros2_msgs/msg/detail/hedge_imu_raw__type_support.h
[7.660s] -- Up-to-date symlink: /home/coderey/ros2_ws/install/marvelmind_ros2_msgs/include/marvelmind_ros2_msgs/msg/detail/hedge_position__functions.h
[7.660s] -- Up-to-date symlink: /home/coderey/ros2_ws/install/marvelmind_ros2_msgs/include/marvelmind_ros2_msgs/msg/detail/hedge_position__struct.h
[7.661s] -- Up-to-date symlink: /home/coderey/ros2_ws/install/marvelmind_ros2_msgs/include/marvelmind_ros2_msgs/msg/detail/hedge_position__type_support.h
[7.661s] -- Up-to-date symlink: /home/coderey/ros2_ws/install/marvelmind_ros2_msgs/include/marvelmind_ros2_msgs/msg/detail/hedge_position_addressed__functions.h
[7.661s] -- Up-to-date symlink: /home/coderey/ros2_ws/install/marvelmind_ros2_msgs/include/marvelmind_ros2_msgs/msg/detail/hedge_position_addressed__struct.h
[7.662s] -- Up-to-date symlink: /home/coderey/ros2_ws/install/marvelmind_ros2_msgs/include/marvelmind_ros2_msgs/msg/detail/hedge_position_addressed__type_support.h
[7.662s] -- Up-to-date symlink: /home/coderey/ros2_ws/install/marvelmind_ros2_msgs/include/marvelmind_ros2_msgs/msg/detail/hedge_position_angle__functions.h
[7.663s] -- Up-to-date symlink: /home/coderey/ros2_ws/install/marvelmind_ros2_msgs/include/marvelmind_ros2_msgs/msg/detail/hedge_position_angle__struct.h
[7.668s] -- Up-to-date symlink: /home/coderey/ros2_ws/install/marvelmind_ros2_msgs/include/marvelmind_ros2_msgs/msg/detail/hedge_position_angle__type_support.h
[7.668s] -- Up-to-date symlink: /home/coderey/ros2_ws/install/marvelmind_ros2_msgs/include/marvelmind_ros2_msgs/msg/detail/hedge_quality__functions.h
[7.669s] -- Up-to-date symlink: /home/coderey/ros2_ws/install/marvelmind_ros2_msgs/include/marvelmind_ros2_msgs/msg/detail/hedge_quality__struct.h
[7.669s] -- Up-to-date symlink: /home/coderey/ros2_ws/install/marvelmind_ros2_msgs/include/marvelmind_ros2_msgs/msg/detail/hedge_quality__type_support.h
[7.669s] -- Up-to-date symlink: /home/coderey/ros2_ws/install/marvelmind_ros2_msgs/include/marvelmind_ros2_msgs/msg/detail/hedge_telemetry__functions.h
[7.669s] -- Up-to-date symlink: /home/coderey/ros2_ws/install/marvelmind_ros2_msgs/include/marvelmind_ros2_msgs/msg/detail/hedge_telemetry__struct.h
[7.670s] -- Up-to-date symlink: /home/coderey/ros2_ws/install/marvelmind_ros2_msgs/include/marvelmind_ros2_msgs/msg/detail/hedge_telemetry__type_support.h
[7.670s] -- Up-to-date symlink: /home/coderey/ros2_ws/install/marvelmind_ros2_msgs/include/marvelmind_ros2_msgs/msg/detail/marvelmind_user_data__functions.h
[7.670s] -- Up-to-date symlink: /home/coderey/ros2_ws/install/marvelmind_ros2_msgs/include/marvelmind_ros2_msgs/msg/detail/marvelmind_user_data__struct.h
[7.670s] -- Up-to-date symlink: /home/coderey/ros2_ws/install/marvelmind_ros2_msgs/include/marvelmind_ros2_msgs/msg/detail/marvelmind_user_data__type_support.h
[7.671s] -- Up-to-date symlink: /home/coderey/ros2_ws/install/marvelmind_ros2_msgs/include/marvelmind_ros2_msgs/msg/detail/marvelmind_waypoint__functions.h
[7.671s] -- Up-to-date symlink: /home/coderey/ros2_ws/install/marvelmind_ros2_msgs/include/marvelmind_ros2_msgs/msg/detail/marvelmind_waypoint__struct.h
[7.671s] -- Up-to-date symlink: /home/coderey/ros2_ws/install/marvelmind_ros2_msgs/include/marvelmind_ros2_msgs/msg/detail/marvelmind_waypoint__type_support.h
[7.671s] -- Up-to-date symlink: /home/coderey/ros2_ws/install/marvelmind_ros2_msgs/include/marvelmind_ros2_msgs/msg/hedge_imu_fusion.h
[7.671s] -- Up-to-date symlink: /home/coderey/ros2_ws/install/marvelmind_ros2_msgs/include/marvelmind_ros2_msgs/msg/hedge_imu_raw.h
[7.672s] -- Up-to-date symlink: /home/coderey/ros2_ws/install/marvelmind_ros2_msgs/include/marvelmind_ros2_msgs/msg/hedge_position.h
[7.672s] -- Up-to-date symlink: /home/coderey/ros2_ws/install/marvelmind_ros2_msgs/include/marvelmind_ros2_msgs/msg/hedge_position_addressed.h
[7.672s] -- Up-to-date symlink: /home/coderey/ros2_ws/install/marvelmind_ros2_msgs/include/marvelmind_ros2_msgs/msg/hedge_position_angle.h
[7.672s] -- Up-to-date symlink: /home/coderey/ros2_ws/install/marvelmind_ros2_msgs/include/marvelmind_ros2_msgs/msg/hedge_quality.h
[7.673s] -- Up-to-date symlink: /home/coderey/ros2_ws/install/marvelmind_ros2_msgs/include/marvelmind_ros2_msgs/msg/hedge_telemetry.h
[7.673s] -- Up-to-date symlink: /home/coderey/ros2_ws/install/marvelmind_ros2_msgs/include/marvelmind_ros2_msgs/msg/marvelmind_user_data.h
[7.673s] -- Up-to-date symlink: /home/coderey/ros2_ws/install/marvelmind_ros2_msgs/include/marvelmind_ros2_msgs/msg/marvelmind_waypoint.h
[7.673s] -- Up-to-date symlink: /home/coderey/ros2_ws/install/marvelmind_ros2_msgs/include/marvelmind_ros2_msgs/msg/rosidl_generator_c__visibility_control.h
[7.673s] -- Up-to-date symlink: /home/coderey/ros2_ws/install/marvelmind_ros2_msgs/include/marvelmind_ros2_msgs/srv/detail/marvelmind_api__functions.h
[7.674s] -- Up-to-date symlink: /home/coderey/ros2_ws/install/marvelmind_ros2_msgs/include/marvelmind_ros2_msgs/srv/detail/marvelmind_api__struct.h
[7.674s] -- Up-to-date symlink: /home/coderey/ros2_ws/install/marvelmind_ros2_msgs/include/marvelmind_ros2_msgs/srv/detail/marvelmind_api__type_support.h
[7.674s] -- Up-to-date symlink: /home/coderey/ros2_ws/install/marvelmind_ros2_msgs/include/marvelmind_ros2_msgs/srv/marvelmind_api.h
[7.674s] -- Up-to-date symlink: /home/coderey/ros2_ws/install/marvelmind_ros2_msgs/share/marvelmind_ros2_msgs/environment/library_path.sh
[7.675s] -- Up-to-date symlink: /home/coderey/ros2_ws/install/marvelmind_ros2_msgs/share/marvelmind_ros2_msgs/environment/library_path.dsv
[7.676s] -- Up-to-date symlink: /home/coderey/ros2_ws/install/marvelmind_ros2_msgs/include/marvelmind_ros2_msgs/msg/detail/beacon_distance__rosidl_typesupport_microxrcedds_c.h
[7.676s] -- Up-to-date symlink: /home/coderey/ros2_ws/install/marvelmind_ros2_msgs/include/marvelmind_ros2_msgs/msg/detail/beacon_position_addressed__rosidl_typesupport_microxrcedds_c.h
[7.677s] -- Up-to-date symlink: /home/coderey/ros2_ws/install/marvelmind_ros2_msgs/include/marvelmind_ros2_msgs/msg/detail/hedge_imu_fusion__rosidl_typesupport_microxrcedds_c.h
[7.677s] -- Up-to-date symlink: /home/coderey/ros2_ws/install/marvelmind_ros2_msgs/include/marvelmind_ros2_msgs/msg/detail/hedge_imu_raw__rosidl_typesupport_microxrcedds_c.h
[7.677s] -- Up-to-date symlink: /home/coderey/ros2_ws/install/marvelmind_ros2_msgs/include/marvelmind_ros2_msgs/msg/detail/hedge_position__rosidl_typesupport_microxrcedds_c.h
[7.677s] -- Up-to-date symlink: /home/coderey/ros2_ws/install/marvelmind_ros2_msgs/include/marvelmind_ros2_msgs/msg/detail/hedge_position_addressed__rosidl_typesupport_microxrcedds_c.h
[7.678s] -- Up-to-date symlink: /home/coderey/ros2_ws/install/marvelmind_ros2_msgs/include/marvelmind_ros2_msgs/msg/detail/hedge_position_angle__rosidl_typesupport_microxrcedds_c.h
[7.678s] -- Up-to-date symlink: /home/coderey/ros2_ws/install/marvelmind_ros2_msgs/include/marvelmind_ros2_msgs/msg/detail/hedge_quality__rosidl_typesupport_microxrcedds_c.h
[7.678s] -- Up-to-date symlink: /home/coderey/ros2_ws/install/marvelmind_ros2_msgs/include/marvelmind_ros2_msgs/msg/detail/hedge_telemetry__rosidl_typesupport_microxrcedds_c.h
[7.680s] -- Up-to-date symlink: /home/coderey/ros2_ws/install/marvelmind_ros2_msgs/include/marvelmind_ros2_msgs/msg/detail/marvelmind_user_data__rosidl_typesupport_microxrcedds_c.h
[7.680s] -- Up-to-date symlink: /home/coderey/ros2_ws/install/marvelmind_ros2_msgs/include/marvelmind_ros2_msgs/msg/detail/marvelmind_waypoint__rosidl_typesupport_microxrcedds_c.h
[7.680s] -- Up-to-date symlink: /home/coderey/ros2_ws/install/marvelmind_ros2_msgs/include/marvelmind_ros2_msgs/msg/rosidl_typesupport_microxrcedds_c__visibility_control.h
[7.681s] -- Up-to-date symlink: /home/coderey/ros2_ws/install/marvelmind_ros2_msgs/include/marvelmind_ros2_msgs/srv/detail/marvelmind_api__rosidl_typesupport_microxrcedds_c.h
[7.681s] -- Up-to-date symlink: /home/coderey/ros2_ws/install/marvelmind_ros2_msgs/lib/libmarvelmind_ros2_msgs__rosidl_typesupport_microxrcedds_c.so
[7.683s] -- Up-to-date symlink: /home/coderey/ros2_ws/install/marvelmind_ros2_msgs/include/marvelmind_ros2_msgs/msg/detail/beacon_distance__rosidl_typesupport_fastrtps_c.h
[7.683s] -- Up-to-date symlink: /home/coderey/ros2_ws/install/marvelmind_ros2_msgs/include/marvelmind_ros2_msgs/msg/detail/beacon_position_addressed__rosidl_typesupport_fastrtps_c.h
[7.683s] -- Up-to-date symlink: /home/coderey/ros2_ws/install/marvelmind_ros2_msgs/include/marvelmind_ros2_msgs/msg/detail/hedge_imu_fusion__rosidl_typesupport_fastrtps_c.h
[7.684s] -- Up-to-date symlink: /home/coderey/ros2_ws/install/marvelmind_ros2_msgs/include/marvelmind_ros2_msgs/msg/detail/hedge_imu_raw__rosidl_typesupport_fastrtps_c.h
[7.684s] -- Up-to-date symlink: /home/coderey/ros2_ws/install/marvelmind_ros2_msgs/include/marvelmind_ros2_msgs/msg/detail/hedge_position__rosidl_typesupport_fastrtps_c.h
[7.684s] -- Up-to-date symlink: /home/coderey/ros2_ws/install/marvelmind_ros2_msgs/include/marvelmind_ros2_msgs/msg/detail/hedge_position_addressed__rosidl_typesupport_fastrtps_c.h
[7.685s] -- Up-to-date symlink: /home/coderey/ros2_ws/install/marvelmind_ros2_msgs/include/marvelmind_ros2_msgs/msg/detail/hedge_position_angle__rosidl_typesupport_fastrtps_c.h
[7.687s] -- Up-to-date symlink: /home/coderey/ros2_ws/install/marvelmind_ros2_msgs/include/marvelmind_ros2_msgs/msg/detail/hedge_quality__rosidl_typesupport_fastrtps_c.h
[7.687s] -- Up-to-date symlink: /home/coderey/ros2_ws/install/marvelmind_ros2_msgs/include/marvelmind_ros2_msgs/msg/detail/hedge_telemetry__rosidl_typesupport_fastrtps_c.h
[7.687s] -- Up-to-date symlink: /home/coderey/ros2_ws/install/marvelmind_ros2_msgs/include/marvelmind_ros2_msgs/msg/detail/marvelmind_user_data__rosidl_typesupport_fastrtps_c.h
[7.688s] -- Up-to-date symlink: /home/coderey/ros2_ws/install/marvelmind_ros2_msgs/include/marvelmind_ros2_msgs/msg/detail/marvelmind_waypoint__rosidl_typesupport_fastrtps_c.h
[7.688s] -- Up-to-date symlink: /home/coderey/ros2_ws/install/marvelmind_ros2_msgs/include/marvelmind_ros2_msgs/msg/rosidl_typesupport_fastrtps_c__visibility_control.h
[7.689s] -- Up-to-date symlink: /home/coderey/ros2_ws/install/marvelmind_ros2_msgs/include/marvelmind_ros2_msgs/srv/detail/marvelmind_api__rosidl_typesupport_fastrtps_c.h
[7.689s] -- Up-to-date symlink: /home/coderey/ros2_ws/install/marvelmind_ros2_msgs/lib/libmarvelmind_ros2_msgs__rosidl_typesupport_fastrtps_c.so
[7.692s] -- Up-to-date symlink: /home/coderey/ros2_ws/install/marvelmind_ros2_msgs/include/marvelmind_ros2_msgs/msg/detail/beacon_distance__rosidl_typesupport_fastrtps_cpp.hpp
[7.693s] -- Up-to-date symlink: /home/coderey/ros2_ws/install/marvelmind_ros2_msgs/include/marvelmind_ros2_msgs/msg/detail/beacon_position_addressed__rosidl_typesupport_fastrtps_cpp.hpp
[7.693s] -- Up-to-date symlink: /home/coderey/ros2_ws/install/marvelmind_ros2_msgs/include/marvelmind_ros2_msgs/msg/detail/hedge_imu_fusion__rosidl_typesupport_fastrtps_cpp.hpp
[7.693s] -- Up-to-date symlink: /home/coderey/ros2_ws/install/marvelmind_ros2_msgs/include/marvelmind_ros2_msgs/msg/detail/hedge_imu_raw__rosidl_typesupport_fastrtps_cpp.hpp
[7.694s] -- Up-to-date symlink: /home/coderey/ros2_ws/install/marvelmind_ros2_msgs/include/marvelmind_ros2_msgs/msg/detail/hedge_position__rosidl_typesupport_fastrtps_cpp.hpp
[7.694s] -- Up-to-date symlink: /home/coderey/ros2_ws/install/marvelmind_ros2_msgs/include/marvelmind_ros2_msgs/msg/detail/hedge_position_addressed__rosidl_typesupport_fastrtps_cpp.hpp
[7.695s] -- Up-to-date symlink: /home/coderey/ros2_ws/install/marvelmind_ros2_msgs/include/marvelmind_ros2_msgs/msg/detail/hedge_position_angle__rosidl_typesupport_fastrtps_cpp.hpp
[7.695s] -- Up-to-date symlink: /home/coderey/ros2_ws/install/marvelmind_ros2_msgs/include/marvelmind_ros2_msgs/msg/detail/hedge_quality__rosidl_typesupport_fastrtps_cpp.hpp
[7.695s] -- Up-to-date symlink: /home/coderey/ros2_ws/install/marvelmind_ros2_msgs/include/marvelmind_ros2_msgs/msg/detail/hedge_telemetry__rosidl_typesupport_fastrtps_cpp.hpp
[7.696s] -- Up-to-date symlink: /home/coderey/ros2_ws/install/marvelmind_ros2_msgs/include/marvelmind_ros2_msgs/msg/detail/marvelmind_user_data__rosidl_typesupport_fastrtps_cpp.hpp
[7.696s] -- Up-to-date symlink: /home/coderey/ros2_ws/install/marvelmind_ros2_msgs/include/marvelmind_ros2_msgs/msg/detail/marvelmind_waypoint__rosidl_typesupport_fastrtps_cpp.hpp
[7.697s] -- Up-to-date symlink: /home/coderey/ros2_ws/install/marvelmind_ros2_msgs/include/marvelmind_ros2_msgs/msg/rosidl_typesupport_fastrtps_cpp__visibility_control.h
[7.700s] -- Up-to-date symlink: /home/coderey/ros2_ws/install/marvelmind_ros2_msgs/include/marvelmind_ros2_msgs/srv/detail/marvelmind_api__rosidl_typesupport_fastrtps_cpp.hpp
[7.701s] -- Up-to-date symlink: /home/coderey/ros2_ws/install/marvelmind_ros2_msgs/lib/libmarvelmind_ros2_msgs__rosidl_typesupport_fastrtps_cpp.so
[7.704s] -- Up-to-date symlink: /home/coderey/ros2_ws/install/marvelmind_ros2_msgs/include/marvelmind_ros2_msgs/msg/detail/beacon_distance__rosidl_typesupport_introspection_c.h
[7.705s] -- Up-to-date symlink: /home/coderey/ros2_ws/install/marvelmind_ros2_msgs/include/marvelmind_ros2_msgs/msg/detail/beacon_position_addressed__rosidl_typesupport_introspection_c.h
[7.705s] -- Up-to-date symlink: /home/coderey/ros2_ws/install/marvelmind_ros2_msgs/include/marvelmind_ros2_msgs/msg/detail/hedge_imu_fusion__rosidl_typesupport_introspection_c.h
[7.706s] -- Up-to-date symlink: /home/coderey/ros2_ws/install/marvelmind_ros2_msgs/include/marvelmind_ros2_msgs/msg/detail/hedge_imu_raw__rosidl_typesupport_introspection_c.h
[7.717s] -- Up-to-date symlink: /home/coderey/ros2_ws/install/marvelmind_ros2_msgs/include/marvelmind_ros2_msgs/msg/detail/hedge_position__rosidl_typesupport_introspection_c.h
[7.718s] -- Up-to-date symlink: /home/coderey/ros2_ws/install/marvelmind_ros2_msgs/include/marvelmind_ros2_msgs/msg/detail/hedge_position_addressed__rosidl_typesupport_introspection_c.h
[7.719s] -- Up-to-date symlink: /home/coderey/ros2_ws/install/marvelmind_ros2_msgs/include/marvelmind_ros2_msgs/msg/detail/hedge_position_angle__rosidl_typesupport_introspection_c.h
[7.719s] -- Up-to-date symlink: /home/coderey/ros2_ws/install/marvelmind_ros2_msgs/include/marvelmind_ros2_msgs/msg/detail/hedge_quality__rosidl_typesupport_introspection_c.h
[7.720s] -- Up-to-date symlink: /home/coderey/ros2_ws/install/marvelmind_ros2_msgs/include/marvelmind_ros2_msgs/msg/detail/hedge_telemetry__rosidl_typesupport_introspection_c.h
[7.720s] -- Up-to-date symlink: /home/coderey/ros2_ws/install/marvelmind_ros2_msgs/include/marvelmind_ros2_msgs/msg/detail/marvelmind_user_data__rosidl_typesupport_introspection_c.h
[7.720s] -- Up-to-date symlink: /home/coderey/ros2_ws/install/marvelmind_ros2_msgs/include/marvelmind_ros2_msgs/msg/detail/marvelmind_waypoint__rosidl_typesupport_introspection_c.h
[7.721s] -- Up-to-date symlink: /home/coderey/ros2_ws/install/marvelmind_ros2_msgs/include/marvelmind_ros2_msgs/msg/rosidl_typesupport_introspection_c__visibility_control.h
[7.721s] -- Up-to-date symlink: /home/coderey/ros2_ws/install/marvelmind_ros2_msgs/include/marvelmind_ros2_msgs/srv/detail/marvelmind_api__rosidl_typesupport_introspection_c.h
[7.723s] -- Up-to-date symlink: /home/coderey/ros2_ws/install/marvelmind_ros2_msgs/include/marvelmind_ros2_msgs/msg/beacon_distance.hpp
[7.723s] -- Up-to-date symlink: /home/coderey/ros2_ws/install/marvelmind_ros2_msgs/include/marvelmind_ros2_msgs/msg/beacon_position_addressed.hpp
[7.724s] -- Up-to-date symlink: /home/coderey/ros2_ws/install/marvelmind_ros2_msgs/include/marvelmind_ros2_msgs/msg/detail/beacon_distance__builder.hpp
[7.724s] -- Up-to-date symlink: /home/coderey/ros2_ws/install/marvelmind_ros2_msgs/include/marvelmind_ros2_msgs/msg/detail/beacon_distance__struct.hpp
[7.725s] -- Up-to-date symlink: /home/coderey/ros2_ws/install/marvelmind_ros2_msgs/include/marvelmind_ros2_msgs/msg/detail/beacon_distance__traits.hpp
[7.725s] -- Up-to-date symlink: /home/coderey/ros2_ws/install/marvelmind_ros2_msgs/include/marvelmind_ros2_msgs/msg/detail/beacon_position_addressed__builder.hpp
[7.725s] -- Up-to-date symlink: /home/coderey/ros2_ws/install/marvelmind_ros2_msgs/include/marvelmind_ros2_msgs/msg/detail/beacon_position_addressed__struct.hpp
[7.726s] -- Up-to-date symlink: /home/coderey/ros2_ws/install/marvelmind_ros2_msgs/include/marvelmind_ros2_msgs/msg/detail/beacon_position_addressed__traits.hpp
[7.726s] -- Up-to-date symlink: /home/coderey/ros2_ws/install/marvelmind_ros2_msgs/include/marvelmind_ros2_msgs/msg/detail/hedge_imu_fusion__builder.hpp
[7.727s] -- Up-to-date symlink: /home/coderey/ros2_ws/install/marvelmind_ros2_msgs/include/marvelmind_ros2_msgs/msg/detail/hedge_imu_fusion__struct.hpp
[7.727s] -- Up-to-date symlink: /home/coderey/ros2_ws/install/marvelmind_ros2_msgs/include/marvelmind_ros2_msgs/msg/detail/hedge_imu_fusion__traits.hpp
[7.728s] -- Up-to-date symlink: /home/coderey/ros2_ws/install/marvelmind_ros2_msgs/include/marvelmind_ros2_msgs/msg/detail/hedge_imu_raw__builder.hpp
[7.728s] -- Up-to-date symlink: /home/coderey/ros2_ws/install/marvelmind_ros2_msgs/include/marvelmind_ros2_msgs/msg/detail/hedge_imu_raw__struct.hpp
[7.728s] -- Up-to-date symlink: /home/coderey/ros2_ws/install/marvelmind_ros2_msgs/include/marvelmind_ros2_msgs/msg/detail/hedge_imu_raw__traits.hpp
[7.729s] -- Up-to-date symlink: /home/coderey/ros2_ws/install/marvelmind_ros2_msgs/include/marvelmind_ros2_msgs/msg/detail/hedge_position__builder.hpp
[7.729s] -- Up-to-date symlink: /home/coderey/ros2_ws/install/marvelmind_ros2_msgs/include/marvelmind_ros2_msgs/msg/detail/hedge_position__struct.hpp
[7.730s] -- Up-to-date symlink: /home/coderey/ros2_ws/install/marvelmind_ros2_msgs/include/marvelmind_ros2_msgs/msg/detail/hedge_position__traits.hpp
[7.732s] -- Up-to-date symlink: /home/coderey/ros2_ws/install/marvelmind_ros2_msgs/include/marvelmind_ros2_msgs/msg/detail/hedge_position_addressed__builder.hpp
[7.733s] -- Up-to-date symlink: /home/coderey/ros2_ws/install/marvelmind_ros2_msgs/include/marvelmind_ros2_msgs/msg/detail/hedge_position_addressed__struct.hpp
[7.734s] -- Up-to-date symlink: /home/coderey/ros2_ws/install/marvelmind_ros2_msgs/include/marvelmind_ros2_msgs/msg/detail/hedge_position_addressed__traits.hpp
[7.735s] -- Up-to-date symlink: /home/coderey/ros2_ws/install/marvelmind_ros2_msgs/include/marvelmind_ros2_msgs/msg/detail/hedge_position_angle__builder.hpp
[7.736s] -- Up-to-date symlink: /home/coderey/ros2_ws/install/marvelmind_ros2_msgs/include/marvelmind_ros2_msgs/msg/detail/hedge_position_angle__struct.hpp
[7.736s] -- Up-to-date symlink: /home/coderey/ros2_ws/install/marvelmind_ros2_msgs/include/marvelmind_ros2_msgs/msg/detail/hedge_position_angle__traits.hpp
[7.736s] -- Up-to-date symlink: /home/coderey/ros2_ws/install/marvelmind_ros2_msgs/include/marvelmind_ros2_msgs/msg/detail/hedge_quality__builder.hpp
[7.737s] -- Up-to-date symlink: /home/coderey/ros2_ws/install/marvelmind_ros2_msgs/include/marvelmind_ros2_msgs/msg/detail/hedge_quality__struct.hpp
[7.737s] -- Up-to-date symlink: /home/coderey/ros2_ws/install/marvelmind_ros2_msgs/include/marvelmind_ros2_msgs/msg/detail/hedge_quality__traits.hpp
[7.738s] -- Up-to-date symlink: /home/coderey/ros2_ws/install/marvelmind_ros2_msgs/include/marvelmind_ros2_msgs/msg/detail/hedge_telemetry__builder.hpp
[7.738s] -- Up-to-date symlink: /home/coderey/ros2_ws/install/marvelmind_ros2_msgs/include/marvelmind_ros2_msgs/msg/detail/hedge_telemetry__struct.hpp
[7.738s] -- Up-to-date symlink: /home/coderey/ros2_ws/install/marvelmind_ros2_msgs/include/marvelmind_ros2_msgs/msg/detail/hedge_telemetry__traits.hpp
[7.738s] -- Up-to-date symlink: /home/coderey/ros2_ws/install/marvelmind_ros2_msgs/include/marvelmind_ros2_msgs/msg/detail/marvelmind_user_data__builder.hpp
[7.738s] -- Up-to-date symlink: /home/coderey/ros2_ws/install/marvelmind_ros2_msgs/include/marvelmind_ros2_msgs/msg/detail/marvelmind_user_data__struct.hpp
[7.739s] -- Up-to-date symlink: /home/coderey/ros2_ws/install/marvelmind_ros2_msgs/include/marvelmind_ros2_msgs/msg/detail/marvelmind_user_data__traits.hpp
[7.739s] -- Up-to-date symlink: /home/coderey/ros2_ws/install/marvelmind_ros2_msgs/include/marvelmind_ros2_msgs/msg/detail/marvelmind_waypoint__builder.hpp
[7.739s] -- Up-to-date symlink: /home/coderey/ros2_ws/install/marvelmind_ros2_msgs/include/marvelmind_ros2_msgs/msg/detail/marvelmind_waypoint__struct.hpp
[7.740s] -- Up-to-date symlink: /home/coderey/ros2_ws/install/marvelmind_ros2_msgs/include/marvelmind_ros2_msgs/msg/detail/marvelmind_waypoint__traits.hpp
[7.740s] -- Up-to-date symlink: /home/coderey/ros2_ws/install/marvelmind_ros2_msgs/include/marvelmind_ros2_msgs/msg/hedge_imu_fusion.hpp
[7.740s] -- Up-to-date symlink: /home/coderey/ros2_ws/install/marvelmind_ros2_msgs/include/marvelmind_ros2_msgs/msg/hedge_imu_raw.hpp
[7.740s] -- Up-to-date symlink: /home/coderey/ros2_ws/install/marvelmind_ros2_msgs/include/marvelmind_ros2_msgs/msg/hedge_position.hpp
[7.741s] -- Up-to-date symlink: /home/coderey/ros2_ws/install/marvelmind_ros2_msgs/include/marvelmind_ros2_msgs/msg/hedge_position_addressed.hpp
[7.741s] -- Up-to-date symlink: /home/coderey/ros2_ws/install/marvelmind_ros2_msgs/include/marvelmind_ros2_msgs/msg/hedge_position_angle.hpp
[7.741s] -- Up-to-date symlink: /home/coderey/ros2_ws/install/marvelmind_ros2_msgs/include/marvelmind_ros2_msgs/msg/hedge_quality.hpp
[7.741s] -- Up-to-date symlink: /home/coderey/ros2_ws/install/marvelmind_ros2_msgs/include/marvelmind_ros2_msgs/msg/hedge_telemetry.hpp
[7.742s] -- Up-to-date symlink: /home/coderey/ros2_ws/install/marvelmind_ros2_msgs/include/marvelmind_ros2_msgs/msg/marvelmind_user_data.hpp
[7.742s] -- Up-to-date symlink: /home/coderey/ros2_ws/install/marvelmind_ros2_msgs/include/marvelmind_ros2_msgs/msg/marvelmind_waypoint.hpp
[7.742s] -- Up-to-date symlink: /home/coderey/ros2_ws/install/marvelmind_ros2_msgs/include/marvelmind_ros2_msgs/srv/detail/marvelmind_api__builder.hpp
[7.742s] -- Up-to-date symlink: /home/coderey/ros2_ws/install/marvelmind_ros2_msgs/include/marvelmind_ros2_msgs/srv/detail/marvelmind_api__struct.hpp
[7.743s] -- Up-to-date symlink: /home/coderey/ros2_ws/install/marvelmind_ros2_msgs/include/marvelmind_ros2_msgs/srv/detail/marvelmind_api__traits.hpp
[7.743s] -- Up-to-date symlink: /home/coderey/ros2_ws/install/marvelmind_ros2_msgs/include/marvelmind_ros2_msgs/srv/marvelmind_api.hpp
[7.744s] -- Up-to-date symlink: /home/coderey/ros2_ws/install/marvelmind_ros2_msgs/include/marvelmind_ros2_msgs/msg/detail/beacon_distance__rosidl_typesupport_microxrcedds_cpp.hpp
[7.744s] -- Up-to-date symlink: /home/coderey/ros2_ws/install/marvelmind_ros2_msgs/include/marvelmind_ros2_msgs/msg/detail/beacon_position_addressed__rosidl_typesupport_microxrcedds_cpp.hpp
[7.745s] -- Up-to-date symlink: /home/coderey/ros2_ws/install/marvelmind_ros2_msgs/include/marvelmind_ros2_msgs/msg/detail/hedge_imu_fusion__rosidl_typesupport_microxrcedds_cpp.hpp
[7.745s] -- Up-to-date symlink: /home/coderey/ros2_ws/install/marvelmind_ros2_msgs/include/marvelmind_ros2_msgs/msg/detail/hedge_imu_raw__rosidl_typesupport_microxrcedds_cpp.hpp
[7.745s] -- Up-to-date symlink: /home/coderey/ros2_ws/install/marvelmind_ros2_msgs/include/marvelmind_ros2_msgs/msg/detail/hedge_position__rosidl_typesupport_microxrcedds_cpp.hpp
[7.745s] -- Up-to-date symlink: /home/coderey/ros2_ws/install/marvelmind_ros2_msgs/include/marvelmind_ros2_msgs/msg/detail/hedge_position_addressed__rosidl_typesupport_microxrcedds_cpp.hpp
[7.745s] -- Up-to-date symlink: /home/coderey/ros2_ws/install/marvelmind_ros2_msgs/include/marvelmind_ros2_msgs/msg/detail/hedge_position_angle__rosidl_typesupport_microxrcedds_cpp.hpp
[7.746s] -- Up-to-date symlink: /home/coderey/ros2_ws/install/marvelmind_ros2_msgs/include/marvelmind_ros2_msgs/msg/detail/hedge_quality__rosidl_typesupport_microxrcedds_cpp.hpp
[7.746s] -- Up-to-date symlink: /home/coderey/ros2_ws/install/marvelmind_ros2_msgs/include/marvelmind_ros2_msgs/msg/detail/hedge_telemetry__rosidl_typesupport_microxrcedds_cpp.hpp
[7.747s] -- Up-to-date symlink: /home/coderey/ros2_ws/install/marvelmind_ros2_msgs/include/marvelmind_ros2_msgs/msg/detail/marvelmind_user_data__rosidl_typesupport_microxrcedds_cpp.hpp
[7.747s] -- Up-to-date symlink: /home/coderey/ros2_ws/install/marvelmind_ros2_msgs/include/marvelmind_ros2_msgs/msg/detail/marvelmind_waypoint__rosidl_typesupport_microxrcedds_cpp.hpp
[7.747s] -- Up-to-date symlink: /home/coderey/ros2_ws/install/marvelmind_ros2_msgs/include/marvelmind_ros2_msgs/msg/detail/microxrcedds/beacon_distance__type_support_cpp.cpp
[7.748s] -- Up-to-date symlink: /home/coderey/ros2_ws/install/marvelmind_ros2_msgs/include/marvelmind_ros2_msgs/msg/detail/microxrcedds/beacon_position_addressed__type_support_cpp.cpp
[7.748s] -- Up-to-date symlink: /home/coderey/ros2_ws/install/marvelmind_ros2_msgs/include/marvelmind_ros2_msgs/msg/detail/microxrcedds/hedge_imu_fusion__type_support_cpp.cpp
[7.748s] -- Up-to-date symlink: /home/coderey/ros2_ws/install/marvelmind_ros2_msgs/include/marvelmind_ros2_msgs/msg/detail/microxrcedds/hedge_imu_raw__type_support_cpp.cpp
[7.748s] -- Up-to-date symlink: /home/coderey/ros2_ws/install/marvelmind_ros2_msgs/include/marvelmind_ros2_msgs/msg/detail/microxrcedds/hedge_position__type_support_cpp.cpp
[7.749s] -- Up-to-date symlink: /home/coderey/ros2_ws/install/marvelmind_ros2_msgs/include/marvelmind_ros2_msgs/msg/detail/microxrcedds/hedge_position_addressed__type_support_cpp.cpp
[7.749s] -- Up-to-date symlink: /home/coderey/ros2_ws/install/marvelmind_ros2_msgs/include/marvelmind_ros2_msgs/msg/detail/microxrcedds/hedge_position_angle__type_support_cpp.cpp
[7.749s] -- Up-to-date symlink: /home/coderey/ros2_ws/install/marvelmind_ros2_msgs/include/marvelmind_ros2_msgs/msg/detail/microxrcedds/hedge_quality__type_support_cpp.cpp
[7.749s] -- Up-to-date symlink: /home/coderey/ros2_ws/install/marvelmind_ros2_msgs/include/marvelmind_ros2_msgs/msg/detail/microxrcedds/hedge_telemetry__type_support_cpp.cpp
[7.750s] -- Up-to-date symlink: /home/coderey/ros2_ws/install/marvelmind_ros2_msgs/include/marvelmind_ros2_msgs/msg/detail/microxrcedds/marvelmind_user_data__type_support_cpp.cpp
[7.751s] -- Up-to-date symlink: /home/coderey/ros2_ws/install/marvelmind_ros2_msgs/include/marvelmind_ros2_msgs/msg/detail/microxrcedds/marvelmind_waypoint__type_support_cpp.cpp
[7.751s] -- Up-to-date symlink: /home/coderey/ros2_ws/install/marvelmind_ros2_msgs/include/marvelmind_ros2_msgs/msg/rosidl_typesupport_microxrcedds_cpp__visibility_control.h
[7.760s] -- Up-to-date symlink: /home/coderey/ros2_ws/install/marvelmind_ros2_msgs/include/marvelmind_ros2_msgs/srv/detail/marvelmind_api__rosidl_typesupport_microxrcedds_cpp.hpp
[7.760s] -- Up-to-date symlink: /home/coderey/ros2_ws/install/marvelmind_ros2_msgs/include/marvelmind_ros2_msgs/srv/detail/microxrcedds/marvelmind_api__type_support_cpp.cpp
[7.760s] -- Up-to-date symlink: /home/coderey/ros2_ws/install/marvelmind_ros2_msgs/lib/libmarvelmind_ros2_msgs__rosidl_typesupport_microxrcedds_cpp.so
[7.760s] -- Up-to-date symlink: /home/coderey/ros2_ws/install/marvelmind_ros2_msgs/include/marvelmind_ros2_msgs/msg/detail/beacon_distance__rosidl_typesupport_introspection_cpp.hpp
[7.760s] -- Up-to-date symlink: /home/coderey/ros2_ws/install/marvelmind_ros2_msgs/include/marvelmind_ros2_msgs/msg/detail/beacon_position_addressed__rosidl_typesupport_introspection_cpp.hpp
[7.760s] -- Up-to-date symlink: /home/coderey/ros2_ws/install/marvelmind_ros2_msgs/include/marvelmind_ros2_msgs/msg/detail/hedge_imu_fusion__rosidl_typesupport_introspection_cpp.hpp
[7.760s] -- Up-to-date symlink: /home/coderey/ros2_ws/install/marvelmind_ros2_msgs/include/marvelmind_ros2_msgs/msg/detail/hedge_imu_raw__rosidl_typesupport_introspection_cpp.hpp
[7.760s] -- Up-to-date symlink: /home/coderey/ros2_ws/install/marvelmind_ros2_msgs/include/marvelmind_ros2_msgs/msg/detail/hedge_position__rosidl_typesupport_introspection_cpp.hpp
[7.760s] -- Up-to-date symlink: /home/coderey/ros2_ws/install/marvelmind_ros2_msgs/include/marvelmind_ros2_msgs/msg/detail/hedge_position_addressed__rosidl_typesupport_introspection_cpp.hpp
[7.760s] -- Up-to-date symlink: /home/coderey/ros2_ws/install/marvelmind_ros2_msgs/include/marvelmind_ros2_msgs/msg/detail/hedge_position_angle__rosidl_typesupport_introspection_cpp.hpp
[7.761s] -- Up-to-date symlink: /home/coderey/ros2_ws/install/marvelmind_ros2_msgs/include/marvelmind_ros2_msgs/msg/detail/hedge_quality__rosidl_typesupport_introspection_cpp.hpp
[7.761s] -- Up-to-date symlink: /home/coderey/ros2_ws/install/marvelmind_ros2_msgs/include/marvelmind_ros2_msgs/msg/detail/hedge_telemetry__rosidl_typesupport_introspection_cpp.hpp
[7.761s] -- Up-to-date symlink: /home/coderey/ros2_ws/install/marvelmind_ros2_msgs/include/marvelmind_ros2_msgs/msg/detail/marvelmind_user_data__rosidl_typesupport_introspection_cpp.hpp
[7.761s] -- Up-to-date symlink: /home/coderey/ros2_ws/install/marvelmind_ros2_msgs/include/marvelmind_ros2_msgs/msg/detail/marvelmind_waypoint__rosidl_typesupport_introspection_cpp.hpp
[7.761s] -- Up-to-date symlink: /home/coderey/ros2_ws/install/marvelmind_ros2_msgs/include/marvelmind_ros2_msgs/srv/detail/marvelmind_api__rosidl_typesupport_introspection_cpp.hpp
[7.761s] -- Up-to-date symlink: /home/coderey/ros2_ws/install/marvelmind_ros2_msgs/share/marvelmind_ros2_msgs/environment/pythonpath.sh
[7.761s] -- Up-to-date symlink: /home/coderey/ros2_ws/install/marvelmind_ros2_msgs/share/marvelmind_ros2_msgs/environment/pythonpath.dsv
[7.761s] -- Up-to-date symlink: /home/coderey/ros2_ws/install/marvelmind_ros2_msgs/lib/python3.8/site-packages/marvelmind_ros2_msgs/__init__.py
[7.761s] -- Up-to-date symlink: /home/coderey/ros2_ws/install/marvelmind_ros2_msgs/lib/python3.8/site-packages/marvelmind_ros2_msgs/msg/__init__.py
[7.761s] -- Up-to-date symlink: /home/coderey/ros2_ws/install/marvelmind_ros2_msgs/lib/python3.8/site-packages/marvelmind_ros2_msgs/msg/_beacon_distance.py
[7.761s] -- Up-to-date symlink: /home/coderey/ros2_ws/install/marvelmind_ros2_msgs/lib/python3.8/site-packages/marvelmind_ros2_msgs/msg/_beacon_position_addressed.py
[7.761s] -- Up-to-date symlink: /home/coderey/ros2_ws/install/marvelmind_ros2_msgs/lib/python3.8/site-packages/marvelmind_ros2_msgs/msg/_hedge_imu_fusion.py
[7.762s] -- Up-to-date symlink: /home/coderey/ros2_ws/install/marvelmind_ros2_msgs/lib/python3.8/site-packages/marvelmind_ros2_msgs/msg/_hedge_imu_raw.py
[7.762s] -- Up-to-date symlink: /home/coderey/ros2_ws/install/marvelmind_ros2_msgs/lib/python3.8/site-packages/marvelmind_ros2_msgs/msg/_hedge_position.py
[7.762s] -- Up-to-date symlink: /home/coderey/ros2_ws/install/marvelmind_ros2_msgs/lib/python3.8/site-packages/marvelmind_ros2_msgs/msg/_hedge_position_addressed.py
[7.762s] -- Up-to-date symlink: /home/coderey/ros2_ws/install/marvelmind_ros2_msgs/lib/python3.8/site-packages/marvelmind_ros2_msgs/msg/_hedge_position_angle.py
[7.762s] -- Up-to-date symlink: /home/coderey/ros2_ws/install/marvelmind_ros2_msgs/lib/python3.8/site-packages/marvelmind_ros2_msgs/msg/_hedge_quality.py
[7.762s] -- Up-to-date symlink: /home/coderey/ros2_ws/install/marvelmind_ros2_msgs/lib/python3.8/site-packages/marvelmind_ros2_msgs/msg/_hedge_telemetry.py
[7.763s] -- Up-to-date symlink: /home/coderey/ros2_ws/install/marvelmind_ros2_msgs/lib/python3.8/site-packages/marvelmind_ros2_msgs/msg/_marvelmind_user_data.py
[7.763s] -- Up-to-date symlink: /home/coderey/ros2_ws/install/marvelmind_ros2_msgs/lib/python3.8/site-packages/marvelmind_ros2_msgs/msg/_marvelmind_waypoint.py
[7.763s] -- Up-to-date symlink: /home/coderey/ros2_ws/install/marvelmind_ros2_msgs/lib/python3.8/site-packages/marvelmind_ros2_msgs/srv/__init__.py
[7.763s] -- Up-to-date symlink: /home/coderey/ros2_ws/install/marvelmind_ros2_msgs/lib/python3.8/site-packages/marvelmind_ros2_msgs/srv/_marvelmind_api.py
[7.763s] -- Up-to-date symlink: /home/coderey/ros2_ws/install/marvelmind_ros2_msgs/lib/python3.8/site-packages/marvelmind_ros2_msgs/marvelmind_ros2_msgs_s__rosidl_typesupport_microxrcedds_c.cpython-38-x86_64-linux-gnu.so
[7.764s] -- Up-to-date symlink: /home/coderey/ros2_ws/install/marvelmind_ros2_msgs/lib/python3.8/site-packages/marvelmind_ros2_msgs/marvelmind_ros2_msgs_s__rosidl_typesupport_fastrtps_c.cpython-38-x86_64-linux-gnu.so
[7.766s] -- Up-to-date symlink: /home/coderey/ros2_ws/install/marvelmind_ros2_msgs/lib/python3.8/site-packages/marvelmind_ros2_msgs/marvelmind_ros2_msgs_s__rosidl_typesupport_introspection_c.cpython-38-x86_64-linux-gnu.so
[7.767s] -- Up-to-date symlink: /home/coderey/ros2_ws/install/marvelmind_ros2_msgs/lib/python3.8/site-packages/marvelmind_ros2_msgs/marvelmind_ros2_msgs_s__rosidl_typesupport_c.cpython-38-x86_64-linux-gnu.so
[7.772s] -- Up-to-date symlink: /home/coderey/ros2_ws/install/marvelmind_ros2_msgs/lib/libmarvelmind_ros2_msgs__python.so
[7.772s] -- Up-to-date symlink: /home/coderey/ros2_ws/install/marvelmind_ros2_msgs/share/marvelmind_ros2_msgs/msg/BeaconDistance.idl
[7.773s] -- Up-to-date symlink: /home/coderey/ros2_ws/install/marvelmind_ros2_msgs/share/marvelmind_ros2_msgs/msg/BeaconPositionAddressed.idl
[7.773s] -- Up-to-date symlink: /home/coderey/ros2_ws/install/marvelmind_ros2_msgs/share/marvelmind_ros2_msgs/msg/HedgeImuFusion.idl
[7.773s] -- Up-to-date symlink: /home/coderey/ros2_ws/install/marvelmind_ros2_msgs/share/marvelmind_ros2_msgs/msg/HedgeImuRaw.idl
[7.774s] -- Up-to-date symlink: /home/coderey/ros2_ws/install/marvelmind_ros2_msgs/share/marvelmind_ros2_msgs/msg/HedgePositionAddressed.idl
[7.774s] -- Up-to-date symlink: /home/coderey/ros2_ws/install/marvelmind_ros2_msgs/share/marvelmind_ros2_msgs/msg/HedgePositionAngle.idl
[7.774s] -- Up-to-date symlink: /home/coderey/ros2_ws/install/marvelmind_ros2_msgs/share/marvelmind_ros2_msgs/msg/HedgePosition.idl
[7.775s] -- Up-to-date symlink: /home/coderey/ros2_ws/install/marvelmind_ros2_msgs/share/marvelmind_ros2_msgs/msg/HedgeQuality.idl
[7.775s] -- Up-to-date symlink: /home/coderey/ros2_ws/install/marvelmind_ros2_msgs/share/marvelmind_ros2_msgs/msg/HedgeTelemetry.idl
[7.779s] -- Up-to-date symlink: /home/coderey/ros2_ws/install/marvelmind_ros2_msgs/share/marvelmind_ros2_msgs/msg/MarvelmindWaypoint.idl
[7.779s] -- Up-to-date symlink: /home/coderey/ros2_ws/install/marvelmind_ros2_msgs/share/marvelmind_ros2_msgs/msg/MarvelmindUserData.idl
[7.779s] -- Up-to-date symlink: /home/coderey/ros2_ws/install/marvelmind_ros2_msgs/share/marvelmind_ros2_msgs/srv/MarvelmindAPI.idl
[7.780s] -- Up-to-date symlink: /home/coderey/ros2_ws/install/marvelmind_ros2_msgs/share/marvelmind_ros2_msgs/msg/BeaconDistance.msg
[7.780s] -- Up-to-date symlink: /home/coderey/ros2_ws/install/marvelmind_ros2_msgs/share/marvelmind_ros2_msgs/msg/BeaconPositionAddressed.msg
[7.786s] -- Up-to-date symlink: /home/coderey/ros2_ws/install/marvelmind_ros2_msgs/share/marvelmind_ros2_msgs/msg/HedgeImuFusion.msg
[7.788s] -- Up-to-date symlink: /home/coderey/ros2_ws/install/marvelmind_ros2_msgs/share/marvelmind_ros2_msgs/msg/HedgeImuRaw.msg
[7.788s] -- Up-to-date symlink: /home/coderey/ros2_ws/install/marvelmind_ros2_msgs/share/marvelmind_ros2_msgs/msg/HedgePositionAddressed.msg
[7.788s] -- Up-to-date symlink: /home/coderey/ros2_ws/install/marvelmind_ros2_msgs/share/marvelmind_ros2_msgs/msg/HedgePositionAngle.msg
[7.788s] -- Up-to-date symlink: /home/coderey/ros2_ws/install/marvelmind_ros2_msgs/share/marvelmind_ros2_msgs/msg/HedgePosition.msg
[7.788s] -- Up-to-date symlink: /home/coderey/ros2_ws/install/marvelmind_ros2_msgs/share/marvelmind_ros2_msgs/msg/HedgeQuality.msg
[7.788s] -- Up-to-date symlink: /home/coderey/ros2_ws/install/marvelmind_ros2_msgs/share/marvelmind_ros2_msgs/msg/HedgeTelemetry.msg
[7.788s] -- Up-to-date symlink: /home/coderey/ros2_ws/install/marvelmind_ros2_msgs/share/marvelmind_ros2_msgs/msg/MarvelmindWaypoint.msg
[7.789s] -- Up-to-date symlink: /home/coderey/ros2_ws/install/marvelmind_ros2_msgs/share/marvelmind_ros2_msgs/msg/MarvelmindUserData.msg
[7.789s] -- Up-to-date symlink: /home/coderey/ros2_ws/install/marvelmind_ros2_msgs/share/marvelmind_ros2_msgs/srv/MarvelmindAPI.srv
[7.797s] -- Up-to-date symlink: /home/coderey/ros2_ws/install/marvelmind_ros2_msgs/share/marvelmind_ros2_msgs/srv/MarvelmindAPI_Request.msg
[7.797s] -- Up-to-date symlink: /home/coderey/ros2_ws/install/marvelmind_ros2_msgs/share/marvelmind_ros2_msgs/srv/MarvelmindAPI_Response.msg
[7.799s] -- Up-to-date symlink: /home/coderey/ros2_ws/install/marvelmind_ros2_msgs/share/ament_index/resource_index/package_run_dependencies/marvelmind_ros2_msgs
[7.800s] -- Up-to-date symlink: /home/coderey/ros2_ws/install/marvelmind_ros2_msgs/share/ament_index/resource_index/parent_prefix_path/marvelmind_ros2_msgs
[7.800s] -- Up-to-date symlink: /home/coderey/ros2_ws/install/marvelmind_ros2_msgs/share/marvelmind_ros2_msgs/environment/ament_prefix_path.sh
[7.801s] -- Up-to-date symlink: /home/coderey/ros2_ws/install/marvelmind_ros2_msgs/share/marvelmind_ros2_msgs/environment/ament_prefix_path.dsv
[7.801s] -- Up-to-date symlink: /home/coderey/ros2_ws/install/marvelmind_ros2_msgs/share/marvelmind_ros2_msgs/environment/path.sh
[7.801s] -- Up-to-date symlink: /home/coderey/ros2_ws/install/marvelmind_ros2_msgs/share/marvelmind_ros2_msgs/environment/path.dsv
[7.802s] -- Up-to-date symlink: /home/coderey/ros2_ws/install/marvelmind_ros2_msgs/share/marvelmind_ros2_msgs/local_setup.bash
[7.802s] -- Up-to-date symlink: /home/coderey/ros2_ws/install/marvelmind_ros2_msgs/share/marvelmind_ros2_msgs/local_setup.sh
[7.803s] -- Up-to-date symlink: /home/coderey/ros2_ws/install/marvelmind_ros2_msgs/share/marvelmind_ros2_msgs/local_setup.zsh
[7.803s] -- Up-to-date symlink: /home/coderey/ros2_ws/install/marvelmind_ros2_msgs/share/marvelmind_ros2_msgs/local_setup.dsv
[7.803s] -- Symlinking: /home/coderey/ros2_ws/install/marvelmind_ros2_msgs/share/marvelmind_ros2_msgs/package.dsv
[7.837s] -- Up-to-date symlink: /home/coderey/ros2_ws/install/marvelmind_ros2_msgs/share/ament_index/resource_index/packages/marvelmind_ros2_msgs
[7.838s] -- Up-to-date symlink: /home/coderey/ros2_ws/install/marvelmind_ros2_msgs/share/marvelmind_ros2_msgs/cmake/rosidl_cmake-extras.cmake
[7.838s] -- Up-to-date symlink: /home/coderey/ros2_ws/install/marvelmind_ros2_msgs/share/marvelmind_ros2_msgs/cmake/ament_cmake_export_dependencies-extras.cmake
[7.839s] -- Up-to-date symlink: /home/coderey/ros2_ws/install/marvelmind_ros2_msgs/share/marvelmind_ros2_msgs/cmake/ament_cmake_export_libraries-extras.cmake
[7.840s] -- Up-to-date symlink: /home/coderey/ros2_ws/install/marvelmind_ros2_msgs/share/marvelmind_ros2_msgs/cmake/ament_cmake_export_targets-extras.cmake
[7.840s] -- Up-to-date symlink: /home/coderey/ros2_ws/install/marvelmind_ros2_msgs/share/marvelmind_ros2_msgs/cmake/ament_cmake_export_include_directories-extras.cmake
[7.841s] -- Up-to-date symlink: /home/coderey/ros2_ws/install/marvelmind_ros2_msgs/share/marvelmind_ros2_msgs/cmake/rosidl_cmake_export_typesupport_libraries-extras.cmake
[7.841s] -- Up-to-date symlink: /home/coderey/ros2_ws/install/marvelmind_ros2_msgs/share/marvelmind_ros2_msgs/cmake/rosidl_cmake_export_typesupport_targets-extras.cmake
[7.842s] -- Up-to-date symlink: /home/coderey/ros2_ws/install/marvelmind_ros2_msgs/share/marvelmind_ros2_msgs/cmake/marvelmind_ros2_msgsConfig.cmake
[7.842s] -- Up-to-date symlink: /home/coderey/ros2_ws/install/marvelmind_ros2_msgs/share/marvelmind_ros2_msgs/cmake/marvelmind_ros2_msgsConfig-version.cmake
[7.843s] -- Up-to-date symlink: /home/coderey/ros2_ws/install/marvelmind_ros2_msgs/share/marvelmind_ros2_msgs/package.xml
[7.844s] -- Up-to-date: /home/coderey/ros2_ws/install/marvelmind_ros2_msgs/lib/libmarvelmind_ros2_msgs__rosidl_generator_c.so
[7.844s] -- Up-to-date: /home/coderey/ros2_ws/install/marvelmind_ros2_msgs/lib/libmarvelmind_ros2_msgs__rosidl_typesupport_introspection_c.so
[7.845s] -- Up-to-date: /home/coderey/ros2_ws/install/marvelmind_ros2_msgs/lib/libmarvelmind_ros2_msgs__rosidl_typesupport_c.so
[7.846s] -- Up-to-date: /home/coderey/ros2_ws/install/marvelmind_ros2_msgs/lib/libmarvelmind_ros2_msgs__rosidl_typesupport_introspection_cpp.so
[7.847s] -- Up-to-date: /home/coderey/ros2_ws/install/marvelmind_ros2_msgs/lib/libmarvelmind_ros2_msgs__rosidl_typesupport_cpp.so
[7.974s] Compiling '/home/coderey/ros2_ws/install/marvelmind_ros2_msgs/lib/python3.8/site-packages/marvelmind_ros2_msgs/__init__.py'...
[7.982s] -- Up-to-date: /home/coderey/ros2_ws/install/marvelmind_ros2_msgs/share/marvelmind_ros2_msgs/cmake/marvelmind_ros2_msgs__rosidl_generator_cExport.cmake
[7.988s] -- Installing: /home/coderey/ros2_ws/install/marvelmind_ros2_msgs/share/marvelmind_ros2_msgs/cmake/marvelmind_ros2_msgs__rosidl_generator_cExport-relwithdebinfo.cmake
[7.989s] -- Up-to-date: /home/coderey/ros2_ws/install/marvelmind_ros2_msgs/share/marvelmind_ros2_msgs/cmake/marvelmind_ros2_msgs__rosidl_typesupport_introspection_cExport.cmake
[7.992s] -- Installing: /home/coderey/ros2_ws/install/marvelmind_ros2_msgs/share/marvelmind_ros2_msgs/cmake/marvelmind_ros2_msgs__rosidl_typesupport_introspection_cExport-relwithdebinfo.cmake
[7.994s] -- Up-to-date: /home/coderey/ros2_ws/install/marvelmind_ros2_msgs/share/marvelmind_ros2_msgs/cmake/marvelmind_ros2_msgs__rosidl_typesupport_cExport.cmake
[8.000s] -- Installing: /home/coderey/ros2_ws/install/marvelmind_ros2_msgs/share/marvelmind_ros2_msgs/cmake/marvelmind_ros2_msgs__rosidl_typesupport_cExport-relwithdebinfo.cmake
[8.000s] -- Up-to-date: /home/coderey/ros2_ws/install/marvelmind_ros2_msgs/share/marvelmind_ros2_msgs/cmake/marvelmind_ros2_msgs__rosidl_generator_cppExport.cmake
[8.000s] -- Up-to-date: /home/coderey/ros2_ws/install/marvelmind_ros2_msgs/share/marvelmind_ros2_msgs/cmake/marvelmind_ros2_msgs__rosidl_typesupport_introspection_cppExport.cmake
[8.000s] -- Installing: /home/coderey/ros2_ws/install/marvelmind_ros2_msgs/share/marvelmind_ros2_msgs/cmake/marvelmind_ros2_msgs__rosidl_typesupport_introspection_cppExport-relwithdebinfo.cmake
[8.000s] -- Up-to-date: /home/coderey/ros2_ws/install/marvelmind_ros2_msgs/share/marvelmind_ros2_msgs/cmake/marvelmind_ros2_msgs__rosidl_typesupport_cppExport.cmake
[8.000s] -- Installing: /home/coderey/ros2_ws/install/marvelmind_ros2_msgs/share/marvelmind_ros2_msgs/cmake/marvelmind_ros2_msgs__rosidl_typesupport_cppExport-relwithdebinfo.cmake
[8.010s] Invoked command in '/home/coderey/ros2_ws/build/marvelmind_ros2_msgs' returned '0': CMAKE_PREFIX_PATH=${CMAKE_PREFIX_PATH}:/home/coderey/ros2_ws/install/mob_rob_loca:/home/coderey/ros2_ws/install/nav2_simple_commander:/home/coderey/ros2_ws/install/nav2_gazebo_spawner:/home/coderey/ros2_ws/install/bno055:/home/coderey/microros_ws/install/sensor_msgs_py:/opt/ros/galactic /usr/bin/cmake --install /home/coderey/ros2_ws/build/marvelmind_ros2_msgs
