-- Found ament_cmake: 1.1.6 (/opt/ros/galactic/share/ament_cmake/cmake)
-- Using PYTHON_EXECUTABLE: /usr/bin/python3
-- Override CMake install command with custom implementation using symlinks instead of copying resources
-- Found geometry_msgs: 2.2.4 (/home/coderey/microros_ws/install/geometry_msgs/share/geometry_msgs/cmake)
-- Using all available rosidl_typesupport_c: rosidl_typesupport_microxrcedds_c;rosidl_typesupport_fastrtps_c;rosidl_typesupport_introspection_c
-- Found rosidl_adapter: 2.2.3 (/opt/ros/galactic/share/rosidl_adapter/cmake)
-- Using all available rosidl_typesupport_cpp: rosidl_typesupport_microxrcedds_cpp;rosidl_typesupport_fastrtps_cpp;rosidl_typesupport_introspection_cpp
-- Found laser_geometry: 2.2.1 (/opt/ros/galactic/share/laser_geometry/cmake)
-- Found map_msgs: 2.1.0 (/opt/ros/galactic/share/map_msgs/cmake)
-- Found message_filters: 3.2.6 (/opt/ros/galactic/share/message_filters/cmake)
-- Found rmw_implementation_cmake: 3.3.1 (/opt/ros/galactic/share/rmw_implementation_cmake/cmake)
-- Found rmw_cyclonedds_cpp: 0.22.6 (/opt/ros/galactic/share/rmw_cyclonedds_cpp/cmake)
-- Using RMW implementation 'rmw_cyclonedds_cpp' as default
-- Found nav2_common: 1.0.12 (/home/coderey/ros2_ws/install/nav2_common/share/nav2_common/cmake)
-- Found nav2_msgs: 1.0.12 (/home/coderey/ros2_ws/install/nav2_msgs/share/nav2_msgs/cmake)
-- Found nav2_util: 1.0.12 (/home/coderey/ros2_ws/install/nav2_util/share/nav2_util/cmake)
-- Found nav2_voxel_grid: 1.0.12 (/home/coderey/ros2_ws/install/nav2_voxel_grid/share/nav2_voxel_grid/cmake)
-- Found pluginlib: 5.0.1 (/opt/ros/galactic/share/pluginlib/cmake)
-- Found tf2_sensor_msgs: 0.17.5 (/opt/ros/galactic/share/tf2_sensor_msgs/cmake)
-- Found visualization_msgs: 2.2.4 (/home/coderey/microros_ws/install/visualization_msgs/share/visualization_msgs/cmake)
-- Found angles: 1.14.0 (/opt/ros/galactic/share/angles/cmake)
-- Found ament_lint_auto: 0.10.7 (/opt/ros/galactic/share/ament_lint_auto/cmake)
-- Found gtest sources under '/opt/ros/galactic/src/gtest_vendor': C++ tests using 'Google Test' will be built
-- Found gtest sources under '/opt/ros/galactic/src/gtest_vendor': C++ tests using 'Google Test' will be built
-- Found gtest sources under '/opt/ros/galactic/src/gtest_vendor': C++ tests using 'Google Test' will be built
-- Added test 'cppcheck' to perform static code analysis on C / C++ code
-- Configured cppcheck include dirs: /home/coderey/ros2_ws/src/navigation2/nav2_costmap_2d/include
-- Configured cppcheck exclude dirs and/or files: 
-- Added test 'flake8' to check Python code syntax and style conventions
-- Added test 'lint_cmake' to check CMake code style
-- Added test 'pep257' to check Python code against some of the style conventions in PEP 257
-- Added test 'uncrustify' to check C / C++ code style
-- Configured uncrustify additional arguments: 
-- Added test 'xmllint' to check XML markup files
-- Configuring done
-- Generating done
-- Build files have been written to: /home/coderey/ros2_ws/build/nav2_costmap_2d
[35m[1mScanning dependencies of target nav2_costmap_2d_core[0m
[  3%] Built target gtest_main
[  6%] Built target gtest
[  7%] [32mBuilding CXX object CMakeFiles/nav2_costmap_2d_core.dir/src/array_parser.cpp.o[0m
[  9%] [32mBuilding CXX object CMakeFiles/nav2_costmap_2d_core.dir/src/costmap_2d.cpp.o[0m
[ 10%] [32mBuilding CXX object CMakeFiles/nav2_costmap_2d_core.dir/src/layer.cpp.o[0m
[ 12%] [32mBuilding CXX object CMakeFiles/nav2_costmap_2d_core.dir/src/costmap_2d_ros.cpp.o[0m
[ 14%] [32mBuilding CXX object CMakeFiles/nav2_costmap_2d_core.dir/src/costmap_2d_publisher.cpp.o[0m
[ 15%] [32mBuilding CXX object CMakeFiles/nav2_costmap_2d_core.dir/src/layered_costmap.cpp.o[0m
[ 17%] [32mBuilding CXX object CMakeFiles/nav2_costmap_2d_core.dir/src/footprint.cpp.o[0m
[ 18%] [32mBuilding CXX object CMakeFiles/nav2_costmap_2d_core.dir/src/costmap_math.cpp.o[0m
[ 20%] [32mBuilding CXX object CMakeFiles/nav2_costmap_2d_core.dir/src/costmap_layer.cpp.o[0m
[ 21%] [32mBuilding CXX object CMakeFiles/nav2_costmap_2d_core.dir/src/observation_buffer.cpp.o[0m
[ 23%] [32mBuilding CXX object CMakeFiles/nav2_costmap_2d_core.dir/src/clear_costmap_service.cpp.o[0m
[ 25%] [32mBuilding CXX object CMakeFiles/nav2_costmap_2d_core.dir/src/footprint_collision_checker.cpp.o[0m
[ 26%] [32mBuilding CXX object CMakeFiles/nav2_costmap_2d_core.dir/plugins/costmap_filters/costmap_filter.cpp.o[0m
[ 28%] [32m[1mLinking CXX shared library libnav2_costmap_2d_core.so[0m
[ 28%] Built target nav2_costmap_2d_core
[35m[1mScanning dependencies of target layers[0m
[ 29%] [32mBuilding CXX object CMakeFiles/layers.dir/plugins/inflation_layer.cpp.o[0m
[ 31%] [32mBuilding CXX object CMakeFiles/layers.dir/plugins/static_layer.cpp.o[0m
[35m[1mScanning dependencies of target collision_footprint_test[0m
[ 32%] [32mBuilding CXX object test/unit/CMakeFiles/collision_footprint_test.dir/footprint_collision_checker_test.cpp.o[0m
[35m[1mScanning dependencies of target costmap_convesion_test[0m
[ 34%] [32mBuilding CXX object test/unit/CMakeFiles/costmap_convesion_test.dir/costmap_conversion_test.cpp.o[0m
[35m[1mScanning dependencies of target array_parser_test[0m
[ 35%] [32mBuilding CXX object test/unit/CMakeFiles/array_parser_test.dir/array_parser_test.cpp.o[0m
[ 37%] [32m[1mLinking CXX executable collision_footprint_test[0m
[ 37%] Built target collision_footprint_test
[35m[1mScanning dependencies of target declare_parameter_test[0m
[ 39%] [32mBuilding CXX object test/unit/CMakeFiles/declare_parameter_test.dir/declare_parameter_test.cpp.o[0m
[ 40%] [32m[1mLinking CXX executable costmap_convesion_test[0m
[ 42%] [32m[1mLinking CXX executable array_parser_test[0m
[ 42%] Built target array_parser_test
[ 42%] Built target costmap_convesion_test
[ 43%] [32m[1mLinking CXX executable declare_parameter_test[0m
[ 43%] Built target declare_parameter_test
[ 45%] [32mBuilding CXX object CMakeFiles/layers.dir/plugins/obstacle_layer.cpp.o[0m
[ 46%] [32mBuilding CXX object CMakeFiles/layers.dir/src/observation_buffer.cpp.o[0m
[ 48%] [32mBuilding CXX object CMakeFiles/layers.dir/plugins/voxel_layer.cpp.o[0m
[ 50%] [32mBuilding CXX object CMakeFiles/layers.dir/plugins/range_sensor_layer.cpp.o[0m
[ 51%] [32m[1mLinking CXX shared library liblayers.so[0m
[ 51%] Built target layers
[35m[1mScanning dependencies of target nav2_costmap_2d_markers[0m
[35m[1mScanning dependencies of target costmap_bresenham_2d[0m
[35m[1mScanning dependencies of target nav2_costmap_2d_client[0m
[35m[1mScanning dependencies of target copy_window_test[0m
[35m[1mScanning dependencies of target nav2_costmap_2d_cloud[0m
[ 53%] [32mBuilding CXX object test/regression/CMakeFiles/costmap_bresenham_2d.dir/costmap_bresenham_2d.cpp.o[0m
[ 54%] [32mBuilding CXX object test/unit/CMakeFiles/copy_window_test.dir/copy_window_test.cpp.o[0m
[ 56%] [32mBuilding CXX object CMakeFiles/nav2_costmap_2d_cloud.dir/src/costmap_2d_cloud.cpp.o[0m
[ 59%] [32mBuilding CXX object CMakeFiles/nav2_costmap_2d_client.dir/src/footprint_subscriber.cpp.o[0m
[ 59%] [32mBuilding CXX object CMakeFiles/nav2_costmap_2d_markers.dir/src/costmap_2d_markers.cpp.o[0m
[35m[1mScanning dependencies of target obstacle_tests_exec[0m
[35m[1mScanning dependencies of target range_tests_exec[0m
[35m[1mScanning dependencies of target filters[0m
[ 60%] [32mBuilding CXX object CMakeFiles/filters.dir/plugins/costmap_filters/keepout_filter.cpp.o[0m
[ 62%] [32mBuilding CXX object test/integration/CMakeFiles/obstacle_tests_exec.dir/obstacle_tests.cpp.o[0m
[ 64%] [32mBuilding CXX object test/integration/CMakeFiles/range_tests_exec.dir/range_tests.cpp.o[0m
[ 65%] [32m[1mLinking CXX executable costmap_bresenham_2d[0m
[ 65%] Built target costmap_bresenham_2d
[ 67%] [32mBuilding CXX object CMakeFiles/nav2_costmap_2d_client.dir/src/costmap_subscriber.cpp.o[0m
[ 68%] [32m[1mLinking CXX executable copy_window_test[0m
[ 68%] Built target copy_window_test
[35m[1mScanning dependencies of target inflation_tests_exec[0m
[ 70%] [32mBuilding CXX object test/integration/CMakeFiles/inflation_tests_exec.dir/inflation_tests.cpp.o[0m
[ 71%] [32m[1mLinking CXX executable range_tests_exec[0m
[ 73%] [32m[1mLinking CXX executable obstacle_tests_exec[0m
[ 73%] Built target range_tests_exec
[35m[1mScanning dependencies of target footprint_tests_exec[0m
[ 75%] [32mBuilding CXX object test/integration/CMakeFiles/footprint_tests_exec.dir/footprint_tests.cpp.o[0m
[ 75%] Built target obstacle_tests_exec
[ 76%] [32mBuilding CXX object CMakeFiles/nav2_costmap_2d_client.dir/src/costmap_topic_collision_checker.cpp.o[0m
[ 78%] [32mBuilding CXX object CMakeFiles/filters.dir/plugins/costmap_filters/speed_filter.cpp.o[0m
[ 79%] [32m[1mLinking CXX executable nav2_costmap_2d_markers[0m
[ 79%] Built target nav2_costmap_2d_markers
[ 81%] [32m[1mLinking CXX executable nav2_costmap_2d_cloud[0m
[ 81%] Built target nav2_costmap_2d_cloud
[ 82%] [32m[1mLinking CXX shared library libnav2_costmap_2d_client.so[0m
[ 84%] [32m[1mLinking CXX executable inflation_tests_exec[0m
[ 84%] Built target nav2_costmap_2d_client
[35m[1mScanning dependencies of target test_collision_checker_exec[0m
[ 85%] [32mBuilding CXX object test/integration/CMakeFiles/test_collision_checker_exec.dir/test_costmap_topic_collision_checker.cpp.o[0m
[ 85%] Built target inflation_tests_exec
[ 87%] [32m[1mLinking CXX executable footprint_tests_exec[0m
[ 87%] Built target footprint_tests_exec
[ 89%] [32m[1mLinking CXX executable test_collision_checker_exec[0m
[ 89%] Built target test_collision_checker_exec
[ 90%] [32m[1mLinking CXX shared library libfilters.so[0m
[ 90%] Built target filters
[35m[1mScanning dependencies of target keepout_filter_test[0m
[35m[1mScanning dependencies of target nav2_costmap_2d[0m
[35m[1mScanning dependencies of target speed_filter_test[0m
[ 93%] [32mBuilding CXX object CMakeFiles/nav2_costmap_2d.dir/src/costmap_2d_node.cpp.o[0m
[ 93%] [32mBuilding CXX object test/unit/CMakeFiles/speed_filter_test.dir/speed_filter_test.cpp.o[0m
[ 95%] [32mBuilding CXX object test/unit/CMakeFiles/keepout_filter_test.dir/keepout_filter_test.cpp.o[0m
[ 96%] [32m[1mLinking CXX executable nav2_costmap_2d[0m
[ 96%] Built target nav2_costmap_2d
[ 98%] [32m[1mLinking CXX executable keepout_filter_test[0m
[ 98%] Built target keepout_filter_test
[100%] [32m[1mLinking CXX executable speed_filter_test[0m
[100%] Built target speed_filter_test
-- Install configuration: "Release"
-- Execute custom install script
-- Up-to-date symlink: /home/coderey/ros2_ws/install/nav2_costmap_2d/lib/libnav2_costmap_2d_core.so
-- Up-to-date symlink: /home/coderey/ros2_ws/install/nav2_costmap_2d/lib/liblayers.so
-- Up-to-date symlink: /home/coderey/ros2_ws/install/nav2_costmap_2d/lib/libfilters.so
-- Up-to-date symlink: /home/coderey/ros2_ws/install/nav2_costmap_2d/lib/libnav2_costmap_2d_client.so
-- Up-to-date symlink: /home/coderey/ros2_ws/install/nav2_costmap_2d/lib/nav2_costmap_2d/nav2_costmap_2d
-- Up-to-date symlink: /home/coderey/ros2_ws/install/nav2_costmap_2d/lib/nav2_costmap_2d/nav2_costmap_2d_markers
-- Up-to-date symlink: /home/coderey/ros2_ws/install/nav2_costmap_2d/lib/nav2_costmap_2d/nav2_costmap_2d_cloud
-- Up-to-date symlink: /home/coderey/ros2_ws/install/nav2_costmap_2d/share/nav2_costmap_2d/costmap_plugins.xml
-- Up-to-date symlink: /home/coderey/ros2_ws/install/nav2_costmap_2d/include//nav2_costmap_2d/array_parser.hpp
-- Up-to-date symlink: /home/coderey/ros2_ws/install/nav2_costmap_2d/include//nav2_costmap_2d/clear_costmap_service.hpp
-- Up-to-date symlink: /home/coderey/ros2_ws/install/nav2_costmap_2d/include//nav2_costmap_2d/cost_values.hpp
-- Up-to-date symlink: /home/coderey/ros2_ws/install/nav2_costmap_2d/include//nav2_costmap_2d/costmap_2d.hpp
-- Up-to-date symlink: /home/coderey/ros2_ws/install/nav2_costmap_2d/include//nav2_costmap_2d/costmap_2d_publisher.hpp
-- Up-to-date symlink: /home/coderey/ros2_ws/install/nav2_costmap_2d/include//nav2_costmap_2d/costmap_2d_ros.hpp
-- Up-to-date symlink: /home/coderey/ros2_ws/install/nav2_costmap_2d/include//nav2_costmap_2d/costmap_filters/costmap_filter.hpp
-- Up-to-date symlink: /home/coderey/ros2_ws/install/nav2_costmap_2d/include//nav2_costmap_2d/costmap_filters/filter_values.hpp
-- Up-to-date symlink: /home/coderey/ros2_ws/install/nav2_costmap_2d/include//nav2_costmap_2d/costmap_filters/keepout_filter.hpp
-- Up-to-date symlink: /home/coderey/ros2_ws/install/nav2_costmap_2d/include//nav2_costmap_2d/costmap_filters/speed_filter.hpp
-- Up-to-date symlink: /home/coderey/ros2_ws/install/nav2_costmap_2d/include//nav2_costmap_2d/costmap_layer.hpp
-- Up-to-date symlink: /home/coderey/ros2_ws/install/nav2_costmap_2d/include//nav2_costmap_2d/costmap_math.hpp
-- Up-to-date symlink: /home/coderey/ros2_ws/install/nav2_costmap_2d/include//nav2_costmap_2d/costmap_subscriber.hpp
-- Up-to-date symlink: /home/coderey/ros2_ws/install/nav2_costmap_2d/include//nav2_costmap_2d/costmap_topic_collision_checker.hpp
-- Up-to-date symlink: /home/coderey/ros2_ws/install/nav2_costmap_2d/include//nav2_costmap_2d/exceptions.hpp
-- Up-to-date symlink: /home/coderey/ros2_ws/install/nav2_costmap_2d/include//nav2_costmap_2d/footprint.hpp
-- Up-to-date symlink: /home/coderey/ros2_ws/install/nav2_costmap_2d/include//nav2_costmap_2d/footprint_collision_checker.hpp
-- Up-to-date symlink: /home/coderey/ros2_ws/install/nav2_costmap_2d/include//nav2_costmap_2d/footprint_subscriber.hpp
-- Up-to-date symlink: /home/coderey/ros2_ws/install/nav2_costmap_2d/include//nav2_costmap_2d/inflation_layer.hpp
-- Up-to-date symlink: /home/coderey/ros2_ws/install/nav2_costmap_2d/include//nav2_costmap_2d/layer.hpp
-- Up-to-date symlink: /home/coderey/ros2_ws/install/nav2_costmap_2d/include//nav2_costmap_2d/layered_costmap.hpp
-- Up-to-date symlink: /home/coderey/ros2_ws/install/nav2_costmap_2d/include//nav2_costmap_2d/observation.hpp
-- Up-to-date symlink: /home/coderey/ros2_ws/install/nav2_costmap_2d/include//nav2_costmap_2d/observation_buffer.hpp
-- Up-to-date symlink: /home/coderey/ros2_ws/install/nav2_costmap_2d/include//nav2_costmap_2d/obstacle_layer.hpp
-- Up-to-date symlink: /home/coderey/ros2_ws/install/nav2_costmap_2d/include//nav2_costmap_2d/range_sensor_layer.hpp
-- Up-to-date symlink: /home/coderey/ros2_ws/install/nav2_costmap_2d/include//nav2_costmap_2d/static_layer.hpp
-- Up-to-date symlink: /home/coderey/ros2_ws/install/nav2_costmap_2d/include//nav2_costmap_2d/voxel_layer.hpp
-- Up-to-date symlink: /home/coderey/ros2_ws/install/nav2_costmap_2d/share/nav2_costmap_2d/environment/library_path.sh
-- Up-to-date symlink: /home/coderey/ros2_ws/install/nav2_costmap_2d/share/nav2_costmap_2d/environment/library_path.dsv
-- Up-to-date symlink: /home/coderey/ros2_ws/install/nav2_costmap_2d/share/nav2_costmap_2d//costmap_plugins.xml
-- Up-to-date symlink: /home/coderey/ros2_ws/install/nav2_costmap_2d/share/ament_index/resource_index/package_run_dependencies/nav2_costmap_2d
-- Up-to-date symlink: /home/coderey/ros2_ws/install/nav2_costmap_2d/share/ament_index/resource_index/parent_prefix_path/nav2_costmap_2d
-- Up-to-date symlink: /home/coderey/ros2_ws/install/nav2_costmap_2d/share/nav2_costmap_2d/environment/ament_prefix_path.sh
-- Up-to-date symlink: /home/coderey/ros2_ws/install/nav2_costmap_2d/share/nav2_costmap_2d/environment/ament_prefix_path.dsv
-- Up-to-date symlink: /home/coderey/ros2_ws/install/nav2_costmap_2d/share/nav2_costmap_2d/environment/path.sh
-- Up-to-date symlink: /home/coderey/ros2_ws/install/nav2_costmap_2d/share/nav2_costmap_2d/environment/path.dsv
-- Up-to-date symlink: /home/coderey/ros2_ws/install/nav2_costmap_2d/share/nav2_costmap_2d/local_setup.bash
-- Up-to-date symlink: /home/coderey/ros2_ws/install/nav2_costmap_2d/share/nav2_costmap_2d/local_setup.sh
-- Up-to-date symlink: /home/coderey/ros2_ws/install/nav2_costmap_2d/share/nav2_costmap_2d/local_setup.zsh
-- Up-to-date symlink: /home/coderey/ros2_ws/install/nav2_costmap_2d/share/nav2_costmap_2d/local_setup.dsv
-- Symlinking: /home/coderey/ros2_ws/install/nav2_costmap_2d/share/nav2_costmap_2d/package.dsv
-- Up-to-date symlink: /home/coderey/ros2_ws/install/nav2_costmap_2d/share/ament_index/resource_index/packages/nav2_costmap_2d
-- Up-to-date symlink: /home/coderey/ros2_ws/install/nav2_costmap_2d/share/ament_index/resource_index/nav2_costmap_2d__pluginlib__plugin/nav2_costmap_2d
-- Up-to-date symlink: /home/coderey/ros2_ws/install/nav2_costmap_2d/share/nav2_costmap_2d/cmake/ament_cmake_export_include_directories-extras.cmake
-- Up-to-date symlink: /home/coderey/ros2_ws/install/nav2_costmap_2d/share/nav2_costmap_2d/cmake/ament_cmake_export_libraries-extras.cmake
-- Up-to-date symlink: /home/coderey/ros2_ws/install/nav2_costmap_2d/share/nav2_costmap_2d/cmake/ament_cmake_export_dependencies-extras.cmake
-- Up-to-date symlink: /home/coderey/ros2_ws/install/nav2_costmap_2d/share/nav2_costmap_2d/cmake/nav2_costmap_2dConfig.cmake
-- Up-to-date symlink: /home/coderey/ros2_ws/install/nav2_costmap_2d/share/nav2_costmap_2d/cmake/nav2_costmap_2dConfig-version.cmake
-- Up-to-date symlink: /home/coderey/ros2_ws/install/nav2_costmap_2d/share/nav2_costmap_2d/package.xml
