[3.056s] Invoking command in '/home/coderey/ros2_ws/src/swisscat_robot': PYTHONPATH=/home/coderey/ros2_ws/build/swisscat_robot/prefix_override:/home/coderey/ros2_ws/install/swisscat_robot/lib/python3.8/site-packages:${PYTHONPATH} /usr/bin/python3 setup.py egg_info --egg-base ../../build/swisscat_robot build --build-base /home/coderey/ros2_ws/build/swisscat_robot/build install --record /home/coderey/ros2_ws/build/swisscat_robot/install.log --install-scripts $base/lib/swisscat_robot --single-version-externally-managed
[3.441s] running egg_info
[3.441s] writing ../../build/swisscat_robot/swisscat_robot.egg-info/PKG-INFO
[3.442s] writing dependency_links to ../../build/swisscat_robot/swisscat_robot.egg-info/dependency_links.txt
[3.442s] writing entry points to ../../build/swisscat_robot/swisscat_robot.egg-info/entry_points.txt
[3.442s] writing requirements to ../../build/swisscat_robot/swisscat_robot.egg-info/requires.txt
[3.442s] writing top-level names to ../../build/swisscat_robot/swisscat_robot.egg-info/top_level.txt
[3.442s] reading manifest file '../../build/swisscat_robot/swisscat_robot.egg-info/SOURCES.txt'
[3.442s] writing manifest file '../../build/swisscat_robot/swisscat_robot.egg-info/SOURCES.txt'
[3.442s] running build
[3.442s] running build_py
[3.442s] running install
[3.442s] running install_lib
[3.442s] running install_data
[3.442s] running install_egg_info
[3.442s] removing '/home/coderey/ros2_ws/install/swisscat_robot/lib/python3.8/site-packages/swisscat_robot-0.0.0-py3.8.egg-info' (and everything under it)
[3.442s] Copying ../../build/swisscat_robot/swisscat_robot.egg-info to /home/coderey/ros2_ws/install/swisscat_robot/lib/python3.8/site-packages/swisscat_robot-0.0.0-py3.8.egg-info
[3.442s] running install_scripts
[3.442s] Installing controller script to /home/coderey/ros2_ws/install/swisscat_robot/lib/swisscat_robot
[3.442s] Installing fleet_manager script to /home/coderey/ros2_ws/install/swisscat_robot/lib/swisscat_robot
[3.442s] writing list of installed files to '/home/coderey/ros2_ws/build/swisscat_robot/install.log'
[3.447s] Invoked command in '/home/coderey/ros2_ws/src/swisscat_robot' returned '0': PYTHONPATH=/home/coderey/ros2_ws/build/swisscat_robot/prefix_override:/home/coderey/ros2_ws/install/swisscat_robot/lib/python3.8/site-packages:${PYTHONPATH} /usr/bin/python3 setup.py egg_info --egg-base ../../build/swisscat_robot build --build-base /home/coderey/ros2_ws/build/swisscat_robot/build install --record /home/coderey/ros2_ws/build/swisscat_robot/install.log --install-scripts $base/lib/swisscat_robot --single-version-externally-managed
