[1.686s] Invoking command in '/home/coderey/ros2_ws/src/bno055': PYTHONPATH=/home/coderey/ros2_ws/build/bno055/prefix_override:/home/coderey/ros2_ws/install/bno055/lib/python3.8/site-packages:${PYTHONPATH} /usr/bin/python3 setup.py egg_info --egg-base ../../build/bno055 build --build-base /home/coderey/ros2_ws/build/bno055/build install --record /home/coderey/ros2_ws/build/bno055/install.log --single-version-externally-managed
[1.897s] running egg_info
[1.898s] writing ../../build/bno055/bno055.egg-info/PKG-INFO
[1.898s] writing dependency_links to ../../build/bno055/bno055.egg-info/dependency_links.txt
[1.898s] writing entry points to ../../build/bno055/bno055.egg-info/entry_points.txt
[1.898s] writing requirements to ../../build/bno055/bno055.egg-info/requires.txt
[1.898s] writing top-level names to ../../build/bno055/bno055.egg-info/top_level.txt
[1.925s] reading manifest file '../../build/bno055/bno055.egg-info/SOURCES.txt'
[1.927s] writing manifest file '../../build/bno055/bno055.egg-info/SOURCES.txt'
[1.928s] running build
[1.928s] running build_py
[1.928s] running install
[1.928s] running install_lib
[1.928s] running install_data
[1.930s] running install_egg_info
[1.930s] removing '/home/coderey/ros2_ws/install/bno055/lib/python3.8/site-packages/bno055-0.4.1-py3.8.egg-info' (and everything under it)
[1.930s] Copying ../../build/bno055/bno055.egg-info to /home/coderey/ros2_ws/install/bno055/lib/python3.8/site-packages/bno055-0.4.1-py3.8.egg-info
[1.931s] running install_scripts
[1.960s] Installing bno055 script to /home/coderey/ros2_ws/install/bno055/lib/bno055
[1.961s] writing list of installed files to '/home/coderey/ros2_ws/build/bno055/install.log'
[2.653s] Invoked command in '/home/coderey/ros2_ws/src/bno055' returned '0': PYTHONPATH=/home/coderey/ros2_ws/build/bno055/prefix_override:/home/coderey/ros2_ws/install/bno055/lib/python3.8/site-packages:${PYTHONPATH} /usr/bin/python3 setup.py egg_info --egg-base ../../build/bno055 build --build-base /home/coderey/ros2_ws/build/bno055/build install --record /home/coderey/ros2_ws/build/bno055/install.log --single-version-externally-managed
