-- The C compiler identification is GNU 9.4.0
-- The CXX compiler identification is GNU 9.4.0
-- Check for working C compiler: /usr/bin/cc
-- Check for working C compiler: /usr/bin/cc -- works
-- Detecting C compiler ABI info
-- Detecting C compiler ABI info - done
-- Detecting C compile features
-- Detecting C compile features - done
-- Check for working CXX compiler: /usr/bin/c++
-- Check for working CXX compiler: /usr/bin/c++ -- works
-- Detecting CXX compiler ABI info
-- Detecting CXX compiler ABI info - done
-- Detecting CXX compile features
-- Detecting CXX compile features - done
-- Found ament_cmake: 1.1.6 (/opt/ros/galactic/share/ament_cmake/cmake)
-- Found PythonInterp: /usr/bin/python3 (found suitable version "3.8.10", minimum required is "3") 
-- Using PYTHON_EXECUTABLE: /usr/bin/python3
-- Override CMake install command with custom implementation using symlinks instead of copying resources
-- Found builtin_interfaces: 1.0.3 (/home/coderey/microros_ws/install/builtin_interfaces/share/builtin_interfaces/cmake)
-- Using all available rosidl_typesupport_c: rosidl_typesupport_microxrcedds_c;rosidl_typesupport_fastrtps_c;rosidl_typesupport_introspection_c
-- Found rosidl_adapter: 2.2.3 (/opt/ros/galactic/share/rosidl_adapter/cmake)
-- Found OpenSSL: /usr/lib/x86_64-linux-gnu/libcrypto.so (found version "1.1.1f")  
-- Found FastRTPS: /opt/ros/galactic/include  
-- Using all available rosidl_typesupport_cpp: rosidl_typesupport_microxrcedds_cpp;rosidl_typesupport_fastrtps_cpp;rosidl_typesupport_introspection_cpp
-- Found nav2_common: 1.0.12 (/home/coderey/ros2_ws/install/nav2_common/share/nav2_common/cmake)
-- Found nav2_core: 1.0.12 (/home/coderey/ros2_ws/install/nav2_core/share/nav2_core/cmake)
-- Found rmw_implementation_cmake: 3.3.1 (/opt/ros/galactic/share/rmw_implementation_cmake/cmake)
-- Found rmw_cyclonedds_cpp: 0.22.6 (/opt/ros/galactic/share/rmw_cyclonedds_cpp/cmake)
-- Using RMW implementation 'rmw_cyclonedds_cpp' as default
-- Looking for pthread.h
-- Looking for pthread.h - found
-- Performing Test CMAKE_HAVE_LIBC_PTHREAD
-- Performing Test CMAKE_HAVE_LIBC_PTHREAD - Failed
-- Looking for pthread_create in pthreads
-- Looking for pthread_create in pthreads - not found
-- Looking for pthread_create in pthread
-- Looking for pthread_create in pthread - found
-- Found Threads: TRUE  
-- Found Eigen3: TRUE (found version "3.3.7") 
-- Setting build type to Release as none was specified.
-- Found ament_lint_auto: 0.10.7 (/opt/ros/galactic/share/ament_lint_auto/cmake)
-- Found gtest sources under '/opt/ros/galactic/src/gtest_vendor': C++ tests using 'Google Test' will be built
-- Check if compiler accepts -pthread
-- Check if compiler accepts -pthread - yes
-- Added test 'copyright' to check source files copyright and LICENSE
-- Added test 'cppcheck' to perform static code analysis on C / C++ code
-- Configured cppcheck include dirs: /home/coderey/ros2_ws/src/navigation2/nav2_theta_star_planner/include
-- Configured cppcheck exclude dirs and/or files: 
-- Added test 'cpplint' to check C / C++ code against the Google style
-- Configured cpplint exclude dirs and/or files: 
-- Added test 'lint_cmake' to check CMake code style
-- Added test 'uncrustify' to check C / C++ code style
-- Configured uncrustify additional arguments: 
-- Added test 'xmllint' to check XML markup files
-- Configuring done
-- Generating done
-- Build files have been written to: /home/coderey/ros2_ws/build/nav2_theta_star_planner
[35m[1mScanning dependencies of target gtest[0m
[ 11%] [32mBuilding CXX object gtest/CMakeFiles/gtest.dir/src/gtest-all.cc.o[0m
[ 22%] [32m[1mLinking CXX static library libgtest.a[0m
[ 22%] Built target gtest
[35m[1mScanning dependencies of target gtest_main[0m
[ 33%] [32mBuilding CXX object gtest/CMakeFiles/gtest_main.dir/src/gtest_main.cc.o[0m
[ 44%] [32m[1mLinking CXX static library libgtest_main.a[0m
[ 44%] Built target gtest_main
[35m[1mScanning dependencies of target nav2_theta_star_planner[0m
[ 55%] [32mBuilding CXX object CMakeFiles/nav2_theta_star_planner.dir/src/theta_star.cpp.o[0m
[ 66%] [32mBuilding CXX object CMakeFiles/nav2_theta_star_planner.dir/src/theta_star_planner.cpp.o[0m
[ 77%] [32m[1mLinking CXX shared library libnav2_theta_star_planner.so[0m
[ 77%] Built target nav2_theta_star_planner
[35m[1mScanning dependencies of target test_theta_star[0m
[ 88%] [32mBuilding CXX object CMakeFiles/test_theta_star.dir/test/test_theta_star.cpp.o[0m
[100%] [32m[1mLinking CXX executable test_theta_star[0m
[100%] Built target test_theta_star
-- Install configuration: "Release"
-- Execute custom install script
-- Symlinking: /home/coderey/ros2_ws/install/nav2_theta_star_planner/share/nav2_theta_star_planner//theta_star_planner.xml
-- Symlinking: /home/coderey/ros2_ws/install/nav2_theta_star_planner/lib/libnav2_theta_star_planner.so
-- Symlinking: /home/coderey/ros2_ws/install/nav2_theta_star_planner/include//nav2_theta_star_planner/theta_star.hpp
-- Symlinking: /home/coderey/ros2_ws/install/nav2_theta_star_planner/include//nav2_theta_star_planner/theta_star_planner.hpp
-- Up-to-date symlink: /home/coderey/ros2_ws/install/nav2_theta_star_planner/share/nav2_theta_star_planner/theta_star_planner.xml
-- Symlinking: /home/coderey/ros2_ws/install/nav2_theta_star_planner/share/nav2_theta_star_planner/environment/library_path.sh
-- Symlinking: /home/coderey/ros2_ws/install/nav2_theta_star_planner/share/nav2_theta_star_planner/environment/library_path.dsv
-- Symlinking: /home/coderey/ros2_ws/install/nav2_theta_star_planner/share/ament_index/resource_index/package_run_dependencies/nav2_theta_star_planner
-- Symlinking: /home/coderey/ros2_ws/install/nav2_theta_star_planner/share/ament_index/resource_index/parent_prefix_path/nav2_theta_star_planner
-- Symlinking: /home/coderey/ros2_ws/install/nav2_theta_star_planner/share/nav2_theta_star_planner/environment/ament_prefix_path.sh
-- Symlinking: /home/coderey/ros2_ws/install/nav2_theta_star_planner/share/nav2_theta_star_planner/environment/ament_prefix_path.dsv
-- Symlinking: /home/coderey/ros2_ws/install/nav2_theta_star_planner/share/nav2_theta_star_planner/environment/path.sh
-- Symlinking: /home/coderey/ros2_ws/install/nav2_theta_star_planner/share/nav2_theta_star_planner/environment/path.dsv
-- Symlinking: /home/coderey/ros2_ws/install/nav2_theta_star_planner/share/nav2_theta_star_planner/local_setup.bash
-- Symlinking: /home/coderey/ros2_ws/install/nav2_theta_star_planner/share/nav2_theta_star_planner/local_setup.sh
-- Symlinking: /home/coderey/ros2_ws/install/nav2_theta_star_planner/share/nav2_theta_star_planner/local_setup.zsh
-- Symlinking: /home/coderey/ros2_ws/install/nav2_theta_star_planner/share/nav2_theta_star_planner/local_setup.dsv
-- Symlinking: /home/coderey/ros2_ws/install/nav2_theta_star_planner/share/nav2_theta_star_planner/package.dsv
-- Symlinking: /home/coderey/ros2_ws/install/nav2_theta_star_planner/share/ament_index/resource_index/packages/nav2_theta_star_planner
-- Symlinking: /home/coderey/ros2_ws/install/nav2_theta_star_planner/share/ament_index/resource_index/nav2_core__pluginlib__plugin/nav2_theta_star_planner
-- Symlinking: /home/coderey/ros2_ws/install/nav2_theta_star_planner/share/nav2_theta_star_planner/cmake/ament_cmake_export_include_directories-extras.cmake
-- Symlinking: /home/coderey/ros2_ws/install/nav2_theta_star_planner/share/nav2_theta_star_planner/cmake/ament_cmake_export_libraries-extras.cmake
-- Symlinking: /home/coderey/ros2_ws/install/nav2_theta_star_planner/share/nav2_theta_star_planner/cmake/ament_cmake_export_dependencies-extras.cmake
-- Symlinking: /home/coderey/ros2_ws/install/nav2_theta_star_planner/share/nav2_theta_star_planner/cmake/nav2_theta_star_plannerConfig.cmake
-- Symlinking: /home/coderey/ros2_ws/install/nav2_theta_star_planner/share/nav2_theta_star_planner/cmake/nav2_theta_star_plannerConfig-version.cmake
-- Symlinking: /home/coderey/ros2_ws/install/nav2_theta_star_planner/share/nav2_theta_star_planner/package.xml
