[2.278s] Invoking command in '/home/coderey/ros2_ws/build/mob_rob_loca': PYTHONPATH=/home/coderey/ros2_ws/build/mob_rob_loca/prefix_override:/home/coderey/ros2_ws/install/mob_rob_loca/lib/python3.8/site-packages:${PYTHONPATH} /usr/bin/python3 setup.py develop --editable --build-directory /home/coderey/ros2_ws/build/mob_rob_loca/build --no-deps install_data
[2.638s] running develop
[2.638s] running egg_info
[2.638s] writing mob_rob_loca.egg-info/PKG-INFO
[2.638s] writing dependency_links to mob_rob_loca.egg-info/dependency_links.txt
[2.638s] writing entry points to mob_rob_loca.egg-info/entry_points.txt
[2.638s] writing requirements to mob_rob_loca.egg-info/requires.txt
[2.638s] writing top-level names to mob_rob_loca.egg-info/top_level.txt
[2.645s] reading manifest file 'mob_rob_loca.egg-info/SOURCES.txt'
[2.645s] writing manifest file 'mob_rob_loca.egg-info/SOURCES.txt'
[2.672s] running build_ext
[2.672s] Creating /home/coderey/ros2_ws/install/mob_rob_loca/lib/python3.8/site-packages/mob-rob-loca.egg-link (link to .)
[2.672s] Installing imu_serv script to /home/coderey/ros2_ws/install/mob_rob_loca/lib/mob_rob_loca
[2.673s] Installing marv2ekf script to /home/coderey/ros2_ws/install/mob_rob_loca/lib/mob_rob_loca
[2.673s] Installing rpi_com_motors script to /home/coderey/ros2_ws/install/mob_rob_loca/lib/mob_rob_loca
[2.674s] Installing ticks2odom script to /home/coderey/ros2_ws/install/mob_rob_loca/lib/mob_rob_loca
[2.675s] Installing transforms script to /home/coderey/ros2_ws/install/mob_rob_loca/lib/mob_rob_loca
[2.676s] Installing vel_pub script to /home/coderey/ros2_ws/install/mob_rob_loca/lib/mob_rob_loca
[2.677s] 
[2.677s] Installed /home/coderey/ros2_ws/build/mob_rob_loca
[2.679s] running install_data
[2.679s] copying params/no_map_params.yaml -> /home/coderey/ros2_ws/install/mob_rob_loca/share/mob_rob_loca/params
[3.770s] Invoked command in '/home/coderey/ros2_ws/build/mob_rob_loca' returned '0': PYTHONPATH=/home/coderey/ros2_ws/build/mob_rob_loca/prefix_override:/home/coderey/ros2_ws/install/mob_rob_loca/lib/python3.8/site-packages:${PYTHONPATH} /usr/bin/python3 setup.py develop --editable --build-directory /home/coderey/ros2_ws/build/mob_rob_loca/build --no-deps install_data
