[2.653s] Invoking command in '/home/coderey/ros2_ws/build/mob_rob_loca': PYTHONPATH=/home/coderey/ros2_ws/build/mob_rob_loca/prefix_override:/home/coderey/ros2_ws/install/mob_rob_loca/lib/python3.8/site-packages:${PYTHONPATH} /usr/bin/python3 setup.py develop --editable --build-directory /home/coderey/ros2_ws/build/mob_rob_loca/build --no-deps install_data
[2.909s] running develop
[3.025s] running egg_info
[3.026s] writing mob_rob_loca.egg-info/PKG-INFO
[3.026s] writing dependency_links to mob_rob_loca.egg-info/dependency_links.txt
[3.026s] writing entry points to mob_rob_loca.egg-info/entry_points.txt
[3.026s] writing requirements to mob_rob_loca.egg-info/requires.txt
[3.026s] writing top-level names to mob_rob_loca.egg-info/top_level.txt
[3.049s] reading manifest file 'mob_rob_loca.egg-info/SOURCES.txt'
[3.050s] writing manifest file 'mob_rob_loca.egg-info/SOURCES.txt'
[3.075s] running build_ext
[3.075s] Creating /home/coderey/ros2_ws/install/mob_rob_loca/lib/python3.8/site-packages/mob-rob-loca.egg-link (link to .)
[3.076s] Installing imu_serv script to /home/coderey/ros2_ws/install/mob_rob_loca/lib/mob_rob_loca
[3.077s] Installing marv2ekf script to /home/coderey/ros2_ws/install/mob_rob_loca/lib/mob_rob_loca
[3.077s] Installing rpi_com_motors script to /home/coderey/ros2_ws/install/mob_rob_loca/lib/mob_rob_loca
[3.077s] Installing ticks2odom script to /home/coderey/ros2_ws/install/mob_rob_loca/lib/mob_rob_loca
[3.077s] Installing transforms script to /home/coderey/ros2_ws/install/mob_rob_loca/lib/mob_rob_loca
[3.077s] Installing vel_pub script to /home/coderey/ros2_ws/install/mob_rob_loca/lib/mob_rob_loca
[3.077s] 
[3.078s] Installed /home/coderey/ros2_ws/build/mob_rob_loca
[3.078s] running install_data
[3.966s] Invoked command in '/home/coderey/ros2_ws/build/mob_rob_loca' returned '0': PYTHONPATH=/home/coderey/ros2_ws/build/mob_rob_loca/prefix_override:/home/coderey/ros2_ws/install/mob_rob_loca/lib/python3.8/site-packages:${PYTHONPATH} /usr/bin/python3 setup.py develop --editable --build-directory /home/coderey/ros2_ws/build/mob_rob_loca/build --no-deps install_data
