[0.921s] Invoking command in '/home/coderey/ros2_ws/build/nav2_straightline_planner': CMAKE_PREFIX_PATH=${CMAKE_PREFIX_PATH}:/home/coderey/ros2_ws/install/swisscat_robot:/home/coderey/ros2_ws/install/nav2_gps_waypoint_follower_demo:/home/coderey/ros2_ws/install/nav2_simple_commander:/home/coderey/ros2_ws/install/mob_rob_loca:/home/coderey/ros2_ws/install/bno055:/home/coderey/microros_ws/install/sensor_msgs_py:/opt/ros/galactic /usr/bin/cmake --build /home/coderey/ros2_ws/build/nav2_straightline_planner -- -j8 -l8
[0.967s] -- Found ament_cmake: 1.1.6 (/opt/ros/galactic/share/ament_cmake/cmake)
[1.002s] -- Using PYTHON_EXECUTABLE: /usr/bin/python3
[1.096s] -- Found rclcpp: 9.2.2 (/opt/ros/galactic/share/rclcpp/cmake)
[1.144s] -- Using all available rosidl_typesupport_c: rosidl_typesupport_microxrcedds_c;rosidl_typesupport_fastrtps_c;rosidl_typesupport_introspection_c
[1.146s] -- Found rosidl_adapter: 2.2.3 (/opt/ros/galactic/share/rosidl_adapter/cmake)
[1.314s] -- Using all available rosidl_typesupport_cpp: rosidl_typesupport_microxrcedds_cpp;rosidl_typesupport_fastrtps_cpp;rosidl_typesupport_introspection_cpp
[1.386s] -- Found rmw_implementation_cmake: 3.3.1 (/opt/ros/galactic/share/rmw_implementation_cmake/cmake)
[1.391s] -- Found rmw_cyclonedds_cpp: 0.22.6 (/opt/ros/galactic/share/rmw_cyclonedds_cpp/cmake)
[1.414s] -- Using RMW implementation 'rmw_cyclonedds_cpp' as default
[1.517s] -- Found rclcpp_action: 9.2.2 (/opt/ros/galactic/share/rclcpp_action/cmake)
[1.568s] -- Found rclcpp_lifecycle: 9.2.2 (/opt/ros/galactic/share/rclcpp_lifecycle/cmake)
[1.587s] -- Found visualization_msgs: 2.2.4 (/home/coderey/microros_ws/install/visualization_msgs/share/visualization_msgs/cmake)
[1.674s] -- Found nav2_util: 1.0.12 (/opt/ros/galactic/share/nav2_util/cmake)
[2.114s] -- Found eigen3_cmake_module: 0.1.1 (/opt/ros/galactic/share/eigen3_cmake_module/cmake)
[2.230s] -- Found nav2_costmap_2d: 1.0.12 (/opt/ros/galactic/share/nav2_costmap_2d/cmake)
[2.760s] -- Found nav2_core: 1.0.12 (/opt/ros/galactic/share/nav2_core/cmake)
[4.810s] -- Found ament_lint_auto: 0.10.7 (/opt/ros/galactic/share/ament_lint_auto/cmake)
[4.867s] -- Added test 'copyright' to check source files copyright and LICENSE
[4.868s] -- Added test 'cppcheck' to perform static code analysis on C / C++ code
[4.868s] -- Configured cppcheck include dirs: /home/coderey/ros2_ws/src/navigation2_tutorials/nav2_straightline_planner/include
[4.869s] -- Configured cppcheck exclude dirs and/or files: 
[4.869s] -- Added test 'cpplint' to check C / C++ code against the Google style
[4.869s] -- Configured cpplint exclude dirs and/or files: 
[4.870s] -- Added test 'lint_cmake' to check CMake code style
[4.870s] -- Added test 'uncrustify' to check C / C++ code style
[4.870s] -- Configured uncrustify additional arguments: 
[4.870s] -- Added test 'xmllint' to check XML markup files
[4.873s] -- Configuring done
[4.897s] -- Generating done
[4.898s] -- Build files have been written to: /home/coderey/ros2_ws/build/nav2_straightline_planner
[4.947s] [100%] Built target nav2_straightline_planner_plugin
[5.028s] Invoked command in '/home/coderey/ros2_ws/build/nav2_straightline_planner' returned '0': CMAKE_PREFIX_PATH=${CMAKE_PREFIX_PATH}:/home/coderey/ros2_ws/install/swisscat_robot:/home/coderey/ros2_ws/install/nav2_gps_waypoint_follower_demo:/home/coderey/ros2_ws/install/nav2_simple_commander:/home/coderey/ros2_ws/install/mob_rob_loca:/home/coderey/ros2_ws/install/bno055:/home/coderey/microros_ws/install/sensor_msgs_py:/opt/ros/galactic /usr/bin/cmake --build /home/coderey/ros2_ws/build/nav2_straightline_planner -- -j8 -l8
[5.224s] Invoking command in '/home/coderey/ros2_ws/build/nav2_straightline_planner': CMAKE_PREFIX_PATH=${CMAKE_PREFIX_PATH}:/home/coderey/ros2_ws/install/swisscat_robot:/home/coderey/ros2_ws/install/nav2_gps_waypoint_follower_demo:/home/coderey/ros2_ws/install/nav2_simple_commander:/home/coderey/ros2_ws/install/mob_rob_loca:/home/coderey/ros2_ws/install/bno055:/home/coderey/microros_ws/install/sensor_msgs_py:/opt/ros/galactic /usr/bin/cmake --install /home/coderey/ros2_ws/build/nav2_straightline_planner
[5.232s] -- Install configuration: ""
[5.232s] -- Up-to-date: /home/coderey/ros2_ws/install/nav2_straightline_planner/share/nav2_straightline_planner/global_planner_plugin.xml
[5.232s] -- Up-to-date: /home/coderey/ros2_ws/install/nav2_straightline_planner/lib/libnav2_straightline_planner_plugin.so
[5.232s] -- Up-to-date: /home/coderey/ros2_ws/install/nav2_straightline_planner/include/
[5.232s] -- Up-to-date: /home/coderey/ros2_ws/install/nav2_straightline_planner/include//nav2_straightline_planner
[5.232s] -- Up-to-date: /home/coderey/ros2_ws/install/nav2_straightline_planner/include//nav2_straightline_planner/straight_line_planner.hpp
[5.232s] -- Up-to-date: /home/coderey/ros2_ws/install/nav2_straightline_planner/share/nav2_straightline_planner/global_planner_plugin.xml
[5.232s] -- Up-to-date: /home/coderey/ros2_ws/install/nav2_straightline_planner/share/nav2_straightline_planner/environment/library_path.sh
[5.232s] -- Installing: /home/coderey/ros2_ws/install/nav2_straightline_planner/share/nav2_straightline_planner/environment/library_path.dsv
[5.232s] -- Up-to-date: /home/coderey/ros2_ws/install/nav2_straightline_planner/share/ament_index/resource_index/package_run_dependencies/nav2_straightline_planner
[5.232s] -- Installing: /home/coderey/ros2_ws/install/nav2_straightline_planner/share/ament_index/resource_index/parent_prefix_path/nav2_straightline_planner
[5.233s] -- Up-to-date: /home/coderey/ros2_ws/install/nav2_straightline_planner/share/nav2_straightline_planner/environment/ament_prefix_path.sh
[5.233s] -- Installing: /home/coderey/ros2_ws/install/nav2_straightline_planner/share/nav2_straightline_planner/environment/ament_prefix_path.dsv
[5.233s] -- Up-to-date: /home/coderey/ros2_ws/install/nav2_straightline_planner/share/nav2_straightline_planner/environment/path.sh
[5.233s] -- Installing: /home/coderey/ros2_ws/install/nav2_straightline_planner/share/nav2_straightline_planner/environment/path.dsv
[5.233s] -- Up-to-date: /home/coderey/ros2_ws/install/nav2_straightline_planner/share/nav2_straightline_planner/local_setup.bash
[5.233s] -- Up-to-date: /home/coderey/ros2_ws/install/nav2_straightline_planner/share/nav2_straightline_planner/local_setup.sh
[5.233s] -- Up-to-date: /home/coderey/ros2_ws/install/nav2_straightline_planner/share/nav2_straightline_planner/local_setup.zsh
[5.233s] -- Installing: /home/coderey/ros2_ws/install/nav2_straightline_planner/share/nav2_straightline_planner/local_setup.dsv
[5.233s] -- Installing: /home/coderey/ros2_ws/install/nav2_straightline_planner/share/nav2_straightline_planner/package.dsv
[5.233s] -- Up-to-date: /home/coderey/ros2_ws/install/nav2_straightline_planner/share/ament_index/resource_index/packages/nav2_straightline_planner
[5.233s] -- Up-to-date: /home/coderey/ros2_ws/install/nav2_straightline_planner/share/ament_index/resource_index/nav2_core__pluginlib__plugin/nav2_straightline_planner
[5.233s] -- Up-to-date: /home/coderey/ros2_ws/install/nav2_straightline_planner/share/nav2_straightline_planner/cmake/ament_cmake_export_include_directories-extras.cmake
[5.233s] -- Up-to-date: /home/coderey/ros2_ws/install/nav2_straightline_planner/share/nav2_straightline_planner/cmake/ament_cmake_export_libraries-extras.cmake
[5.233s] -- Up-to-date: /home/coderey/ros2_ws/install/nav2_straightline_planner/share/nav2_straightline_planner/cmake/ament_cmake_export_dependencies-extras.cmake
[5.233s] -- Up-to-date: /home/coderey/ros2_ws/install/nav2_straightline_planner/share/nav2_straightline_planner/cmake/nav2_straightline_plannerConfig.cmake
[5.233s] -- Up-to-date: /home/coderey/ros2_ws/install/nav2_straightline_planner/share/nav2_straightline_planner/cmake/nav2_straightline_plannerConfig-version.cmake
[5.233s] -- Up-to-date: /home/coderey/ros2_ws/install/nav2_straightline_planner/share/nav2_straightline_planner/package.xml
[5.234s] Invoked command in '/home/coderey/ros2_ws/build/nav2_straightline_planner' returned '0': CMAKE_PREFIX_PATH=${CMAKE_PREFIX_PATH}:/home/coderey/ros2_ws/install/swisscat_robot:/home/coderey/ros2_ws/install/nav2_gps_waypoint_follower_demo:/home/coderey/ros2_ws/install/nav2_simple_commander:/home/coderey/ros2_ws/install/mob_rob_loca:/home/coderey/ros2_ws/install/bno055:/home/coderey/microros_ws/install/sensor_msgs_py:/opt/ros/galactic /usr/bin/cmake --install /home/coderey/ros2_ws/build/nav2_straightline_planner
