[1.147s] Invoking command in '/home/coderey/ros2_ws/build/marvelmind_ros2_msgs': CMAKE_PREFIX_PATH=${CMAKE_PREFIX_PATH}:/home/coderey/ros2_ws/install/swisscat_robot:/home/coderey/ros2_ws/install/nav2_gps_waypoint_follower_demo:/home/coderey/ros2_ws/install/nav2_simple_commander:/home/coderey/ros2_ws/install/mob_rob_loca:/home/coderey/ros2_ws/install/bno055:/home/coderey/microros_ws/install/sensor_msgs_py:/opt/ros/galactic /usr/bin/cmake /home/coderey/ros2_ws/src/marvelmind_ros2_msgs_upstream -DCMAKE_BUILD_TYPE=RelWithDebInfo -DAMENT_CMAKE_SYMLINK_INSTALL=1 -DCMAKE_INSTALL_PREFIX=/home/coderey/ros2_ws/install/marvelmind_ros2_msgs
[1.934s] -- Found ament_cmake: 1.1.6 (/opt/ros/galactic/share/ament_cmake/cmake)
[1.934s] -- Found PythonInterp: /usr/bin/python3 (found suitable version "3.8.10", minimum required is "3") 
[1.934s] -- Using PYTHON_EXECUTABLE: /usr/bin/python3
[1.934s] -- Override CMake install command with custom implementation using symlinks instead of copying resources
[1.934s] -- Found rosidl_default_generators: 1.1.1 (/opt/ros/galactic/share/rosidl_default_generators/cmake)
[1.934s] -- Using all available rosidl_typesupport_c: rosidl_typesupport_microxrcedds_c;rosidl_typesupport_fastrtps_c;rosidl_typesupport_introspection_c
[1.934s] -- Found rosidl_adapter: 2.2.3 (/opt/ros/galactic/share/rosidl_adapter/cmake)
[1.934s] -- Using all available rosidl_typesupport_cpp: rosidl_typesupport_microxrcedds_cpp;rosidl_typesupport_fastrtps_cpp;rosidl_typesupport_introspection_cpp
[1.934s] -- Found std_msgs: 2.2.4 (/home/coderey/microros_ws/install/std_msgs/share/std_msgs/cmake)
[1.935s] -- Found geometry_msgs: 2.2.4 (/home/coderey/microros_ws/install/geometry_msgs/share/geometry_msgs/cmake)
[1.935s] -- Found PythonInterp: /usr/bin/python3 (found version "3.8.10") 
[1.935s] -- Found ament_cmake_ros: 0.9.2 (/opt/ros/galactic/share/ament_cmake_ros/cmake)
[2.053s] -- Using all available rosidl_typesupport_c: rosidl_typesupport_microxrcedds_c;rosidl_typesupport_fastrtps_c;rosidl_typesupport_introspection_c
[2.261s] -- Using all available rosidl_typesupport_cpp: rosidl_typesupport_microxrcedds_cpp;rosidl_typesupport_fastrtps_cpp;rosidl_typesupport_introspection_cpp
[2.355s] -- Found PythonInterp: /usr/bin/python3 (found suitable version "3.8.10", minimum required is "3.5") 
[2.356s] -- Found python_cmake_module: 0.8.1 (/opt/ros/galactic/share/python_cmake_module/cmake)
[2.412s] -- Using PYTHON_EXECUTABLE: /usr/bin/python3
[2.412s] -- Using PYTHON_INCLUDE_DIRS: /usr/include/python3.8
[2.412s] -- Using PYTHON_LIBRARIES: /usr/lib/x86_64-linux-gnu/libpython3.8.so
[2.777s] -- Configuring done
[3.093s] -- Generating done
[3.098s] -- Build files have been written to: /home/coderey/ros2_ws/build/marvelmind_ros2_msgs
[3.130s] Invoked command in '/home/coderey/ros2_ws/build/marvelmind_ros2_msgs' returned '0': CMAKE_PREFIX_PATH=${CMAKE_PREFIX_PATH}:/home/coderey/ros2_ws/install/swisscat_robot:/home/coderey/ros2_ws/install/nav2_gps_waypoint_follower_demo:/home/coderey/ros2_ws/install/nav2_simple_commander:/home/coderey/ros2_ws/install/mob_rob_loca:/home/coderey/ros2_ws/install/bno055:/home/coderey/microros_ws/install/sensor_msgs_py:/opt/ros/galactic /usr/bin/cmake /home/coderey/ros2_ws/src/marvelmind_ros2_msgs_upstream -DCMAKE_BUILD_TYPE=RelWithDebInfo -DAMENT_CMAKE_SYMLINK_INSTALL=1 -DCMAKE_INSTALL_PREFIX=/home/coderey/ros2_ws/install/marvelmind_ros2_msgs
[3.131s] Invoking command in '/home/coderey/ros2_ws/build/marvelmind_ros2_msgs': CMAKE_PREFIX_PATH=${CMAKE_PREFIX_PATH}:/home/coderey/ros2_ws/install/swisscat_robot:/home/coderey/ros2_ws/install/nav2_gps_waypoint_follower_demo:/home/coderey/ros2_ws/install/nav2_simple_commander:/home/coderey/ros2_ws/install/mob_rob_loca:/home/coderey/ros2_ws/install/bno055:/home/coderey/microros_ws/install/sensor_msgs_py:/opt/ros/galactic /usr/bin/cmake --build /home/coderey/ros2_ws/build/marvelmind_ros2_msgs -- -j8 -l8
[4.031s] [  1%] [32mBuilding C object CMakeFiles/marvelmind_ros2_msgs__rosidl_generator_c.dir/rosidl_generator_c/marvelmind_ros2_msgs/msg/detail/beacon_distance__functions.c.o[0m
[4.031s] [  1%] Built target marvelmind_ros2_msgs__cpp
[4.031s] [  2%] [32mBuilding C object CMakeFiles/marvelmind_ros2_msgs__rosidl_generator_c.dir/rosidl_generator_c/marvelmind_ros2_msgs/msg/detail/beacon_position_addressed__functions.c.o[0m
[4.031s] [  3%] [32mBuilding C object CMakeFiles/marvelmind_ros2_msgs__rosidl_generator_c.dir/rosidl_generator_c/marvelmind_ros2_msgs/msg/detail/hedge_imu_raw__functions.c.o[0m
[4.031s] [  3%] [32mBuilding C object CMakeFiles/marvelmind_ros2_msgs__rosidl_generator_c.dir/rosidl_generator_c/marvelmind_ros2_msgs/msg/detail/hedge_imu_fusion__functions.c.o[0m
[4.031s] [  4%] [32mBuilding C object CMakeFiles/marvelmind_ros2_msgs__rosidl_generator_c.dir/rosidl_generator_c/marvelmind_ros2_msgs/msg/detail/hedge_position_addressed__functions.c.o[0m
[4.031s] [  4%] [32mBuilding C object CMakeFiles/marvelmind_ros2_msgs__rosidl_generator_c.dir/rosidl_generator_c/marvelmind_ros2_msgs/msg/detail/hedge_position_angle__functions.c.o[0m
[4.031s] [  5%] [32mBuilding CXX object CMakeFiles/marvelmind_ros2_msgs__rosidl_typesupport_cpp.dir/rosidl_typesupport_cpp/marvelmind_ros2_msgs/msg/beacon_distance__type_support.cpp.o[0m
[4.031s] [  5%] [32mBuilding CXX object CMakeFiles/marvelmind_ros2_msgs__rosidl_typesupport_introspection_cpp.dir/rosidl_typesupport_introspection_cpp/marvelmind_ros2_msgs/msg/detail/beacon_distance__type_support.cpp.o[0m
[4.032s] [  6%] [32mBuilding CXX object CMakeFiles/marvelmind_ros2_msgs__rosidl_typesupport_introspection_cpp.dir/rosidl_typesupport_introspection_cpp/marvelmind_ros2_msgs/msg/detail/beacon_position_addressed__type_support.cpp.o[0m
[4.037s] [  7%] [32mBuilding C object CMakeFiles/marvelmind_ros2_msgs__rosidl_generator_c.dir/rosidl_generator_c/marvelmind_ros2_msgs/msg/detail/hedge_position__functions.c.o[0m
[4.056s] [  8%] [32mBuilding C object CMakeFiles/marvelmind_ros2_msgs__rosidl_generator_c.dir/rosidl_generator_c/marvelmind_ros2_msgs/msg/detail/hedge_quality__functions.c.o[0m
[4.093s] [  8%] [32mBuilding C object CMakeFiles/marvelmind_ros2_msgs__rosidl_generator_c.dir/rosidl_generator_c/marvelmind_ros2_msgs/msg/detail/hedge_telemetry__functions.c.o[0m
[4.145s] [  9%] [32mBuilding CXX object CMakeFiles/marvelmind_ros2_msgs__rosidl_typesupport_cpp.dir/rosidl_typesupport_cpp/marvelmind_ros2_msgs/msg/beacon_position_addressed__type_support.cpp.o[0m
[4.163s] [ 10%] [32mBuilding CXX object CMakeFiles/marvelmind_ros2_msgs__rosidl_typesupport_introspection_cpp.dir/rosidl_typesupport_introspection_cpp/marvelmind_ros2_msgs/msg/detail/hedge_imu_fusion__type_support.cpp.o[0m
[4.558s] [ 12%] [32mBuilding C object CMakeFiles/marvelmind_ros2_msgs__rosidl_generator_c.dir/rosidl_generator_c/marvelmind_ros2_msgs/msg/detail/marvelmind_user_data__functions.c.o[0m
[4.565s] [ 12%] [32mBuilding C object CMakeFiles/marvelmind_ros2_msgs__rosidl_generator_c.dir/rosidl_generator_c/marvelmind_ros2_msgs/msg/detail/marvelmind_waypoint__functions.c.o[0m
[4.680s] [ 12%] [32mBuilding CXX object CMakeFiles/marvelmind_ros2_msgs__rosidl_typesupport_fastrtps_cpp.dir/rosidl_typesupport_fastrtps_cpp/marvelmind_ros2_msgs/msg/detail/dds_fastrtps/beacon_distance__type_support.cpp.o[0m
[5.037s] [ 12%] [32mBuilding C object CMakeFiles/marvelmind_ros2_msgs__rosidl_generator_c.dir/rosidl_generator_c/marvelmind_ros2_msgs/srv/detail/marvelmind_api__functions.c.o[0m
[5.175s] [ 12%] [32mBuilding CXX object CMakeFiles/marvelmind_ros2_msgs__rosidl_typesupport_microxrcedds_cpp.dir/rosidl_typesupport_microxrcedds_cpp/marvelmind_ros2_msgs/msg/detail/microxrcedds/beacon_distance__type_support_cpp.cpp.o[0m
[5.248s] [ 13%] [32mBuilding CXX object CMakeFiles/marvelmind_ros2_msgs__rosidl_typesupport_fastrtps_cpp.dir/rosidl_typesupport_fastrtps_cpp/marvelmind_ros2_msgs/msg/detail/dds_fastrtps/beacon_position_addressed__type_support.cpp.o[0m
[5.404s] [ 14%] [32mBuilding CXX object CMakeFiles/marvelmind_ros2_msgs__rosidl_typesupport_microxrcedds_cpp.dir/rosidl_typesupport_microxrcedds_cpp/marvelmind_ros2_msgs/msg/detail/microxrcedds/beacon_position_addressed__type_support_cpp.cpp.o[0m
[5.461s] [ 14%] [32mBuilding CXX object CMakeFiles/marvelmind_ros2_msgs__rosidl_typesupport_introspection_cpp.dir/rosidl_typesupport_introspection_cpp/marvelmind_ros2_msgs/msg/detail/hedge_imu_raw__type_support.cpp.o[0m
[5.480s] [ 15%] [32m[1mLinking C shared library libmarvelmind_ros2_msgs__rosidl_generator_c.so[0m
[5.510s] [ 16%] [32mBuilding CXX object CMakeFiles/marvelmind_ros2_msgs__rosidl_typesupport_introspection_cpp.dir/rosidl_typesupport_introspection_cpp/marvelmind_ros2_msgs/msg/detail/hedge_position_addressed__type_support.cpp.o[0m
[5.592s] [ 16%] [32mBuilding CXX object CMakeFiles/marvelmind_ros2_msgs__rosidl_typesupport_cpp.dir/rosidl_typesupport_cpp/marvelmind_ros2_msgs/msg/hedge_imu_fusion__type_support.cpp.o[0m
[5.896s] [ 16%] Built target marvelmind_ros2_msgs__rosidl_generator_c
[6.116s] [ 16%] [32mBuilding CXX object CMakeFiles/marvelmind_ros2_msgs__rosidl_typesupport_c.dir/rosidl_typesupport_c/marvelmind_ros2_msgs/msg/beacon_distance__type_support.cpp.o[0m
[6.349s] [ 17%] [32mBuilding CXX object CMakeFiles/marvelmind_ros2_msgs__rosidl_typesupport_c.dir/rosidl_typesupport_c/marvelmind_ros2_msgs/msg/beacon_position_addressed__type_support.cpp.o[0m
[6.520s] [ 18%] [32mBuilding CXX object CMakeFiles/marvelmind_ros2_msgs__rosidl_typesupport_c.dir/rosidl_typesupport_c/marvelmind_ros2_msgs/msg/hedge_imu_fusion__type_support.cpp.o[0m
[6.760s] [ 18%] [32mBuilding CXX object CMakeFiles/marvelmind_ros2_msgs__rosidl_typesupport_c.dir/rosidl_typesupport_c/marvelmind_ros2_msgs/msg/hedge_imu_raw__type_support.cpp.o[0m
[6.908s] [ 19%] [32mBuilding CXX object CMakeFiles/marvelmind_ros2_msgs__rosidl_typesupport_introspection_cpp.dir/rosidl_typesupport_introspection_cpp/marvelmind_ros2_msgs/msg/detail/hedge_position_angle__type_support.cpp.o[0m
[6.940s] [ 20%] [32mBuilding CXX object CMakeFiles/marvelmind_ros2_msgs__rosidl_typesupport_c.dir/rosidl_typesupport_c/marvelmind_ros2_msgs/msg/hedge_position_addressed__type_support.cpp.o[0m
[6.977s] [ 21%] [32mBuilding CXX object CMakeFiles/marvelmind_ros2_msgs__rosidl_typesupport_microxrcedds_cpp.dir/rosidl_typesupport_microxrcedds_cpp/marvelmind_ros2_msgs/msg/detail/microxrcedds/hedge_imu_fusion__type_support_cpp.cpp.o[0m
[7.055s] [ 22%] [32mBuilding CXX object CMakeFiles/marvelmind_ros2_msgs__rosidl_typesupport_c.dir/rosidl_typesupport_c/marvelmind_ros2_msgs/msg/hedge_position_angle__type_support.cpp.o[0m
[7.082s] [ 22%] [32mBuilding CXX object CMakeFiles/marvelmind_ros2_msgs__rosidl_typesupport_introspection_cpp.dir/rosidl_typesupport_introspection_cpp/marvelmind_ros2_msgs/msg/detail/hedge_position__type_support.cpp.o[0m
[7.195s] [ 22%] [32mBuilding CXX object CMakeFiles/marvelmind_ros2_msgs__rosidl_typesupport_c.dir/rosidl_typesupport_c/marvelmind_ros2_msgs/msg/hedge_position__type_support.cpp.o[0m
[7.299s] [ 23%] [32mBuilding CXX object CMakeFiles/marvelmind_ros2_msgs__rosidl_typesupport_cpp.dir/rosidl_typesupport_cpp/marvelmind_ros2_msgs/msg/hedge_imu_raw__type_support.cpp.o[0m
[7.299s] [ 24%] [32mBuilding CXX object CMakeFiles/marvelmind_ros2_msgs__rosidl_typesupport_introspection_cpp.dir/rosidl_typesupport_introspection_cpp/marvelmind_ros2_msgs/msg/detail/hedge_quality__type_support.cpp.o[0m
[7.424s] [ 25%] [32mBuilding CXX object CMakeFiles/marvelmind_ros2_msgs__rosidl_typesupport_c.dir/rosidl_typesupport_c/marvelmind_ros2_msgs/msg/hedge_quality__type_support.cpp.o[0m
[7.571s] [ 26%] [32mBuilding CXX object CMakeFiles/marvelmind_ros2_msgs__rosidl_typesupport_fastrtps_cpp.dir/rosidl_typesupport_fastrtps_cpp/marvelmind_ros2_msgs/msg/detail/dds_fastrtps/hedge_imu_fusion__type_support.cpp.o[0m
[7.600s] [ 26%] [32mBuilding CXX object CMakeFiles/marvelmind_ros2_msgs__rosidl_typesupport_microxrcedds_cpp.dir/rosidl_typesupport_microxrcedds_cpp/marvelmind_ros2_msgs/msg/detail/microxrcedds/hedge_imu_raw__type_support_cpp.cpp.o[0m
[7.653s] [ 27%] [32mBuilding CXX object CMakeFiles/marvelmind_ros2_msgs__rosidl_typesupport_c.dir/rosidl_typesupport_c/marvelmind_ros2_msgs/msg/hedge_telemetry__type_support.cpp.o[0m
[7.937s] [ 27%] [32mBuilding CXX object CMakeFiles/marvelmind_ros2_msgs__rosidl_typesupport_c.dir/rosidl_typesupport_c/marvelmind_ros2_msgs/msg/marvelmind_waypoint__type_support.cpp.o[0m
[8.165s] [ 28%] [32mBuilding CXX object CMakeFiles/marvelmind_ros2_msgs__rosidl_typesupport_cpp.dir/rosidl_typesupport_cpp/marvelmind_ros2_msgs/msg/hedge_position_addressed__type_support.cpp.o[0m
[8.280s] [ 29%] [32mBuilding CXX object CMakeFiles/marvelmind_ros2_msgs__rosidl_typesupport_c.dir/rosidl_typesupport_c/marvelmind_ros2_msgs/msg/marvelmind_user_data__type_support.cpp.o[0m
[8.307s] [ 30%] [32mBuilding CXX object CMakeFiles/marvelmind_ros2_msgs__rosidl_typesupport_introspection_cpp.dir/rosidl_typesupport_introspection_cpp/marvelmind_ros2_msgs/msg/detail/hedge_telemetry__type_support.cpp.o[0m
[8.456s] [ 31%] [32mBuilding CXX object CMakeFiles/marvelmind_ros2_msgs__rosidl_typesupport_c.dir/rosidl_typesupport_c/marvelmind_ros2_msgs/srv/marvelmind_api__type_support.cpp.o[0m
[8.631s] [ 31%] [32mBuilding CXX object CMakeFiles/marvelmind_ros2_msgs__rosidl_typesupport_introspection_cpp.dir/rosidl_typesupport_introspection_cpp/marvelmind_ros2_msgs/msg/detail/marvelmind_waypoint__type_support.cpp.o[0m
[8.680s] [ 32%] [32mBuilding CXX object CMakeFiles/marvelmind_ros2_msgs__rosidl_typesupport_microxrcedds_cpp.dir/rosidl_typesupport_microxrcedds_cpp/marvelmind_ros2_msgs/msg/detail/microxrcedds/hedge_position_addressed__type_support_cpp.cpp.o[0m
[8.694s] [ 32%] [32m[1mLinking CXX shared library libmarvelmind_ros2_msgs__rosidl_typesupport_c.so[0m
[8.760s] [ 33%] [32mBuilding CXX object CMakeFiles/marvelmind_ros2_msgs__rosidl_typesupport_introspection_cpp.dir/rosidl_typesupport_introspection_cpp/marvelmind_ros2_msgs/msg/detail/marvelmind_user_data__type_support.cpp.o[0m
[8.967s] [ 34%] Built target marvelmind_ros2_msgs__rosidl_typesupport_c
[9.085s] [ 35%] [32mBuilding CXX object CMakeFiles/marvelmind_ros2_msgs__rosidl_typesupport_introspection_cpp.dir/rosidl_typesupport_introspection_cpp/marvelmind_ros2_msgs/srv/detail/marvelmind_api__type_support.cpp.o[0m
[9.099s] [ 35%] [32mBuilding CXX object CMakeFiles/marvelmind_ros2_msgs__rosidl_typesupport_cpp.dir/rosidl_typesupport_cpp/marvelmind_ros2_msgs/msg/hedge_position_angle__type_support.cpp.o[0m
[9.144s] [ 35%] [32mBuilding CXX object CMakeFiles/marvelmind_ros2_msgs__rosidl_typesupport_fastrtps_cpp.dir/rosidl_typesupport_fastrtps_cpp/marvelmind_ros2_msgs/msg/detail/dds_fastrtps/hedge_imu_raw__type_support.cpp.o[0m
[9.236s] [ 36%] [32mBuilding CXX object CMakeFiles/marvelmind_ros2_msgs__rosidl_typesupport_cpp.dir/rosidl_typesupport_cpp/marvelmind_ros2_msgs/msg/hedge_position__type_support.cpp.o[0m
[9.688s] [ 37%] [32mBuilding CXX object CMakeFiles/marvelmind_ros2_msgs__rosidl_typesupport_microxrcedds_cpp.dir/rosidl_typesupport_microxrcedds_cpp/marvelmind_ros2_msgs/msg/detail/microxrcedds/hedge_position_angle__type_support_cpp.cpp.o[0m
[10.053s] [ 37%] [32mBuilding CXX object CMakeFiles/marvelmind_ros2_msgs__rosidl_typesupport_microxrcedds_cpp.dir/rosidl_typesupport_microxrcedds_cpp/marvelmind_ros2_msgs/msg/detail/microxrcedds/hedge_position__type_support_cpp.cpp.o[0m
[10.135s] [ 38%] [32mBuilding CXX object CMakeFiles/marvelmind_ros2_msgs__rosidl_typesupport_microxrcedds_cpp.dir/rosidl_typesupport_microxrcedds_cpp/marvelmind_ros2_msgs/msg/detail/microxrcedds/hedge_quality__type_support_cpp.cpp.o[0m
[10.274s] [ 39%] [32mBuilding CXX object CMakeFiles/marvelmind_ros2_msgs__rosidl_typesupport_microxrcedds_cpp.dir/rosidl_typesupport_microxrcedds_cpp/marvelmind_ros2_msgs/msg/detail/microxrcedds/hedge_telemetry__type_support_cpp.cpp.o[0m
[10.818s] [ 40%] [32mBuilding CXX object CMakeFiles/marvelmind_ros2_msgs__rosidl_typesupport_cpp.dir/rosidl_typesupport_cpp/marvelmind_ros2_msgs/msg/hedge_quality__type_support.cpp.o[0m
[10.877s] [ 40%] [32mBuilding CXX object CMakeFiles/marvelmind_ros2_msgs__rosidl_typesupport_microxrcedds_cpp.dir/rosidl_typesupport_microxrcedds_cpp/marvelmind_ros2_msgs/msg/detail/microxrcedds/marvelmind_waypoint__type_support_cpp.cpp.o[0m
[11.164s] [ 41%] [32mBuilding CXX object CMakeFiles/marvelmind_ros2_msgs__rosidl_typesupport_fastrtps_cpp.dir/rosidl_typesupport_fastrtps_cpp/marvelmind_ros2_msgs/msg/detail/dds_fastrtps/hedge_position_addressed__type_support.cpp.o[0m
[11.237s] [ 42%] [32mBuilding CXX object CMakeFiles/marvelmind_ros2_msgs__rosidl_typesupport_fastrtps_cpp.dir/rosidl_typesupport_fastrtps_cpp/marvelmind_ros2_msgs/msg/detail/dds_fastrtps/hedge_position_angle__type_support.cpp.o[0m
[11.530s] [ 42%] [32m[1mLinking CXX shared library libmarvelmind_ros2_msgs__rosidl_typesupport_introspection_cpp.so[0m
[11.734s] [ 43%] [32mBuilding CXX object CMakeFiles/marvelmind_ros2_msgs__rosidl_typesupport_microxrcedds_cpp.dir/rosidl_typesupport_microxrcedds_cpp/marvelmind_ros2_msgs/msg/detail/microxrcedds/marvelmind_user_data__type_support_cpp.cpp.o[0m
[12.001s] [ 44%] [32mBuilding CXX object CMakeFiles/marvelmind_ros2_msgs__rosidl_typesupport_microxrcedds_cpp.dir/rosidl_typesupport_microxrcedds_cpp/marvelmind_ros2_msgs/srv/detail/microxrcedds/marvelmind_api__type_support_cpp.cpp.o[0m
[12.016s] [ 45%] Built target marvelmind_ros2_msgs__rosidl_typesupport_introspection_cpp
[12.087s] [ 46%] [32mBuilding C object CMakeFiles/marvelmind_ros2_msgs__rosidl_typesupport_microxrcedds_c.dir/rosidl_typesupport_microxrcedds_c/marvelmind_ros2_msgs/msg/detail/microxrcedds/beacon_distance__type_support_c.c.o[0m
[12.218s] [ 46%] [32mBuilding CXX object CMakeFiles/marvelmind_ros2_msgs__rosidl_typesupport_cpp.dir/rosidl_typesupport_cpp/marvelmind_ros2_msgs/msg/hedge_telemetry__type_support.cpp.o[0m
[12.257s] [ 47%] [32mBuilding C object CMakeFiles/marvelmind_ros2_msgs__rosidl_typesupport_introspection_c.dir/rosidl_typesupport_introspection_c/marvelmind_ros2_msgs/msg/detail/beacon_distance__type_support.c.o[0m
[12.308s] [ 47%] [32mBuilding C object CMakeFiles/marvelmind_ros2_msgs__rosidl_typesupport_introspection_c.dir/rosidl_typesupport_introspection_c/marvelmind_ros2_msgs/msg/detail/beacon_position_addressed__type_support.c.o[0m
[12.496s] [ 48%] [32mBuilding CXX object CMakeFiles/marvelmind_ros2_msgs__rosidl_typesupport_cpp.dir/rosidl_typesupport_cpp/marvelmind_ros2_msgs/msg/marvelmind_waypoint__type_support.cpp.o[0m
[12.576s] [ 48%] [32mBuilding C object CMakeFiles/marvelmind_ros2_msgs__rosidl_typesupport_microxrcedds_c.dir/rosidl_typesupport_microxrcedds_c/marvelmind_ros2_msgs/msg/detail/microxrcedds/beacon_position_addressed__type_support_c.c.o[0m
[12.605s] [ 49%] [32mBuilding C object CMakeFiles/marvelmind_ros2_msgs__rosidl_typesupport_introspection_c.dir/rosidl_typesupport_introspection_c/marvelmind_ros2_msgs/msg/detail/hedge_imu_fusion__type_support.c.o[0m
[12.849s] [ 50%] [32mBuilding C object CMakeFiles/marvelmind_ros2_msgs__rosidl_typesupport_introspection_c.dir/rosidl_typesupport_introspection_c/marvelmind_ros2_msgs/msg/detail/hedge_imu_raw__type_support.c.o[0m
[12.981s] [ 51%] [32mBuilding C object CMakeFiles/marvelmind_ros2_msgs__rosidl_typesupport_microxrcedds_c.dir/rosidl_typesupport_microxrcedds_c/marvelmind_ros2_msgs/msg/detail/microxrcedds/hedge_imu_fusion__type_support_c.c.o[0m
[13.092s] [ 51%] [32mBuilding C object CMakeFiles/marvelmind_ros2_msgs__rosidl_typesupport_introspection_c.dir/rosidl_typesupport_introspection_c/marvelmind_ros2_msgs/msg/detail/hedge_position_addressed__type_support.c.o[0m
[13.381s] [ 52%] [32mBuilding C object CMakeFiles/marvelmind_ros2_msgs__rosidl_typesupport_microxrcedds_c.dir/rosidl_typesupport_microxrcedds_c/marvelmind_ros2_msgs/msg/detail/microxrcedds/hedge_imu_raw__type_support_c.c.o[0m
[13.409s] [ 53%] [32mBuilding C object CMakeFiles/marvelmind_ros2_msgs__rosidl_typesupport_introspection_c.dir/rosidl_typesupport_introspection_c/marvelmind_ros2_msgs/msg/detail/hedge_position_angle__type_support.c.o[0m
[13.565s] [ 54%] [32mBuilding C object CMakeFiles/marvelmind_ros2_msgs__rosidl_typesupport_introspection_c.dir/rosidl_typesupport_introspection_c/marvelmind_ros2_msgs/msg/detail/hedge_position__type_support.c.o[0m
[13.653s] [ 55%] [32mBuilding CXX object CMakeFiles/marvelmind_ros2_msgs__rosidl_typesupport_cpp.dir/rosidl_typesupport_cpp/marvelmind_ros2_msgs/msg/marvelmind_user_data__type_support.cpp.o[0m
[13.840s] [ 55%] [32mBuilding C object CMakeFiles/marvelmind_ros2_msgs__rosidl_typesupport_introspection_c.dir/rosidl_typesupport_introspection_c/marvelmind_ros2_msgs/msg/detail/hedge_quality__type_support.c.o[0m
[13.896s] [ 55%] [32mBuilding C object CMakeFiles/marvelmind_ros2_msgs__rosidl_typesupport_microxrcedds_c.dir/rosidl_typesupport_microxrcedds_c/marvelmind_ros2_msgs/msg/detail/microxrcedds/hedge_position_addressed__type_support_c.c.o[0m
[13.897s] [ 55%] [32mBuilding CXX object CMakeFiles/marvelmind_ros2_msgs__rosidl_typesupport_fastrtps_cpp.dir/rosidl_typesupport_fastrtps_cpp/marvelmind_ros2_msgs/msg/detail/dds_fastrtps/hedge_position__type_support.cpp.o[0m
[13.899s] [ 55%] [32mBuilding CXX object CMakeFiles/marvelmind_ros2_msgs__rosidl_typesupport_cpp.dir/rosidl_typesupport_cpp/marvelmind_ros2_msgs/srv/marvelmind_api__type_support.cpp.o[0m
[14.051s] [ 56%] [32mBuilding C object CMakeFiles/marvelmind_ros2_msgs__rosidl_typesupport_introspection_c.dir/rosidl_typesupport_introspection_c/marvelmind_ros2_msgs/msg/detail/hedge_telemetry__type_support.c.o[0m
[14.085s] [ 57%] [32m[1mLinking CXX shared library libmarvelmind_ros2_msgs__rosidl_typesupport_microxrcedds_cpp.so[0m
[14.240s] [ 58%] [32mBuilding C object CMakeFiles/marvelmind_ros2_msgs__rosidl_typesupport_microxrcedds_c.dir/rosidl_typesupport_microxrcedds_c/marvelmind_ros2_msgs/msg/detail/microxrcedds/hedge_position_angle__type_support_c.c.o[0m
[14.465s] [ 59%] [32mBuilding CXX object CMakeFiles/marvelmind_ros2_msgs__rosidl_typesupport_fastrtps_cpp.dir/rosidl_typesupport_fastrtps_cpp/marvelmind_ros2_msgs/msg/detail/dds_fastrtps/hedge_quality__type_support.cpp.o[0m
[14.492s] [ 60%] [32mBuilding C object CMakeFiles/marvelmind_ros2_msgs__rosidl_typesupport_introspection_c.dir/rosidl_typesupport_introspection_c/marvelmind_ros2_msgs/msg/detail/marvelmind_waypoint__type_support.c.o[0m
[14.672s] [ 60%] [32mBuilding C object CMakeFiles/marvelmind_ros2_msgs__rosidl_typesupport_introspection_c.dir/rosidl_typesupport_introspection_c/marvelmind_ros2_msgs/msg/detail/marvelmind_user_data__type_support.c.o[0m
[14.724s] [ 61%] [32mBuilding C object CMakeFiles/marvelmind_ros2_msgs__rosidl_typesupport_introspection_c.dir/rosidl_typesupport_introspection_c/marvelmind_ros2_msgs/srv/detail/marvelmind_api__type_support.c.o[0m
[14.770s] [ 62%] [32mBuilding CXX object CMakeFiles/marvelmind_ros2_msgs__rosidl_typesupport_fastrtps_cpp.dir/rosidl_typesupport_fastrtps_cpp/marvelmind_ros2_msgs/msg/detail/dds_fastrtps/hedge_telemetry__type_support.cpp.o[0m
[14.860s] [ 63%] Built target marvelmind_ros2_msgs__rosidl_typesupport_microxrcedds_cpp
[14.879s] [ 64%] [32mBuilding C object CMakeFiles/marvelmind_ros2_msgs__rosidl_typesupport_microxrcedds_c.dir/rosidl_typesupport_microxrcedds_c/marvelmind_ros2_msgs/msg/detail/microxrcedds/hedge_position__type_support_c.c.o[0m
[14.944s] [ 64%] [32mBuilding C object CMakeFiles/marvelmind_ros2_msgs__rosidl_typesupport_microxrcedds_c.dir/rosidl_typesupport_microxrcedds_c/marvelmind_ros2_msgs/msg/detail/microxrcedds/hedge_quality__type_support_c.c.o[0m
[14.997s] [ 65%] [32mBuilding C object CMakeFiles/marvelmind_ros2_msgs__rosidl_typesupport_microxrcedds_c.dir/rosidl_typesupport_microxrcedds_c/marvelmind_ros2_msgs/msg/detail/microxrcedds/hedge_telemetry__type_support_c.c.o[0m
[15.074s] [ 66%] [32m[1mLinking C shared library libmarvelmind_ros2_msgs__rosidl_typesupport_introspection_c.so[0m
[15.290s] [ 67%] [32mBuilding C object CMakeFiles/marvelmind_ros2_msgs__rosidl_typesupport_microxrcedds_c.dir/rosidl_typesupport_microxrcedds_c/marvelmind_ros2_msgs/msg/detail/microxrcedds/marvelmind_waypoint__type_support_c.c.o[0m
[15.389s] [ 67%] [32mBuilding C object CMakeFiles/marvelmind_ros2_msgs__rosidl_typesupport_microxrcedds_c.dir/rosidl_typesupport_microxrcedds_c/marvelmind_ros2_msgs/msg/detail/microxrcedds/marvelmind_user_data__type_support_c.c.o[0m
[15.430s] [ 68%] Built target marvelmind_ros2_msgs__rosidl_typesupport_introspection_c
[15.476s] [ 69%] [32mBuilding C object CMakeFiles/marvelmind_ros2_msgs__rosidl_typesupport_microxrcedds_c.dir/rosidl_typesupport_microxrcedds_c/marvelmind_ros2_msgs/srv/detail/microxrcedds/marvelmind_api__type_support_c.c.o[0m
[15.512s] [ 69%] [32mBuilding CXX object CMakeFiles/marvelmind_ros2_msgs__rosidl_typesupport_fastrtps_cpp.dir/rosidl_typesupport_fastrtps_cpp/marvelmind_ros2_msgs/msg/detail/dds_fastrtps/marvelmind_waypoint__type_support.cpp.o[0m
[15.762s] [ 70%] [32mBuilding CXX object CMakeFiles/marvelmind_ros2_msgs__rosidl_typesupport_fastrtps_cpp.dir/rosidl_typesupport_fastrtps_cpp/marvelmind_ros2_msgs/msg/detail/dds_fastrtps/marvelmind_user_data__type_support.cpp.o[0m
[15.763s] [ 71%] [32mBuilding CXX object CMakeFiles/marvelmind_ros2_msgs__rosidl_typesupport_fastrtps_cpp.dir/rosidl_typesupport_fastrtps_cpp/marvelmind_ros2_msgs/srv/detail/dds_fastrtps/marvelmind_api__type_support.cpp.o[0m
[15.872s] [ 72%] [32m[1mLinking CXX shared library libmarvelmind_ros2_msgs__rosidl_typesupport_cpp.so[0m
[15.960s] [ 73%] [32m[1mLinking C shared library libmarvelmind_ros2_msgs__rosidl_typesupport_microxrcedds_c.so[0m
[16.164s] [ 73%] Built target marvelmind_ros2_msgs__rosidl_typesupport_cpp
[16.288s] [ 74%] Built target marvelmind_ros2_msgs__rosidl_typesupport_microxrcedds_c
[18.094s] [ 74%] [32m[1mLinking CXX shared library libmarvelmind_ros2_msgs__rosidl_typesupport_fastrtps_cpp.so[0m
[18.465s] [ 75%] Built target marvelmind_ros2_msgs__rosidl_typesupport_fastrtps_cpp
[18.689s] [ 75%] [32mBuilding CXX object CMakeFiles/marvelmind_ros2_msgs__rosidl_typesupport_fastrtps_c.dir/rosidl_typesupport_fastrtps_c/marvelmind_ros2_msgs/msg/detail/beacon_distance__type_support_c.cpp.o[0m
[18.691s] [ 76%] [32mBuilding CXX object CMakeFiles/marvelmind_ros2_msgs__rosidl_typesupport_fastrtps_c.dir/rosidl_typesupport_fastrtps_c/marvelmind_ros2_msgs/msg/detail/beacon_position_addressed__type_support_c.cpp.o[0m
[18.832s] [ 77%] [32mBuilding CXX object CMakeFiles/marvelmind_ros2_msgs__rosidl_typesupport_fastrtps_c.dir/rosidl_typesupport_fastrtps_c/marvelmind_ros2_msgs/msg/detail/hedge_quality__type_support_c.cpp.o[0m
[19.875s] [ 77%] [32mBuilding CXX object CMakeFiles/marvelmind_ros2_msgs__rosidl_typesupport_fastrtps_c.dir/rosidl_typesupport_fastrtps_c/marvelmind_ros2_msgs/msg/detail/hedge_position__type_support_c.cpp.o[0m
[20.005s] [ 78%] [32mBuilding CXX object CMakeFiles/marvelmind_ros2_msgs__rosidl_typesupport_fastrtps_c.dir/rosidl_typesupport_fastrtps_c/marvelmind_ros2_msgs/msg/detail/hedge_telemetry__type_support_c.cpp.o[0m
[20.378s] [ 78%] [32mBuilding CXX object CMakeFiles/marvelmind_ros2_msgs__rosidl_typesupport_fastrtps_c.dir/rosidl_typesupport_fastrtps_c/marvelmind_ros2_msgs/msg/detail/marvelmind_waypoint__type_support_c.cpp.o[0m
[22.112s] [ 79%] [32mBuilding CXX object CMakeFiles/marvelmind_ros2_msgs__rosidl_typesupport_fastrtps_c.dir/rosidl_typesupport_fastrtps_c/marvelmind_ros2_msgs/srv/detail/marvelmind_api__type_support_c.cpp.o[0m
[23.338s] [ 80%] [32mBuilding CXX object CMakeFiles/marvelmind_ros2_msgs__rosidl_typesupport_fastrtps_c.dir/rosidl_typesupport_fastrtps_c/marvelmind_ros2_msgs/msg/detail/marvelmind_user_data__type_support_c.cpp.o[0m
[23.996s] [ 81%] [32mBuilding CXX object CMakeFiles/marvelmind_ros2_msgs__rosidl_typesupport_fastrtps_c.dir/rosidl_typesupport_fastrtps_c/marvelmind_ros2_msgs/msg/detail/hedge_position_angle__type_support_c.cpp.o[0m
[24.789s] [ 82%] [32mBuilding CXX object CMakeFiles/marvelmind_ros2_msgs__rosidl_typesupport_fastrtps_c.dir/rosidl_typesupport_fastrtps_c/marvelmind_ros2_msgs/msg/detail/hedge_position_addressed__type_support_c.cpp.o[0m
[25.465s] [ 82%] [32mBuilding CXX object CMakeFiles/marvelmind_ros2_msgs__rosidl_typesupport_fastrtps_c.dir/rosidl_typesupport_fastrtps_c/marvelmind_ros2_msgs/msg/detail/hedge_imu_raw__type_support_c.cpp.o[0m
[26.153s] [ 83%] [32mBuilding CXX object CMakeFiles/marvelmind_ros2_msgs__rosidl_typesupport_fastrtps_c.dir/rosidl_typesupport_fastrtps_c/marvelmind_ros2_msgs/msg/detail/hedge_imu_fusion__type_support_c.cpp.o[0m
[26.841s] [ 83%] [32m[1mLinking CXX shared library libmarvelmind_ros2_msgs__rosidl_typesupport_fastrtps_c.so[0m
[27.020s] [ 84%] Built target marvelmind_ros2_msgs__rosidl_typesupport_fastrtps_c
[27.075s] [ 84%] Built target marvelmind_ros2_msgs
[27.139s] [ 85%] Built target marvelmind_ros2_msgs__py
[27.226s] [ 86%] [32mBuilding C object CMakeFiles/marvelmind_ros2_msgs__python.dir/rosidl_generator_py/marvelmind_ros2_msgs/msg/_beacon_distance_s.c.o[0m
[27.453s] [ 86%] [32mBuilding C object CMakeFiles/marvelmind_ros2_msgs__python.dir/rosidl_generator_py/marvelmind_ros2_msgs/msg/_hedge_quality_s.c.o[0m
[27.650s] [ 87%] [32mBuilding C object CMakeFiles/marvelmind_ros2_msgs__python.dir/rosidl_generator_py/marvelmind_ros2_msgs/msg/_hedge_telemetry_s.c.o[0m
[27.838s] [ 88%] [32mBuilding C object CMakeFiles/marvelmind_ros2_msgs__python.dir/rosidl_generator_py/marvelmind_ros2_msgs/msg/_marvelmind_waypoint_s.c.o[0m
[28.022s] [ 88%] [32mBuilding C object CMakeFiles/marvelmind_ros2_msgs__python.dir/rosidl_generator_py/marvelmind_ros2_msgs/msg/_marvelmind_user_data_s.c.o[0m
[28.212s] [ 89%] [32mBuilding C object CMakeFiles/marvelmind_ros2_msgs__python.dir/rosidl_generator_py/marvelmind_ros2_msgs/srv/_marvelmind_api_s.c.o[0m
[28.542s] [ 90%] [32mBuilding C object CMakeFiles/marvelmind_ros2_msgs__python.dir/rosidl_generator_py/marvelmind_ros2_msgs/msg/_hedge_position_s.c.o[0m
[28.731s] [ 91%] [32mBuilding C object CMakeFiles/marvelmind_ros2_msgs__python.dir/rosidl_generator_py/marvelmind_ros2_msgs/msg/_hedge_position_angle_s.c.o[0m
[28.932s] [ 91%] [32mBuilding C object CMakeFiles/marvelmind_ros2_msgs__python.dir/rosidl_generator_py/marvelmind_ros2_msgs/msg/_hedge_position_addressed_s.c.o[0m
[29.131s] [ 92%] [32mBuilding C object CMakeFiles/marvelmind_ros2_msgs__python.dir/rosidl_generator_py/marvelmind_ros2_msgs/msg/_hedge_imu_raw_s.c.o[0m
[29.358s] [ 93%] [32mBuilding C object CMakeFiles/marvelmind_ros2_msgs__python.dir/rosidl_generator_py/marvelmind_ros2_msgs/msg/_hedge_imu_fusion_s.c.o[0m
[29.591s] [ 93%] [32mBuilding C object CMakeFiles/marvelmind_ros2_msgs__python.dir/rosidl_generator_py/marvelmind_ros2_msgs/msg/_beacon_position_addressed_s.c.o[0m
[29.791s] [ 94%] [32m[1mLinking C shared library rosidl_generator_py/marvelmind_ros2_msgs/libmarvelmind_ros2_msgs__python.so[0m
[29.872s] [ 94%] Built target marvelmind_ros2_msgs__python
[29.908s] [ 95%] [32mBuilding C object CMakeFiles/marvelmind_ros2_msgs__rosidl_typesupport_fastrtps_c__pyext.dir/rosidl_generator_py/marvelmind_ros2_msgs/_marvelmind_ros2_msgs_s.ep.rosidl_typesupport_fastrtps_c.c.o[0m
[30.207s] [ 96%] [32m[1mLinking CXX shared library rosidl_generator_py/marvelmind_ros2_msgs/marvelmind_ros2_msgs_s__rosidl_typesupport_fastrtps_c.cpython-38-x86_64-linux-gnu.so[0m
[30.288s] [ 96%] Built target marvelmind_ros2_msgs__rosidl_typesupport_fastrtps_c__pyext
[30.328s] [ 96%] [32mBuilding C object CMakeFiles/marvelmind_ros2_msgs__rosidl_typesupport_introspection_c__pyext.dir/rosidl_generator_py/marvelmind_ros2_msgs/_marvelmind_ros2_msgs_s.ep.rosidl_typesupport_introspection_c.c.o[0m
[30.682s] [ 97%] [32m[1mLinking C shared library rosidl_generator_py/marvelmind_ros2_msgs/marvelmind_ros2_msgs_s__rosidl_typesupport_introspection_c.cpython-38-x86_64-linux-gnu.so[0m
[30.733s] [ 97%] Built target marvelmind_ros2_msgs__rosidl_typesupport_introspection_c__pyext
[30.786s] [ 98%] [32mBuilding C object CMakeFiles/marvelmind_ros2_msgs__rosidl_typesupport_c__pyext.dir/rosidl_generator_py/marvelmind_ros2_msgs/_marvelmind_ros2_msgs_s.ep.rosidl_typesupport_c.c.o[0m
[31.157s] [ 99%] [32m[1mLinking C shared library rosidl_generator_py/marvelmind_ros2_msgs/marvelmind_ros2_msgs_s__rosidl_typesupport_c.cpython-38-x86_64-linux-gnu.so[0m
[31.220s] [ 99%] Built target marvelmind_ros2_msgs__rosidl_typesupport_c__pyext
[31.263s] [ 99%] [32mBuilding C object CMakeFiles/marvelmind_ros2_msgs__rosidl_typesupport_microxrcedds_c__pyext.dir/rosidl_generator_py/marvelmind_ros2_msgs/_marvelmind_ros2_msgs_s.ep.rosidl_typesupport_microxrcedds_c.c.o[0m
[31.594s] [100%] [32m[1mLinking C shared library rosidl_generator_py/marvelmind_ros2_msgs/marvelmind_ros2_msgs_s__rosidl_typesupport_microxrcedds_c.cpython-38-x86_64-linux-gnu.so[0m
[31.660s] [100%] Built target marvelmind_ros2_msgs__rosidl_typesupport_microxrcedds_c__pyext
[31.676s] Invoked command in '/home/coderey/ros2_ws/build/marvelmind_ros2_msgs' returned '0': CMAKE_PREFIX_PATH=${CMAKE_PREFIX_PATH}:/home/coderey/ros2_ws/install/swisscat_robot:/home/coderey/ros2_ws/install/nav2_gps_waypoint_follower_demo:/home/coderey/ros2_ws/install/nav2_simple_commander:/home/coderey/ros2_ws/install/mob_rob_loca:/home/coderey/ros2_ws/install/bno055:/home/coderey/microros_ws/install/sensor_msgs_py:/opt/ros/galactic /usr/bin/cmake --build /home/coderey/ros2_ws/build/marvelmind_ros2_msgs -- -j8 -l8
[32.382s] Invoking command in '/home/coderey/ros2_ws/build/marvelmind_ros2_msgs': CMAKE_PREFIX_PATH=${CMAKE_PREFIX_PATH}:/home/coderey/ros2_ws/install/swisscat_robot:/home/coderey/ros2_ws/install/nav2_gps_waypoint_follower_demo:/home/coderey/ros2_ws/install/nav2_simple_commander:/home/coderey/ros2_ws/install/mob_rob_loca:/home/coderey/ros2_ws/install/bno055:/home/coderey/microros_ws/install/sensor_msgs_py:/opt/ros/galactic /usr/bin/cmake --install /home/coderey/ros2_ws/build/marvelmind_ros2_msgs
[32.394s] -- Install configuration: "RelWithDebInfo"
[32.395s] -- Execute custom install script
[32.395s] -- Symlinking: /home/coderey/ros2_ws/install/marvelmind_ros2_msgs/share/ament_index/resource_index/rosidl_interfaces/marvelmind_ros2_msgs
[32.407s] -- Symlinking: /home/coderey/ros2_ws/install/marvelmind_ros2_msgs/include/marvelmind_ros2_msgs/msg/beacon_distance.h
[32.418s] -- Symlinking: /home/coderey/ros2_ws/install/marvelmind_ros2_msgs/include/marvelmind_ros2_msgs/msg/beacon_position_addressed.h
[32.429s] -- Symlinking: /home/coderey/ros2_ws/install/marvelmind_ros2_msgs/include/marvelmind_ros2_msgs/msg/detail/beacon_distance__functions.h
[32.441s] -- Symlinking: /home/coderey/ros2_ws/install/marvelmind_ros2_msgs/include/marvelmind_ros2_msgs/msg/detail/beacon_distance__struct.h
[32.452s] -- Symlinking: /home/coderey/ros2_ws/install/marvelmind_ros2_msgs/include/marvelmind_ros2_msgs/msg/detail/beacon_distance__type_support.h
[32.463s] -- Symlinking: /home/coderey/ros2_ws/install/marvelmind_ros2_msgs/include/marvelmind_ros2_msgs/msg/detail/beacon_position_addressed__functions.h
[32.474s] -- Symlinking: /home/coderey/ros2_ws/install/marvelmind_ros2_msgs/include/marvelmind_ros2_msgs/msg/detail/beacon_position_addressed__struct.h
[32.487s] -- Symlinking: /home/coderey/ros2_ws/install/marvelmind_ros2_msgs/include/marvelmind_ros2_msgs/msg/detail/beacon_position_addressed__type_support.h
[32.497s] -- Symlinking: /home/coderey/ros2_ws/install/marvelmind_ros2_msgs/include/marvelmind_ros2_msgs/msg/detail/hedge_imu_fusion__functions.h
[32.514s] -- Symlinking: /home/coderey/ros2_ws/install/marvelmind_ros2_msgs/include/marvelmind_ros2_msgs/msg/detail/hedge_imu_fusion__struct.h
[32.525s] -- Symlinking: /home/coderey/ros2_ws/install/marvelmind_ros2_msgs/include/marvelmind_ros2_msgs/msg/detail/hedge_imu_fusion__type_support.h
[32.537s] -- Symlinking: /home/coderey/ros2_ws/install/marvelmind_ros2_msgs/include/marvelmind_ros2_msgs/msg/detail/hedge_imu_raw__functions.h
[32.548s] -- Symlinking: /home/coderey/ros2_ws/install/marvelmind_ros2_msgs/include/marvelmind_ros2_msgs/msg/detail/hedge_imu_raw__struct.h
[32.560s] -- Symlinking: /home/coderey/ros2_ws/install/marvelmind_ros2_msgs/include/marvelmind_ros2_msgs/msg/detail/hedge_imu_raw__type_support.h
[32.572s] -- Symlinking: /home/coderey/ros2_ws/install/marvelmind_ros2_msgs/include/marvelmind_ros2_msgs/msg/detail/hedge_position__functions.h
[32.583s] -- Symlinking: /home/coderey/ros2_ws/install/marvelmind_ros2_msgs/include/marvelmind_ros2_msgs/msg/detail/hedge_position__struct.h
[32.594s] -- Symlinking: /home/coderey/ros2_ws/install/marvelmind_ros2_msgs/include/marvelmind_ros2_msgs/msg/detail/hedge_position__type_support.h
[32.605s] -- Symlinking: /home/coderey/ros2_ws/install/marvelmind_ros2_msgs/include/marvelmind_ros2_msgs/msg/detail/hedge_position_addressed__functions.h
[32.616s] -- Symlinking: /home/coderey/ros2_ws/install/marvelmind_ros2_msgs/include/marvelmind_ros2_msgs/msg/detail/hedge_position_addressed__struct.h
[32.628s] -- Symlinking: /home/coderey/ros2_ws/install/marvelmind_ros2_msgs/include/marvelmind_ros2_msgs/msg/detail/hedge_position_addressed__type_support.h
[32.640s] -- Symlinking: /home/coderey/ros2_ws/install/marvelmind_ros2_msgs/include/marvelmind_ros2_msgs/msg/detail/hedge_position_angle__functions.h
[32.652s] -- Symlinking: /home/coderey/ros2_ws/install/marvelmind_ros2_msgs/include/marvelmind_ros2_msgs/msg/detail/hedge_position_angle__struct.h
[32.663s] -- Symlinking: /home/coderey/ros2_ws/install/marvelmind_ros2_msgs/include/marvelmind_ros2_msgs/msg/detail/hedge_position_angle__type_support.h
[32.674s] -- Symlinking: /home/coderey/ros2_ws/install/marvelmind_ros2_msgs/include/marvelmind_ros2_msgs/msg/detail/hedge_quality__functions.h
[32.685s] -- Symlinking: /home/coderey/ros2_ws/install/marvelmind_ros2_msgs/include/marvelmind_ros2_msgs/msg/detail/hedge_quality__struct.h
[32.696s] -- Symlinking: /home/coderey/ros2_ws/install/marvelmind_ros2_msgs/include/marvelmind_ros2_msgs/msg/detail/hedge_quality__type_support.h
[32.708s] -- Symlinking: /home/coderey/ros2_ws/install/marvelmind_ros2_msgs/include/marvelmind_ros2_msgs/msg/detail/hedge_telemetry__functions.h
[32.719s] -- Symlinking: /home/coderey/ros2_ws/install/marvelmind_ros2_msgs/include/marvelmind_ros2_msgs/msg/detail/hedge_telemetry__struct.h
[32.730s] -- Symlinking: /home/coderey/ros2_ws/install/marvelmind_ros2_msgs/include/marvelmind_ros2_msgs/msg/detail/hedge_telemetry__type_support.h
[32.747s] -- Symlinking: /home/coderey/ros2_ws/install/marvelmind_ros2_msgs/include/marvelmind_ros2_msgs/msg/detail/marvelmind_user_data__functions.h
[32.761s] -- Symlinking: /home/coderey/ros2_ws/install/marvelmind_ros2_msgs/include/marvelmind_ros2_msgs/msg/detail/marvelmind_user_data__struct.h
[32.773s] -- Symlinking: /home/coderey/ros2_ws/install/marvelmind_ros2_msgs/include/marvelmind_ros2_msgs/msg/detail/marvelmind_user_data__type_support.h
[32.785s] -- Symlinking: /home/coderey/ros2_ws/install/marvelmind_ros2_msgs/include/marvelmind_ros2_msgs/msg/detail/marvelmind_waypoint__functions.h
[32.797s] -- Symlinking: /home/coderey/ros2_ws/install/marvelmind_ros2_msgs/include/marvelmind_ros2_msgs/msg/detail/marvelmind_waypoint__struct.h
[32.810s] -- Symlinking: /home/coderey/ros2_ws/install/marvelmind_ros2_msgs/include/marvelmind_ros2_msgs/msg/detail/marvelmind_waypoint__type_support.h
[32.822s] -- Symlinking: /home/coderey/ros2_ws/install/marvelmind_ros2_msgs/include/marvelmind_ros2_msgs/msg/hedge_imu_fusion.h
[32.834s] -- Symlinking: /home/coderey/ros2_ws/install/marvelmind_ros2_msgs/include/marvelmind_ros2_msgs/msg/hedge_imu_raw.h
[32.846s] -- Symlinking: /home/coderey/ros2_ws/install/marvelmind_ros2_msgs/include/marvelmind_ros2_msgs/msg/hedge_position.h
[32.857s] -- Symlinking: /home/coderey/ros2_ws/install/marvelmind_ros2_msgs/include/marvelmind_ros2_msgs/msg/hedge_position_addressed.h
[32.869s] -- Symlinking: /home/coderey/ros2_ws/install/marvelmind_ros2_msgs/include/marvelmind_ros2_msgs/msg/hedge_position_angle.h
[32.880s] -- Symlinking: /home/coderey/ros2_ws/install/marvelmind_ros2_msgs/include/marvelmind_ros2_msgs/msg/hedge_quality.h
[32.892s] -- Symlinking: /home/coderey/ros2_ws/install/marvelmind_ros2_msgs/include/marvelmind_ros2_msgs/msg/hedge_telemetry.h
[32.904s] -- Symlinking: /home/coderey/ros2_ws/install/marvelmind_ros2_msgs/include/marvelmind_ros2_msgs/msg/marvelmind_user_data.h
[32.916s] -- Symlinking: /home/coderey/ros2_ws/install/marvelmind_ros2_msgs/include/marvelmind_ros2_msgs/msg/marvelmind_waypoint.h
[32.928s] -- Symlinking: /home/coderey/ros2_ws/install/marvelmind_ros2_msgs/include/marvelmind_ros2_msgs/msg/rosidl_generator_c__visibility_control.h
[32.940s] -- Symlinking: /home/coderey/ros2_ws/install/marvelmind_ros2_msgs/include/marvelmind_ros2_msgs/srv/detail/marvelmind_api__functions.h
[32.958s] -- Symlinking: /home/coderey/ros2_ws/install/marvelmind_ros2_msgs/include/marvelmind_ros2_msgs/srv/detail/marvelmind_api__struct.h
[32.969s] -- Symlinking: /home/coderey/ros2_ws/install/marvelmind_ros2_msgs/include/marvelmind_ros2_msgs/srv/detail/marvelmind_api__type_support.h
[32.981s] -- Symlinking: /home/coderey/ros2_ws/install/marvelmind_ros2_msgs/include/marvelmind_ros2_msgs/srv/marvelmind_api.h
[32.994s] -- Symlinking: /home/coderey/ros2_ws/install/marvelmind_ros2_msgs/share/marvelmind_ros2_msgs/environment/library_path.sh
[33.005s] -- Symlinking: /home/coderey/ros2_ws/install/marvelmind_ros2_msgs/share/marvelmind_ros2_msgs/environment/library_path.dsv
[33.019s] -- Symlinking: /home/coderey/ros2_ws/install/marvelmind_ros2_msgs/include/marvelmind_ros2_msgs/msg/detail/beacon_distance__rosidl_typesupport_microxrcedds_c.h
[33.030s] -- Symlinking: /home/coderey/ros2_ws/install/marvelmind_ros2_msgs/include/marvelmind_ros2_msgs/msg/detail/beacon_position_addressed__rosidl_typesupport_microxrcedds_c.h
[33.044s] -- Symlinking: /home/coderey/ros2_ws/install/marvelmind_ros2_msgs/include/marvelmind_ros2_msgs/msg/detail/hedge_imu_fusion__rosidl_typesupport_microxrcedds_c.h
[33.055s] -- Symlinking: /home/coderey/ros2_ws/install/marvelmind_ros2_msgs/include/marvelmind_ros2_msgs/msg/detail/hedge_imu_raw__rosidl_typesupport_microxrcedds_c.h
[33.071s] -- Symlinking: /home/coderey/ros2_ws/install/marvelmind_ros2_msgs/include/marvelmind_ros2_msgs/msg/detail/hedge_position__rosidl_typesupport_microxrcedds_c.h
[33.087s] -- Symlinking: /home/coderey/ros2_ws/install/marvelmind_ros2_msgs/include/marvelmind_ros2_msgs/msg/detail/hedge_position_addressed__rosidl_typesupport_microxrcedds_c.h
[33.104s] -- Symlinking: /home/coderey/ros2_ws/install/marvelmind_ros2_msgs/include/marvelmind_ros2_msgs/msg/detail/hedge_position_angle__rosidl_typesupport_microxrcedds_c.h
[33.116s] -- Symlinking: /home/coderey/ros2_ws/install/marvelmind_ros2_msgs/include/marvelmind_ros2_msgs/msg/detail/hedge_quality__rosidl_typesupport_microxrcedds_c.h
[33.128s] -- Symlinking: /home/coderey/ros2_ws/install/marvelmind_ros2_msgs/include/marvelmind_ros2_msgs/msg/detail/hedge_telemetry__rosidl_typesupport_microxrcedds_c.h
[33.139s] -- Symlinking: /home/coderey/ros2_ws/install/marvelmind_ros2_msgs/include/marvelmind_ros2_msgs/msg/detail/marvelmind_user_data__rosidl_typesupport_microxrcedds_c.h
[33.152s] -- Symlinking: /home/coderey/ros2_ws/install/marvelmind_ros2_msgs/include/marvelmind_ros2_msgs/msg/detail/marvelmind_waypoint__rosidl_typesupport_microxrcedds_c.h
[33.163s] -- Symlinking: /home/coderey/ros2_ws/install/marvelmind_ros2_msgs/include/marvelmind_ros2_msgs/msg/rosidl_typesupport_microxrcedds_c__visibility_control.h
[33.174s] -- Symlinking: /home/coderey/ros2_ws/install/marvelmind_ros2_msgs/include/marvelmind_ros2_msgs/srv/detail/marvelmind_api__rosidl_typesupport_microxrcedds_c.h
[33.190s] -- Symlinking: /home/coderey/ros2_ws/install/marvelmind_ros2_msgs/lib/libmarvelmind_ros2_msgs__rosidl_typesupport_microxrcedds_c.so
[33.203s] -- Symlinking: /home/coderey/ros2_ws/install/marvelmind_ros2_msgs/include/marvelmind_ros2_msgs/msg/detail/beacon_distance__rosidl_typesupport_fastrtps_c.h
[33.221s] -- Symlinking: /home/coderey/ros2_ws/install/marvelmind_ros2_msgs/include/marvelmind_ros2_msgs/msg/detail/beacon_position_addressed__rosidl_typesupport_fastrtps_c.h
[33.232s] -- Symlinking: /home/coderey/ros2_ws/install/marvelmind_ros2_msgs/include/marvelmind_ros2_msgs/msg/detail/hedge_imu_fusion__rosidl_typesupport_fastrtps_c.h
[33.249s] -- Symlinking: /home/coderey/ros2_ws/install/marvelmind_ros2_msgs/include/marvelmind_ros2_msgs/msg/detail/hedge_imu_raw__rosidl_typesupport_fastrtps_c.h
[33.260s] -- Symlinking: /home/coderey/ros2_ws/install/marvelmind_ros2_msgs/include/marvelmind_ros2_msgs/msg/detail/hedge_position__rosidl_typesupport_fastrtps_c.h
[33.271s] -- Symlinking: /home/coderey/ros2_ws/install/marvelmind_ros2_msgs/include/marvelmind_ros2_msgs/msg/detail/hedge_position_addressed__rosidl_typesupport_fastrtps_c.h
[33.281s] -- Symlinking: /home/coderey/ros2_ws/install/marvelmind_ros2_msgs/include/marvelmind_ros2_msgs/msg/detail/hedge_position_angle__rosidl_typesupport_fastrtps_c.h
[33.297s] -- Symlinking: /home/coderey/ros2_ws/install/marvelmind_ros2_msgs/include/marvelmind_ros2_msgs/msg/detail/hedge_quality__rosidl_typesupport_fastrtps_c.h
[33.308s] -- Symlinking: /home/coderey/ros2_ws/install/marvelmind_ros2_msgs/include/marvelmind_ros2_msgs/msg/detail/hedge_telemetry__rosidl_typesupport_fastrtps_c.h
[33.319s] -- Symlinking: /home/coderey/ros2_ws/install/marvelmind_ros2_msgs/include/marvelmind_ros2_msgs/msg/detail/marvelmind_user_data__rosidl_typesupport_fastrtps_c.h
[33.329s] -- Symlinking: /home/coderey/ros2_ws/install/marvelmind_ros2_msgs/include/marvelmind_ros2_msgs/msg/detail/marvelmind_waypoint__rosidl_typesupport_fastrtps_c.h
[33.345s] -- Symlinking: /home/coderey/ros2_ws/install/marvelmind_ros2_msgs/include/marvelmind_ros2_msgs/msg/rosidl_typesupport_fastrtps_c__visibility_control.h
[33.362s] -- Symlinking: /home/coderey/ros2_ws/install/marvelmind_ros2_msgs/include/marvelmind_ros2_msgs/srv/detail/marvelmind_api__rosidl_typesupport_fastrtps_c.h
[33.373s] -- Symlinking: /home/coderey/ros2_ws/install/marvelmind_ros2_msgs/lib/libmarvelmind_ros2_msgs__rosidl_typesupport_fastrtps_c.so
[33.384s] -- Symlinking: /home/coderey/ros2_ws/install/marvelmind_ros2_msgs/include/marvelmind_ros2_msgs/msg/detail/beacon_distance__rosidl_typesupport_fastrtps_cpp.hpp
[33.395s] -- Symlinking: /home/coderey/ros2_ws/install/marvelmind_ros2_msgs/include/marvelmind_ros2_msgs/msg/detail/beacon_position_addressed__rosidl_typesupport_fastrtps_cpp.hpp
[33.406s] -- Symlinking: /home/coderey/ros2_ws/install/marvelmind_ros2_msgs/include/marvelmind_ros2_msgs/msg/detail/hedge_imu_fusion__rosidl_typesupport_fastrtps_cpp.hpp
[33.418s] -- Symlinking: /home/coderey/ros2_ws/install/marvelmind_ros2_msgs/include/marvelmind_ros2_msgs/msg/detail/hedge_imu_raw__rosidl_typesupport_fastrtps_cpp.hpp
[33.429s] -- Symlinking: /home/coderey/ros2_ws/install/marvelmind_ros2_msgs/include/marvelmind_ros2_msgs/msg/detail/hedge_position__rosidl_typesupport_fastrtps_cpp.hpp
[33.442s] -- Symlinking: /home/coderey/ros2_ws/install/marvelmind_ros2_msgs/include/marvelmind_ros2_msgs/msg/detail/hedge_position_addressed__rosidl_typesupport_fastrtps_cpp.hpp
[33.454s] -- Symlinking: /home/coderey/ros2_ws/install/marvelmind_ros2_msgs/include/marvelmind_ros2_msgs/msg/detail/hedge_position_angle__rosidl_typesupport_fastrtps_cpp.hpp
[33.466s] -- Symlinking: /home/coderey/ros2_ws/install/marvelmind_ros2_msgs/include/marvelmind_ros2_msgs/msg/detail/hedge_quality__rosidl_typesupport_fastrtps_cpp.hpp
[33.478s] -- Symlinking: /home/coderey/ros2_ws/install/marvelmind_ros2_msgs/include/marvelmind_ros2_msgs/msg/detail/hedge_telemetry__rosidl_typesupport_fastrtps_cpp.hpp
[33.489s] -- Symlinking: /home/coderey/ros2_ws/install/marvelmind_ros2_msgs/include/marvelmind_ros2_msgs/msg/detail/marvelmind_user_data__rosidl_typesupport_fastrtps_cpp.hpp
[33.501s] -- Symlinking: /home/coderey/ros2_ws/install/marvelmind_ros2_msgs/include/marvelmind_ros2_msgs/msg/detail/marvelmind_waypoint__rosidl_typesupport_fastrtps_cpp.hpp
[33.513s] -- Symlinking: /home/coderey/ros2_ws/install/marvelmind_ros2_msgs/include/marvelmind_ros2_msgs/msg/rosidl_typesupport_fastrtps_cpp__visibility_control.h
[33.524s] -- Symlinking: /home/coderey/ros2_ws/install/marvelmind_ros2_msgs/include/marvelmind_ros2_msgs/srv/detail/marvelmind_api__rosidl_typesupport_fastrtps_cpp.hpp
[33.535s] -- Symlinking: /home/coderey/ros2_ws/install/marvelmind_ros2_msgs/lib/libmarvelmind_ros2_msgs__rosidl_typesupport_fastrtps_cpp.so
[33.547s] -- Symlinking: /home/coderey/ros2_ws/install/marvelmind_ros2_msgs/include/marvelmind_ros2_msgs/msg/detail/beacon_distance__rosidl_typesupport_introspection_c.h
[33.559s] -- Symlinking: /home/coderey/ros2_ws/install/marvelmind_ros2_msgs/include/marvelmind_ros2_msgs/msg/detail/beacon_position_addressed__rosidl_typesupport_introspection_c.h
[33.571s] -- Symlinking: /home/coderey/ros2_ws/install/marvelmind_ros2_msgs/include/marvelmind_ros2_msgs/msg/detail/hedge_imu_fusion__rosidl_typesupport_introspection_c.h
[33.583s] -- Symlinking: /home/coderey/ros2_ws/install/marvelmind_ros2_msgs/include/marvelmind_ros2_msgs/msg/detail/hedge_imu_raw__rosidl_typesupport_introspection_c.h
[33.594s] -- Symlinking: /home/coderey/ros2_ws/install/marvelmind_ros2_msgs/include/marvelmind_ros2_msgs/msg/detail/hedge_position__rosidl_typesupport_introspection_c.h
[33.605s] -- Symlinking: /home/coderey/ros2_ws/install/marvelmind_ros2_msgs/include/marvelmind_ros2_msgs/msg/detail/hedge_position_addressed__rosidl_typesupport_introspection_c.h
[33.617s] -- Symlinking: /home/coderey/ros2_ws/install/marvelmind_ros2_msgs/include/marvelmind_ros2_msgs/msg/detail/hedge_position_angle__rosidl_typesupport_introspection_c.h
[33.633s] -- Symlinking: /home/coderey/ros2_ws/install/marvelmind_ros2_msgs/include/marvelmind_ros2_msgs/msg/detail/hedge_quality__rosidl_typesupport_introspection_c.h
[33.649s] -- Symlinking: /home/coderey/ros2_ws/install/marvelmind_ros2_msgs/include/marvelmind_ros2_msgs/msg/detail/hedge_telemetry__rosidl_typesupport_introspection_c.h
[33.665s] -- Symlinking: /home/coderey/ros2_ws/install/marvelmind_ros2_msgs/include/marvelmind_ros2_msgs/msg/detail/marvelmind_user_data__rosidl_typesupport_introspection_c.h
[33.676s] -- Symlinking: /home/coderey/ros2_ws/install/marvelmind_ros2_msgs/include/marvelmind_ros2_msgs/msg/detail/marvelmind_waypoint__rosidl_typesupport_introspection_c.h
[33.687s] -- Symlinking: /home/coderey/ros2_ws/install/marvelmind_ros2_msgs/include/marvelmind_ros2_msgs/msg/rosidl_typesupport_introspection_c__visibility_control.h
[33.698s] -- Symlinking: /home/coderey/ros2_ws/install/marvelmind_ros2_msgs/include/marvelmind_ros2_msgs/srv/detail/marvelmind_api__rosidl_typesupport_introspection_c.h
[33.711s] -- Symlinking: /home/coderey/ros2_ws/install/marvelmind_ros2_msgs/include/marvelmind_ros2_msgs/msg/beacon_distance.hpp
[33.722s] -- Symlinking: /home/coderey/ros2_ws/install/marvelmind_ros2_msgs/include/marvelmind_ros2_msgs/msg/beacon_position_addressed.hpp
[33.734s] -- Symlinking: /home/coderey/ros2_ws/install/marvelmind_ros2_msgs/include/marvelmind_ros2_msgs/msg/detail/beacon_distance__builder.hpp
[33.744s] -- Symlinking: /home/coderey/ros2_ws/install/marvelmind_ros2_msgs/include/marvelmind_ros2_msgs/msg/detail/beacon_distance__struct.hpp
[33.760s] -- Symlinking: /home/coderey/ros2_ws/install/marvelmind_ros2_msgs/include/marvelmind_ros2_msgs/msg/detail/beacon_distance__traits.hpp
[33.771s] -- Symlinking: /home/coderey/ros2_ws/install/marvelmind_ros2_msgs/include/marvelmind_ros2_msgs/msg/detail/beacon_position_addressed__builder.hpp
[33.781s] -- Symlinking: /home/coderey/ros2_ws/install/marvelmind_ros2_msgs/include/marvelmind_ros2_msgs/msg/detail/beacon_position_addressed__struct.hpp
[33.792s] -- Symlinking: /home/coderey/ros2_ws/install/marvelmind_ros2_msgs/include/marvelmind_ros2_msgs/msg/detail/beacon_position_addressed__traits.hpp
[33.807s] -- Symlinking: /home/coderey/ros2_ws/install/marvelmind_ros2_msgs/include/marvelmind_ros2_msgs/msg/detail/hedge_imu_fusion__builder.hpp
[33.818s] -- Symlinking: /home/coderey/ros2_ws/install/marvelmind_ros2_msgs/include/marvelmind_ros2_msgs/msg/detail/hedge_imu_fusion__struct.hpp
[33.829s] -- Symlinking: /home/coderey/ros2_ws/install/marvelmind_ros2_msgs/include/marvelmind_ros2_msgs/msg/detail/hedge_imu_fusion__traits.hpp
[33.840s] -- Symlinking: /home/coderey/ros2_ws/install/marvelmind_ros2_msgs/include/marvelmind_ros2_msgs/msg/detail/hedge_imu_raw__builder.hpp
[33.851s] -- Symlinking: /home/coderey/ros2_ws/install/marvelmind_ros2_msgs/include/marvelmind_ros2_msgs/msg/detail/hedge_imu_raw__struct.hpp
[33.861s] -- Symlinking: /home/coderey/ros2_ws/install/marvelmind_ros2_msgs/include/marvelmind_ros2_msgs/msg/detail/hedge_imu_raw__traits.hpp
[33.872s] -- Symlinking: /home/coderey/ros2_ws/install/marvelmind_ros2_msgs/include/marvelmind_ros2_msgs/msg/detail/hedge_position__builder.hpp
[33.884s] -- Symlinking: /home/coderey/ros2_ws/install/marvelmind_ros2_msgs/include/marvelmind_ros2_msgs/msg/detail/hedge_position__struct.hpp
[33.896s] -- Symlinking: /home/coderey/ros2_ws/install/marvelmind_ros2_msgs/include/marvelmind_ros2_msgs/msg/detail/hedge_position__traits.hpp
[33.911s] -- Symlinking: /home/coderey/ros2_ws/install/marvelmind_ros2_msgs/include/marvelmind_ros2_msgs/msg/detail/hedge_position_addressed__builder.hpp
[33.922s] -- Symlinking: /home/coderey/ros2_ws/install/marvelmind_ros2_msgs/include/marvelmind_ros2_msgs/msg/detail/hedge_position_addressed__struct.hpp
[33.933s] -- Symlinking: /home/coderey/ros2_ws/install/marvelmind_ros2_msgs/include/marvelmind_ros2_msgs/msg/detail/hedge_position_addressed__traits.hpp
[33.944s] -- Symlinking: /home/coderey/ros2_ws/install/marvelmind_ros2_msgs/include/marvelmind_ros2_msgs/msg/detail/hedge_position_angle__builder.hpp
[33.956s] -- Symlinking: /home/coderey/ros2_ws/install/marvelmind_ros2_msgs/include/marvelmind_ros2_msgs/msg/detail/hedge_position_angle__struct.hpp
[33.967s] -- Symlinking: /home/coderey/ros2_ws/install/marvelmind_ros2_msgs/include/marvelmind_ros2_msgs/msg/detail/hedge_position_angle__traits.hpp
[33.979s] -- Symlinking: /home/coderey/ros2_ws/install/marvelmind_ros2_msgs/include/marvelmind_ros2_msgs/msg/detail/hedge_quality__builder.hpp
[33.990s] -- Symlinking: /home/coderey/ros2_ws/install/marvelmind_ros2_msgs/include/marvelmind_ros2_msgs/msg/detail/hedge_quality__struct.hpp
[34.001s] -- Symlinking: /home/coderey/ros2_ws/install/marvelmind_ros2_msgs/include/marvelmind_ros2_msgs/msg/detail/hedge_quality__traits.hpp
[34.011s] -- Symlinking: /home/coderey/ros2_ws/install/marvelmind_ros2_msgs/include/marvelmind_ros2_msgs/msg/detail/hedge_telemetry__builder.hpp
[34.022s] -- Symlinking: /home/coderey/ros2_ws/install/marvelmind_ros2_msgs/include/marvelmind_ros2_msgs/msg/detail/hedge_telemetry__struct.hpp
[34.033s] -- Symlinking: /home/coderey/ros2_ws/install/marvelmind_ros2_msgs/include/marvelmind_ros2_msgs/msg/detail/hedge_telemetry__traits.hpp
[34.044s] -- Symlinking: /home/coderey/ros2_ws/install/marvelmind_ros2_msgs/include/marvelmind_ros2_msgs/msg/detail/marvelmind_user_data__builder.hpp
[34.055s] -- Symlinking: /home/coderey/ros2_ws/install/marvelmind_ros2_msgs/include/marvelmind_ros2_msgs/msg/detail/marvelmind_user_data__struct.hpp
[34.066s] -- Symlinking: /home/coderey/ros2_ws/install/marvelmind_ros2_msgs/include/marvelmind_ros2_msgs/msg/detail/marvelmind_user_data__traits.hpp
[34.078s] -- Symlinking: /home/coderey/ros2_ws/install/marvelmind_ros2_msgs/include/marvelmind_ros2_msgs/msg/detail/marvelmind_waypoint__builder.hpp
[34.090s] -- Symlinking: /home/coderey/ros2_ws/install/marvelmind_ros2_msgs/include/marvelmind_ros2_msgs/msg/detail/marvelmind_waypoint__struct.hpp
[34.100s] -- Symlinking: /home/coderey/ros2_ws/install/marvelmind_ros2_msgs/include/marvelmind_ros2_msgs/msg/detail/marvelmind_waypoint__traits.hpp
[34.111s] -- Symlinking: /home/coderey/ros2_ws/install/marvelmind_ros2_msgs/include/marvelmind_ros2_msgs/msg/hedge_imu_fusion.hpp
[34.123s] -- Symlinking: /home/coderey/ros2_ws/install/marvelmind_ros2_msgs/include/marvelmind_ros2_msgs/msg/hedge_imu_raw.hpp
[34.139s] -- Symlinking: /home/coderey/ros2_ws/install/marvelmind_ros2_msgs/include/marvelmind_ros2_msgs/msg/hedge_position.hpp
[34.150s] -- Symlinking: /home/coderey/ros2_ws/install/marvelmind_ros2_msgs/include/marvelmind_ros2_msgs/msg/hedge_position_addressed.hpp
[34.161s] -- Symlinking: /home/coderey/ros2_ws/install/marvelmind_ros2_msgs/include/marvelmind_ros2_msgs/msg/hedge_position_angle.hpp
[34.172s] -- Symlinking: /home/coderey/ros2_ws/install/marvelmind_ros2_msgs/include/marvelmind_ros2_msgs/msg/hedge_quality.hpp
[34.183s] -- Symlinking: /home/coderey/ros2_ws/install/marvelmind_ros2_msgs/include/marvelmind_ros2_msgs/msg/hedge_telemetry.hpp
[34.194s] -- Symlinking: /home/coderey/ros2_ws/install/marvelmind_ros2_msgs/include/marvelmind_ros2_msgs/msg/marvelmind_user_data.hpp
[34.206s] -- Symlinking: /home/coderey/ros2_ws/install/marvelmind_ros2_msgs/include/marvelmind_ros2_msgs/msg/marvelmind_waypoint.hpp
[34.217s] -- Symlinking: /home/coderey/ros2_ws/install/marvelmind_ros2_msgs/include/marvelmind_ros2_msgs/srv/detail/marvelmind_api__builder.hpp
[34.233s] -- Symlinking: /home/coderey/ros2_ws/install/marvelmind_ros2_msgs/include/marvelmind_ros2_msgs/srv/detail/marvelmind_api__struct.hpp
[34.244s] -- Symlinking: /home/coderey/ros2_ws/install/marvelmind_ros2_msgs/include/marvelmind_ros2_msgs/srv/detail/marvelmind_api__traits.hpp
[34.262s] -- Symlinking: /home/coderey/ros2_ws/install/marvelmind_ros2_msgs/include/marvelmind_ros2_msgs/srv/marvelmind_api.hpp
[34.274s] -- Symlinking: /home/coderey/ros2_ws/install/marvelmind_ros2_msgs/include/marvelmind_ros2_msgs/msg/detail/beacon_distance__rosidl_typesupport_microxrcedds_cpp.hpp
[34.290s] -- Symlinking: /home/coderey/ros2_ws/install/marvelmind_ros2_msgs/include/marvelmind_ros2_msgs/msg/detail/beacon_position_addressed__rosidl_typesupport_microxrcedds_cpp.hpp
[34.306s] -- Symlinking: /home/coderey/ros2_ws/install/marvelmind_ros2_msgs/include/marvelmind_ros2_msgs/msg/detail/hedge_imu_fusion__rosidl_typesupport_microxrcedds_cpp.hpp
[34.322s] -- Symlinking: /home/coderey/ros2_ws/install/marvelmind_ros2_msgs/include/marvelmind_ros2_msgs/msg/detail/hedge_imu_raw__rosidl_typesupport_microxrcedds_cpp.hpp
[34.333s] -- Symlinking: /home/coderey/ros2_ws/install/marvelmind_ros2_msgs/include/marvelmind_ros2_msgs/msg/detail/hedge_position__rosidl_typesupport_microxrcedds_cpp.hpp
[34.345s] -- Symlinking: /home/coderey/ros2_ws/install/marvelmind_ros2_msgs/include/marvelmind_ros2_msgs/msg/detail/hedge_position_addressed__rosidl_typesupport_microxrcedds_cpp.hpp
[34.355s] -- Symlinking: /home/coderey/ros2_ws/install/marvelmind_ros2_msgs/include/marvelmind_ros2_msgs/msg/detail/hedge_position_angle__rosidl_typesupport_microxrcedds_cpp.hpp
[34.365s] -- Symlinking: /home/coderey/ros2_ws/install/marvelmind_ros2_msgs/include/marvelmind_ros2_msgs/msg/detail/hedge_quality__rosidl_typesupport_microxrcedds_cpp.hpp
[34.377s] -- Symlinking: /home/coderey/ros2_ws/install/marvelmind_ros2_msgs/include/marvelmind_ros2_msgs/msg/detail/hedge_telemetry__rosidl_typesupport_microxrcedds_cpp.hpp
[34.388s] -- Symlinking: /home/coderey/ros2_ws/install/marvelmind_ros2_msgs/include/marvelmind_ros2_msgs/msg/detail/marvelmind_user_data__rosidl_typesupport_microxrcedds_cpp.hpp
[34.398s] -- Symlinking: /home/coderey/ros2_ws/install/marvelmind_ros2_msgs/include/marvelmind_ros2_msgs/msg/detail/marvelmind_waypoint__rosidl_typesupport_microxrcedds_cpp.hpp
[34.409s] -- Symlinking: /home/coderey/ros2_ws/install/marvelmind_ros2_msgs/include/marvelmind_ros2_msgs/msg/detail/microxrcedds/beacon_distance__type_support_cpp.cpp
[34.419s] -- Symlinking: /home/coderey/ros2_ws/install/marvelmind_ros2_msgs/include/marvelmind_ros2_msgs/msg/detail/microxrcedds/beacon_position_addressed__type_support_cpp.cpp
[34.430s] -- Symlinking: /home/coderey/ros2_ws/install/marvelmind_ros2_msgs/include/marvelmind_ros2_msgs/msg/detail/microxrcedds/hedge_imu_fusion__type_support_cpp.cpp
[34.442s] -- Symlinking: /home/coderey/ros2_ws/install/marvelmind_ros2_msgs/include/marvelmind_ros2_msgs/msg/detail/microxrcedds/hedge_imu_raw__type_support_cpp.cpp
[34.453s] -- Symlinking: /home/coderey/ros2_ws/install/marvelmind_ros2_msgs/include/marvelmind_ros2_msgs/msg/detail/microxrcedds/hedge_position__type_support_cpp.cpp
[34.465s] -- Symlinking: /home/coderey/ros2_ws/install/marvelmind_ros2_msgs/include/marvelmind_ros2_msgs/msg/detail/microxrcedds/hedge_position_addressed__type_support_cpp.cpp
[34.482s] -- Symlinking: /home/coderey/ros2_ws/install/marvelmind_ros2_msgs/include/marvelmind_ros2_msgs/msg/detail/microxrcedds/hedge_position_angle__type_support_cpp.cpp
[34.493s] -- Symlinking: /home/coderey/ros2_ws/install/marvelmind_ros2_msgs/include/marvelmind_ros2_msgs/msg/detail/microxrcedds/hedge_quality__type_support_cpp.cpp
[34.504s] -- Symlinking: /home/coderey/ros2_ws/install/marvelmind_ros2_msgs/include/marvelmind_ros2_msgs/msg/detail/microxrcedds/hedge_telemetry__type_support_cpp.cpp
[34.515s] -- Symlinking: /home/coderey/ros2_ws/install/marvelmind_ros2_msgs/include/marvelmind_ros2_msgs/msg/detail/microxrcedds/marvelmind_user_data__type_support_cpp.cpp
[34.525s] -- Symlinking: /home/coderey/ros2_ws/install/marvelmind_ros2_msgs/include/marvelmind_ros2_msgs/msg/detail/microxrcedds/marvelmind_waypoint__type_support_cpp.cpp
[34.537s] -- Symlinking: /home/coderey/ros2_ws/install/marvelmind_ros2_msgs/include/marvelmind_ros2_msgs/msg/rosidl_typesupport_microxrcedds_cpp__visibility_control.h
[34.549s] -- Symlinking: /home/coderey/ros2_ws/install/marvelmind_ros2_msgs/include/marvelmind_ros2_msgs/srv/detail/marvelmind_api__rosidl_typesupport_microxrcedds_cpp.hpp
[34.560s] -- Symlinking: /home/coderey/ros2_ws/install/marvelmind_ros2_msgs/include/marvelmind_ros2_msgs/srv/detail/microxrcedds/marvelmind_api__type_support_cpp.cpp
[34.572s] -- Symlinking: /home/coderey/ros2_ws/install/marvelmind_ros2_msgs/lib/libmarvelmind_ros2_msgs__rosidl_typesupport_microxrcedds_cpp.so
[34.583s] -- Symlinking: /home/coderey/ros2_ws/install/marvelmind_ros2_msgs/include/marvelmind_ros2_msgs/msg/detail/beacon_distance__rosidl_typesupport_introspection_cpp.hpp
[34.599s] -- Symlinking: /home/coderey/ros2_ws/install/marvelmind_ros2_msgs/include/marvelmind_ros2_msgs/msg/detail/beacon_position_addressed__rosidl_typesupport_introspection_cpp.hpp
[34.611s] -- Symlinking: /home/coderey/ros2_ws/install/marvelmind_ros2_msgs/include/marvelmind_ros2_msgs/msg/detail/hedge_imu_fusion__rosidl_typesupport_introspection_cpp.hpp
[34.622s] -- Symlinking: /home/coderey/ros2_ws/install/marvelmind_ros2_msgs/include/marvelmind_ros2_msgs/msg/detail/hedge_imu_raw__rosidl_typesupport_introspection_cpp.hpp
[34.634s] -- Symlinking: /home/coderey/ros2_ws/install/marvelmind_ros2_msgs/include/marvelmind_ros2_msgs/msg/detail/hedge_position__rosidl_typesupport_introspection_cpp.hpp
[34.646s] -- Symlinking: /home/coderey/ros2_ws/install/marvelmind_ros2_msgs/include/marvelmind_ros2_msgs/msg/detail/hedge_position_addressed__rosidl_typesupport_introspection_cpp.hpp
[34.659s] -- Symlinking: /home/coderey/ros2_ws/install/marvelmind_ros2_msgs/include/marvelmind_ros2_msgs/msg/detail/hedge_position_angle__rosidl_typesupport_introspection_cpp.hpp
[34.673s] -- Symlinking: /home/coderey/ros2_ws/install/marvelmind_ros2_msgs/include/marvelmind_ros2_msgs/msg/detail/hedge_quality__rosidl_typesupport_introspection_cpp.hpp
[34.684s] -- Symlinking: /home/coderey/ros2_ws/install/marvelmind_ros2_msgs/include/marvelmind_ros2_msgs/msg/detail/hedge_telemetry__rosidl_typesupport_introspection_cpp.hpp
[34.696s] -- Symlinking: /home/coderey/ros2_ws/install/marvelmind_ros2_msgs/include/marvelmind_ros2_msgs/msg/detail/marvelmind_user_data__rosidl_typesupport_introspection_cpp.hpp
[34.707s] -- Symlinking: /home/coderey/ros2_ws/install/marvelmind_ros2_msgs/include/marvelmind_ros2_msgs/msg/detail/marvelmind_waypoint__rosidl_typesupport_introspection_cpp.hpp
[34.718s] -- Symlinking: /home/coderey/ros2_ws/install/marvelmind_ros2_msgs/include/marvelmind_ros2_msgs/srv/detail/marvelmind_api__rosidl_typesupport_introspection_cpp.hpp
[34.729s] -- Symlinking: /home/coderey/ros2_ws/install/marvelmind_ros2_msgs/share/marvelmind_ros2_msgs/environment/pythonpath.sh
[34.746s] -- Symlinking: /home/coderey/ros2_ws/install/marvelmind_ros2_msgs/share/marvelmind_ros2_msgs/environment/pythonpath.dsv
[34.757s] -- Symlinking: /home/coderey/ros2_ws/install/marvelmind_ros2_msgs/lib/python3.8/site-packages/marvelmind_ros2_msgs/__init__.py
[34.769s] -- Symlinking: /home/coderey/ros2_ws/install/marvelmind_ros2_msgs/lib/python3.8/site-packages/marvelmind_ros2_msgs/msg/__init__.py
[34.780s] -- Symlinking: /home/coderey/ros2_ws/install/marvelmind_ros2_msgs/lib/python3.8/site-packages/marvelmind_ros2_msgs/msg/_beacon_distance.py
[34.792s] -- Symlinking: /home/coderey/ros2_ws/install/marvelmind_ros2_msgs/lib/python3.8/site-packages/marvelmind_ros2_msgs/msg/_beacon_position_addressed.py
[34.803s] -- Symlinking: /home/coderey/ros2_ws/install/marvelmind_ros2_msgs/lib/python3.8/site-packages/marvelmind_ros2_msgs/msg/_hedge_imu_fusion.py
[34.814s] -- Symlinking: /home/coderey/ros2_ws/install/marvelmind_ros2_msgs/lib/python3.8/site-packages/marvelmind_ros2_msgs/msg/_hedge_imu_raw.py
[34.826s] -- Symlinking: /home/coderey/ros2_ws/install/marvelmind_ros2_msgs/lib/python3.8/site-packages/marvelmind_ros2_msgs/msg/_hedge_position.py
[34.838s] -- Symlinking: /home/coderey/ros2_ws/install/marvelmind_ros2_msgs/lib/python3.8/site-packages/marvelmind_ros2_msgs/msg/_hedge_position_addressed.py
[34.850s] -- Symlinking: /home/coderey/ros2_ws/install/marvelmind_ros2_msgs/lib/python3.8/site-packages/marvelmind_ros2_msgs/msg/_hedge_position_angle.py
[34.862s] -- Symlinking: /home/coderey/ros2_ws/install/marvelmind_ros2_msgs/lib/python3.8/site-packages/marvelmind_ros2_msgs/msg/_hedge_quality.py
[34.876s] -- Symlinking: /home/coderey/ros2_ws/install/marvelmind_ros2_msgs/lib/python3.8/site-packages/marvelmind_ros2_msgs/msg/_hedge_telemetry.py
[34.888s] -- Symlinking: /home/coderey/ros2_ws/install/marvelmind_ros2_msgs/lib/python3.8/site-packages/marvelmind_ros2_msgs/msg/_marvelmind_user_data.py
[34.903s] -- Symlinking: /home/coderey/ros2_ws/install/marvelmind_ros2_msgs/lib/python3.8/site-packages/marvelmind_ros2_msgs/msg/_marvelmind_waypoint.py
[34.914s] -- Symlinking: /home/coderey/ros2_ws/install/marvelmind_ros2_msgs/lib/python3.8/site-packages/marvelmind_ros2_msgs/srv/__init__.py
[34.925s] -- Symlinking: /home/coderey/ros2_ws/install/marvelmind_ros2_msgs/lib/python3.8/site-packages/marvelmind_ros2_msgs/srv/_marvelmind_api.py
[34.937s] -- Symlinking: /home/coderey/ros2_ws/install/marvelmind_ros2_msgs/lib/python3.8/site-packages/marvelmind_ros2_msgs/marvelmind_ros2_msgs_s__rosidl_typesupport_microxrcedds_c.cpython-38-x86_64-linux-gnu.so
[34.947s] -- Symlinking: /home/coderey/ros2_ws/install/marvelmind_ros2_msgs/lib/python3.8/site-packages/marvelmind_ros2_msgs/marvelmind_ros2_msgs_s__rosidl_typesupport_fastrtps_c.cpython-38-x86_64-linux-gnu.so
[34.960s] -- Symlinking: /home/coderey/ros2_ws/install/marvelmind_ros2_msgs/lib/python3.8/site-packages/marvelmind_ros2_msgs/marvelmind_ros2_msgs_s__rosidl_typesupport_introspection_c.cpython-38-x86_64-linux-gnu.so
[34.973s] -- Symlinking: /home/coderey/ros2_ws/install/marvelmind_ros2_msgs/lib/python3.8/site-packages/marvelmind_ros2_msgs/marvelmind_ros2_msgs_s__rosidl_typesupport_c.cpython-38-x86_64-linux-gnu.so
[34.984s] -- Symlinking: /home/coderey/ros2_ws/install/marvelmind_ros2_msgs/lib/libmarvelmind_ros2_msgs__python.so
[34.999s] -- Symlinking: /home/coderey/ros2_ws/install/marvelmind_ros2_msgs/share/marvelmind_ros2_msgs/msg/BeaconDistance.idl
[35.011s] -- Symlinking: /home/coderey/ros2_ws/install/marvelmind_ros2_msgs/share/marvelmind_ros2_msgs/msg/BeaconPositionAddressed.idl
[35.022s] -- Symlinking: /home/coderey/ros2_ws/install/marvelmind_ros2_msgs/share/marvelmind_ros2_msgs/msg/HedgeImuFusion.idl
[35.034s] -- Symlinking: /home/coderey/ros2_ws/install/marvelmind_ros2_msgs/share/marvelmind_ros2_msgs/msg/HedgeImuRaw.idl
[35.053s] -- Symlinking: /home/coderey/ros2_ws/install/marvelmind_ros2_msgs/share/marvelmind_ros2_msgs/msg/HedgePositionAddressed.idl
[35.064s] -- Symlinking: /home/coderey/ros2_ws/install/marvelmind_ros2_msgs/share/marvelmind_ros2_msgs/msg/HedgePositionAngle.idl
[35.075s] -- Symlinking: /home/coderey/ros2_ws/install/marvelmind_ros2_msgs/share/marvelmind_ros2_msgs/msg/HedgePosition.idl
[35.087s] -- Symlinking: /home/coderey/ros2_ws/install/marvelmind_ros2_msgs/share/marvelmind_ros2_msgs/msg/HedgeQuality.idl
[35.099s] -- Symlinking: /home/coderey/ros2_ws/install/marvelmind_ros2_msgs/share/marvelmind_ros2_msgs/msg/HedgeTelemetry.idl
[35.110s] -- Symlinking: /home/coderey/ros2_ws/install/marvelmind_ros2_msgs/share/marvelmind_ros2_msgs/msg/MarvelmindWaypoint.idl
[35.122s] -- Symlinking: /home/coderey/ros2_ws/install/marvelmind_ros2_msgs/share/marvelmind_ros2_msgs/msg/MarvelmindUserData.idl
[35.134s] -- Symlinking: /home/coderey/ros2_ws/install/marvelmind_ros2_msgs/share/marvelmind_ros2_msgs/srv/MarvelmindAPI.idl
[35.150s] -- Symlinking: /home/coderey/ros2_ws/install/marvelmind_ros2_msgs/share/marvelmind_ros2_msgs/msg/BeaconDistance.msg
[35.166s] -- Symlinking: /home/coderey/ros2_ws/install/marvelmind_ros2_msgs/share/marvelmind_ros2_msgs/msg/BeaconPositionAddressed.msg
[35.179s] -- Symlinking: /home/coderey/ros2_ws/install/marvelmind_ros2_msgs/share/marvelmind_ros2_msgs/msg/HedgeImuFusion.msg
[35.190s] -- Symlinking: /home/coderey/ros2_ws/install/marvelmind_ros2_msgs/share/marvelmind_ros2_msgs/msg/HedgeImuRaw.msg
[35.202s] -- Symlinking: /home/coderey/ros2_ws/install/marvelmind_ros2_msgs/share/marvelmind_ros2_msgs/msg/HedgePositionAddressed.msg
[35.213s] -- Symlinking: /home/coderey/ros2_ws/install/marvelmind_ros2_msgs/share/marvelmind_ros2_msgs/msg/HedgePositionAngle.msg
[35.225s] -- Symlinking: /home/coderey/ros2_ws/install/marvelmind_ros2_msgs/share/marvelmind_ros2_msgs/msg/HedgePosition.msg
[35.237s] -- Symlinking: /home/coderey/ros2_ws/install/marvelmind_ros2_msgs/share/marvelmind_ros2_msgs/msg/HedgeQuality.msg
[35.249s] -- Symlinking: /home/coderey/ros2_ws/install/marvelmind_ros2_msgs/share/marvelmind_ros2_msgs/msg/HedgeTelemetry.msg
[35.267s] -- Symlinking: /home/coderey/ros2_ws/install/marvelmind_ros2_msgs/share/marvelmind_ros2_msgs/msg/MarvelmindWaypoint.msg
[35.284s] -- Symlinking: /home/coderey/ros2_ws/install/marvelmind_ros2_msgs/share/marvelmind_ros2_msgs/msg/MarvelmindUserData.msg
[35.295s] -- Symlinking: /home/coderey/ros2_ws/install/marvelmind_ros2_msgs/share/marvelmind_ros2_msgs/srv/MarvelmindAPI.srv
[35.306s] -- Symlinking: /home/coderey/ros2_ws/install/marvelmind_ros2_msgs/share/marvelmind_ros2_msgs/srv/MarvelmindAPI_Request.msg
[35.317s] -- Symlinking: /home/coderey/ros2_ws/install/marvelmind_ros2_msgs/share/marvelmind_ros2_msgs/srv/MarvelmindAPI_Response.msg
[35.328s] -- Symlinking: /home/coderey/ros2_ws/install/marvelmind_ros2_msgs/share/ament_index/resource_index/package_run_dependencies/marvelmind_ros2_msgs
[35.345s] -- Symlinking: /home/coderey/ros2_ws/install/marvelmind_ros2_msgs/share/ament_index/resource_index/parent_prefix_path/marvelmind_ros2_msgs
[35.357s] -- Symlinking: /home/coderey/ros2_ws/install/marvelmind_ros2_msgs/share/marvelmind_ros2_msgs/environment/ament_prefix_path.sh
[35.368s] -- Symlinking: /home/coderey/ros2_ws/install/marvelmind_ros2_msgs/share/marvelmind_ros2_msgs/environment/ament_prefix_path.dsv
[35.385s] -- Symlinking: /home/coderey/ros2_ws/install/marvelmind_ros2_msgs/share/marvelmind_ros2_msgs/environment/path.sh
[35.399s] -- Symlinking: /home/coderey/ros2_ws/install/marvelmind_ros2_msgs/share/marvelmind_ros2_msgs/environment/path.dsv
[35.410s] -- Symlinking: /home/coderey/ros2_ws/install/marvelmind_ros2_msgs/share/marvelmind_ros2_msgs/local_setup.bash
[35.421s] -- Symlinking: /home/coderey/ros2_ws/install/marvelmind_ros2_msgs/share/marvelmind_ros2_msgs/local_setup.sh
[35.432s] -- Symlinking: /home/coderey/ros2_ws/install/marvelmind_ros2_msgs/share/marvelmind_ros2_msgs/local_setup.zsh
[35.443s] -- Symlinking: /home/coderey/ros2_ws/install/marvelmind_ros2_msgs/share/marvelmind_ros2_msgs/local_setup.dsv
[35.456s] -- Symlinking: /home/coderey/ros2_ws/install/marvelmind_ros2_msgs/share/marvelmind_ros2_msgs/package.dsv
[35.466s] -- Symlinking: /home/coderey/ros2_ws/install/marvelmind_ros2_msgs/share/ament_index/resource_index/packages/marvelmind_ros2_msgs
[35.482s] -- Symlinking: /home/coderey/ros2_ws/install/marvelmind_ros2_msgs/share/marvelmind_ros2_msgs/cmake/rosidl_cmake-extras.cmake
[35.499s] -- Symlinking: /home/coderey/ros2_ws/install/marvelmind_ros2_msgs/share/marvelmind_ros2_msgs/cmake/ament_cmake_export_dependencies-extras.cmake
[35.510s] -- Symlinking: /home/coderey/ros2_ws/install/marvelmind_ros2_msgs/share/marvelmind_ros2_msgs/cmake/ament_cmake_export_libraries-extras.cmake
[35.521s] -- Symlinking: /home/coderey/ros2_ws/install/marvelmind_ros2_msgs/share/marvelmind_ros2_msgs/cmake/ament_cmake_export_targets-extras.cmake
[35.532s] -- Symlinking: /home/coderey/ros2_ws/install/marvelmind_ros2_msgs/share/marvelmind_ros2_msgs/cmake/ament_cmake_export_include_directories-extras.cmake
[35.544s] -- Symlinking: /home/coderey/ros2_ws/install/marvelmind_ros2_msgs/share/marvelmind_ros2_msgs/cmake/rosidl_cmake_export_typesupport_libraries-extras.cmake
[35.560s] -- Symlinking: /home/coderey/ros2_ws/install/marvelmind_ros2_msgs/share/marvelmind_ros2_msgs/cmake/rosidl_cmake_export_typesupport_targets-extras.cmake
[35.571s] -- Symlinking: /home/coderey/ros2_ws/install/marvelmind_ros2_msgs/share/marvelmind_ros2_msgs/cmake/marvelmind_ros2_msgsConfig.cmake
[35.582s] -- Symlinking: /home/coderey/ros2_ws/install/marvelmind_ros2_msgs/share/marvelmind_ros2_msgs/cmake/marvelmind_ros2_msgsConfig-version.cmake
[35.594s] -- Symlinking: /home/coderey/ros2_ws/install/marvelmind_ros2_msgs/share/marvelmind_ros2_msgs/package.xml
[35.606s] -- Installing: /home/coderey/ros2_ws/install/marvelmind_ros2_msgs/lib/libmarvelmind_ros2_msgs__rosidl_generator_c.so
[35.606s] -- Set runtime path of "/home/coderey/ros2_ws/install/marvelmind_ros2_msgs/lib/libmarvelmind_ros2_msgs__rosidl_generator_c.so" to ""
[35.606s] -- Installing: /home/coderey/ros2_ws/install/marvelmind_ros2_msgs/lib/libmarvelmind_ros2_msgs__rosidl_typesupport_introspection_c.so
[35.607s] -- Set runtime path of "/home/coderey/ros2_ws/install/marvelmind_ros2_msgs/lib/libmarvelmind_ros2_msgs__rosidl_typesupport_introspection_c.so" to ""
[35.607s] -- Installing: /home/coderey/ros2_ws/install/marvelmind_ros2_msgs/lib/libmarvelmind_ros2_msgs__rosidl_typesupport_c.so
[35.607s] -- Set runtime path of "/home/coderey/ros2_ws/install/marvelmind_ros2_msgs/lib/libmarvelmind_ros2_msgs__rosidl_typesupport_c.so" to ""
[35.607s] -- Installing: /home/coderey/ros2_ws/install/marvelmind_ros2_msgs/lib/libmarvelmind_ros2_msgs__rosidl_typesupport_introspection_cpp.so
[35.608s] -- Set runtime path of "/home/coderey/ros2_ws/install/marvelmind_ros2_msgs/lib/libmarvelmind_ros2_msgs__rosidl_typesupport_introspection_cpp.so" to ""
[35.609s] -- Installing: /home/coderey/ros2_ws/install/marvelmind_ros2_msgs/lib/libmarvelmind_ros2_msgs__rosidl_typesupport_cpp.so
[35.609s] -- Set runtime path of "/home/coderey/ros2_ws/install/marvelmind_ros2_msgs/lib/libmarvelmind_ros2_msgs__rosidl_typesupport_cpp.so" to ""
[35.661s] Compiling '/home/coderey/ros2_ws/install/marvelmind_ros2_msgs/lib/python3.8/site-packages/marvelmind_ros2_msgs/__init__.py'...
[35.665s] -- Up-to-date: /home/coderey/ros2_ws/install/marvelmind_ros2_msgs/share/marvelmind_ros2_msgs/cmake/marvelmind_ros2_msgs__rosidl_generator_cExport.cmake
[35.665s] -- Installing: /home/coderey/ros2_ws/install/marvelmind_ros2_msgs/share/marvelmind_ros2_msgs/cmake/marvelmind_ros2_msgs__rosidl_generator_cExport-relwithdebinfo.cmake
[35.665s] -- Up-to-date: /home/coderey/ros2_ws/install/marvelmind_ros2_msgs/share/marvelmind_ros2_msgs/cmake/marvelmind_ros2_msgs__rosidl_typesupport_introspection_cExport.cmake
[35.665s] -- Installing: /home/coderey/ros2_ws/install/marvelmind_ros2_msgs/share/marvelmind_ros2_msgs/cmake/marvelmind_ros2_msgs__rosidl_typesupport_introspection_cExport-relwithdebinfo.cmake
[35.666s] -- Up-to-date: /home/coderey/ros2_ws/install/marvelmind_ros2_msgs/share/marvelmind_ros2_msgs/cmake/marvelmind_ros2_msgs__rosidl_typesupport_cExport.cmake
[35.666s] -- Installing: /home/coderey/ros2_ws/install/marvelmind_ros2_msgs/share/marvelmind_ros2_msgs/cmake/marvelmind_ros2_msgs__rosidl_typesupport_cExport-relwithdebinfo.cmake
[35.666s] -- Up-to-date: /home/coderey/ros2_ws/install/marvelmind_ros2_msgs/share/marvelmind_ros2_msgs/cmake/marvelmind_ros2_msgs__rosidl_generator_cppExport.cmake
[35.666s] -- Up-to-date: /home/coderey/ros2_ws/install/marvelmind_ros2_msgs/share/marvelmind_ros2_msgs/cmake/marvelmind_ros2_msgs__rosidl_typesupport_introspection_cppExport.cmake
[35.666s] -- Installing: /home/coderey/ros2_ws/install/marvelmind_ros2_msgs/share/marvelmind_ros2_msgs/cmake/marvelmind_ros2_msgs__rosidl_typesupport_introspection_cppExport-relwithdebinfo.cmake
[35.666s] -- Up-to-date: /home/coderey/ros2_ws/install/marvelmind_ros2_msgs/share/marvelmind_ros2_msgs/cmake/marvelmind_ros2_msgs__rosidl_typesupport_cppExport.cmake
[35.667s] -- Installing: /home/coderey/ros2_ws/install/marvelmind_ros2_msgs/share/marvelmind_ros2_msgs/cmake/marvelmind_ros2_msgs__rosidl_typesupport_cppExport-relwithdebinfo.cmake
[35.669s] Invoked command in '/home/coderey/ros2_ws/build/marvelmind_ros2_msgs' returned '0': CMAKE_PREFIX_PATH=${CMAKE_PREFIX_PATH}:/home/coderey/ros2_ws/install/swisscat_robot:/home/coderey/ros2_ws/install/nav2_gps_waypoint_follower_demo:/home/coderey/ros2_ws/install/nav2_simple_commander:/home/coderey/ros2_ws/install/mob_rob_loca:/home/coderey/ros2_ws/install/bno055:/home/coderey/microros_ws/install/sensor_msgs_py:/opt/ros/galactic /usr/bin/cmake --install /home/coderey/ros2_ws/build/marvelmind_ros2_msgs
