running egg_info
writing ../../build/mob_rob_loca/mob_rob_loca.egg-info/PKG-INFO
writing dependency_links to ../../build/mob_rob_loca/mob_rob_loca.egg-info/dependency_links.txt
writing entry points to ../../build/mob_rob_loca/mob_rob_loca.egg-info/entry_points.txt
writing requirements to ../../build/mob_rob_loca/mob_rob_loca.egg-info/requires.txt
writing top-level names to ../../build/mob_rob_loca/mob_rob_loca.egg-info/top_level.txt
reading manifest file '../../build/mob_rob_loca/mob_rob_loca.egg-info/SOURCES.txt'
writing manifest file '../../build/mob_rob_loca/mob_rob_loca.egg-info/SOURCES.txt'
running build
running build_py
running install
running install_lib
running install_data
copying params/nav2_params.yaml -> /home/coderey/ros2_ws/install/mob_rob_loca/share/mob_rob_loca/params
running install_egg_info
removing '/home/coderey/ros2_ws/install/mob_rob_loca/lib/python3.8/site-packages/mob_rob_loca-0.0.0-py3.8.egg-info' (and everything under it)
Copying ../../build/mob_rob_loca/mob_rob_loca.egg-info to /home/coderey/ros2_ws/install/mob_rob_loca/lib/python3.8/site-packages/mob_rob_loca-0.0.0-py3.8.egg-info
running install_scripts
Installing imu_serv script to /home/coderey/ros2_ws/install/mob_rob_loca/lib/mob_rob_loca
Installing marv2ekf script to /home/coderey/ros2_ws/install/mob_rob_loca/lib/mob_rob_loca
Installing rpi_com_motors script to /home/coderey/ros2_ws/install/mob_rob_loca/lib/mob_rob_loca
Installing ticks2odom script to /home/coderey/ros2_ws/install/mob_rob_loca/lib/mob_rob_loca
Installing transforms script to /home/coderey/ros2_ws/install/mob_rob_loca/lib/mob_rob_loca
Installing vel_pub script to /home/coderey/ros2_ws/install/mob_rob_loca/lib/mob_rob_loca
writing list of installed files to '/home/coderey/ros2_ws/build/mob_rob_loca/install.log'
