[0.691s] Invoking command in '/home/coderey/ros2_ws/build/nav2_amcl': CMAKE_PREFIX_PATH=/home/coderey/ros2_ws/install/nav2_msgs:/home/coderey/ros2_ws/install/nav2_common:/home/coderey/ros2_ws/install/sam_bot_description:/home/coderey/ros2_ws/install/robot_localization:/home/coderey/ros2_ws/install/dwb_msgs:/home/coderey/ros2_ws/install/nav_2d_msgs:/home/coderey/ros2_ws/install/nav2_voxel_grid:/home/coderey/ros2_ws/install/nav2_straightline_planner:/home/coderey/ros2_ws/install/nav2_gradient_costmap_plugin:/home/coderey/ros2_ws/install/nav2_costmap_filters_demo:/home/coderey/ros2_ws/install/marvelmind_ros2:/home/coderey/ros2_ws/install/marvelmind_ros2_msgs:/home/coderey/ros2_ws/install/groot:/home/coderey/microros_ws/install/micro_ros_demos_rclc:/home/coderey/microros_ws/install/common_interfaces:/home/coderey/microros_ws/install/visualization_msgs:/home/coderey/microros_ws/install/test_msgs:/home/coderey/microros_ws/install/example_interfaces:/home/coderey/microros_ws/install/action_msgs:/home/coderey/microros_ws/install/unique_identifier_msgs:/home/coderey/microros_ws/install/trajectory_msgs:/home/coderey/microros_ws/install/stereo_msgs:/home/coderey/microros_ws/install/std_srvs:/home/coderey/microros_ws/install/shape_msgs:/home/coderey/microros_ws/install/sensor_msgs:/home/coderey/microros_ws/install/nav_msgs:/home/coderey/microros_ws/install/diagnostic_msgs:/home/coderey/microros_ws/install/geometry_msgs:/home/coderey/microros_ws/install/drive_base_msgs:/home/coderey/microros_ws/install/actionlib_msgs:/home/coderey/microros_ws/install/std_msgs:/home/coderey/microros_ws/install/statistics_msgs:/home/coderey/microros_ws/install/rosidl_typesupport_microxrcedds_test_msg:/home/coderey/microros_ws/install/rosidl_typesupport_microxrcedds_cpp_tests:/home/coderey/microros_ws/install/rmw_microxrcedds:/home/coderey/microros_ws/install/rosidl_typesupport_microxrcedds_cpp:/home/coderey/microros_ws/install/rosidl_typesupport_microxrcedds_c_tests:/home/coderey/microros_ws/install/rosidl_typesupport_microxrcedds_c:/home/coderey/microros_ws/install/rosgraph_msgs:/home/coderey/microros_ws/install/rclc_parameter:/home/coderey/microros_ws/install/rclc:/home/coderey/microros_ws/install/composition_interfaces:/home/coderey/microros_ws/install/rcl_interfaces:/home/coderey/microros_ws/install/microxrcedds_client:/home/coderey/microros_ws/install/microcdr:/home/coderey/microros_ws/install/micro_ros_utilities:/home/coderey/microros_ws/install/micro_ros_setup:/home/coderey/microros_ws/install/micro_ros_agent:/home/coderey/microros_ws/install/micro_ros_msgs:/home/coderey/microros_ws/install/micro_ros_demos_rclcpp:/home/coderey/microros_ws/install/lifecycle_msgs:/home/coderey/microros_ws/install/complex_msgs:/home/coderey/microros_ws/install/builtin_interfaces:/home/coderey/ros2_ws/install/swisscat_robot:/home/coderey/ros2_ws/install/nav2_gps_waypoint_follower_demo:/home/coderey/ros2_ws/install/nav2_simple_commander:/home/coderey/ros2_ws/install/mob_rob_loca:/home/coderey/ros2_ws/install/bno055:/home/coderey/microros_ws/install/sensor_msgs_py:/opt/ros/galactic LD_LIBRARY_PATH=/home/coderey/ros2_ws/install/nav2_msgs/lib:/home/coderey/ros2_ws/install/robot_localization/lib:/home/coderey/ros2_ws/install/dwb_msgs/lib:/home/coderey/ros2_ws/install/nav_2d_msgs/lib:/home/coderey/ros2_ws/install/nav2_voxel_grid/lib:/home/coderey/ros2_ws/install/nav2_straightline_planner/lib:/home/coderey/ros2_ws/install/nav2_gradient_costmap_plugin/lib:/home/coderey/ros2_ws/install/marvelmind_ros2_msgs/lib:/home/coderey/ros2_ws/install/groot/lib:/home/coderey/microros_ws/install/visualization_msgs/lib:/home/coderey/microros_ws/install/test_msgs/lib:/home/coderey/microros_ws/install/example_interfaces/lib:/home/coderey/microros_ws/install/action_msgs/lib:/home/coderey/microros_ws/install/unique_identifier_msgs/lib:/home/coderey/microros_ws/install/trajectory_msgs/lib:/home/coderey/microros_ws/install/stereo_msgs/lib:/home/coderey/microros_ws/install/std_srvs/lib:/home/coderey/microros_ws/install/shape_msgs/lib:/home/coderey/microros_ws/install/sensor_msgs/lib:/home/coderey/microros_ws/install/nav_msgs/lib:/home/coderey/microros_ws/install/diagnostic_msgs/lib:/home/coderey/microros_ws/install/geometry_msgs/lib:/home/coderey/microros_ws/install/drive_base_msgs/lib:/home/coderey/microros_ws/install/actionlib_msgs/lib:/home/coderey/microros_ws/install/std_msgs/lib:/home/coderey/microros_ws/install/statistics_msgs/lib:/home/coderey/microros_ws/install/rmw_microxrcedds/lib:/home/coderey/microros_ws/install/rosidl_typesupport_microxrcedds_cpp/lib:/home/coderey/microros_ws/install/rosidl_typesupport_microxrcedds_c/lib:/home/coderey/microros_ws/install/rosgraph_msgs/lib:/home/coderey/microros_ws/install/rclc_parameter/lib:/home/coderey/microros_ws/install/rclc/lib:/home/coderey/microros_ws/install/composition_interfaces/lib:/home/coderey/microros_ws/install/rcl_interfaces/lib:/home/coderey/microros_ws/install/microxrcedds_client/lib:/home/coderey/microros_ws/install/microcdr/lib:/home/coderey/microros_ws/install/micro_ros_utilities/lib:/home/coderey/microros_ws/install/micro_ros_agent/lib:/home/coderey/microros_ws/install/micro_ros_msgs/lib:/home/coderey/microros_ws/install/lifecycle_msgs/lib:/home/coderey/microros_ws/install/complex_msgs/lib:/home/coderey/microros_ws/install/builtin_interfaces/lib:/usr/lib/x86_64-linux-gnu/gazebo-11/plugins:/opt/ros/galactic/opt/yaml_cpp_vendor/lib:/opt/ros/galactic/opt/rviz_ogre_vendor/lib:/opt/ros/galactic/lib/x86_64-linux-gnu:/opt/ros/galactic/lib PYTHONPATH=/home/coderey/ros2_ws/install/nav2_msgs/lib/python3.8/site-packages:/home/coderey/ros2_ws/install/nav2_common/lib/python3.8/site-packages:/home/coderey/ros2_ws/install/swisscat_robot/lib/python3.8/site-packages:/home/coderey/ros2_ws/install/nav2_gps_waypoint_follower_demo/lib/python3.8/site-packages:/home/coderey/ros2_ws/install/robot_localization/lib/python3.8/site-packages:/home/coderey/ros2_ws/install/dwb_msgs/lib/python3.8/site-packages:/home/coderey/ros2_ws/install/nav_2d_msgs/lib/python3.8/site-packages:/home/coderey/ros2_ws/install/nav2_simple_commander/lib/python3.8/site-packages:/home/coderey/ros2_ws/install/mob_rob_loca/lib/python3.8/site-packages:/home/coderey/ros2_ws/install/marvelmind_ros2_msgs/lib/python3.8/site-packages:/home/coderey/ros2_ws/install/bno055/lib/python3.8/site-packages:/home/coderey/microros_ws/install/visualization_msgs/lib/python3.8/site-packages:/home/coderey/microros_ws/install/test_msgs/lib/python3.8/site-packages:/home/coderey/microros_ws/install/example_interfaces/lib/python3.8/site-packages:/home/coderey/microros_ws/install/action_msgs/lib/python3.8/site-packages:/home/coderey/microros_ws/install/unique_identifier_msgs/lib/python3.8/site-packages:/home/coderey/microros_ws/install/trajectory_msgs/lib/python3.8/site-packages:/home/coderey/microros_ws/install/stereo_msgs/lib/python3.8/site-packages:/home/coderey/microros_ws/install/std_srvs/lib/python3.8/site-packages:/home/coderey/microros_ws/install/shape_msgs/lib/python3.8/site-packages:/home/coderey/microros_ws/install/sensor_msgs_py/lib/python3.8/site-packages:/home/coderey/microros_ws/install/sensor_msgs/lib/python3.8/site-packages:/home/coderey/microros_ws/install/nav_msgs/lib/python3.8/site-packages:/home/coderey/microros_ws/install/diagnostic_msgs/lib/python3.8/site-packages:/home/coderey/microros_ws/install/geometry_msgs/lib/python3.8/site-packages:/home/coderey/microros_ws/install/drive_base_msgs/lib/python3.8/site-packages:/home/coderey/microros_ws/install/actionlib_msgs/lib/python3.8/site-packages:/home/coderey/microros_ws/install/std_msgs/lib/python3.8/site-packages:/home/coderey/microros_ws/install/statistics_msgs/lib/python3.8/site-packages:/home/coderey/microros_ws/install/rosidl_typesupport_microxrcedds_cpp/lib/python3.8/site-packages:/home/coderey/microros_ws/install/rosidl_typesupport_microxrcedds_c/lib/python3.8/site-packages:/home/coderey/microros_ws/install/rosgraph_msgs/lib/python3.8/site-packages:/home/coderey/microros_ws/install/composition_interfaces/lib/python3.8/site-packages:/home/coderey/microros_ws/install/rcl_interfaces/lib/python3.8/site-packages:/home/coderey/microros_ws/install/micro_ros_msgs/lib/python3.8/site-packages:/home/coderey/microros_ws/install/lifecycle_msgs/lib/python3.8/site-packages:/home/coderey/microros_ws/install/complex_msgs/lib/python3.8/site-packages:/home/coderey/microros_ws/install/builtin_interfaces/lib/python3.8/site-packages:/opt/ros/galactic/lib/python3.8/site-packages:/opt/ros/galactic/lib/python3/dist-packages /usr/bin/cmake /home/coderey/ros2_ws/src/navigation2/nav2_amcl -DCMAKE_INSTALL_PREFIX=/home/coderey/ros2_ws/install/nav2_amcl
[0.860s] -- The C compiler identification is GNU 9.4.0
[0.954s] -- The CXX compiler identification is GNU 9.4.0
[0.965s] -- Check for working C compiler: /usr/bin/cc
[1.121s] -- Check for working C compiler: /usr/bin/cc -- works
[1.121s] -- Detecting C compiler ABI info
[1.296s] -- Detecting C compiler ABI info - done
[1.324s] -- Detecting C compile features
[1.334s] -- Detecting C compile features - done
[1.335s] -- Check for working CXX compiler: /usr/bin/c++
[1.523s] -- Check for working CXX compiler: /usr/bin/c++ -- works
[1.523s] -- Detecting CXX compiler ABI info
[1.699s] -- Detecting CXX compiler ABI info - done
[1.724s] -- Detecting CXX compile features
[1.725s] -- Detecting CXX compile features - done
[1.734s] -- Found ament_cmake: 1.1.6 (/opt/ros/galactic/share/ament_cmake/cmake)
[1.799s] -- Found PythonInterp: /usr/bin/python3 (found suitable version "3.8.10", minimum required is "3") 
[1.799s] -- Using PYTHON_EXECUTABLE: /usr/bin/python3
[2.118s] -- Found nav2_common: 1.2.0 (/home/coderey/ros2_ws/install/nav2_common/share/nav2_common/cmake)
[2.131s] -- Found rclcpp: 9.2.2 (/opt/ros/galactic/share/rclcpp/cmake)
[2.288s] -- Using all available rosidl_typesupport_c: rosidl_typesupport_microxrcedds_c;rosidl_typesupport_fastrtps_c;rosidl_typesupport_introspection_c
[2.317s] -- Found rosidl_adapter: 2.2.3 (/opt/ros/galactic/share/rosidl_adapter/cmake)
[2.632s] -- Found OpenSSL: /usr/lib/x86_64-linux-gnu/libcrypto.so (found version "1.1.1f")  
[2.696s] -- Found FastRTPS: /opt/ros/galactic/include  
[2.868s] -- Using all available rosidl_typesupport_cpp: rosidl_typesupport_microxrcedds_cpp;rosidl_typesupport_fastrtps_cpp;rosidl_typesupport_introspection_cpp
[3.038s] -- Found rmw_implementation_cmake: 3.3.1 (/opt/ros/galactic/share/rmw_implementation_cmake/cmake)
[3.054s] -- Found rmw_cyclonedds_cpp: 0.22.6 (/opt/ros/galactic/share/rmw_cyclonedds_cpp/cmake)
[3.099s] -- Using RMW implementation 'rmw_cyclonedds_cpp' as default
[3.100s] -- Looking for pthread.h
[3.245s] -- Looking for pthread.h - found
[3.245s] -- Performing Test CMAKE_HAVE_LIBC_PTHREAD
[3.417s] -- Performing Test CMAKE_HAVE_LIBC_PTHREAD - Failed
[3.417s] -- Looking for pthread_create in pthreads
[3.579s] -- Looking for pthread_create in pthreads - not found
[3.579s] -- Looking for pthread_create in pthread
[3.760s] -- Looking for pthread_create in pthread - found
[3.761s] -- Found Threads: TRUE  
[4.123s] -- Found rclcpp_lifecycle: 9.2.2 (/opt/ros/galactic/share/rclcpp_lifecycle/cmake)
[4.196s] -- Found rclcpp_components: 9.2.2 (/opt/ros/galactic/share/rclcpp_components/cmake)
[4.315s] -- Found message_filters: 3.2.6 (/opt/ros/galactic/share/message_filters/cmake)
[4.340s] -- Found tf2_geometry_msgs: 0.17.5 (/opt/ros/galactic/share/tf2_geometry_msgs/cmake)
[4.416s] -- Found eigen3_cmake_module: 0.1.1 (/opt/ros/galactic/share/eigen3_cmake_module/cmake)
[4.427s] -- Found Eigen3: TRUE (found version "3.3.7") 
[5.066s] -- Found nav_msgs: 2.2.4 (/home/coderey/microros_ws/install/nav_msgs/share/nav_msgs/cmake)
[5.195s] -- Found sensor_msgs: 2.2.4 (/home/coderey/microros_ws/install/sensor_msgs/share/sensor_msgs/cmake)
[5.324s] -- Found std_srvs: 2.2.4 (/home/coderey/microros_ws/install/std_srvs/share/std_srvs/cmake)
[5.347s] -- Found nav2_util: 1.0.12 (/opt/ros/galactic/share/nav2_util/cmake)
[6.554s] -- Found pluginlib: 5.0.1 (/opt/ros/galactic/share/pluginlib/cmake)
[6.600s] -- Setting build type to Release as none was specified.
[6.603s] -- Looking for drand48
[6.795s] -- Looking for drand48 - found
[9.520s] -- Found ament_lint_auto: 0.10.7 (/opt/ros/galactic/share/ament_lint_auto/cmake)
[9.714s] -- Added test 'cppcheck' to perform static code analysis on C / C++ code
[9.715s] -- Configured cppcheck include dirs: /home/coderey/ros2_ws/src/navigation2/nav2_amcl/include;/home/coderey/ros2_ws/src/navigation2/nav2_amcl/src/include
[9.716s] -- Configured cppcheck exclude dirs and/or files: 
[9.718s] -- Added test 'lint_cmake' to check CMake code style
[9.723s] -- Added test 'uncrustify' to check C / C++ code style
[9.723s] -- Configured uncrustify additional arguments: 
[9.725s] -- Added test 'xmllint' to check XML markup files
[9.738s] -- Configuring done
[9.934s] -- Generating done
[9.938s] -- Build files have been written to: /home/coderey/ros2_ws/build/nav2_amcl
