[1.001s] Invoking command in '/home/coderey/ros2_ws/build/nav2_common': CMAKE_PREFIX_PATH=${CMAKE_PREFIX_PATH}:/home/coderey/ros2_ws/install/swisscat_robot:/home/coderey/ros2_ws/install/nav2_gps_waypoint_follower_demo:/home/coderey/ros2_ws/install/nav2_simple_commander:/home/coderey/ros2_ws/install/mob_rob_loca:/home/coderey/ros2_ws/install/bno055:/home/coderey/microros_ws/install/sensor_msgs_py:/opt/ros/galactic /usr/bin/cmake --build /home/coderey/ros2_ws/build/nav2_common -- -j8 -l8
[1.584s] Built target ament_cmake_python_copy_nav2_common
[1.585s] running egg_info
[1.586s] writing nav2_common.egg-info/PKG-INFO
[1.586s] writing dependency_links to nav2_common.egg-info/dependency_links.txt
[1.586s] writing top-level names to nav2_common.egg-info/top_level.txt
[1.586s] reading manifest file 'nav2_common.egg-info/SOURCES.txt'
[1.586s] writing manifest file 'nav2_common.egg-info/SOURCES.txt'
[1.586s] Built target ament_cmake_python_build_nav2_common_egg
[1.594s] Invoked command in '/home/coderey/ros2_ws/build/nav2_common' returned '0': CMAKE_PREFIX_PATH=${CMAKE_PREFIX_PATH}:/home/coderey/ros2_ws/install/swisscat_robot:/home/coderey/ros2_ws/install/nav2_gps_waypoint_follower_demo:/home/coderey/ros2_ws/install/nav2_simple_commander:/home/coderey/ros2_ws/install/mob_rob_loca:/home/coderey/ros2_ws/install/bno055:/home/coderey/microros_ws/install/sensor_msgs_py:/opt/ros/galactic /usr/bin/cmake --build /home/coderey/ros2_ws/build/nav2_common -- -j8 -l8
[1.640s] Invoking command in '/home/coderey/ros2_ws/build/nav2_common': CMAKE_PREFIX_PATH=${CMAKE_PREFIX_PATH}:/home/coderey/ros2_ws/install/swisscat_robot:/home/coderey/ros2_ws/install/nav2_gps_waypoint_follower_demo:/home/coderey/ros2_ws/install/nav2_simple_commander:/home/coderey/ros2_ws/install/mob_rob_loca:/home/coderey/ros2_ws/install/bno055:/home/coderey/microros_ws/install/sensor_msgs_py:/opt/ros/galactic /usr/bin/cmake --install /home/coderey/ros2_ws/build/nav2_common
[1.654s] -- Install configuration: ""
[1.654s] -- Up-to-date: /home/coderey/ros2_ws/install/nav2_common/share/nav2_common/environment/pythonpath.sh
[1.655s] -- Up-to-date: /home/coderey/ros2_ws/install/nav2_common/share/nav2_common/environment/pythonpath.dsv
[1.655s] -- Up-to-date: /home/coderey/ros2_ws/install/nav2_common/lib/python3.8/site-packages//nav2_common.egg-info
[1.655s] -- Installing: /home/coderey/ros2_ws/install/nav2_common/lib/python3.8/site-packages//nav2_common.egg-info/dependency_links.txt
[1.655s] -- Installing: /home/coderey/ros2_ws/install/nav2_common/lib/python3.8/site-packages//nav2_common.egg-info/SOURCES.txt
[1.656s] -- Installing: /home/coderey/ros2_ws/install/nav2_common/lib/python3.8/site-packages//nav2_common.egg-info/top_level.txt
[1.656s] -- Installing: /home/coderey/ros2_ws/install/nav2_common/lib/python3.8/site-packages//nav2_common.egg-info/PKG-INFO
[1.656s] -- Up-to-date: /home/coderey/ros2_ws/install/nav2_common/lib/python3.8/site-packages/nav2_common
[1.657s] -- Up-to-date: /home/coderey/ros2_ws/install/nav2_common/lib/python3.8/site-packages/nav2_common/__init__.py
[1.657s] -- Up-to-date: /home/coderey/ros2_ws/install/nav2_common/lib/python3.8/site-packages/nav2_common/launch
[1.657s] -- Up-to-date: /home/coderey/ros2_ws/install/nav2_common/lib/python3.8/site-packages/nav2_common/launch/parse_multirobot_pose.py
[1.657s] -- Up-to-date: /home/coderey/ros2_ws/install/nav2_common/lib/python3.8/site-packages/nav2_common/launch/__init__.py
[1.657s] -- Up-to-date: /home/coderey/ros2_ws/install/nav2_common/lib/python3.8/site-packages/nav2_common/launch/rewritten_yaml.py
[1.657s] -- Up-to-date: /home/coderey/ros2_ws/install/nav2_common/lib/python3.8/site-packages/nav2_common/launch/has_node_params.py
[1.657s] -- Up-to-date: /home/coderey/ros2_ws/install/nav2_common/lib/python3.8/site-packages/nav2_common/launch/replace_string.py
[1.707s] Listing '/home/coderey/ros2_ws/install/nav2_common/lib/python3.8/site-packages/nav2_common'...
[1.708s] Listing '/home/coderey/ros2_ws/install/nav2_common/lib/python3.8/site-packages/nav2_common/launch'...
[1.711s] -- Up-to-date: /home/coderey/ros2_ws/install/nav2_common/share/ament_index/resource_index/package_run_dependencies/nav2_common
[1.711s] -- Up-to-date: /home/coderey/ros2_ws/install/nav2_common/share/ament_index/resource_index/parent_prefix_path/nav2_common
[1.712s] -- Up-to-date: /home/coderey/ros2_ws/install/nav2_common/share/nav2_common/environment/ament_prefix_path.sh
[1.713s] -- Up-to-date: /home/coderey/ros2_ws/install/nav2_common/share/nav2_common/environment/ament_prefix_path.dsv
[1.713s] -- Up-to-date: /home/coderey/ros2_ws/install/nav2_common/share/nav2_common/environment/path.sh
[1.713s] -- Up-to-date: /home/coderey/ros2_ws/install/nav2_common/share/nav2_common/environment/path.dsv
[1.714s] -- Up-to-date: /home/coderey/ros2_ws/install/nav2_common/share/nav2_common/local_setup.bash
[1.714s] -- Up-to-date: /home/coderey/ros2_ws/install/nav2_common/share/nav2_common/local_setup.sh
[1.715s] -- Up-to-date: /home/coderey/ros2_ws/install/nav2_common/share/nav2_common/local_setup.zsh
[1.715s] -- Up-to-date: /home/coderey/ros2_ws/install/nav2_common/share/nav2_common/local_setup.dsv
[1.716s] -- Installing: /home/coderey/ros2_ws/install/nav2_common/share/nav2_common/package.dsv
[1.724s] -- Up-to-date: /home/coderey/ros2_ws/install/nav2_common/share/ament_index/resource_index/packages/nav2_common
[1.724s] -- Up-to-date: /home/coderey/ros2_ws/install/nav2_common/share/nav2_common/cmake/nav2_common-extras.cmake
[1.724s] -- Up-to-date: /home/coderey/ros2_ws/install/nav2_common/share/nav2_common/cmake/nav2_commonConfig.cmake
[1.724s] -- Up-to-date: /home/coderey/ros2_ws/install/nav2_common/share/nav2_common/cmake/nav2_commonConfig-version.cmake
[1.724s] -- Up-to-date: /home/coderey/ros2_ws/install/nav2_common/share/nav2_common/package.xml
[1.724s] -- Up-to-date: /home/coderey/ros2_ws/install/nav2_common/share/nav2_common/cmake
[1.724s] -- Up-to-date: /home/coderey/ros2_ws/install/nav2_common/share/nav2_common/cmake/nav2_package.cmake
[1.868s] Invoked command in '/home/coderey/ros2_ws/build/nav2_common' returned '0': CMAKE_PREFIX_PATH=${CMAKE_PREFIX_PATH}:/home/coderey/ros2_ws/install/swisscat_robot:/home/coderey/ros2_ws/install/nav2_gps_waypoint_follower_demo:/home/coderey/ros2_ws/install/nav2_simple_commander:/home/coderey/ros2_ws/install/mob_rob_loca:/home/coderey/ros2_ws/install/bno055:/home/coderey/microros_ws/install/sensor_msgs_py:/opt/ros/galactic /usr/bin/cmake --install /home/coderey/ros2_ws/build/nav2_common
