[2.758s] Invoking command in '/home/coderey/ros2_ws/src/bno055': PYTHONPATH=/home/coderey/ros2_ws/build/bno055/prefix_override:/home/coderey/ros2_ws/install/bno055/lib/python3.8/site-packages:${PYTHONPATH} /usr/bin/python3 setup.py egg_info --egg-base ../../build/bno055 build --build-base /home/coderey/ros2_ws/build/bno055/build install --record /home/coderey/ros2_ws/build/bno055/install.log --single-version-externally-managed
[2.981s] running egg_info
[2.982s] writing ../../build/bno055/bno055.egg-info/PKG-INFO
[2.982s] writing dependency_links to ../../build/bno055/bno055.egg-info/dependency_links.txt
[2.982s] writing entry points to ../../build/bno055/bno055.egg-info/entry_points.txt
[2.982s] writing requirements to ../../build/bno055/bno055.egg-info/requires.txt
[2.982s] writing top-level names to ../../build/bno055/bno055.egg-info/top_level.txt
[3.016s] reading manifest file '../../build/bno055/bno055.egg-info/SOURCES.txt'
[3.017s] writing manifest file '../../build/bno055/bno055.egg-info/SOURCES.txt'
[3.017s] running build
[3.017s] running build_py
[3.018s] running install
[3.019s] running install_lib
[3.022s] running install_data
[3.023s] running install_egg_info
[3.025s] removing '/home/coderey/ros2_ws/install/bno055/lib/python3.8/site-packages/bno055-0.4.1-py3.8.egg-info' (and everything under it)
[3.025s] Copying ../../build/bno055/bno055.egg-info to /home/coderey/ros2_ws/install/bno055/lib/python3.8/site-packages/bno055-0.4.1-py3.8.egg-info
[3.025s] running install_scripts
[3.048s] Installing bno055 script to /home/coderey/ros2_ws/install/bno055/lib/bno055
[3.048s] writing list of installed files to '/home/coderey/ros2_ws/build/bno055/install.log'
[3.757s] Invoked command in '/home/coderey/ros2_ws/src/bno055' returned '0': PYTHONPATH=/home/coderey/ros2_ws/build/bno055/prefix_override:/home/coderey/ros2_ws/install/bno055/lib/python3.8/site-packages:${PYTHONPATH} /usr/bin/python3 setup.py egg_info --egg-base ../../build/bno055 build --build-base /home/coderey/ros2_ws/build/bno055/build install --record /home/coderey/ros2_ws/build/bno055/install.log --single-version-externally-managed
