[0.000000] (-) TimerEvent: {}
[0.000495] (-) JobUnselected: {'identifier': 'bno055'}
[0.000531] (-) JobUnselected: {'identifier': 'costmap_queue'}
[0.000549] (-) JobUnselected: {'identifier': 'dwb_core'}
[0.000563] (-) JobUnselected: {'identifier': 'dwb_critics'}
[0.000576] (-) JobUnselected: {'identifier': 'dwb_msgs'}
[0.000589] (-) JobUnselected: {'identifier': 'dwb_plugins'}
[0.000602] (-) JobUnselected: {'identifier': 'marvelmind_ros2'}
[0.000615] (-) JobUnselected: {'identifier': 'marvelmind_ros2_msgs'}
[0.000627] (-) JobUnselected: {'identifier': 'mob_rob_loca'}
[0.000640] (-) JobUnselected: {'identifier': 'nav2_amcl'}
[0.000654] (-) JobUnselected: {'identifier': 'nav2_behavior_tree'}
[0.000667] (-) JobUnselected: {'identifier': 'nav2_bringup'}
[0.000676] (-) JobUnselected: {'identifier': 'nav2_bt_navigator'}
[0.000685] (-) JobUnselected: {'identifier': 'nav2_common'}
[0.000694] (-) JobUnselected: {'identifier': 'nav2_controller'}
[0.000703] (-) JobUnselected: {'identifier': 'nav2_core'}
[0.000711] (-) JobUnselected: {'identifier': 'nav2_costmap_2d'}
[0.000720] (-) JobUnselected: {'identifier': 'nav2_dwb_controller'}
[0.000729] (-) JobUnselected: {'identifier': 'nav2_gazebo_spawner'}
[0.000741] (-) JobUnselected: {'identifier': 'nav2_lifecycle_manager'}
[0.000750] (-) JobUnselected: {'identifier': 'nav2_map_server'}
[0.000759] (-) JobUnselected: {'identifier': 'nav2_msgs'}
[0.000767] (-) JobUnselected: {'identifier': 'nav2_navfn_planner'}
[0.000776] (-) JobUnselected: {'identifier': 'nav2_planner'}
[0.000785] (-) JobUnselected: {'identifier': 'nav2_recoveries'}
[0.000793] (-) JobUnselected: {'identifier': 'nav2_regulated_pure_pursuit_controller'}
[0.000802] (-) JobUnselected: {'identifier': 'nav2_rotation_shim_controller'}
[0.000811] (-) JobUnselected: {'identifier': 'nav2_rviz_plugins'}
[0.000820] (-) JobUnselected: {'identifier': 'nav2_simple_commander'}
[0.000829] (-) JobUnselected: {'identifier': 'nav2_smac_planner'}
[0.000837] (-) JobUnselected: {'identifier': 'nav2_system_tests'}
[0.000846] (-) JobUnselected: {'identifier': 'nav2_theta_star_planner'}
[0.000855] (-) JobUnselected: {'identifier': 'nav2_util'}
[0.000864] (-) JobUnselected: {'identifier': 'nav2_voxel_grid'}
[0.000873] (-) JobUnselected: {'identifier': 'nav2_waypoint_follower'}
[0.000881] (-) JobUnselected: {'identifier': 'nav_2d_msgs'}
[0.000890] (-) JobUnselected: {'identifier': 'nav_2d_utils'}
[0.000899] (-) JobUnselected: {'identifier': 'robot_localization'}
[0.000909] (navigation2) JobQueued: {'identifier': 'navigation2', 'dependencies': OrderedDict([('nav2_common', '/home/coderey/ros2_ws/install/nav2_common'), ('nav_2d_msgs', '/home/coderey/ros2_ws/install/nav_2d_msgs'), ('dwb_msgs', '/home/coderey/ros2_ws/install/dwb_msgs'), ('nav2_msgs', '/home/coderey/ros2_ws/install/nav2_msgs'), ('nav2_voxel_grid', '/home/coderey/ros2_ws/install/nav2_voxel_grid'), ('nav2_util', '/home/coderey/ros2_ws/install/nav2_util'), ('nav2_amcl', '/home/coderey/ros2_ws/install/nav2_amcl'), ('nav2_behavior_tree', '/home/coderey/ros2_ws/install/nav2_behavior_tree'), ('nav2_lifecycle_manager', '/home/coderey/ros2_ws/install/nav2_lifecycle_manager'), ('nav2_map_server', '/home/coderey/ros2_ws/install/nav2_map_server'), ('nav_2d_utils', '/home/coderey/ros2_ws/install/nav_2d_utils'), ('nav2_costmap_2d', '/home/coderey/ros2_ws/install/nav2_costmap_2d'), ('nav2_rviz_plugins', '/home/coderey/ros2_ws/install/nav2_rviz_plugins'), ('costmap_queue', '/home/coderey/ros2_ws/install/costmap_queue'), ('nav2_core', '/home/coderey/ros2_ws/install/nav2_core'), ('dwb_core', '/home/coderey/ros2_ws/install/dwb_core'), ('nav2_bt_navigator', '/home/coderey/ros2_ws/install/nav2_bt_navigator'), ('nav2_controller', '/home/coderey/ros2_ws/install/nav2_controller'), ('nav2_navfn_planner', '/home/coderey/ros2_ws/install/nav2_navfn_planner'), ('nav2_planner', '/home/coderey/ros2_ws/install/nav2_planner'), ('nav2_recoveries', '/home/coderey/ros2_ws/install/nav2_recoveries'), ('nav2_regulated_pure_pursuit_controller', '/home/coderey/ros2_ws/install/nav2_regulated_pure_pursuit_controller'), ('nav2_smac_planner', '/home/coderey/ros2_ws/install/nav2_smac_planner'), ('nav2_theta_star_planner', '/home/coderey/ros2_ws/install/nav2_theta_star_planner'), ('nav2_waypoint_follower', '/home/coderey/ros2_ws/install/nav2_waypoint_follower'), ('dwb_critics', '/home/coderey/ros2_ws/install/dwb_critics'), ('dwb_plugins', '/home/coderey/ros2_ws/install/dwb_plugins'), ('nav2_rotation_shim_controller', '/home/coderey/ros2_ws/install/nav2_rotation_shim_controller'), ('nav2_dwb_controller', '/home/coderey/ros2_ws/install/nav2_dwb_controller')])}
[0.000953] (navigation2) JobStarted: {'identifier': 'navigation2'}
[0.099947] (-) TimerEvent: {}
[0.195217] (navigation2) JobEnded: {'identifier': 'navigation2', 'rc': 1}
[0.200185] (-) TimerEvent: {}
[0.205570] (-) EventReactorShutdown: {}
