[0.988s] Invoking command in '/home/coderey/ros2_ws/build/marvelmind_ros2_msgs': CMAKE_PREFIX_PATH=${CMAKE_PREFIX_PATH}:/home/coderey/ros2_ws/install/swisscat_robot:/home/coderey/ros2_ws/install/nav2_gps_waypoint_follower_demo:/home/coderey/ros2_ws/install/nav2_simple_commander:/home/coderey/ros2_ws/install/mob_rob_loca:/home/coderey/ros2_ws/install/bno055:/home/coderey/microros_ws/install/sensor_msgs_py:/opt/ros/galactic /usr/bin/cmake --build /home/coderey/ros2_ws/build/marvelmind_ros2_msgs -- -j8 -l8
[1.912s] [  9%] Built target marvelmind_ros2_msgs__rosidl_generator_c
[1.912s] [  9%] Built target marvelmind_ros2_msgs__cpp
[1.912s] [ 19%] Built target marvelmind_ros2_msgs__rosidl_typesupport_introspection_c
[1.912s] [ 29%] Built target marvelmind_ros2_msgs__rosidl_typesupport_microxrcedds_c
[1.912s] [ 38%] Built target marvelmind_ros2_msgs__rosidl_typesupport_c
[1.912s] [ 47%] Built target marvelmind_ros2_msgs__rosidl_typesupport_introspection_cpp
[1.912s] [ 56%] Built target marvelmind_ros2_msgs__rosidl_typesupport_cpp
[1.912s] [ 65%] Built target marvelmind_ros2_msgs__rosidl_typesupport_fastrtps_cpp
[1.912s] [ 75%] Built target marvelmind_ros2_msgs__rosidl_typesupport_microxrcedds_cpp
[1.912s] [ 84%] Built target marvelmind_ros2_msgs__rosidl_typesupport_fastrtps_c
[1.912s] [ 84%] Built target marvelmind_ros2_msgs
[1.912s] [ 85%] Built target marvelmind_ros2_msgs__py
[1.912s] [ 94%] Built target marvelmind_ros2_msgs__python
[1.912s] [ 96%] Built target marvelmind_ros2_msgs__rosidl_typesupport_fastrtps_c__pyext
[1.912s] [ 98%] Built target marvelmind_ros2_msgs__rosidl_typesupport_c__pyext
[1.912s] [ 99%] Built target marvelmind_ros2_msgs__rosidl_typesupport_microxrcedds_c__pyext
[1.912s] [100%] Built target marvelmind_ros2_msgs__rosidl_typesupport_introspection_c__pyext
[1.924s] Invoked command in '/home/coderey/ros2_ws/build/marvelmind_ros2_msgs' returned '0': CMAKE_PREFIX_PATH=${CMAKE_PREFIX_PATH}:/home/coderey/ros2_ws/install/swisscat_robot:/home/coderey/ros2_ws/install/nav2_gps_waypoint_follower_demo:/home/coderey/ros2_ws/install/nav2_simple_commander:/home/coderey/ros2_ws/install/mob_rob_loca:/home/coderey/ros2_ws/install/bno055:/home/coderey/microros_ws/install/sensor_msgs_py:/opt/ros/galactic /usr/bin/cmake --build /home/coderey/ros2_ws/build/marvelmind_ros2_msgs -- -j8 -l8
[4.195s] Invoking command in '/home/coderey/ros2_ws/build/marvelmind_ros2_msgs': CMAKE_PREFIX_PATH=${CMAKE_PREFIX_PATH}:/home/coderey/ros2_ws/install/swisscat_robot:/home/coderey/ros2_ws/install/nav2_gps_waypoint_follower_demo:/home/coderey/ros2_ws/install/nav2_simple_commander:/home/coderey/ros2_ws/install/mob_rob_loca:/home/coderey/ros2_ws/install/bno055:/home/coderey/microros_ws/install/sensor_msgs_py:/opt/ros/galactic /usr/bin/cmake --install /home/coderey/ros2_ws/build/marvelmind_ros2_msgs
[4.456s] -- Install configuration: ""
[4.457s] -- Up-to-date: /home/coderey/ros2_ws/install/marvelmind_ros2_msgs/share/ament_index/resource_index/rosidl_interfaces/marvelmind_ros2_msgs
[4.457s] -- Up-to-date: /home/coderey/ros2_ws/install/marvelmind_ros2_msgs/include/marvelmind_ros2_msgs
[4.457s] -- Up-to-date: /home/coderey/ros2_ws/install/marvelmind_ros2_msgs/include/marvelmind_ros2_msgs/srv
[4.457s] -- Up-to-date: /home/coderey/ros2_ws/install/marvelmind_ros2_msgs/include/marvelmind_ros2_msgs/srv/marvelmind_api.h
[4.458s] -- Up-to-date: /home/coderey/ros2_ws/install/marvelmind_ros2_msgs/include/marvelmind_ros2_msgs/srv/detail
[4.458s] -- Up-to-date: /home/coderey/ros2_ws/install/marvelmind_ros2_msgs/include/marvelmind_ros2_msgs/srv/detail/marvelmind_api__functions.c
[4.458s] -- Up-to-date: /home/coderey/ros2_ws/install/marvelmind_ros2_msgs/include/marvelmind_ros2_msgs/srv/detail/marvelmind_api__type_support.h
[4.458s] -- Up-to-date: /home/coderey/ros2_ws/install/marvelmind_ros2_msgs/include/marvelmind_ros2_msgs/srv/detail/marvelmind_api__struct.h
[4.458s] -- Up-to-date: /home/coderey/ros2_ws/install/marvelmind_ros2_msgs/include/marvelmind_ros2_msgs/srv/detail/marvelmind_api__functions.h
[4.458s] -- Up-to-date: /home/coderey/ros2_ws/install/marvelmind_ros2_msgs/include/marvelmind_ros2_msgs/msg
[4.458s] -- Up-to-date: /home/coderey/ros2_ws/install/marvelmind_ros2_msgs/include/marvelmind_ros2_msgs/msg/hedge_imu_fusion.h
[4.458s] -- Up-to-date: /home/coderey/ros2_ws/install/marvelmind_ros2_msgs/include/marvelmind_ros2_msgs/msg/hedge_quality.h
[4.458s] -- Up-to-date: /home/coderey/ros2_ws/install/marvelmind_ros2_msgs/include/marvelmind_ros2_msgs/msg/hedge_position_addressed.h
[4.465s] -- Up-to-date: /home/coderey/ros2_ws/install/marvelmind_ros2_msgs/include/marvelmind_ros2_msgs/msg/beacon_distance.h
[4.465s] -- Up-to-date: /home/coderey/ros2_ws/install/marvelmind_ros2_msgs/include/marvelmind_ros2_msgs/msg/beacon_position_addressed.h
[4.465s] -- Up-to-date: /home/coderey/ros2_ws/install/marvelmind_ros2_msgs/include/marvelmind_ros2_msgs/msg/rosidl_generator_c__visibility_control.h
[4.465s] -- Up-to-date: /home/coderey/ros2_ws/install/marvelmind_ros2_msgs/include/marvelmind_ros2_msgs/msg/marvelmind_waypoint.h
[4.465s] -- Up-to-date: /home/coderey/ros2_ws/install/marvelmind_ros2_msgs/include/marvelmind_ros2_msgs/msg/marvelmind_user_data.h
[4.466s] -- Up-to-date: /home/coderey/ros2_ws/install/marvelmind_ros2_msgs/include/marvelmind_ros2_msgs/msg/hedge_position_angle.h
[4.466s] -- Up-to-date: /home/coderey/ros2_ws/install/marvelmind_ros2_msgs/include/marvelmind_ros2_msgs/msg/hedge_telemetry.h
[4.466s] -- Up-to-date: /home/coderey/ros2_ws/install/marvelmind_ros2_msgs/include/marvelmind_ros2_msgs/msg/hedge_imu_raw.h
[4.466s] -- Up-to-date: /home/coderey/ros2_ws/install/marvelmind_ros2_msgs/include/marvelmind_ros2_msgs/msg/hedge_position.h
[4.466s] -- Up-to-date: /home/coderey/ros2_ws/install/marvelmind_ros2_msgs/include/marvelmind_ros2_msgs/msg/detail
[4.466s] -- Up-to-date: /home/coderey/ros2_ws/install/marvelmind_ros2_msgs/include/marvelmind_ros2_msgs/msg/detail/hedge_imu_fusion__functions.h
[4.466s] -- Up-to-date: /home/coderey/ros2_ws/install/marvelmind_ros2_msgs/include/marvelmind_ros2_msgs/msg/detail/hedge_imu_fusion__functions.c
[4.466s] -- Up-to-date: /home/coderey/ros2_ws/install/marvelmind_ros2_msgs/include/marvelmind_ros2_msgs/msg/detail/hedge_quality__struct.h
[4.466s] -- Up-to-date: /home/coderey/ros2_ws/install/marvelmind_ros2_msgs/include/marvelmind_ros2_msgs/msg/detail/hedge_position_addressed__type_support.h
[4.466s] -- Up-to-date: /home/coderey/ros2_ws/install/marvelmind_ros2_msgs/include/marvelmind_ros2_msgs/msg/detail/hedge_quality__functions.h
[4.466s] -- Up-to-date: /home/coderey/ros2_ws/install/marvelmind_ros2_msgs/include/marvelmind_ros2_msgs/msg/detail/hedge_position_angle__functions.c
[4.467s] -- Up-to-date: /home/coderey/ros2_ws/install/marvelmind_ros2_msgs/include/marvelmind_ros2_msgs/msg/detail/beacon_position_addressed__type_support.h
[4.467s] -- Up-to-date: /home/coderey/ros2_ws/install/marvelmind_ros2_msgs/include/marvelmind_ros2_msgs/msg/detail/hedge_position_angle__type_support.h
[4.467s] -- Up-to-date: /home/coderey/ros2_ws/install/marvelmind_ros2_msgs/include/marvelmind_ros2_msgs/msg/detail/hedge_position__functions.h
[4.467s] -- Up-to-date: /home/coderey/ros2_ws/install/marvelmind_ros2_msgs/include/marvelmind_ros2_msgs/msg/detail/hedge_quality__type_support.h
[4.467s] -- Up-to-date: /home/coderey/ros2_ws/install/marvelmind_ros2_msgs/include/marvelmind_ros2_msgs/msg/detail/hedge_imu_fusion__struct.h
[4.467s] -- Up-to-date: /home/coderey/ros2_ws/install/marvelmind_ros2_msgs/include/marvelmind_ros2_msgs/msg/detail/hedge_position_angle__struct.h
[4.467s] -- Up-to-date: /home/coderey/ros2_ws/install/marvelmind_ros2_msgs/include/marvelmind_ros2_msgs/msg/detail/hedge_imu_fusion__type_support.h
[4.467s] -- Up-to-date: /home/coderey/ros2_ws/install/marvelmind_ros2_msgs/include/marvelmind_ros2_msgs/msg/detail/hedge_telemetry__functions.c
[4.467s] -- Up-to-date: /home/coderey/ros2_ws/install/marvelmind_ros2_msgs/include/marvelmind_ros2_msgs/msg/detail/beacon_distance__functions.c
[4.467s] -- Up-to-date: /home/coderey/ros2_ws/install/marvelmind_ros2_msgs/include/marvelmind_ros2_msgs/msg/detail/hedge_imu_raw__struct.h
[4.467s] -- Up-to-date: /home/coderey/ros2_ws/install/marvelmind_ros2_msgs/include/marvelmind_ros2_msgs/msg/detail/hedge_telemetry__struct.h
[4.468s] -- Up-to-date: /home/coderey/ros2_ws/install/marvelmind_ros2_msgs/include/marvelmind_ros2_msgs/msg/detail/marvelmind_user_data__functions.c
[4.468s] -- Up-to-date: /home/coderey/ros2_ws/install/marvelmind_ros2_msgs/include/marvelmind_ros2_msgs/msg/detail/hedge_position_addressed__functions.h
[4.468s] -- Up-to-date: /home/coderey/ros2_ws/install/marvelmind_ros2_msgs/include/marvelmind_ros2_msgs/msg/detail/marvelmind_user_data__type_support.h
[4.468s] -- Up-to-date: /home/coderey/ros2_ws/install/marvelmind_ros2_msgs/include/marvelmind_ros2_msgs/msg/detail/marvelmind_user_data__struct.h
[4.468s] -- Up-to-date: /home/coderey/ros2_ws/install/marvelmind_ros2_msgs/include/marvelmind_ros2_msgs/msg/detail/beacon_distance__functions.h
[4.468s] -- Up-to-date: /home/coderey/ros2_ws/install/marvelmind_ros2_msgs/include/marvelmind_ros2_msgs/msg/detail/hedge_position__type_support.h
[4.468s] -- Up-to-date: /home/coderey/ros2_ws/install/marvelmind_ros2_msgs/include/marvelmind_ros2_msgs/msg/detail/marvelmind_waypoint__struct.h
[4.468s] -- Up-to-date: /home/coderey/ros2_ws/install/marvelmind_ros2_msgs/include/marvelmind_ros2_msgs/msg/detail/beacon_position_addressed__functions.c
[4.468s] -- Up-to-date: /home/coderey/ros2_ws/install/marvelmind_ros2_msgs/include/marvelmind_ros2_msgs/msg/detail/marvelmind_waypoint__functions.c
[4.468s] -- Up-to-date: /home/coderey/ros2_ws/install/marvelmind_ros2_msgs/include/marvelmind_ros2_msgs/msg/detail/hedge_telemetry__functions.h
[4.468s] -- Up-to-date: /home/coderey/ros2_ws/install/marvelmind_ros2_msgs/include/marvelmind_ros2_msgs/msg/detail/hedge_position_angle__functions.h
[4.468s] -- Up-to-date: /home/coderey/ros2_ws/install/marvelmind_ros2_msgs/include/marvelmind_ros2_msgs/msg/detail/hedge_telemetry__type_support.h
[4.469s] -- Up-to-date: /home/coderey/ros2_ws/install/marvelmind_ros2_msgs/include/marvelmind_ros2_msgs/msg/detail/hedge_position_addressed__struct.h
[4.469s] -- Up-to-date: /home/coderey/ros2_ws/install/marvelmind_ros2_msgs/include/marvelmind_ros2_msgs/msg/detail/marvelmind_user_data__functions.h
[4.469s] -- Up-to-date: /home/coderey/ros2_ws/install/marvelmind_ros2_msgs/include/marvelmind_ros2_msgs/msg/detail/marvelmind_waypoint__functions.h
[4.469s] -- Up-to-date: /home/coderey/ros2_ws/install/marvelmind_ros2_msgs/include/marvelmind_ros2_msgs/msg/detail/hedge_position__struct.h
[4.469s] -- Up-to-date: /home/coderey/ros2_ws/install/marvelmind_ros2_msgs/include/marvelmind_ros2_msgs/msg/detail/hedge_position__functions.c
[4.469s] -- Up-to-date: /home/coderey/ros2_ws/install/marvelmind_ros2_msgs/include/marvelmind_ros2_msgs/msg/detail/beacon_position_addressed__functions.h
[4.469s] -- Up-to-date: /home/coderey/ros2_ws/install/marvelmind_ros2_msgs/include/marvelmind_ros2_msgs/msg/detail/beacon_distance__type_support.h
[4.469s] -- Up-to-date: /home/coderey/ros2_ws/install/marvelmind_ros2_msgs/include/marvelmind_ros2_msgs/msg/detail/hedge_imu_raw__functions.h
[4.469s] -- Up-to-date: /home/coderey/ros2_ws/install/marvelmind_ros2_msgs/include/marvelmind_ros2_msgs/msg/detail/hedge_position_addressed__functions.c
[4.469s] -- Up-to-date: /home/coderey/ros2_ws/install/marvelmind_ros2_msgs/include/marvelmind_ros2_msgs/msg/detail/beacon_position_addressed__struct.h
[4.469s] -- Up-to-date: /home/coderey/ros2_ws/install/marvelmind_ros2_msgs/include/marvelmind_ros2_msgs/msg/detail/beacon_distance__struct.h
[4.470s] -- Up-to-date: /home/coderey/ros2_ws/install/marvelmind_ros2_msgs/include/marvelmind_ros2_msgs/msg/detail/hedge_imu_raw__functions.c
[4.470s] -- Up-to-date: /home/coderey/ros2_ws/install/marvelmind_ros2_msgs/include/marvelmind_ros2_msgs/msg/detail/hedge_quality__functions.c
[4.470s] -- Up-to-date: /home/coderey/ros2_ws/install/marvelmind_ros2_msgs/include/marvelmind_ros2_msgs/msg/detail/marvelmind_waypoint__type_support.h
[4.470s] -- Up-to-date: /home/coderey/ros2_ws/install/marvelmind_ros2_msgs/include/marvelmind_ros2_msgs/msg/detail/hedge_imu_raw__type_support.h
[4.470s] -- Up-to-date: /home/coderey/ros2_ws/install/marvelmind_ros2_msgs/share/marvelmind_ros2_msgs/environment/library_path.sh
[4.470s] -- Up-to-date: /home/coderey/ros2_ws/install/marvelmind_ros2_msgs/share/marvelmind_ros2_msgs/environment/library_path.dsv
[4.470s] -- Up-to-date: /home/coderey/ros2_ws/install/marvelmind_ros2_msgs/lib/libmarvelmind_ros2_msgs__rosidl_generator_c.so
[4.470s] -- Up-to-date: /home/coderey/ros2_ws/install/marvelmind_ros2_msgs/include/marvelmind_ros2_msgs
[4.470s] -- Up-to-date: /home/coderey/ros2_ws/install/marvelmind_ros2_msgs/include/marvelmind_ros2_msgs/srv
[4.470s] -- Up-to-date: /home/coderey/ros2_ws/install/marvelmind_ros2_msgs/include/marvelmind_ros2_msgs/srv/detail
[4.470s] -- Up-to-date: /home/coderey/ros2_ws/install/marvelmind_ros2_msgs/include/marvelmind_ros2_msgs/srv/detail/marvelmind_api__rosidl_typesupport_microxrcedds_c.h
[4.471s] -- Up-to-date: /home/coderey/ros2_ws/install/marvelmind_ros2_msgs/include/marvelmind_ros2_msgs/srv/detail/microxrcedds
[4.471s] -- Up-to-date: /home/coderey/ros2_ws/install/marvelmind_ros2_msgs/include/marvelmind_ros2_msgs/msg
[4.471s] -- Up-to-date: /home/coderey/ros2_ws/install/marvelmind_ros2_msgs/include/marvelmind_ros2_msgs/msg/rosidl_typesupport_microxrcedds_c__visibility_control.h
[4.471s] -- Up-to-date: /home/coderey/ros2_ws/install/marvelmind_ros2_msgs/include/marvelmind_ros2_msgs/msg/detail
[4.471s] -- Up-to-date: /home/coderey/ros2_ws/install/marvelmind_ros2_msgs/include/marvelmind_ros2_msgs/msg/detail/hedge_imu_fusion__rosidl_typesupport_microxrcedds_c.h
[4.471s] -- Up-to-date: /home/coderey/ros2_ws/install/marvelmind_ros2_msgs/include/marvelmind_ros2_msgs/msg/detail/marvelmind_waypoint__rosidl_typesupport_microxrcedds_c.h
[4.471s] -- Up-to-date: /home/coderey/ros2_ws/install/marvelmind_ros2_msgs/include/marvelmind_ros2_msgs/msg/detail/hedge_imu_raw__rosidl_typesupport_microxrcedds_c.h
[4.471s] -- Up-to-date: /home/coderey/ros2_ws/install/marvelmind_ros2_msgs/include/marvelmind_ros2_msgs/msg/detail/hedge_position_angle__rosidl_typesupport_microxrcedds_c.h
[4.471s] -- Up-to-date: /home/coderey/ros2_ws/install/marvelmind_ros2_msgs/include/marvelmind_ros2_msgs/msg/detail/hedge_quality__rosidl_typesupport_microxrcedds_c.h
[4.471s] -- Up-to-date: /home/coderey/ros2_ws/install/marvelmind_ros2_msgs/include/marvelmind_ros2_msgs/msg/detail/microxrcedds
[4.471s] -- Up-to-date: /home/coderey/ros2_ws/install/marvelmind_ros2_msgs/include/marvelmind_ros2_msgs/msg/detail/hedge_position_addressed__rosidl_typesupport_microxrcedds_c.h
[4.471s] -- Up-to-date: /home/coderey/ros2_ws/install/marvelmind_ros2_msgs/include/marvelmind_ros2_msgs/msg/detail/hedge_telemetry__rosidl_typesupport_microxrcedds_c.h
[4.472s] -- Up-to-date: /home/coderey/ros2_ws/install/marvelmind_ros2_msgs/include/marvelmind_ros2_msgs/msg/detail/hedge_position__rosidl_typesupport_microxrcedds_c.h
[4.472s] -- Up-to-date: /home/coderey/ros2_ws/install/marvelmind_ros2_msgs/include/marvelmind_ros2_msgs/msg/detail/marvelmind_user_data__rosidl_typesupport_microxrcedds_c.h
[4.472s] -- Up-to-date: /home/coderey/ros2_ws/install/marvelmind_ros2_msgs/include/marvelmind_ros2_msgs/msg/detail/beacon_position_addressed__rosidl_typesupport_microxrcedds_c.h
[4.472s] -- Up-to-date: /home/coderey/ros2_ws/install/marvelmind_ros2_msgs/include/marvelmind_ros2_msgs/msg/detail/beacon_distance__rosidl_typesupport_microxrcedds_c.h
[4.472s] -- Up-to-date: /home/coderey/ros2_ws/install/marvelmind_ros2_msgs/lib/libmarvelmind_ros2_msgs__rosidl_typesupport_microxrcedds_c.so
[4.472s] -- Up-to-date: /home/coderey/ros2_ws/install/marvelmind_ros2_msgs/include/marvelmind_ros2_msgs
[4.472s] -- Up-to-date: /home/coderey/ros2_ws/install/marvelmind_ros2_msgs/include/marvelmind_ros2_msgs/srv
[4.472s] -- Up-to-date: /home/coderey/ros2_ws/install/marvelmind_ros2_msgs/include/marvelmind_ros2_msgs/srv/detail
[4.472s] -- Up-to-date: /home/coderey/ros2_ws/install/marvelmind_ros2_msgs/include/marvelmind_ros2_msgs/srv/detail/marvelmind_api__rosidl_typesupport_fastrtps_c.h
[4.472s] -- Up-to-date: /home/coderey/ros2_ws/install/marvelmind_ros2_msgs/include/marvelmind_ros2_msgs/msg
[4.473s] -- Up-to-date: /home/coderey/ros2_ws/install/marvelmind_ros2_msgs/include/marvelmind_ros2_msgs/msg/rosidl_typesupport_fastrtps_c__visibility_control.h
[4.473s] -- Up-to-date: /home/coderey/ros2_ws/install/marvelmind_ros2_msgs/include/marvelmind_ros2_msgs/msg/detail
[4.473s] -- Up-to-date: /home/coderey/ros2_ws/install/marvelmind_ros2_msgs/include/marvelmind_ros2_msgs/msg/detail/hedge_telemetry__rosidl_typesupport_fastrtps_c.h
[4.473s] -- Up-to-date: /home/coderey/ros2_ws/install/marvelmind_ros2_msgs/include/marvelmind_ros2_msgs/msg/detail/beacon_distance__rosidl_typesupport_fastrtps_c.h
[4.485s] -- Up-to-date: /home/coderey/ros2_ws/install/marvelmind_ros2_msgs/include/marvelmind_ros2_msgs/msg/detail/marvelmind_user_data__rosidl_typesupport_fastrtps_c.h
[4.485s] -- Up-to-date: /home/coderey/ros2_ws/install/marvelmind_ros2_msgs/include/marvelmind_ros2_msgs/msg/detail/hedge_position_addressed__rosidl_typesupport_fastrtps_c.h
[4.485s] -- Up-to-date: /home/coderey/ros2_ws/install/marvelmind_ros2_msgs/include/marvelmind_ros2_msgs/msg/detail/hedge_position__rosidl_typesupport_fastrtps_c.h
[4.486s] -- Up-to-date: /home/coderey/ros2_ws/install/marvelmind_ros2_msgs/include/marvelmind_ros2_msgs/msg/detail/hedge_quality__rosidl_typesupport_fastrtps_c.h
[4.486s] -- Up-to-date: /home/coderey/ros2_ws/install/marvelmind_ros2_msgs/include/marvelmind_ros2_msgs/msg/detail/beacon_position_addressed__rosidl_typesupport_fastrtps_c.h
[4.486s] -- Up-to-date: /home/coderey/ros2_ws/install/marvelmind_ros2_msgs/include/marvelmind_ros2_msgs/msg/detail/marvelmind_waypoint__rosidl_typesupport_fastrtps_c.h
[4.486s] -- Up-to-date: /home/coderey/ros2_ws/install/marvelmind_ros2_msgs/include/marvelmind_ros2_msgs/msg/detail/hedge_position_angle__rosidl_typesupport_fastrtps_c.h
[4.486s] -- Up-to-date: /home/coderey/ros2_ws/install/marvelmind_ros2_msgs/include/marvelmind_ros2_msgs/msg/detail/hedge_imu_fusion__rosidl_typesupport_fastrtps_c.h
[4.486s] -- Up-to-date: /home/coderey/ros2_ws/install/marvelmind_ros2_msgs/include/marvelmind_ros2_msgs/msg/detail/hedge_imu_raw__rosidl_typesupport_fastrtps_c.h
[4.486s] -- Up-to-date: /home/coderey/ros2_ws/install/marvelmind_ros2_msgs/lib/libmarvelmind_ros2_msgs__rosidl_typesupport_fastrtps_c.so
[4.486s] -- Up-to-date: /home/coderey/ros2_ws/install/marvelmind_ros2_msgs/include/marvelmind_ros2_msgs
[4.486s] -- Up-to-date: /home/coderey/ros2_ws/install/marvelmind_ros2_msgs/include/marvelmind_ros2_msgs/srv
[4.486s] -- Up-to-date: /home/coderey/ros2_ws/install/marvelmind_ros2_msgs/include/marvelmind_ros2_msgs/srv/detail
[4.487s] -- Up-to-date: /home/coderey/ros2_ws/install/marvelmind_ros2_msgs/include/marvelmind_ros2_msgs/srv/detail/dds_fastrtps
[4.487s] -- Up-to-date: /home/coderey/ros2_ws/install/marvelmind_ros2_msgs/include/marvelmind_ros2_msgs/srv/detail/marvelmind_api__rosidl_typesupport_fastrtps_cpp.hpp
[4.487s] -- Up-to-date: /home/coderey/ros2_ws/install/marvelmind_ros2_msgs/include/marvelmind_ros2_msgs/msg
[4.487s] -- Up-to-date: /home/coderey/ros2_ws/install/marvelmind_ros2_msgs/include/marvelmind_ros2_msgs/msg/detail
[4.487s] -- Up-to-date: /home/coderey/ros2_ws/install/marvelmind_ros2_msgs/include/marvelmind_ros2_msgs/msg/detail/hedge_position_angle__rosidl_typesupport_fastrtps_cpp.hpp
[4.487s] -- Up-to-date: /home/coderey/ros2_ws/install/marvelmind_ros2_msgs/include/marvelmind_ros2_msgs/msg/detail/marvelmind_waypoint__rosidl_typesupport_fastrtps_cpp.hpp
[4.487s] -- Up-to-date: /home/coderey/ros2_ws/install/marvelmind_ros2_msgs/include/marvelmind_ros2_msgs/msg/detail/marvelmind_user_data__rosidl_typesupport_fastrtps_cpp.hpp
[4.487s] -- Up-to-date: /home/coderey/ros2_ws/install/marvelmind_ros2_msgs/include/marvelmind_ros2_msgs/msg/detail/hedge_quality__rosidl_typesupport_fastrtps_cpp.hpp
[4.487s] -- Up-to-date: /home/coderey/ros2_ws/install/marvelmind_ros2_msgs/include/marvelmind_ros2_msgs/msg/detail/dds_fastrtps
[4.487s] -- Up-to-date: /home/coderey/ros2_ws/install/marvelmind_ros2_msgs/include/marvelmind_ros2_msgs/msg/detail/hedge_imu_raw__rosidl_typesupport_fastrtps_cpp.hpp
[4.487s] -- Up-to-date: /home/coderey/ros2_ws/install/marvelmind_ros2_msgs/include/marvelmind_ros2_msgs/msg/detail/hedge_position__rosidl_typesupport_fastrtps_cpp.hpp
[4.488s] -- Up-to-date: /home/coderey/ros2_ws/install/marvelmind_ros2_msgs/include/marvelmind_ros2_msgs/msg/detail/hedge_position_addressed__rosidl_typesupport_fastrtps_cpp.hpp
[4.488s] -- Up-to-date: /home/coderey/ros2_ws/install/marvelmind_ros2_msgs/include/marvelmind_ros2_msgs/msg/detail/hedge_telemetry__rosidl_typesupport_fastrtps_cpp.hpp
[4.488s] -- Up-to-date: /home/coderey/ros2_ws/install/marvelmind_ros2_msgs/include/marvelmind_ros2_msgs/msg/detail/beacon_position_addressed__rosidl_typesupport_fastrtps_cpp.hpp
[4.488s] -- Up-to-date: /home/coderey/ros2_ws/install/marvelmind_ros2_msgs/include/marvelmind_ros2_msgs/msg/detail/beacon_distance__rosidl_typesupport_fastrtps_cpp.hpp
[4.488s] -- Up-to-date: /home/coderey/ros2_ws/install/marvelmind_ros2_msgs/include/marvelmind_ros2_msgs/msg/detail/hedge_imu_fusion__rosidl_typesupport_fastrtps_cpp.hpp
[4.488s] -- Up-to-date: /home/coderey/ros2_ws/install/marvelmind_ros2_msgs/include/marvelmind_ros2_msgs/msg/rosidl_typesupport_fastrtps_cpp__visibility_control.h
[4.488s] -- Up-to-date: /home/coderey/ros2_ws/install/marvelmind_ros2_msgs/lib/libmarvelmind_ros2_msgs__rosidl_typesupport_fastrtps_cpp.so
[4.488s] -- Up-to-date: /home/coderey/ros2_ws/install/marvelmind_ros2_msgs/include/marvelmind_ros2_msgs
[4.488s] -- Up-to-date: /home/coderey/ros2_ws/install/marvelmind_ros2_msgs/include/marvelmind_ros2_msgs/srv
[4.488s] -- Up-to-date: /home/coderey/ros2_ws/install/marvelmind_ros2_msgs/include/marvelmind_ros2_msgs/srv/detail
[4.488s] -- Up-to-date: /home/coderey/ros2_ws/install/marvelmind_ros2_msgs/include/marvelmind_ros2_msgs/srv/detail/marvelmind_api__type_support.c
[4.488s] -- Up-to-date: /home/coderey/ros2_ws/install/marvelmind_ros2_msgs/include/marvelmind_ros2_msgs/srv/detail/marvelmind_api__rosidl_typesupport_introspection_c.h
[4.489s] -- Up-to-date: /home/coderey/ros2_ws/install/marvelmind_ros2_msgs/include/marvelmind_ros2_msgs/msg
[4.489s] -- Up-to-date: /home/coderey/ros2_ws/install/marvelmind_ros2_msgs/include/marvelmind_ros2_msgs/msg/rosidl_typesupport_introspection_c__visibility_control.h
[4.489s] -- Up-to-date: /home/coderey/ros2_ws/install/marvelmind_ros2_msgs/include/marvelmind_ros2_msgs/msg/detail
[4.489s] -- Up-to-date: /home/coderey/ros2_ws/install/marvelmind_ros2_msgs/include/marvelmind_ros2_msgs/msg/detail/hedge_quality__rosidl_typesupport_introspection_c.h
[4.489s] -- Up-to-date: /home/coderey/ros2_ws/install/marvelmind_ros2_msgs/include/marvelmind_ros2_msgs/msg/detail/hedge_quality__type_support.c
[4.489s] -- Up-to-date: /home/coderey/ros2_ws/install/marvelmind_ros2_msgs/include/marvelmind_ros2_msgs/msg/detail/beacon_position_addressed__type_support.c
[4.489s] -- Up-to-date: /home/coderey/ros2_ws/install/marvelmind_ros2_msgs/include/marvelmind_ros2_msgs/msg/detail/beacon_position_addressed__rosidl_typesupport_introspection_c.h
[4.489s] -- Up-to-date: /home/coderey/ros2_ws/install/marvelmind_ros2_msgs/include/marvelmind_ros2_msgs/msg/detail/hedge_position_angle__rosidl_typesupport_introspection_c.h
[4.489s] -- Up-to-date: /home/coderey/ros2_ws/install/marvelmind_ros2_msgs/include/marvelmind_ros2_msgs/msg/detail/marvelmind_waypoint__type_support.c
[4.489s] -- Up-to-date: /home/coderey/ros2_ws/install/marvelmind_ros2_msgs/include/marvelmind_ros2_msgs/msg/detail/hedge_telemetry__type_support.c
[4.489s] -- Up-to-date: /home/coderey/ros2_ws/install/marvelmind_ros2_msgs/include/marvelmind_ros2_msgs/msg/detail/hedge_imu_raw__rosidl_typesupport_introspection_c.h
[4.490s] -- Up-to-date: /home/coderey/ros2_ws/install/marvelmind_ros2_msgs/include/marvelmind_ros2_msgs/msg/detail/hedge_imu_fusion__rosidl_typesupport_introspection_c.h
[4.490s] -- Up-to-date: /home/coderey/ros2_ws/install/marvelmind_ros2_msgs/include/marvelmind_ros2_msgs/msg/detail/hedge_imu_fusion__type_support.c
[4.490s] -- Up-to-date: /home/coderey/ros2_ws/install/marvelmind_ros2_msgs/include/marvelmind_ros2_msgs/msg/detail/marvelmind_waypoint__rosidl_typesupport_introspection_c.h
[4.490s] -- Up-to-date: /home/coderey/ros2_ws/install/marvelmind_ros2_msgs/include/marvelmind_ros2_msgs/msg/detail/beacon_distance__rosidl_typesupport_introspection_c.h
[4.490s] -- Up-to-date: /home/coderey/ros2_ws/install/marvelmind_ros2_msgs/include/marvelmind_ros2_msgs/msg/detail/hedge_position_angle__type_support.c
[4.490s] -- Up-to-date: /home/coderey/ros2_ws/install/marvelmind_ros2_msgs/include/marvelmind_ros2_msgs/msg/detail/marvelmind_user_data__type_support.c
[4.490s] -- Up-to-date: /home/coderey/ros2_ws/install/marvelmind_ros2_msgs/include/marvelmind_ros2_msgs/msg/detail/hedge_position_addressed__type_support.c
[4.490s] -- Up-to-date: /home/coderey/ros2_ws/install/marvelmind_ros2_msgs/include/marvelmind_ros2_msgs/msg/detail/hedge_position__type_support.c
[4.490s] -- Up-to-date: /home/coderey/ros2_ws/install/marvelmind_ros2_msgs/include/marvelmind_ros2_msgs/msg/detail/hedge_telemetry__rosidl_typesupport_introspection_c.h
[4.490s] -- Up-to-date: /home/coderey/ros2_ws/install/marvelmind_ros2_msgs/include/marvelmind_ros2_msgs/msg/detail/hedge_position_addressed__rosidl_typesupport_introspection_c.h
[4.490s] -- Up-to-date: /home/coderey/ros2_ws/install/marvelmind_ros2_msgs/include/marvelmind_ros2_msgs/msg/detail/hedge_position__rosidl_typesupport_introspection_c.h
[4.490s] -- Up-to-date: /home/coderey/ros2_ws/install/marvelmind_ros2_msgs/include/marvelmind_ros2_msgs/msg/detail/beacon_distance__type_support.c
[4.490s] -- Up-to-date: /home/coderey/ros2_ws/install/marvelmind_ros2_msgs/include/marvelmind_ros2_msgs/msg/detail/marvelmind_user_data__rosidl_typesupport_introspection_c.h
[4.491s] -- Up-to-date: /home/coderey/ros2_ws/install/marvelmind_ros2_msgs/include/marvelmind_ros2_msgs/msg/detail/hedge_imu_raw__type_support.c
[4.491s] -- Up-to-date: /home/coderey/ros2_ws/install/marvelmind_ros2_msgs/lib/libmarvelmind_ros2_msgs__rosidl_typesupport_introspection_c.so
[4.491s] -- Up-to-date: /home/coderey/ros2_ws/install/marvelmind_ros2_msgs/lib/libmarvelmind_ros2_msgs__rosidl_typesupport_c.so
[4.491s] -- Up-to-date: /home/coderey/ros2_ws/install/marvelmind_ros2_msgs/include/marvelmind_ros2_msgs
[4.491s] -- Up-to-date: /home/coderey/ros2_ws/install/marvelmind_ros2_msgs/include/marvelmind_ros2_msgs/srv
[4.491s] -- Up-to-date: /home/coderey/ros2_ws/install/marvelmind_ros2_msgs/include/marvelmind_ros2_msgs/srv/marvelmind_api.hpp
[4.491s] -- Up-to-date: /home/coderey/ros2_ws/install/marvelmind_ros2_msgs/include/marvelmind_ros2_msgs/srv/detail
[4.491s] -- Up-to-date: /home/coderey/ros2_ws/install/marvelmind_ros2_msgs/include/marvelmind_ros2_msgs/srv/detail/marvelmind_api__traits.hpp
[4.491s] -- Up-to-date: /home/coderey/ros2_ws/install/marvelmind_ros2_msgs/include/marvelmind_ros2_msgs/srv/detail/marvelmind_api__builder.hpp
[4.491s] -- Up-to-date: /home/coderey/ros2_ws/install/marvelmind_ros2_msgs/include/marvelmind_ros2_msgs/srv/detail/marvelmind_api__struct.hpp
[4.491s] -- Up-to-date: /home/coderey/ros2_ws/install/marvelmind_ros2_msgs/include/marvelmind_ros2_msgs/msg
[4.491s] -- Up-to-date: /home/coderey/ros2_ws/install/marvelmind_ros2_msgs/include/marvelmind_ros2_msgs/msg/marvelmind_user_data.hpp
[4.491s] -- Up-to-date: /home/coderey/ros2_ws/install/marvelmind_ros2_msgs/include/marvelmind_ros2_msgs/msg/hedge_quality.hpp
[4.492s] -- Up-to-date: /home/coderey/ros2_ws/install/marvelmind_ros2_msgs/include/marvelmind_ros2_msgs/msg/hedge_position_angle.hpp
[4.492s] -- Up-to-date: /home/coderey/ros2_ws/install/marvelmind_ros2_msgs/include/marvelmind_ros2_msgs/msg/hedge_position.hpp
[4.492s] -- Up-to-date: /home/coderey/ros2_ws/install/marvelmind_ros2_msgs/include/marvelmind_ros2_msgs/msg/hedge_imu_raw.hpp
[4.492s] -- Up-to-date: /home/coderey/ros2_ws/install/marvelmind_ros2_msgs/include/marvelmind_ros2_msgs/msg/beacon_position_addressed.hpp
[4.492s] -- Up-to-date: /home/coderey/ros2_ws/install/marvelmind_ros2_msgs/include/marvelmind_ros2_msgs/msg/hedge_telemetry.hpp
[4.492s] -- Up-to-date: /home/coderey/ros2_ws/install/marvelmind_ros2_msgs/include/marvelmind_ros2_msgs/msg/marvelmind_waypoint.hpp
[4.492s] -- Up-to-date: /home/coderey/ros2_ws/install/marvelmind_ros2_msgs/include/marvelmind_ros2_msgs/msg/hedge_imu_fusion.hpp
[4.492s] -- Up-to-date: /home/coderey/ros2_ws/install/marvelmind_ros2_msgs/include/marvelmind_ros2_msgs/msg/detail
[4.492s] -- Up-to-date: /home/coderey/ros2_ws/install/marvelmind_ros2_msgs/include/marvelmind_ros2_msgs/msg/detail/marvelmind_user_data__builder.hpp
[4.492s] -- Up-to-date: /home/coderey/ros2_ws/install/marvelmind_ros2_msgs/include/marvelmind_ros2_msgs/msg/detail/hedge_imu_fusion__struct.hpp
[4.492s] -- Up-to-date: /home/coderey/ros2_ws/install/marvelmind_ros2_msgs/include/marvelmind_ros2_msgs/msg/detail/hedge_position_addressed__traits.hpp
[4.492s] -- Up-to-date: /home/coderey/ros2_ws/install/marvelmind_ros2_msgs/include/marvelmind_ros2_msgs/msg/detail/hedge_imu_raw__builder.hpp
[4.492s] -- Up-to-date: /home/coderey/ros2_ws/install/marvelmind_ros2_msgs/include/marvelmind_ros2_msgs/msg/detail/hedge_imu_raw__traits.hpp
[4.493s] -- Up-to-date: /home/coderey/ros2_ws/install/marvelmind_ros2_msgs/include/marvelmind_ros2_msgs/msg/detail/hedge_position_addressed__builder.hpp
[4.493s] -- Up-to-date: /home/coderey/ros2_ws/install/marvelmind_ros2_msgs/include/marvelmind_ros2_msgs/msg/detail/hedge_position_angle__struct.hpp
[4.493s] -- Up-to-date: /home/coderey/ros2_ws/install/marvelmind_ros2_msgs/include/marvelmind_ros2_msgs/msg/detail/beacon_position_addressed__struct.hpp
[4.493s] -- Up-to-date: /home/coderey/ros2_ws/install/marvelmind_ros2_msgs/include/marvelmind_ros2_msgs/msg/detail/hedge_telemetry__traits.hpp
[4.493s] -- Up-to-date: /home/coderey/ros2_ws/install/marvelmind_ros2_msgs/include/marvelmind_ros2_msgs/msg/detail/hedge_position__builder.hpp
[4.493s] -- Up-to-date: /home/coderey/ros2_ws/install/marvelmind_ros2_msgs/include/marvelmind_ros2_msgs/msg/detail/beacon_position_addressed__builder.hpp
[4.493s] -- Up-to-date: /home/coderey/ros2_ws/install/marvelmind_ros2_msgs/include/marvelmind_ros2_msgs/msg/detail/beacon_distance__struct.hpp
[4.493s] -- Up-to-date: /home/coderey/ros2_ws/install/marvelmind_ros2_msgs/include/marvelmind_ros2_msgs/msg/detail/hedge_position_angle__traits.hpp
[4.493s] -- Up-to-date: /home/coderey/ros2_ws/install/marvelmind_ros2_msgs/include/marvelmind_ros2_msgs/msg/detail/beacon_position_addressed__traits.hpp
[4.493s] -- Up-to-date: /home/coderey/ros2_ws/install/marvelmind_ros2_msgs/include/marvelmind_ros2_msgs/msg/detail/hedge_imu_fusion__builder.hpp
[4.493s] -- Up-to-date: /home/coderey/ros2_ws/install/marvelmind_ros2_msgs/include/marvelmind_ros2_msgs/msg/detail/hedge_telemetry__struct.hpp
[4.493s] -- Up-to-date: /home/coderey/ros2_ws/install/marvelmind_ros2_msgs/include/marvelmind_ros2_msgs/msg/detail/marvelmind_waypoint__builder.hpp
[4.494s] -- Up-to-date: /home/coderey/ros2_ws/install/marvelmind_ros2_msgs/include/marvelmind_ros2_msgs/msg/detail/hedge_quality__builder.hpp
[4.494s] -- Up-to-date: /home/coderey/ros2_ws/install/marvelmind_ros2_msgs/include/marvelmind_ros2_msgs/msg/detail/marvelmind_waypoint__struct.hpp
[4.494s] -- Up-to-date: /home/coderey/ros2_ws/install/marvelmind_ros2_msgs/include/marvelmind_ros2_msgs/msg/detail/hedge_position__traits.hpp
[4.494s] -- Up-to-date: /home/coderey/ros2_ws/install/marvelmind_ros2_msgs/include/marvelmind_ros2_msgs/msg/detail/hedge_quality__struct.hpp
[4.494s] -- Up-to-date: /home/coderey/ros2_ws/install/marvelmind_ros2_msgs/include/marvelmind_ros2_msgs/msg/detail/hedge_imu_fusion__traits.hpp
[4.494s] -- Up-to-date: /home/coderey/ros2_ws/install/marvelmind_ros2_msgs/include/marvelmind_ros2_msgs/msg/detail/hedge_imu_raw__struct.hpp
[4.494s] -- Up-to-date: /home/coderey/ros2_ws/install/marvelmind_ros2_msgs/include/marvelmind_ros2_msgs/msg/detail/hedge_quality__traits.hpp
[4.494s] -- Up-to-date: /home/coderey/ros2_ws/install/marvelmind_ros2_msgs/include/marvelmind_ros2_msgs/msg/detail/beacon_distance__traits.hpp
[4.494s] -- Up-to-date: /home/coderey/ros2_ws/install/marvelmind_ros2_msgs/include/marvelmind_ros2_msgs/msg/detail/hedge_position_addressed__struct.hpp
[4.494s] -- Up-to-date: /home/coderey/ros2_ws/install/marvelmind_ros2_msgs/include/marvelmind_ros2_msgs/msg/detail/hedge_position_angle__builder.hpp
[4.495s] -- Up-to-date: /home/coderey/ros2_ws/install/marvelmind_ros2_msgs/include/marvelmind_ros2_msgs/msg/detail/beacon_distance__builder.hpp
[4.495s] -- Up-to-date: /home/coderey/ros2_ws/install/marvelmind_ros2_msgs/include/marvelmind_ros2_msgs/msg/detail/marvelmind_user_data__struct.hpp
[4.495s] -- Up-to-date: /home/coderey/ros2_ws/install/marvelmind_ros2_msgs/include/marvelmind_ros2_msgs/msg/detail/hedge_telemetry__builder.hpp
[4.495s] -- Up-to-date: /home/coderey/ros2_ws/install/marvelmind_ros2_msgs/include/marvelmind_ros2_msgs/msg/detail/hedge_position__struct.hpp
[4.495s] -- Up-to-date: /home/coderey/ros2_ws/install/marvelmind_ros2_msgs/include/marvelmind_ros2_msgs/msg/detail/marvelmind_user_data__traits.hpp
[4.495s] -- Up-to-date: /home/coderey/ros2_ws/install/marvelmind_ros2_msgs/include/marvelmind_ros2_msgs/msg/detail/marvelmind_waypoint__traits.hpp
[4.495s] -- Up-to-date: /home/coderey/ros2_ws/install/marvelmind_ros2_msgs/include/marvelmind_ros2_msgs/msg/beacon_distance.hpp
[4.495s] -- Up-to-date: /home/coderey/ros2_ws/install/marvelmind_ros2_msgs/include/marvelmind_ros2_msgs/msg/hedge_position_addressed.hpp
[4.495s] -- Up-to-date: /home/coderey/ros2_ws/install/marvelmind_ros2_msgs/include/marvelmind_ros2_msgs
[4.495s] -- Up-to-date: /home/coderey/ros2_ws/install/marvelmind_ros2_msgs/include/marvelmind_ros2_msgs/srv
[4.495s] -- Up-to-date: /home/coderey/ros2_ws/install/marvelmind_ros2_msgs/include/marvelmind_ros2_msgs/srv/detail
[4.495s] -- Up-to-date: /home/coderey/ros2_ws/install/marvelmind_ros2_msgs/include/marvelmind_ros2_msgs/srv/detail/microxrcedds
[4.495s] -- Up-to-date: /home/coderey/ros2_ws/install/marvelmind_ros2_msgs/include/marvelmind_ros2_msgs/srv/detail/microxrcedds/marvelmind_api__type_support_cpp.cpp
[4.496s] -- Up-to-date: /home/coderey/ros2_ws/install/marvelmind_ros2_msgs/include/marvelmind_ros2_msgs/srv/detail/marvelmind_api__rosidl_typesupport_microxrcedds_cpp.hpp
[4.496s] -- Up-to-date: /home/coderey/ros2_ws/install/marvelmind_ros2_msgs/include/marvelmind_ros2_msgs/msg
[4.496s] -- Up-to-date: /home/coderey/ros2_ws/install/marvelmind_ros2_msgs/include/marvelmind_ros2_msgs/msg/rosidl_typesupport_microxrcedds_cpp__visibility_control.h
[4.496s] -- Up-to-date: /home/coderey/ros2_ws/install/marvelmind_ros2_msgs/include/marvelmind_ros2_msgs/msg/detail
[4.496s] -- Up-to-date: /home/coderey/ros2_ws/install/marvelmind_ros2_msgs/include/marvelmind_ros2_msgs/msg/detail/hedge_telemetry__rosidl_typesupport_microxrcedds_cpp.hpp
[4.496s] -- Up-to-date: /home/coderey/ros2_ws/install/marvelmind_ros2_msgs/include/marvelmind_ros2_msgs/msg/detail/hedge_position_angle__rosidl_typesupport_microxrcedds_cpp.hpp
[4.496s] -- Up-to-date: /home/coderey/ros2_ws/install/marvelmind_ros2_msgs/include/marvelmind_ros2_msgs/msg/detail/beacon_distance__rosidl_typesupport_microxrcedds_cpp.hpp
[4.496s] -- Up-to-date: /home/coderey/ros2_ws/install/marvelmind_ros2_msgs/include/marvelmind_ros2_msgs/msg/detail/beacon_position_addressed__rosidl_typesupport_microxrcedds_cpp.hpp
[4.496s] -- Up-to-date: /home/coderey/ros2_ws/install/marvelmind_ros2_msgs/include/marvelmind_ros2_msgs/msg/detail/marvelmind_user_data__rosidl_typesupport_microxrcedds_cpp.hpp
[4.496s] -- Up-to-date: /home/coderey/ros2_ws/install/marvelmind_ros2_msgs/include/marvelmind_ros2_msgs/msg/detail/hedge_imu_raw__rosidl_typesupport_microxrcedds_cpp.hpp
[4.496s] -- Up-to-date: /home/coderey/ros2_ws/install/marvelmind_ros2_msgs/include/marvelmind_ros2_msgs/msg/detail/marvelmind_waypoint__rosidl_typesupport_microxrcedds_cpp.hpp
[4.496s] -- Up-to-date: /home/coderey/ros2_ws/install/marvelmind_ros2_msgs/include/marvelmind_ros2_msgs/msg/detail/hedge_position_addressed__rosidl_typesupport_microxrcedds_cpp.hpp
[4.496s] -- Up-to-date: /home/coderey/ros2_ws/install/marvelmind_ros2_msgs/include/marvelmind_ros2_msgs/msg/detail/microxrcedds
[4.497s] -- Up-to-date: /home/coderey/ros2_ws/install/marvelmind_ros2_msgs/include/marvelmind_ros2_msgs/msg/detail/microxrcedds/beacon_position_addressed__type_support_cpp.cpp
[4.497s] -- Up-to-date: /home/coderey/ros2_ws/install/marvelmind_ros2_msgs/include/marvelmind_ros2_msgs/msg/detail/microxrcedds/hedge_telemetry__type_support_cpp.cpp
[4.497s] -- Up-to-date: /home/coderey/ros2_ws/install/marvelmind_ros2_msgs/include/marvelmind_ros2_msgs/msg/detail/microxrcedds/marvelmind_user_data__type_support_cpp.cpp
[4.497s] -- Up-to-date: /home/coderey/ros2_ws/install/marvelmind_ros2_msgs/include/marvelmind_ros2_msgs/msg/detail/microxrcedds/hedge_imu_fusion__type_support_cpp.cpp
[4.497s] -- Up-to-date: /home/coderey/ros2_ws/install/marvelmind_ros2_msgs/include/marvelmind_ros2_msgs/msg/detail/microxrcedds/hedge_position_addressed__type_support_cpp.cpp
[4.497s] -- Up-to-date: /home/coderey/ros2_ws/install/marvelmind_ros2_msgs/include/marvelmind_ros2_msgs/msg/detail/microxrcedds/hedge_quality__type_support_cpp.cpp
[4.497s] -- Up-to-date: /home/coderey/ros2_ws/install/marvelmind_ros2_msgs/include/marvelmind_ros2_msgs/msg/detail/microxrcedds/beacon_distance__type_support_cpp.cpp
[4.497s] -- Up-to-date: /home/coderey/ros2_ws/install/marvelmind_ros2_msgs/include/marvelmind_ros2_msgs/msg/detail/microxrcedds/hedge_position__type_support_cpp.cpp
[4.497s] -- Up-to-date: /home/coderey/ros2_ws/install/marvelmind_ros2_msgs/include/marvelmind_ros2_msgs/msg/detail/microxrcedds/hedge_imu_raw__type_support_cpp.cpp
[4.497s] -- Up-to-date: /home/coderey/ros2_ws/install/marvelmind_ros2_msgs/include/marvelmind_ros2_msgs/msg/detail/microxrcedds/marvelmind_waypoint__type_support_cpp.cpp
[4.497s] -- Up-to-date: /home/coderey/ros2_ws/install/marvelmind_ros2_msgs/include/marvelmind_ros2_msgs/msg/detail/microxrcedds/hedge_position_angle__type_support_cpp.cpp
[4.497s] -- Up-to-date: /home/coderey/ros2_ws/install/marvelmind_ros2_msgs/include/marvelmind_ros2_msgs/msg/detail/hedge_imu_fusion__rosidl_typesupport_microxrcedds_cpp.hpp
[4.498s] -- Up-to-date: /home/coderey/ros2_ws/install/marvelmind_ros2_msgs/include/marvelmind_ros2_msgs/msg/detail/hedge_quality__rosidl_typesupport_microxrcedds_cpp.hpp
[4.498s] -- Up-to-date: /home/coderey/ros2_ws/install/marvelmind_ros2_msgs/include/marvelmind_ros2_msgs/msg/detail/hedge_position__rosidl_typesupport_microxrcedds_cpp.hpp
[4.498s] -- Up-to-date: /home/coderey/ros2_ws/install/marvelmind_ros2_msgs/lib/libmarvelmind_ros2_msgs__rosidl_typesupport_microxrcedds_cpp.so
[4.498s] -- Up-to-date: /home/coderey/ros2_ws/install/marvelmind_ros2_msgs/include/marvelmind_ros2_msgs
[4.498s] -- Up-to-date: /home/coderey/ros2_ws/install/marvelmind_ros2_msgs/include/marvelmind_ros2_msgs/srv
[4.498s] -- Up-to-date: /home/coderey/ros2_ws/install/marvelmind_ros2_msgs/include/marvelmind_ros2_msgs/srv/detail
[4.498s] -- Up-to-date: /home/coderey/ros2_ws/install/marvelmind_ros2_msgs/include/marvelmind_ros2_msgs/srv/detail/marvelmind_api__type_support.cpp
[4.498s] -- Up-to-date: /home/coderey/ros2_ws/install/marvelmind_ros2_msgs/include/marvelmind_ros2_msgs/srv/detail/marvelmind_api__rosidl_typesupport_introspection_cpp.hpp
[4.498s] -- Up-to-date: /home/coderey/ros2_ws/install/marvelmind_ros2_msgs/include/marvelmind_ros2_msgs/msg
[4.498s] -- Up-to-date: /home/coderey/ros2_ws/install/marvelmind_ros2_msgs/include/marvelmind_ros2_msgs/msg/detail
[4.498s] -- Up-to-date: /home/coderey/ros2_ws/install/marvelmind_ros2_msgs/include/marvelmind_ros2_msgs/msg/detail/hedge_position__rosidl_typesupport_introspection_cpp.hpp
[4.498s] -- Up-to-date: /home/coderey/ros2_ws/install/marvelmind_ros2_msgs/include/marvelmind_ros2_msgs/msg/detail/hedge_telemetry__rosidl_typesupport_introspection_cpp.hpp
[4.498s] -- Up-to-date: /home/coderey/ros2_ws/install/marvelmind_ros2_msgs/include/marvelmind_ros2_msgs/msg/detail/marvelmind_waypoint__rosidl_typesupport_introspection_cpp.hpp
[4.499s] -- Up-to-date: /home/coderey/ros2_ws/install/marvelmind_ros2_msgs/include/marvelmind_ros2_msgs/msg/detail/hedge_position_angle__rosidl_typesupport_introspection_cpp.hpp
[4.499s] -- Up-to-date: /home/coderey/ros2_ws/install/marvelmind_ros2_msgs/include/marvelmind_ros2_msgs/msg/detail/beacon_distance__rosidl_typesupport_introspection_cpp.hpp
[4.499s] -- Up-to-date: /home/coderey/ros2_ws/install/marvelmind_ros2_msgs/include/marvelmind_ros2_msgs/msg/detail/beacon_distance__type_support.cpp
[4.499s] -- Up-to-date: /home/coderey/ros2_ws/install/marvelmind_ros2_msgs/include/marvelmind_ros2_msgs/msg/detail/hedge_position__type_support.cpp
[4.499s] -- Up-to-date: /home/coderey/ros2_ws/install/marvelmind_ros2_msgs/include/marvelmind_ros2_msgs/msg/detail/marvelmind_waypoint__type_support.cpp
[4.499s] -- Up-to-date: /home/coderey/ros2_ws/install/marvelmind_ros2_msgs/include/marvelmind_ros2_msgs/msg/detail/hedge_imu_fusion__rosidl_typesupport_introspection_cpp.hpp
[4.499s] -- Up-to-date: /home/coderey/ros2_ws/install/marvelmind_ros2_msgs/include/marvelmind_ros2_msgs/msg/detail/beacon_position_addressed__type_support.cpp
[4.499s] -- Up-to-date: /home/coderey/ros2_ws/install/marvelmind_ros2_msgs/include/marvelmind_ros2_msgs/msg/detail/hedge_imu_raw__rosidl_typesupport_introspection_cpp.hpp
[4.499s] -- Up-to-date: /home/coderey/ros2_ws/install/marvelmind_ros2_msgs/include/marvelmind_ros2_msgs/msg/detail/hedge_quality__type_support.cpp
[4.499s] -- Up-to-date: /home/coderey/ros2_ws/install/marvelmind_ros2_msgs/include/marvelmind_ros2_msgs/msg/detail/hedge_imu_fusion__type_support.cpp
[4.499s] -- Up-to-date: /home/coderey/ros2_ws/install/marvelmind_ros2_msgs/include/marvelmind_ros2_msgs/msg/detail/hedge_position_angle__type_support.cpp
[4.500s] -- Up-to-date: /home/coderey/ros2_ws/install/marvelmind_ros2_msgs/include/marvelmind_ros2_msgs/msg/detail/beacon_position_addressed__rosidl_typesupport_introspection_cpp.hpp
[4.500s] -- Up-to-date: /home/coderey/ros2_ws/install/marvelmind_ros2_msgs/include/marvelmind_ros2_msgs/msg/detail/hedge_telemetry__type_support.cpp
[4.500s] -- Up-to-date: /home/coderey/ros2_ws/install/marvelmind_ros2_msgs/include/marvelmind_ros2_msgs/msg/detail/marvelmind_user_data__type_support.cpp
[4.500s] -- Up-to-date: /home/coderey/ros2_ws/install/marvelmind_ros2_msgs/include/marvelmind_ros2_msgs/msg/detail/marvelmind_user_data__rosidl_typesupport_introspection_cpp.hpp
[4.501s] -- Up-to-date: /home/coderey/ros2_ws/install/marvelmind_ros2_msgs/include/marvelmind_ros2_msgs/msg/detail/hedge_quality__rosidl_typesupport_introspection_cpp.hpp
[4.501s] -- Up-to-date: /home/coderey/ros2_ws/install/marvelmind_ros2_msgs/include/marvelmind_ros2_msgs/msg/detail/hedge_imu_raw__type_support.cpp
[4.502s] -- Up-to-date: /home/coderey/ros2_ws/install/marvelmind_ros2_msgs/include/marvelmind_ros2_msgs/msg/detail/hedge_position_addressed__rosidl_typesupport_introspection_cpp.hpp
[4.502s] -- Up-to-date: /home/coderey/ros2_ws/install/marvelmind_ros2_msgs/include/marvelmind_ros2_msgs/msg/detail/hedge_position_addressed__type_support.cpp
[4.502s] -- Up-to-date: /home/coderey/ros2_ws/install/marvelmind_ros2_msgs/lib/libmarvelmind_ros2_msgs__rosidl_typesupport_introspection_cpp.so
[4.503s] -- Up-to-date: /home/coderey/ros2_ws/install/marvelmind_ros2_msgs/lib/libmarvelmind_ros2_msgs__rosidl_typesupport_cpp.so
[4.503s] -- Up-to-date: /home/coderey/ros2_ws/install/marvelmind_ros2_msgs/share/marvelmind_ros2_msgs/environment/pythonpath.sh
[4.503s] -- Up-to-date: /home/coderey/ros2_ws/install/marvelmind_ros2_msgs/share/marvelmind_ros2_msgs/environment/pythonpath.dsv
[4.503s] -- Up-to-date: /home/coderey/ros2_ws/install/marvelmind_ros2_msgs/lib/python3.8/site-packages/marvelmind_ros2_msgs/__init__.py
[4.545s] -- Up-to-date: /home/coderey/ros2_ws/install/marvelmind_ros2_msgs/lib/python3.8/site-packages/marvelmind_ros2_msgs/msg
[4.546s] -- Up-to-date: /home/coderey/ros2_ws/install/marvelmind_ros2_msgs/lib/python3.8/site-packages/marvelmind_ros2_msgs/msg/_hedge_position_s.c
[4.546s] -- Up-to-date: /home/coderey/ros2_ws/install/marvelmind_ros2_msgs/lib/python3.8/site-packages/marvelmind_ros2_msgs/msg/_hedge_imu_raw_s.c
[4.546s] -- Up-to-date: /home/coderey/ros2_ws/install/marvelmind_ros2_msgs/lib/python3.8/site-packages/marvelmind_ros2_msgs/msg/_marvelmind_waypoint.py
[4.546s] -- Up-to-date: /home/coderey/ros2_ws/install/marvelmind_ros2_msgs/lib/python3.8/site-packages/marvelmind_ros2_msgs/msg/_marvelmind_waypoint_s.c
[4.546s] -- Up-to-date: /home/coderey/ros2_ws/install/marvelmind_ros2_msgs/lib/python3.8/site-packages/marvelmind_ros2_msgs/msg/_hedge_quality_s.c
[4.546s] -- Up-to-date: /home/coderey/ros2_ws/install/marvelmind_ros2_msgs/lib/python3.8/site-packages/marvelmind_ros2_msgs/msg/__init__.py
[4.546s] -- Up-to-date: /home/coderey/ros2_ws/install/marvelmind_ros2_msgs/lib/python3.8/site-packages/marvelmind_ros2_msgs/msg/_hedge_imu_fusion_s.c
[4.546s] -- Up-to-date: /home/coderey/ros2_ws/install/marvelmind_ros2_msgs/lib/python3.8/site-packages/marvelmind_ros2_msgs/msg/_beacon_position_addressed_s.c
[4.546s] -- Up-to-date: /home/coderey/ros2_ws/install/marvelmind_ros2_msgs/lib/python3.8/site-packages/marvelmind_ros2_msgs/msg/_hedge_telemetry.py
[4.546s] -- Up-to-date: /home/coderey/ros2_ws/install/marvelmind_ros2_msgs/lib/python3.8/site-packages/marvelmind_ros2_msgs/msg/_hedge_quality.py
[4.547s] -- Up-to-date: /home/coderey/ros2_ws/install/marvelmind_ros2_msgs/lib/python3.8/site-packages/marvelmind_ros2_msgs/msg/_hedge_telemetry_s.c
[4.547s] -- Up-to-date: /home/coderey/ros2_ws/install/marvelmind_ros2_msgs/lib/python3.8/site-packages/marvelmind_ros2_msgs/msg/_hedge_position_angle.py
[4.547s] -- Up-to-date: /home/coderey/ros2_ws/install/marvelmind_ros2_msgs/lib/python3.8/site-packages/marvelmind_ros2_msgs/msg/_beacon_distance.py
[4.547s] -- Up-to-date: /home/coderey/ros2_ws/install/marvelmind_ros2_msgs/lib/python3.8/site-packages/marvelmind_ros2_msgs/msg/_marvelmind_user_data.py
[4.547s] -- Up-to-date: /home/coderey/ros2_ws/install/marvelmind_ros2_msgs/lib/python3.8/site-packages/marvelmind_ros2_msgs/msg/_hedge_position_addressed_s.c
[4.547s] -- Up-to-date: /home/coderey/ros2_ws/install/marvelmind_ros2_msgs/lib/python3.8/site-packages/marvelmind_ros2_msgs/msg/_marvelmind_user_data_s.c
[4.547s] -- Up-to-date: /home/coderey/ros2_ws/install/marvelmind_ros2_msgs/lib/python3.8/site-packages/marvelmind_ros2_msgs/msg/_beacon_distance_s.c
[4.547s] -- Up-to-date: /home/coderey/ros2_ws/install/marvelmind_ros2_msgs/lib/python3.8/site-packages/marvelmind_ros2_msgs/msg/_hedge_position.py
[4.547s] -- Up-to-date: /home/coderey/ros2_ws/install/marvelmind_ros2_msgs/lib/python3.8/site-packages/marvelmind_ros2_msgs/msg/_hedge_position_angle_s.c
[4.547s] -- Up-to-date: /home/coderey/ros2_ws/install/marvelmind_ros2_msgs/lib/python3.8/site-packages/marvelmind_ros2_msgs/msg/_hedge_imu_raw.py
[4.547s] -- Up-to-date: /home/coderey/ros2_ws/install/marvelmind_ros2_msgs/lib/python3.8/site-packages/marvelmind_ros2_msgs/msg/_beacon_position_addressed.py
[4.548s] -- Up-to-date: /home/coderey/ros2_ws/install/marvelmind_ros2_msgs/lib/python3.8/site-packages/marvelmind_ros2_msgs/msg/_hedge_imu_fusion.py
[4.548s] -- Up-to-date: /home/coderey/ros2_ws/install/marvelmind_ros2_msgs/lib/python3.8/site-packages/marvelmind_ros2_msgs/msg/_hedge_position_addressed.py
[4.548s] -- Up-to-date: /home/coderey/ros2_ws/install/marvelmind_ros2_msgs/lib/python3.8/site-packages/marvelmind_ros2_msgs/srv
[4.548s] -- Up-to-date: /home/coderey/ros2_ws/install/marvelmind_ros2_msgs/lib/python3.8/site-packages/marvelmind_ros2_msgs/srv/__init__.py
[4.549s] -- Up-to-date: /home/coderey/ros2_ws/install/marvelmind_ros2_msgs/lib/python3.8/site-packages/marvelmind_ros2_msgs/srv/_marvelmind_api_s.c
[4.557s] -- Up-to-date: /home/coderey/ros2_ws/install/marvelmind_ros2_msgs/lib/python3.8/site-packages/marvelmind_ros2_msgs/srv/_marvelmind_api.py
[4.557s] -- Up-to-date: /home/coderey/ros2_ws/install/marvelmind_ros2_msgs/lib/python3.8/site-packages/marvelmind_ros2_msgs/marvelmind_ros2_msgs_s__rosidl_typesupport_microxrcedds_c.cpython-38-x86_64-linux-gnu.so
[4.557s] -- Up-to-date: /home/coderey/ros2_ws/install/marvelmind_ros2_msgs/lib/python3.8/site-packages/marvelmind_ros2_msgs/marvelmind_ros2_msgs_s__rosidl_typesupport_fastrtps_c.cpython-38-x86_64-linux-gnu.so
[4.557s] -- Up-to-date: /home/coderey/ros2_ws/install/marvelmind_ros2_msgs/lib/python3.8/site-packages/marvelmind_ros2_msgs/marvelmind_ros2_msgs_s__rosidl_typesupport_introspection_c.cpython-38-x86_64-linux-gnu.so
[4.557s] -- Up-to-date: /home/coderey/ros2_ws/install/marvelmind_ros2_msgs/lib/python3.8/site-packages/marvelmind_ros2_msgs/marvelmind_ros2_msgs_s__rosidl_typesupport_c.cpython-38-x86_64-linux-gnu.so
[4.557s] -- Up-to-date: /home/coderey/ros2_ws/install/marvelmind_ros2_msgs/lib/libmarvelmind_ros2_msgs__python.so
[4.557s] -- Up-to-date: /home/coderey/ros2_ws/install/marvelmind_ros2_msgs/share/marvelmind_ros2_msgs/msg/BeaconDistance.idl
[4.557s] -- Up-to-date: /home/coderey/ros2_ws/install/marvelmind_ros2_msgs/share/marvelmind_ros2_msgs/msg/BeaconPositionAddressed.idl
[4.557s] -- Up-to-date: /home/coderey/ros2_ws/install/marvelmind_ros2_msgs/share/marvelmind_ros2_msgs/msg/HedgeImuFusion.idl
[4.558s] -- Up-to-date: /home/coderey/ros2_ws/install/marvelmind_ros2_msgs/share/marvelmind_ros2_msgs/msg/HedgeImuRaw.idl
[4.558s] -- Up-to-date: /home/coderey/ros2_ws/install/marvelmind_ros2_msgs/share/marvelmind_ros2_msgs/msg/HedgePositionAddressed.idl
[4.558s] -- Up-to-date: /home/coderey/ros2_ws/install/marvelmind_ros2_msgs/share/marvelmind_ros2_msgs/msg/HedgePositionAngle.idl
[4.558s] -- Up-to-date: /home/coderey/ros2_ws/install/marvelmind_ros2_msgs/share/marvelmind_ros2_msgs/msg/HedgePosition.idl
[4.558s] -- Up-to-date: /home/coderey/ros2_ws/install/marvelmind_ros2_msgs/share/marvelmind_ros2_msgs/msg/HedgeQuality.idl
[4.558s] -- Up-to-date: /home/coderey/ros2_ws/install/marvelmind_ros2_msgs/share/marvelmind_ros2_msgs/msg/HedgeTelemetry.idl
[4.558s] -- Up-to-date: /home/coderey/ros2_ws/install/marvelmind_ros2_msgs/share/marvelmind_ros2_msgs/msg/MarvelmindWaypoint.idl
[4.558s] -- Up-to-date: /home/coderey/ros2_ws/install/marvelmind_ros2_msgs/share/marvelmind_ros2_msgs/msg/MarvelmindUserData.idl
[4.558s] -- Up-to-date: /home/coderey/ros2_ws/install/marvelmind_ros2_msgs/share/marvelmind_ros2_msgs/srv/MarvelmindAPI.idl
[4.558s] -- Up-to-date: /home/coderey/ros2_ws/install/marvelmind_ros2_msgs/share/marvelmind_ros2_msgs/msg/BeaconDistance.msg
[4.558s] -- Up-to-date: /home/coderey/ros2_ws/install/marvelmind_ros2_msgs/share/marvelmind_ros2_msgs/msg/BeaconPositionAddressed.msg
[4.559s] -- Up-to-date: /home/coderey/ros2_ws/install/marvelmind_ros2_msgs/share/marvelmind_ros2_msgs/msg/HedgeImuFusion.msg
[4.559s] -- Up-to-date: /home/coderey/ros2_ws/install/marvelmind_ros2_msgs/share/marvelmind_ros2_msgs/msg/HedgeImuRaw.msg
[4.559s] -- Up-to-date: /home/coderey/ros2_ws/install/marvelmind_ros2_msgs/share/marvelmind_ros2_msgs/msg/HedgePositionAddressed.msg
[4.559s] -- Up-to-date: /home/coderey/ros2_ws/install/marvelmind_ros2_msgs/share/marvelmind_ros2_msgs/msg/HedgePositionAngle.msg
[4.559s] -- Up-to-date: /home/coderey/ros2_ws/install/marvelmind_ros2_msgs/share/marvelmind_ros2_msgs/msg/HedgePosition.msg
[4.559s] -- Up-to-date: /home/coderey/ros2_ws/install/marvelmind_ros2_msgs/share/marvelmind_ros2_msgs/msg/HedgeQuality.msg
[4.559s] -- Up-to-date: /home/coderey/ros2_ws/install/marvelmind_ros2_msgs/share/marvelmind_ros2_msgs/msg/HedgeTelemetry.msg
[4.559s] -- Up-to-date: /home/coderey/ros2_ws/install/marvelmind_ros2_msgs/share/marvelmind_ros2_msgs/msg/MarvelmindWaypoint.msg
[4.559s] -- Up-to-date: /home/coderey/ros2_ws/install/marvelmind_ros2_msgs/share/marvelmind_ros2_msgs/msg/MarvelmindUserData.msg
[4.559s] -- Up-to-date: /home/coderey/ros2_ws/install/marvelmind_ros2_msgs/share/marvelmind_ros2_msgs/srv/MarvelmindAPI.srv
[4.559s] -- Up-to-date: /home/coderey/ros2_ws/install/marvelmind_ros2_msgs/share/marvelmind_ros2_msgs/srv/MarvelmindAPI_Request.msg
[4.559s] -- Up-to-date: /home/coderey/ros2_ws/install/marvelmind_ros2_msgs/share/marvelmind_ros2_msgs/srv/MarvelmindAPI_Response.msg
[4.560s] -- Up-to-date: /home/coderey/ros2_ws/install/marvelmind_ros2_msgs/share/ament_index/resource_index/package_run_dependencies/marvelmind_ros2_msgs
[4.560s] -- Up-to-date: /home/coderey/ros2_ws/install/marvelmind_ros2_msgs/share/ament_index/resource_index/parent_prefix_path/marvelmind_ros2_msgs
[4.560s] -- Up-to-date: /home/coderey/ros2_ws/install/marvelmind_ros2_msgs/share/marvelmind_ros2_msgs/environment/ament_prefix_path.sh
[4.560s] -- Up-to-date: /home/coderey/ros2_ws/install/marvelmind_ros2_msgs/share/marvelmind_ros2_msgs/environment/ament_prefix_path.dsv
[4.560s] -- Up-to-date: /home/coderey/ros2_ws/install/marvelmind_ros2_msgs/share/marvelmind_ros2_msgs/environment/path.sh
[4.560s] -- Up-to-date: /home/coderey/ros2_ws/install/marvelmind_ros2_msgs/share/marvelmind_ros2_msgs/environment/path.dsv
[4.560s] -- Up-to-date: /home/coderey/ros2_ws/install/marvelmind_ros2_msgs/share/marvelmind_ros2_msgs/local_setup.bash
[4.560s] -- Up-to-date: /home/coderey/ros2_ws/install/marvelmind_ros2_msgs/share/marvelmind_ros2_msgs/local_setup.sh
[4.560s] -- Up-to-date: /home/coderey/ros2_ws/install/marvelmind_ros2_msgs/share/marvelmind_ros2_msgs/local_setup.zsh
[4.560s] -- Up-to-date: /home/coderey/ros2_ws/install/marvelmind_ros2_msgs/share/marvelmind_ros2_msgs/local_setup.dsv
[4.560s] -- Installing: /home/coderey/ros2_ws/install/marvelmind_ros2_msgs/share/marvelmind_ros2_msgs/package.dsv
[4.561s] -- Up-to-date: /home/coderey/ros2_ws/install/marvelmind_ros2_msgs/share/ament_index/resource_index/packages/marvelmind_ros2_msgs
[4.561s] -- Up-to-date: /home/coderey/ros2_ws/install/marvelmind_ros2_msgs/share/marvelmind_ros2_msgs/cmake/marvelmind_ros2_msgs__rosidl_generator_cExport.cmake
[4.561s] -- Up-to-date: /home/coderey/ros2_ws/install/marvelmind_ros2_msgs/share/marvelmind_ros2_msgs/cmake/marvelmind_ros2_msgs__rosidl_generator_cExport-noconfig.cmake
[4.561s] -- Up-to-date: /home/coderey/ros2_ws/install/marvelmind_ros2_msgs/share/marvelmind_ros2_msgs/cmake/marvelmind_ros2_msgs__rosidl_typesupport_introspection_cExport.cmake
[4.561s] -- Up-to-date: /home/coderey/ros2_ws/install/marvelmind_ros2_msgs/share/marvelmind_ros2_msgs/cmake/marvelmind_ros2_msgs__rosidl_typesupport_introspection_cExport-noconfig.cmake
[4.561s] -- Up-to-date: /home/coderey/ros2_ws/install/marvelmind_ros2_msgs/share/marvelmind_ros2_msgs/cmake/marvelmind_ros2_msgs__rosidl_typesupport_cExport.cmake
[4.561s] -- Up-to-date: /home/coderey/ros2_ws/install/marvelmind_ros2_msgs/share/marvelmind_ros2_msgs/cmake/marvelmind_ros2_msgs__rosidl_typesupport_cExport-noconfig.cmake
[4.561s] -- Up-to-date: /home/coderey/ros2_ws/install/marvelmind_ros2_msgs/share/marvelmind_ros2_msgs/cmake/marvelmind_ros2_msgs__rosidl_generator_cppExport.cmake
[4.561s] -- Up-to-date: /home/coderey/ros2_ws/install/marvelmind_ros2_msgs/share/marvelmind_ros2_msgs/cmake/marvelmind_ros2_msgs__rosidl_typesupport_introspection_cppExport.cmake
[4.561s] -- Up-to-date: /home/coderey/ros2_ws/install/marvelmind_ros2_msgs/share/marvelmind_ros2_msgs/cmake/marvelmind_ros2_msgs__rosidl_typesupport_introspection_cppExport-noconfig.cmake
[4.561s] -- Up-to-date: /home/coderey/ros2_ws/install/marvelmind_ros2_msgs/share/marvelmind_ros2_msgs/cmake/marvelmind_ros2_msgs__rosidl_typesupport_cppExport.cmake
[4.562s] -- Up-to-date: /home/coderey/ros2_ws/install/marvelmind_ros2_msgs/share/marvelmind_ros2_msgs/cmake/marvelmind_ros2_msgs__rosidl_typesupport_cppExport-noconfig.cmake
[4.562s] -- Up-to-date: /home/coderey/ros2_ws/install/marvelmind_ros2_msgs/share/marvelmind_ros2_msgs/cmake/rosidl_cmake-extras.cmake
[4.562s] -- Up-to-date: /home/coderey/ros2_ws/install/marvelmind_ros2_msgs/share/marvelmind_ros2_msgs/cmake/ament_cmake_export_dependencies-extras.cmake
[4.562s] -- Up-to-date: /home/coderey/ros2_ws/install/marvelmind_ros2_msgs/share/marvelmind_ros2_msgs/cmake/ament_cmake_export_libraries-extras.cmake
[4.562s] -- Up-to-date: /home/coderey/ros2_ws/install/marvelmind_ros2_msgs/share/marvelmind_ros2_msgs/cmake/ament_cmake_export_targets-extras.cmake
[4.562s] -- Up-to-date: /home/coderey/ros2_ws/install/marvelmind_ros2_msgs/share/marvelmind_ros2_msgs/cmake/ament_cmake_export_include_directories-extras.cmake
[4.562s] -- Up-to-date: /home/coderey/ros2_ws/install/marvelmind_ros2_msgs/share/marvelmind_ros2_msgs/cmake/rosidl_cmake_export_typesupport_libraries-extras.cmake
[4.562s] -- Up-to-date: /home/coderey/ros2_ws/install/marvelmind_ros2_msgs/share/marvelmind_ros2_msgs/cmake/rosidl_cmake_export_typesupport_targets-extras.cmake
[4.562s] -- Up-to-date: /home/coderey/ros2_ws/install/marvelmind_ros2_msgs/share/marvelmind_ros2_msgs/cmake/marvelmind_ros2_msgsConfig.cmake
[4.562s] -- Up-to-date: /home/coderey/ros2_ws/install/marvelmind_ros2_msgs/share/marvelmind_ros2_msgs/cmake/marvelmind_ros2_msgsConfig-version.cmake
[4.562s] -- Up-to-date: /home/coderey/ros2_ws/install/marvelmind_ros2_msgs/share/marvelmind_ros2_msgs/package.xml
[5.231s] Invoked command in '/home/coderey/ros2_ws/build/marvelmind_ros2_msgs' returned '0': CMAKE_PREFIX_PATH=${CMAKE_PREFIX_PATH}:/home/coderey/ros2_ws/install/swisscat_robot:/home/coderey/ros2_ws/install/nav2_gps_waypoint_follower_demo:/home/coderey/ros2_ws/install/nav2_simple_commander:/home/coderey/ros2_ws/install/mob_rob_loca:/home/coderey/ros2_ws/install/bno055:/home/coderey/microros_ws/install/sensor_msgs_py:/opt/ros/galactic /usr/bin/cmake --install /home/coderey/ros2_ws/build/marvelmind_ros2_msgs
