-- Found ament_cmake_core: 1.1.6 (/opt/ros/galactic/share/ament_cmake_core/cmake)
-- Found PythonInterp: /usr/bin/python3 (found suitable version "3.8.10", minimum required is "3") 
-- Using PYTHON_EXECUTABLE: /usr/bin/python3
-- Override CMake install command with custom implementation using symlinks instead of copying resources
-- Found ament_cmake_python: 1.1.6 (/opt/ros/galactic/share/ament_cmake_python/cmake)
-- Configuring done
-- Generating done
-- Build files have been written to: /home/coderey/ros2_ws/build/nav2_common
[35m[1mScanning dependencies of target ament_cmake_python_symlink_nav2_common[0m
Built target ament_cmake_python_symlink_nav2_common
[35m[1mScanning dependencies of target ament_cmake_python_build_nav2_common_egg[0m
running egg_info
creating nav2_common.egg-info
writing nav2_common.egg-info/PKG-INFO
writing dependency_links to nav2_common.egg-info/dependency_links.txt
writing top-level names to nav2_common.egg-info/top_level.txt
writing manifest file 'nav2_common.egg-info/SOURCES.txt'
reading manifest file 'nav2_common.egg-info/SOURCES.txt'
writing manifest file 'nav2_common.egg-info/SOURCES.txt'
Built target ament_cmake_python_build_nav2_common_egg
-- Install configuration: ""
-- Execute custom install script
-- Symlinking: /home/coderey/ros2_ws/install/nav2_common/share/nav2_common/environment/pythonpath.sh
-- Symlinking: /home/coderey/ros2_ws/install/nav2_common/share/nav2_common/environment/pythonpath.dsv
-- Symlinking: /home/coderey/ros2_ws/install/nav2_common/lib/python3.8/site-packages//nav2_common.egg-info/PKG-INFO
-- Symlinking: /home/coderey/ros2_ws/install/nav2_common/lib/python3.8/site-packages//nav2_common.egg-info/SOURCES.txt
-- Symlinking: /home/coderey/ros2_ws/install/nav2_common/lib/python3.8/site-packages//nav2_common.egg-info/dependency_links.txt
-- Symlinking: /home/coderey/ros2_ws/install/nav2_common/lib/python3.8/site-packages//nav2_common.egg-info/top_level.txt
-- Symlinking: /home/coderey/ros2_ws/install/nav2_common/lib/python3.8/site-packages/nav2_common/__init__.py
-- Symlinking: /home/coderey/ros2_ws/install/nav2_common/lib/python3.8/site-packages/nav2_common/launch/__init__.py
-- Symlinking: /home/coderey/ros2_ws/install/nav2_common/lib/python3.8/site-packages/nav2_common/launch/has_node_params.py
-- Symlinking: /home/coderey/ros2_ws/install/nav2_common/lib/python3.8/site-packages/nav2_common/launch/replace_string.py
-- Symlinking: /home/coderey/ros2_ws/install/nav2_common/lib/python3.8/site-packages/nav2_common/launch/rewritten_yaml.py
-- Symlinking: /home/coderey/ros2_ws/install/nav2_common/share/ament_index/resource_index/package_run_dependencies/nav2_common
-- Symlinking: /home/coderey/ros2_ws/install/nav2_common/share/ament_index/resource_index/parent_prefix_path/nav2_common
-- Symlinking: /home/coderey/ros2_ws/install/nav2_common/share/nav2_common/environment/ament_prefix_path.sh
-- Symlinking: /home/coderey/ros2_ws/install/nav2_common/share/nav2_common/environment/ament_prefix_path.dsv
-- Symlinking: /home/coderey/ros2_ws/install/nav2_common/share/nav2_common/environment/path.sh
-- Symlinking: /home/coderey/ros2_ws/install/nav2_common/share/nav2_common/environment/path.dsv
-- Symlinking: /home/coderey/ros2_ws/install/nav2_common/share/nav2_common/local_setup.bash
-- Symlinking: /home/coderey/ros2_ws/install/nav2_common/share/nav2_common/local_setup.sh
-- Symlinking: /home/coderey/ros2_ws/install/nav2_common/share/nav2_common/local_setup.zsh
-- Symlinking: /home/coderey/ros2_ws/install/nav2_common/share/nav2_common/local_setup.dsv
-- Symlinking: /home/coderey/ros2_ws/install/nav2_common/share/nav2_common/package.dsv
-- Symlinking: /home/coderey/ros2_ws/install/nav2_common/share/ament_index/resource_index/packages/nav2_common
-- Symlinking: /home/coderey/ros2_ws/install/nav2_common/share/nav2_common/cmake/nav2_common-extras.cmake
-- Symlinking: /home/coderey/ros2_ws/install/nav2_common/share/nav2_common/cmake/nav2_commonConfig.cmake
-- Symlinking: /home/coderey/ros2_ws/install/nav2_common/share/nav2_common/cmake/nav2_commonConfig-version.cmake
-- Symlinking: /home/coderey/ros2_ws/install/nav2_common/share/nav2_common/package.xml
-- Symlinking: /home/coderey/ros2_ws/install/nav2_common/share/nav2_common/cmake/nav2_package.cmake
Listing '/home/coderey/ros2_ws/install/nav2_common/lib/python3.8/site-packages/nav2_common'...
Compiling '/home/coderey/ros2_ws/install/nav2_common/lib/python3.8/site-packages/nav2_common/__init__.py'...
Listing '/home/coderey/ros2_ws/install/nav2_common/lib/python3.8/site-packages/nav2_common/launch'...
Compiling '/home/coderey/ros2_ws/install/nav2_common/lib/python3.8/site-packages/nav2_common/launch/__init__.py'...
Compiling '/home/coderey/ros2_ws/install/nav2_common/lib/python3.8/site-packages/nav2_common/launch/has_node_params.py'...
Compiling '/home/coderey/ros2_ws/install/nav2_common/lib/python3.8/site-packages/nav2_common/launch/replace_string.py'...
Compiling '/home/coderey/ros2_ws/install/nav2_common/lib/python3.8/site-packages/nav2_common/launch/rewritten_yaml.py'...
