-- The C compiler identification is GNU 9.4.0
-- The CXX compiler identification is GNU 9.4.0
-- Check for working C compiler: /usr/bin/cc
-- Check for working C compiler: /usr/bin/cc -- works
-- Detecting C compiler ABI info
-- Detecting C compiler ABI info - done
-- Detecting C compile features
-- Detecting C compile features - done
-- Check for working CXX compiler: /usr/bin/c++
-- Check for working CXX compiler: /usr/bin/c++ -- works
-- Detecting CXX compiler ABI info
-- Detecting CXX compiler ABI info - done
-- Detecting CXX compile features
-- Detecting CXX compile features - done
-- Found ament_cmake: 1.1.6 (/opt/ros/galactic/share/ament_cmake/cmake)
-- Found PythonInterp: /usr/bin/python3 (found suitable version "3.8.10", minimum required is "3") 
-- Using PYTHON_EXECUTABLE: /usr/bin/python3
-- Override CMake install command with custom implementation using symlinks instead of copying resources
-- Found nav2_common: 1.0.12 (/home/coderey/ros2_ws/install/nav2_common/share/nav2_common/cmake)
-- Found rclcpp: 9.2.2 (/opt/ros/galactic/share/rclcpp/cmake)
-- Using all available rosidl_typesupport_c: rosidl_typesupport_microxrcedds_c;rosidl_typesupport_fastrtps_c;rosidl_typesupport_introspection_c
-- Found rosidl_adapter: 2.2.3 (/opt/ros/galactic/share/rosidl_adapter/cmake)
-- Found OpenSSL: /usr/lib/x86_64-linux-gnu/libcrypto.so (found version "1.1.1f")  
-- Found FastRTPS: /opt/ros/galactic/include  
-- Using all available rosidl_typesupport_cpp: rosidl_typesupport_microxrcedds_cpp;rosidl_typesupport_fastrtps_cpp;rosidl_typesupport_introspection_cpp
-- Found rmw_implementation_cmake: 3.3.1 (/opt/ros/galactic/share/rmw_implementation_cmake/cmake)
-- Found rmw_cyclonedds_cpp: 0.22.6 (/opt/ros/galactic/share/rmw_cyclonedds_cpp/cmake)
-- Using RMW implementation 'rmw_cyclonedds_cpp' as default
-- Looking for pthread.h
-- Looking for pthread.h - found
-- Performing Test CMAKE_HAVE_LIBC_PTHREAD
-- Performing Test CMAKE_HAVE_LIBC_PTHREAD - Failed
-- Looking for pthread_create in pthreads
-- Looking for pthread_create in pthreads - not found
-- Looking for pthread_create in pthread
-- Looking for pthread_create in pthread - found
-- Found Threads: TRUE  
-- Found rclcpp_action: 9.2.2 (/opt/ros/galactic/share/rclcpp_action/cmake)
-- Found rclcpp_lifecycle: 9.2.2 (/opt/ros/galactic/share/rclcpp_lifecycle/cmake)
-- Found visualization_msgs: 2.2.4 (/home/coderey/microros_ws/install/visualization_msgs/share/visualization_msgs/cmake)
-- Found nav2_util: 1.0.12 (/home/coderey/ros2_ws/install/nav2_util/share/nav2_util/cmake)
-- Found eigen3_cmake_module: 0.1.1 (/opt/ros/galactic/share/eigen3_cmake_module/cmake)
-- Found Eigen3: TRUE (found version "3.3.7") 
-- Found nav2_core: 1.0.12 (/home/coderey/ros2_ws/install/nav2_core/share/nav2_core/cmake)
-- Found ompl: /opt/ros/galactic/include/ompl-1.5;/usr/include;/usr/include/eigen3  
-- Found OpenMP_C: -fopenmp (found version "4.5") 
-- Found OpenMP_CXX: -fopenmp (found version "4.5") 
-- Found OpenMP: TRUE (found version "4.5")  
-- Found OpenMP_C: -fopenmp (found version "4.5") 
-- Found OpenMP_CXX: -fopenmp (found version "4.5") 
-- Found ament_lint_auto: 0.10.7 (/opt/ros/galactic/share/ament_lint_auto/cmake)
-- Found gtest sources under '/opt/ros/galactic/src/gtest_vendor': C++ tests using 'Google Test' will be built
-- Check if compiler accepts -pthread
-- Check if compiler accepts -pthread - yes
-- Added test 'copyright' to check source files copyright and LICENSE
-- Added test 'cppcheck' to perform static code analysis on C / C++ code
-- Configured cppcheck include dirs: /home/coderey/ros2_ws/src/navigation2/nav2_smac_planner/include
-- Configured cppcheck exclude dirs and/or files: 
-- Added test 'cpplint' to check C / C++ code against the Google style
-- Configured cpplint exclude dirs and/or files: 
-- Added test 'lint_cmake' to check CMake code style
-- Added test 'uncrustify' to check C / C++ code style
-- Configured uncrustify additional arguments: 
-- Added test 'xmllint' to check XML markup files
-- Configuring done
-- Generating done
-- Build files have been written to: /home/coderey/ros2_ws/build/nav2_smac_planner
[35m[1mScanning dependencies of target nav2_smac_planner_2d[0m
[  3%] [32mBuilding CXX object CMakeFiles/nav2_smac_planner_2d.dir/src/smac_planner_2d.cpp.o[0m
[  6%] [32mBuilding CXX object CMakeFiles/nav2_smac_planner_2d.dir/src/node_2d.cpp.o[0m
[  9%] [32mBuilding CXX object CMakeFiles/nav2_smac_planner_2d.dir/src/costmap_downsampler.cpp.o[0m
[ 12%] [32mBuilding CXX object CMakeFiles/nav2_smac_planner_2d.dir/src/node_hybrid.cpp.o[0m
[ 15%] [32mBuilding CXX object CMakeFiles/nav2_smac_planner_2d.dir/src/a_star.cpp.o[0m
[ 18%] [32m[1mLinking CXX shared library libnav2_smac_planner_2d.so[0m
[ 18%] Built target nav2_smac_planner_2d
[35m[1mScanning dependencies of target gtest_main[0m
[ 21%] [32mBuilding CXX object gtest/CMakeFiles/gtest_main.dir/src/gtest_main.cc.o[0m
[ 25%] [32m[1mLinking CXX static library libgtest_main.a[0m
[ 25%] Built target gtest_main
[35m[1mScanning dependencies of target gtest[0m
[ 28%] [32mBuilding CXX object gtest/CMakeFiles/gtest.dir/src/gtest-all.cc.o[0m
[ 31%] [32m[1mLinking CXX static library libgtest.a[0m
[ 31%] Built target gtest
[35m[1mScanning dependencies of target nav2_smac_planner[0m
[ 34%] [32mBuilding CXX object CMakeFiles/nav2_smac_planner.dir/src/smac_planner_hybrid.cpp.o[0m
[ 37%] [32mBuilding CXX object CMakeFiles/nav2_smac_planner.dir/src/costmap_downsampler.cpp.o[0m
[ 40%] [32mBuilding CXX object CMakeFiles/nav2_smac_planner.dir/src/node_2d.cpp.o[0m
[ 43%] [32mBuilding CXX object CMakeFiles/nav2_smac_planner.dir/src/node_hybrid.cpp.o[0m
[ 46%] [32mBuilding CXX object CMakeFiles/nav2_smac_planner.dir/src/a_star.cpp.o[0m
[ 50%] [32m[1mLinking CXX shared library libnav2_smac_planner.so[0m
[ 50%] Built target nav2_smac_planner
[35m[1mScanning dependencies of target test_smac_2d[0m
[35m[1mScanning dependencies of target test_a_star[0m
[35m[1mScanning dependencies of target test_costmap_downsampler[0m
[ 56%] [32mBuilding CXX object test/CMakeFiles/test_a_star.dir/test_a_star.cpp.o[0m
[ 53%] [32mBuilding CXX object test/CMakeFiles/test_smac_2d.dir/test_smac_2d.cpp.o[0m
[ 59%] [32mBuilding CXX object test/CMakeFiles/test_costmap_downsampler.dir/test_costmap_downsampler.cpp.o[0m
[ 62%] [32m[1mLinking CXX executable test_costmap_downsampler[0m
[ 62%] Built target test_costmap_downsampler
[35m[1mScanning dependencies of target test_smac_hybrid[0m
[ 65%] [32mBuilding CXX object test/CMakeFiles/test_smac_hybrid.dir/test_smac_hybrid.cpp.o[0m
[ 68%] [32m[1mLinking CXX executable test_smac_2d[0m
[ 71%] [32m[1mLinking CXX executable test_a_star[0m
[ 71%] Built target test_smac_2d
[35m[1mScanning dependencies of target test_collision_checker[0m
[ 71%] Built target test_a_star
[35m[1mScanning dependencies of target test_nodebasic[0m
[ 75%] [32mBuilding CXX object test/CMakeFiles/test_collision_checker.dir/test_collision_checker.cpp.o[0m
[ 78%] [32mBuilding CXX object test/CMakeFiles/test_nodebasic.dir/test_nodebasic.cpp.o[0m
[ 81%] [32m[1mLinking CXX executable test_collision_checker[0m
[ 81%] Built target test_collision_checker
[35m[1mScanning dependencies of target test_nodehybrid[0m
[ 84%] [32mBuilding CXX object test/CMakeFiles/test_nodehybrid.dir/test_nodehybrid.cpp.o[0m
[ 87%] [32m[1mLinking CXX executable test_smac_hybrid[0m
[ 87%] Built target test_smac_hybrid
[35m[1mScanning dependencies of target test_node2d[0m
[ 90%] [32mBuilding CXX object test/CMakeFiles/test_node2d.dir/test_node2d.cpp.o[0m
[ 93%] [32m[1mLinking CXX executable test_nodebasic[0m
[ 93%] Built target test_nodebasic
[ 96%] [32m[1mLinking CXX executable test_nodehybrid[0m
[ 96%] Built target test_nodehybrid
[100%] [32m[1mLinking CXX executable test_node2d[0m
[100%] Built target test_node2d
-- Install configuration: "Release"
-- Execute custom install script
-- Symlinking: /home/coderey/ros2_ws/install/nav2_smac_planner/share/nav2_smac_planner//smac_plugin.xml
-- Symlinking: /home/coderey/ros2_ws/install/nav2_smac_planner/share/nav2_smac_planner//smac_plugin_2d.xml
-- Symlinking: /home/coderey/ros2_ws/install/nav2_smac_planner/lib/libnav2_smac_planner.so
-- Symlinking: /home/coderey/ros2_ws/install/nav2_smac_planner/lib/libnav2_smac_planner_2d.so
-- Symlinking: /home/coderey/ros2_ws/install/nav2_smac_planner/include//nav2_smac_planner/a_star.hpp
-- Symlinking: /home/coderey/ros2_ws/install/nav2_smac_planner/include//nav2_smac_planner/collision_checker.hpp
-- Symlinking: /home/coderey/ros2_ws/install/nav2_smac_planner/include//nav2_smac_planner/constants.hpp
-- Symlinking: /home/coderey/ros2_ws/install/nav2_smac_planner/include//nav2_smac_planner/costmap_downsampler.hpp
-- Symlinking: /home/coderey/ros2_ws/install/nav2_smac_planner/include//nav2_smac_planner/node_2d.hpp
-- Symlinking: /home/coderey/ros2_ws/install/nav2_smac_planner/include//nav2_smac_planner/node_basic.hpp
-- Symlinking: /home/coderey/ros2_ws/install/nav2_smac_planner/include//nav2_smac_planner/node_hybrid.hpp
-- Symlinking: /home/coderey/ros2_ws/install/nav2_smac_planner/include//nav2_smac_planner/smac_planner_2d.hpp
-- Symlinking: /home/coderey/ros2_ws/install/nav2_smac_planner/include//nav2_smac_planner/smac_planner_hybrid.hpp
-- Symlinking: /home/coderey/ros2_ws/install/nav2_smac_planner/include//nav2_smac_planner/smoother.hpp
-- Symlinking: /home/coderey/ros2_ws/install/nav2_smac_planner/include//nav2_smac_planner/types.hpp
-- Symlinking: /home/coderey/ros2_ws/install/nav2_smac_planner/include//nav2_smac_planner/utils.hpp
-- Symlinking: /home/coderey/ros2_ws/install/nav2_smac_planner/share/nav2_smac_planner/environment/library_path.sh
-- Symlinking: /home/coderey/ros2_ws/install/nav2_smac_planner/share/nav2_smac_planner/environment/library_path.dsv
-- Symlinking: /home/coderey/ros2_ws/install/nav2_smac_planner/share/ament_index/resource_index/package_run_dependencies/nav2_smac_planner
-- Symlinking: /home/coderey/ros2_ws/install/nav2_smac_planner/share/ament_index/resource_index/parent_prefix_path/nav2_smac_planner
-- Symlinking: /home/coderey/ros2_ws/install/nav2_smac_planner/share/nav2_smac_planner/environment/ament_prefix_path.sh
-- Symlinking: /home/coderey/ros2_ws/install/nav2_smac_planner/share/nav2_smac_planner/environment/ament_prefix_path.dsv
-- Symlinking: /home/coderey/ros2_ws/install/nav2_smac_planner/share/nav2_smac_planner/environment/path.sh
-- Symlinking: /home/coderey/ros2_ws/install/nav2_smac_planner/share/nav2_smac_planner/environment/path.dsv
-- Symlinking: /home/coderey/ros2_ws/install/nav2_smac_planner/share/nav2_smac_planner/local_setup.bash
-- Symlinking: /home/coderey/ros2_ws/install/nav2_smac_planner/share/nav2_smac_planner/local_setup.sh
-- Symlinking: /home/coderey/ros2_ws/install/nav2_smac_planner/share/nav2_smac_planner/local_setup.zsh
-- Symlinking: /home/coderey/ros2_ws/install/nav2_smac_planner/share/nav2_smac_planner/local_setup.dsv
-- Symlinking: /home/coderey/ros2_ws/install/nav2_smac_planner/share/nav2_smac_planner/package.dsv
-- Symlinking: /home/coderey/ros2_ws/install/nav2_smac_planner/share/ament_index/resource_index/packages/nav2_smac_planner
-- Symlinking: /home/coderey/ros2_ws/install/nav2_smac_planner/share/ament_index/resource_index/nav2_core__pluginlib__plugin/nav2_smac_planner
-- Symlinking: /home/coderey/ros2_ws/install/nav2_smac_planner/share/nav2_smac_planner/cmake/ament_cmake_export_include_directories-extras.cmake
-- Symlinking: /home/coderey/ros2_ws/install/nav2_smac_planner/share/nav2_smac_planner/cmake/ament_cmake_export_libraries-extras.cmake
-- Symlinking: /home/coderey/ros2_ws/install/nav2_smac_planner/share/nav2_smac_planner/cmake/ament_cmake_export_dependencies-extras.cmake
-- Symlinking: /home/coderey/ros2_ws/install/nav2_smac_planner/share/nav2_smac_planner/cmake/nav2_smac_plannerConfig.cmake
-- Symlinking: /home/coderey/ros2_ws/install/nav2_smac_planner/share/nav2_smac_planner/cmake/nav2_smac_plannerConfig-version.cmake
-- Symlinking: /home/coderey/ros2_ws/install/nav2_smac_planner/share/nav2_smac_planner/package.xml
