[0.510s] Invoking command in '/home/coderey/ros2_ws/build/robot_localization': CMAKE_PREFIX_PATH=${CMAKE_PREFIX_PATH}:/home/coderey/ros2_ws/install/mob_rob_loca:/home/coderey/ros2_ws/install/nav2_simple_commander:/home/coderey/ros2_ws/install/nav2_gazebo_spawner:/home/coderey/ros2_ws/install/bno055:/home/coderey/microros_ws/install/sensor_msgs_py:/opt/ros/galactic /usr/bin/cmake /home/coderey/ros2_ws/src/robot_localization -DAMENT_CMAKE_SYMLINK_INSTALL=1 -DCMAKE_INSTALL_PREFIX=/home/coderey/ros2_ws/install/robot_localization
[0.525s] -- Found ament_cmake: 1.1.6 (/opt/ros/galactic/share/ament_cmake/cmake)
[0.571s] -- Found PythonInterp: /usr/bin/python3 (found suitable version "3.8.10", minimum required is "3") 
[0.571s] -- Using PYTHON_EXECUTABLE: /usr/bin/python3
[0.644s] -- Override CMake install command with custom implementation using symlinks instead of copying resources
[0.651s] -- Found rclcpp: 9.2.2 (/opt/ros/galactic/share/rclcpp/cmake)
[0.690s] -- Using all available rosidl_typesupport_c: rosidl_typesupport_microxrcedds_c;rosidl_typesupport_fastrtps_c;rosidl_typesupport_introspection_c
[0.692s] -- Found rosidl_adapter: 2.2.3 (/opt/ros/galactic/share/rosidl_adapter/cmake)
[0.872s] -- Using all available rosidl_typesupport_cpp: rosidl_typesupport_microxrcedds_cpp;rosidl_typesupport_fastrtps_cpp;rosidl_typesupport_introspection_cpp
[0.921s] -- Found rmw_implementation_cmake: 3.3.1 (/opt/ros/galactic/share/rmw_implementation_cmake/cmake)
[0.925s] -- Found rmw_cyclonedds_cpp: 0.22.6 (/opt/ros/galactic/share/rmw_cyclonedds_cpp/cmake)
[0.943s] -- Using RMW implementation 'rmw_cyclonedds_cpp' as default
[1.118s] -- Found diagnostic_msgs: 2.2.4 (/home/coderey/microros_ws/install/diagnostic_msgs/share/diagnostic_msgs/cmake)
[1.165s] -- Found diagnostic_updater: 2.1.3 (/opt/ros/galactic/share/diagnostic_updater/cmake)
[1.194s] -- Found geographic_msgs: 1.0.4 (/opt/ros/galactic/share/geographic_msgs/cmake)
[1.394s] -- Found message_filters: 3.2.6 (/opt/ros/galactic/share/message_filters/cmake)
[1.405s] -- Found nav_msgs: 2.2.4 (/home/coderey/microros_ws/install/nav_msgs/share/nav_msgs/cmake)
[1.503s] -- Found rosidl_default_generators: 1.1.1 (/opt/ros/galactic/share/rosidl_default_generators/cmake)
[1.530s] -- Found sensor_msgs: 2.2.4 (/home/coderey/microros_ws/install/sensor_msgs/share/sensor_msgs/cmake)
[1.624s] -- Found std_srvs: 2.2.4 (/home/coderey/microros_ws/install/std_srvs/share/std_srvs/cmake)
[1.636s] -- Found tf2: 0.17.5 (/opt/ros/galactic/share/tf2/cmake)
[1.649s] -- Found tf2_eigen: 0.17.5 (/opt/ros/galactic/share/tf2_eigen/cmake)
[2.092s] -- Found tf2_geometry_msgs: 0.17.5 (/opt/ros/galactic/share/tf2_geometry_msgs/cmake)
[2.141s] -- Found yaml_cpp_vendor: 7.1.1 (/opt/ros/galactic/share/yaml_cpp_vendor/cmake)
[2.188s] -- Found PythonInterp: /usr/bin/python3 (found version "3.8.10") 
[2.437s] -- Found ament_cmake_cppcheck: 0.10.7 (/opt/ros/galactic/share/ament_cmake_cppcheck/cmake)
[2.437s] -- Found ament_cmake_cpplint: 0.10.7 (/opt/ros/galactic/share/ament_cmake_cpplint/cmake)
[2.437s] -- Found ament_cmake_uncrustify: 0.10.7 (/opt/ros/galactic/share/ament_cmake_uncrustify/cmake)
[2.439s] -- Found ament_cmake_ros: 0.9.2 (/opt/ros/galactic/share/ament_cmake_ros/cmake)
[2.853s] -- Using all available rosidl_typesupport_c: rosidl_typesupport_microxrcedds_c;rosidl_typesupport_fastrtps_c;rosidl_typesupport_introspection_c
[3.127s] -- Using all available rosidl_typesupport_cpp: rosidl_typesupport_microxrcedds_cpp;rosidl_typesupport_fastrtps_cpp;rosidl_typesupport_introspection_cpp
[3.205s] -- Found PythonInterp: /usr/bin/python3 (found suitable version "3.8.10", minimum required is "3.5") 
[3.205s] -- Found python_cmake_module: 0.8.1 (/opt/ros/galactic/share/python_cmake_module/cmake)
[3.269s] -- Using PYTHON_EXECUTABLE: /usr/bin/python3
[3.270s] -- Using PYTHON_INCLUDE_DIRS: /usr/include/python3.8
[3.270s] -- Using PYTHON_LIBRARIES: /usr/lib/x86_64-linux-gnu/libpython3.8.so
[3.557s] -- Found ament_cmake_flake8: 0.10.7 (/opt/ros/galactic/share/ament_cmake_flake8/cmake)
[3.557s] -- Found ament_cmake_pep257: 0.10.7 (/opt/ros/galactic/share/ament_cmake_pep257/cmake)
[3.666s] -- Found ament_cmake_lint_cmake: 0.10.7 (/opt/ros/galactic/share/ament_cmake_lint_cmake/cmake)
[3.667s] -- Found launch_testing_ament_cmake: 0.17.2 (/opt/ros/galactic/share/launch_testing_ament_cmake/cmake)
[3.730s] -- Using PYTHON_EXECUTABLE: /usr/bin/python3
[3.731s] -- Using PYTHON_INCLUDE_DIRS: /usr/include/python3.8
[3.731s] -- Using PYTHON_LIBRARIES: /usr/lib/x86_64-linux-gnu/libpython3.8.so
[3.732s] -- Found gtest sources under '/opt/ros/galactic/src/gtest_vendor': C++ tests using 'Google Test' will be built
[3.764s] -- Configuring done
[4.244s] -- Generating done
[4.245s] -- Build files have been written to: /home/coderey/ros2_ws/build/robot_localization
[4.268s] Invoked command in '/home/coderey/ros2_ws/build/robot_localization' returned '0': CMAKE_PREFIX_PATH=${CMAKE_PREFIX_PATH}:/home/coderey/ros2_ws/install/mob_rob_loca:/home/coderey/ros2_ws/install/nav2_simple_commander:/home/coderey/ros2_ws/install/nav2_gazebo_spawner:/home/coderey/ros2_ws/install/bno055:/home/coderey/microros_ws/install/sensor_msgs_py:/opt/ros/galactic /usr/bin/cmake /home/coderey/ros2_ws/src/robot_localization -DAMENT_CMAKE_SYMLINK_INSTALL=1 -DCMAKE_INSTALL_PREFIX=/home/coderey/ros2_ws/install/robot_localization
[4.269s] Invoking command in '/home/coderey/ros2_ws/build/robot_localization': CMAKE_PREFIX_PATH=${CMAKE_PREFIX_PATH}:/home/coderey/ros2_ws/install/mob_rob_loca:/home/coderey/ros2_ws/install/nav2_simple_commander:/home/coderey/ros2_ws/install/nav2_gazebo_spawner:/home/coderey/ros2_ws/install/bno055:/home/coderey/microros_ws/install/sensor_msgs_py:/opt/ros/galactic /usr/bin/cmake --build /home/coderey/ros2_ws/build/robot_localization -- -j8 -l8
[4.446s] [  6%] Built target robot_localization__rosidl_generator_c
[4.479s] [  8%] Built target gtest_main
[4.484s] [  9%] Built target robot_localization__cpp
[4.502s] [ 10%] Built target gtest
[4.599s] [ 16%] Built target robot_localization__rosidl_typesupport_c
[4.670s] [ 22%] Built target robot_localization__rosidl_typesupport_microxrcedds_c
[4.687s] [ 28%] Built target robot_localization__rosidl_typesupport_cpp
[4.700s] [ 34%] Built target robot_localization__rosidl_typesupport_introspection_c
[4.705s] [ 40%] Built target robot_localization__rosidl_typesupport_fastrtps_cpp
[4.718s] [ 46%] Built target robot_localization__rosidl_typesupport_microxrcedds_cpp
[4.734s] [ 52%] Built target robot_localization__rosidl_typesupport_introspection_cpp
[4.864s] [ 58%] Built target robot_localization__rosidl_typesupport_fastrtps_c
[4.985s] [ 58%] Built target robot_localization
[5.151s] [ 59%] Built target robot_localization__py
[5.241s] [ 67%] Built target rl_lib
[5.292s] [ 72%] Built target robot_localization__python
[5.561s] [ 74%] Built target test_ros_robot_localization_listener_publisher
[5.589s] [ 75%] Built target test_ros_robot_localization_listener
[5.593s] [ 77%] Built target ukf_node
[5.603s] [ 79%] Built target test_robot_localization_estimator
[5.621s] [ 80%] Built target ekf_node
[5.643s] [ 81%] Built target test_ekf
[5.643s] [ 83%] Built target robot_localization__rosidl_typesupport_microxrcedds_c__pyext
[5.835s] [ 84%] Built target test_ukf
[5.859s] [ 86%] Built target robot_localization__rosidl_typesupport_introspection_c__pyext
[5.906s] [ 88%] Built target robot_localization__rosidl_typesupport_c__pyext
[5.906s] [ 90%] Built target robot_localization__rosidl_typesupport_fastrtps_c__pyext
[5.906s] [ 93%] Built target filter_base-test
[5.906s] [ 91%] Built target navsat_transform_node
[5.945s] [ 95%] Built target robot_localization_listener_node
[6.050s] [ 97%] Built target test_ukf_localization_node_interfaces
[6.076s] [ 98%] Built target test_filter_base_diagnostics_timestamps
[6.078s] [100%] Built target test_ekf_localization_node_interfaces
[6.150s] Invoked command in '/home/coderey/ros2_ws/build/robot_localization' returned '0': CMAKE_PREFIX_PATH=${CMAKE_PREFIX_PATH}:/home/coderey/ros2_ws/install/mob_rob_loca:/home/coderey/ros2_ws/install/nav2_simple_commander:/home/coderey/ros2_ws/install/nav2_gazebo_spawner:/home/coderey/ros2_ws/install/bno055:/home/coderey/microros_ws/install/sensor_msgs_py:/opt/ros/galactic /usr/bin/cmake --build /home/coderey/ros2_ws/build/robot_localization -- -j8 -l8
[8.267s] Invoking command in '/home/coderey/ros2_ws/build/robot_localization': CMAKE_PREFIX_PATH=${CMAKE_PREFIX_PATH}:/home/coderey/ros2_ws/install/mob_rob_loca:/home/coderey/ros2_ws/install/nav2_simple_commander:/home/coderey/ros2_ws/install/nav2_gazebo_spawner:/home/coderey/ros2_ws/install/bno055:/home/coderey/microros_ws/install/sensor_msgs_py:/opt/ros/galactic /usr/bin/cmake --install /home/coderey/ros2_ws/build/robot_localization
[8.285s] -- Install configuration: "RelWithDebInfo"
[8.286s] -- Execute custom install script
[8.286s] -- Up-to-date symlink: /home/coderey/ros2_ws/install/robot_localization/share/ament_index/resource_index/rosidl_interfaces/robot_localization
[8.290s] -- Up-to-date symlink: /home/coderey/ros2_ws/install/robot_localization/include/robot_localization/msg/rosidl_generator_c__visibility_control.h
[8.290s] -- Up-to-date symlink: /home/coderey/ros2_ws/install/robot_localization/include/robot_localization/srv/detail/from_ll__functions.h
[8.290s] -- Up-to-date symlink: /home/coderey/ros2_ws/install/robot_localization/include/robot_localization/srv/detail/from_ll__struct.h
[8.290s] -- Up-to-date symlink: /home/coderey/ros2_ws/install/robot_localization/include/robot_localization/srv/detail/from_ll__type_support.h
[8.290s] -- Up-to-date symlink: /home/coderey/ros2_ws/install/robot_localization/include/robot_localization/srv/detail/get_state__functions.h
[8.290s] -- Up-to-date symlink: /home/coderey/ros2_ws/install/robot_localization/include/robot_localization/srv/detail/get_state__struct.h
[8.290s] -- Up-to-date symlink: /home/coderey/ros2_ws/install/robot_localization/include/robot_localization/srv/detail/get_state__type_support.h
[8.291s] -- Up-to-date symlink: /home/coderey/ros2_ws/install/robot_localization/include/robot_localization/srv/detail/set_datum__functions.h
[8.291s] -- Up-to-date symlink: /home/coderey/ros2_ws/install/robot_localization/include/robot_localization/srv/detail/set_datum__struct.h
[8.291s] -- Up-to-date symlink: /home/coderey/ros2_ws/install/robot_localization/include/robot_localization/srv/detail/set_datum__type_support.h
[8.291s] -- Up-to-date symlink: /home/coderey/ros2_ws/install/robot_localization/include/robot_localization/srv/detail/set_pose__functions.h
[8.291s] -- Up-to-date symlink: /home/coderey/ros2_ws/install/robot_localization/include/robot_localization/srv/detail/set_pose__struct.h
[8.291s] -- Up-to-date symlink: /home/coderey/ros2_ws/install/robot_localization/include/robot_localization/srv/detail/set_pose__type_support.h
[8.291s] -- Up-to-date symlink: /home/coderey/ros2_ws/install/robot_localization/include/robot_localization/srv/detail/to_ll__functions.h
[8.291s] -- Up-to-date symlink: /home/coderey/ros2_ws/install/robot_localization/include/robot_localization/srv/detail/to_ll__struct.h
[8.291s] -- Up-to-date symlink: /home/coderey/ros2_ws/install/robot_localization/include/robot_localization/srv/detail/to_ll__type_support.h
[8.291s] -- Up-to-date symlink: /home/coderey/ros2_ws/install/robot_localization/include/robot_localization/srv/detail/toggle_filter_processing__functions.h
[8.291s] -- Up-to-date symlink: /home/coderey/ros2_ws/install/robot_localization/include/robot_localization/srv/detail/toggle_filter_processing__struct.h
[8.292s] -- Up-to-date symlink: /home/coderey/ros2_ws/install/robot_localization/include/robot_localization/srv/detail/toggle_filter_processing__type_support.h
[8.292s] -- Up-to-date symlink: /home/coderey/ros2_ws/install/robot_localization/include/robot_localization/srv/from_ll.h
[8.292s] -- Up-to-date symlink: /home/coderey/ros2_ws/install/robot_localization/include/robot_localization/srv/get_state.h
[8.292s] -- Up-to-date symlink: /home/coderey/ros2_ws/install/robot_localization/include/robot_localization/srv/set_datum.h
[8.292s] -- Up-to-date symlink: /home/coderey/ros2_ws/install/robot_localization/include/robot_localization/srv/set_pose.h
[8.292s] -- Up-to-date symlink: /home/coderey/ros2_ws/install/robot_localization/include/robot_localization/srv/to_ll.h
[8.292s] -- Up-to-date symlink: /home/coderey/ros2_ws/install/robot_localization/include/robot_localization/srv/toggle_filter_processing.h
[8.292s] -- Up-to-date symlink: /home/coderey/ros2_ws/install/robot_localization/share/robot_localization/environment/library_path.sh
[8.292s] -- Up-to-date symlink: /home/coderey/ros2_ws/install/robot_localization/share/robot_localization/environment/library_path.dsv
[8.293s] -- Up-to-date symlink: /home/coderey/ros2_ws/install/robot_localization/include/robot_localization/msg/rosidl_typesupport_microxrcedds_c__visibility_control.h
[8.294s] -- Up-to-date symlink: /home/coderey/ros2_ws/install/robot_localization/include/robot_localization/srv/detail/from_ll__rosidl_typesupport_microxrcedds_c.h
[8.294s] -- Up-to-date symlink: /home/coderey/ros2_ws/install/robot_localization/include/robot_localization/srv/detail/get_state__rosidl_typesupport_microxrcedds_c.h
[8.295s] -- Up-to-date symlink: /home/coderey/ros2_ws/install/robot_localization/include/robot_localization/srv/detail/set_datum__rosidl_typesupport_microxrcedds_c.h
[8.296s] -- Up-to-date symlink: /home/coderey/ros2_ws/install/robot_localization/include/robot_localization/srv/detail/set_pose__rosidl_typesupport_microxrcedds_c.h
[8.296s] -- Up-to-date symlink: /home/coderey/ros2_ws/install/robot_localization/include/robot_localization/srv/detail/to_ll__rosidl_typesupport_microxrcedds_c.h
[8.296s] -- Up-to-date symlink: /home/coderey/ros2_ws/install/robot_localization/include/robot_localization/srv/detail/toggle_filter_processing__rosidl_typesupport_microxrcedds_c.h
[8.297s] -- Up-to-date symlink: /home/coderey/ros2_ws/install/robot_localization/lib/librobot_localization__rosidl_typesupport_microxrcedds_c.so
[8.298s] -- Up-to-date symlink: /home/coderey/ros2_ws/install/robot_localization/include/robot_localization/msg/rosidl_typesupport_fastrtps_c__visibility_control.h
[8.298s] -- Up-to-date symlink: /home/coderey/ros2_ws/install/robot_localization/include/robot_localization/srv/detail/from_ll__rosidl_typesupport_fastrtps_c.h
[8.299s] -- Up-to-date symlink: /home/coderey/ros2_ws/install/robot_localization/include/robot_localization/srv/detail/get_state__rosidl_typesupport_fastrtps_c.h
[8.299s] -- Up-to-date symlink: /home/coderey/ros2_ws/install/robot_localization/include/robot_localization/srv/detail/set_datum__rosidl_typesupport_fastrtps_c.h
[8.299s] -- Up-to-date symlink: /home/coderey/ros2_ws/install/robot_localization/include/robot_localization/srv/detail/set_pose__rosidl_typesupport_fastrtps_c.h
[8.300s] -- Up-to-date symlink: /home/coderey/ros2_ws/install/robot_localization/include/robot_localization/srv/detail/to_ll__rosidl_typesupport_fastrtps_c.h
[8.300s] -- Up-to-date symlink: /home/coderey/ros2_ws/install/robot_localization/include/robot_localization/srv/detail/toggle_filter_processing__rosidl_typesupport_fastrtps_c.h
[8.301s] -- Up-to-date symlink: /home/coderey/ros2_ws/install/robot_localization/lib/librobot_localization__rosidl_typesupport_fastrtps_c.so
[8.302s] -- Up-to-date symlink: /home/coderey/ros2_ws/install/robot_localization/include/robot_localization/msg/rosidl_typesupport_fastrtps_cpp__visibility_control.h
[8.302s] -- Up-to-date symlink: /home/coderey/ros2_ws/install/robot_localization/include/robot_localization/srv/detail/from_ll__rosidl_typesupport_fastrtps_cpp.hpp
[8.302s] -- Up-to-date symlink: /home/coderey/ros2_ws/install/robot_localization/include/robot_localization/srv/detail/get_state__rosidl_typesupport_fastrtps_cpp.hpp
[8.303s] -- Up-to-date symlink: /home/coderey/ros2_ws/install/robot_localization/include/robot_localization/srv/detail/set_datum__rosidl_typesupport_fastrtps_cpp.hpp
[8.303s] -- Up-to-date symlink: /home/coderey/ros2_ws/install/robot_localization/include/robot_localization/srv/detail/set_pose__rosidl_typesupport_fastrtps_cpp.hpp
[8.304s] -- Up-to-date symlink: /home/coderey/ros2_ws/install/robot_localization/include/robot_localization/srv/detail/to_ll__rosidl_typesupport_fastrtps_cpp.hpp
[8.304s] -- Up-to-date symlink: /home/coderey/ros2_ws/install/robot_localization/include/robot_localization/srv/detail/toggle_filter_processing__rosidl_typesupport_fastrtps_cpp.hpp
[8.305s] -- Up-to-date symlink: /home/coderey/ros2_ws/install/robot_localization/lib/librobot_localization__rosidl_typesupport_fastrtps_cpp.so
[8.306s] -- Up-to-date symlink: /home/coderey/ros2_ws/install/robot_localization/include/robot_localization/msg/rosidl_typesupport_introspection_c__visibility_control.h
[8.306s] -- Up-to-date symlink: /home/coderey/ros2_ws/install/robot_localization/include/robot_localization/srv/detail/from_ll__rosidl_typesupport_introspection_c.h
[8.306s] -- Up-to-date symlink: /home/coderey/ros2_ws/install/robot_localization/include/robot_localization/srv/detail/get_state__rosidl_typesupport_introspection_c.h
[8.307s] -- Up-to-date symlink: /home/coderey/ros2_ws/install/robot_localization/include/robot_localization/srv/detail/set_datum__rosidl_typesupport_introspection_c.h
[8.307s] -- Up-to-date symlink: /home/coderey/ros2_ws/install/robot_localization/include/robot_localization/srv/detail/set_pose__rosidl_typesupport_introspection_c.h
[8.307s] -- Up-to-date symlink: /home/coderey/ros2_ws/install/robot_localization/include/robot_localization/srv/detail/to_ll__rosidl_typesupport_introspection_c.h
[8.308s] -- Up-to-date symlink: /home/coderey/ros2_ws/install/robot_localization/include/robot_localization/srv/detail/toggle_filter_processing__rosidl_typesupport_introspection_c.h
[8.309s] -- Up-to-date symlink: /home/coderey/ros2_ws/install/robot_localization/include/robot_localization/srv/detail/from_ll__builder.hpp
[8.309s] -- Up-to-date symlink: /home/coderey/ros2_ws/install/robot_localization/include/robot_localization/srv/detail/from_ll__struct.hpp
[8.309s] -- Up-to-date symlink: /home/coderey/ros2_ws/install/robot_localization/include/robot_localization/srv/detail/from_ll__traits.hpp
[8.310s] -- Up-to-date symlink: /home/coderey/ros2_ws/install/robot_localization/include/robot_localization/srv/detail/get_state__builder.hpp
[8.310s] -- Up-to-date symlink: /home/coderey/ros2_ws/install/robot_localization/include/robot_localization/srv/detail/get_state__struct.hpp
[8.312s] -- Up-to-date symlink: /home/coderey/ros2_ws/install/robot_localization/include/robot_localization/srv/detail/get_state__traits.hpp
[8.312s] -- Up-to-date symlink: /home/coderey/ros2_ws/install/robot_localization/include/robot_localization/srv/detail/set_datum__builder.hpp
[8.312s] -- Up-to-date symlink: /home/coderey/ros2_ws/install/robot_localization/include/robot_localization/srv/detail/set_datum__struct.hpp
[8.313s] -- Up-to-date symlink: /home/coderey/ros2_ws/install/robot_localization/include/robot_localization/srv/detail/set_datum__traits.hpp
[8.313s] -- Up-to-date symlink: /home/coderey/ros2_ws/install/robot_localization/include/robot_localization/srv/detail/set_pose__builder.hpp
[8.313s] -- Up-to-date symlink: /home/coderey/ros2_ws/install/robot_localization/include/robot_localization/srv/detail/set_pose__struct.hpp
[8.314s] -- Up-to-date symlink: /home/coderey/ros2_ws/install/robot_localization/include/robot_localization/srv/detail/set_pose__traits.hpp
[8.314s] -- Up-to-date symlink: /home/coderey/ros2_ws/install/robot_localization/include/robot_localization/srv/detail/to_ll__builder.hpp
[8.314s] -- Up-to-date symlink: /home/coderey/ros2_ws/install/robot_localization/include/robot_localization/srv/detail/to_ll__struct.hpp
[8.315s] -- Up-to-date symlink: /home/coderey/ros2_ws/install/robot_localization/include/robot_localization/srv/detail/to_ll__traits.hpp
[8.315s] -- Up-to-date symlink: /home/coderey/ros2_ws/install/robot_localization/include/robot_localization/srv/detail/toggle_filter_processing__builder.hpp
[8.316s] -- Up-to-date symlink: /home/coderey/ros2_ws/install/robot_localization/include/robot_localization/srv/detail/toggle_filter_processing__struct.hpp
[8.316s] -- Up-to-date symlink: /home/coderey/ros2_ws/install/robot_localization/include/robot_localization/srv/detail/toggle_filter_processing__traits.hpp
[8.316s] -- Up-to-date symlink: /home/coderey/ros2_ws/install/robot_localization/include/robot_localization/srv/from_ll.hpp
[8.317s] -- Up-to-date symlink: /home/coderey/ros2_ws/install/robot_localization/include/robot_localization/srv/get_state.hpp
[8.317s] -- Up-to-date symlink: /home/coderey/ros2_ws/install/robot_localization/include/robot_localization/srv/set_datum.hpp
[8.317s] -- Up-to-date symlink: /home/coderey/ros2_ws/install/robot_localization/include/robot_localization/srv/set_pose.hpp
[8.318s] -- Up-to-date symlink: /home/coderey/ros2_ws/install/robot_localization/include/robot_localization/srv/to_ll.hpp
[8.318s] -- Up-to-date symlink: /home/coderey/ros2_ws/install/robot_localization/include/robot_localization/srv/toggle_filter_processing.hpp
[8.319s] -- Up-to-date symlink: /home/coderey/ros2_ws/install/robot_localization/include/robot_localization/msg/rosidl_typesupport_microxrcedds_cpp__visibility_control.h
[8.319s] -- Up-to-date symlink: /home/coderey/ros2_ws/install/robot_localization/include/robot_localization/srv/detail/from_ll__rosidl_typesupport_microxrcedds_cpp.hpp
[8.320s] -- Up-to-date symlink: /home/coderey/ros2_ws/install/robot_localization/include/robot_localization/srv/detail/get_state__rosidl_typesupport_microxrcedds_cpp.hpp
[8.320s] -- Up-to-date symlink: /home/coderey/ros2_ws/install/robot_localization/include/robot_localization/srv/detail/microxrcedds/from_ll__type_support_cpp.cpp
[8.321s] -- Up-to-date symlink: /home/coderey/ros2_ws/install/robot_localization/include/robot_localization/srv/detail/microxrcedds/get_state__type_support_cpp.cpp
[8.321s] -- Up-to-date symlink: /home/coderey/ros2_ws/install/robot_localization/include/robot_localization/srv/detail/microxrcedds/set_datum__type_support_cpp.cpp
[8.321s] -- Up-to-date symlink: /home/coderey/ros2_ws/install/robot_localization/include/robot_localization/srv/detail/microxrcedds/set_pose__type_support_cpp.cpp
[8.322s] -- Up-to-date symlink: /home/coderey/ros2_ws/install/robot_localization/include/robot_localization/srv/detail/microxrcedds/to_ll__type_support_cpp.cpp
[8.322s] -- Up-to-date symlink: /home/coderey/ros2_ws/install/robot_localization/include/robot_localization/srv/detail/microxrcedds/toggle_filter_processing__type_support_cpp.cpp
[8.322s] -- Up-to-date symlink: /home/coderey/ros2_ws/install/robot_localization/include/robot_localization/srv/detail/set_datum__rosidl_typesupport_microxrcedds_cpp.hpp
[8.323s] -- Up-to-date symlink: /home/coderey/ros2_ws/install/robot_localization/include/robot_localization/srv/detail/set_pose__rosidl_typesupport_microxrcedds_cpp.hpp
[8.323s] -- Up-to-date symlink: /home/coderey/ros2_ws/install/robot_localization/include/robot_localization/srv/detail/to_ll__rosidl_typesupport_microxrcedds_cpp.hpp
[8.324s] -- Up-to-date symlink: /home/coderey/ros2_ws/install/robot_localization/include/robot_localization/srv/detail/toggle_filter_processing__rosidl_typesupport_microxrcedds_cpp.hpp
[8.324s] -- Up-to-date symlink: /home/coderey/ros2_ws/install/robot_localization/lib/librobot_localization__rosidl_typesupport_microxrcedds_cpp.so
[8.325s] -- Up-to-date symlink: /home/coderey/ros2_ws/install/robot_localization/include/robot_localization/srv/detail/from_ll__rosidl_typesupport_introspection_cpp.hpp
[8.325s] -- Up-to-date symlink: /home/coderey/ros2_ws/install/robot_localization/include/robot_localization/srv/detail/get_state__rosidl_typesupport_introspection_cpp.hpp
[8.326s] -- Up-to-date symlink: /home/coderey/ros2_ws/install/robot_localization/include/robot_localization/srv/detail/set_datum__rosidl_typesupport_introspection_cpp.hpp
[8.326s] -- Up-to-date symlink: /home/coderey/ros2_ws/install/robot_localization/include/robot_localization/srv/detail/set_pose__rosidl_typesupport_introspection_cpp.hpp
[8.326s] -- Up-to-date symlink: /home/coderey/ros2_ws/install/robot_localization/include/robot_localization/srv/detail/to_ll__rosidl_typesupport_introspection_cpp.hpp
[8.327s] -- Up-to-date symlink: /home/coderey/ros2_ws/install/robot_localization/include/robot_localization/srv/detail/toggle_filter_processing__rosidl_typesupport_introspection_cpp.hpp
[8.327s] -- Up-to-date symlink: /home/coderey/ros2_ws/install/robot_localization/share/robot_localization/environment/pythonpath.sh
[8.328s] -- Up-to-date symlink: /home/coderey/ros2_ws/install/robot_localization/share/robot_localization/environment/pythonpath.dsv
[8.328s] -- Up-to-date symlink: /home/coderey/ros2_ws/install/robot_localization/lib/python3.8/site-packages/robot_localization/__init__.py
[8.329s] -- Up-to-date symlink: /home/coderey/ros2_ws/install/robot_localization/lib/python3.8/site-packages/robot_localization/srv/__init__.py
[8.329s] -- Up-to-date symlink: /home/coderey/ros2_ws/install/robot_localization/lib/python3.8/site-packages/robot_localization/srv/_from_ll.py
[8.330s] -- Up-to-date symlink: /home/coderey/ros2_ws/install/robot_localization/lib/python3.8/site-packages/robot_localization/srv/_get_state.py
[8.330s] -- Up-to-date symlink: /home/coderey/ros2_ws/install/robot_localization/lib/python3.8/site-packages/robot_localization/srv/_set_datum.py
[8.330s] -- Up-to-date symlink: /home/coderey/ros2_ws/install/robot_localization/lib/python3.8/site-packages/robot_localization/srv/_set_pose.py
[8.331s] -- Up-to-date symlink: /home/coderey/ros2_ws/install/robot_localization/lib/python3.8/site-packages/robot_localization/srv/_to_ll.py
[8.331s] -- Up-to-date symlink: /home/coderey/ros2_ws/install/robot_localization/lib/python3.8/site-packages/robot_localization/srv/_toggle_filter_processing.py
[8.332s] -- Up-to-date symlink: /home/coderey/ros2_ws/install/robot_localization/lib/python3.8/site-packages/robot_localization/robot_localization_s__rosidl_typesupport_microxrcedds_c.cpython-38-x86_64-linux-gnu.so
[8.332s] -- Up-to-date symlink: /home/coderey/ros2_ws/install/robot_localization/lib/python3.8/site-packages/robot_localization/robot_localization_s__rosidl_typesupport_fastrtps_c.cpython-38-x86_64-linux-gnu.so
[8.333s] -- Up-to-date symlink: /home/coderey/ros2_ws/install/robot_localization/lib/python3.8/site-packages/robot_localization/robot_localization_s__rosidl_typesupport_introspection_c.cpython-38-x86_64-linux-gnu.so
[8.333s] -- Up-to-date symlink: /home/coderey/ros2_ws/install/robot_localization/lib/python3.8/site-packages/robot_localization/robot_localization_s__rosidl_typesupport_c.cpython-38-x86_64-linux-gnu.so
[8.334s] -- Up-to-date symlink: /home/coderey/ros2_ws/install/robot_localization/lib/librobot_localization__python.so
[8.334s] -- Up-to-date symlink: /home/coderey/ros2_ws/install/robot_localization/share/robot_localization/srv/FromLL.idl
[8.335s] -- Up-to-date symlink: /home/coderey/ros2_ws/install/robot_localization/share/robot_localization/srv/GetState.idl
[8.335s] -- Up-to-date symlink: /home/coderey/ros2_ws/install/robot_localization/share/robot_localization/srv/SetDatum.idl
[8.336s] -- Up-to-date symlink: /home/coderey/ros2_ws/install/robot_localization/share/robot_localization/srv/SetPose.idl
[8.336s] -- Up-to-date symlink: /home/coderey/ros2_ws/install/robot_localization/share/robot_localization/srv/ToggleFilterProcessing.idl
[8.337s] -- Up-to-date symlink: /home/coderey/ros2_ws/install/robot_localization/share/robot_localization/srv/ToLL.idl
[8.337s] -- Up-to-date symlink: /home/coderey/ros2_ws/install/robot_localization/share/robot_localization/srv/FromLL.srv
[8.338s] -- Up-to-date symlink: /home/coderey/ros2_ws/install/robot_localization/share/robot_localization/srv/FromLL_Request.msg
[8.338s] -- Up-to-date symlink: /home/coderey/ros2_ws/install/robot_localization/share/robot_localization/srv/FromLL_Response.msg
[8.339s] -- Up-to-date symlink: /home/coderey/ros2_ws/install/robot_localization/share/robot_localization/srv/GetState.srv
[8.339s] -- Up-to-date symlink: /home/coderey/ros2_ws/install/robot_localization/share/robot_localization/srv/GetState_Request.msg
[8.340s] -- Up-to-date symlink: /home/coderey/ros2_ws/install/robot_localization/share/robot_localization/srv/GetState_Response.msg
[8.340s] -- Up-to-date symlink: /home/coderey/ros2_ws/install/robot_localization/share/robot_localization/srv/SetDatum.srv
[8.341s] -- Up-to-date symlink: /home/coderey/ros2_ws/install/robot_localization/share/robot_localization/srv/SetDatum_Request.msg
[8.341s] -- Up-to-date symlink: /home/coderey/ros2_ws/install/robot_localization/share/robot_localization/srv/SetDatum_Response.msg
[8.342s] -- Up-to-date symlink: /home/coderey/ros2_ws/install/robot_localization/share/robot_localization/srv/SetPose.srv
[8.342s] -- Up-to-date symlink: /home/coderey/ros2_ws/install/robot_localization/share/robot_localization/srv/SetPose_Request.msg
[8.343s] -- Up-to-date symlink: /home/coderey/ros2_ws/install/robot_localization/share/robot_localization/srv/SetPose_Response.msg
[8.343s] -- Up-to-date symlink: /home/coderey/ros2_ws/install/robot_localization/share/robot_localization/srv/ToggleFilterProcessing.srv
[8.343s] -- Up-to-date symlink: /home/coderey/ros2_ws/install/robot_localization/share/robot_localization/srv/ToggleFilterProcessing_Request.msg
[8.344s] -- Up-to-date symlink: /home/coderey/ros2_ws/install/robot_localization/share/robot_localization/srv/ToggleFilterProcessing_Response.msg
[8.344s] -- Up-to-date symlink: /home/coderey/ros2_ws/install/robot_localization/share/robot_localization/srv/ToLL.srv
[8.345s] -- Up-to-date symlink: /home/coderey/ros2_ws/install/robot_localization/share/robot_localization/srv/ToLL_Request.msg
[8.345s] -- Up-to-date symlink: /home/coderey/ros2_ws/install/robot_localization/share/robot_localization/srv/ToLL_Response.msg
[8.346s] -- Up-to-date symlink: /home/coderey/ros2_ws/install/robot_localization/lib/robot_localization/filter_base-test
[8.346s] -- Up-to-date symlink: /home/coderey/ros2_ws/install/robot_localization/lib/robot_localization/test_filter_base_diagnostics_timestamps
[8.347s] -- Up-to-date symlink: /home/coderey/ros2_ws/install/robot_localization/lib/robot_localization/test_ekf
[8.347s] -- Up-to-date symlink: /home/coderey/ros2_ws/install/robot_localization/lib/robot_localization/test_ekf_localization_node_interfaces
[8.348s] -- Up-to-date symlink: /home/coderey/ros2_ws/install/robot_localization/lib/robot_localization/test_ukf
[8.348s] -- Up-to-date symlink: /home/coderey/ros2_ws/install/robot_localization/lib/robot_localization/test_ukf_localization_node_interfaces
[8.349s] -- Up-to-date symlink: /home/coderey/ros2_ws/install/robot_localization/lib/robot_localization/test_robot_localization_estimator
[8.349s] -- Up-to-date symlink: /home/coderey/ros2_ws/install/robot_localization/lib/robot_localization/test_ros_robot_localization_listener
[8.350s] -- Up-to-date symlink: /home/coderey/ros2_ws/install/robot_localization/lib/robot_localization/test_ros_robot_localization_listener_publisher
[8.350s] -- Up-to-date symlink: /home/coderey/ros2_ws/install/robot_localization/lib/robot_localization/navsat_transform_node
[8.351s] -- Up-to-date symlink: /home/coderey/ros2_ws/install/robot_localization/lib/robot_localization/ekf_node
[8.351s] -- Up-to-date symlink: /home/coderey/ros2_ws/install/robot_localization/lib/robot_localization/ukf_node
[8.352s] -- Up-to-date symlink: /home/coderey/ros2_ws/install/robot_localization/lib/robot_localization/robot_localization_listener_node
[8.352s] -- Up-to-date symlink: /home/coderey/ros2_ws/install/robot_localization/lib/librl_lib.so
[8.353s] -- Up-to-date symlink: /home/coderey/ros2_ws/install/robot_localization/share/ament_index/resource_index/package_run_dependencies/robot_localization
[8.353s] -- Up-to-date symlink: /home/coderey/ros2_ws/install/robot_localization/share/ament_index/resource_index/parent_prefix_path/robot_localization
[8.354s] -- Up-to-date symlink: /home/coderey/ros2_ws/install/robot_localization/share/robot_localization/environment/ament_prefix_path.sh
[8.354s] -- Up-to-date symlink: /home/coderey/ros2_ws/install/robot_localization/share/robot_localization/environment/ament_prefix_path.dsv
[8.355s] -- Up-to-date symlink: /home/coderey/ros2_ws/install/robot_localization/share/robot_localization/environment/path.sh
[8.355s] -- Up-to-date symlink: /home/coderey/ros2_ws/install/robot_localization/share/robot_localization/environment/path.dsv
[8.356s] -- Up-to-date symlink: /home/coderey/ros2_ws/install/robot_localization/share/robot_localization/local_setup.bash
[8.356s] -- Up-to-date symlink: /home/coderey/ros2_ws/install/robot_localization/share/robot_localization/local_setup.sh
[8.356s] -- Up-to-date symlink: /home/coderey/ros2_ws/install/robot_localization/share/robot_localization/local_setup.zsh
[8.357s] -- Up-to-date symlink: /home/coderey/ros2_ws/install/robot_localization/share/robot_localization/local_setup.dsv
[8.357s] -- Symlinking: /home/coderey/ros2_ws/install/robot_localization/share/robot_localization/package.dsv
[8.388s] -- Up-to-date symlink: /home/coderey/ros2_ws/install/robot_localization/share/ament_index/resource_index/packages/robot_localization
[8.389s] -- Up-to-date symlink: /home/coderey/ros2_ws/install/robot_localization/share/robot_localization/cmake/rosidl_cmake-extras.cmake
[8.389s] -- Up-to-date symlink: /home/coderey/ros2_ws/install/robot_localization/share/robot_localization/cmake/ament_cmake_export_dependencies-extras.cmake
[8.390s] -- Up-to-date symlink: /home/coderey/ros2_ws/install/robot_localization/share/robot_localization/cmake/ament_cmake_export_libraries-extras.cmake
[8.390s] -- Up-to-date symlink: /home/coderey/ros2_ws/install/robot_localization/share/robot_localization/cmake/ament_cmake_export_targets-extras.cmake
[8.391s] -- Up-to-date symlink: /home/coderey/ros2_ws/install/robot_localization/share/robot_localization/cmake/ament_cmake_export_include_directories-extras.cmake
[8.391s] -- Up-to-date symlink: /home/coderey/ros2_ws/install/robot_localization/share/robot_localization/cmake/rosidl_cmake_export_typesupport_libraries-extras.cmake
[8.392s] -- Up-to-date symlink: /home/coderey/ros2_ws/install/robot_localization/share/robot_localization/cmake/rosidl_cmake_export_typesupport_targets-extras.cmake
[8.392s] -- Up-to-date symlink: /home/coderey/ros2_ws/install/robot_localization/share/robot_localization/cmake/robot_localizationConfig.cmake
[8.392s] -- Up-to-date symlink: /home/coderey/ros2_ws/install/robot_localization/share/robot_localization/cmake/robot_localizationConfig-version.cmake
[8.393s] -- Up-to-date symlink: /home/coderey/ros2_ws/install/robot_localization/share/robot_localization/package.xml
[8.394s] -- Up-to-date: /home/coderey/ros2_ws/install/robot_localization/lib/librobot_localization__rosidl_generator_c.so
[8.394s] -- Up-to-date: /home/coderey/ros2_ws/install/robot_localization/lib/librobot_localization__rosidl_typesupport_introspection_c.so
[8.395s] -- Up-to-date: /home/coderey/ros2_ws/install/robot_localization/lib/librobot_localization__rosidl_typesupport_c.so
[8.395s] -- Up-to-date: /home/coderey/ros2_ws/install/robot_localization/lib/librobot_localization__rosidl_typesupport_introspection_cpp.so
[8.396s] -- Up-to-date: /home/coderey/ros2_ws/install/robot_localization/lib/librobot_localization__rosidl_typesupport_cpp.so
[8.479s] Compiling '/home/coderey/ros2_ws/install/robot_localization/lib/python3.8/site-packages/robot_localization/__init__.py'...
[8.487s] -- Up-to-date: /home/coderey/ros2_ws/install/robot_localization/share/robot_localization/test
[8.487s] -- Up-to-date: /home/coderey/ros2_ws/install/robot_localization/share/robot_localization/test/test_ukf_localization_node_bag1.yaml
[8.487s] -- Up-to-date: /home/coderey/ros2_ws/install/robot_localization/share/robot_localization/test/test1.bag
[8.487s] -- Up-to-date: /home/coderey/ros2_ws/install/robot_localization/share/robot_localization/test/test_ukf_localization_node_bag1.sh
[8.487s] -- Up-to-date: /home/coderey/ros2_ws/install/robot_localization/share/robot_localization/test/test_filter_base.cpp
[8.488s] -- Up-to-date: /home/coderey/ros2_ws/install/robot_localization/share/robot_localization/test/test_ukf_localization_node_bag2.yaml
[8.488s] -- Up-to-date: /home/coderey/ros2_ws/install/robot_localization/share/robot_localization/test/test_filter_base_diagnostics_timestamps.launch.py
[8.488s] -- Up-to-date: /home/coderey/ros2_ws/install/robot_localization/share/robot_localization/test/test_ukf_localization_node_bag1.launch.py
[8.488s] -- Up-to-date: /home/coderey/ros2_ws/install/robot_localization/share/robot_localization/test/test_ekf_localization_node_bag2.sh
[8.488s] -- Up-to-date: /home/coderey/ros2_ws/install/robot_localization/share/robot_localization/test/test_filter_base_diagnostics_timestamps.cpp
[8.488s] -- Up-to-date: /home/coderey/ros2_ws/install/robot_localization/share/robot_localization/test/test_ros_robot_localization_listener.launch.py
[8.488s] -- Up-to-date: /home/coderey/ros2_ws/install/robot_localization/share/robot_localization/test/test_ros_robot_localization_listener_publisher.cpp
[8.488s] -- Up-to-date: /home/coderey/ros2_ws/install/robot_localization/share/robot_localization/test/test_ukf.cpp
[8.488s] -- Up-to-date: /home/coderey/ros2_ws/install/robot_localization/share/robot_localization/test/test_ekf_localization_node_bag1.launch.py
[8.488s] -- Up-to-date: /home/coderey/ros2_ws/install/robot_localization/share/robot_localization/test/test_ukf_localization_node_bag3.yaml
[8.488s] -- Up-to-date: /home/coderey/ros2_ws/install/robot_localization/share/robot_localization/test/test_ekf_localization_node_bag3.launch.py
[8.488s] -- Up-to-date: /home/coderey/ros2_ws/install/robot_localization/share/robot_localization/test/test_ekf_localization_node_interfaces.cpp
[8.489s] -- Up-to-date: /home/coderey/ros2_ws/install/robot_localization/share/robot_localization/test/test_ukf_localization_node_interfaces.launch.py
[8.489s] -- Up-to-date: /home/coderey/ros2_ws/install/robot_localization/share/robot_localization/test/test_ukf_localization_node_bag2.sh
[8.489s] -- Up-to-date: /home/coderey/ros2_ws/install/robot_localization/share/robot_localization/test/test_ekf_localization_node_bag2.yaml
[8.489s] -- Up-to-date: /home/coderey/ros2_ws/install/robot_localization/share/robot_localization/test/test_ukf_localization_node_interfaces.yaml
[8.489s] -- Up-to-date: /home/coderey/ros2_ws/install/robot_localization/share/robot_localization/test/test_robot_localization_estimator.launch.py
[8.489s] -- Up-to-date: /home/coderey/ros2_ws/install/robot_localization/share/robot_localization/test/test_robot_localization_estimator.cpp
[8.489s] -- Up-to-date: /home/coderey/ros2_ws/install/robot_localization/share/robot_localization/test/test_ekf_localization_node_bag1.yaml
[8.489s] -- Up-to-date: /home/coderey/ros2_ws/install/robot_localization/share/robot_localization/test/test_ukf_localization_node_bag3.sh
[8.489s] -- Up-to-date: /home/coderey/ros2_ws/install/robot_localization/share/robot_localization/test/test2.bag
[8.489s] -- Up-to-date: /home/coderey/ros2_ws/install/robot_localization/share/robot_localization/test/test_ekf_localization_node_interfaces.launch.py
[8.489s] -- Up-to-date: /home/coderey/ros2_ws/install/robot_localization/share/robot_localization/test/test_ekf_localization_node_bag3.yaml
[8.489s] -- Up-to-date: /home/coderey/ros2_ws/install/robot_localization/share/robot_localization/test/test_ekf_localization_node_interfaces.yaml
[8.490s] -- Up-to-date: /home/coderey/ros2_ws/install/robot_localization/share/robot_localization/test/test_ros_robot_localization_listener.yaml
[8.490s] -- Up-to-date: /home/coderey/ros2_ws/install/robot_localization/share/robot_localization/test/test_localization_node_bag_pose_tester.cpp
[8.490s] -- Up-to-date: /home/coderey/ros2_ws/install/robot_localization/share/robot_localization/test/test_ros_robot_localization_listener.cpp
[8.490s] -- Up-to-date: /home/coderey/ros2_ws/install/robot_localization/share/robot_localization/test/test3.bag
[8.490s] -- Up-to-date: /home/coderey/ros2_ws/install/robot_localization/share/robot_localization/test/test_ekf_localization_node_bag1.sh
[8.490s] -- Up-to-date: /home/coderey/ros2_ws/install/robot_localization/share/robot_localization/test/test_ukf_localization_node_bag2.launch.py
[8.490s] -- Up-to-date: /home/coderey/ros2_ws/install/robot_localization/share/robot_localization/test/test_ekf.cpp
[8.490s] -- Up-to-date: /home/coderey/ros2_ws/install/robot_localization/share/robot_localization/test/test_ekf_localization_node_bag2.launch.py
[8.490s] -- Up-to-date: /home/coderey/ros2_ws/install/robot_localization/share/robot_localization/test/test_ukf_localization_node_bag3.launch.py
[8.490s] -- Up-to-date: /home/coderey/ros2_ws/install/robot_localization/share/robot_localization/test/test_ukf_localization_node_interfaces.cpp
[8.490s] -- Up-to-date: /home/coderey/ros2_ws/install/robot_localization/share/robot_localization/test/test_ekf_localization_node_bag3.sh
[8.490s] -- Up-to-date: /home/coderey/ros2_ws/install/robot_localization/share/robot_localization/test/test_filter_base_diagnostics_timestamps.yaml
[8.491s] -- Up-to-date: /home/coderey/ros2_ws/install/robot_localization/share/robot_localization/params
[8.491s] -- Up-to-date: /home/coderey/ros2_ws/install/robot_localization/share/robot_localization/params/ekf.yaml
[8.491s] -- Up-to-date: /home/coderey/ros2_ws/install/robot_localization/share/robot_localization/params/ukf.yaml
[8.491s] -- Up-to-date: /home/coderey/ros2_ws/install/robot_localization/share/robot_localization/params/imu.yaml
[8.491s] -- Up-to-date: /home/coderey/ros2_ws/install/robot_localization/share/robot_localization/params/dual_ekf_navsat_example.yaml
[8.491s] -- Up-to-date: /home/coderey/ros2_ws/install/robot_localization/share/robot_localization/params/navsat_transform.yaml
[8.491s] -- Up-to-date: /home/coderey/ros2_ws/install/robot_localization/share/robot_localization/params/ekf_em.yaml
[8.491s] -- Up-to-date: /home/coderey/ros2_ws/install/robot_localization/share/robot_localization/launch
[8.491s] -- Up-to-date: /home/coderey/ros2_ws/install/robot_localization/share/robot_localization/launch/dual_ekf_navsat_example.launch.py
[8.491s] -- Up-to-date: /home/coderey/ros2_ws/install/robot_localization/share/robot_localization/launch/ukf.launch.py
[8.491s] -- Up-to-date: /home/coderey/ros2_ws/install/robot_localization/share/robot_localization/launch/navsat_transform.launch.py
[8.491s] -- Up-to-date: /home/coderey/ros2_ws/install/robot_localization/share/robot_localization/launch/ekf.launch.py
[8.492s] -- Up-to-date: /home/coderey/ros2_ws/install/robot_localization/share/robot_localization/cmake/robot_localization__rosidl_generator_cExport.cmake
[8.492s] -- Installing: /home/coderey/ros2_ws/install/robot_localization/share/robot_localization/cmake/robot_localization__rosidl_generator_cExport-relwithdebinfo.cmake
[8.492s] -- Up-to-date: /home/coderey/ros2_ws/install/robot_localization/share/robot_localization/cmake/robot_localization__rosidl_typesupport_introspection_cExport.cmake
[8.492s] -- Installing: /home/coderey/ros2_ws/install/robot_localization/share/robot_localization/cmake/robot_localization__rosidl_typesupport_introspection_cExport-relwithdebinfo.cmake
[8.492s] -- Up-to-date: /home/coderey/ros2_ws/install/robot_localization/share/robot_localization/cmake/robot_localization__rosidl_typesupport_cExport.cmake
[8.492s] -- Installing: /home/coderey/ros2_ws/install/robot_localization/share/robot_localization/cmake/robot_localization__rosidl_typesupport_cExport-relwithdebinfo.cmake
[8.492s] -- Up-to-date: /home/coderey/ros2_ws/install/robot_localization/share/robot_localization/cmake/robot_localization__rosidl_generator_cppExport.cmake
[8.492s] -- Up-to-date: /home/coderey/ros2_ws/install/robot_localization/share/robot_localization/cmake/robot_localization__rosidl_typesupport_introspection_cppExport.cmake
[8.492s] -- Installing: /home/coderey/ros2_ws/install/robot_localization/share/robot_localization/cmake/robot_localization__rosidl_typesupport_introspection_cppExport-relwithdebinfo.cmake
[8.492s] -- Up-to-date: /home/coderey/ros2_ws/install/robot_localization/share/robot_localization/cmake/robot_localization__rosidl_typesupport_cppExport.cmake
[8.492s] -- Installing: /home/coderey/ros2_ws/install/robot_localization/share/robot_localization/cmake/robot_localization__rosidl_typesupport_cppExport-relwithdebinfo.cmake
[8.495s] Invoked command in '/home/coderey/ros2_ws/build/robot_localization' returned '0': CMAKE_PREFIX_PATH=${CMAKE_PREFIX_PATH}:/home/coderey/ros2_ws/install/mob_rob_loca:/home/coderey/ros2_ws/install/nav2_simple_commander:/home/coderey/ros2_ws/install/nav2_gazebo_spawner:/home/coderey/ros2_ws/install/bno055:/home/coderey/microros_ws/install/sensor_msgs_py:/opt/ros/galactic /usr/bin/cmake --install /home/coderey/ros2_ws/build/robot_localization
