-- Found ament_cmake: 1.1.6 (/opt/ros/galactic/share/ament_cmake/cmake)
-- Using PYTHON_EXECUTABLE: /usr/bin/python3
-- Found nav2_common: 1.2.0 (/home/coderey/ros2_ws/install/nav2_common/share/nav2_common/cmake)
-- Found rclcpp: 9.2.2 (/opt/ros/galactic/share/rclcpp/cmake)
-- Using all available rosidl_typesupport_c: rosidl_typesupport_microxrcedds_c;rosidl_typesupport_fastrtps_c;rosidl_typesupport_introspection_c
-- Found rosidl_adapter: 2.2.3 (/opt/ros/galactic/share/rosidl_adapter/cmake)
-- Using all available rosidl_typesupport_cpp: rosidl_typesupport_microxrcedds_cpp;rosidl_typesupport_fastrtps_cpp;rosidl_typesupport_introspection_cpp
-- Found rmw_implementation_cmake: 3.3.1 (/opt/ros/galactic/share/rmw_implementation_cmake/cmake)
-- Found rmw_cyclonedds_cpp: 0.22.6 (/opt/ros/galactic/share/rmw_cyclonedds_cpp/cmake)
-- Using RMW implementation 'rmw_cyclonedds_cpp' as default
-- Found ament_lint_auto: 0.10.7 (/opt/ros/galactic/share/ament_lint_auto/cmake)
-- Found gtest sources under '/opt/ros/galactic/src/gtest_vendor': C++ tests using 'Google Test' will be built
-- Added test 'cppcheck' to perform static code analysis on C / C++ code
-- Configured cppcheck include dirs: /home/coderey/ros2_ws/src/navigation2/nav2_voxel_grid/include
-- Configured cppcheck exclude dirs and/or files: 
-- Added test 'cpplint' to check C / C++ code against the Google style
-- Configured cpplint exclude dirs and/or files: 
-- Added test 'lint_cmake' to check CMake code style
-- Added test 'uncrustify' to check C / C++ code style
-- Configured uncrustify additional arguments: 
-- Added test 'xmllint' to check XML markup files
-- Configuring done
-- Generating done
-- Build files have been written to: /home/coderey/ros2_ws/build/nav2_voxel_grid
[35m[1mScanning dependencies of target voxel_grid[0m
[ 20%] Built target gtest
[ 40%] Built target gtest_main
[ 50%] [32mBuilding CXX object CMakeFiles/voxel_grid.dir/src/voxel_grid.cpp.o[0m
[ 60%] [32m[1mLinking CXX shared library libvoxel_grid.so[0m
[ 60%] Built target voxel_grid
[35m[1mScanning dependencies of target voxel_grid_bresenham_3d[0m
[35m[1mScanning dependencies of target voxel_grid_tests[0m
[ 70%] [32mBuilding CXX object test/CMakeFiles/voxel_grid_bresenham_3d.dir/voxel_grid_bresenham_3d.cpp.o[0m
[ 80%] [32mBuilding CXX object test/CMakeFiles/voxel_grid_tests.dir/voxel_grid_tests.cpp.o[0m
[ 90%] [32m[1mLinking CXX executable voxel_grid_bresenham_3d[0m
[100%] [32m[1mLinking CXX executable voxel_grid_tests[0m
[100%] Built target voxel_grid_bresenham_3d
[100%] Built target voxel_grid_tests
-- Install configuration: "Release"
-- Installing: /home/coderey/ros2_ws/install/nav2_voxel_grid/lib/libvoxel_grid.so
-- Set runtime path of "/home/coderey/ros2_ws/install/nav2_voxel_grid/lib/libvoxel_grid.so" to ""
-- Up-to-date: /home/coderey/ros2_ws/install/nav2_voxel_grid/include
-- Up-to-date: /home/coderey/ros2_ws/install/nav2_voxel_grid/include/nav2_voxel_grid
-- Installing: /home/coderey/ros2_ws/install/nav2_voxel_grid/include/nav2_voxel_grid/voxel_grid.hpp
-- Up-to-date: /home/coderey/ros2_ws/install/nav2_voxel_grid/share/nav2_voxel_grid/environment/library_path.sh
-- Installing: /home/coderey/ros2_ws/install/nav2_voxel_grid/share/nav2_voxel_grid/environment/library_path.dsv
-- Up-to-date: /home/coderey/ros2_ws/install/nav2_voxel_grid/share/ament_index/resource_index/package_run_dependencies/nav2_voxel_grid
-- Installing: /home/coderey/ros2_ws/install/nav2_voxel_grid/share/ament_index/resource_index/parent_prefix_path/nav2_voxel_grid
-- Up-to-date: /home/coderey/ros2_ws/install/nav2_voxel_grid/share/nav2_voxel_grid/environment/ament_prefix_path.sh
-- Installing: /home/coderey/ros2_ws/install/nav2_voxel_grid/share/nav2_voxel_grid/environment/ament_prefix_path.dsv
-- Up-to-date: /home/coderey/ros2_ws/install/nav2_voxel_grid/share/nav2_voxel_grid/environment/path.sh
-- Installing: /home/coderey/ros2_ws/install/nav2_voxel_grid/share/nav2_voxel_grid/environment/path.dsv
-- Up-to-date: /home/coderey/ros2_ws/install/nav2_voxel_grid/share/nav2_voxel_grid/local_setup.bash
-- Up-to-date: /home/coderey/ros2_ws/install/nav2_voxel_grid/share/nav2_voxel_grid/local_setup.sh
-- Up-to-date: /home/coderey/ros2_ws/install/nav2_voxel_grid/share/nav2_voxel_grid/local_setup.zsh
-- Installing: /home/coderey/ros2_ws/install/nav2_voxel_grid/share/nav2_voxel_grid/local_setup.dsv
-- Installing: /home/coderey/ros2_ws/install/nav2_voxel_grid/share/nav2_voxel_grid/package.dsv
-- Up-to-date: /home/coderey/ros2_ws/install/nav2_voxel_grid/share/ament_index/resource_index/packages/nav2_voxel_grid
-- Up-to-date: /home/coderey/ros2_ws/install/nav2_voxel_grid/share/nav2_voxel_grid/cmake/ament_cmake_export_dependencies-extras.cmake
-- Up-to-date: /home/coderey/ros2_ws/install/nav2_voxel_grid/share/nav2_voxel_grid/cmake/ament_cmake_export_include_directories-extras.cmake
-- Up-to-date: /home/coderey/ros2_ws/install/nav2_voxel_grid/share/nav2_voxel_grid/cmake/ament_cmake_export_libraries-extras.cmake
-- Up-to-date: /home/coderey/ros2_ws/install/nav2_voxel_grid/share/nav2_voxel_grid/cmake/nav2_voxel_gridConfig.cmake
-- Up-to-date: /home/coderey/ros2_ws/install/nav2_voxel_grid/share/nav2_voxel_grid/cmake/nav2_voxel_gridConfig-version.cmake
-- Installing: /home/coderey/ros2_ws/install/nav2_voxel_grid/share/nav2_voxel_grid/package.xml
