-- Found ament_cmake: 1.1.6 (/opt/ros/galactic/share/ament_cmake/cmake)
-- Using PYTHON_EXECUTABLE: /usr/bin/python3
-- Override CMake install command with custom implementation using symlinks instead of copying resources
-- Found nav2_core: 1.0.12 (/home/coderey/ros2_ws/install/nav2_core/share/nav2_core/cmake)
-- Using all available rosidl_typesupport_c: rosidl_typesupport_microxrcedds_c;rosidl_typesupport_fastrtps_c;rosidl_typesupport_introspection_c
-- Found rosidl_adapter: 2.2.3 (/opt/ros/galactic/share/rosidl_adapter/cmake)
-- Using all available rosidl_typesupport_cpp: rosidl_typesupport_microxrcedds_cpp;rosidl_typesupport_fastrtps_cpp;rosidl_typesupport_introspection_cpp
-- Found rmw_implementation_cmake: 3.3.1 (/opt/ros/galactic/share/rmw_implementation_cmake/cmake)
-- Found rmw_cyclonedds_cpp: 0.22.6 (/opt/ros/galactic/share/rmw_cyclonedds_cpp/cmake)
-- Using RMW implementation 'rmw_cyclonedds_cpp' as default
-- Found nav2_common: 1.0.12 (/home/coderey/ros2_ws/install/nav2_common/share/nav2_common/cmake)
-- Found nav_2d_utils: 1.0.12 (/home/coderey/ros2_ws/install/nav_2d_utils/share/nav_2d_utils/cmake)
-- Found ament_lint_auto: 0.10.7 (/opt/ros/galactic/share/ament_lint_auto/cmake)
-- Found gtest sources under '/opt/ros/galactic/src/gtest_vendor': C++ tests using 'Google Test' will be built
-- Added test 'cppcheck' to perform static code analysis on C / C++ code
-- Configured cppcheck include dirs: /home/coderey/ros2_ws/src/navigation2/nav2_controller/include
-- Configured cppcheck exclude dirs and/or files: 
-- Added test 'cpplint' to check C / C++ code against the Google style
-- Configured cpplint exclude dirs and/or files: 
-- Added test 'lint_cmake' to check CMake code style
-- Added test 'uncrustify' to check C / C++ code style
-- Configured uncrustify additional arguments: 
-- Added test 'xmllint' to check XML markup files
-- Configuring done
-- Generating done
-- Build files have been written to: /home/coderey/ros2_ws/build/nav2_controller
[ 11%] Built target gtest_main
[ 22%] Built target simple_goal_checker
[ 33%] Built target simple_progress_checker
[ 50%] Built target controller_server_core
[ 55%] Built target gtest
[ 66%] Built target stopped_goal_checker
[ 77%] Built target controller_server
[ 88%] Built target pctest
[100%] Built target gctest
-- Install configuration: "RelWithDebInfo"
-- Execute custom install script
-- Up-to-date symlink: /home/coderey/ros2_ws/install/nav2_controller/lib/libsimple_progress_checker.so
-- Up-to-date symlink: /home/coderey/ros2_ws/install/nav2_controller/lib/libsimple_goal_checker.so
-- Up-to-date symlink: /home/coderey/ros2_ws/install/nav2_controller/lib/libstopped_goal_checker.so
-- Up-to-date symlink: /home/coderey/ros2_ws/install/nav2_controller/lib/libcontroller_server_core.a
-- Up-to-date symlink: /home/coderey/ros2_ws/install/nav2_controller/lib/nav2_controller/controller_server
-- Up-to-date symlink: /home/coderey/ros2_ws/install/nav2_controller/include//nav2_controller/nav2_controller.hpp
-- Up-to-date symlink: /home/coderey/ros2_ws/install/nav2_controller/include//nav2_controller/plugins/simple_goal_checker.hpp
-- Up-to-date symlink: /home/coderey/ros2_ws/install/nav2_controller/include//nav2_controller/plugins/simple_progress_checker.hpp
-- Up-to-date symlink: /home/coderey/ros2_ws/install/nav2_controller/include//nav2_controller/plugins/stopped_goal_checker.hpp
-- Up-to-date symlink: /home/coderey/ros2_ws/install/nav2_controller/share/nav2_controller/environment/library_path.sh
-- Up-to-date symlink: /home/coderey/ros2_ws/install/nav2_controller/share/nav2_controller/environment/library_path.dsv
-- Up-to-date symlink: /home/coderey/ros2_ws/install/nav2_controller/share/nav2_controller//plugins.xml
-- Up-to-date symlink: /home/coderey/ros2_ws/install/nav2_controller/share/ament_index/resource_index/package_run_dependencies/nav2_controller
-- Up-to-date symlink: /home/coderey/ros2_ws/install/nav2_controller/share/ament_index/resource_index/parent_prefix_path/nav2_controller
-- Up-to-date symlink: /home/coderey/ros2_ws/install/nav2_controller/share/nav2_controller/environment/ament_prefix_path.sh
-- Up-to-date symlink: /home/coderey/ros2_ws/install/nav2_controller/share/nav2_controller/environment/ament_prefix_path.dsv
-- Up-to-date symlink: /home/coderey/ros2_ws/install/nav2_controller/share/nav2_controller/environment/path.sh
-- Up-to-date symlink: /home/coderey/ros2_ws/install/nav2_controller/share/nav2_controller/environment/path.dsv
-- Up-to-date symlink: /home/coderey/ros2_ws/install/nav2_controller/share/nav2_controller/local_setup.bash
-- Up-to-date symlink: /home/coderey/ros2_ws/install/nav2_controller/share/nav2_controller/local_setup.sh
-- Up-to-date symlink: /home/coderey/ros2_ws/install/nav2_controller/share/nav2_controller/local_setup.zsh
-- Up-to-date symlink: /home/coderey/ros2_ws/install/nav2_controller/share/nav2_controller/local_setup.dsv
-- Symlinking: /home/coderey/ros2_ws/install/nav2_controller/share/nav2_controller/package.dsv
-- Up-to-date symlink: /home/coderey/ros2_ws/install/nav2_controller/share/ament_index/resource_index/packages/nav2_controller
-- Up-to-date symlink: /home/coderey/ros2_ws/install/nav2_controller/share/ament_index/resource_index/nav2_core__pluginlib__plugin/nav2_controller
-- Up-to-date symlink: /home/coderey/ros2_ws/install/nav2_controller/share/nav2_controller/cmake/ament_cmake_export_include_directories-extras.cmake
-- Up-to-date symlink: /home/coderey/ros2_ws/install/nav2_controller/share/nav2_controller/cmake/ament_cmake_export_libraries-extras.cmake
-- Up-to-date symlink: /home/coderey/ros2_ws/install/nav2_controller/share/nav2_controller/cmake/ament_cmake_export_dependencies-extras.cmake
-- Up-to-date symlink: /home/coderey/ros2_ws/install/nav2_controller/share/nav2_controller/cmake/nav2_controllerConfig.cmake
-- Up-to-date symlink: /home/coderey/ros2_ws/install/nav2_controller/share/nav2_controller/cmake/nav2_controllerConfig-version.cmake
-- Up-to-date symlink: /home/coderey/ros2_ws/install/nav2_controller/share/nav2_controller/package.xml
