[2.814s] Invoking command in '/home/coderey/ros2_ws/src/bno055': PYTHONPATH=/home/coderey/ros2_ws/build/bno055/prefix_override:/home/coderey/ros2_ws/install/bno055/lib/python3.8/site-packages:${PYTHONPATH} /usr/bin/python3 setup.py egg_info --egg-base ../../build/bno055 build --build-base /home/coderey/ros2_ws/build/bno055/build install --record /home/coderey/ros2_ws/build/bno055/install.log --single-version-externally-managed
[3.195s] running egg_info
[3.196s] writing ../../build/bno055/bno055.egg-info/PKG-INFO
[3.197s] writing dependency_links to ../../build/bno055/bno055.egg-info/dependency_links.txt
[3.197s] writing entry points to ../../build/bno055/bno055.egg-info/entry_points.txt
[3.197s] writing requirements to ../../build/bno055/bno055.egg-info/requires.txt
[3.198s] writing top-level names to ../../build/bno055/bno055.egg-info/top_level.txt
[3.235s] reading manifest file '../../build/bno055/bno055.egg-info/SOURCES.txt'
[3.236s] writing manifest file '../../build/bno055/bno055.egg-info/SOURCES.txt'
[3.236s] running build
[3.236s] running build_py
[3.240s] running install
[3.240s] running install_lib
[3.244s] running install_data
[3.244s] running install_egg_info
[3.252s] removing '/home/coderey/ros2_ws/install/bno055/lib/python3.8/site-packages/bno055-0.4.1-py3.8.egg-info' (and everything under it)
[3.252s] Copying ../../build/bno055/bno055.egg-info to /home/coderey/ros2_ws/install/bno055/lib/python3.8/site-packages/bno055-0.4.1-py3.8.egg-info
[3.252s] running install_scripts
[3.312s] Installing bno055 script to /home/coderey/ros2_ws/install/bno055/lib/bno055
[3.312s] writing list of installed files to '/home/coderey/ros2_ws/build/bno055/install.log'
[4.847s] Invoked command in '/home/coderey/ros2_ws/src/bno055' returned '0': PYTHONPATH=/home/coderey/ros2_ws/build/bno055/prefix_override:/home/coderey/ros2_ws/install/bno055/lib/python3.8/site-packages:${PYTHONPATH} /usr/bin/python3 setup.py egg_info --egg-base ../../build/bno055 build --build-base /home/coderey/ros2_ws/build/bno055/build install --record /home/coderey/ros2_ws/build/bno055/install.log --single-version-externally-managed
