-- Found ament_cmake: 1.1.6 (/opt/ros/galactic/share/ament_cmake/cmake)
-- Using PYTHON_EXECUTABLE: /usr/bin/python3
-- Override CMake install command with custom implementation using symlinks instead of copying resources
-- Configuring done
-- Generating done
-- Build files have been written to: /home/coderey/ros2_ws/build/nav2_costmap_filters_demo
-- Install configuration: "RelWithDebInfo"
-- Execute custom install script
-- Symlinking: /home/coderey/ros2_ws/install/nav2_costmap_filters_demo/share/nav2_costmap_filters_demo/launch/costmap_filter_info.launch.py
-- Symlinking: /home/coderey/ros2_ws/install/nav2_costmap_filters_demo/share/nav2_costmap_filters_demo/maps/keepout_mask.png
-- Symlinking: /home/coderey/ros2_ws/install/nav2_costmap_filters_demo/share/nav2_costmap_filters_demo/maps/keepout_mask.yaml
-- Symlinking: /home/coderey/ros2_ws/install/nav2_costmap_filters_demo/share/nav2_costmap_filters_demo/maps/speed_mask.pgm
-- Symlinking: /home/coderey/ros2_ws/install/nav2_costmap_filters_demo/share/nav2_costmap_filters_demo/maps/speed_mask.yaml
-- Symlinking: /home/coderey/ros2_ws/install/nav2_costmap_filters_demo/share/nav2_costmap_filters_demo/params/keepout_params.yaml
-- Symlinking: /home/coderey/ros2_ws/install/nav2_costmap_filters_demo/share/nav2_costmap_filters_demo/params/speed_params.yaml
-- Symlinking: /home/coderey/ros2_ws/install/nav2_costmap_filters_demo/share/ament_index/resource_index/package_run_dependencies/nav2_costmap_filters_demo
-- Symlinking: /home/coderey/ros2_ws/install/nav2_costmap_filters_demo/share/ament_index/resource_index/parent_prefix_path/nav2_costmap_filters_demo
-- Symlinking: /home/coderey/ros2_ws/install/nav2_costmap_filters_demo/share/nav2_costmap_filters_demo/environment/ament_prefix_path.sh
-- Symlinking: /home/coderey/ros2_ws/install/nav2_costmap_filters_demo/share/nav2_costmap_filters_demo/environment/ament_prefix_path.dsv
-- Symlinking: /home/coderey/ros2_ws/install/nav2_costmap_filters_demo/share/nav2_costmap_filters_demo/environment/path.sh
-- Symlinking: /home/coderey/ros2_ws/install/nav2_costmap_filters_demo/share/nav2_costmap_filters_demo/environment/path.dsv
-- Symlinking: /home/coderey/ros2_ws/install/nav2_costmap_filters_demo/share/nav2_costmap_filters_demo/local_setup.bash
-- Symlinking: /home/coderey/ros2_ws/install/nav2_costmap_filters_demo/share/nav2_costmap_filters_demo/local_setup.sh
-- Symlinking: /home/coderey/ros2_ws/install/nav2_costmap_filters_demo/share/nav2_costmap_filters_demo/local_setup.zsh
-- Symlinking: /home/coderey/ros2_ws/install/nav2_costmap_filters_demo/share/nav2_costmap_filters_demo/local_setup.dsv
-- Symlinking: /home/coderey/ros2_ws/install/nav2_costmap_filters_demo/share/nav2_costmap_filters_demo/package.dsv
-- Symlinking: /home/coderey/ros2_ws/install/nav2_costmap_filters_demo/share/ament_index/resource_index/packages/nav2_costmap_filters_demo
-- Symlinking: /home/coderey/ros2_ws/install/nav2_costmap_filters_demo/share/nav2_costmap_filters_demo/cmake/nav2_costmap_filters_demoConfig.cmake
-- Symlinking: /home/coderey/ros2_ws/install/nav2_costmap_filters_demo/share/nav2_costmap_filters_demo/cmake/nav2_costmap_filters_demoConfig-version.cmake
-- Symlinking: /home/coderey/ros2_ws/install/nav2_costmap_filters_demo/share/nav2_costmap_filters_demo/package.xml
