[0.000000] (-) TimerEvent: {}
[0.000112] (-) JobUnselected: {'identifier': 'bno055'}
[0.000133] (-) JobUnselected: {'identifier': 'costmap_queue'}
[0.000144] (-) JobUnselected: {'identifier': 'dwb_core'}
[0.000153] (-) JobUnselected: {'identifier': 'dwb_critics'}
[0.000162] (-) JobUnselected: {'identifier': 'dwb_msgs'}
[0.000170] (-) JobUnselected: {'identifier': 'dwb_plugins'}
[0.000179] (-) JobUnselected: {'identifier': 'marvelmind_ros2'}
[0.000188] (-) JobUnselected: {'identifier': 'marvelmind_ros2_msgs'}
[0.000196] (-) JobUnselected: {'identifier': 'mob_rob_loca'}
[0.000663] (-) JobUnselected: {'identifier': 'nav2_amcl'}
[0.000685] (-) JobUnselected: {'identifier': 'nav2_behavior_tree'}
[0.000696] (-) JobUnselected: {'identifier': 'nav2_behaviors'}
[0.000705] (-) JobUnselected: {'identifier': 'nav2_bringup'}
[0.000714] (-) JobUnselected: {'identifier': 'nav2_bt_navigator'}
[0.000722] (-) JobUnselected: {'identifier': 'nav2_collision_monitor'}
[0.000730] (-) JobUnselected: {'identifier': 'nav2_common'}
[0.000743] (-) JobUnselected: {'identifier': 'nav2_constrained_smoother'}
[0.000753] (-) JobUnselected: {'identifier': 'nav2_controller'}
[0.000770] (-) JobUnselected: {'identifier': 'nav2_core'}
[0.000779] (-) JobUnselected: {'identifier': 'nav2_costmap_2d'}
[0.000788] (-) JobUnselected: {'identifier': 'nav2_dwb_controller'}
[0.000797] (-) JobUnselected: {'identifier': 'nav2_lifecycle_manager'}
[0.000805] (-) JobUnselected: {'identifier': 'nav2_map_server'}
[0.000813] (-) JobUnselected: {'identifier': 'nav2_mppi_controller'}
[0.000822] (-) JobUnselected: {'identifier': 'nav2_msgs'}
[0.000830] (-) JobUnselected: {'identifier': 'nav2_navfn_planner'}
[0.000838] (-) JobUnselected: {'identifier': 'nav2_planner'}
[0.000846] (-) JobUnselected: {'identifier': 'nav2_regulated_pure_pursuit_controller'}
[0.000855] (-) JobUnselected: {'identifier': 'nav2_rotation_shim_controller'}
[0.000863] (-) JobUnselected: {'identifier': 'nav2_rviz_plugins'}
[0.000872] (-) JobUnselected: {'identifier': 'nav2_simple_commander'}
[0.000880] (-) JobUnselected: {'identifier': 'nav2_smac_planner'}
[0.000888] (-) JobUnselected: {'identifier': 'nav2_smoother'}
[0.000896] (-) JobUnselected: {'identifier': 'nav2_system_tests'}
[0.000905] (-) JobUnselected: {'identifier': 'nav2_theta_star_planner'}
[0.000913] (-) JobUnselected: {'identifier': 'nav2_util'}
[0.000921] (-) JobUnselected: {'identifier': 'nav2_velocity_smoother'}
[0.000930] (-) JobUnselected: {'identifier': 'nav2_voxel_grid'}
[0.000938] (-) JobUnselected: {'identifier': 'nav2_waypoint_follower'}
[0.000946] (-) JobUnselected: {'identifier': 'nav_2d_msgs'}
[0.000955] (-) JobUnselected: {'identifier': 'nav_2d_utils'}
[0.000963] (-) JobUnselected: {'identifier': 'robot_localization'}
[0.000973] (navigation2) JobQueued: {'identifier': 'navigation2', 'dependencies': OrderedDict([('nav2_common', '/home/coderey/ros2_ws/install/nav2_common'), ('nav_2d_msgs', '/home/coderey/ros2_ws/install/nav_2d_msgs'), ('robot_localization', '/home/coderey/ros2_ws/install/robot_localization'), ('dwb_msgs', '/home/coderey/ros2_ws/install/dwb_msgs'), ('nav2_msgs', '/home/coderey/ros2_ws/install/nav2_msgs'), ('nav2_voxel_grid', '/home/coderey/ros2_ws/install/nav2_voxel_grid'), ('nav2_simple_commander', '/home/coderey/ros2_ws/install/nav2_simple_commander'), ('nav2_util', '/home/coderey/ros2_ws/install/nav2_util'), ('nav2_amcl', '/home/coderey/ros2_ws/install/nav2_amcl'), ('nav2_behavior_tree', '/home/coderey/ros2_ws/install/nav2_behavior_tree'), ('nav2_lifecycle_manager', '/home/coderey/ros2_ws/install/nav2_lifecycle_manager'), ('nav2_map_server', '/home/coderey/ros2_ws/install/nav2_map_server'), ('nav2_velocity_smoother', '/home/coderey/ros2_ws/install/nav2_velocity_smoother'), ('nav_2d_utils', '/home/coderey/ros2_ws/install/nav_2d_utils'), ('nav2_costmap_2d', '/home/coderey/ros2_ws/install/nav2_costmap_2d'), ('nav2_rviz_plugins', '/home/coderey/ros2_ws/install/nav2_rviz_plugins'), ('costmap_queue', '/home/coderey/ros2_ws/install/costmap_queue'), ('nav2_collision_monitor', '/home/coderey/ros2_ws/install/nav2_collision_monitor'), ('nav2_core', '/home/coderey/ros2_ws/install/nav2_core'), ('dwb_core', '/home/coderey/ros2_ws/install/dwb_core'), ('nav2_behaviors', '/home/coderey/ros2_ws/install/nav2_behaviors'), ('nav2_bt_navigator', '/home/coderey/ros2_ws/install/nav2_bt_navigator'), ('nav2_constrained_smoother', '/home/coderey/ros2_ws/install/nav2_constrained_smoother'), ('nav2_controller', '/home/coderey/ros2_ws/install/nav2_controller'), ('nav2_mppi_controller', '/home/coderey/ros2_ws/install/nav2_mppi_controller'), ('nav2_navfn_planner', '/home/coderey/ros2_ws/install/nav2_navfn_planner'), ('nav2_planner', '/home/coderey/ros2_ws/install/nav2_planner'), ('nav2_regulated_pure_pursuit_controller', '/home/coderey/ros2_ws/install/nav2_regulated_pure_pursuit_controller'), ('nav2_smac_planner', '/home/coderey/ros2_ws/install/nav2_smac_planner'), ('nav2_smoother', '/home/coderey/ros2_ws/install/nav2_smoother'), ('nav2_theta_star_planner', '/home/coderey/ros2_ws/install/nav2_theta_star_planner'), ('nav2_waypoint_follower', '/home/coderey/ros2_ws/install/nav2_waypoint_follower'), ('dwb_critics', '/home/coderey/ros2_ws/install/dwb_critics'), ('dwb_plugins', '/home/coderey/ros2_ws/install/dwb_plugins'), ('nav2_rotation_shim_controller', '/home/coderey/ros2_ws/install/nav2_rotation_shim_controller'), ('nav2_dwb_controller', '/home/coderey/ros2_ws/install/nav2_dwb_controller')])}
[0.001015] (navigation2) JobStarted: {'identifier': 'navigation2'}
[0.099929] (-) TimerEvent: {}
[0.189663] (navigation2) JobEnded: {'identifier': 'navigation2', 'rc': 1}
[0.200245] (-) EventReactorShutdown: {}
