[2.599s] Invoking command in '/home/coderey/ros2_ws/src/bno055': PYTHONPATH=/home/coderey/ros2_ws/build/bno055/prefix_override:/home/coderey/ros2_ws/install/bno055/lib/python3.8/site-packages:${PYTHONPATH} /usr/bin/python3 setup.py egg_info --egg-base ../../build/bno055 build --build-base /home/coderey/ros2_ws/build/bno055/build install --record /home/coderey/ros2_ws/build/bno055/install.log --single-version-externally-managed
[2.877s] running egg_info
[2.877s] writing ../../build/bno055/bno055.egg-info/PKG-INFO
[2.877s] writing dependency_links to ../../build/bno055/bno055.egg-info/dependency_links.txt
[2.878s] writing entry points to ../../build/bno055/bno055.egg-info/entry_points.txt
[2.878s] writing requirements to ../../build/bno055/bno055.egg-info/requires.txt
[2.878s] writing top-level names to ../../build/bno055/bno055.egg-info/top_level.txt
[2.909s] reading manifest file '../../build/bno055/bno055.egg-info/SOURCES.txt'
[2.909s] writing manifest file '../../build/bno055/bno055.egg-info/SOURCES.txt'
[2.909s] running build
[2.909s] running build_py
[2.909s] running install
[2.909s] running install_lib
[2.909s] running install_data
[2.909s] running install_egg_info
[2.909s] removing '/home/coderey/ros2_ws/install/bno055/lib/python3.8/site-packages/bno055-0.4.1-py3.8.egg-info' (and everything under it)
[2.910s] Copying ../../build/bno055/bno055.egg-info to /home/coderey/ros2_ws/install/bno055/lib/python3.8/site-packages/bno055-0.4.1-py3.8.egg-info
[2.910s] running install_scripts
[2.910s] Installing bno055 script to /home/coderey/ros2_ws/install/bno055/lib/bno055
[2.910s] writing list of installed files to '/home/coderey/ros2_ws/build/bno055/install.log'
[3.714s] Invoked command in '/home/coderey/ros2_ws/src/bno055' returned '0': PYTHONPATH=/home/coderey/ros2_ws/build/bno055/prefix_override:/home/coderey/ros2_ws/install/bno055/lib/python3.8/site-packages:${PYTHONPATH} /usr/bin/python3 setup.py egg_info --egg-base ../../build/bno055 build --build-base /home/coderey/ros2_ws/build/bno055/build install --record /home/coderey/ros2_ws/build/bno055/install.log --single-version-externally-managed
