[0.528s] Invoking command in '/home/coderey/ros2_ws/build/nav2_util': CMAKE_PREFIX_PATH=/home/coderey/ros2_ws/install/nav2_msgs:/home/coderey/ros2_ws/install/nav2_common:/home/coderey/ros2_ws/install/robot_localization:/home/coderey/ros2_ws/install/dwb_msgs:/home/coderey/ros2_ws/install/nav_2d_msgs:/home/coderey/ros2_ws/install/nav2_voxel_grid:/home/coderey/ros2_ws/install/marvelmind_ros2:/home/coderey/ros2_ws/install/marvelmind_ros2_msgs:/home/coderey/ros2_ws/install/groot:/home/coderey/microros_ws/install/micro_ros_demos_rclc:/home/coderey/microros_ws/install/common_interfaces:/home/coderey/microros_ws/install/visualization_msgs:/home/coderey/microros_ws/install/test_msgs:/home/coderey/microros_ws/install/example_interfaces:/home/coderey/microros_ws/install/action_msgs:/home/coderey/microros_ws/install/unique_identifier_msgs:/home/coderey/microros_ws/install/trajectory_msgs:/home/coderey/microros_ws/install/stereo_msgs:/home/coderey/microros_ws/install/std_srvs:/home/coderey/microros_ws/install/shape_msgs:/home/coderey/microros_ws/install/sensor_msgs:/home/coderey/microros_ws/install/nav_msgs:/home/coderey/microros_ws/install/diagnostic_msgs:/home/coderey/microros_ws/install/geometry_msgs:/home/coderey/microros_ws/install/drive_base_msgs:/home/coderey/microros_ws/install/actionlib_msgs:/home/coderey/microros_ws/install/std_msgs:/home/coderey/microros_ws/install/statistics_msgs:/home/coderey/microros_ws/install/rosidl_typesupport_microxrcedds_test_msg:/home/coderey/microros_ws/install/rosidl_typesupport_microxrcedds_cpp_tests:/home/coderey/microros_ws/install/rmw_microxrcedds:/home/coderey/microros_ws/install/rosidl_typesupport_microxrcedds_cpp:/home/coderey/microros_ws/install/rosidl_typesupport_microxrcedds_c_tests:/home/coderey/microros_ws/install/rosidl_typesupport_microxrcedds_c:/home/coderey/microros_ws/install/rosgraph_msgs:/home/coderey/microros_ws/install/rclc_parameter:/home/coderey/microros_ws/install/rclc:/home/coderey/microros_ws/install/composition_interfaces:/home/coderey/microros_ws/install/rcl_interfaces:/home/coderey/microros_ws/install/microxrcedds_client:/home/coderey/microros_ws/install/microcdr:/home/coderey/microros_ws/install/micro_ros_utilities:/home/coderey/microros_ws/install/micro_ros_setup:/home/coderey/microros_ws/install/micro_ros_agent:/home/coderey/microros_ws/install/micro_ros_msgs:/home/coderey/microros_ws/install/micro_ros_demos_rclcpp:/home/coderey/microros_ws/install/lifecycle_msgs:/home/coderey/microros_ws/install/complex_msgs:/home/coderey/microros_ws/install/builtin_interfaces:/home/coderey/ros2_ws/install/nav2_simple_commander:/home/coderey/ros2_ws/install/nav2_gazebo_spawner:/home/coderey/ros2_ws/install/mob_rob_loca:/home/coderey/ros2_ws/install/bno055:/home/coderey/microros_ws/install/sensor_msgs_py:/opt/ros/galactic LD_LIBRARY_PATH=/home/coderey/ros2_ws/install/nav2_msgs/lib:/home/coderey/ros2_ws/install/robot_localization/lib:/home/coderey/ros2_ws/install/dwb_msgs/lib:/home/coderey/ros2_ws/install/nav_2d_msgs/lib:/home/coderey/ros2_ws/install/nav2_voxel_grid/lib:/home/coderey/ros2_ws/install/marvelmind_ros2_msgs/lib:/home/coderey/ros2_ws/install/groot/lib:/home/coderey/microros_ws/install/visualization_msgs/lib:/home/coderey/microros_ws/install/test_msgs/lib:/home/coderey/microros_ws/install/example_interfaces/lib:/home/coderey/microros_ws/install/action_msgs/lib:/home/coderey/microros_ws/install/unique_identifier_msgs/lib:/home/coderey/microros_ws/install/trajectory_msgs/lib:/home/coderey/microros_ws/install/stereo_msgs/lib:/home/coderey/microros_ws/install/std_srvs/lib:/home/coderey/microros_ws/install/shape_msgs/lib:/home/coderey/microros_ws/install/sensor_msgs/lib:/home/coderey/microros_ws/install/nav_msgs/lib:/home/coderey/microros_ws/install/diagnostic_msgs/lib:/home/coderey/microros_ws/install/geometry_msgs/lib:/home/coderey/microros_ws/install/drive_base_msgs/lib:/home/coderey/microros_ws/install/actionlib_msgs/lib:/home/coderey/microros_ws/install/std_msgs/lib:/home/coderey/microros_ws/install/statistics_msgs/lib:/home/coderey/microros_ws/install/rmw_microxrcedds/lib:/home/coderey/microros_ws/install/rosidl_typesupport_microxrcedds_cpp/lib:/home/coderey/microros_ws/install/rosidl_typesupport_microxrcedds_c/lib:/home/coderey/microros_ws/install/rosgraph_msgs/lib:/home/coderey/microros_ws/install/rclc_parameter/lib:/home/coderey/microros_ws/install/rclc/lib:/home/coderey/microros_ws/install/composition_interfaces/lib:/home/coderey/microros_ws/install/rcl_interfaces/lib:/home/coderey/microros_ws/install/microxrcedds_client/lib:/home/coderey/microros_ws/install/microcdr/lib:/home/coderey/microros_ws/install/micro_ros_utilities/lib:/home/coderey/microros_ws/install/micro_ros_agent/lib:/home/coderey/microros_ws/install/micro_ros_msgs/lib:/home/coderey/microros_ws/install/lifecycle_msgs/lib:/home/coderey/microros_ws/install/complex_msgs/lib:/home/coderey/microros_ws/install/builtin_interfaces/lib:/usr/lib/x86_64-linux-gnu/gazebo-11/plugins:/opt/ros/galactic/opt/yaml_cpp_vendor/lib:/opt/ros/galactic/opt/rviz_ogre_vendor/lib:/opt/ros/galactic/lib/x86_64-linux-gnu:/opt/ros/galactic/lib PYTHONPATH=/home/coderey/ros2_ws/install/nav2_msgs/lib/python3.8/site-packages:/home/coderey/ros2_ws/install/nav2_common/lib/python3.8/site-packages:/home/coderey/ros2_ws/install/robot_localization/lib/python3.8/site-packages:/home/coderey/ros2_ws/install/dwb_msgs/lib/python3.8/site-packages:/home/coderey/ros2_ws/install/nav_2d_msgs/lib/python3.8/site-packages:/home/coderey/ros2_ws/build/nav2_simple_commander:/home/coderey/ros2_ws/install/nav2_simple_commander/lib/python3.8/site-packages:/home/coderey/ros2_ws/build/nav2_gazebo_spawner:/home/coderey/ros2_ws/install/nav2_gazebo_spawner/lib/python3.8/site-packages:/home/coderey/ros2_ws/build/mob_rob_loca:/home/coderey/ros2_ws/install/mob_rob_loca/lib/python3.8/site-packages:/home/coderey/ros2_ws/install/marvelmind_ros2_msgs/lib/python3.8/site-packages:/home/coderey/ros2_ws/build/bno055:/home/coderey/ros2_ws/install/bno055/lib/python3.8/site-packages:/home/coderey/microros_ws/install/visualization_msgs/lib/python3.8/site-packages:/home/coderey/microros_ws/install/test_msgs/lib/python3.8/site-packages:/home/coderey/microros_ws/install/example_interfaces/lib/python3.8/site-packages:/home/coderey/microros_ws/install/action_msgs/lib/python3.8/site-packages:/home/coderey/microros_ws/install/unique_identifier_msgs/lib/python3.8/site-packages:/home/coderey/microros_ws/install/trajectory_msgs/lib/python3.8/site-packages:/home/coderey/microros_ws/install/stereo_msgs/lib/python3.8/site-packages:/home/coderey/microros_ws/install/std_srvs/lib/python3.8/site-packages:/home/coderey/microros_ws/install/shape_msgs/lib/python3.8/site-packages:/home/coderey/microros_ws/install/sensor_msgs_py/lib/python3.8/site-packages:/home/coderey/microros_ws/install/sensor_msgs/lib/python3.8/site-packages:/home/coderey/microros_ws/install/nav_msgs/lib/python3.8/site-packages:/home/coderey/microros_ws/install/diagnostic_msgs/lib/python3.8/site-packages:/home/coderey/microros_ws/install/geometry_msgs/lib/python3.8/site-packages:/home/coderey/microros_ws/install/drive_base_msgs/lib/python3.8/site-packages:/home/coderey/microros_ws/install/actionlib_msgs/lib/python3.8/site-packages:/home/coderey/microros_ws/install/std_msgs/lib/python3.8/site-packages:/home/coderey/microros_ws/install/statistics_msgs/lib/python3.8/site-packages:/home/coderey/microros_ws/install/rosidl_typesupport_microxrcedds_cpp/lib/python3.8/site-packages:/home/coderey/microros_ws/install/rosidl_typesupport_microxrcedds_c/lib/python3.8/site-packages:/home/coderey/microros_ws/install/rosgraph_msgs/lib/python3.8/site-packages:/home/coderey/microros_ws/install/composition_interfaces/lib/python3.8/site-packages:/home/coderey/microros_ws/install/rcl_interfaces/lib/python3.8/site-packages:/home/coderey/microros_ws/install/micro_ros_msgs/lib/python3.8/site-packages:/home/coderey/microros_ws/install/lifecycle_msgs/lib/python3.8/site-packages:/home/coderey/microros_ws/install/complex_msgs/lib/python3.8/site-packages:/home/coderey/microros_ws/install/builtin_interfaces/lib/python3.8/site-packages:/opt/ros/galactic/lib/python3.8/site-packages:/opt/ros/galactic/lib/python3/dist-packages /usr/bin/cmake /home/coderey/ros2_ws/src/navigation2/nav2_util -DAMENT_CMAKE_SYMLINK_INSTALL=1 -DCMAKE_INSTALL_PREFIX=/home/coderey/ros2_ws/install/nav2_util
[0.596s] -- The C compiler identification is GNU 9.4.0
[0.660s] -- The CXX compiler identification is GNU 9.4.0
[0.667s] -- Check for working C compiler: /usr/bin/cc
[0.751s] -- Check for working C compiler: /usr/bin/cc -- works
[0.751s] -- Detecting C compiler ABI info
[0.841s] -- Detecting C compiler ABI info - done
[0.864s] -- Detecting C compile features
[0.864s] -- Detecting C compile features - done
[0.867s] -- Check for working CXX compiler: /usr/bin/c++
[0.964s] -- Check for working CXX compiler: /usr/bin/c++ -- works
[0.966s] -- Detecting CXX compiler ABI info
[1.063s] -- Detecting CXX compiler ABI info - done
[1.079s] -- Detecting CXX compile features
[1.080s] -- Detecting CXX compile features - done
[1.085s] -- Found ament_cmake: 1.1.6 (/opt/ros/galactic/share/ament_cmake/cmake)
[1.144s] -- Found PythonInterp: /usr/bin/python3 (found suitable version "3.8.10", minimum required is "3") 
[1.144s] -- Using PYTHON_EXECUTABLE: /usr/bin/python3
[1.235s] -- Override CMake install command with custom implementation using symlinks instead of copying resources
[1.294s] -- Found nav2_common: 1.0.12 (/home/coderey/ros2_ws/install/nav2_common/share/nav2_common/cmake)
[1.294s] -- Found nav2_msgs: 1.0.12 (/home/coderey/ros2_ws/install/nav2_msgs/share/nav2_msgs/cmake)
[1.349s] -- Using all available rosidl_typesupport_c: rosidl_typesupport_microxrcedds_c;rosidl_typesupport_fastrtps_c;rosidl_typesupport_introspection_c
[1.364s] -- Found rosidl_adapter: 2.2.3 (/opt/ros/galactic/share/rosidl_adapter/cmake)
[1.510s] -- Found OpenSSL: /usr/lib/x86_64-linux-gnu/libcrypto.so (found version "1.1.1f")  
[1.549s] -- Found FastRTPS: /opt/ros/galactic/include  
[1.651s] -- Using all available rosidl_typesupport_cpp: rosidl_typesupport_microxrcedds_cpp;rosidl_typesupport_fastrtps_cpp;rosidl_typesupport_introspection_cpp
[2.186s] -- Found tf2_ros: 0.17.5 (/opt/ros/galactic/share/tf2_ros/cmake)
[2.287s] -- Found rmw_implementation_cmake: 3.3.1 (/opt/ros/galactic/share/rmw_implementation_cmake/cmake)
[2.295s] -- Found rmw_cyclonedds_cpp: 0.22.6 (/opt/ros/galactic/share/rmw_cyclonedds_cpp/cmake)
[2.320s] -- Using RMW implementation 'rmw_cyclonedds_cpp' as default
[2.322s] -- Looking for pthread.h
[2.411s] -- Looking for pthread.h - found
[2.411s] -- Performing Test CMAKE_HAVE_LIBC_PTHREAD
[2.513s] -- Performing Test CMAKE_HAVE_LIBC_PTHREAD - Failed
[2.513s] -- Looking for pthread_create in pthreads
[2.587s] -- Looking for pthread_create in pthreads - not found
[2.587s] -- Looking for pthread_create in pthread
[2.682s] -- Looking for pthread_create in pthread - found
[2.683s] -- Found Threads: TRUE  
[3.174s] -- Found tf2_geometry_msgs: 0.17.5 (/opt/ros/galactic/share/tf2_geometry_msgs/cmake)
[3.188s] -- Found eigen3_cmake_module: 0.1.1 (/opt/ros/galactic/share/eigen3_cmake_module/cmake)
[3.194s] -- Found Eigen3: TRUE (found version "3.3.7") 
[3.222s] -- Found lifecycle_msgs: 1.0.3 (/home/coderey/microros_ws/install/lifecycle_msgs/share/lifecycle_msgs/cmake)
[3.235s] -- Found rclcpp_lifecycle: 9.2.2 (/opt/ros/galactic/share/rclcpp_lifecycle/cmake)
[3.262s] -- Found bondcpp: 3.0.1 (/opt/ros/galactic/share/bondcpp/cmake)
[3.329s] -- Setting build type to Release as none was specified.
[3.377s] -- Found Boost: /usr/lib/x86_64-linux-gnu/cmake/Boost-1.71.0/BoostConfig.cmake (found version "1.71.0") found components: program_options 
[3.386s] -- Found ament_lint_auto: 0.10.7 (/opt/ros/galactic/share/ament_lint_auto/cmake)
[3.391s] -- Found ament_cmake_pytest: 1.1.6 (/opt/ros/galactic/share/ament_cmake_pytest/cmake)
[3.397s] -- Found launch_testing_ament_cmake: 0.17.2 (/opt/ros/galactic/share/launch_testing_ament_cmake/cmake)
[3.402s] -- Found python_cmake_module: 0.8.1 (/opt/ros/galactic/share/python_cmake_module/cmake)
[3.451s] -- Found PythonInterp: /usr/bin/python3 (found suitable version "3.8.10", minimum required is "3.5") 
[3.460s] -- Found PythonLibs: /usr/lib/x86_64-linux-gnu/libpython3.8.so (found suitable version "3.8.10", minimum required is "3.5") 
[3.460s] -- Using PYTHON_EXECUTABLE: /usr/bin/python3
[3.460s] -- Using PYTHON_INCLUDE_DIRS: /usr/include/python3.8
[3.460s] -- Using PYTHON_LIBRARIES: /usr/lib/x86_64-linux-gnu/libpython3.8.so
[3.511s] -- Found PythonExtra: .so  
[3.769s] -- Found gtest sources under '/opt/ros/galactic/src/gtest_vendor': C++ tests using 'Google Test' will be built
[3.771s] -- Check if compiler accepts -pthread
[3.865s] -- Check if compiler accepts -pthread - yes
[3.915s] -- Added test 'copyright' to check source files copyright and LICENSE
[3.917s] -- Added test 'cppcheck' to perform static code analysis on C / C++ code
[3.918s] -- Configured cppcheck include dirs: /home/coderey/ros2_ws/src/navigation2/nav2_util/include
[3.918s] -- Configured cppcheck exclude dirs and/or files: 
[3.920s] -- Added test 'cpplint' to check C / C++ code against the Google style
[3.920s] -- Configured cpplint exclude dirs and/or files: 
[3.922s] -- Added test 'flake8' to check Python code syntax and style conventions
[3.923s] -- Added test 'lint_cmake' to check CMake code style
[3.924s] -- Added test 'pep257' to check Python code against some of the style conventions in PEP 257
[3.926s] -- Added test 'uncrustify' to check C / C++ code style
[3.927s] -- Configured uncrustify additional arguments: 
[3.928s] -- Added test 'xmllint' to check XML markup files
[3.935s] -- Configuring done
[4.096s] -- Generating done
[4.099s] -- Build files have been written to: /home/coderey/ros2_ws/build/nav2_util
[4.113s] Invoked command in '/home/coderey/ros2_ws/build/nav2_util' returned '0': CMAKE_PREFIX_PATH=/home/coderey/ros2_ws/install/nav2_msgs:/home/coderey/ros2_ws/install/nav2_common:/home/coderey/ros2_ws/install/robot_localization:/home/coderey/ros2_ws/install/dwb_msgs:/home/coderey/ros2_ws/install/nav_2d_msgs:/home/coderey/ros2_ws/install/nav2_voxel_grid:/home/coderey/ros2_ws/install/marvelmind_ros2:/home/coderey/ros2_ws/install/marvelmind_ros2_msgs:/home/coderey/ros2_ws/install/groot:/home/coderey/microros_ws/install/micro_ros_demos_rclc:/home/coderey/microros_ws/install/common_interfaces:/home/coderey/microros_ws/install/visualization_msgs:/home/coderey/microros_ws/install/test_msgs:/home/coderey/microros_ws/install/example_interfaces:/home/coderey/microros_ws/install/action_msgs:/home/coderey/microros_ws/install/unique_identifier_msgs:/home/coderey/microros_ws/install/trajectory_msgs:/home/coderey/microros_ws/install/stereo_msgs:/home/coderey/microros_ws/install/std_srvs:/home/coderey/microros_ws/install/shape_msgs:/home/coderey/microros_ws/install/sensor_msgs:/home/coderey/microros_ws/install/nav_msgs:/home/coderey/microros_ws/install/diagnostic_msgs:/home/coderey/microros_ws/install/geometry_msgs:/home/coderey/microros_ws/install/drive_base_msgs:/home/coderey/microros_ws/install/actionlib_msgs:/home/coderey/microros_ws/install/std_msgs:/home/coderey/microros_ws/install/statistics_msgs:/home/coderey/microros_ws/install/rosidl_typesupport_microxrcedds_test_msg:/home/coderey/microros_ws/install/rosidl_typesupport_microxrcedds_cpp_tests:/home/coderey/microros_ws/install/rmw_microxrcedds:/home/coderey/microros_ws/install/rosidl_typesupport_microxrcedds_cpp:/home/coderey/microros_ws/install/rosidl_typesupport_microxrcedds_c_tests:/home/coderey/microros_ws/install/rosidl_typesupport_microxrcedds_c:/home/coderey/microros_ws/install/rosgraph_msgs:/home/coderey/microros_ws/install/rclc_parameter:/home/coderey/microros_ws/install/rclc:/home/coderey/microros_ws/install/composition_interfaces:/home/coderey/microros_ws/install/rcl_interfaces:/home/coderey/microros_ws/install/microxrcedds_client:/home/coderey/microros_ws/install/microcdr:/home/coderey/microros_ws/install/micro_ros_utilities:/home/coderey/microros_ws/install/micro_ros_setup:/home/coderey/microros_ws/install/micro_ros_agent:/home/coderey/microros_ws/install/micro_ros_msgs:/home/coderey/microros_ws/install/micro_ros_demos_rclcpp:/home/coderey/microros_ws/install/lifecycle_msgs:/home/coderey/microros_ws/install/complex_msgs:/home/coderey/microros_ws/install/builtin_interfaces:/home/coderey/ros2_ws/install/nav2_simple_commander:/home/coderey/ros2_ws/install/nav2_gazebo_spawner:/home/coderey/ros2_ws/install/mob_rob_loca:/home/coderey/ros2_ws/install/bno055:/home/coderey/microros_ws/install/sensor_msgs_py:/opt/ros/galactic LD_LIBRARY_PATH=/home/coderey/ros2_ws/install/nav2_msgs/lib:/home/coderey/ros2_ws/install/robot_localization/lib:/home/coderey/ros2_ws/install/dwb_msgs/lib:/home/coderey/ros2_ws/install/nav_2d_msgs/lib:/home/coderey/ros2_ws/install/nav2_voxel_grid/lib:/home/coderey/ros2_ws/install/marvelmind_ros2_msgs/lib:/home/coderey/ros2_ws/install/groot/lib:/home/coderey/microros_ws/install/visualization_msgs/lib:/home/coderey/microros_ws/install/test_msgs/lib:/home/coderey/microros_ws/install/example_interfaces/lib:/home/coderey/microros_ws/install/action_msgs/lib:/home/coderey/microros_ws/install/unique_identifier_msgs/lib:/home/coderey/microros_ws/install/trajectory_msgs/lib:/home/coderey/microros_ws/install/stereo_msgs/lib:/home/coderey/microros_ws/install/std_srvs/lib:/home/coderey/microros_ws/install/shape_msgs/lib:/home/coderey/microros_ws/install/sensor_msgs/lib:/home/coderey/microros_ws/install/nav_msgs/lib:/home/coderey/microros_ws/install/diagnostic_msgs/lib:/home/coderey/microros_ws/install/geometry_msgs/lib:/home/coderey/microros_ws/install/drive_base_msgs/lib:/home/coderey/microros_ws/install/actionlib_msgs/lib:/home/coderey/microros_ws/install/std_msgs/lib:/home/coderey/microros_ws/install/statistics_msgs/lib:/home/coderey/microros_ws/install/rmw_microxrcedds/lib:/home/coderey/microros_ws/install/rosidl_typesupport_microxrcedds_cpp/lib:/home/coderey/microros_ws/install/rosidl_typesupport_microxrcedds_c/lib:/home/coderey/microros_ws/install/rosgraph_msgs/lib:/home/coderey/microros_ws/install/rclc_parameter/lib:/home/coderey/microros_ws/install/rclc/lib:/home/coderey/microros_ws/install/composition_interfaces/lib:/home/coderey/microros_ws/install/rcl_interfaces/lib:/home/coderey/microros_ws/install/microxrcedds_client/lib:/home/coderey/microros_ws/install/microcdr/lib:/home/coderey/microros_ws/install/micro_ros_utilities/lib:/home/coderey/microros_ws/install/micro_ros_agent/lib:/home/coderey/microros_ws/install/micro_ros_msgs/lib:/home/coderey/microros_ws/install/lifecycle_msgs/lib:/home/coderey/microros_ws/install/complex_msgs/lib:/home/coderey/microros_ws/install/builtin_interfaces/lib:/usr/lib/x86_64-linux-gnu/gazebo-11/plugins:/opt/ros/galactic/opt/yaml_cpp_vendor/lib:/opt/ros/galactic/opt/rviz_ogre_vendor/lib:/opt/ros/galactic/lib/x86_64-linux-gnu:/opt/ros/galactic/lib PYTHONPATH=/home/coderey/ros2_ws/install/nav2_msgs/lib/python3.8/site-packages:/home/coderey/ros2_ws/install/nav2_common/lib/python3.8/site-packages:/home/coderey/ros2_ws/install/robot_localization/lib/python3.8/site-packages:/home/coderey/ros2_ws/install/dwb_msgs/lib/python3.8/site-packages:/home/coderey/ros2_ws/install/nav_2d_msgs/lib/python3.8/site-packages:/home/coderey/ros2_ws/build/nav2_simple_commander:/home/coderey/ros2_ws/install/nav2_simple_commander/lib/python3.8/site-packages:/home/coderey/ros2_ws/build/nav2_gazebo_spawner:/home/coderey/ros2_ws/install/nav2_gazebo_spawner/lib/python3.8/site-packages:/home/coderey/ros2_ws/build/mob_rob_loca:/home/coderey/ros2_ws/install/mob_rob_loca/lib/python3.8/site-packages:/home/coderey/ros2_ws/install/marvelmind_ros2_msgs/lib/python3.8/site-packages:/home/coderey/ros2_ws/build/bno055:/home/coderey/ros2_ws/install/bno055/lib/python3.8/site-packages:/home/coderey/microros_ws/install/visualization_msgs/lib/python3.8/site-packages:/home/coderey/microros_ws/install/test_msgs/lib/python3.8/site-packages:/home/coderey/microros_ws/install/example_interfaces/lib/python3.8/site-packages:/home/coderey/microros_ws/install/action_msgs/lib/python3.8/site-packages:/home/coderey/microros_ws/install/unique_identifier_msgs/lib/python3.8/site-packages:/home/coderey/microros_ws/install/trajectory_msgs/lib/python3.8/site-packages:/home/coderey/microros_ws/install/stereo_msgs/lib/python3.8/site-packages:/home/coderey/microros_ws/install/std_srvs/lib/python3.8/site-packages:/home/coderey/microros_ws/install/shape_msgs/lib/python3.8/site-packages:/home/coderey/microros_ws/install/sensor_msgs_py/lib/python3.8/site-packages:/home/coderey/microros_ws/install/sensor_msgs/lib/python3.8/site-packages:/home/coderey/microros_ws/install/nav_msgs/lib/python3.8/site-packages:/home/coderey/microros_ws/install/diagnostic_msgs/lib/python3.8/site-packages:/home/coderey/microros_ws/install/geometry_msgs/lib/python3.8/site-packages:/home/coderey/microros_ws/install/drive_base_msgs/lib/python3.8/site-packages:/home/coderey/microros_ws/install/actionlib_msgs/lib/python3.8/site-packages:/home/coderey/microros_ws/install/std_msgs/lib/python3.8/site-packages:/home/coderey/microros_ws/install/statistics_msgs/lib/python3.8/site-packages:/home/coderey/microros_ws/install/rosidl_typesupport_microxrcedds_cpp/lib/python3.8/site-packages:/home/coderey/microros_ws/install/rosidl_typesupport_microxrcedds_c/lib/python3.8/site-packages:/home/coderey/microros_ws/install/rosgraph_msgs/lib/python3.8/site-packages:/home/coderey/microros_ws/install/composition_interfaces/lib/python3.8/site-packages:/home/coderey/microros_ws/install/rcl_interfaces/lib/python3.8/site-packages:/home/coderey/microros_ws/install/micro_ros_msgs/lib/python3.8/site-packages:/home/coderey/microros_ws/install/lifecycle_msgs/lib/python3.8/site-packages:/home/coderey/microros_ws/install/complex_msgs/lib/python3.8/site-packages:/home/coderey/microros_ws/install/builtin_interfaces/lib/python3.8/site-packages:/opt/ros/galactic/lib/python3.8/site-packages:/opt/ros/galactic/lib/python3/dist-packages /usr/bin/cmake /home/coderey/ros2_ws/src/navigation2/nav2_util -DAMENT_CMAKE_SYMLINK_INSTALL=1 -DCMAKE_INSTALL_PREFIX=/home/coderey/ros2_ws/install/nav2_util
[4.115s] Invoking command in '/home/coderey/ros2_ws/build/nav2_util': CMAKE_PREFIX_PATH=/home/coderey/ros2_ws/install/nav2_msgs:/home/coderey/ros2_ws/install/nav2_common:/home/coderey/ros2_ws/install/robot_localization:/home/coderey/ros2_ws/install/dwb_msgs:/home/coderey/ros2_ws/install/nav_2d_msgs:/home/coderey/ros2_ws/install/nav2_voxel_grid:/home/coderey/ros2_ws/install/marvelmind_ros2:/home/coderey/ros2_ws/install/marvelmind_ros2_msgs:/home/coderey/ros2_ws/install/groot:/home/coderey/microros_ws/install/micro_ros_demos_rclc:/home/coderey/microros_ws/install/common_interfaces:/home/coderey/microros_ws/install/visualization_msgs:/home/coderey/microros_ws/install/test_msgs:/home/coderey/microros_ws/install/example_interfaces:/home/coderey/microros_ws/install/action_msgs:/home/coderey/microros_ws/install/unique_identifier_msgs:/home/coderey/microros_ws/install/trajectory_msgs:/home/coderey/microros_ws/install/stereo_msgs:/home/coderey/microros_ws/install/std_srvs:/home/coderey/microros_ws/install/shape_msgs:/home/coderey/microros_ws/install/sensor_msgs:/home/coderey/microros_ws/install/nav_msgs:/home/coderey/microros_ws/install/diagnostic_msgs:/home/coderey/microros_ws/install/geometry_msgs:/home/coderey/microros_ws/install/drive_base_msgs:/home/coderey/microros_ws/install/actionlib_msgs:/home/coderey/microros_ws/install/std_msgs:/home/coderey/microros_ws/install/statistics_msgs:/home/coderey/microros_ws/install/rosidl_typesupport_microxrcedds_test_msg:/home/coderey/microros_ws/install/rosidl_typesupport_microxrcedds_cpp_tests:/home/coderey/microros_ws/install/rmw_microxrcedds:/home/coderey/microros_ws/install/rosidl_typesupport_microxrcedds_cpp:/home/coderey/microros_ws/install/rosidl_typesupport_microxrcedds_c_tests:/home/coderey/microros_ws/install/rosidl_typesupport_microxrcedds_c:/home/coderey/microros_ws/install/rosgraph_msgs:/home/coderey/microros_ws/install/rclc_parameter:/home/coderey/microros_ws/install/rclc:/home/coderey/microros_ws/install/composition_interfaces:/home/coderey/microros_ws/install/rcl_interfaces:/home/coderey/microros_ws/install/microxrcedds_client:/home/coderey/microros_ws/install/microcdr:/home/coderey/microros_ws/install/micro_ros_utilities:/home/coderey/microros_ws/install/micro_ros_setup:/home/coderey/microros_ws/install/micro_ros_agent:/home/coderey/microros_ws/install/micro_ros_msgs:/home/coderey/microros_ws/install/micro_ros_demos_rclcpp:/home/coderey/microros_ws/install/lifecycle_msgs:/home/coderey/microros_ws/install/complex_msgs:/home/coderey/microros_ws/install/builtin_interfaces:/home/coderey/ros2_ws/install/nav2_simple_commander:/home/coderey/ros2_ws/install/nav2_gazebo_spawner:/home/coderey/ros2_ws/install/mob_rob_loca:/home/coderey/ros2_ws/install/bno055:/home/coderey/microros_ws/install/sensor_msgs_py:/opt/ros/galactic LD_LIBRARY_PATH=/home/coderey/ros2_ws/install/nav2_msgs/lib:/home/coderey/ros2_ws/install/robot_localization/lib:/home/coderey/ros2_ws/install/dwb_msgs/lib:/home/coderey/ros2_ws/install/nav_2d_msgs/lib:/home/coderey/ros2_ws/install/nav2_voxel_grid/lib:/home/coderey/ros2_ws/install/marvelmind_ros2_msgs/lib:/home/coderey/ros2_ws/install/groot/lib:/home/coderey/microros_ws/install/visualization_msgs/lib:/home/coderey/microros_ws/install/test_msgs/lib:/home/coderey/microros_ws/install/example_interfaces/lib:/home/coderey/microros_ws/install/action_msgs/lib:/home/coderey/microros_ws/install/unique_identifier_msgs/lib:/home/coderey/microros_ws/install/trajectory_msgs/lib:/home/coderey/microros_ws/install/stereo_msgs/lib:/home/coderey/microros_ws/install/std_srvs/lib:/home/coderey/microros_ws/install/shape_msgs/lib:/home/coderey/microros_ws/install/sensor_msgs/lib:/home/coderey/microros_ws/install/nav_msgs/lib:/home/coderey/microros_ws/install/diagnostic_msgs/lib:/home/coderey/microros_ws/install/geometry_msgs/lib:/home/coderey/microros_ws/install/drive_base_msgs/lib:/home/coderey/microros_ws/install/actionlib_msgs/lib:/home/coderey/microros_ws/install/std_msgs/lib:/home/coderey/microros_ws/install/statistics_msgs/lib:/home/coderey/microros_ws/install/rmw_microxrcedds/lib:/home/coderey/microros_ws/install/rosidl_typesupport_microxrcedds_cpp/lib:/home/coderey/microros_ws/install/rosidl_typesupport_microxrcedds_c/lib:/home/coderey/microros_ws/install/rosgraph_msgs/lib:/home/coderey/microros_ws/install/rclc_parameter/lib:/home/coderey/microros_ws/install/rclc/lib:/home/coderey/microros_ws/install/composition_interfaces/lib:/home/coderey/microros_ws/install/rcl_interfaces/lib:/home/coderey/microros_ws/install/microxrcedds_client/lib:/home/coderey/microros_ws/install/microcdr/lib:/home/coderey/microros_ws/install/micro_ros_utilities/lib:/home/coderey/microros_ws/install/micro_ros_agent/lib:/home/coderey/microros_ws/install/micro_ros_msgs/lib:/home/coderey/microros_ws/install/lifecycle_msgs/lib:/home/coderey/microros_ws/install/complex_msgs/lib:/home/coderey/microros_ws/install/builtin_interfaces/lib:/usr/lib/x86_64-linux-gnu/gazebo-11/plugins:/opt/ros/galactic/opt/yaml_cpp_vendor/lib:/opt/ros/galactic/opt/rviz_ogre_vendor/lib:/opt/ros/galactic/lib/x86_64-linux-gnu:/opt/ros/galactic/lib PYTHONPATH=/home/coderey/ros2_ws/install/nav2_msgs/lib/python3.8/site-packages:/home/coderey/ros2_ws/install/nav2_common/lib/python3.8/site-packages:/home/coderey/ros2_ws/install/robot_localization/lib/python3.8/site-packages:/home/coderey/ros2_ws/install/dwb_msgs/lib/python3.8/site-packages:/home/coderey/ros2_ws/install/nav_2d_msgs/lib/python3.8/site-packages:/home/coderey/ros2_ws/build/nav2_simple_commander:/home/coderey/ros2_ws/install/nav2_simple_commander/lib/python3.8/site-packages:/home/coderey/ros2_ws/build/nav2_gazebo_spawner:/home/coderey/ros2_ws/install/nav2_gazebo_spawner/lib/python3.8/site-packages:/home/coderey/ros2_ws/build/mob_rob_loca:/home/coderey/ros2_ws/install/mob_rob_loca/lib/python3.8/site-packages:/home/coderey/ros2_ws/install/marvelmind_ros2_msgs/lib/python3.8/site-packages:/home/coderey/ros2_ws/build/bno055:/home/coderey/ros2_ws/install/bno055/lib/python3.8/site-packages:/home/coderey/microros_ws/install/visualization_msgs/lib/python3.8/site-packages:/home/coderey/microros_ws/install/test_msgs/lib/python3.8/site-packages:/home/coderey/microros_ws/install/example_interfaces/lib/python3.8/site-packages:/home/coderey/microros_ws/install/action_msgs/lib/python3.8/site-packages:/home/coderey/microros_ws/install/unique_identifier_msgs/lib/python3.8/site-packages:/home/coderey/microros_ws/install/trajectory_msgs/lib/python3.8/site-packages:/home/coderey/microros_ws/install/stereo_msgs/lib/python3.8/site-packages:/home/coderey/microros_ws/install/std_srvs/lib/python3.8/site-packages:/home/coderey/microros_ws/install/shape_msgs/lib/python3.8/site-packages:/home/coderey/microros_ws/install/sensor_msgs_py/lib/python3.8/site-packages:/home/coderey/microros_ws/install/sensor_msgs/lib/python3.8/site-packages:/home/coderey/microros_ws/install/nav_msgs/lib/python3.8/site-packages:/home/coderey/microros_ws/install/diagnostic_msgs/lib/python3.8/site-packages:/home/coderey/microros_ws/install/geometry_msgs/lib/python3.8/site-packages:/home/coderey/microros_ws/install/drive_base_msgs/lib/python3.8/site-packages:/home/coderey/microros_ws/install/actionlib_msgs/lib/python3.8/site-packages:/home/coderey/microros_ws/install/std_msgs/lib/python3.8/site-packages:/home/coderey/microros_ws/install/statistics_msgs/lib/python3.8/site-packages:/home/coderey/microros_ws/install/rosidl_typesupport_microxrcedds_cpp/lib/python3.8/site-packages:/home/coderey/microros_ws/install/rosidl_typesupport_microxrcedds_c/lib/python3.8/site-packages:/home/coderey/microros_ws/install/rosgraph_msgs/lib/python3.8/site-packages:/home/coderey/microros_ws/install/composition_interfaces/lib/python3.8/site-packages:/home/coderey/microros_ws/install/rcl_interfaces/lib/python3.8/site-packages:/home/coderey/microros_ws/install/micro_ros_msgs/lib/python3.8/site-packages:/home/coderey/microros_ws/install/lifecycle_msgs/lib/python3.8/site-packages:/home/coderey/microros_ws/install/complex_msgs/lib/python3.8/site-packages:/home/coderey/microros_ws/install/builtin_interfaces/lib/python3.8/site-packages:/opt/ros/galactic/lib/python3.8/site-packages:/opt/ros/galactic/lib/python3/dist-packages /usr/bin/cmake --build /home/coderey/ros2_ws/build/nav2_util -- -j8 -l8
[4.177s] [35m[1mScanning dependencies of target nav2_util_core[0m
[4.177s] [35m[1mScanning dependencies of target dump_params[0m
[4.178s] [35m[1mScanning dependencies of target gtest_main[0m
[4.178s] [35m[1mScanning dependencies of target gtest[0m
[4.201s] [  2%] [32mBuilding CXX object gtest/CMakeFiles/gtest_main.dir/src/gtest_main.cc.o[0m
[4.203s] [  5%] [32mBuilding CXX object gtest/CMakeFiles/gtest.dir/src/gtest-all.cc.o[0m
[4.226s] [  7%] [32mBuilding CXX object src/CMakeFiles/dump_params.dir/dump_params.cpp.o[0m
[4.317s] [ 12%] [32mBuilding CXX object src/CMakeFiles/nav2_util_core.dir/node_utils.cpp.o[0m
[4.320s] [ 12%] [32mBuilding CXX object src/CMakeFiles/nav2_util_core.dir/costmap.cpp.o[0m
[4.325s] [ 15%] [32mBuilding CXX object src/CMakeFiles/nav2_util_core.dir/lifecycle_service_client.cpp.o[0m
[4.325s] [ 17%] [32mBuilding CXX object src/CMakeFiles/nav2_util_core.dir/string_utils.cpp.o[0m
[4.325s] [ 20%] [32mBuilding CXX object src/CMakeFiles/nav2_util_core.dir/lifecycle_utils.cpp.o[0m
[5.105s] [ 22%] [32mBuilding CXX object src/CMakeFiles/nav2_util_core.dir/lifecycle_node.cpp.o[0m
[5.842s] [ 25%] [32m[1mLinking CXX static library libgtest_main.a[0m
[5.914s] [ 25%] Built target gtest_main
[5.935s] [ 27%] [32mBuilding CXX object src/CMakeFiles/nav2_util_core.dir/robot_utils.cpp.o[0m
[8.536s] [ 30%] [32mBuilding CXX object src/CMakeFiles/nav2_util_core.dir/node_thread.cpp.o[0m
[8.674s] [ 32%] [32mBuilding CXX object src/CMakeFiles/nav2_util_core.dir/odometry_utils.cpp.o[0m
[14.004s] [ 35%] [32m[1mLinking CXX static library libgtest.a[0m
[14.034s] [ 37%] [32m[1mLinking CXX executable dump_params[0m
[14.052s] [ 37%] Built target gtest
[14.067s] [35m[1mScanning dependencies of target test_execution_timer[0m
[14.085s] [ 40%] [32mBuilding CXX object test/CMakeFiles/test_execution_timer.dir/test_execution_timer.cpp.o[0m
[14.162s] [ 40%] Built target dump_params
[15.468s] [ 42%] [32m[1mLinking CXX executable test_execution_timer[0m
[15.559s] [ 42%] Built target test_execution_timer
[18.564s] [ 45%] [32m[1mLinking CXX shared library libnav2_util_core.so[0m
[18.782s] [ 45%] Built target nav2_util_core
[18.805s] [35m[1mScanning dependencies of target test_lifecycle_node[0m
[18.805s] [35m[1mScanning dependencies of target test_node_utils[0m
[18.805s] [35m[1mScanning dependencies of target test_service_client[0m
[18.805s] [35m[1mScanning dependencies of target lifecycle_bringup[0m
[18.805s] [35m[1mScanning dependencies of target test_lifecycle_utils[0m
[18.805s] [35m[1mScanning dependencies of target test_actions[0m
[18.806s] [35m[1mScanning dependencies of target test_lifecycle_cli_node[0m
[18.809s] [35m[1mScanning dependencies of target test_string_utils[0m
[18.842s] [ 47%] [32mBuilding CXX object test/CMakeFiles/test_string_utils.dir/test_string_utils.cpp.o[0m
[18.878s] [ 50%] [32mBuilding CXX object test/CMakeFiles/test_service_client.dir/test_service_client.cpp.o[0m
[18.879s] [ 52%] [32mBuilding CXX object test/CMakeFiles/test_node_utils.dir/test_node_utils.cpp.o[0m
[18.879s] [ 55%] [32mBuilding CXX object src/CMakeFiles/lifecycle_bringup.dir/lifecycle_bringup_commandline.cpp.o[0m
[18.879s] [ 57%] [32mBuilding CXX object test/CMakeFiles/test_lifecycle_utils.dir/test_lifecycle_utils.cpp.o[0m
[18.888s] [ 62%] [32mBuilding CXX object test/CMakeFiles/test_lifecycle_cli_node.dir/test_lifecycle_cli_node.cpp.o[0m
[18.888s] [ 62%] [32mBuilding CXX object test/CMakeFiles/test_lifecycle_node.dir/test_lifecycle_node.cpp.o[0m
[18.892s] [ 65%] [32mBuilding CXX object test/CMakeFiles/test_actions.dir/test_actions.cpp.o[0m
[21.581s] [ 67%] [32m[1mLinking CXX executable test_string_utils[0m
[21.829s] [ 67%] Built target test_string_utils
[21.853s] [35m[1mScanning dependencies of target test_geometry_utils[0m
[21.948s] [ 70%] [32mBuilding CXX object test/CMakeFiles/test_geometry_utils.dir/test_geometry_utils.cpp.o[0m
[23.124s] [ 72%] [32m[1mLinking CXX executable lifecycle_bringup[0m
[23.382s] [ 72%] Built target lifecycle_bringup
[23.407s] [35m[1mScanning dependencies of target test_odometry_utils[0m
[23.541s] [ 75%] [32mBuilding CXX object test/CMakeFiles/test_odometry_utils.dir/test_odometry_utils.cpp.o[0m
[24.510s] [ 77%] [32m[1mLinking CXX executable test_lifecycle_node[0m
[24.766s] [ 80%] [32m[1mLinking CXX executable test_lifecycle_utils[0m
[24.827s] [ 80%] Built target test_lifecycle_node
[24.852s] [ 82%] [32m[1mLinking CXX executable test_lifecycle_cli_node[0m
[24.871s] [35m[1mScanning dependencies of target test_robot_utils[0m
[25.066s] [ 85%] [32mBuilding CXX object test/CMakeFiles/test_robot_utils.dir/test_robot_utils.cpp.o[0m
[25.110s] [ 85%] Built target test_lifecycle_utils
[25.157s] [ 85%] Built target test_lifecycle_cli_node
[25.608s] [ 87%] [32m[1mLinking CXX executable test_node_utils[0m
[25.802s] [ 87%] Built target test_node_utils
[26.874s] [ 90%] [32m[1mLinking CXX executable test_geometry_utils[0m
[27.013s] [ 90%] Built target test_geometry_utils
[29.250s] [ 92%] [32m[1mLinking CXX executable test_robot_utils[0m
[29.456s] [ 92%] Built target test_robot_utils
[30.505s] [ 95%] [32m[1mLinking CXX executable test_odometry_utils[0m
[30.698s] [ 95%] Built target test_odometry_utils
[32.623s] [ 97%] [32m[1mLinking CXX executable test_service_client[0m
[32.818s] [ 97%] Built target test_service_client
[37.428s] [100%] [32m[1mLinking CXX executable test_actions[0m
[37.677s] [100%] Built target test_actions
[37.693s] Invoked command in '/home/coderey/ros2_ws/build/nav2_util' returned '0': CMAKE_PREFIX_PATH=/home/coderey/ros2_ws/install/nav2_msgs:/home/coderey/ros2_ws/install/nav2_common:/home/coderey/ros2_ws/install/robot_localization:/home/coderey/ros2_ws/install/dwb_msgs:/home/coderey/ros2_ws/install/nav_2d_msgs:/home/coderey/ros2_ws/install/nav2_voxel_grid:/home/coderey/ros2_ws/install/marvelmind_ros2:/home/coderey/ros2_ws/install/marvelmind_ros2_msgs:/home/coderey/ros2_ws/install/groot:/home/coderey/microros_ws/install/micro_ros_demos_rclc:/home/coderey/microros_ws/install/common_interfaces:/home/coderey/microros_ws/install/visualization_msgs:/home/coderey/microros_ws/install/test_msgs:/home/coderey/microros_ws/install/example_interfaces:/home/coderey/microros_ws/install/action_msgs:/home/coderey/microros_ws/install/unique_identifier_msgs:/home/coderey/microros_ws/install/trajectory_msgs:/home/coderey/microros_ws/install/stereo_msgs:/home/coderey/microros_ws/install/std_srvs:/home/coderey/microros_ws/install/shape_msgs:/home/coderey/microros_ws/install/sensor_msgs:/home/coderey/microros_ws/install/nav_msgs:/home/coderey/microros_ws/install/diagnostic_msgs:/home/coderey/microros_ws/install/geometry_msgs:/home/coderey/microros_ws/install/drive_base_msgs:/home/coderey/microros_ws/install/actionlib_msgs:/home/coderey/microros_ws/install/std_msgs:/home/coderey/microros_ws/install/statistics_msgs:/home/coderey/microros_ws/install/rosidl_typesupport_microxrcedds_test_msg:/home/coderey/microros_ws/install/rosidl_typesupport_microxrcedds_cpp_tests:/home/coderey/microros_ws/install/rmw_microxrcedds:/home/coderey/microros_ws/install/rosidl_typesupport_microxrcedds_cpp:/home/coderey/microros_ws/install/rosidl_typesupport_microxrcedds_c_tests:/home/coderey/microros_ws/install/rosidl_typesupport_microxrcedds_c:/home/coderey/microros_ws/install/rosgraph_msgs:/home/coderey/microros_ws/install/rclc_parameter:/home/coderey/microros_ws/install/rclc:/home/coderey/microros_ws/install/composition_interfaces:/home/coderey/microros_ws/install/rcl_interfaces:/home/coderey/microros_ws/install/microxrcedds_client:/home/coderey/microros_ws/install/microcdr:/home/coderey/microros_ws/install/micro_ros_utilities:/home/coderey/microros_ws/install/micro_ros_setup:/home/coderey/microros_ws/install/micro_ros_agent:/home/coderey/microros_ws/install/micro_ros_msgs:/home/coderey/microros_ws/install/micro_ros_demos_rclcpp:/home/coderey/microros_ws/install/lifecycle_msgs:/home/coderey/microros_ws/install/complex_msgs:/home/coderey/microros_ws/install/builtin_interfaces:/home/coderey/ros2_ws/install/nav2_simple_commander:/home/coderey/ros2_ws/install/nav2_gazebo_spawner:/home/coderey/ros2_ws/install/mob_rob_loca:/home/coderey/ros2_ws/install/bno055:/home/coderey/microros_ws/install/sensor_msgs_py:/opt/ros/galactic LD_LIBRARY_PATH=/home/coderey/ros2_ws/install/nav2_msgs/lib:/home/coderey/ros2_ws/install/robot_localization/lib:/home/coderey/ros2_ws/install/dwb_msgs/lib:/home/coderey/ros2_ws/install/nav_2d_msgs/lib:/home/coderey/ros2_ws/install/nav2_voxel_grid/lib:/home/coderey/ros2_ws/install/marvelmind_ros2_msgs/lib:/home/coderey/ros2_ws/install/groot/lib:/home/coderey/microros_ws/install/visualization_msgs/lib:/home/coderey/microros_ws/install/test_msgs/lib:/home/coderey/microros_ws/install/example_interfaces/lib:/home/coderey/microros_ws/install/action_msgs/lib:/home/coderey/microros_ws/install/unique_identifier_msgs/lib:/home/coderey/microros_ws/install/trajectory_msgs/lib:/home/coderey/microros_ws/install/stereo_msgs/lib:/home/coderey/microros_ws/install/std_srvs/lib:/home/coderey/microros_ws/install/shape_msgs/lib:/home/coderey/microros_ws/install/sensor_msgs/lib:/home/coderey/microros_ws/install/nav_msgs/lib:/home/coderey/microros_ws/install/diagnostic_msgs/lib:/home/coderey/microros_ws/install/geometry_msgs/lib:/home/coderey/microros_ws/install/drive_base_msgs/lib:/home/coderey/microros_ws/install/actionlib_msgs/lib:/home/coderey/microros_ws/install/std_msgs/lib:/home/coderey/microros_ws/install/statistics_msgs/lib:/home/coderey/microros_ws/install/rmw_microxrcedds/lib:/home/coderey/microros_ws/install/rosidl_typesupport_microxrcedds_cpp/lib:/home/coderey/microros_ws/install/rosidl_typesupport_microxrcedds_c/lib:/home/coderey/microros_ws/install/rosgraph_msgs/lib:/home/coderey/microros_ws/install/rclc_parameter/lib:/home/coderey/microros_ws/install/rclc/lib:/home/coderey/microros_ws/install/composition_interfaces/lib:/home/coderey/microros_ws/install/rcl_interfaces/lib:/home/coderey/microros_ws/install/microxrcedds_client/lib:/home/coderey/microros_ws/install/microcdr/lib:/home/coderey/microros_ws/install/micro_ros_utilities/lib:/home/coderey/microros_ws/install/micro_ros_agent/lib:/home/coderey/microros_ws/install/micro_ros_msgs/lib:/home/coderey/microros_ws/install/lifecycle_msgs/lib:/home/coderey/microros_ws/install/complex_msgs/lib:/home/coderey/microros_ws/install/builtin_interfaces/lib:/usr/lib/x86_64-linux-gnu/gazebo-11/plugins:/opt/ros/galactic/opt/yaml_cpp_vendor/lib:/opt/ros/galactic/opt/rviz_ogre_vendor/lib:/opt/ros/galactic/lib/x86_64-linux-gnu:/opt/ros/galactic/lib PYTHONPATH=/home/coderey/ros2_ws/install/nav2_msgs/lib/python3.8/site-packages:/home/coderey/ros2_ws/install/nav2_common/lib/python3.8/site-packages:/home/coderey/ros2_ws/install/robot_localization/lib/python3.8/site-packages:/home/coderey/ros2_ws/install/dwb_msgs/lib/python3.8/site-packages:/home/coderey/ros2_ws/install/nav_2d_msgs/lib/python3.8/site-packages:/home/coderey/ros2_ws/build/nav2_simple_commander:/home/coderey/ros2_ws/install/nav2_simple_commander/lib/python3.8/site-packages:/home/coderey/ros2_ws/build/nav2_gazebo_spawner:/home/coderey/ros2_ws/install/nav2_gazebo_spawner/lib/python3.8/site-packages:/home/coderey/ros2_ws/build/mob_rob_loca:/home/coderey/ros2_ws/install/mob_rob_loca/lib/python3.8/site-packages:/home/coderey/ros2_ws/install/marvelmind_ros2_msgs/lib/python3.8/site-packages:/home/coderey/ros2_ws/build/bno055:/home/coderey/ros2_ws/install/bno055/lib/python3.8/site-packages:/home/coderey/microros_ws/install/visualization_msgs/lib/python3.8/site-packages:/home/coderey/microros_ws/install/test_msgs/lib/python3.8/site-packages:/home/coderey/microros_ws/install/example_interfaces/lib/python3.8/site-packages:/home/coderey/microros_ws/install/action_msgs/lib/python3.8/site-packages:/home/coderey/microros_ws/install/unique_identifier_msgs/lib/python3.8/site-packages:/home/coderey/microros_ws/install/trajectory_msgs/lib/python3.8/site-packages:/home/coderey/microros_ws/install/stereo_msgs/lib/python3.8/site-packages:/home/coderey/microros_ws/install/std_srvs/lib/python3.8/site-packages:/home/coderey/microros_ws/install/shape_msgs/lib/python3.8/site-packages:/home/coderey/microros_ws/install/sensor_msgs_py/lib/python3.8/site-packages:/home/coderey/microros_ws/install/sensor_msgs/lib/python3.8/site-packages:/home/coderey/microros_ws/install/nav_msgs/lib/python3.8/site-packages:/home/coderey/microros_ws/install/diagnostic_msgs/lib/python3.8/site-packages:/home/coderey/microros_ws/install/geometry_msgs/lib/python3.8/site-packages:/home/coderey/microros_ws/install/drive_base_msgs/lib/python3.8/site-packages:/home/coderey/microros_ws/install/actionlib_msgs/lib/python3.8/site-packages:/home/coderey/microros_ws/install/std_msgs/lib/python3.8/site-packages:/home/coderey/microros_ws/install/statistics_msgs/lib/python3.8/site-packages:/home/coderey/microros_ws/install/rosidl_typesupport_microxrcedds_cpp/lib/python3.8/site-packages:/home/coderey/microros_ws/install/rosidl_typesupport_microxrcedds_c/lib/python3.8/site-packages:/home/coderey/microros_ws/install/rosgraph_msgs/lib/python3.8/site-packages:/home/coderey/microros_ws/install/composition_interfaces/lib/python3.8/site-packages:/home/coderey/microros_ws/install/rcl_interfaces/lib/python3.8/site-packages:/home/coderey/microros_ws/install/micro_ros_msgs/lib/python3.8/site-packages:/home/coderey/microros_ws/install/lifecycle_msgs/lib/python3.8/site-packages:/home/coderey/microros_ws/install/complex_msgs/lib/python3.8/site-packages:/home/coderey/microros_ws/install/builtin_interfaces/lib/python3.8/site-packages:/opt/ros/galactic/lib/python3.8/site-packages:/opt/ros/galactic/lib/python3/dist-packages /usr/bin/cmake --build /home/coderey/ros2_ws/build/nav2_util -- -j8 -l8
[37.756s] Invoking command in '/home/coderey/ros2_ws/build/nav2_util': CMAKE_PREFIX_PATH=/home/coderey/ros2_ws/install/nav2_msgs:/home/coderey/ros2_ws/install/nav2_common:/home/coderey/ros2_ws/install/robot_localization:/home/coderey/ros2_ws/install/dwb_msgs:/home/coderey/ros2_ws/install/nav_2d_msgs:/home/coderey/ros2_ws/install/nav2_voxel_grid:/home/coderey/ros2_ws/install/marvelmind_ros2:/home/coderey/ros2_ws/install/marvelmind_ros2_msgs:/home/coderey/ros2_ws/install/groot:/home/coderey/microros_ws/install/micro_ros_demos_rclc:/home/coderey/microros_ws/install/common_interfaces:/home/coderey/microros_ws/install/visualization_msgs:/home/coderey/microros_ws/install/test_msgs:/home/coderey/microros_ws/install/example_interfaces:/home/coderey/microros_ws/install/action_msgs:/home/coderey/microros_ws/install/unique_identifier_msgs:/home/coderey/microros_ws/install/trajectory_msgs:/home/coderey/microros_ws/install/stereo_msgs:/home/coderey/microros_ws/install/std_srvs:/home/coderey/microros_ws/install/shape_msgs:/home/coderey/microros_ws/install/sensor_msgs:/home/coderey/microros_ws/install/nav_msgs:/home/coderey/microros_ws/install/diagnostic_msgs:/home/coderey/microros_ws/install/geometry_msgs:/home/coderey/microros_ws/install/drive_base_msgs:/home/coderey/microros_ws/install/actionlib_msgs:/home/coderey/microros_ws/install/std_msgs:/home/coderey/microros_ws/install/statistics_msgs:/home/coderey/microros_ws/install/rosidl_typesupport_microxrcedds_test_msg:/home/coderey/microros_ws/install/rosidl_typesupport_microxrcedds_cpp_tests:/home/coderey/microros_ws/install/rmw_microxrcedds:/home/coderey/microros_ws/install/rosidl_typesupport_microxrcedds_cpp:/home/coderey/microros_ws/install/rosidl_typesupport_microxrcedds_c_tests:/home/coderey/microros_ws/install/rosidl_typesupport_microxrcedds_c:/home/coderey/microros_ws/install/rosgraph_msgs:/home/coderey/microros_ws/install/rclc_parameter:/home/coderey/microros_ws/install/rclc:/home/coderey/microros_ws/install/composition_interfaces:/home/coderey/microros_ws/install/rcl_interfaces:/home/coderey/microros_ws/install/microxrcedds_client:/home/coderey/microros_ws/install/microcdr:/home/coderey/microros_ws/install/micro_ros_utilities:/home/coderey/microros_ws/install/micro_ros_setup:/home/coderey/microros_ws/install/micro_ros_agent:/home/coderey/microros_ws/install/micro_ros_msgs:/home/coderey/microros_ws/install/micro_ros_demos_rclcpp:/home/coderey/microros_ws/install/lifecycle_msgs:/home/coderey/microros_ws/install/complex_msgs:/home/coderey/microros_ws/install/builtin_interfaces:/home/coderey/ros2_ws/install/nav2_simple_commander:/home/coderey/ros2_ws/install/nav2_gazebo_spawner:/home/coderey/ros2_ws/install/mob_rob_loca:/home/coderey/ros2_ws/install/bno055:/home/coderey/microros_ws/install/sensor_msgs_py:/opt/ros/galactic LD_LIBRARY_PATH=/home/coderey/ros2_ws/install/nav2_msgs/lib:/home/coderey/ros2_ws/install/robot_localization/lib:/home/coderey/ros2_ws/install/dwb_msgs/lib:/home/coderey/ros2_ws/install/nav_2d_msgs/lib:/home/coderey/ros2_ws/install/nav2_voxel_grid/lib:/home/coderey/ros2_ws/install/marvelmind_ros2_msgs/lib:/home/coderey/ros2_ws/install/groot/lib:/home/coderey/microros_ws/install/visualization_msgs/lib:/home/coderey/microros_ws/install/test_msgs/lib:/home/coderey/microros_ws/install/example_interfaces/lib:/home/coderey/microros_ws/install/action_msgs/lib:/home/coderey/microros_ws/install/unique_identifier_msgs/lib:/home/coderey/microros_ws/install/trajectory_msgs/lib:/home/coderey/microros_ws/install/stereo_msgs/lib:/home/coderey/microros_ws/install/std_srvs/lib:/home/coderey/microros_ws/install/shape_msgs/lib:/home/coderey/microros_ws/install/sensor_msgs/lib:/home/coderey/microros_ws/install/nav_msgs/lib:/home/coderey/microros_ws/install/diagnostic_msgs/lib:/home/coderey/microros_ws/install/geometry_msgs/lib:/home/coderey/microros_ws/install/drive_base_msgs/lib:/home/coderey/microros_ws/install/actionlib_msgs/lib:/home/coderey/microros_ws/install/std_msgs/lib:/home/coderey/microros_ws/install/statistics_msgs/lib:/home/coderey/microros_ws/install/rmw_microxrcedds/lib:/home/coderey/microros_ws/install/rosidl_typesupport_microxrcedds_cpp/lib:/home/coderey/microros_ws/install/rosidl_typesupport_microxrcedds_c/lib:/home/coderey/microros_ws/install/rosgraph_msgs/lib:/home/coderey/microros_ws/install/rclc_parameter/lib:/home/coderey/microros_ws/install/rclc/lib:/home/coderey/microros_ws/install/composition_interfaces/lib:/home/coderey/microros_ws/install/rcl_interfaces/lib:/home/coderey/microros_ws/install/microxrcedds_client/lib:/home/coderey/microros_ws/install/microcdr/lib:/home/coderey/microros_ws/install/micro_ros_utilities/lib:/home/coderey/microros_ws/install/micro_ros_agent/lib:/home/coderey/microros_ws/install/micro_ros_msgs/lib:/home/coderey/microros_ws/install/lifecycle_msgs/lib:/home/coderey/microros_ws/install/complex_msgs/lib:/home/coderey/microros_ws/install/builtin_interfaces/lib:/usr/lib/x86_64-linux-gnu/gazebo-11/plugins:/opt/ros/galactic/opt/yaml_cpp_vendor/lib:/opt/ros/galactic/opt/rviz_ogre_vendor/lib:/opt/ros/galactic/lib/x86_64-linux-gnu:/opt/ros/galactic/lib PYTHONPATH=/home/coderey/ros2_ws/install/nav2_msgs/lib/python3.8/site-packages:/home/coderey/ros2_ws/install/nav2_common/lib/python3.8/site-packages:/home/coderey/ros2_ws/install/robot_localization/lib/python3.8/site-packages:/home/coderey/ros2_ws/install/dwb_msgs/lib/python3.8/site-packages:/home/coderey/ros2_ws/install/nav_2d_msgs/lib/python3.8/site-packages:/home/coderey/ros2_ws/build/nav2_simple_commander:/home/coderey/ros2_ws/install/nav2_simple_commander/lib/python3.8/site-packages:/home/coderey/ros2_ws/build/nav2_gazebo_spawner:/home/coderey/ros2_ws/install/nav2_gazebo_spawner/lib/python3.8/site-packages:/home/coderey/ros2_ws/build/mob_rob_loca:/home/coderey/ros2_ws/install/mob_rob_loca/lib/python3.8/site-packages:/home/coderey/ros2_ws/install/marvelmind_ros2_msgs/lib/python3.8/site-packages:/home/coderey/ros2_ws/build/bno055:/home/coderey/ros2_ws/install/bno055/lib/python3.8/site-packages:/home/coderey/microros_ws/install/visualization_msgs/lib/python3.8/site-packages:/home/coderey/microros_ws/install/test_msgs/lib/python3.8/site-packages:/home/coderey/microros_ws/install/example_interfaces/lib/python3.8/site-packages:/home/coderey/microros_ws/install/action_msgs/lib/python3.8/site-packages:/home/coderey/microros_ws/install/unique_identifier_msgs/lib/python3.8/site-packages:/home/coderey/microros_ws/install/trajectory_msgs/lib/python3.8/site-packages:/home/coderey/microros_ws/install/stereo_msgs/lib/python3.8/site-packages:/home/coderey/microros_ws/install/std_srvs/lib/python3.8/site-packages:/home/coderey/microros_ws/install/shape_msgs/lib/python3.8/site-packages:/home/coderey/microros_ws/install/sensor_msgs_py/lib/python3.8/site-packages:/home/coderey/microros_ws/install/sensor_msgs/lib/python3.8/site-packages:/home/coderey/microros_ws/install/nav_msgs/lib/python3.8/site-packages:/home/coderey/microros_ws/install/diagnostic_msgs/lib/python3.8/site-packages:/home/coderey/microros_ws/install/geometry_msgs/lib/python3.8/site-packages:/home/coderey/microros_ws/install/drive_base_msgs/lib/python3.8/site-packages:/home/coderey/microros_ws/install/actionlib_msgs/lib/python3.8/site-packages:/home/coderey/microros_ws/install/std_msgs/lib/python3.8/site-packages:/home/coderey/microros_ws/install/statistics_msgs/lib/python3.8/site-packages:/home/coderey/microros_ws/install/rosidl_typesupport_microxrcedds_cpp/lib/python3.8/site-packages:/home/coderey/microros_ws/install/rosidl_typesupport_microxrcedds_c/lib/python3.8/site-packages:/home/coderey/microros_ws/install/rosgraph_msgs/lib/python3.8/site-packages:/home/coderey/microros_ws/install/composition_interfaces/lib/python3.8/site-packages:/home/coderey/microros_ws/install/rcl_interfaces/lib/python3.8/site-packages:/home/coderey/microros_ws/install/micro_ros_msgs/lib/python3.8/site-packages:/home/coderey/microros_ws/install/lifecycle_msgs/lib/python3.8/site-packages:/home/coderey/microros_ws/install/complex_msgs/lib/python3.8/site-packages:/home/coderey/microros_ws/install/builtin_interfaces/lib/python3.8/site-packages:/opt/ros/galactic/lib/python3.8/site-packages:/opt/ros/galactic/lib/python3/dist-packages /usr/bin/cmake --install /home/coderey/ros2_ws/build/nav2_util
[37.767s] -- Install configuration: "Release"
[37.768s] -- Execute custom install script
[37.768s] -- Symlinking: /home/coderey/ros2_ws/install/nav2_util/lib/libnav2_util_core.so
[37.780s] -- Symlinking: /home/coderey/ros2_ws/install/nav2_util/lib/nav2_util/lifecycle_bringup
[37.791s] -- Symlinking: /home/coderey/ros2_ws/install/nav2_util/lib/nav2_util/dump_params
[37.803s] -- Symlinking: /home/coderey/ros2_ws/install/nav2_util/include//nav2_util/clear_entirely_costmap_service_client.hpp
[37.815s] -- Symlinking: /home/coderey/ros2_ws/install/nav2_util/include//nav2_util/costmap.hpp
[37.827s] -- Symlinking: /home/coderey/ros2_ws/install/nav2_util/include//nav2_util/execution_timer.hpp
[37.839s] -- Symlinking: /home/coderey/ros2_ws/install/nav2_util/include//nav2_util/geometry_utils.hpp
[37.851s] -- Symlinking: /home/coderey/ros2_ws/install/nav2_util/include//nav2_util/lifecycle_node.hpp
[37.862s] -- Symlinking: /home/coderey/ros2_ws/install/nav2_util/include//nav2_util/lifecycle_service_client.hpp
[37.874s] -- Symlinking: /home/coderey/ros2_ws/install/nav2_util/include//nav2_util/lifecycle_utils.hpp
[37.885s] -- Symlinking: /home/coderey/ros2_ws/install/nav2_util/include//nav2_util/line_iterator.hpp
[37.896s] -- Symlinking: /home/coderey/ros2_ws/install/nav2_util/include//nav2_util/node_thread.hpp
[37.908s] -- Symlinking: /home/coderey/ros2_ws/install/nav2_util/include//nav2_util/node_utils.hpp
[37.919s] -- Symlinking: /home/coderey/ros2_ws/install/nav2_util/include//nav2_util/occ_grid_values.hpp
[37.931s] -- Symlinking: /home/coderey/ros2_ws/install/nav2_util/include//nav2_util/odometry_utils.hpp
[37.942s] -- Symlinking: /home/coderey/ros2_ws/install/nav2_util/include//nav2_util/robot_utils.hpp
[37.955s] -- Symlinking: /home/coderey/ros2_ws/install/nav2_util/include//nav2_util/service_client.hpp
[37.967s] -- Symlinking: /home/coderey/ros2_ws/install/nav2_util/include//nav2_util/simple_action_server.hpp
[37.979s] -- Symlinking: /home/coderey/ros2_ws/install/nav2_util/include//nav2_util/string_utils.hpp
[37.991s] -- Symlinking: /home/coderey/ros2_ws/install/nav2_util/share/nav2_util/environment/library_path.sh
[38.002s] -- Symlinking: /home/coderey/ros2_ws/install/nav2_util/share/nav2_util/environment/library_path.dsv
[38.014s] -- Symlinking: /home/coderey/ros2_ws/install/nav2_util/share/ament_index/resource_index/package_run_dependencies/nav2_util
[38.026s] -- Symlinking: /home/coderey/ros2_ws/install/nav2_util/share/ament_index/resource_index/parent_prefix_path/nav2_util
[38.038s] -- Symlinking: /home/coderey/ros2_ws/install/nav2_util/share/nav2_util/environment/ament_prefix_path.sh
[38.050s] -- Symlinking: /home/coderey/ros2_ws/install/nav2_util/share/nav2_util/environment/ament_prefix_path.dsv
[38.062s] -- Symlinking: /home/coderey/ros2_ws/install/nav2_util/share/nav2_util/environment/path.sh
[38.074s] -- Symlinking: /home/coderey/ros2_ws/install/nav2_util/share/nav2_util/environment/path.dsv
[38.086s] -- Symlinking: /home/coderey/ros2_ws/install/nav2_util/share/nav2_util/local_setup.bash
[38.098s] -- Symlinking: /home/coderey/ros2_ws/install/nav2_util/share/nav2_util/local_setup.sh
[38.110s] -- Symlinking: /home/coderey/ros2_ws/install/nav2_util/share/nav2_util/local_setup.zsh
[38.122s] -- Symlinking: /home/coderey/ros2_ws/install/nav2_util/share/nav2_util/local_setup.dsv
[38.134s] -- Symlinking: /home/coderey/ros2_ws/install/nav2_util/share/nav2_util/package.dsv
[38.146s] -- Symlinking: /home/coderey/ros2_ws/install/nav2_util/share/ament_index/resource_index/packages/nav2_util
[38.159s] -- Symlinking: /home/coderey/ros2_ws/install/nav2_util/share/nav2_util/cmake/ament_cmake_export_include_directories-extras.cmake
[38.170s] -- Symlinking: /home/coderey/ros2_ws/install/nav2_util/share/nav2_util/cmake/ament_cmake_export_libraries-extras.cmake
[38.182s] -- Symlinking: /home/coderey/ros2_ws/install/nav2_util/share/nav2_util/cmake/ament_cmake_export_dependencies-extras.cmake
[38.194s] -- Symlinking: /home/coderey/ros2_ws/install/nav2_util/share/nav2_util/cmake/nav2_utilConfig.cmake
[38.206s] -- Symlinking: /home/coderey/ros2_ws/install/nav2_util/share/nav2_util/cmake/nav2_utilConfig-version.cmake
[38.217s] -- Symlinking: /home/coderey/ros2_ws/install/nav2_util/share/nav2_util/package.xml
[38.231s] Invoked command in '/home/coderey/ros2_ws/build/nav2_util' returned '0': CMAKE_PREFIX_PATH=/home/coderey/ros2_ws/install/nav2_msgs:/home/coderey/ros2_ws/install/nav2_common:/home/coderey/ros2_ws/install/robot_localization:/home/coderey/ros2_ws/install/dwb_msgs:/home/coderey/ros2_ws/install/nav_2d_msgs:/home/coderey/ros2_ws/install/nav2_voxel_grid:/home/coderey/ros2_ws/install/marvelmind_ros2:/home/coderey/ros2_ws/install/marvelmind_ros2_msgs:/home/coderey/ros2_ws/install/groot:/home/coderey/microros_ws/install/micro_ros_demos_rclc:/home/coderey/microros_ws/install/common_interfaces:/home/coderey/microros_ws/install/visualization_msgs:/home/coderey/microros_ws/install/test_msgs:/home/coderey/microros_ws/install/example_interfaces:/home/coderey/microros_ws/install/action_msgs:/home/coderey/microros_ws/install/unique_identifier_msgs:/home/coderey/microros_ws/install/trajectory_msgs:/home/coderey/microros_ws/install/stereo_msgs:/home/coderey/microros_ws/install/std_srvs:/home/coderey/microros_ws/install/shape_msgs:/home/coderey/microros_ws/install/sensor_msgs:/home/coderey/microros_ws/install/nav_msgs:/home/coderey/microros_ws/install/diagnostic_msgs:/home/coderey/microros_ws/install/geometry_msgs:/home/coderey/microros_ws/install/drive_base_msgs:/home/coderey/microros_ws/install/actionlib_msgs:/home/coderey/microros_ws/install/std_msgs:/home/coderey/microros_ws/install/statistics_msgs:/home/coderey/microros_ws/install/rosidl_typesupport_microxrcedds_test_msg:/home/coderey/microros_ws/install/rosidl_typesupport_microxrcedds_cpp_tests:/home/coderey/microros_ws/install/rmw_microxrcedds:/home/coderey/microros_ws/install/rosidl_typesupport_microxrcedds_cpp:/home/coderey/microros_ws/install/rosidl_typesupport_microxrcedds_c_tests:/home/coderey/microros_ws/install/rosidl_typesupport_microxrcedds_c:/home/coderey/microros_ws/install/rosgraph_msgs:/home/coderey/microros_ws/install/rclc_parameter:/home/coderey/microros_ws/install/rclc:/home/coderey/microros_ws/install/composition_interfaces:/home/coderey/microros_ws/install/rcl_interfaces:/home/coderey/microros_ws/install/microxrcedds_client:/home/coderey/microros_ws/install/microcdr:/home/coderey/microros_ws/install/micro_ros_utilities:/home/coderey/microros_ws/install/micro_ros_setup:/home/coderey/microros_ws/install/micro_ros_agent:/home/coderey/microros_ws/install/micro_ros_msgs:/home/coderey/microros_ws/install/micro_ros_demos_rclcpp:/home/coderey/microros_ws/install/lifecycle_msgs:/home/coderey/microros_ws/install/complex_msgs:/home/coderey/microros_ws/install/builtin_interfaces:/home/coderey/ros2_ws/install/nav2_simple_commander:/home/coderey/ros2_ws/install/nav2_gazebo_spawner:/home/coderey/ros2_ws/install/mob_rob_loca:/home/coderey/ros2_ws/install/bno055:/home/coderey/microros_ws/install/sensor_msgs_py:/opt/ros/galactic LD_LIBRARY_PATH=/home/coderey/ros2_ws/install/nav2_msgs/lib:/home/coderey/ros2_ws/install/robot_localization/lib:/home/coderey/ros2_ws/install/dwb_msgs/lib:/home/coderey/ros2_ws/install/nav_2d_msgs/lib:/home/coderey/ros2_ws/install/nav2_voxel_grid/lib:/home/coderey/ros2_ws/install/marvelmind_ros2_msgs/lib:/home/coderey/ros2_ws/install/groot/lib:/home/coderey/microros_ws/install/visualization_msgs/lib:/home/coderey/microros_ws/install/test_msgs/lib:/home/coderey/microros_ws/install/example_interfaces/lib:/home/coderey/microros_ws/install/action_msgs/lib:/home/coderey/microros_ws/install/unique_identifier_msgs/lib:/home/coderey/microros_ws/install/trajectory_msgs/lib:/home/coderey/microros_ws/install/stereo_msgs/lib:/home/coderey/microros_ws/install/std_srvs/lib:/home/coderey/microros_ws/install/shape_msgs/lib:/home/coderey/microros_ws/install/sensor_msgs/lib:/home/coderey/microros_ws/install/nav_msgs/lib:/home/coderey/microros_ws/install/diagnostic_msgs/lib:/home/coderey/microros_ws/install/geometry_msgs/lib:/home/coderey/microros_ws/install/drive_base_msgs/lib:/home/coderey/microros_ws/install/actionlib_msgs/lib:/home/coderey/microros_ws/install/std_msgs/lib:/home/coderey/microros_ws/install/statistics_msgs/lib:/home/coderey/microros_ws/install/rmw_microxrcedds/lib:/home/coderey/microros_ws/install/rosidl_typesupport_microxrcedds_cpp/lib:/home/coderey/microros_ws/install/rosidl_typesupport_microxrcedds_c/lib:/home/coderey/microros_ws/install/rosgraph_msgs/lib:/home/coderey/microros_ws/install/rclc_parameter/lib:/home/coderey/microros_ws/install/rclc/lib:/home/coderey/microros_ws/install/composition_interfaces/lib:/home/coderey/microros_ws/install/rcl_interfaces/lib:/home/coderey/microros_ws/install/microxrcedds_client/lib:/home/coderey/microros_ws/install/microcdr/lib:/home/coderey/microros_ws/install/micro_ros_utilities/lib:/home/coderey/microros_ws/install/micro_ros_agent/lib:/home/coderey/microros_ws/install/micro_ros_msgs/lib:/home/coderey/microros_ws/install/lifecycle_msgs/lib:/home/coderey/microros_ws/install/complex_msgs/lib:/home/coderey/microros_ws/install/builtin_interfaces/lib:/usr/lib/x86_64-linux-gnu/gazebo-11/plugins:/opt/ros/galactic/opt/yaml_cpp_vendor/lib:/opt/ros/galactic/opt/rviz_ogre_vendor/lib:/opt/ros/galactic/lib/x86_64-linux-gnu:/opt/ros/galactic/lib PYTHONPATH=/home/coderey/ros2_ws/install/nav2_msgs/lib/python3.8/site-packages:/home/coderey/ros2_ws/install/nav2_common/lib/python3.8/site-packages:/home/coderey/ros2_ws/install/robot_localization/lib/python3.8/site-packages:/home/coderey/ros2_ws/install/dwb_msgs/lib/python3.8/site-packages:/home/coderey/ros2_ws/install/nav_2d_msgs/lib/python3.8/site-packages:/home/coderey/ros2_ws/build/nav2_simple_commander:/home/coderey/ros2_ws/install/nav2_simple_commander/lib/python3.8/site-packages:/home/coderey/ros2_ws/build/nav2_gazebo_spawner:/home/coderey/ros2_ws/install/nav2_gazebo_spawner/lib/python3.8/site-packages:/home/coderey/ros2_ws/build/mob_rob_loca:/home/coderey/ros2_ws/install/mob_rob_loca/lib/python3.8/site-packages:/home/coderey/ros2_ws/install/marvelmind_ros2_msgs/lib/python3.8/site-packages:/home/coderey/ros2_ws/build/bno055:/home/coderey/ros2_ws/install/bno055/lib/python3.8/site-packages:/home/coderey/microros_ws/install/visualization_msgs/lib/python3.8/site-packages:/home/coderey/microros_ws/install/test_msgs/lib/python3.8/site-packages:/home/coderey/microros_ws/install/example_interfaces/lib/python3.8/site-packages:/home/coderey/microros_ws/install/action_msgs/lib/python3.8/site-packages:/home/coderey/microros_ws/install/unique_identifier_msgs/lib/python3.8/site-packages:/home/coderey/microros_ws/install/trajectory_msgs/lib/python3.8/site-packages:/home/coderey/microros_ws/install/stereo_msgs/lib/python3.8/site-packages:/home/coderey/microros_ws/install/std_srvs/lib/python3.8/site-packages:/home/coderey/microros_ws/install/shape_msgs/lib/python3.8/site-packages:/home/coderey/microros_ws/install/sensor_msgs_py/lib/python3.8/site-packages:/home/coderey/microros_ws/install/sensor_msgs/lib/python3.8/site-packages:/home/coderey/microros_ws/install/nav_msgs/lib/python3.8/site-packages:/home/coderey/microros_ws/install/diagnostic_msgs/lib/python3.8/site-packages:/home/coderey/microros_ws/install/geometry_msgs/lib/python3.8/site-packages:/home/coderey/microros_ws/install/drive_base_msgs/lib/python3.8/site-packages:/home/coderey/microros_ws/install/actionlib_msgs/lib/python3.8/site-packages:/home/coderey/microros_ws/install/std_msgs/lib/python3.8/site-packages:/home/coderey/microros_ws/install/statistics_msgs/lib/python3.8/site-packages:/home/coderey/microros_ws/install/rosidl_typesupport_microxrcedds_cpp/lib/python3.8/site-packages:/home/coderey/microros_ws/install/rosidl_typesupport_microxrcedds_c/lib/python3.8/site-packages:/home/coderey/microros_ws/install/rosgraph_msgs/lib/python3.8/site-packages:/home/coderey/microros_ws/install/composition_interfaces/lib/python3.8/site-packages:/home/coderey/microros_ws/install/rcl_interfaces/lib/python3.8/site-packages:/home/coderey/microros_ws/install/micro_ros_msgs/lib/python3.8/site-packages:/home/coderey/microros_ws/install/lifecycle_msgs/lib/python3.8/site-packages:/home/coderey/microros_ws/install/complex_msgs/lib/python3.8/site-packages:/home/coderey/microros_ws/install/builtin_interfaces/lib/python3.8/site-packages:/opt/ros/galactic/lib/python3.8/site-packages:/opt/ros/galactic/lib/python3/dist-packages /usr/bin/cmake --install /home/coderey/ros2_ws/build/nav2_util
