[1.322s] Invoking command in '/home/coderey/ros2_ws/build/robot_localization': CMAKE_PREFIX_PATH=${CMAKE_PREFIX_PATH}:/home/coderey/ros2_ws/install/mob_rob_loca:/home/coderey/ros2_ws/install/nav2_simple_commander:/home/coderey/ros2_ws/install/nav2_gazebo_spawner:/home/coderey/ros2_ws/install/bno055:/home/coderey/microros_ws/install/sensor_msgs_py:/opt/ros/galactic /usr/bin/cmake --build /home/coderey/ros2_ws/build/robot_localization -- -j8 -l8
[1.485s] [  1%] Built target gtest
[1.485s] [  3%] Built target gtest_main
[1.512s] [  9%] Built target robot_localization__rosidl_generator_c
[1.521s] [ 10%] Built target robot_localization__cpp
[1.618s] [ 16%] Built target robot_localization__rosidl_typesupport_c
[1.640s] [ 22%] Built target robot_localization__rosidl_typesupport_microxrcedds_c
[1.662s] [ 28%] Built target robot_localization__rosidl_typesupport_cpp
[1.662s] [ 34%] Built target robot_localization__rosidl_typesupport_introspection_c
[1.674s] [ 42%] Built target robot_localization__rosidl_typesupport_fastrtps_cpp
[1.675s] [ 46%] Built target robot_localization__rosidl_typesupport_introspection_cpp
[1.688s] [ 52%] Built target robot_localization__rosidl_typesupport_microxrcedds_cpp
[1.757s] [ 58%] Built target robot_localization__rosidl_typesupport_fastrtps_c
[1.820s] [ 58%] Built target robot_localization
[1.884s] [ 59%] Built target robot_localization__py
[1.966s] [ 64%] Built target robot_localization__python
[1.970s] [ 72%] Built target rl_lib
[2.097s] [ 74%] Built target robot_localization__rosidl_typesupport_introspection_c__pyext
[2.097s] [ 78%] Built target robot_localization__rosidl_typesupport_microxrcedds_c__pyext
[2.097s] [ 78%] Built target robot_localization__rosidl_typesupport_fastrtps_c__pyext
[2.115s] [ 80%] Built target test_robot_localization_estimator
[2.120s] [ 83%] Built target test_ros_robot_localization_listener_publisher
[2.120s] [ 83%] Built target test_ros_robot_localization_listener
[2.153s] [ 85%] Built target robot_localization__rosidl_typesupport_c__pyext
[2.160s] [ 87%] Built target ukf_node
[2.231s] [ 89%] Built target filter_base-test
[2.249s] [ 91%] Built target robot_localization_listener_node
[2.252s] [ 92%] Built target ekf_node
[2.255s] [ 93%] Built target test_ukf
[2.259s] [ 95%] Built target test_ukf_localization_node_interfaces
[2.262s] [ 96%] Built target test_ekf
[2.262s] [ 97%] Built target navsat_transform_node
[2.326s] [ 99%] Built target test_ekf_localization_node_interfaces
[2.328s] [100%] Built target test_filter_base_diagnostics_timestamps
[2.949s] Invoked command in '/home/coderey/ros2_ws/build/robot_localization' returned '0': CMAKE_PREFIX_PATH=${CMAKE_PREFIX_PATH}:/home/coderey/ros2_ws/install/mob_rob_loca:/home/coderey/ros2_ws/install/nav2_simple_commander:/home/coderey/ros2_ws/install/nav2_gazebo_spawner:/home/coderey/ros2_ws/install/bno055:/home/coderey/microros_ws/install/sensor_msgs_py:/opt/ros/galactic /usr/bin/cmake --build /home/coderey/ros2_ws/build/robot_localization -- -j8 -l8
[4.639s] Invoking command in '/home/coderey/ros2_ws/build/robot_localization': CMAKE_PREFIX_PATH=${CMAKE_PREFIX_PATH}:/home/coderey/ros2_ws/install/mob_rob_loca:/home/coderey/ros2_ws/install/nav2_simple_commander:/home/coderey/ros2_ws/install/nav2_gazebo_spawner:/home/coderey/ros2_ws/install/bno055:/home/coderey/microros_ws/install/sensor_msgs_py:/opt/ros/galactic /usr/bin/cmake --install /home/coderey/ros2_ws/build/robot_localization
[5.080s] -- Install configuration: "RelWithDebInfo"
[5.080s] -- Execute custom install script
[5.080s] -- Up-to-date symlink: /home/coderey/ros2_ws/install/robot_localization/share/ament_index/resource_index/rosidl_interfaces/robot_localization
[5.081s] -- Up-to-date symlink: /home/coderey/ros2_ws/install/robot_localization/include/robot_localization/msg/rosidl_generator_c__visibility_control.h
[5.081s] -- Up-to-date symlink: /home/coderey/ros2_ws/install/robot_localization/include/robot_localization/srv/detail/from_ll__functions.h
[5.081s] -- Up-to-date symlink: /home/coderey/ros2_ws/install/robot_localization/include/robot_localization/srv/detail/from_ll__struct.h
[5.082s] -- Up-to-date symlink: /home/coderey/ros2_ws/install/robot_localization/include/robot_localization/srv/detail/from_ll__type_support.h
[5.082s] -- Up-to-date symlink: /home/coderey/ros2_ws/install/robot_localization/include/robot_localization/srv/detail/get_state__functions.h
[5.083s] -- Up-to-date symlink: /home/coderey/ros2_ws/install/robot_localization/include/robot_localization/srv/detail/get_state__struct.h
[5.083s] -- Up-to-date symlink: /home/coderey/ros2_ws/install/robot_localization/include/robot_localization/srv/detail/get_state__type_support.h
[5.083s] -- Up-to-date symlink: /home/coderey/ros2_ws/install/robot_localization/include/robot_localization/srv/detail/set_datum__functions.h
[5.083s] -- Up-to-date symlink: /home/coderey/ros2_ws/install/robot_localization/include/robot_localization/srv/detail/set_datum__struct.h
[5.083s] -- Up-to-date symlink: /home/coderey/ros2_ws/install/robot_localization/include/robot_localization/srv/detail/set_datum__type_support.h
[5.083s] -- Up-to-date symlink: /home/coderey/ros2_ws/install/robot_localization/include/robot_localization/srv/detail/set_pose__functions.h
[5.084s] -- Up-to-date symlink: /home/coderey/ros2_ws/install/robot_localization/include/robot_localization/srv/detail/set_pose__struct.h
[5.084s] -- Up-to-date symlink: /home/coderey/ros2_ws/install/robot_localization/include/robot_localization/srv/detail/set_pose__type_support.h
[5.085s] -- Up-to-date symlink: /home/coderey/ros2_ws/install/robot_localization/include/robot_localization/srv/detail/to_ll__functions.h
[5.085s] -- Up-to-date symlink: /home/coderey/ros2_ws/install/robot_localization/include/robot_localization/srv/detail/to_ll__struct.h
[5.085s] -- Up-to-date symlink: /home/coderey/ros2_ws/install/robot_localization/include/robot_localization/srv/detail/to_ll__type_support.h
[5.085s] -- Up-to-date symlink: /home/coderey/ros2_ws/install/robot_localization/include/robot_localization/srv/detail/toggle_filter_processing__functions.h
[5.085s] -- Up-to-date symlink: /home/coderey/ros2_ws/install/robot_localization/include/robot_localization/srv/detail/toggle_filter_processing__struct.h
[5.085s] -- Up-to-date symlink: /home/coderey/ros2_ws/install/robot_localization/include/robot_localization/srv/detail/toggle_filter_processing__type_support.h
[5.085s] -- Up-to-date symlink: /home/coderey/ros2_ws/install/robot_localization/include/robot_localization/srv/from_ll.h
[5.085s] -- Up-to-date symlink: /home/coderey/ros2_ws/install/robot_localization/include/robot_localization/srv/get_state.h
[5.085s] -- Up-to-date symlink: /home/coderey/ros2_ws/install/robot_localization/include/robot_localization/srv/set_datum.h
[5.086s] -- Up-to-date symlink: /home/coderey/ros2_ws/install/robot_localization/include/robot_localization/srv/set_pose.h
[5.086s] -- Up-to-date symlink: /home/coderey/ros2_ws/install/robot_localization/include/robot_localization/srv/to_ll.h
[5.086s] -- Up-to-date symlink: /home/coderey/ros2_ws/install/robot_localization/include/robot_localization/srv/toggle_filter_processing.h
[5.086s] -- Up-to-date symlink: /home/coderey/ros2_ws/install/robot_localization/share/robot_localization/environment/library_path.sh
[5.086s] -- Up-to-date symlink: /home/coderey/ros2_ws/install/robot_localization/share/robot_localization/environment/library_path.dsv
[5.087s] -- Up-to-date symlink: /home/coderey/ros2_ws/install/robot_localization/include/robot_localization/msg/rosidl_typesupport_microxrcedds_c__visibility_control.h
[5.087s] -- Up-to-date symlink: /home/coderey/ros2_ws/install/robot_localization/include/robot_localization/srv/detail/from_ll__rosidl_typesupport_microxrcedds_c.h
[5.087s] -- Up-to-date symlink: /home/coderey/ros2_ws/install/robot_localization/include/robot_localization/srv/detail/get_state__rosidl_typesupport_microxrcedds_c.h
[5.087s] -- Up-to-date symlink: /home/coderey/ros2_ws/install/robot_localization/include/robot_localization/srv/detail/set_datum__rosidl_typesupport_microxrcedds_c.h
[5.087s] -- Up-to-date symlink: /home/coderey/ros2_ws/install/robot_localization/include/robot_localization/srv/detail/set_pose__rosidl_typesupport_microxrcedds_c.h
[5.087s] -- Up-to-date symlink: /home/coderey/ros2_ws/install/robot_localization/include/robot_localization/srv/detail/to_ll__rosidl_typesupport_microxrcedds_c.h
[5.087s] -- Up-to-date symlink: /home/coderey/ros2_ws/install/robot_localization/include/robot_localization/srv/detail/toggle_filter_processing__rosidl_typesupport_microxrcedds_c.h
[5.087s] -- Up-to-date symlink: /home/coderey/ros2_ws/install/robot_localization/lib/librobot_localization__rosidl_typesupport_microxrcedds_c.so
[5.088s] -- Up-to-date symlink: /home/coderey/ros2_ws/install/robot_localization/include/robot_localization/msg/rosidl_typesupport_fastrtps_c__visibility_control.h
[5.088s] -- Up-to-date symlink: /home/coderey/ros2_ws/install/robot_localization/include/robot_localization/srv/detail/from_ll__rosidl_typesupport_fastrtps_c.h
[5.088s] -- Up-to-date symlink: /home/coderey/ros2_ws/install/robot_localization/include/robot_localization/srv/detail/get_state__rosidl_typesupport_fastrtps_c.h
[5.089s] -- Up-to-date symlink: /home/coderey/ros2_ws/install/robot_localization/include/robot_localization/srv/detail/set_datum__rosidl_typesupport_fastrtps_c.h
[5.089s] -- Up-to-date symlink: /home/coderey/ros2_ws/install/robot_localization/include/robot_localization/srv/detail/set_pose__rosidl_typesupport_fastrtps_c.h
[5.089s] -- Up-to-date symlink: /home/coderey/ros2_ws/install/robot_localization/include/robot_localization/srv/detail/to_ll__rosidl_typesupport_fastrtps_c.h
[5.089s] -- Up-to-date symlink: /home/coderey/ros2_ws/install/robot_localization/include/robot_localization/srv/detail/toggle_filter_processing__rosidl_typesupport_fastrtps_c.h
[5.090s] -- Up-to-date symlink: /home/coderey/ros2_ws/install/robot_localization/lib/librobot_localization__rosidl_typesupport_fastrtps_c.so
[5.090s] -- Up-to-date symlink: /home/coderey/ros2_ws/install/robot_localization/include/robot_localization/msg/rosidl_typesupport_fastrtps_cpp__visibility_control.h
[5.090s] -- Up-to-date symlink: /home/coderey/ros2_ws/install/robot_localization/include/robot_localization/srv/detail/from_ll__rosidl_typesupport_fastrtps_cpp.hpp
[5.090s] -- Up-to-date symlink: /home/coderey/ros2_ws/install/robot_localization/include/robot_localization/srv/detail/get_state__rosidl_typesupport_fastrtps_cpp.hpp
[5.091s] -- Up-to-date symlink: /home/coderey/ros2_ws/install/robot_localization/include/robot_localization/srv/detail/set_datum__rosidl_typesupport_fastrtps_cpp.hpp
[5.091s] -- Up-to-date symlink: /home/coderey/ros2_ws/install/robot_localization/include/robot_localization/srv/detail/set_pose__rosidl_typesupport_fastrtps_cpp.hpp
[5.091s] -- Up-to-date symlink: /home/coderey/ros2_ws/install/robot_localization/include/robot_localization/srv/detail/to_ll__rosidl_typesupport_fastrtps_cpp.hpp
[5.091s] -- Up-to-date symlink: /home/coderey/ros2_ws/install/robot_localization/include/robot_localization/srv/detail/toggle_filter_processing__rosidl_typesupport_fastrtps_cpp.hpp
[5.091s] -- Up-to-date symlink: /home/coderey/ros2_ws/install/robot_localization/lib/librobot_localization__rosidl_typesupport_fastrtps_cpp.so
[5.091s] -- Up-to-date symlink: /home/coderey/ros2_ws/install/robot_localization/include/robot_localization/msg/rosidl_typesupport_introspection_c__visibility_control.h
[5.092s] -- Up-to-date symlink: /home/coderey/ros2_ws/install/robot_localization/include/robot_localization/srv/detail/from_ll__rosidl_typesupport_introspection_c.h
[5.092s] -- Up-to-date symlink: /home/coderey/ros2_ws/install/robot_localization/include/robot_localization/srv/detail/get_state__rosidl_typesupport_introspection_c.h
[5.092s] -- Up-to-date symlink: /home/coderey/ros2_ws/install/robot_localization/include/robot_localization/srv/detail/set_datum__rosidl_typesupport_introspection_c.h
[5.092s] -- Up-to-date symlink: /home/coderey/ros2_ws/install/robot_localization/include/robot_localization/srv/detail/set_pose__rosidl_typesupport_introspection_c.h
[5.092s] -- Up-to-date symlink: /home/coderey/ros2_ws/install/robot_localization/include/robot_localization/srv/detail/to_ll__rosidl_typesupport_introspection_c.h
[5.092s] -- Up-to-date symlink: /home/coderey/ros2_ws/install/robot_localization/include/robot_localization/srv/detail/toggle_filter_processing__rosidl_typesupport_introspection_c.h
[5.092s] -- Up-to-date symlink: /home/coderey/ros2_ws/install/robot_localization/include/robot_localization/srv/detail/from_ll__builder.hpp
[5.092s] -- Up-to-date symlink: /home/coderey/ros2_ws/install/robot_localization/include/robot_localization/srv/detail/from_ll__struct.hpp
[5.092s] -- Up-to-date symlink: /home/coderey/ros2_ws/install/robot_localization/include/robot_localization/srv/detail/from_ll__traits.hpp
[5.092s] -- Up-to-date symlink: /home/coderey/ros2_ws/install/robot_localization/include/robot_localization/srv/detail/get_state__builder.hpp
[5.092s] -- Up-to-date symlink: /home/coderey/ros2_ws/install/robot_localization/include/robot_localization/srv/detail/get_state__struct.hpp
[5.093s] -- Up-to-date symlink: /home/coderey/ros2_ws/install/robot_localization/include/robot_localization/srv/detail/get_state__traits.hpp
[5.093s] -- Up-to-date symlink: /home/coderey/ros2_ws/install/robot_localization/include/robot_localization/srv/detail/set_datum__builder.hpp
[5.093s] -- Up-to-date symlink: /home/coderey/ros2_ws/install/robot_localization/include/robot_localization/srv/detail/set_datum__struct.hpp
[5.093s] -- Up-to-date symlink: /home/coderey/ros2_ws/install/robot_localization/include/robot_localization/srv/detail/set_datum__traits.hpp
[5.093s] -- Up-to-date symlink: /home/coderey/ros2_ws/install/robot_localization/include/robot_localization/srv/detail/set_pose__builder.hpp
[5.093s] -- Up-to-date symlink: /home/coderey/ros2_ws/install/robot_localization/include/robot_localization/srv/detail/set_pose__struct.hpp
[5.093s] -- Up-to-date symlink: /home/coderey/ros2_ws/install/robot_localization/include/robot_localization/srv/detail/set_pose__traits.hpp
[5.093s] -- Up-to-date symlink: /home/coderey/ros2_ws/install/robot_localization/include/robot_localization/srv/detail/to_ll__builder.hpp
[5.093s] -- Up-to-date symlink: /home/coderey/ros2_ws/install/robot_localization/include/robot_localization/srv/detail/to_ll__struct.hpp
[5.093s] -- Up-to-date symlink: /home/coderey/ros2_ws/install/robot_localization/include/robot_localization/srv/detail/to_ll__traits.hpp
[5.094s] -- Up-to-date symlink: /home/coderey/ros2_ws/install/robot_localization/include/robot_localization/srv/detail/toggle_filter_processing__builder.hpp
[5.094s] -- Up-to-date symlink: /home/coderey/ros2_ws/install/robot_localization/include/robot_localization/srv/detail/toggle_filter_processing__struct.hpp
[5.094s] -- Up-to-date symlink: /home/coderey/ros2_ws/install/robot_localization/include/robot_localization/srv/detail/toggle_filter_processing__traits.hpp
[5.094s] -- Up-to-date symlink: /home/coderey/ros2_ws/install/robot_localization/include/robot_localization/srv/from_ll.hpp
[5.094s] -- Up-to-date symlink: /home/coderey/ros2_ws/install/robot_localization/include/robot_localization/srv/get_state.hpp
[5.094s] -- Up-to-date symlink: /home/coderey/ros2_ws/install/robot_localization/include/robot_localization/srv/set_datum.hpp
[5.094s] -- Up-to-date symlink: /home/coderey/ros2_ws/install/robot_localization/include/robot_localization/srv/set_pose.hpp
[5.094s] -- Up-to-date symlink: /home/coderey/ros2_ws/install/robot_localization/include/robot_localization/srv/to_ll.hpp
[5.094s] -- Up-to-date symlink: /home/coderey/ros2_ws/install/robot_localization/include/robot_localization/srv/toggle_filter_processing.hpp
[5.094s] -- Up-to-date symlink: /home/coderey/ros2_ws/install/robot_localization/include/robot_localization/msg/rosidl_typesupport_microxrcedds_cpp__visibility_control.h
[5.095s] -- Up-to-date symlink: /home/coderey/ros2_ws/install/robot_localization/include/robot_localization/srv/detail/from_ll__rosidl_typesupport_microxrcedds_cpp.hpp
[5.095s] -- Up-to-date symlink: /home/coderey/ros2_ws/install/robot_localization/include/robot_localization/srv/detail/get_state__rosidl_typesupport_microxrcedds_cpp.hpp
[5.095s] -- Up-to-date symlink: /home/coderey/ros2_ws/install/robot_localization/include/robot_localization/srv/detail/microxrcedds/from_ll__type_support_cpp.cpp
[5.095s] -- Up-to-date symlink: /home/coderey/ros2_ws/install/robot_localization/include/robot_localization/srv/detail/microxrcedds/get_state__type_support_cpp.cpp
[5.095s] -- Up-to-date symlink: /home/coderey/ros2_ws/install/robot_localization/include/robot_localization/srv/detail/microxrcedds/set_datum__type_support_cpp.cpp
[5.095s] -- Up-to-date symlink: /home/coderey/ros2_ws/install/robot_localization/include/robot_localization/srv/detail/microxrcedds/set_pose__type_support_cpp.cpp
[5.095s] -- Up-to-date symlink: /home/coderey/ros2_ws/install/robot_localization/include/robot_localization/srv/detail/microxrcedds/to_ll__type_support_cpp.cpp
[5.095s] -- Up-to-date symlink: /home/coderey/ros2_ws/install/robot_localization/include/robot_localization/srv/detail/microxrcedds/toggle_filter_processing__type_support_cpp.cpp
[5.095s] -- Up-to-date symlink: /home/coderey/ros2_ws/install/robot_localization/include/robot_localization/srv/detail/set_datum__rosidl_typesupport_microxrcedds_cpp.hpp
[5.096s] -- Up-to-date symlink: /home/coderey/ros2_ws/install/robot_localization/include/robot_localization/srv/detail/set_pose__rosidl_typesupport_microxrcedds_cpp.hpp
[5.096s] -- Up-to-date symlink: /home/coderey/ros2_ws/install/robot_localization/include/robot_localization/srv/detail/to_ll__rosidl_typesupport_microxrcedds_cpp.hpp
[5.096s] -- Up-to-date symlink: /home/coderey/ros2_ws/install/robot_localization/include/robot_localization/srv/detail/toggle_filter_processing__rosidl_typesupport_microxrcedds_cpp.hpp
[5.096s] -- Up-to-date symlink: /home/coderey/ros2_ws/install/robot_localization/lib/librobot_localization__rosidl_typesupport_microxrcedds_cpp.so
[5.096s] -- Up-to-date symlink: /home/coderey/ros2_ws/install/robot_localization/include/robot_localization/srv/detail/from_ll__rosidl_typesupport_introspection_cpp.hpp
[5.096s] -- Up-to-date symlink: /home/coderey/ros2_ws/install/robot_localization/include/robot_localization/srv/detail/get_state__rosidl_typesupport_introspection_cpp.hpp
[5.096s] -- Up-to-date symlink: /home/coderey/ros2_ws/install/robot_localization/include/robot_localization/srv/detail/set_datum__rosidl_typesupport_introspection_cpp.hpp
[5.096s] -- Up-to-date symlink: /home/coderey/ros2_ws/install/robot_localization/include/robot_localization/srv/detail/set_pose__rosidl_typesupport_introspection_cpp.hpp
[5.097s] -- Up-to-date symlink: /home/coderey/ros2_ws/install/robot_localization/include/robot_localization/srv/detail/to_ll__rosidl_typesupport_introspection_cpp.hpp
[5.097s] -- Up-to-date symlink: /home/coderey/ros2_ws/install/robot_localization/include/robot_localization/srv/detail/toggle_filter_processing__rosidl_typesupport_introspection_cpp.hpp
[5.098s] -- Up-to-date symlink: /home/coderey/ros2_ws/install/robot_localization/share/robot_localization/environment/pythonpath.sh
[5.098s] -- Up-to-date symlink: /home/coderey/ros2_ws/install/robot_localization/share/robot_localization/environment/pythonpath.dsv
[5.098s] -- Up-to-date symlink: /home/coderey/ros2_ws/install/robot_localization/lib/python3.8/site-packages/robot_localization/__init__.py
[5.099s] -- Up-to-date symlink: /home/coderey/ros2_ws/install/robot_localization/lib/python3.8/site-packages/robot_localization/srv/__init__.py
[5.099s] -- Up-to-date symlink: /home/coderey/ros2_ws/install/robot_localization/lib/python3.8/site-packages/robot_localization/srv/_from_ll.py
[5.099s] -- Up-to-date symlink: /home/coderey/ros2_ws/install/robot_localization/lib/python3.8/site-packages/robot_localization/srv/_get_state.py
[5.099s] -- Up-to-date symlink: /home/coderey/ros2_ws/install/robot_localization/lib/python3.8/site-packages/robot_localization/srv/_set_datum.py
[5.099s] -- Up-to-date symlink: /home/coderey/ros2_ws/install/robot_localization/lib/python3.8/site-packages/robot_localization/srv/_set_pose.py
[5.099s] -- Up-to-date symlink: /home/coderey/ros2_ws/install/robot_localization/lib/python3.8/site-packages/robot_localization/srv/_to_ll.py
[5.099s] -- Up-to-date symlink: /home/coderey/ros2_ws/install/robot_localization/lib/python3.8/site-packages/robot_localization/srv/_toggle_filter_processing.py
[5.099s] -- Up-to-date symlink: /home/coderey/ros2_ws/install/robot_localization/lib/python3.8/site-packages/robot_localization/robot_localization_s__rosidl_typesupport_microxrcedds_c.cpython-38-x86_64-linux-gnu.so
[5.099s] -- Up-to-date symlink: /home/coderey/ros2_ws/install/robot_localization/lib/python3.8/site-packages/robot_localization/robot_localization_s__rosidl_typesupport_fastrtps_c.cpython-38-x86_64-linux-gnu.so
[5.100s] -- Up-to-date symlink: /home/coderey/ros2_ws/install/robot_localization/lib/python3.8/site-packages/robot_localization/robot_localization_s__rosidl_typesupport_introspection_c.cpython-38-x86_64-linux-gnu.so
[5.100s] -- Up-to-date symlink: /home/coderey/ros2_ws/install/robot_localization/lib/python3.8/site-packages/robot_localization/robot_localization_s__rosidl_typesupport_c.cpython-38-x86_64-linux-gnu.so
[5.100s] -- Up-to-date symlink: /home/coderey/ros2_ws/install/robot_localization/lib/librobot_localization__python.so
[5.101s] -- Up-to-date symlink: /home/coderey/ros2_ws/install/robot_localization/share/robot_localization/srv/FromLL.idl
[5.101s] -- Up-to-date symlink: /home/coderey/ros2_ws/install/robot_localization/share/robot_localization/srv/GetState.idl
[5.101s] -- Up-to-date symlink: /home/coderey/ros2_ws/install/robot_localization/share/robot_localization/srv/SetDatum.idl
[5.101s] -- Up-to-date symlink: /home/coderey/ros2_ws/install/robot_localization/share/robot_localization/srv/SetPose.idl
[5.101s] -- Up-to-date symlink: /home/coderey/ros2_ws/install/robot_localization/share/robot_localization/srv/ToggleFilterProcessing.idl
[5.101s] -- Up-to-date symlink: /home/coderey/ros2_ws/install/robot_localization/share/robot_localization/srv/ToLL.idl
[5.101s] -- Up-to-date symlink: /home/coderey/ros2_ws/install/robot_localization/share/robot_localization/srv/FromLL.srv
[5.101s] -- Up-to-date symlink: /home/coderey/ros2_ws/install/robot_localization/share/robot_localization/srv/FromLL_Request.msg
[5.101s] -- Up-to-date symlink: /home/coderey/ros2_ws/install/robot_localization/share/robot_localization/srv/FromLL_Response.msg
[5.102s] -- Up-to-date symlink: /home/coderey/ros2_ws/install/robot_localization/share/robot_localization/srv/GetState.srv
[5.102s] -- Up-to-date symlink: /home/coderey/ros2_ws/install/robot_localization/share/robot_localization/srv/GetState_Request.msg
[5.102s] -- Up-to-date symlink: /home/coderey/ros2_ws/install/robot_localization/share/robot_localization/srv/GetState_Response.msg
[5.102s] -- Up-to-date symlink: /home/coderey/ros2_ws/install/robot_localization/share/robot_localization/srv/SetDatum.srv
[5.102s] -- Up-to-date symlink: /home/coderey/ros2_ws/install/robot_localization/share/robot_localization/srv/SetDatum_Request.msg
[5.102s] -- Up-to-date symlink: /home/coderey/ros2_ws/install/robot_localization/share/robot_localization/srv/SetDatum_Response.msg
[5.102s] -- Up-to-date symlink: /home/coderey/ros2_ws/install/robot_localization/share/robot_localization/srv/SetPose.srv
[5.102s] -- Up-to-date symlink: /home/coderey/ros2_ws/install/robot_localization/share/robot_localization/srv/SetPose_Request.msg
[5.103s] -- Up-to-date symlink: /home/coderey/ros2_ws/install/robot_localization/share/robot_localization/srv/SetPose_Response.msg
[5.103s] -- Up-to-date symlink: /home/coderey/ros2_ws/install/robot_localization/share/robot_localization/srv/ToggleFilterProcessing.srv
[5.103s] -- Up-to-date symlink: /home/coderey/ros2_ws/install/robot_localization/share/robot_localization/srv/ToggleFilterProcessing_Request.msg
[5.103s] -- Up-to-date symlink: /home/coderey/ros2_ws/install/robot_localization/share/robot_localization/srv/ToggleFilterProcessing_Response.msg
[5.103s] -- Up-to-date symlink: /home/coderey/ros2_ws/install/robot_localization/share/robot_localization/srv/ToLL.srv
[5.103s] -- Up-to-date symlink: /home/coderey/ros2_ws/install/robot_localization/share/robot_localization/srv/ToLL_Request.msg
[5.104s] -- Up-to-date symlink: /home/coderey/ros2_ws/install/robot_localization/share/robot_localization/srv/ToLL_Response.msg
[5.104s] -- Up-to-date symlink: /home/coderey/ros2_ws/install/robot_localization/lib/robot_localization/filter_base-test
[5.104s] -- Up-to-date symlink: /home/coderey/ros2_ws/install/robot_localization/lib/robot_localization/test_filter_base_diagnostics_timestamps
[5.105s] -- Up-to-date symlink: /home/coderey/ros2_ws/install/robot_localization/lib/robot_localization/test_ekf
[5.105s] -- Up-to-date symlink: /home/coderey/ros2_ws/install/robot_localization/lib/robot_localization/test_ekf_localization_node_interfaces
[5.105s] -- Up-to-date symlink: /home/coderey/ros2_ws/install/robot_localization/lib/robot_localization/test_ukf
[5.105s] -- Up-to-date symlink: /home/coderey/ros2_ws/install/robot_localization/lib/robot_localization/test_ukf_localization_node_interfaces
[5.105s] -- Up-to-date symlink: /home/coderey/ros2_ws/install/robot_localization/lib/robot_localization/test_robot_localization_estimator
[5.105s] -- Up-to-date symlink: /home/coderey/ros2_ws/install/robot_localization/lib/robot_localization/test_ros_robot_localization_listener
[5.105s] -- Up-to-date symlink: /home/coderey/ros2_ws/install/robot_localization/lib/robot_localization/test_ros_robot_localization_listener_publisher
[5.105s] -- Up-to-date symlink: /home/coderey/ros2_ws/install/robot_localization/lib/robot_localization/navsat_transform_node
[5.105s] -- Up-to-date symlink: /home/coderey/ros2_ws/install/robot_localization/lib/robot_localization/ekf_node
[5.105s] -- Up-to-date symlink: /home/coderey/ros2_ws/install/robot_localization/lib/robot_localization/ukf_node
[5.105s] -- Up-to-date symlink: /home/coderey/ros2_ws/install/robot_localization/lib/robot_localization/robot_localization_listener_node
[5.105s] -- Up-to-date symlink: /home/coderey/ros2_ws/install/robot_localization/lib/librl_lib.so
[5.106s] -- Up-to-date symlink: /home/coderey/ros2_ws/install/robot_localization/share/ament_index/resource_index/package_run_dependencies/robot_localization
[5.106s] -- Up-to-date symlink: /home/coderey/ros2_ws/install/robot_localization/share/ament_index/resource_index/parent_prefix_path/robot_localization
[5.106s] -- Up-to-date symlink: /home/coderey/ros2_ws/install/robot_localization/share/robot_localization/environment/ament_prefix_path.sh
[5.106s] -- Up-to-date symlink: /home/coderey/ros2_ws/install/robot_localization/share/robot_localization/environment/ament_prefix_path.dsv
[5.106s] -- Up-to-date symlink: /home/coderey/ros2_ws/install/robot_localization/share/robot_localization/environment/path.sh
[5.106s] -- Up-to-date symlink: /home/coderey/ros2_ws/install/robot_localization/share/robot_localization/environment/path.dsv
[5.106s] -- Up-to-date symlink: /home/coderey/ros2_ws/install/robot_localization/share/robot_localization/local_setup.bash
[5.106s] -- Up-to-date symlink: /home/coderey/ros2_ws/install/robot_localization/share/robot_localization/local_setup.sh
[5.106s] -- Up-to-date symlink: /home/coderey/ros2_ws/install/robot_localization/share/robot_localization/local_setup.zsh
[5.106s] -- Up-to-date symlink: /home/coderey/ros2_ws/install/robot_localization/share/robot_localization/local_setup.dsv
[5.106s] -- Symlinking: /home/coderey/ros2_ws/install/robot_localization/share/robot_localization/package.dsv
[5.133s] -- Up-to-date symlink: /home/coderey/ros2_ws/install/robot_localization/share/ament_index/resource_index/packages/robot_localization
[5.133s] -- Up-to-date symlink: /home/coderey/ros2_ws/install/robot_localization/share/robot_localization/cmake/rosidl_cmake-extras.cmake
[5.133s] -- Up-to-date symlink: /home/coderey/ros2_ws/install/robot_localization/share/robot_localization/cmake/ament_cmake_export_dependencies-extras.cmake
[5.133s] -- Up-to-date symlink: /home/coderey/ros2_ws/install/robot_localization/share/robot_localization/cmake/ament_cmake_export_libraries-extras.cmake
[5.133s] -- Up-to-date symlink: /home/coderey/ros2_ws/install/robot_localization/share/robot_localization/cmake/ament_cmake_export_targets-extras.cmake
[5.133s] -- Up-to-date symlink: /home/coderey/ros2_ws/install/robot_localization/share/robot_localization/cmake/ament_cmake_export_include_directories-extras.cmake
[5.133s] -- Up-to-date symlink: /home/coderey/ros2_ws/install/robot_localization/share/robot_localization/cmake/rosidl_cmake_export_typesupport_libraries-extras.cmake
[5.133s] -- Up-to-date symlink: /home/coderey/ros2_ws/install/robot_localization/share/robot_localization/cmake/rosidl_cmake_export_typesupport_targets-extras.cmake
[5.134s] -- Up-to-date symlink: /home/coderey/ros2_ws/install/robot_localization/share/robot_localization/cmake/robot_localizationConfig.cmake
[5.134s] -- Up-to-date symlink: /home/coderey/ros2_ws/install/robot_localization/share/robot_localization/cmake/robot_localizationConfig-version.cmake
[5.134s] -- Up-to-date symlink: /home/coderey/ros2_ws/install/robot_localization/share/robot_localization/package.xml
[5.134s] -- Up-to-date: /home/coderey/ros2_ws/install/robot_localization/lib/librobot_localization__rosidl_generator_c.so
[5.137s] -- Up-to-date: /home/coderey/ros2_ws/install/robot_localization/lib/librobot_localization__rosidl_typesupport_introspection_c.so
[5.141s] -- Up-to-date: /home/coderey/ros2_ws/install/robot_localization/lib/librobot_localization__rosidl_typesupport_c.so
[5.145s] -- Up-to-date: /home/coderey/ros2_ws/install/robot_localization/lib/librobot_localization__rosidl_typesupport_introspection_cpp.so
[5.145s] -- Up-to-date: /home/coderey/ros2_ws/install/robot_localization/lib/librobot_localization__rosidl_typesupport_cpp.so
[5.246s] -- Up-to-date: /home/coderey/ros2_ws/install/robot_localization/share/robot_localization/test
[5.246s] -- Up-to-date: /home/coderey/ros2_ws/install/robot_localization/share/robot_localization/test/test_ukf_localization_node_bag1.yaml
[5.246s] -- Up-to-date: /home/coderey/ros2_ws/install/robot_localization/share/robot_localization/test/test1.bag
[5.247s] -- Up-to-date: /home/coderey/ros2_ws/install/robot_localization/share/robot_localization/test/test_ukf_localization_node_bag1.sh
[5.247s] -- Up-to-date: /home/coderey/ros2_ws/install/robot_localization/share/robot_localization/test/test_filter_base.cpp
[5.247s] -- Up-to-date: /home/coderey/ros2_ws/install/robot_localization/share/robot_localization/test/test_ukf_localization_node_bag2.yaml
[5.247s] -- Up-to-date: /home/coderey/ros2_ws/install/robot_localization/share/robot_localization/test/test_filter_base_diagnostics_timestamps.launch.py
[5.247s] -- Up-to-date: /home/coderey/ros2_ws/install/robot_localization/share/robot_localization/test/test_ukf_localization_node_bag1.launch.py
[5.247s] -- Up-to-date: /home/coderey/ros2_ws/install/robot_localization/share/robot_localization/test/test_ekf_localization_node_bag2.sh
[5.247s] -- Up-to-date: /home/coderey/ros2_ws/install/robot_localization/share/robot_localization/test/test_filter_base_diagnostics_timestamps.cpp
[5.247s] -- Up-to-date: /home/coderey/ros2_ws/install/robot_localization/share/robot_localization/test/test_ros_robot_localization_listener.launch.py
[5.247s] -- Up-to-date: /home/coderey/ros2_ws/install/robot_localization/share/robot_localization/test/test_ros_robot_localization_listener_publisher.cpp
[5.247s] -- Up-to-date: /home/coderey/ros2_ws/install/robot_localization/share/robot_localization/test/test_ukf.cpp
[5.248s] -- Up-to-date: /home/coderey/ros2_ws/install/robot_localization/share/robot_localization/test/test_ekf_localization_node_bag1.launch.py
[5.248s] -- Up-to-date: /home/coderey/ros2_ws/install/robot_localization/share/robot_localization/test/test_ukf_localization_node_bag3.yaml
[5.248s] -- Up-to-date: /home/coderey/ros2_ws/install/robot_localization/share/robot_localization/test/test_ekf_localization_node_bag3.launch.py
[5.248s] -- Up-to-date: /home/coderey/ros2_ws/install/robot_localization/share/robot_localization/test/test_ekf_localization_node_interfaces.cpp
[5.248s] -- Up-to-date: /home/coderey/ros2_ws/install/robot_localization/share/robot_localization/test/test_ukf_localization_node_interfaces.launch.py
[5.248s] -- Up-to-date: /home/coderey/ros2_ws/install/robot_localization/share/robot_localization/test/test_ukf_localization_node_bag2.sh
[5.248s] -- Up-to-date: /home/coderey/ros2_ws/install/robot_localization/share/robot_localization/test/test_ekf_localization_node_bag2.yaml
[5.248s] -- Up-to-date: /home/coderey/ros2_ws/install/robot_localization/share/robot_localization/test/test_ukf_localization_node_interfaces.yaml
[5.248s] -- Up-to-date: /home/coderey/ros2_ws/install/robot_localization/share/robot_localization/test/test_robot_localization_estimator.launch.py
[5.248s] -- Up-to-date: /home/coderey/ros2_ws/install/robot_localization/share/robot_localization/test/test_robot_localization_estimator.cpp
[5.248s] -- Up-to-date: /home/coderey/ros2_ws/install/robot_localization/share/robot_localization/test/test_ekf_localization_node_bag1.yaml
[5.249s] -- Up-to-date: /home/coderey/ros2_ws/install/robot_localization/share/robot_localization/test/test_ukf_localization_node_bag3.sh
[5.249s] -- Up-to-date: /home/coderey/ros2_ws/install/robot_localization/share/robot_localization/test/test2.bag
[5.249s] -- Up-to-date: /home/coderey/ros2_ws/install/robot_localization/share/robot_localization/test/test_ekf_localization_node_interfaces.launch.py
[5.249s] -- Up-to-date: /home/coderey/ros2_ws/install/robot_localization/share/robot_localization/test/test_ekf_localization_node_bag3.yaml
[5.249s] -- Up-to-date: /home/coderey/ros2_ws/install/robot_localization/share/robot_localization/test/test_ekf_localization_node_interfaces.yaml
[5.249s] -- Up-to-date: /home/coderey/ros2_ws/install/robot_localization/share/robot_localization/test/test_ros_robot_localization_listener.yaml
[5.249s] -- Up-to-date: /home/coderey/ros2_ws/install/robot_localization/share/robot_localization/test/test_localization_node_bag_pose_tester.cpp
[5.249s] -- Up-to-date: /home/coderey/ros2_ws/install/robot_localization/share/robot_localization/test/test_ros_robot_localization_listener.cpp
[5.249s] -- Up-to-date: /home/coderey/ros2_ws/install/robot_localization/share/robot_localization/test/test3.bag
[5.249s] -- Up-to-date: /home/coderey/ros2_ws/install/robot_localization/share/robot_localization/test/test_ekf_localization_node_bag1.sh
[5.249s] -- Up-to-date: /home/coderey/ros2_ws/install/robot_localization/share/robot_localization/test/test_ukf_localization_node_bag2.launch.py
[5.249s] -- Up-to-date: /home/coderey/ros2_ws/install/robot_localization/share/robot_localization/test/test_ekf.cpp
[5.250s] -- Up-to-date: /home/coderey/ros2_ws/install/robot_localization/share/robot_localization/test/test_ekf_localization_node_bag2.launch.py
[5.250s] -- Up-to-date: /home/coderey/ros2_ws/install/robot_localization/share/robot_localization/test/test_ukf_localization_node_bag3.launch.py
[5.250s] -- Up-to-date: /home/coderey/ros2_ws/install/robot_localization/share/robot_localization/test/test_ukf_localization_node_interfaces.cpp
[5.250s] -- Up-to-date: /home/coderey/ros2_ws/install/robot_localization/share/robot_localization/test/test_ekf_localization_node_bag3.sh
[5.250s] -- Up-to-date: /home/coderey/ros2_ws/install/robot_localization/share/robot_localization/test/test_filter_base_diagnostics_timestamps.yaml
[5.250s] -- Up-to-date: /home/coderey/ros2_ws/install/robot_localization/share/robot_localization/params
[5.250s] -- Up-to-date: /home/coderey/ros2_ws/install/robot_localization/share/robot_localization/params/ekf.yaml
[5.250s] -- Up-to-date: /home/coderey/ros2_ws/install/robot_localization/share/robot_localization/params/ukf.yaml
[5.250s] -- Up-to-date: /home/coderey/ros2_ws/install/robot_localization/share/robot_localization/params/imu.yaml
[5.250s] -- Up-to-date: /home/coderey/ros2_ws/install/robot_localization/share/robot_localization/params/dual_ekf_navsat_example.yaml
[5.250s] -- Up-to-date: /home/coderey/ros2_ws/install/robot_localization/share/robot_localization/params/navsat_transform.yaml
[5.251s] -- Up-to-date: /home/coderey/ros2_ws/install/robot_localization/share/robot_localization/params/ekf_em.yaml
[5.251s] -- Up-to-date: /home/coderey/ros2_ws/install/robot_localization/share/robot_localization/launch
[5.251s] -- Up-to-date: /home/coderey/ros2_ws/install/robot_localization/share/robot_localization/launch/dual_ekf_navsat_example.launch.py
[5.251s] -- Up-to-date: /home/coderey/ros2_ws/install/robot_localization/share/robot_localization/launch/ukf.launch.py
[5.251s] -- Up-to-date: /home/coderey/ros2_ws/install/robot_localization/share/robot_localization/launch/navsat_transform.launch.py
[5.251s] -- Up-to-date: /home/coderey/ros2_ws/install/robot_localization/share/robot_localization/launch/ekf.launch.py
[5.251s] -- Up-to-date: /home/coderey/ros2_ws/install/robot_localization/share/robot_localization/cmake/robot_localization__rosidl_generator_cExport.cmake
[5.251s] -- Up-to-date: /home/coderey/ros2_ws/install/robot_localization/share/robot_localization/cmake/robot_localization__rosidl_generator_cExport-relwithdebinfo.cmake
[5.251s] -- Up-to-date: /home/coderey/ros2_ws/install/robot_localization/share/robot_localization/cmake/robot_localization__rosidl_typesupport_introspection_cExport.cmake
[5.251s] -- Up-to-date: /home/coderey/ros2_ws/install/robot_localization/share/robot_localization/cmake/robot_localization__rosidl_typesupport_introspection_cExport-relwithdebinfo.cmake
[5.251s] -- Up-to-date: /home/coderey/ros2_ws/install/robot_localization/share/robot_localization/cmake/robot_localization__rosidl_typesupport_cExport.cmake
[5.251s] -- Up-to-date: /home/coderey/ros2_ws/install/robot_localization/share/robot_localization/cmake/robot_localization__rosidl_typesupport_cExport-relwithdebinfo.cmake
[5.252s] -- Up-to-date: /home/coderey/ros2_ws/install/robot_localization/share/robot_localization/cmake/robot_localization__rosidl_generator_cppExport.cmake
[5.252s] -- Up-to-date: /home/coderey/ros2_ws/install/robot_localization/share/robot_localization/cmake/robot_localization__rosidl_typesupport_introspection_cppExport.cmake
[5.252s] -- Up-to-date: /home/coderey/ros2_ws/install/robot_localization/share/robot_localization/cmake/robot_localization__rosidl_typesupport_introspection_cppExport-relwithdebinfo.cmake
[5.252s] -- Up-to-date: /home/coderey/ros2_ws/install/robot_localization/share/robot_localization/cmake/robot_localization__rosidl_typesupport_cppExport.cmake
[5.252s] -- Up-to-date: /home/coderey/ros2_ws/install/robot_localization/share/robot_localization/cmake/robot_localization__rosidl_typesupport_cppExport-relwithdebinfo.cmake
[5.623s] Invoked command in '/home/coderey/ros2_ws/build/robot_localization' returned '0': CMAKE_PREFIX_PATH=${CMAKE_PREFIX_PATH}:/home/coderey/ros2_ws/install/mob_rob_loca:/home/coderey/ros2_ws/install/nav2_simple_commander:/home/coderey/ros2_ws/install/nav2_gazebo_spawner:/home/coderey/ros2_ws/install/bno055:/home/coderey/microros_ws/install/sensor_msgs_py:/opt/ros/galactic /usr/bin/cmake --install /home/coderey/ros2_ws/build/robot_localization
