[0.843s] Invoking command in '/home/coderey/ros2_ws/build/mob_rob_loca': PYTHONPATH=/home/coderey/ros2_ws/build/mob_rob_loca/prefix_override:/home/coderey/ros2_ws/install/mob_rob_loca/lib/python3.8/site-packages:${PYTHONPATH} /usr/bin/python3 setup.py develop --uninstall --editable --build-directory /home/coderey/ros2_ws/build/mob_rob_loca/build
[1.037s] running develop
[1.136s] Removing /home/coderey/ros2_ws/install/mob_rob_loca/lib/python3.8/site-packages/mob-rob-loca.egg-link (link to .)
[1.150s] Invoked command in '/home/coderey/ros2_ws/build/mob_rob_loca' returned '0': PYTHONPATH=/home/coderey/ros2_ws/build/mob_rob_loca/prefix_override:/home/coderey/ros2_ws/install/mob_rob_loca/lib/python3.8/site-packages:${PYTHONPATH} /usr/bin/python3 setup.py develop --uninstall --editable --build-directory /home/coderey/ros2_ws/build/mob_rob_loca/build
[1.151s] Invoking command in '/home/coderey/ros2_ws/src/mob_rob_loca': PYTHONPATH=/home/coderey/ros2_ws/build/mob_rob_loca/prefix_override:/home/coderey/ros2_ws/install/mob_rob_loca/lib/python3.8/site-packages:${PYTHONPATH} /usr/bin/python3 setup.py egg_info --egg-base ../../build/mob_rob_loca build --build-base /home/coderey/ros2_ws/build/mob_rob_loca/build install --record /home/coderey/ros2_ws/build/mob_rob_loca/install.log --single-version-externally-managed
[1.331s] running egg_info
[1.331s] writing ../../build/mob_rob_loca/mob_rob_loca.egg-info/PKG-INFO
[1.331s] writing dependency_links to ../../build/mob_rob_loca/mob_rob_loca.egg-info/dependency_links.txt
[1.332s] writing entry points to ../../build/mob_rob_loca/mob_rob_loca.egg-info/entry_points.txt
[1.332s] writing requirements to ../../build/mob_rob_loca/mob_rob_loca.egg-info/requires.txt
[1.332s] writing top-level names to ../../build/mob_rob_loca/mob_rob_loca.egg-info/top_level.txt
[1.355s] reading manifest file '../../build/mob_rob_loca/mob_rob_loca.egg-info/SOURCES.txt'
[1.356s] writing manifest file '../../build/mob_rob_loca/mob_rob_loca.egg-info/SOURCES.txt'
[1.356s] running build
[1.356s] running build_py
[1.356s] running install
[1.356s] running install_lib
[1.357s] copying /home/coderey/ros2_ws/build/mob_rob_loca/build/lib/mob_rob_loca/__init__.py -> /home/coderey/ros2_ws/install/mob_rob_loca/lib/python3.8/site-packages/mob_rob_loca
[1.357s] copying /home/coderey/ros2_ws/build/mob_rob_loca/build/lib/mob_rob_loca/rpi_communication.py -> /home/coderey/ros2_ws/install/mob_rob_loca/lib/python3.8/site-packages/mob_rob_loca
[1.357s] copying /home/coderey/ros2_ws/build/mob_rob_loca/build/lib/mob_rob_loca/vel_pub.py -> /home/coderey/ros2_ws/install/mob_rob_loca/lib/python3.8/site-packages/mob_rob_loca
[1.357s] copying /home/coderey/ros2_ws/build/mob_rob_loca/build/lib/mob_rob_loca/tick_to_odom.py -> /home/coderey/ros2_ws/install/mob_rob_loca/lib/python3.8/site-packages/mob_rob_loca
[1.357s] copying /home/coderey/ros2_ws/build/mob_rob_loca/build/lib/mob_rob_loca/marv_to_ekf.py -> /home/coderey/ros2_ws/install/mob_rob_loca/lib/python3.8/site-packages/mob_rob_loca
[1.357s] copying /home/coderey/ros2_ws/build/mob_rob_loca/build/lib/mob_rob_loca/transforms.py -> /home/coderey/ros2_ws/install/mob_rob_loca/lib/python3.8/site-packages/mob_rob_loca
[1.357s] byte-compiling /home/coderey/ros2_ws/install/mob_rob_loca/lib/python3.8/site-packages/mob_rob_loca/__init__.py to __init__.cpython-38.pyc
[1.358s] byte-compiling /home/coderey/ros2_ws/install/mob_rob_loca/lib/python3.8/site-packages/mob_rob_loca/rpi_communication.py to rpi_communication.cpython-38.pyc
[1.359s] byte-compiling /home/coderey/ros2_ws/install/mob_rob_loca/lib/python3.8/site-packages/mob_rob_loca/vel_pub.py to vel_pub.cpython-38.pyc
[1.359s] byte-compiling /home/coderey/ros2_ws/install/mob_rob_loca/lib/python3.8/site-packages/mob_rob_loca/tick_to_odom.py to tick_to_odom.cpython-38.pyc
[1.360s] byte-compiling /home/coderey/ros2_ws/install/mob_rob_loca/lib/python3.8/site-packages/mob_rob_loca/marv_to_ekf.py to marv_to_ekf.cpython-38.pyc
[1.360s] byte-compiling /home/coderey/ros2_ws/install/mob_rob_loca/lib/python3.8/site-packages/mob_rob_loca/transforms.py to transforms.cpython-38.pyc
[1.361s] running install_data
[1.361s] running install_egg_info
[1.363s] Copying ../../build/mob_rob_loca/mob_rob_loca.egg-info to /home/coderey/ros2_ws/install/mob_rob_loca/lib/python3.8/site-packages/mob_rob_loca-0.0.0-py3.8.egg-info
[1.363s] running install_scripts
[1.375s] Installing imu_serv script to /home/coderey/ros2_ws/install/mob_rob_loca/lib/mob_rob_loca
[1.375s] Installing marv2ekf script to /home/coderey/ros2_ws/install/mob_rob_loca/lib/mob_rob_loca
[1.375s] Installing rpi_com_motors script to /home/coderey/ros2_ws/install/mob_rob_loca/lib/mob_rob_loca
[1.375s] Installing ticks2odom script to /home/coderey/ros2_ws/install/mob_rob_loca/lib/mob_rob_loca
[1.375s] Installing transforms script to /home/coderey/ros2_ws/install/mob_rob_loca/lib/mob_rob_loca
[1.375s] Installing vel_pub script to /home/coderey/ros2_ws/install/mob_rob_loca/lib/mob_rob_loca
[1.375s] writing list of installed files to '/home/coderey/ros2_ws/build/mob_rob_loca/install.log'
[1.388s] Invoked command in '/home/coderey/ros2_ws/src/mob_rob_loca' returned '0': PYTHONPATH=/home/coderey/ros2_ws/build/mob_rob_loca/prefix_override:/home/coderey/ros2_ws/install/mob_rob_loca/lib/python3.8/site-packages:${PYTHONPATH} /usr/bin/python3 setup.py egg_info --egg-base ../../build/mob_rob_loca build --build-base /home/coderey/ros2_ws/build/mob_rob_loca/build install --record /home/coderey/ros2_ws/build/mob_rob_loca/install.log --single-version-externally-managed
