[2.777s] Invoking command in '/home/coderey/ros2_ws/src/bno055': PYTHONPATH=/home/coderey/ros2_ws/build/bno055/prefix_override:/home/coderey/ros2_ws/install/bno055/lib/python3.8/site-packages:${PYTHONPATH} /usr/bin/python3 setup.py egg_info --egg-base ../../build/bno055 build --build-base /home/coderey/ros2_ws/build/bno055/build install --record /home/coderey/ros2_ws/build/bno055/install.log --single-version-externally-managed
[3.167s] running egg_info
[3.167s] writing ../../build/bno055/bno055.egg-info/PKG-INFO
[3.172s] writing dependency_links to ../../build/bno055/bno055.egg-info/dependency_links.txt
[3.174s] writing entry points to ../../build/bno055/bno055.egg-info/entry_points.txt
[3.174s] writing requirements to ../../build/bno055/bno055.egg-info/requires.txt
[3.176s] writing top-level names to ../../build/bno055/bno055.egg-info/top_level.txt
[3.208s] reading manifest file '../../build/bno055/bno055.egg-info/SOURCES.txt'
[3.210s] writing manifest file '../../build/bno055/bno055.egg-info/SOURCES.txt'
[3.210s] running build
[3.210s] running build_py
[3.211s] running install
[3.212s] running install_lib
[3.214s] running install_data
[3.215s] running install_egg_info
[3.218s] removing '/home/coderey/ros2_ws/install/bno055/lib/python3.8/site-packages/bno055-0.4.1-py3.8.egg-info' (and everything under it)
[3.218s] Copying ../../build/bno055/bno055.egg-info to /home/coderey/ros2_ws/install/bno055/lib/python3.8/site-packages/bno055-0.4.1-py3.8.egg-info
[3.219s] running install_scripts
[3.238s] Installing bno055 script to /home/coderey/ros2_ws/install/bno055/lib/bno055
[3.239s] writing list of installed files to '/home/coderey/ros2_ws/build/bno055/install.log'
[3.563s] Invoked command in '/home/coderey/ros2_ws/src/bno055' returned '0': PYTHONPATH=/home/coderey/ros2_ws/build/bno055/prefix_override:/home/coderey/ros2_ws/install/bno055/lib/python3.8/site-packages:${PYTHONPATH} /usr/bin/python3 setup.py egg_info --egg-base ../../build/bno055 build --build-base /home/coderey/ros2_ws/build/bno055/build install --record /home/coderey/ros2_ws/build/bno055/install.log --single-version-externally-managed
