[0.835s] Invoking command in '/home/coderey/ros2_ws/build/nav_2d_msgs': CMAKE_PREFIX_PATH=${CMAKE_PREFIX_PATH}:/home/coderey/ros2_ws/install/mob_rob_loca:/home/coderey/ros2_ws/install/nav2_simple_commander:/home/coderey/ros2_ws/install/nav2_gazebo_spawner:/home/coderey/ros2_ws/install/bno055:/home/coderey/microros_ws/install/sensor_msgs_py:/opt/ros/galactic /usr/bin/cmake /home/coderey/ros2_ws/src/navigation2/nav2_dwb_controller/nav_2d_msgs -DAMENT_CMAKE_SYMLINK_INSTALL=1 -DCMAKE_INSTALL_PREFIX=/home/coderey/ros2_ws/install/nav_2d_msgs
[1.682s] -- Found geometry_msgs: 2.2.4 (/home/coderey/microros_ws/install/geometry_msgs/share/geometry_msgs/cmake)
[1.682s] -- Found PythonInterp: /usr/bin/python3 (found suitable version "3.8.10", minimum required is "3") 
[1.682s] -- Using PYTHON_EXECUTABLE: /usr/bin/python3
[1.682s] -- Override CMake install command with custom implementation using symlinks instead of copying resources
[1.682s] -- Using all available rosidl_typesupport_c: rosidl_typesupport_microxrcedds_c;rosidl_typesupport_fastrtps_c;rosidl_typesupport_introspection_c
[1.683s] -- Found rosidl_adapter: 2.2.3 (/opt/ros/galactic/share/rosidl_adapter/cmake)
[1.683s] -- Using all available rosidl_typesupport_cpp: rosidl_typesupport_microxrcedds_cpp;rosidl_typesupport_fastrtps_cpp;rosidl_typesupport_introspection_cpp
[1.683s] -- Found rosidl_default_generators: 1.1.1 (/opt/ros/galactic/share/rosidl_default_generators/cmake)
[1.683s] -- Found PythonInterp: /usr/bin/python3 (found version "3.8.10") 
[1.683s] -- Found ament_cmake_ros: 0.9.2 (/opt/ros/galactic/share/ament_cmake_ros/cmake)
[1.797s] -- Using all available rosidl_typesupport_c: rosidl_typesupport_microxrcedds_c;rosidl_typesupport_fastrtps_c;rosidl_typesupport_introspection_c
[2.047s] -- Using all available rosidl_typesupport_cpp: rosidl_typesupport_microxrcedds_cpp;rosidl_typesupport_fastrtps_cpp;rosidl_typesupport_introspection_cpp
[2.141s] -- Found PythonInterp: /usr/bin/python3 (found suitable version "3.8.10", minimum required is "3.5") 
[2.141s] -- Found python_cmake_module: 0.8.1 (/opt/ros/galactic/share/python_cmake_module/cmake)
[2.216s] -- Using PYTHON_EXECUTABLE: /usr/bin/python3
[2.220s] -- Using PYTHON_INCLUDE_DIRS: /usr/include/python3.8
[2.220s] -- Using PYTHON_LIBRARIES: /usr/lib/x86_64-linux-gnu/libpython3.8.so
[2.421s] -- Configuring done
[2.548s] -- Generating done
[2.552s] -- Build files have been written to: /home/coderey/ros2_ws/build/nav_2d_msgs
[2.658s] Invoked command in '/home/coderey/ros2_ws/build/nav_2d_msgs' returned '0': CMAKE_PREFIX_PATH=${CMAKE_PREFIX_PATH}:/home/coderey/ros2_ws/install/mob_rob_loca:/home/coderey/ros2_ws/install/nav2_simple_commander:/home/coderey/ros2_ws/install/nav2_gazebo_spawner:/home/coderey/ros2_ws/install/bno055:/home/coderey/microros_ws/install/sensor_msgs_py:/opt/ros/galactic /usr/bin/cmake /home/coderey/ros2_ws/src/navigation2/nav2_dwb_controller/nav_2d_msgs -DAMENT_CMAKE_SYMLINK_INSTALL=1 -DCMAKE_INSTALL_PREFIX=/home/coderey/ros2_ws/install/nav_2d_msgs
[2.660s] Invoking command in '/home/coderey/ros2_ws/build/nav_2d_msgs': CMAKE_PREFIX_PATH=${CMAKE_PREFIX_PATH}:/home/coderey/ros2_ws/install/mob_rob_loca:/home/coderey/ros2_ws/install/nav2_simple_commander:/home/coderey/ros2_ws/install/nav2_gazebo_spawner:/home/coderey/ros2_ws/install/bno055:/home/coderey/microros_ws/install/sensor_msgs_py:/opt/ros/galactic /usr/bin/cmake --build /home/coderey/ros2_ws/build/nav_2d_msgs -- -j8 -l8
[2.778s] [  8%] Built target nav_2d_msgs__rosidl_generator_c
[2.778s] [ 10%] Built target nav_2d_msgs__cpp
[2.889s] [ 19%] Built target nav_2d_msgs__rosidl_typesupport_microxrcedds_cpp
[2.897s] [ 28%] Built target nav_2d_msgs__rosidl_typesupport_microxrcedds_c
[2.912s] [ 37%] Built target nav_2d_msgs__rosidl_typesupport_c
[2.919s] [ 46%] Built target nav_2d_msgs__rosidl_typesupport_cpp
[2.919s] [ 55%] Built target nav_2d_msgs__rosidl_typesupport_introspection_c
[2.927s] [ 64%] Built target nav_2d_msgs__rosidl_typesupport_introspection_cpp
[2.927s] [ 73%] Built target nav_2d_msgs__rosidl_typesupport_fastrtps_cpp
[2.982s] [ 82%] Built target nav_2d_msgs__rosidl_typesupport_fastrtps_c
[3.020s] [ 82%] Built target nav_2d_msgs
[3.061s] [ 83%] Built target nav_2d_msgs__py
[3.111s] [ 91%] Built target nav_2d_msgs__python
[3.162s] [ 93%] Built target nav_2d_msgs__rosidl_typesupport_introspection_c__pyext
[3.166s] [ 95%] Built target nav_2d_msgs__rosidl_typesupport_microxrcedds_c__pyext
[3.172s] [ 97%] Built target nav_2d_msgs__rosidl_typesupport_fastrtps_c__pyext
[3.180s] [100%] Built target nav_2d_msgs__rosidl_typesupport_c__pyext
[3.761s] Invoked command in '/home/coderey/ros2_ws/build/nav_2d_msgs' returned '0': CMAKE_PREFIX_PATH=${CMAKE_PREFIX_PATH}:/home/coderey/ros2_ws/install/mob_rob_loca:/home/coderey/ros2_ws/install/nav2_simple_commander:/home/coderey/ros2_ws/install/nav2_gazebo_spawner:/home/coderey/ros2_ws/install/bno055:/home/coderey/microros_ws/install/sensor_msgs_py:/opt/ros/galactic /usr/bin/cmake --build /home/coderey/ros2_ws/build/nav_2d_msgs -- -j8 -l8
[4.418s] Invoking command in '/home/coderey/ros2_ws/build/nav_2d_msgs': CMAKE_PREFIX_PATH=${CMAKE_PREFIX_PATH}:/home/coderey/ros2_ws/install/mob_rob_loca:/home/coderey/ros2_ws/install/nav2_simple_commander:/home/coderey/ros2_ws/install/nav2_gazebo_spawner:/home/coderey/ros2_ws/install/bno055:/home/coderey/microros_ws/install/sensor_msgs_py:/opt/ros/galactic /usr/bin/cmake --install /home/coderey/ros2_ws/build/nav_2d_msgs
[4.434s] -- Install configuration: "RelWithDebInfo"
[4.435s] -- Execute custom install script
[4.436s] -- Up-to-date symlink: /home/coderey/ros2_ws/install/nav_2d_msgs/share/ament_index/resource_index/rosidl_interfaces/nav_2d_msgs
[4.436s] -- Up-to-date symlink: /home/coderey/ros2_ws/install/nav_2d_msgs/include/nav_2d_msgs/msg/detail/path2_d__functions.h
[4.436s] -- Up-to-date symlink: /home/coderey/ros2_ws/install/nav_2d_msgs/include/nav_2d_msgs/msg/detail/path2_d__struct.h
[4.436s] -- Up-to-date symlink: /home/coderey/ros2_ws/install/nav_2d_msgs/include/nav_2d_msgs/msg/detail/path2_d__type_support.h
[4.436s] -- Up-to-date symlink: /home/coderey/ros2_ws/install/nav_2d_msgs/include/nav_2d_msgs/msg/detail/pose2_d32__functions.h
[4.437s] -- Up-to-date symlink: /home/coderey/ros2_ws/install/nav_2d_msgs/include/nav_2d_msgs/msg/detail/pose2_d32__struct.h
[4.437s] -- Up-to-date symlink: /home/coderey/ros2_ws/install/nav_2d_msgs/include/nav_2d_msgs/msg/detail/pose2_d32__type_support.h
[4.437s] -- Up-to-date symlink: /home/coderey/ros2_ws/install/nav_2d_msgs/include/nav_2d_msgs/msg/detail/pose2_d_stamped__functions.h
[4.437s] -- Up-to-date symlink: /home/coderey/ros2_ws/install/nav_2d_msgs/include/nav_2d_msgs/msg/detail/pose2_d_stamped__struct.h
[4.437s] -- Up-to-date symlink: /home/coderey/ros2_ws/install/nav_2d_msgs/include/nav_2d_msgs/msg/detail/pose2_d_stamped__type_support.h
[4.438s] -- Up-to-date symlink: /home/coderey/ros2_ws/install/nav_2d_msgs/include/nav_2d_msgs/msg/detail/twist2_d32__functions.h
[4.438s] -- Up-to-date symlink: /home/coderey/ros2_ws/install/nav_2d_msgs/include/nav_2d_msgs/msg/detail/twist2_d32__struct.h
[4.438s] -- Up-to-date symlink: /home/coderey/ros2_ws/install/nav_2d_msgs/include/nav_2d_msgs/msg/detail/twist2_d32__type_support.h
[4.438s] -- Up-to-date symlink: /home/coderey/ros2_ws/install/nav_2d_msgs/include/nav_2d_msgs/msg/detail/twist2_d__functions.h
[4.439s] -- Up-to-date symlink: /home/coderey/ros2_ws/install/nav_2d_msgs/include/nav_2d_msgs/msg/detail/twist2_d__struct.h
[4.439s] -- Up-to-date symlink: /home/coderey/ros2_ws/install/nav_2d_msgs/include/nav_2d_msgs/msg/detail/twist2_d__type_support.h
[4.439s] -- Up-to-date symlink: /home/coderey/ros2_ws/install/nav_2d_msgs/include/nav_2d_msgs/msg/detail/twist2_d_stamped__functions.h
[4.439s] -- Up-to-date symlink: /home/coderey/ros2_ws/install/nav_2d_msgs/include/nav_2d_msgs/msg/detail/twist2_d_stamped__struct.h
[4.439s] -- Up-to-date symlink: /home/coderey/ros2_ws/install/nav_2d_msgs/include/nav_2d_msgs/msg/detail/twist2_d_stamped__type_support.h
[4.439s] -- Up-to-date symlink: /home/coderey/ros2_ws/install/nav_2d_msgs/include/nav_2d_msgs/msg/path2_d.h
[4.439s] -- Up-to-date symlink: /home/coderey/ros2_ws/install/nav_2d_msgs/include/nav_2d_msgs/msg/pose2_d32.h
[4.440s] -- Up-to-date symlink: /home/coderey/ros2_ws/install/nav_2d_msgs/include/nav_2d_msgs/msg/pose2_d_stamped.h
[4.440s] -- Up-to-date symlink: /home/coderey/ros2_ws/install/nav_2d_msgs/include/nav_2d_msgs/msg/rosidl_generator_c__visibility_control.h
[4.440s] -- Up-to-date symlink: /home/coderey/ros2_ws/install/nav_2d_msgs/include/nav_2d_msgs/msg/twist2_d.h
[4.440s] -- Up-to-date symlink: /home/coderey/ros2_ws/install/nav_2d_msgs/include/nav_2d_msgs/msg/twist2_d32.h
[4.440s] -- Up-to-date symlink: /home/coderey/ros2_ws/install/nav_2d_msgs/include/nav_2d_msgs/msg/twist2_d_stamped.h
[4.441s] -- Up-to-date symlink: /home/coderey/ros2_ws/install/nav_2d_msgs/share/nav_2d_msgs/environment/library_path.sh
[4.441s] -- Up-to-date symlink: /home/coderey/ros2_ws/install/nav_2d_msgs/share/nav_2d_msgs/environment/library_path.dsv
[4.442s] -- Up-to-date symlink: /home/coderey/ros2_ws/install/nav_2d_msgs/include/nav_2d_msgs/msg/detail/path2_d__rosidl_typesupport_microxrcedds_c.h
[4.442s] -- Up-to-date symlink: /home/coderey/ros2_ws/install/nav_2d_msgs/include/nav_2d_msgs/msg/detail/pose2_d32__rosidl_typesupport_microxrcedds_c.h
[4.443s] -- Up-to-date symlink: /home/coderey/ros2_ws/install/nav_2d_msgs/include/nav_2d_msgs/msg/detail/pose2_d_stamped__rosidl_typesupport_microxrcedds_c.h
[4.443s] -- Up-to-date symlink: /home/coderey/ros2_ws/install/nav_2d_msgs/include/nav_2d_msgs/msg/detail/twist2_d32__rosidl_typesupport_microxrcedds_c.h
[4.443s] -- Up-to-date symlink: /home/coderey/ros2_ws/install/nav_2d_msgs/include/nav_2d_msgs/msg/detail/twist2_d__rosidl_typesupport_microxrcedds_c.h
[4.443s] -- Up-to-date symlink: /home/coderey/ros2_ws/install/nav_2d_msgs/include/nav_2d_msgs/msg/detail/twist2_d_stamped__rosidl_typesupport_microxrcedds_c.h
[4.444s] -- Up-to-date symlink: /home/coderey/ros2_ws/install/nav_2d_msgs/include/nav_2d_msgs/msg/rosidl_typesupport_microxrcedds_c__visibility_control.h
[4.444s] -- Up-to-date symlink: /home/coderey/ros2_ws/install/nav_2d_msgs/lib/libnav_2d_msgs__rosidl_typesupport_microxrcedds_c.so
[4.446s] -- Up-to-date symlink: /home/coderey/ros2_ws/install/nav_2d_msgs/include/nav_2d_msgs/msg/detail/path2_d__rosidl_typesupport_fastrtps_c.h
[4.446s] -- Up-to-date symlink: /home/coderey/ros2_ws/install/nav_2d_msgs/include/nav_2d_msgs/msg/detail/pose2_d32__rosidl_typesupport_fastrtps_c.h
[4.446s] -- Up-to-date symlink: /home/coderey/ros2_ws/install/nav_2d_msgs/include/nav_2d_msgs/msg/detail/pose2_d_stamped__rosidl_typesupport_fastrtps_c.h
[4.446s] -- Up-to-date symlink: /home/coderey/ros2_ws/install/nav_2d_msgs/include/nav_2d_msgs/msg/detail/twist2_d32__rosidl_typesupport_fastrtps_c.h
[4.446s] -- Up-to-date symlink: /home/coderey/ros2_ws/install/nav_2d_msgs/include/nav_2d_msgs/msg/detail/twist2_d__rosidl_typesupport_fastrtps_c.h
[4.446s] -- Up-to-date symlink: /home/coderey/ros2_ws/install/nav_2d_msgs/include/nav_2d_msgs/msg/detail/twist2_d_stamped__rosidl_typesupport_fastrtps_c.h
[4.446s] -- Up-to-date symlink: /home/coderey/ros2_ws/install/nav_2d_msgs/include/nav_2d_msgs/msg/rosidl_typesupport_fastrtps_c__visibility_control.h
[4.447s] -- Up-to-date symlink: /home/coderey/ros2_ws/install/nav_2d_msgs/lib/libnav_2d_msgs__rosidl_typesupport_fastrtps_c.so
[4.448s] -- Up-to-date symlink: /home/coderey/ros2_ws/install/nav_2d_msgs/include/nav_2d_msgs/msg/detail/path2_d__rosidl_typesupport_fastrtps_cpp.hpp
[4.448s] -- Up-to-date symlink: /home/coderey/ros2_ws/install/nav_2d_msgs/include/nav_2d_msgs/msg/detail/pose2_d32__rosidl_typesupport_fastrtps_cpp.hpp
[4.448s] -- Up-to-date symlink: /home/coderey/ros2_ws/install/nav_2d_msgs/include/nav_2d_msgs/msg/detail/pose2_d_stamped__rosidl_typesupport_fastrtps_cpp.hpp
[4.448s] -- Up-to-date symlink: /home/coderey/ros2_ws/install/nav_2d_msgs/include/nav_2d_msgs/msg/detail/twist2_d32__rosidl_typesupport_fastrtps_cpp.hpp
[4.448s] -- Up-to-date symlink: /home/coderey/ros2_ws/install/nav_2d_msgs/include/nav_2d_msgs/msg/detail/twist2_d__rosidl_typesupport_fastrtps_cpp.hpp
[4.449s] -- Up-to-date symlink: /home/coderey/ros2_ws/install/nav_2d_msgs/include/nav_2d_msgs/msg/detail/twist2_d_stamped__rosidl_typesupport_fastrtps_cpp.hpp
[4.449s] -- Up-to-date symlink: /home/coderey/ros2_ws/install/nav_2d_msgs/include/nav_2d_msgs/msg/rosidl_typesupport_fastrtps_cpp__visibility_control.h
[4.450s] -- Up-to-date symlink: /home/coderey/ros2_ws/install/nav_2d_msgs/lib/libnav_2d_msgs__rosidl_typesupport_fastrtps_cpp.so
[4.450s] -- Up-to-date symlink: /home/coderey/ros2_ws/install/nav_2d_msgs/include/nav_2d_msgs/msg/detail/path2_d__rosidl_typesupport_introspection_c.h
[4.450s] -- Up-to-date symlink: /home/coderey/ros2_ws/install/nav_2d_msgs/include/nav_2d_msgs/msg/detail/pose2_d32__rosidl_typesupport_introspection_c.h
[4.450s] -- Up-to-date symlink: /home/coderey/ros2_ws/install/nav_2d_msgs/include/nav_2d_msgs/msg/detail/pose2_d_stamped__rosidl_typesupport_introspection_c.h
[4.450s] -- Up-to-date symlink: /home/coderey/ros2_ws/install/nav_2d_msgs/include/nav_2d_msgs/msg/detail/twist2_d32__rosidl_typesupport_introspection_c.h
[4.450s] -- Up-to-date symlink: /home/coderey/ros2_ws/install/nav_2d_msgs/include/nav_2d_msgs/msg/detail/twist2_d__rosidl_typesupport_introspection_c.h
[4.450s] -- Up-to-date symlink: /home/coderey/ros2_ws/install/nav_2d_msgs/include/nav_2d_msgs/msg/detail/twist2_d_stamped__rosidl_typesupport_introspection_c.h
[4.450s] -- Up-to-date symlink: /home/coderey/ros2_ws/install/nav_2d_msgs/include/nav_2d_msgs/msg/rosidl_typesupport_introspection_c__visibility_control.h
[4.451s] -- Up-to-date symlink: /home/coderey/ros2_ws/install/nav_2d_msgs/include/nav_2d_msgs/msg/detail/path2_d__builder.hpp
[4.451s] -- Up-to-date symlink: /home/coderey/ros2_ws/install/nav_2d_msgs/include/nav_2d_msgs/msg/detail/path2_d__struct.hpp
[4.451s] -- Up-to-date symlink: /home/coderey/ros2_ws/install/nav_2d_msgs/include/nav_2d_msgs/msg/detail/path2_d__traits.hpp
[4.452s] -- Up-to-date symlink: /home/coderey/ros2_ws/install/nav_2d_msgs/include/nav_2d_msgs/msg/detail/pose2_d32__builder.hpp
[4.452s] -- Up-to-date symlink: /home/coderey/ros2_ws/install/nav_2d_msgs/include/nav_2d_msgs/msg/detail/pose2_d32__struct.hpp
[4.452s] -- Up-to-date symlink: /home/coderey/ros2_ws/install/nav_2d_msgs/include/nav_2d_msgs/msg/detail/pose2_d32__traits.hpp
[4.453s] -- Up-to-date symlink: /home/coderey/ros2_ws/install/nav_2d_msgs/include/nav_2d_msgs/msg/detail/pose2_d_stamped__builder.hpp
[4.453s] -- Up-to-date symlink: /home/coderey/ros2_ws/install/nav_2d_msgs/include/nav_2d_msgs/msg/detail/pose2_d_stamped__struct.hpp
[4.453s] -- Up-to-date symlink: /home/coderey/ros2_ws/install/nav_2d_msgs/include/nav_2d_msgs/msg/detail/pose2_d_stamped__traits.hpp
[4.453s] -- Up-to-date symlink: /home/coderey/ros2_ws/install/nav_2d_msgs/include/nav_2d_msgs/msg/detail/twist2_d32__builder.hpp
[4.453s] -- Up-to-date symlink: /home/coderey/ros2_ws/install/nav_2d_msgs/include/nav_2d_msgs/msg/detail/twist2_d32__struct.hpp
[4.454s] -- Up-to-date symlink: /home/coderey/ros2_ws/install/nav_2d_msgs/include/nav_2d_msgs/msg/detail/twist2_d32__traits.hpp
[4.454s] -- Up-to-date symlink: /home/coderey/ros2_ws/install/nav_2d_msgs/include/nav_2d_msgs/msg/detail/twist2_d__builder.hpp
[4.454s] -- Up-to-date symlink: /home/coderey/ros2_ws/install/nav_2d_msgs/include/nav_2d_msgs/msg/detail/twist2_d__struct.hpp
[4.454s] -- Up-to-date symlink: /home/coderey/ros2_ws/install/nav_2d_msgs/include/nav_2d_msgs/msg/detail/twist2_d__traits.hpp
[4.454s] -- Up-to-date symlink: /home/coderey/ros2_ws/install/nav_2d_msgs/include/nav_2d_msgs/msg/detail/twist2_d_stamped__builder.hpp
[4.455s] -- Up-to-date symlink: /home/coderey/ros2_ws/install/nav_2d_msgs/include/nav_2d_msgs/msg/detail/twist2_d_stamped__struct.hpp
[4.455s] -- Up-to-date symlink: /home/coderey/ros2_ws/install/nav_2d_msgs/include/nav_2d_msgs/msg/detail/twist2_d_stamped__traits.hpp
[4.455s] -- Up-to-date symlink: /home/coderey/ros2_ws/install/nav_2d_msgs/include/nav_2d_msgs/msg/path2_d.hpp
[4.455s] -- Up-to-date symlink: /home/coderey/ros2_ws/install/nav_2d_msgs/include/nav_2d_msgs/msg/pose2_d32.hpp
[4.455s] -- Up-to-date symlink: /home/coderey/ros2_ws/install/nav_2d_msgs/include/nav_2d_msgs/msg/pose2_d_stamped.hpp
[4.456s] -- Up-to-date symlink: /home/coderey/ros2_ws/install/nav_2d_msgs/include/nav_2d_msgs/msg/twist2_d.hpp
[4.456s] -- Up-to-date symlink: /home/coderey/ros2_ws/install/nav_2d_msgs/include/nav_2d_msgs/msg/twist2_d32.hpp
[4.456s] -- Up-to-date symlink: /home/coderey/ros2_ws/install/nav_2d_msgs/include/nav_2d_msgs/msg/twist2_d_stamped.hpp
[4.457s] -- Up-to-date symlink: /home/coderey/ros2_ws/install/nav_2d_msgs/include/nav_2d_msgs/msg/detail/microxrcedds/path2_d__type_support_cpp.cpp
[4.457s] -- Up-to-date symlink: /home/coderey/ros2_ws/install/nav_2d_msgs/include/nav_2d_msgs/msg/detail/microxrcedds/pose2_d32__type_support_cpp.cpp
[4.457s] -- Up-to-date symlink: /home/coderey/ros2_ws/install/nav_2d_msgs/include/nav_2d_msgs/msg/detail/microxrcedds/pose2_d_stamped__type_support_cpp.cpp
[4.458s] -- Up-to-date symlink: /home/coderey/ros2_ws/install/nav_2d_msgs/include/nav_2d_msgs/msg/detail/microxrcedds/twist2_d32__type_support_cpp.cpp
[4.458s] -- Up-to-date symlink: /home/coderey/ros2_ws/install/nav_2d_msgs/include/nav_2d_msgs/msg/detail/microxrcedds/twist2_d__type_support_cpp.cpp
[4.458s] -- Up-to-date symlink: /home/coderey/ros2_ws/install/nav_2d_msgs/include/nav_2d_msgs/msg/detail/microxrcedds/twist2_d_stamped__type_support_cpp.cpp
[4.458s] -- Up-to-date symlink: /home/coderey/ros2_ws/install/nav_2d_msgs/include/nav_2d_msgs/msg/detail/path2_d__rosidl_typesupport_microxrcedds_cpp.hpp
[4.459s] -- Up-to-date symlink: /home/coderey/ros2_ws/install/nav_2d_msgs/include/nav_2d_msgs/msg/detail/pose2_d32__rosidl_typesupport_microxrcedds_cpp.hpp
[4.459s] -- Up-to-date symlink: /home/coderey/ros2_ws/install/nav_2d_msgs/include/nav_2d_msgs/msg/detail/pose2_d_stamped__rosidl_typesupport_microxrcedds_cpp.hpp
[4.459s] -- Up-to-date symlink: /home/coderey/ros2_ws/install/nav_2d_msgs/include/nav_2d_msgs/msg/detail/twist2_d32__rosidl_typesupport_microxrcedds_cpp.hpp
[4.459s] -- Up-to-date symlink: /home/coderey/ros2_ws/install/nav_2d_msgs/include/nav_2d_msgs/msg/detail/twist2_d__rosidl_typesupport_microxrcedds_cpp.hpp
[4.459s] -- Up-to-date symlink: /home/coderey/ros2_ws/install/nav_2d_msgs/include/nav_2d_msgs/msg/detail/twist2_d_stamped__rosidl_typesupport_microxrcedds_cpp.hpp
[4.460s] -- Up-to-date symlink: /home/coderey/ros2_ws/install/nav_2d_msgs/include/nav_2d_msgs/msg/rosidl_typesupport_microxrcedds_cpp__visibility_control.h
[4.460s] -- Up-to-date symlink: /home/coderey/ros2_ws/install/nav_2d_msgs/lib/libnav_2d_msgs__rosidl_typesupport_microxrcedds_cpp.so
[4.461s] -- Up-to-date symlink: /home/coderey/ros2_ws/install/nav_2d_msgs/include/nav_2d_msgs/msg/detail/path2_d__rosidl_typesupport_introspection_cpp.hpp
[4.461s] -- Up-to-date symlink: /home/coderey/ros2_ws/install/nav_2d_msgs/include/nav_2d_msgs/msg/detail/pose2_d32__rosidl_typesupport_introspection_cpp.hpp
[4.461s] -- Up-to-date symlink: /home/coderey/ros2_ws/install/nav_2d_msgs/include/nav_2d_msgs/msg/detail/pose2_d_stamped__rosidl_typesupport_introspection_cpp.hpp
[4.462s] -- Up-to-date symlink: /home/coderey/ros2_ws/install/nav_2d_msgs/include/nav_2d_msgs/msg/detail/twist2_d32__rosidl_typesupport_introspection_cpp.hpp
[4.463s] -- Up-to-date symlink: /home/coderey/ros2_ws/install/nav_2d_msgs/include/nav_2d_msgs/msg/detail/twist2_d__rosidl_typesupport_introspection_cpp.hpp
[4.463s] -- Up-to-date symlink: /home/coderey/ros2_ws/install/nav_2d_msgs/include/nav_2d_msgs/msg/detail/twist2_d_stamped__rosidl_typesupport_introspection_cpp.hpp
[4.463s] -- Up-to-date symlink: /home/coderey/ros2_ws/install/nav_2d_msgs/share/nav_2d_msgs/environment/pythonpath.sh
[4.463s] -- Up-to-date symlink: /home/coderey/ros2_ws/install/nav_2d_msgs/share/nav_2d_msgs/environment/pythonpath.dsv
[4.463s] -- Up-to-date symlink: /home/coderey/ros2_ws/install/nav_2d_msgs/lib/python3.8/site-packages/nav_2d_msgs/__init__.py
[4.465s] -- Up-to-date symlink: /home/coderey/ros2_ws/install/nav_2d_msgs/lib/python3.8/site-packages/nav_2d_msgs/msg/__init__.py
[4.465s] -- Up-to-date symlink: /home/coderey/ros2_ws/install/nav_2d_msgs/lib/python3.8/site-packages/nav_2d_msgs/msg/_path2_d.py
[4.465s] -- Up-to-date symlink: /home/coderey/ros2_ws/install/nav_2d_msgs/lib/python3.8/site-packages/nav_2d_msgs/msg/_pose2_d32.py
[4.465s] -- Up-to-date symlink: /home/coderey/ros2_ws/install/nav_2d_msgs/lib/python3.8/site-packages/nav_2d_msgs/msg/_pose2_d_stamped.py
[4.466s] -- Up-to-date symlink: /home/coderey/ros2_ws/install/nav_2d_msgs/lib/python3.8/site-packages/nav_2d_msgs/msg/_twist2_d.py
[4.466s] -- Up-to-date symlink: /home/coderey/ros2_ws/install/nav_2d_msgs/lib/python3.8/site-packages/nav_2d_msgs/msg/_twist2_d32.py
[4.466s] -- Up-to-date symlink: /home/coderey/ros2_ws/install/nav_2d_msgs/lib/python3.8/site-packages/nav_2d_msgs/msg/_twist2_d_stamped.py
[4.466s] -- Up-to-date symlink: /home/coderey/ros2_ws/install/nav_2d_msgs/lib/python3.8/site-packages/nav_2d_msgs/nav_2d_msgs_s__rosidl_typesupport_microxrcedds_c.cpython-38-x86_64-linux-gnu.so
[4.466s] -- Up-to-date symlink: /home/coderey/ros2_ws/install/nav_2d_msgs/lib/python3.8/site-packages/nav_2d_msgs/nav_2d_msgs_s__rosidl_typesupport_fastrtps_c.cpython-38-x86_64-linux-gnu.so
[4.466s] -- Up-to-date symlink: /home/coderey/ros2_ws/install/nav_2d_msgs/lib/python3.8/site-packages/nav_2d_msgs/nav_2d_msgs_s__rosidl_typesupport_introspection_c.cpython-38-x86_64-linux-gnu.so
[4.466s] -- Up-to-date symlink: /home/coderey/ros2_ws/install/nav_2d_msgs/lib/python3.8/site-packages/nav_2d_msgs/nav_2d_msgs_s__rosidl_typesupport_c.cpython-38-x86_64-linux-gnu.so
[4.466s] -- Up-to-date symlink: /home/coderey/ros2_ws/install/nav_2d_msgs/lib/libnav_2d_msgs__python.so
[4.467s] -- Up-to-date symlink: /home/coderey/ros2_ws/install/nav_2d_msgs/share/nav_2d_msgs/msg/Path2D.idl
[4.467s] -- Up-to-date symlink: /home/coderey/ros2_ws/install/nav_2d_msgs/share/nav_2d_msgs/msg/Pose2D32.idl
[4.467s] -- Up-to-date symlink: /home/coderey/ros2_ws/install/nav_2d_msgs/share/nav_2d_msgs/msg/Pose2DStamped.idl
[4.468s] -- Up-to-date symlink: /home/coderey/ros2_ws/install/nav_2d_msgs/share/nav_2d_msgs/msg/Twist2D.idl
[4.468s] -- Up-to-date symlink: /home/coderey/ros2_ws/install/nav_2d_msgs/share/nav_2d_msgs/msg/Twist2D32.idl
[4.468s] -- Up-to-date symlink: /home/coderey/ros2_ws/install/nav_2d_msgs/share/nav_2d_msgs/msg/Twist2DStamped.idl
[4.469s] -- Up-to-date symlink: /home/coderey/ros2_ws/install/nav_2d_msgs/share/nav_2d_msgs/msg/Path2D.msg
[4.469s] -- Up-to-date symlink: /home/coderey/ros2_ws/install/nav_2d_msgs/share/nav_2d_msgs/msg/Pose2D32.msg
[4.469s] -- Up-to-date symlink: /home/coderey/ros2_ws/install/nav_2d_msgs/share/nav_2d_msgs/msg/Pose2DStamped.msg
[4.470s] -- Up-to-date symlink: /home/coderey/ros2_ws/install/nav_2d_msgs/share/nav_2d_msgs/msg/Twist2D.msg
[4.470s] -- Up-to-date symlink: /home/coderey/ros2_ws/install/nav_2d_msgs/share/nav_2d_msgs/msg/Twist2D32.msg
[4.470s] -- Up-to-date symlink: /home/coderey/ros2_ws/install/nav_2d_msgs/share/nav_2d_msgs/msg/Twist2DStamped.msg
[4.471s] -- Up-to-date symlink: /home/coderey/ros2_ws/install/nav_2d_msgs/share/ament_index/resource_index/package_run_dependencies/nav_2d_msgs
[4.471s] -- Up-to-date symlink: /home/coderey/ros2_ws/install/nav_2d_msgs/share/ament_index/resource_index/parent_prefix_path/nav_2d_msgs
[4.471s] -- Up-to-date symlink: /home/coderey/ros2_ws/install/nav_2d_msgs/share/nav_2d_msgs/environment/ament_prefix_path.sh
[4.472s] -- Up-to-date symlink: /home/coderey/ros2_ws/install/nav_2d_msgs/share/nav_2d_msgs/environment/ament_prefix_path.dsv
[4.472s] -- Up-to-date symlink: /home/coderey/ros2_ws/install/nav_2d_msgs/share/nav_2d_msgs/environment/path.sh
[4.472s] -- Up-to-date symlink: /home/coderey/ros2_ws/install/nav_2d_msgs/share/nav_2d_msgs/environment/path.dsv
[4.473s] -- Up-to-date symlink: /home/coderey/ros2_ws/install/nav_2d_msgs/share/nav_2d_msgs/local_setup.bash
[4.473s] -- Up-to-date symlink: /home/coderey/ros2_ws/install/nav_2d_msgs/share/nav_2d_msgs/local_setup.sh
[4.473s] -- Up-to-date symlink: /home/coderey/ros2_ws/install/nav_2d_msgs/share/nav_2d_msgs/local_setup.zsh
[4.474s] -- Up-to-date symlink: /home/coderey/ros2_ws/install/nav_2d_msgs/share/nav_2d_msgs/local_setup.dsv
[4.474s] -- Symlinking: /home/coderey/ros2_ws/install/nav_2d_msgs/share/nav_2d_msgs/package.dsv
[4.499s] -- Up-to-date symlink: /home/coderey/ros2_ws/install/nav_2d_msgs/share/ament_index/resource_index/packages/nav_2d_msgs
[4.500s] -- Up-to-date symlink: /home/coderey/ros2_ws/install/nav_2d_msgs/share/nav_2d_msgs/cmake/rosidl_cmake-extras.cmake
[4.500s] -- Up-to-date symlink: /home/coderey/ros2_ws/install/nav_2d_msgs/share/nav_2d_msgs/cmake/ament_cmake_export_dependencies-extras.cmake
[4.500s] -- Up-to-date symlink: /home/coderey/ros2_ws/install/nav_2d_msgs/share/nav_2d_msgs/cmake/ament_cmake_export_libraries-extras.cmake
[4.500s] -- Up-to-date symlink: /home/coderey/ros2_ws/install/nav_2d_msgs/share/nav_2d_msgs/cmake/ament_cmake_export_targets-extras.cmake
[4.500s] -- Up-to-date symlink: /home/coderey/ros2_ws/install/nav_2d_msgs/share/nav_2d_msgs/cmake/ament_cmake_export_include_directories-extras.cmake
[4.500s] -- Up-to-date symlink: /home/coderey/ros2_ws/install/nav_2d_msgs/share/nav_2d_msgs/cmake/rosidl_cmake_export_typesupport_libraries-extras.cmake
[4.500s] -- Up-to-date symlink: /home/coderey/ros2_ws/install/nav_2d_msgs/share/nav_2d_msgs/cmake/rosidl_cmake_export_typesupport_targets-extras.cmake
[4.500s] -- Up-to-date symlink: /home/coderey/ros2_ws/install/nav_2d_msgs/share/nav_2d_msgs/cmake/nav_2d_msgsConfig.cmake
[4.501s] -- Up-to-date symlink: /home/coderey/ros2_ws/install/nav_2d_msgs/share/nav_2d_msgs/cmake/nav_2d_msgsConfig-version.cmake
[4.501s] -- Up-to-date symlink: /home/coderey/ros2_ws/install/nav_2d_msgs/share/nav_2d_msgs/package.xml
[4.501s] -- Up-to-date: /home/coderey/ros2_ws/install/nav_2d_msgs/lib/libnav_2d_msgs__rosidl_generator_c.so
[4.501s] -- Up-to-date: /home/coderey/ros2_ws/install/nav_2d_msgs/lib/libnav_2d_msgs__rosidl_typesupport_introspection_c.so
[4.502s] -- Up-to-date: /home/coderey/ros2_ws/install/nav_2d_msgs/lib/libnav_2d_msgs__rosidl_typesupport_c.so
[4.502s] -- Up-to-date: /home/coderey/ros2_ws/install/nav_2d_msgs/lib/libnav_2d_msgs__rosidl_typesupport_introspection_cpp.so
[4.503s] -- Up-to-date: /home/coderey/ros2_ws/install/nav_2d_msgs/lib/libnav_2d_msgs__rosidl_typesupport_cpp.so
[4.580s] Compiling '/home/coderey/ros2_ws/install/nav_2d_msgs/lib/python3.8/site-packages/nav_2d_msgs/__init__.py'...
[4.585s] -- Up-to-date: /home/coderey/ros2_ws/install/nav_2d_msgs/share/nav_2d_msgs/cmake/nav_2d_msgs__rosidl_generator_cExport.cmake
[4.585s] -- Installing: /home/coderey/ros2_ws/install/nav_2d_msgs/share/nav_2d_msgs/cmake/nav_2d_msgs__rosidl_generator_cExport-relwithdebinfo.cmake
[4.586s] -- Up-to-date: /home/coderey/ros2_ws/install/nav_2d_msgs/share/nav_2d_msgs/cmake/nav_2d_msgs__rosidl_typesupport_introspection_cExport.cmake
[4.587s] -- Installing: /home/coderey/ros2_ws/install/nav_2d_msgs/share/nav_2d_msgs/cmake/nav_2d_msgs__rosidl_typesupport_introspection_cExport-relwithdebinfo.cmake
[4.588s] -- Up-to-date: /home/coderey/ros2_ws/install/nav_2d_msgs/share/nav_2d_msgs/cmake/nav_2d_msgs__rosidl_typesupport_cExport.cmake
[4.589s] -- Installing: /home/coderey/ros2_ws/install/nav_2d_msgs/share/nav_2d_msgs/cmake/nav_2d_msgs__rosidl_typesupport_cExport-relwithdebinfo.cmake
[4.589s] -- Up-to-date: /home/coderey/ros2_ws/install/nav_2d_msgs/share/nav_2d_msgs/cmake/nav_2d_msgs__rosidl_generator_cppExport.cmake
[4.589s] -- Up-to-date: /home/coderey/ros2_ws/install/nav_2d_msgs/share/nav_2d_msgs/cmake/nav_2d_msgs__rosidl_typesupport_introspection_cppExport.cmake
[4.589s] -- Installing: /home/coderey/ros2_ws/install/nav_2d_msgs/share/nav_2d_msgs/cmake/nav_2d_msgs__rosidl_typesupport_introspection_cppExport-relwithdebinfo.cmake
[4.589s] -- Up-to-date: /home/coderey/ros2_ws/install/nav_2d_msgs/share/nav_2d_msgs/cmake/nav_2d_msgs__rosidl_typesupport_cppExport.cmake
[4.589s] -- Installing: /home/coderey/ros2_ws/install/nav_2d_msgs/share/nav_2d_msgs/cmake/nav_2d_msgs__rosidl_typesupport_cppExport-relwithdebinfo.cmake
[4.590s] Invoked command in '/home/coderey/ros2_ws/build/nav_2d_msgs' returned '0': CMAKE_PREFIX_PATH=${CMAKE_PREFIX_PATH}:/home/coderey/ros2_ws/install/mob_rob_loca:/home/coderey/ros2_ws/install/nav2_simple_commander:/home/coderey/ros2_ws/install/nav2_gazebo_spawner:/home/coderey/ros2_ws/install/bno055:/home/coderey/microros_ws/install/sensor_msgs_py:/opt/ros/galactic /usr/bin/cmake --install /home/coderey/ros2_ws/build/nav_2d_msgs
