[0.831s] Invoking command in '/home/coderey/ros2_ws/build/nav2_simple_commander': AMENT_PREFIX_PATH=/home/coderey/ros2_ws/install/nav2_msgs:${AMENT_PREFIX_PATH} CMAKE_PREFIX_PATH=/home/coderey/ros2_ws/install/nav2_msgs:${CMAKE_PREFIX_PATH} LD_LIBRARY_PATH=/home/coderey/ros2_ws/install/nav2_msgs/lib:${LD_LIBRARY_PATH} PYTHONPATH=/home/coderey/ros2_ws/build/nav2_simple_commander/prefix_override:/home/coderey/ros2_ws/install/nav2_simple_commander/lib/python3.8/site-packages:/home/coderey/ros2_ws/install/nav2_msgs/lib/python3.8/site-packages:${PYTHONPATH} /usr/bin/python3 setup.py develop --editable --build-directory /home/coderey/ros2_ws/build/nav2_simple_commander/build --no-deps install_data
[1.003s] running develop
[1.095s] running egg_info
[1.095s] creating nav2_simple_commander.egg-info
[1.095s] writing nav2_simple_commander.egg-info/PKG-INFO
[1.095s] writing dependency_links to nav2_simple_commander.egg-info/dependency_links.txt
[1.095s] writing entry points to nav2_simple_commander.egg-info/entry_points.txt
[1.096s] writing requirements to nav2_simple_commander.egg-info/requires.txt
[1.096s] writing top-level names to nav2_simple_commander.egg-info/top_level.txt
[1.096s] writing manifest file 'nav2_simple_commander.egg-info/SOURCES.txt'
[1.117s] reading manifest file 'nav2_simple_commander.egg-info/SOURCES.txt'
[1.117s] writing manifest file 'nav2_simple_commander.egg-info/SOURCES.txt'
[1.138s] running build_ext
[1.138s] Creating /home/coderey/ros2_ws/install/nav2_simple_commander/lib/python3.8/site-packages/site.py
[1.140s] Creating /home/coderey/ros2_ws/install/nav2_simple_commander/lib/python3.8/site-packages/nav2-simple-commander.egg-link (link to .)
[1.141s] Installing demo_inspection script to /home/coderey/ros2_ws/install/nav2_simple_commander/lib/nav2_simple_commander
[1.141s] Installing demo_picking script to /home/coderey/ros2_ws/install/nav2_simple_commander/lib/nav2_simple_commander
[1.141s] Installing demo_recoveries script to /home/coderey/ros2_ws/install/nav2_simple_commander/lib/nav2_simple_commander
[1.141s] Installing demo_security script to /home/coderey/ros2_ws/install/nav2_simple_commander/lib/nav2_simple_commander
[1.141s] Installing example_follow_path script to /home/coderey/ros2_ws/install/nav2_simple_commander/lib/nav2_simple_commander
[1.141s] Installing example_nav_through_poses script to /home/coderey/ros2_ws/install/nav2_simple_commander/lib/nav2_simple_commander
[1.141s] Installing example_nav_to_pose script to /home/coderey/ros2_ws/install/nav2_simple_commander/lib/nav2_simple_commander
[1.141s] Installing example_waypoint_follower script to /home/coderey/ros2_ws/install/nav2_simple_commander/lib/nav2_simple_commander
[1.141s] 
[1.141s] Installed /home/coderey/ros2_ws/build/nav2_simple_commander
[1.141s] running install_data
[1.141s] creating /home/coderey/ros2_ws/install/nav2_simple_commander/share/ament_index
[1.141s] creating /home/coderey/ros2_ws/install/nav2_simple_commander/share/ament_index/resource_index
[1.141s] creating /home/coderey/ros2_ws/install/nav2_simple_commander/share/ament_index/resource_index/packages
[1.141s] copying resource/nav2_simple_commander -> /home/coderey/ros2_ws/install/nav2_simple_commander/share/ament_index/resource_index/packages
[1.142s] copying package.xml -> /home/coderey/ros2_ws/install/nav2_simple_commander/share/nav2_simple_commander
[1.142s] copying launch/security_demo_launch.py -> /home/coderey/ros2_ws/install/nav2_simple_commander/share/nav2_simple_commander
[1.142s] copying launch/warehouse.world -> /home/coderey/ros2_ws/install/nav2_simple_commander/share/nav2_simple_commander
[1.142s] copying launch/picking_demo_launch.py -> /home/coderey/ros2_ws/install/nav2_simple_commander/share/nav2_simple_commander
[1.142s] copying launch/follow_path_example_launch.py -> /home/coderey/ros2_ws/install/nav2_simple_commander/share/nav2_simple_commander
[1.142s] copying launch/nav_to_pose_example_launch.py -> /home/coderey/ros2_ws/install/nav2_simple_commander/share/nav2_simple_commander
[1.142s] copying launch/recoveries_example_launch.py -> /home/coderey/ros2_ws/install/nav2_simple_commander/share/nav2_simple_commander
[1.142s] copying launch/nav_through_poses_example_launch.py -> /home/coderey/ros2_ws/install/nav2_simple_commander/share/nav2_simple_commander
[1.142s] copying launch/inspection_demo_launch.py -> /home/coderey/ros2_ws/install/nav2_simple_commander/share/nav2_simple_commander
[1.142s] copying launch/waypoint_follower_example_launch.py -> /home/coderey/ros2_ws/install/nav2_simple_commander/share/nav2_simple_commander
[1.159s] Invoked command in '/home/coderey/ros2_ws/build/nav2_simple_commander' returned '0': AMENT_PREFIX_PATH=/home/coderey/ros2_ws/install/nav2_msgs:${AMENT_PREFIX_PATH} CMAKE_PREFIX_PATH=/home/coderey/ros2_ws/install/nav2_msgs:${CMAKE_PREFIX_PATH} LD_LIBRARY_PATH=/home/coderey/ros2_ws/install/nav2_msgs/lib:${LD_LIBRARY_PATH} PYTHONPATH=/home/coderey/ros2_ws/build/nav2_simple_commander/prefix_override:/home/coderey/ros2_ws/install/nav2_simple_commander/lib/python3.8/site-packages:/home/coderey/ros2_ws/install/nav2_msgs/lib/python3.8/site-packages:${PYTHONPATH} /usr/bin/python3 setup.py develop --editable --build-directory /home/coderey/ros2_ws/build/nav2_simple_commander/build --no-deps install_data
