-- Found ament_cmake: 1.1.6 (/opt/ros/galactic/share/ament_cmake/cmake)
-- Using PYTHON_EXECUTABLE: /usr/bin/python3
-- Override CMake install command with custom implementation using symlinks instead of copying resources
-- Found geometry_msgs: 2.2.4 (/home/coderey/microros_ws/install/geometry_msgs/share/geometry_msgs/cmake)
-- Using all available rosidl_typesupport_c: rosidl_typesupport_microxrcedds_c;rosidl_typesupport_fastrtps_c;rosidl_typesupport_introspection_c
-- Found rosidl_adapter: 2.2.3 (/opt/ros/galactic/share/rosidl_adapter/cmake)
-- Using all available rosidl_typesupport_cpp: rosidl_typesupport_microxrcedds_cpp;rosidl_typesupport_fastrtps_cpp;rosidl_typesupport_introspection_cpp
-- Found laser_geometry: 2.2.1 (/opt/ros/galactic/share/laser_geometry/cmake)
-- Found map_msgs: 2.1.0 (/opt/ros/galactic/share/map_msgs/cmake)
-- Found message_filters: 3.2.6 (/opt/ros/galactic/share/message_filters/cmake)
-- Found rmw_implementation_cmake: 3.3.1 (/opt/ros/galactic/share/rmw_implementation_cmake/cmake)
-- Found rmw_cyclonedds_cpp: 0.22.6 (/opt/ros/galactic/share/rmw_cyclonedds_cpp/cmake)
-- Using RMW implementation 'rmw_cyclonedds_cpp' as default
-- Found nav2_common: 1.0.12 (/home/coderey/ros2_ws/install/nav2_common/share/nav2_common/cmake)
-- Found nav2_msgs: 1.0.12 (/home/coderey/ros2_ws/install/nav2_msgs/share/nav2_msgs/cmake)
-- Found nav2_util: 1.0.12 (/home/coderey/ros2_ws/install/nav2_util/share/nav2_util/cmake)
-- Found nav2_voxel_grid: 1.0.12 (/home/coderey/ros2_ws/install/nav2_voxel_grid/share/nav2_voxel_grid/cmake)
-- Found pluginlib: 5.0.1 (/opt/ros/galactic/share/pluginlib/cmake)
-- Found tf2_sensor_msgs: 0.17.5 (/opt/ros/galactic/share/tf2_sensor_msgs/cmake)
-- Found visualization_msgs: 2.2.4 (/home/coderey/microros_ws/install/visualization_msgs/share/visualization_msgs/cmake)
-- Found angles: 1.14.0 (/opt/ros/galactic/share/angles/cmake)
-- Found ament_lint_auto: 0.10.7 (/opt/ros/galactic/share/ament_lint_auto/cmake)
-- Found gtest sources under '/opt/ros/galactic/src/gtest_vendor': C++ tests using 'Google Test' will be built
-- Found gtest sources under '/opt/ros/galactic/src/gtest_vendor': C++ tests using 'Google Test' will be built
-- Found gtest sources under '/opt/ros/galactic/src/gtest_vendor': C++ tests using 'Google Test' will be built
-- Added test 'cppcheck' to perform static code analysis on C / C++ code
-- Configured cppcheck include dirs: /home/coderey/ros2_ws/src/navigation2/nav2_costmap_2d/include
-- Configured cppcheck exclude dirs and/or files: 
-- Added test 'flake8' to check Python code syntax and style conventions
-- Added test 'lint_cmake' to check CMake code style
-- Added test 'pep257' to check Python code against some of the style conventions in PEP 257
-- Added test 'uncrustify' to check C / C++ code style
-- Configured uncrustify additional arguments: 
-- Added test 'xmllint' to check XML markup files
-- Configuring done
-- Generating done
-- Build files have been written to: /home/coderey/ros2_ws/build/nav2_costmap_2d
