[1.778s] Invoking command in '/home/coderey/ros2_ws/build/nav2_costmap_filters_demo': CMAKE_PREFIX_PATH=${CMAKE_PREFIX_PATH}:/home/coderey/ros2_ws/install/swisscat_robot:/home/coderey/ros2_ws/install/nav2_gps_waypoint_follower_demo:/home/coderey/ros2_ws/install/nav2_simple_commander:/home/coderey/ros2_ws/install/mob_rob_loca:/home/coderey/ros2_ws/install/bno055:/home/coderey/microros_ws/install/sensor_msgs_py:/opt/ros/galactic /usr/bin/cmake --build /home/coderey/ros2_ws/build/nav2_costmap_filters_demo -- -j8 -l8
[1.852s] Invoked command in '/home/coderey/ros2_ws/build/nav2_costmap_filters_demo' returned '0': CMAKE_PREFIX_PATH=${CMAKE_PREFIX_PATH}:/home/coderey/ros2_ws/install/swisscat_robot:/home/coderey/ros2_ws/install/nav2_gps_waypoint_follower_demo:/home/coderey/ros2_ws/install/nav2_simple_commander:/home/coderey/ros2_ws/install/mob_rob_loca:/home/coderey/ros2_ws/install/bno055:/home/coderey/microros_ws/install/sensor_msgs_py:/opt/ros/galactic /usr/bin/cmake --build /home/coderey/ros2_ws/build/nav2_costmap_filters_demo -- -j8 -l8
[1.947s] Invoking command in '/home/coderey/ros2_ws/build/nav2_costmap_filters_demo': CMAKE_PREFIX_PATH=${CMAKE_PREFIX_PATH}:/home/coderey/ros2_ws/install/swisscat_robot:/home/coderey/ros2_ws/install/nav2_gps_waypoint_follower_demo:/home/coderey/ros2_ws/install/nav2_simple_commander:/home/coderey/ros2_ws/install/mob_rob_loca:/home/coderey/ros2_ws/install/bno055:/home/coderey/microros_ws/install/sensor_msgs_py:/opt/ros/galactic /usr/bin/cmake --install /home/coderey/ros2_ws/build/nav2_costmap_filters_demo
[1.967s] -- Install configuration: "RelWithDebInfo"
[1.969s] -- Execute custom install script
[1.970s] -- Up-to-date symlink: /home/coderey/ros2_ws/install/nav2_costmap_filters_demo/share/nav2_costmap_filters_demo/launch/costmap_filter_info.launch.py
[1.971s] -- Up-to-date symlink: /home/coderey/ros2_ws/install/nav2_costmap_filters_demo/share/nav2_costmap_filters_demo/maps/keepout_mask.png
[1.971s] -- Up-to-date symlink: /home/coderey/ros2_ws/install/nav2_costmap_filters_demo/share/nav2_costmap_filters_demo/maps/keepout_mask.yaml
[1.971s] -- Up-to-date symlink: /home/coderey/ros2_ws/install/nav2_costmap_filters_demo/share/nav2_costmap_filters_demo/maps/speed_mask.pgm
[1.972s] -- Up-to-date symlink: /home/coderey/ros2_ws/install/nav2_costmap_filters_demo/share/nav2_costmap_filters_demo/maps/speed_mask.yaml
[1.972s] -- Up-to-date symlink: /home/coderey/ros2_ws/install/nav2_costmap_filters_demo/share/nav2_costmap_filters_demo/params/keepout_params.yaml
[1.973s] -- Up-to-date symlink: /home/coderey/ros2_ws/install/nav2_costmap_filters_demo/share/nav2_costmap_filters_demo/params/speed_params.yaml
[1.973s] -- Up-to-date symlink: /home/coderey/ros2_ws/install/nav2_costmap_filters_demo/share/ament_index/resource_index/package_run_dependencies/nav2_costmap_filters_demo
[1.974s] -- Up-to-date symlink: /home/coderey/ros2_ws/install/nav2_costmap_filters_demo/share/ament_index/resource_index/parent_prefix_path/nav2_costmap_filters_demo
[1.977s] -- Up-to-date symlink: /home/coderey/ros2_ws/install/nav2_costmap_filters_demo/share/nav2_costmap_filters_demo/environment/ament_prefix_path.sh
[1.979s] -- Up-to-date symlink: /home/coderey/ros2_ws/install/nav2_costmap_filters_demo/share/nav2_costmap_filters_demo/environment/ament_prefix_path.dsv
[1.979s] -- Up-to-date symlink: /home/coderey/ros2_ws/install/nav2_costmap_filters_demo/share/nav2_costmap_filters_demo/environment/path.sh
[1.980s] -- Up-to-date symlink: /home/coderey/ros2_ws/install/nav2_costmap_filters_demo/share/nav2_costmap_filters_demo/environment/path.dsv
[1.980s] -- Up-to-date symlink: /home/coderey/ros2_ws/install/nav2_costmap_filters_demo/share/nav2_costmap_filters_demo/local_setup.bash
[1.981s] -- Up-to-date symlink: /home/coderey/ros2_ws/install/nav2_costmap_filters_demo/share/nav2_costmap_filters_demo/local_setup.sh
[1.982s] -- Up-to-date symlink: /home/coderey/ros2_ws/install/nav2_costmap_filters_demo/share/nav2_costmap_filters_demo/local_setup.zsh
[1.984s] -- Up-to-date symlink: /home/coderey/ros2_ws/install/nav2_costmap_filters_demo/share/nav2_costmap_filters_demo/local_setup.dsv
[1.984s] -- Symlinking: /home/coderey/ros2_ws/install/nav2_costmap_filters_demo/share/nav2_costmap_filters_demo/package.dsv
[2.004s] -- Up-to-date symlink: /home/coderey/ros2_ws/install/nav2_costmap_filters_demo/share/ament_index/resource_index/packages/nav2_costmap_filters_demo
[2.005s] -- Up-to-date symlink: /home/coderey/ros2_ws/install/nav2_costmap_filters_demo/share/nav2_costmap_filters_demo/cmake/nav2_costmap_filters_demoConfig.cmake
[2.006s] -- Up-to-date symlink: /home/coderey/ros2_ws/install/nav2_costmap_filters_demo/share/nav2_costmap_filters_demo/cmake/nav2_costmap_filters_demoConfig-version.cmake
[2.006s] -- Up-to-date symlink: /home/coderey/ros2_ws/install/nav2_costmap_filters_demo/share/nav2_costmap_filters_demo/package.xml
[2.013s] Invoked command in '/home/coderey/ros2_ws/build/nav2_costmap_filters_demo' returned '0': CMAKE_PREFIX_PATH=${CMAKE_PREFIX_PATH}:/home/coderey/ros2_ws/install/swisscat_robot:/home/coderey/ros2_ws/install/nav2_gps_waypoint_follower_demo:/home/coderey/ros2_ws/install/nav2_simple_commander:/home/coderey/ros2_ws/install/mob_rob_loca:/home/coderey/ros2_ws/install/bno055:/home/coderey/microros_ws/install/sensor_msgs_py:/opt/ros/galactic /usr/bin/cmake --install /home/coderey/ros2_ws/build/nav2_costmap_filters_demo
