[1.399s] Invoking command in '/home/coderey/ros2_ws/build/mob_rob_loca': PYTHONPATH=/home/coderey/ros2_ws/build/mob_rob_loca/prefix_override:/home/coderey/ros2_ws/install/mob_rob_loca/lib/python3.8/site-packages:${PYTHONPATH} /usr/bin/python3 setup.py develop --uninstall --editable --build-directory /home/coderey/ros2_ws/build/mob_rob_loca/build
[1.707s] running develop
[1.875s] Removing /home/coderey/ros2_ws/install/mob_rob_loca/lib/python3.8/site-packages/mob-rob-loca.egg-link (link to .)
[1.894s] Invoked command in '/home/coderey/ros2_ws/build/mob_rob_loca' returned '0': PYTHONPATH=/home/coderey/ros2_ws/build/mob_rob_loca/prefix_override:/home/coderey/ros2_ws/install/mob_rob_loca/lib/python3.8/site-packages:${PYTHONPATH} /usr/bin/python3 setup.py develop --uninstall --editable --build-directory /home/coderey/ros2_ws/build/mob_rob_loca/build
[1.896s] Invoking command in '/home/coderey/ros2_ws/src/mob_rob_loca': PYTHONPATH=/home/coderey/ros2_ws/build/mob_rob_loca/prefix_override:/home/coderey/ros2_ws/install/mob_rob_loca/lib/python3.8/site-packages:${PYTHONPATH} /usr/bin/python3 setup.py egg_info --egg-base ../../build/mob_rob_loca build --build-base /home/coderey/ros2_ws/build/mob_rob_loca/build install --record /home/coderey/ros2_ws/build/mob_rob_loca/install.log --single-version-externally-managed
[2.177s] running egg_info
[2.178s] writing ../../build/mob_rob_loca/mob_rob_loca.egg-info/PKG-INFO
[2.178s] writing dependency_links to ../../build/mob_rob_loca/mob_rob_loca.egg-info/dependency_links.txt
[2.178s] writing entry points to ../../build/mob_rob_loca/mob_rob_loca.egg-info/entry_points.txt
[2.178s] writing requirements to ../../build/mob_rob_loca/mob_rob_loca.egg-info/requires.txt
[2.178s] writing top-level names to ../../build/mob_rob_loca/mob_rob_loca.egg-info/top_level.txt
[2.215s] reading manifest file '../../build/mob_rob_loca/mob_rob_loca.egg-info/SOURCES.txt'
[2.216s] writing manifest file '../../build/mob_rob_loca/mob_rob_loca.egg-info/SOURCES.txt'
[2.216s] running build
[2.216s] running build_py
[2.217s] running install
[2.218s] running install_lib
[2.219s] copying /home/coderey/ros2_ws/build/mob_rob_loca/build/lib/mob_rob_loca/__init__.py -> /home/coderey/ros2_ws/install/mob_rob_loca/lib/python3.8/site-packages/mob_rob_loca
[2.219s] copying /home/coderey/ros2_ws/build/mob_rob_loca/build/lib/mob_rob_loca/rpi_communication.py -> /home/coderey/ros2_ws/install/mob_rob_loca/lib/python3.8/site-packages/mob_rob_loca
[2.219s] copying /home/coderey/ros2_ws/build/mob_rob_loca/build/lib/mob_rob_loca/vel_pub.py -> /home/coderey/ros2_ws/install/mob_rob_loca/lib/python3.8/site-packages/mob_rob_loca
[2.219s] copying /home/coderey/ros2_ws/build/mob_rob_loca/build/lib/mob_rob_loca/tick_to_odom.py -> /home/coderey/ros2_ws/install/mob_rob_loca/lib/python3.8/site-packages/mob_rob_loca
[2.219s] copying /home/coderey/ros2_ws/build/mob_rob_loca/build/lib/mob_rob_loca/marv_to_ekf.py -> /home/coderey/ros2_ws/install/mob_rob_loca/lib/python3.8/site-packages/mob_rob_loca
[2.219s] copying /home/coderey/ros2_ws/build/mob_rob_loca/build/lib/mob_rob_loca/transforms.py -> /home/coderey/ros2_ws/install/mob_rob_loca/lib/python3.8/site-packages/mob_rob_loca
[2.220s] byte-compiling /home/coderey/ros2_ws/install/mob_rob_loca/lib/python3.8/site-packages/mob_rob_loca/__init__.py to __init__.cpython-38.pyc
[2.221s] byte-compiling /home/coderey/ros2_ws/install/mob_rob_loca/lib/python3.8/site-packages/mob_rob_loca/rpi_communication.py to rpi_communication.cpython-38.pyc
[2.221s] byte-compiling /home/coderey/ros2_ws/install/mob_rob_loca/lib/python3.8/site-packages/mob_rob_loca/vel_pub.py to vel_pub.cpython-38.pyc
[2.222s] byte-compiling /home/coderey/ros2_ws/install/mob_rob_loca/lib/python3.8/site-packages/mob_rob_loca/tick_to_odom.py to tick_to_odom.cpython-38.pyc
[2.223s] byte-compiling /home/coderey/ros2_ws/install/mob_rob_loca/lib/python3.8/site-packages/mob_rob_loca/marv_to_ekf.py to marv_to_ekf.cpython-38.pyc
[2.224s] byte-compiling /home/coderey/ros2_ws/install/mob_rob_loca/lib/python3.8/site-packages/mob_rob_loca/transforms.py to transforms.cpython-38.pyc
[2.225s] running install_data
[2.226s] running install_egg_info
[2.229s] Copying ../../build/mob_rob_loca/mob_rob_loca.egg-info to /home/coderey/ros2_ws/install/mob_rob_loca/lib/python3.8/site-packages/mob_rob_loca-0.0.0-py3.8.egg-info
[2.230s] running install_scripts
[2.249s] Installing imu_serv script to /home/coderey/ros2_ws/install/mob_rob_loca/lib/mob_rob_loca
[2.250s] Installing marv2ekf script to /home/coderey/ros2_ws/install/mob_rob_loca/lib/mob_rob_loca
[2.250s] Installing rpi_com_motors script to /home/coderey/ros2_ws/install/mob_rob_loca/lib/mob_rob_loca
[2.250s] Installing ticks2odom script to /home/coderey/ros2_ws/install/mob_rob_loca/lib/mob_rob_loca
[2.250s] Installing transforms script to /home/coderey/ros2_ws/install/mob_rob_loca/lib/mob_rob_loca
[2.250s] Installing vel_pub script to /home/coderey/ros2_ws/install/mob_rob_loca/lib/mob_rob_loca
[2.250s] writing list of installed files to '/home/coderey/ros2_ws/build/mob_rob_loca/install.log'
[2.269s] Invoked command in '/home/coderey/ros2_ws/src/mob_rob_loca' returned '0': PYTHONPATH=/home/coderey/ros2_ws/build/mob_rob_loca/prefix_override:/home/coderey/ros2_ws/install/mob_rob_loca/lib/python3.8/site-packages:${PYTHONPATH} /usr/bin/python3 setup.py egg_info --egg-base ../../build/mob_rob_loca build --build-base /home/coderey/ros2_ws/build/mob_rob_loca/build install --record /home/coderey/ros2_ws/build/mob_rob_loca/install.log --single-version-externally-managed
