running develop
running egg_info
writing mob_rob_loca.egg-info/PKG-INFO
writing dependency_links to mob_rob_loca.egg-info/dependency_links.txt
writing entry points to mob_rob_loca.egg-info/entry_points.txt
writing requirements to mob_rob_loca.egg-info/requires.txt
writing top-level names to mob_rob_loca.egg-info/top_level.txt
reading manifest file 'mob_rob_loca.egg-info/SOURCES.txt'
writing manifest file 'mob_rob_loca.egg-info/SOURCES.txt'
running build_ext
Creating /home/coderey/ros2_ws/install/mob_rob_loca/lib/python3.8/site-packages/mob-rob-loca.egg-link (link to .)
Installing imu_serv script to /home/coderey/ros2_ws/install/mob_rob_loca/lib/mob_rob_loca
Installing marv2ekf script to /home/coderey/ros2_ws/install/mob_rob_loca/lib/mob_rob_loca
Installing rpi_com_motors script to /home/coderey/ros2_ws/install/mob_rob_loca/lib/mob_rob_loca
Installing ticks2odom script to /home/coderey/ros2_ws/install/mob_rob_loca/lib/mob_rob_loca
Installing transforms script to /home/coderey/ros2_ws/install/mob_rob_loca/lib/mob_rob_loca
Installing vel_pub script to /home/coderey/ros2_ws/install/mob_rob_loca/lib/mob_rob_loca

Installed /home/coderey/ros2_ws/build/mob_rob_loca
running install_data
copying params/no_map_params.yaml -> /home/coderey/ros2_ws/install/mob_rob_loca/share/mob_rob_loca/params
