[2.637s] Invoking command in '/home/coderey/ros2_ws/build/mob_rob_loca': PYTHONPATH=/home/coderey/ros2_ws/build/mob_rob_loca/prefix_override:/home/coderey/ros2_ws/install/mob_rob_loca/lib/python3.8/site-packages:${PYTHONPATH} /usr/bin/python3 setup.py develop --editable --build-directory /home/coderey/ros2_ws/build/mob_rob_loca/build --no-deps install_data
[2.881s] running develop
[3.033s] running egg_info
[3.034s] writing mob_rob_loca.egg-info/PKG-INFO
[3.035s] writing dependency_links to mob_rob_loca.egg-info/dependency_links.txt
[3.035s] writing entry points to mob_rob_loca.egg-info/entry_points.txt
[3.036s] writing requirements to mob_rob_loca.egg-info/requires.txt
[3.036s] writing top-level names to mob_rob_loca.egg-info/top_level.txt
[3.056s] reading manifest file 'mob_rob_loca.egg-info/SOURCES.txt'
[3.058s] writing manifest file 'mob_rob_loca.egg-info/SOURCES.txt'
[3.086s] running build_ext
[3.086s] Creating /home/coderey/ros2_ws/install/mob_rob_loca/lib/python3.8/site-packages/mob-rob-loca.egg-link (link to .)
[3.086s] Installing imu_serv script to /home/coderey/ros2_ws/install/mob_rob_loca/lib/mob_rob_loca
[3.086s] Installing marv2ekf script to /home/coderey/ros2_ws/install/mob_rob_loca/lib/mob_rob_loca
[3.086s] Installing rpi_com_motors script to /home/coderey/ros2_ws/install/mob_rob_loca/lib/mob_rob_loca
[3.086s] Installing ticks2odom script to /home/coderey/ros2_ws/install/mob_rob_loca/lib/mob_rob_loca
[3.086s] Installing transforms script to /home/coderey/ros2_ws/install/mob_rob_loca/lib/mob_rob_loca
[3.087s] Installing vel_pub script to /home/coderey/ros2_ws/install/mob_rob_loca/lib/mob_rob_loca
[3.087s] 
[3.087s] Installed /home/coderey/ros2_ws/build/mob_rob_loca
[3.087s] running install_data
[3.087s] copying params/no_map_params.yaml -> /home/coderey/ros2_ws/install/mob_rob_loca/share/mob_rob_loca/params
[3.899s] Invoked command in '/home/coderey/ros2_ws/build/mob_rob_loca' returned '0': PYTHONPATH=/home/coderey/ros2_ws/build/mob_rob_loca/prefix_override:/home/coderey/ros2_ws/install/mob_rob_loca/lib/python3.8/site-packages:${PYTHONPATH} /usr/bin/python3 setup.py develop --editable --build-directory /home/coderey/ros2_ws/build/mob_rob_loca/build --no-deps install_data
