-- The CXX compiler identification is GNU 9.4.0
-- Check for working CXX compiler: /usr/bin/c++
-- Check for working CXX compiler: /usr/bin/c++ -- works
-- Detecting CXX compiler ABI info
-- Detecting CXX compiler ABI info - done
-- Detecting CXX compile features
-- Detecting CXX compile features - done
-- Found ament_cmake: 1.1.6 (/opt/ros/galactic/share/ament_cmake/cmake)
-- Found PythonInterp: /usr/bin/python3 (found suitable version "3.8.10", minimum required is "3") 
-- Using PYTHON_EXECUTABLE: /usr/bin/python3
-- Override CMake install command with custom implementation using symlinks instead of copying resources
-- Found nav2_common: 1.0.12 (/home/coderey/ros2_ws/install/nav2_common/share/nav2_common/cmake)
-- Found rclcpp: 9.2.2 (/opt/ros/galactic/share/rclcpp/cmake)
-- Using all available rosidl_typesupport_c: rosidl_typesupport_microxrcedds_c;rosidl_typesupport_fastrtps_c;rosidl_typesupport_introspection_c
-- Found rosidl_adapter: 2.2.3 (/opt/ros/galactic/share/rosidl_adapter/cmake)
-- Found OpenSSL: /usr/lib/x86_64-linux-gnu/libcrypto.so (found version "1.1.1f")  
-- Found FastRTPS: /opt/ros/galactic/include  
-- Using all available rosidl_typesupport_cpp: rosidl_typesupport_microxrcedds_cpp;rosidl_typesupport_fastrtps_cpp;rosidl_typesupport_introspection_cpp
-- Found rmw_implementation_cmake: 3.3.1 (/opt/ros/galactic/share/rmw_implementation_cmake/cmake)
-- Found rmw_cyclonedds_cpp: 0.22.6 (/opt/ros/galactic/share/rmw_cyclonedds_cpp/cmake)
-- Using RMW implementation 'rmw_cyclonedds_cpp' as default
-- Looking for C++ include pthread.h
-- Looking for C++ include pthread.h - found
-- Performing Test CMAKE_HAVE_LIBC_PTHREAD
-- Performing Test CMAKE_HAVE_LIBC_PTHREAD - Failed
-- Looking for pthread_create in pthreads
-- Looking for pthread_create in pthreads - not found
-- Looking for pthread_create in pthread
-- Looking for pthread_create in pthread - found
-- Found Threads: TRUE  
-- Found rclcpp_action: 9.2.2 (/opt/ros/galactic/share/rclcpp_action/cmake)
-- Found rclcpp_lifecycle: 9.2.2 (/opt/ros/galactic/share/rclcpp_lifecycle/cmake)
-- Found geometry_msgs: 2.2.4 (/home/coderey/microros_ws/install/geometry_msgs/share/geometry_msgs/cmake)
-- Found sensor_msgs: 2.2.4 (/home/coderey/microros_ws/install/sensor_msgs/share/sensor_msgs/cmake)
-- Found nav2_msgs: 1.0.12 (/home/coderey/ros2_ws/install/nav2_msgs/share/nav2_msgs/cmake)
-- Found tf2_ros: 0.17.5 (/opt/ros/galactic/share/tf2_ros/cmake)
-- Found tf2_geometry_msgs: 0.17.5 (/opt/ros/galactic/share/tf2_geometry_msgs/cmake)
-- Found eigen3_cmake_module: 0.1.1 (/opt/ros/galactic/share/eigen3_cmake_module/cmake)
-- Found Eigen3: TRUE (found version "3.3.7") 
-- Found std_srvs: 2.2.4 (/home/coderey/microros_ws/install/std_srvs/share/std_srvs/cmake)
-- Found nav2_util: 1.0.12 (/home/coderey/ros2_ws/install/nav2_util/share/nav2_util/cmake)
-- Setting build type to Release as none was specified.
-- Found ament_lint_auto: 0.10.7 (/opt/ros/galactic/share/ament_lint_auto/cmake)
-- Found gtest sources under '/opt/ros/galactic/src/gtest_vendor': C++ tests using 'Google Test' will be built
-- The C compiler identification is GNU 9.4.0
-- Check for working C compiler: /usr/bin/cc
-- Check for working C compiler: /usr/bin/cc -- works
-- Detecting C compiler ABI info
-- Detecting C compiler ABI info - done
-- Detecting C compile features
-- Detecting C compile features - done
-- Check if compiler accepts -pthread
-- Check if compiler accepts -pthread - yes
-- Added test 'copyright' to check source files copyright and LICENSE
-- Added test 'cppcheck' to perform static code analysis on C / C++ code
-- Configured cppcheck include dirs: /home/coderey/ros2_ws/src/navigation2/nav2_behavior_tree/include
-- Configured cppcheck exclude dirs and/or files: 
-- Added test 'cpplint' to check C / C++ code against the Google style
-- Configured cpplint exclude dirs and/or files: 
-- Added test 'lint_cmake' to check CMake code style
-- Added test 'uncrustify' to check C / C++ code style
-- Configured uncrustify additional arguments: 
-- Added test 'xmllint' to check XML markup files
-- Configuring done
-- Generating done
-- Build files have been written to: /home/coderey/ros2_ws/build/nav2_behavior_tree
[35m[1mScanning dependencies of target nav2_goal_updated_controller_bt_node[0m
[35m[1mScanning dependencies of target nav2_goal_checker_selector_bt_node[0m
[  1%] [32mBuilding CXX object CMakeFiles/nav2_goal_checker_selector_bt_node.dir/plugins/action/goal_checker_selector_node.cpp.o[0m
[  2%] [32mBuilding CXX object CMakeFiles/nav2_goal_updated_controller_bt_node.dir/plugins/decorator/goal_updated_controller.cpp.o[0m
[35m[1mScanning dependencies of target nav2_wait_action_bt_node[0m
[35m[1mScanning dependencies of target nav2_pipeline_sequence_bt_node[0m
[  3%] [32mBuilding CXX object CMakeFiles/nav2_wait_action_bt_node.dir/plugins/action/wait_action.cpp.o[0m
[  4%] [32mBuilding CXX object CMakeFiles/nav2_pipeline_sequence_bt_node.dir/plugins/control/pipeline_sequence.cpp.o[0m
[  4%] [32m[1mLinking CXX shared library libnav2_pipeline_sequence_bt_node.so[0m
[  4%] Built target nav2_pipeline_sequence_bt_node
[  4%] [32m[1mLinking CXX shared library libnav2_goal_updated_controller_bt_node.so[0m
[  4%] Built target nav2_goal_updated_controller_bt_node
[  4%] [32m[1mLinking CXX shared library libnav2_wait_action_bt_node.so[0m
[  4%] Built target nav2_wait_action_bt_node
[  5%] [32m[1mLinking CXX shared library libnav2_goal_checker_selector_bt_node.so[0m
[  5%] Built target nav2_goal_checker_selector_bt_node
[35m[1mScanning dependencies of target nav2_compute_path_to_pose_action_bt_node[0m
[  6%] [32mBuilding CXX object CMakeFiles/nav2_compute_path_to_pose_action_bt_node.dir/plugins/action/compute_path_to_pose_action.cpp.o[0m
[  7%] [32m[1mLinking CXX shared library libnav2_compute_path_to_pose_action_bt_node.so[0m
[  7%] Built target nav2_compute_path_to_pose_action_bt_node
[35m[1mScanning dependencies of target nav2_goal_updated_condition_bt_node[0m
[  8%] [32mBuilding CXX object CMakeFiles/nav2_goal_updated_condition_bt_node.dir/plugins/condition/goal_updated_condition.cpp.o[0m
[  9%] [32m[1mLinking CXX shared library libnav2_goal_updated_condition_bt_node.so[0m
[35m[1mScanning dependencies of target nav2_is_stuck_condition_bt_node[0m
[  9%] Built target nav2_goal_updated_condition_bt_node
[35m[1mScanning dependencies of target nav2_compute_path_through_poses_action_bt_node[0m
[  9%] [32mBuilding CXX object CMakeFiles/nav2_is_stuck_condition_bt_node.dir/plugins/condition/is_stuck_condition.cpp.o[0m
[  9%] [32mBuilding CXX object CMakeFiles/nav2_compute_path_through_poses_action_bt_node.dir/plugins/action/compute_path_through_poses_action.cpp.o[0m
[35m[1mScanning dependencies of target nav2_behavior_tree[0m
[ 10%] [32mBuilding CXX object CMakeFiles/nav2_behavior_tree.dir/src/behavior_tree_engine.cpp.o[0m
[35m[1mScanning dependencies of target nav2_spin_action_bt_node[0m
[ 11%] [32mBuilding CXX object CMakeFiles/nav2_spin_action_bt_node.dir/plugins/action/spin_action.cpp.o[0m
[35m[1mScanning dependencies of target nav2_transform_available_condition_bt_node[0m
[ 12%] [32mBuilding CXX object CMakeFiles/nav2_transform_available_condition_bt_node.dir/plugins/condition/transform_available_condition.cpp.o[0m
[ 12%] [32m[1mLinking CXX shared library libnav2_behavior_tree.so[0m
[ 12%] Built target nav2_behavior_tree
[ 13%] [32m[1mLinking CXX shared library libnav2_compute_path_through_poses_action_bt_node.so[0m
[ 13%] Built target nav2_compute_path_through_poses_action_bt_node
[ 13%] [32m[1mLinking CXX shared library libnav2_transform_available_condition_bt_node.so[0m
[ 13%] Built target nav2_transform_available_condition_bt_node
[ 13%] [32m[1mLinking CXX shared library libnav2_spin_action_bt_node.so[0m
[ 13%] Built target nav2_spin_action_bt_node
[ 14%] [32m[1mLinking CXX shared library libnav2_is_stuck_condition_bt_node.so[0m
[35m[1mScanning dependencies of target nav2_round_robin_node_bt_node[0m
[ 14%] Built target nav2_is_stuck_condition_bt_node
[35m[1mScanning dependencies of target nav2_goal_reached_condition_bt_node[0m
[ 14%] [32mBuilding CXX object CMakeFiles/nav2_round_robin_node_bt_node.dir/plugins/control/round_robin_node.cpp.o[0m
[ 15%] [32mBuilding CXX object CMakeFiles/nav2_goal_reached_condition_bt_node.dir/plugins/condition/goal_reached_condition.cpp.o[0m
[35m[1mScanning dependencies of target nav2_navigate_through_poses_action_bt_node[0m
[ 16%] [32mBuilding CXX object CMakeFiles/nav2_navigate_through_poses_action_bt_node.dir/plugins/action/navigate_through_poses_action.cpp.o[0m
[35m[1mScanning dependencies of target nav2_follow_path_action_bt_node[0m
[35m[1mScanning dependencies of target nav2_goal_updater_node_bt_node[0m
[ 17%] [32mBuilding CXX object CMakeFiles/nav2_follow_path_action_bt_node.dir/plugins/action/follow_path_action.cpp.o[0m
[ 18%] [32mBuilding CXX object CMakeFiles/nav2_goal_updater_node_bt_node.dir/plugins/decorator/goal_updater_node.cpp.o[0m
[ 19%] [32m[1mLinking CXX shared library libnav2_round_robin_node_bt_node.so[0m
[ 19%] Built target nav2_round_robin_node_bt_node
[35m[1mScanning dependencies of target nav2_single_trigger_bt_node[0m
[ 20%] [32mBuilding CXX object CMakeFiles/nav2_single_trigger_bt_node.dir/plugins/decorator/single_trigger_node.cpp.o[0m
[35m[1mScanning dependencies of target nav2_remove_passed_goals_action_bt_node[0m
[ 21%] [32mBuilding CXX object CMakeFiles/nav2_remove_passed_goals_action_bt_node.dir/plugins/action/remove_passed_goals_action.cpp.o[0m
[ 22%] [32m[1mLinking CXX shared library libnav2_single_trigger_bt_node.so[0m
[ 22%] Built target nav2_single_trigger_bt_node
[ 22%] [32m[1mLinking CXX shared library libnav2_goal_reached_condition_bt_node.so[0m
[ 22%] Built target nav2_goal_reached_condition_bt_node
[ 22%] [32m[1mLinking CXX shared library libnav2_follow_path_action_bt_node.so[0m
[ 23%] [32m[1mLinking CXX shared library libnav2_remove_passed_goals_action_bt_node.so[0m
[ 23%] [32m[1mLinking CXX shared library libnav2_navigate_through_poses_action_bt_node.so[0m
[ 23%] Built target nav2_follow_path_action_bt_node
[ 23%] Built target nav2_remove_passed_goals_action_bt_node
[ 23%] Built target nav2_navigate_through_poses_action_bt_node
[ 24%] [32m[1mLinking CXX shared library libnav2_goal_updater_node_bt_node.so[0m
[ 24%] Built target nav2_goal_updater_node_bt_node
[35m[1mScanning dependencies of target nav2_reinitialize_global_localization_service_bt_node[0m
[ 24%] [32mBuilding CXX object CMakeFiles/nav2_reinitialize_global_localization_service_bt_node.dir/plugins/action/reinitialize_global_localization_service.cpp.o[0m
[35m[1mScanning dependencies of target nav2_rate_controller_bt_node[0m
[ 25%] [32mBuilding CXX object CMakeFiles/nav2_rate_controller_bt_node.dir/plugins/decorator/rate_controller.cpp.o[0m
[35m[1mScanning dependencies of target nav2_is_battery_low_condition_bt_node[0m
[ 26%] [32mBuilding CXX object CMakeFiles/nav2_is_battery_low_condition_bt_node.dir/plugins/condition/is_battery_low_condition.cpp.o[0m
[35m[1mScanning dependencies of target nav2_distance_traveled_condition_bt_node[0m
[ 26%] [32mBuilding CXX object CMakeFiles/nav2_distance_traveled_condition_bt_node.dir/plugins/condition/distance_traveled_condition.cpp.o[0m
[35m[1mScanning dependencies of target nav2_time_expired_condition_bt_node[0m
[ 27%] [32mBuilding CXX object CMakeFiles/nav2_time_expired_condition_bt_node.dir/plugins/condition/time_expired_condition.cpp.o[0m
[ 27%] [32m[1mLinking CXX shared library libnav2_rate_controller_bt_node.so[0m
[35m[1mScanning dependencies of target nav2_initial_pose_received_condition_bt_node[0m
[ 27%] Built target nav2_rate_controller_bt_node
[ 27%] [32mBuilding CXX object CMakeFiles/nav2_initial_pose_received_condition_bt_node.dir/plugins/condition/initial_pose_received_condition.cpp.o[0m
[35m[1mScanning dependencies of target nav2_planner_selector_bt_node[0m
[ 28%] [32mBuilding CXX object CMakeFiles/nav2_planner_selector_bt_node.dir/plugins/action/planner_selector_node.cpp.o[0m
[ 29%] [32m[1mLinking CXX shared library libnav2_reinitialize_global_localization_service_bt_node.so[0m
[ 29%] Built target nav2_reinitialize_global_localization_service_bt_node
[ 30%] [32m[1mLinking CXX shared library libnav2_initial_pose_received_condition_bt_node.so[0m
[ 30%] Built target nav2_initial_pose_received_condition_bt_node
[ 31%] [32m[1mLinking CXX shared library libnav2_distance_traveled_condition_bt_node.so[0m
[ 32%] [32m[1mLinking CXX shared library libnav2_time_expired_condition_bt_node.so[0m
[ 32%] Built target nav2_distance_traveled_condition_bt_node
[ 32%] Built target nav2_time_expired_condition_bt_node
[ 33%] [32m[1mLinking CXX shared library libnav2_is_battery_low_condition_bt_node.so[0m
[ 33%] Built target nav2_is_battery_low_condition_bt_node
[35m[1mScanning dependencies of target nav2_back_up_action_bt_node[0m
[ 34%] [32mBuilding CXX object CMakeFiles/nav2_back_up_action_bt_node.dir/plugins/action/back_up_action.cpp.o[0m
[ 35%] [32m[1mLinking CXX shared library libnav2_planner_selector_bt_node.so[0m
[35m[1mScanning dependencies of target nav2_navigate_to_pose_action_bt_node[0m
[ 35%] Built target nav2_planner_selector_bt_node
[35m[1mScanning dependencies of target nav2_truncate_path_action_bt_node[0m
[ 36%] [32mBuilding CXX object CMakeFiles/nav2_navigate_to_pose_action_bt_node.dir/plugins/action/navigate_to_pose_action.cpp.o[0m
[ 37%] [32mBuilding CXX object CMakeFiles/nav2_truncate_path_action_bt_node.dir/plugins/action/truncate_path_action.cpp.o[0m
[35m[1mScanning dependencies of target nav2_recovery_node_bt_node[0m
[ 38%] [32mBuilding CXX object CMakeFiles/nav2_recovery_node_bt_node.dir/plugins/control/recovery_node.cpp.o[0m
[35m[1mScanning dependencies of target nav2_speed_controller_bt_node[0m
[ 38%] [32mBuilding CXX object CMakeFiles/nav2_speed_controller_bt_node.dir/plugins/decorator/speed_controller.cpp.o[0m
[35m[1mScanning dependencies of target nav2_clear_costmap_service_bt_node[0m
[ 39%] [32mBuilding CXX object CMakeFiles/nav2_clear_costmap_service_bt_node.dir/plugins/action/clear_costmap_service.cpp.o[0m
[ 40%] [32m[1mLinking CXX shared library libnav2_recovery_node_bt_node.so[0m
[ 40%] Built target nav2_recovery_node_bt_node
[35m[1mScanning dependencies of target nav2_distance_controller_bt_node[0m
[35m[1mScanning dependencies of target nav2_controller_selector_bt_node[0m
[ 41%] [32mBuilding CXX object CMakeFiles/nav2_distance_controller_bt_node.dir/plugins/decorator/distance_controller.cpp.o[0m
[ 41%] [32mBuilding CXX object CMakeFiles/nav2_controller_selector_bt_node.dir/plugins/action/controller_selector_node.cpp.o[0m
[35m[1mScanning dependencies of target gtest[0m
[ 41%] [32mBuilding CXX object gtest/CMakeFiles/gtest.dir/src/gtest-all.cc.o[0m
[ 42%] [32m[1mLinking CXX shared library libnav2_truncate_path_action_bt_node.so[0m
[ 42%] Built target nav2_truncate_path_action_bt_node
[35m[1mScanning dependencies of target gtest_main[0m
[ 43%] [32mBuilding CXX object gtest/CMakeFiles/gtest_main.dir/src/gtest_main.cc.o[0m
[ 43%] [32m[1mLinking CXX static library libgtest_main.a[0m
[ 43%] Built target gtest_main
[ 44%] [32m[1mLinking CXX shared library libnav2_navigate_to_pose_action_bt_node.so[0m
[ 44%] Built target nav2_navigate_to_pose_action_bt_node
[ 45%] [32m[1mLinking CXX shared library libnav2_back_up_action_bt_node.so[0m
[ 45%] Built target nav2_back_up_action_bt_node
[ 46%] [32m[1mLinking CXX shared library libnav2_speed_controller_bt_node.so[0m
[ 46%] Built target nav2_speed_controller_bt_node
[ 47%] [32m[1mLinking CXX shared library libnav2_distance_controller_bt_node.so[0m
[ 47%] Built target nav2_distance_controller_bt_node
[ 48%] [32m[1mLinking CXX shared library libnav2_clear_costmap_service_bt_node.so[0m
[ 48%] Built target nav2_clear_costmap_service_bt_node
[ 49%] [32m[1mLinking CXX static library libgtest.a[0m
[ 49%] Built target gtest
[35m[1mScanning dependencies of target test_bt_conversions[0m
[35m[1mScanning dependencies of target test_condition_distance_traveled[0m
[ 50%] [32mBuilding CXX object test/CMakeFiles/test_bt_conversions.dir/test_bt_conversions.cpp.o[0m
[ 50%] [32mBuilding CXX object test/plugins/condition/CMakeFiles/test_condition_distance_traveled.dir/test_distance_traveled.cpp.o[0m
[35m[1mScanning dependencies of target test_condition_transform_available[0m
[ 50%] [32mBuilding CXX object test/plugins/condition/CMakeFiles/test_condition_transform_available.dir/test_transform_available.cpp.o[0m
[35m[1mScanning dependencies of target test_condition_is_battery_low[0m
[ 51%] [32mBuilding CXX object test/plugins/condition/CMakeFiles/test_condition_is_battery_low.dir/test_is_battery_low.cpp.o[0m
[ 52%] [32m[1mLinking CXX shared library libnav2_controller_selector_bt_node.so[0m
[35m[1mScanning dependencies of target test_condition_goal_updated[0m
[35m[1mScanning dependencies of target test_condition_initial_pose_received[0m
[ 53%] [32mBuilding CXX object test/plugins/condition/CMakeFiles/test_condition_initial_pose_received.dir/test_initial_pose_received.cpp.o[0m
[ 53%] [32mBuilding CXX object test/plugins/condition/CMakeFiles/test_condition_goal_updated.dir/test_goal_updated.cpp.o[0m
[ 53%] Built target nav2_controller_selector_bt_node
[35m[1mScanning dependencies of target test_condition_time_expired[0m
[ 54%] [32mBuilding CXX object test/plugins/condition/CMakeFiles/test_condition_time_expired.dir/test_time_expired.cpp.o[0m
[35m[1mScanning dependencies of target test_condition_is_stuck[0m
[ 55%] [32mBuilding CXX object test/plugins/condition/CMakeFiles/test_condition_is_stuck.dir/test_is_stuck.cpp.o[0m
[ 56%] [32m[1mLinking CXX executable test_bt_conversions[0m
[ 56%] Built target test_bt_conversions
[35m[1mScanning dependencies of target test_condition_goal_reached[0m
[ 57%] [32mBuilding CXX object test/plugins/condition/CMakeFiles/test_condition_goal_reached.dir/test_goal_reached.cpp.o[0m
[ 58%] [32m[1mLinking CXX executable test_condition_distance_traveled[0m
[ 58%] Built target test_condition_distance_traveled
[ 59%] [32m[1mLinking CXX executable test_condition_transform_available[0m
[ 59%] Built target test_condition_transform_available
[ 60%] [32m[1mLinking CXX executable test_condition_is_battery_low[0m
[ 60%] Built target test_condition_is_battery_low
[ 61%] [32m[1mLinking CXX executable test_condition_time_expired[0m
[ 61%] [32m[1mLinking CXX executable test_condition_initial_pose_received[0m
[ 62%] [32m[1mLinking CXX executable test_condition_goal_updated[0m
[ 62%] Built target test_condition_time_expired
[ 62%] Built target test_condition_initial_pose_received
[ 62%] Built target test_condition_goal_updated
[ 62%] [32m[1mLinking CXX executable test_condition_is_stuck[0m
[ 62%] Built target test_condition_is_stuck
[ 63%] [32m[1mLinking CXX executable test_condition_goal_reached[0m
[ 63%] Built target test_condition_goal_reached
[35m[1mScanning dependencies of target test_control_round_robin_node[0m
[ 64%] [32mBuilding CXX object test/plugins/control/CMakeFiles/test_control_round_robin_node.dir/test_round_robin_node.cpp.o[0m
[35m[1mScanning dependencies of target test_control_pipeline_sequence[0m
[35m[1mScanning dependencies of target test_decorator_distance_controller[0m
[ 65%] [32mBuilding CXX object test/plugins/decorator/CMakeFiles/test_decorator_distance_controller.dir/test_distance_controller.cpp.o[0m
[ 66%] [32mBuilding CXX object test/plugins/control/CMakeFiles/test_control_pipeline_sequence.dir/test_pipeline_sequence.cpp.o[0m
[35m[1mScanning dependencies of target test_decorator_speed_controller[0m
[35m[1mScanning dependencies of target test_decorator_rate_controller[0m
[35m[1mScanning dependencies of target test_goal_updated_controller[0m
[35m[1mScanning dependencies of target test_goal_updater_node[0m
[ 67%] [32mBuilding CXX object test/plugins/decorator/CMakeFiles/test_decorator_speed_controller.dir/test_speed_controller.cpp.o[0m
[ 68%] [32mBuilding CXX object test/plugins/decorator/CMakeFiles/test_decorator_rate_controller.dir/test_rate_controller.cpp.o[0m
[ 69%] [32mBuilding CXX object test/plugins/decorator/CMakeFiles/test_goal_updated_controller.dir/test_goal_updated_controller.cpp.o[0m
[ 70%] [32mBuilding CXX object test/plugins/decorator/CMakeFiles/test_goal_updater_node.dir/test_goal_updater_node.cpp.o[0m
[35m[1mScanning dependencies of target test_single_trigger_node[0m
[ 70%] [32mBuilding CXX object test/plugins/decorator/CMakeFiles/test_single_trigger_node.dir/test_single_trigger_node.cpp.o[0m
[ 71%] [32m[1mLinking CXX executable test_control_round_robin_node[0m
[ 71%] Built target test_control_round_robin_node
[ 72%] [32m[1mLinking CXX executable test_control_pipeline_sequence[0m
[ 72%] [32m[1mLinking CXX executable test_decorator_distance_controller[0m
[ 73%] [32m[1mLinking CXX executable test_decorator_rate_controller[0m
[ 73%] Built target test_control_pipeline_sequence
[ 73%] Built target test_decorator_distance_controller
[ 73%] Built target test_decorator_rate_controller
[ 74%] [32m[1mLinking CXX executable test_goal_updater_node[0m
[ 74%] Built target test_goal_updater_node
[ 74%] [32m[1mLinking CXX executable test_decorator_speed_controller[0m
[ 74%] Built target test_decorator_speed_controller
[ 75%] [32m[1mLinking CXX executable test_single_trigger_node[0m
[ 75%] [32m[1mLinking CXX executable test_goal_updated_controller[0m
[ 75%] Built target test_single_trigger_node
[ 75%] Built target test_goal_updated_controller
[35m[1mScanning dependencies of target test_action_back_up_action[0m
[ 76%] [32mBuilding CXX object test/plugins/action/CMakeFiles/test_action_back_up_action.dir/test_back_up_action.cpp.o[0m
[35m[1mScanning dependencies of target test_bt_action_node[0m
[35m[1mScanning dependencies of target test_action_wait_action[0m
[ 76%] [32mBuilding CXX object test/plugins/action/CMakeFiles/test_bt_action_node.dir/test_bt_action_node.cpp.o[0m
[ 77%] [32mBuilding CXX object test/plugins/action/CMakeFiles/test_action_wait_action.dir/test_wait_action.cpp.o[0m
[35m[1mScanning dependencies of target test_action_spin_action[0m
[35m[1mScanning dependencies of target test_planner_selector_node[0m
[ 78%] [32mBuilding CXX object test/plugins/action/CMakeFiles/test_action_spin_action.dir/test_spin_action.cpp.o[0m
[ 78%] [32mBuilding CXX object test/plugins/action/CMakeFiles/test_planner_selector_node.dir/test_planner_selector_node.cpp.o[0m
[35m[1mScanning dependencies of target test_controller_selector_node[0m
[ 78%] [32mBuilding CXX object test/plugins/action/CMakeFiles/test_controller_selector_node.dir/test_controller_selector_node.cpp.o[0m
[35m[1mScanning dependencies of target test_goal_checker_selector_node[0m
[ 79%] [32mBuilding CXX object test/plugins/action/CMakeFiles/test_goal_checker_selector_node.dir/test_goal_checker_selector_node.cpp.o[0m
[35m[1mScanning dependencies of target test_control_recovery_node[0m
[ 79%] [32mBuilding CXX object test/plugins/control/CMakeFiles/test_control_recovery_node.dir/test_recovery_node.cpp.o[0m
[ 80%] [32m[1mLinking CXX executable test_action_back_up_action[0m
[ 80%] Built target test_action_back_up_action
[35m[1mScanning dependencies of target test_action_clear_costmap_service[0m
[ 80%] [32mBuilding CXX object test/plugins/action/CMakeFiles/test_action_clear_costmap_service.dir/test_clear_costmap_service.cpp.o[0m
[ 81%] [32m[1mLinking CXX executable test_action_wait_action[0m
[ 81%] Built target test_action_wait_action
[ 81%] [32m[1mLinking CXX executable test_action_spin_action[0m
[ 82%] [32m[1mLinking CXX executable test_controller_selector_node[0m
[ 83%] [32m[1mLinking CXX executable test_planner_selector_node[0m
[ 83%] Built target test_controller_selector_node
[ 83%] Built target test_action_spin_action
[ 83%] Built target test_planner_selector_node
[ 84%] [32m[1mLinking CXX executable test_goal_checker_selector_node[0m
[ 85%] [32m[1mLinking CXX executable test_bt_action_node[0m
[ 85%] Built target test_goal_checker_selector_node
[ 85%] Built target test_bt_action_node
[ 86%] [32m[1mLinking CXX executable test_control_recovery_node[0m
[ 86%] Built target test_control_recovery_node
[ 87%] [32m[1mLinking CXX executable test_action_clear_costmap_service[0m
[ 87%] Built target test_action_clear_costmap_service
[35m[1mScanning dependencies of target test_action_navigate_to_pose_action[0m
[ 88%] [32mBuilding CXX object test/plugins/action/CMakeFiles/test_action_navigate_to_pose_action.dir/test_navigate_to_pose_action.cpp.o[0m
[ 88%] [32m[1mLinking CXX executable test_action_navigate_to_pose_action[0m
[ 88%] Built target test_action_navigate_to_pose_action
[35m[1mScanning dependencies of target test_remove_passed_goals_action[0m
[35m[1mScanning dependencies of target test_truncate_path_action[0m
[35m[1mScanning dependencies of target test_action_navigate_through_poses_action[0m
[ 90%] [32mBuilding CXX object test/plugins/action/CMakeFiles/test_remove_passed_goals_action.dir/test_remove_passed_goals_action.cpp.o[0m
[ 90%] [32mBuilding CXX object test/plugins/action/CMakeFiles/test_truncate_path_action.dir/test_truncate_path_action.cpp.o[0m
[ 91%] [32mBuilding CXX object test/plugins/action/CMakeFiles/test_action_navigate_through_poses_action.dir/test_navigate_through_poses_action.cpp.o[0m
[ 92%] [32m[1mLinking CXX executable test_truncate_path_action[0m
[ 92%] Built target test_truncate_path_action
[35m[1mScanning dependencies of target test_action_follow_path_action[0m
[35m[1mScanning dependencies of target test_action_compute_path_through_poses_action[0m
[ 93%] [32mBuilding CXX object test/plugins/action/CMakeFiles/test_action_follow_path_action.dir/test_follow_path_action.cpp.o[0m
[ 94%] [32mBuilding CXX object test/plugins/action/CMakeFiles/test_action_compute_path_through_poses_action.dir/test_compute_path_through_poses_action.cpp.o[0m
[ 95%] [32m[1mLinking CXX executable test_remove_passed_goals_action[0m
[ 95%] Built target test_remove_passed_goals_action
[35m[1mScanning dependencies of target test_action_reinitialize_global_localization_service[0m
[35m[1mScanning dependencies of target test_action_compute_path_to_pose_action[0m
[ 96%] [32mBuilding CXX object test/plugins/action/CMakeFiles/test_action_reinitialize_global_localization_service.dir/test_reinitialize_global_localization_service.cpp.o[0m
[ 96%] [32mBuilding CXX object test/plugins/action/CMakeFiles/test_action_compute_path_to_pose_action.dir/test_compute_path_to_pose_action.cpp.o[0m
[ 97%] [32m[1mLinking CXX executable test_action_navigate_through_poses_action[0m
[ 97%] Built target test_action_navigate_through_poses_action
[ 97%] [32m[1mLinking CXX executable test_action_follow_path_action[0m
[ 97%] Built target test_action_follow_path_action
[ 98%] [32m[1mLinking CXX executable test_action_reinitialize_global_localization_service[0m
[ 98%] Built target test_action_reinitialize_global_localization_service
[ 99%] [32m[1mLinking CXX executable test_action_compute_path_through_poses_action[0m
[ 99%] Built target test_action_compute_path_through_poses_action
[100%] [32m[1mLinking CXX executable test_action_compute_path_to_pose_action[0m
[100%] Built target test_action_compute_path_to_pose_action
