-- The C compiler identification is GNU 9.4.0
-- The CXX compiler identification is GNU 9.4.0
-- Check for working C compiler: /usr/bin/cc
-- Check for working C compiler: /usr/bin/cc -- works
-- Detecting C compiler ABI info
-- Detecting C compiler ABI info - done
-- Detecting C compile features
-- Detecting C compile features - done
-- Check for working CXX compiler: /usr/bin/c++
-- Check for working CXX compiler: /usr/bin/c++ -- works
-- Detecting CXX compiler ABI info
-- Detecting CXX compiler ABI info - done
-- Detecting CXX compile features
-- Detecting CXX compile features - done
-- Found ament_cmake: 1.1.6 (/opt/ros/galactic/share/ament_cmake/cmake)
-- Found PythonInterp: /usr/bin/python3 (found suitable version "3.8.10", minimum required is "3") 
-- Using PYTHON_EXECUTABLE: /usr/bin/python3
-- Override CMake install command with custom implementation using symlinks instead of copying resources
-- Found nav2_common: 1.0.12 (/home/coderey/ros2_ws/install/nav2_common/share/nav2_common/cmake)
-- Found angles: 1.14.0 (/opt/ros/galactic/share/angles/cmake)
-- Found nav2_costmap_2d: 1.0.12 (/home/coderey/ros2_ws/install/nav2_costmap_2d/share/nav2_costmap_2d/cmake)
-- Using all available rosidl_typesupport_c: rosidl_typesupport_microxrcedds_c;rosidl_typesupport_fastrtps_c;rosidl_typesupport_introspection_c
-- Found rosidl_adapter: 2.2.3 (/opt/ros/galactic/share/rosidl_adapter/cmake)
-- Found OpenSSL: /usr/lib/x86_64-linux-gnu/libcrypto.so (found version "1.1.1f")  
-- Found FastRTPS: /opt/ros/galactic/include  
-- Using all available rosidl_typesupport_cpp: rosidl_typesupport_microxrcedds_cpp;rosidl_typesupport_fastrtps_cpp;rosidl_typesupport_introspection_cpp
-- Found rmw_implementation_cmake: 3.3.1 (/opt/ros/galactic/share/rmw_implementation_cmake/cmake)
-- Found rmw_cyclonedds_cpp: 0.22.6 (/opt/ros/galactic/share/rmw_cyclonedds_cpp/cmake)
-- Using RMW implementation 'rmw_cyclonedds_cpp' as default
-- Looking for pthread.h
-- Looking for pthread.h - found
-- Performing Test CMAKE_HAVE_LIBC_PTHREAD
-- Performing Test CMAKE_HAVE_LIBC_PTHREAD - Failed
-- Looking for pthread_create in pthreads
-- Looking for pthread_create in pthreads - not found
-- Looking for pthread_create in pthread
-- Looking for pthread_create in pthread - found
-- Found Threads: TRUE  
-- Found Eigen3: TRUE (found version "3.3.7") 
-- Found costmap_queue: 1.0.12 (/home/coderey/ros2_ws/install/costmap_queue/share/costmap_queue/cmake)
-- Found dwb_core: 1.0.12 (/home/coderey/ros2_ws/install/dwb_core/share/dwb_core/cmake)
-- Setting build type to Release as none was specified.
-- Found ament_lint_auto: 0.10.7 (/opt/ros/galactic/share/ament_lint_auto/cmake)
-- Found gtest sources under '/opt/ros/galactic/src/gtest_vendor': C++ tests using 'Google Test' will be built
-- Check if compiler accepts -pthread
-- Check if compiler accepts -pthread - yes
-- Added test 'cppcheck' to perform static code analysis on C / C++ code
-- Configured cppcheck include dirs: /home/coderey/ros2_ws/src/navigation2/nav2_dwb_controller/dwb_critics/include
-- Configured cppcheck exclude dirs and/or files: 
-- Added test 'cpplint' to check C / C++ code against the Google style
-- Configured cpplint exclude dirs and/or files: 
-- Added test 'lint_cmake' to check CMake code style
-- Added test 'uncrustify' to check C / C++ code style
-- Configured uncrustify additional arguments: 
-- Added test 'xmllint' to check XML markup files
-- Configuring done
-- Generating done
-- Build files have been written to: /home/coderey/ros2_ws/build/dwb_critics
[35m[1mScanning dependencies of target dwb_critics[0m
[  3%] [32mBuilding CXX object CMakeFiles/dwb_critics.dir/src/alignment_util.cpp.o[0m
[  7%] [32mBuilding CXX object CMakeFiles/dwb_critics.dir/src/path_align.cpp.o[0m
[ 11%] [32mBuilding CXX object CMakeFiles/dwb_critics.dir/src/base_obstacle.cpp.o[0m
[ 14%] [32mBuilding CXX object CMakeFiles/dwb_critics.dir/src/obstacle_footprint.cpp.o[0m
[ 18%] [32mBuilding CXX object CMakeFiles/dwb_critics.dir/src/oscillation.cpp.o[0m
[ 22%] [32mBuilding CXX object CMakeFiles/dwb_critics.dir/src/prefer_forward.cpp.o[0m
[ 25%] [32mBuilding CXX object CMakeFiles/dwb_critics.dir/src/rotate_to_goal.cpp.o[0m
[ 29%] [32mBuilding CXX object CMakeFiles/dwb_critics.dir/src/twirling.cpp.o[0m
[ 33%] [32mBuilding CXX object CMakeFiles/dwb_critics.dir/src/goal_align.cpp.o[0m
[ 40%] [32mBuilding CXX object CMakeFiles/dwb_critics.dir/src/path_dist.cpp.o[0m
[ 40%] [32mBuilding CXX object CMakeFiles/dwb_critics.dir/src/goal_dist.cpp.o[0m
[ 44%] [32mBuilding CXX object CMakeFiles/dwb_critics.dir/src/map_grid.cpp.o[0m
[ 48%] [32m[1mLinking CXX shared library libdwb_critics.so[0m
[ 48%] Built target dwb_critics
[35m[1mScanning dependencies of target gtest_main[0m
[35m[1mScanning dependencies of target gtest[0m
[ 51%] [32mBuilding CXX object gtest/CMakeFiles/gtest_main.dir/src/gtest_main.cc.o[0m
[ 55%] [32mBuilding CXX object gtest/CMakeFiles/gtest.dir/src/gtest-all.cc.o[0m
[ 59%] [32m[1mLinking CXX static library libgtest_main.a[0m
[ 59%] Built target gtest_main
[ 62%] [32m[1mLinking CXX static library libgtest.a[0m
[ 62%] Built target gtest
[35m[1mScanning dependencies of target twirling_tests[0m
[35m[1mScanning dependencies of target alignment_util_tests[0m
[35m[1mScanning dependencies of target obstacle_footprint_tests[0m
[ 66%] [32mBuilding CXX object test/CMakeFiles/twirling_tests.dir/twirling_test.cpp.o[0m
[ 70%] [32mBuilding CXX object test/CMakeFiles/alignment_util_tests.dir/alignment_util_test.cpp.o[0m
[ 74%] [32mBuilding CXX object test/CMakeFiles/obstacle_footprint_tests.dir/obstacle_footprint_test.cpp.o[0m
[ 77%] [32m[1mLinking CXX executable alignment_util_tests[0m
[ 77%] Built target alignment_util_tests
[35m[1mScanning dependencies of target prefer_forward_tests[0m
[ 81%] [32mBuilding CXX object test/CMakeFiles/prefer_forward_tests.dir/prefer_forward_test.cpp.o[0m
[ 85%] [32m[1mLinking CXX executable twirling_tests[0m
[ 85%] Built target twirling_tests
[35m[1mScanning dependencies of target base_obstacle_tests[0m
[ 88%] [32m[1mLinking CXX executable obstacle_footprint_tests[0m
[ 92%] [32mBuilding CXX object test/CMakeFiles/base_obstacle_tests.dir/base_obstacle_test.cpp.o[0m
[ 92%] Built target obstacle_footprint_tests
[ 96%] [32m[1mLinking CXX executable prefer_forward_tests[0m
[ 96%] Built target prefer_forward_tests
[100%] [32m[1mLinking CXX executable base_obstacle_tests[0m
[100%] Built target base_obstacle_tests
-- Install configuration: "Release"
-- Execute custom install script
-- Symlinking: /home/coderey/ros2_ws/install/dwb_critics/lib/libdwb_critics.so
-- Symlinking: /home/coderey/ros2_ws/install/dwb_critics/include//dwb_critics/alignment_util.hpp
-- Symlinking: /home/coderey/ros2_ws/install/dwb_critics/include//dwb_critics/base_obstacle.hpp
-- Symlinking: /home/coderey/ros2_ws/install/dwb_critics/include//dwb_critics/goal_align.hpp
-- Symlinking: /home/coderey/ros2_ws/install/dwb_critics/include//dwb_critics/goal_dist.hpp
-- Symlinking: /home/coderey/ros2_ws/install/dwb_critics/include//dwb_critics/line_iterator.hpp
-- Symlinking: /home/coderey/ros2_ws/install/dwb_critics/include//dwb_critics/map_grid.hpp
-- Symlinking: /home/coderey/ros2_ws/install/dwb_critics/include//dwb_critics/obstacle_footprint.hpp
-- Symlinking: /home/coderey/ros2_ws/install/dwb_critics/include//dwb_critics/oscillation.hpp
-- Symlinking: /home/coderey/ros2_ws/install/dwb_critics/include//dwb_critics/path_align.hpp
-- Symlinking: /home/coderey/ros2_ws/install/dwb_critics/include//dwb_critics/path_dist.hpp
-- Symlinking: /home/coderey/ros2_ws/install/dwb_critics/include//dwb_critics/prefer_forward.hpp
-- Symlinking: /home/coderey/ros2_ws/install/dwb_critics/include//dwb_critics/rotate_to_goal.hpp
-- Symlinking: /home/coderey/ros2_ws/install/dwb_critics/include//dwb_critics/twirling.hpp
-- Symlinking: /home/coderey/ros2_ws/install/dwb_critics/share/dwb_critics/default_critics.xml
-- Symlinking: /home/coderey/ros2_ws/install/dwb_critics/share/dwb_critics/environment/library_path.sh
-- Symlinking: /home/coderey/ros2_ws/install/dwb_critics/share/dwb_critics/environment/library_path.dsv
-- Up-to-date symlink: /home/coderey/ros2_ws/install/dwb_critics/share/dwb_critics//default_critics.xml
-- Symlinking: /home/coderey/ros2_ws/install/dwb_critics/share/ament_index/resource_index/package_run_dependencies/dwb_critics
-- Symlinking: /home/coderey/ros2_ws/install/dwb_critics/share/ament_index/resource_index/parent_prefix_path/dwb_critics
-- Symlinking: /home/coderey/ros2_ws/install/dwb_critics/share/dwb_critics/environment/ament_prefix_path.sh
-- Symlinking: /home/coderey/ros2_ws/install/dwb_critics/share/dwb_critics/environment/ament_prefix_path.dsv
-- Symlinking: /home/coderey/ros2_ws/install/dwb_critics/share/dwb_critics/environment/path.sh
-- Symlinking: /home/coderey/ros2_ws/install/dwb_critics/share/dwb_critics/environment/path.dsv
-- Symlinking: /home/coderey/ros2_ws/install/dwb_critics/share/dwb_critics/local_setup.bash
-- Symlinking: /home/coderey/ros2_ws/install/dwb_critics/share/dwb_critics/local_setup.sh
-- Symlinking: /home/coderey/ros2_ws/install/dwb_critics/share/dwb_critics/local_setup.zsh
-- Symlinking: /home/coderey/ros2_ws/install/dwb_critics/share/dwb_critics/local_setup.dsv
-- Symlinking: /home/coderey/ros2_ws/install/dwb_critics/share/dwb_critics/package.dsv
-- Symlinking: /home/coderey/ros2_ws/install/dwb_critics/share/ament_index/resource_index/packages/dwb_critics
-- Symlinking: /home/coderey/ros2_ws/install/dwb_critics/share/ament_index/resource_index/dwb_core__pluginlib__plugin/dwb_critics
-- Symlinking: /home/coderey/ros2_ws/install/dwb_critics/share/dwb_critics/cmake/ament_cmake_export_include_directories-extras.cmake
-- Symlinking: /home/coderey/ros2_ws/install/dwb_critics/share/dwb_critics/cmake/ament_cmake_export_libraries-extras.cmake
-- Symlinking: /home/coderey/ros2_ws/install/dwb_critics/share/dwb_critics/cmake/ament_cmake_export_dependencies-extras.cmake
-- Symlinking: /home/coderey/ros2_ws/install/dwb_critics/share/dwb_critics/cmake/dwb_criticsConfig.cmake
-- Symlinking: /home/coderey/ros2_ws/install/dwb_critics/share/dwb_critics/cmake/dwb_criticsConfig-version.cmake
-- Symlinking: /home/coderey/ros2_ws/install/dwb_critics/share/dwb_critics/package.xml
