[0.000000] (-) TimerEvent: {}
[0.000188] (bno055) JobQueued: {'identifier': 'bno055', 'dependencies': OrderedDict()}
[0.000208] (groot) JobQueued: {'identifier': 'groot', 'dependencies': OrderedDict()}
[0.000220] (marvelmind_ros2_msgs) JobQueued: {'identifier': 'marvelmind_ros2_msgs', 'dependencies': OrderedDict()}
[0.000230] (mob_rob_loca) JobQueued: {'identifier': 'mob_rob_loca', 'dependencies': OrderedDict()}
[0.000239] (nav2_costmap_filters_demo) JobQueued: {'identifier': 'nav2_costmap_filters_demo', 'dependencies': OrderedDict()}
[0.000249] (nav2_gradient_costmap_plugin) JobQueued: {'identifier': 'nav2_gradient_costmap_plugin', 'dependencies': OrderedDict()}
[0.000258] (nav2_straightline_planner) JobQueued: {'identifier': 'nav2_straightline_planner', 'dependencies': OrderedDict()}
[0.000267] (robot_localization) JobQueued: {'identifier': 'robot_localization', 'dependencies': OrderedDict()}
[0.000276] (swisscat_robot) JobQueued: {'identifier': 'swisscat_robot', 'dependencies': OrderedDict()}
[0.000285] (marvelmind_ros2) JobQueued: {'identifier': 'marvelmind_ros2', 'dependencies': OrderedDict([('marvelmind_ros2_msgs', '/home/coderey/ros2_ws/install/marvelmind_ros2_msgs')])}
[0.000296] (nav2_gps_waypoint_follower_demo) JobQueued: {'identifier': 'nav2_gps_waypoint_follower_demo', 'dependencies': OrderedDict([('robot_localization', '/home/coderey/ros2_ws/install/robot_localization')])}
[0.000307] (sam_bot_description) JobQueued: {'identifier': 'sam_bot_description', 'dependencies': OrderedDict([('robot_localization', '/home/coderey/ros2_ws/install/robot_localization')])}
[0.000317] (robot_localization) JobStarted: {'identifier': 'robot_localization'}
[0.099893] (-) TimerEvent: {}
[0.135789] (marvelmind_ros2_msgs) JobStarted: {'identifier': 'marvelmind_ros2_msgs'}
[0.200131] (-) TimerEvent: {}
[0.244947] (marvelmind_ros2_msgs) JobEnded: {'identifier': 'marvelmind_ros2_msgs', 'rc': 0}
[0.245536] (bno055) JobStarted: {'identifier': 'bno055'}
[0.300411] (-) TimerEvent: {}
[0.401198] (-) TimerEvent: {}
[0.415228] (groot) JobStarted: {'identifier': 'groot'}
[0.501786] (-) TimerEvent: {}
[0.550401] (mob_rob_loca) JobStarted: {'identifier': 'mob_rob_loca'}
[0.602428] (-) TimerEvent: {}
[0.703124] (-) TimerEvent: {}
[0.715357] (nav2_costmap_filters_demo) JobStarted: {'identifier': 'nav2_costmap_filters_demo'}
[0.803720] (-) TimerEvent: {}
[0.850136] (nav2_gradient_costmap_plugin) JobStarted: {'identifier': 'nav2_gradient_costmap_plugin'}
[0.903888] (-) TimerEvent: {}
[0.993809] (nav2_straightline_planner) JobStarted: {'identifier': 'nav2_straightline_planner'}
[1.004186] (-) TimerEvent: {}
[1.105033] (-) TimerEvent: {}
[1.127919] (robot_localization) JobEnded: {'identifier': 'robot_localization', 'rc': 'SIGINT'}
[1.128585] (bno055) JobEnded: {'identifier': 'bno055', 'rc': 'SIGINT'}
[1.128994] (groot) JobEnded: {'identifier': 'groot', 'rc': 'SIGINT'}
[1.129112] (mob_rob_loca) JobEnded: {'identifier': 'mob_rob_loca', 'rc': 'SIGINT'}
[1.129223] (nav2_costmap_filters_demo) JobEnded: {'identifier': 'nav2_costmap_filters_demo', 'rc': 'SIGINT'}
[1.129328] (nav2_gradient_costmap_plugin) JobEnded: {'identifier': 'nav2_gradient_costmap_plugin', 'rc': 'SIGINT'}
[1.129433] (nav2_straightline_planner) JobEnded: {'identifier': 'nav2_straightline_planner', 'rc': 'SIGINT'}
[1.139530] (swisscat_robot) JobSkipped: {'identifier': 'swisscat_robot'}
[1.139592] (marvelmind_ros2) JobSkipped: {'identifier': 'marvelmind_ros2'}
[1.139612] (nav2_gps_waypoint_follower_demo) JobSkipped: {'identifier': 'nav2_gps_waypoint_follower_demo'}
[1.139630] (sam_bot_description) JobSkipped: {'identifier': 'sam_bot_description'}
[1.139647] (-) EventReactorShutdown: {}
