[0.989s] Invoking command in '/home/coderey/ros2_ws/build/nav2_common': CMAKE_PREFIX_PATH=${CMAKE_PREFIX_PATH}:/home/coderey/ros2_ws/install/mob_rob_loca:/home/coderey/ros2_ws/install/nav2_simple_commander:/home/coderey/ros2_ws/install/nav2_gazebo_spawner:/home/coderey/ros2_ws/install/bno055:/home/coderey/microros_ws/install/sensor_msgs_py:/opt/ros/galactic /usr/bin/cmake /home/coderey/ros2_ws/src/navigation2/nav2_common -DCMAKE_BUILD_TYPE=RelWithDebInfo -DAMENT_CMAKE_SYMLINK_INSTALL=1 -DCMAKE_INSTALL_PREFIX=/home/coderey/ros2_ws/install/nav2_common
[1.855s] -- Found ament_cmake_core: 1.1.6 (/opt/ros/galactic/share/ament_cmake_core/cmake)
[1.855s] -- Using PYTHON_EXECUTABLE: /usr/bin/python3
[1.856s] -- Override CMake install command with custom implementation using symlinks instead of copying resources
[1.856s] -- Found ament_cmake_python: 1.1.6 (/opt/ros/galactic/share/ament_cmake_python/cmake)
[1.856s] -- Configuring done
[1.856s] -- Generating done
[1.857s] -- Build files have been written to: /home/coderey/ros2_ws/build/nav2_common
[1.858s] Invoked command in '/home/coderey/ros2_ws/build/nav2_common' returned '0': CMAKE_PREFIX_PATH=${CMAKE_PREFIX_PATH}:/home/coderey/ros2_ws/install/mob_rob_loca:/home/coderey/ros2_ws/install/nav2_simple_commander:/home/coderey/ros2_ws/install/nav2_gazebo_spawner:/home/coderey/ros2_ws/install/bno055:/home/coderey/microros_ws/install/sensor_msgs_py:/opt/ros/galactic /usr/bin/cmake /home/coderey/ros2_ws/src/navigation2/nav2_common -DCMAKE_BUILD_TYPE=RelWithDebInfo -DAMENT_CMAKE_SYMLINK_INSTALL=1 -DCMAKE_INSTALL_PREFIX=/home/coderey/ros2_ws/install/nav2_common
[1.861s] Invoking command in '/home/coderey/ros2_ws/build/nav2_common': CMAKE_PREFIX_PATH=${CMAKE_PREFIX_PATH}:/home/coderey/ros2_ws/install/mob_rob_loca:/home/coderey/ros2_ws/install/nav2_simple_commander:/home/coderey/ros2_ws/install/nav2_gazebo_spawner:/home/coderey/ros2_ws/install/bno055:/home/coderey/microros_ws/install/sensor_msgs_py:/opt/ros/galactic /usr/bin/cmake --build /home/coderey/ros2_ws/build/nav2_common -- -j8 -l8
[1.957s] Built target ament_cmake_python_symlink_nav2_common
[2.318s] running egg_info
[2.319s] writing nav2_common.egg-info/PKG-INFO
[2.319s] writing dependency_links to nav2_common.egg-info/dependency_links.txt
[2.319s] writing top-level names to nav2_common.egg-info/top_level.txt
[2.367s] reading manifest file 'nav2_common.egg-info/SOURCES.txt'
[2.367s] writing manifest file 'nav2_common.egg-info/SOURCES.txt'
[2.406s] Built target ament_cmake_python_build_nav2_common_egg
[2.425s] Invoked command in '/home/coderey/ros2_ws/build/nav2_common' returned '0': CMAKE_PREFIX_PATH=${CMAKE_PREFIX_PATH}:/home/coderey/ros2_ws/install/mob_rob_loca:/home/coderey/ros2_ws/install/nav2_simple_commander:/home/coderey/ros2_ws/install/nav2_gazebo_spawner:/home/coderey/ros2_ws/install/bno055:/home/coderey/microros_ws/install/sensor_msgs_py:/opt/ros/galactic /usr/bin/cmake --build /home/coderey/ros2_ws/build/nav2_common -- -j8 -l8
[2.520s] Invoking command in '/home/coderey/ros2_ws/build/nav2_common': CMAKE_PREFIX_PATH=${CMAKE_PREFIX_PATH}:/home/coderey/ros2_ws/install/mob_rob_loca:/home/coderey/ros2_ws/install/nav2_simple_commander:/home/coderey/ros2_ws/install/nav2_gazebo_spawner:/home/coderey/ros2_ws/install/bno055:/home/coderey/microros_ws/install/sensor_msgs_py:/opt/ros/galactic /usr/bin/cmake --install /home/coderey/ros2_ws/build/nav2_common
[2.541s] -- Install configuration: "RelWithDebInfo"
[2.541s] -- Execute custom install script
[2.542s] -- Up-to-date symlink: /home/coderey/ros2_ws/install/nav2_common/share/nav2_common/environment/pythonpath.sh
[2.548s] -- Up-to-date symlink: /home/coderey/ros2_ws/install/nav2_common/share/nav2_common/environment/pythonpath.dsv
[2.548s] -- Up-to-date symlink: /home/coderey/ros2_ws/install/nav2_common/lib/python3.8/site-packages//nav2_common.egg-info/PKG-INFO
[2.548s] -- Up-to-date symlink: /home/coderey/ros2_ws/install/nav2_common/lib/python3.8/site-packages//nav2_common.egg-info/SOURCES.txt
[2.548s] -- Up-to-date symlink: /home/coderey/ros2_ws/install/nav2_common/lib/python3.8/site-packages//nav2_common.egg-info/dependency_links.txt
[2.548s] -- Up-to-date symlink: /home/coderey/ros2_ws/install/nav2_common/lib/python3.8/site-packages//nav2_common.egg-info/top_level.txt
[2.549s] -- Up-to-date symlink: /home/coderey/ros2_ws/install/nav2_common/lib/python3.8/site-packages/nav2_common/__init__.py
[2.549s] -- Up-to-date symlink: /home/coderey/ros2_ws/install/nav2_common/lib/python3.8/site-packages/nav2_common/launch/__init__.py
[2.549s] -- Up-to-date symlink: /home/coderey/ros2_ws/install/nav2_common/lib/python3.8/site-packages/nav2_common/launch/has_node_params.py
[2.549s] -- Up-to-date symlink: /home/coderey/ros2_ws/install/nav2_common/lib/python3.8/site-packages/nav2_common/launch/replace_string.py
[2.549s] -- Up-to-date symlink: /home/coderey/ros2_ws/install/nav2_common/lib/python3.8/site-packages/nav2_common/launch/rewritten_yaml.py
[2.549s] -- Up-to-date symlink: /home/coderey/ros2_ws/install/nav2_common/share/ament_index/resource_index/package_run_dependencies/nav2_common
[2.549s] -- Up-to-date symlink: /home/coderey/ros2_ws/install/nav2_common/share/ament_index/resource_index/parent_prefix_path/nav2_common
[2.549s] -- Up-to-date symlink: /home/coderey/ros2_ws/install/nav2_common/share/nav2_common/environment/ament_prefix_path.sh
[2.549s] -- Up-to-date symlink: /home/coderey/ros2_ws/install/nav2_common/share/nav2_common/environment/ament_prefix_path.dsv
[2.549s] -- Up-to-date symlink: /home/coderey/ros2_ws/install/nav2_common/share/nav2_common/environment/path.sh
[2.549s] -- Up-to-date symlink: /home/coderey/ros2_ws/install/nav2_common/share/nav2_common/environment/path.dsv
[2.549s] -- Up-to-date symlink: /home/coderey/ros2_ws/install/nav2_common/share/nav2_common/local_setup.bash
[2.549s] -- Up-to-date symlink: /home/coderey/ros2_ws/install/nav2_common/share/nav2_common/local_setup.sh
[2.549s] -- Up-to-date symlink: /home/coderey/ros2_ws/install/nav2_common/share/nav2_common/local_setup.zsh
[2.549s] -- Up-to-date symlink: /home/coderey/ros2_ws/install/nav2_common/share/nav2_common/local_setup.dsv
[2.549s] -- Symlinking: /home/coderey/ros2_ws/install/nav2_common/share/nav2_common/package.dsv
[2.567s] -- Up-to-date symlink: /home/coderey/ros2_ws/install/nav2_common/share/ament_index/resource_index/packages/nav2_common
[2.567s] -- Up-to-date symlink: /home/coderey/ros2_ws/install/nav2_common/share/nav2_common/cmake/nav2_common-extras.cmake
[2.568s] -- Up-to-date symlink: /home/coderey/ros2_ws/install/nav2_common/share/nav2_common/cmake/nav2_commonConfig.cmake
[2.568s] -- Up-to-date symlink: /home/coderey/ros2_ws/install/nav2_common/share/nav2_common/cmake/nav2_commonConfig-version.cmake
[2.568s] -- Up-to-date symlink: /home/coderey/ros2_ws/install/nav2_common/share/nav2_common/package.xml
[2.568s] -- Up-to-date symlink: /home/coderey/ros2_ws/install/nav2_common/share/nav2_common/cmake/nav2_package.cmake
[2.646s] Listing '/home/coderey/ros2_ws/install/nav2_common/lib/python3.8/site-packages/nav2_common'...
[2.646s] Listing '/home/coderey/ros2_ws/install/nav2_common/lib/python3.8/site-packages/nav2_common/launch'...
[2.666s] Invoked command in '/home/coderey/ros2_ws/build/nav2_common' returned '0': CMAKE_PREFIX_PATH=${CMAKE_PREFIX_PATH}:/home/coderey/ros2_ws/install/mob_rob_loca:/home/coderey/ros2_ws/install/nav2_simple_commander:/home/coderey/ros2_ws/install/nav2_gazebo_spawner:/home/coderey/ros2_ws/install/bno055:/home/coderey/microros_ws/install/sensor_msgs_py:/opt/ros/galactic /usr/bin/cmake --install /home/coderey/ros2_ws/build/nav2_common
