[  2%] Built target gtest_main
[  4%] Built target robot_localization__cpp
[  4%] Built target gtest
[ 10%] Built target robot_localization__rosidl_generator_c
[ 16%] Built target robot_localization__rosidl_typesupport_microxrcedds_cpp
[ 22%] Built target robot_localization__rosidl_typesupport_cpp
[ 28%] Built target robot_localization__rosidl_typesupport_fastrtps_cpp
[ 34%] Built target robot_localization__rosidl_typesupport_microxrcedds_c
[ 40%] Built target robot_localization__rosidl_typesupport_introspection_cpp
[ 46%] Built target robot_localization__rosidl_typesupport_c
[ 52%] Built target robot_localization__rosidl_typesupport_introspection_c
[ 58%] Built target robot_localization__rosidl_typesupport_fastrtps_c
[ 58%] Built target robot_localization
[ 59%] Built target robot_localization__py
[ 67%] Built target rl_lib
[ 72%] Built target robot_localization__python
[ 74%] Built target test_ros_robot_localization_listener_publisher
[ 75%] Built target test_ros_robot_localization_listener
[ 77%] Built target test_robot_localization_estimator
[ 79%] Built target ukf_node
[ 81%] Built target robot_localization__rosidl_typesupport_microxrcedds_c__pyext
[ 82%] Built target test_ekf
[ 84%] Built target robot_localization__rosidl_typesupport_fastrtps_c__pyext
[ 85%] Built target ekf_node
[ 87%] Built target robot_localization__rosidl_typesupport_c__pyext
[ 89%] Built target filter_base-test
[ 90%] Built target test_ukf
[ 91%] Built target navsat_transform_node
[ 93%] Built target robot_localization__rosidl_typesupport_introspection_c__pyext
[ 95%] Built target test_ukf_localization_node_interfaces
[ 97%] Built target robot_localization_listener_node
[ 99%] Built target test_ekf_localization_node_interfaces
[100%] Built target test_filter_base_diagnostics_timestamps
