[1.294s] Invoking command in '/home/coderey/ros2_ws/build/robot_localization': CMAKE_PREFIX_PATH=${CMAKE_PREFIX_PATH}:/home/coderey/ros2_ws/install/swisscat_robot:/home/coderey/ros2_ws/install/nav2_gps_waypoint_follower_demo:/home/coderey/ros2_ws/install/nav2_simple_commander:/home/coderey/ros2_ws/install/mob_rob_loca:/home/coderey/ros2_ws/install/bno055:/home/coderey/microros_ws/install/sensor_msgs_py:/opt/ros/galactic /usr/bin/cmake --build /home/coderey/ros2_ws/build/robot_localization -- -j8 -l8
[2.107s] [  2%] Built target gtest_main
[2.107s] [  4%] Built target robot_localization__cpp
[2.107s] [  4%] Built target gtest
[2.107s] [ 10%] Built target robot_localization__rosidl_generator_c
[2.107s] [ 16%] Built target robot_localization__rosidl_typesupport_microxrcedds_cpp
[2.107s] [ 22%] Built target robot_localization__rosidl_typesupport_cpp
[2.107s] [ 28%] Built target robot_localization__rosidl_typesupport_fastrtps_cpp
[2.108s] [ 34%] Built target robot_localization__rosidl_typesupport_microxrcedds_c
[2.108s] [ 40%] Built target robot_localization__rosidl_typesupport_introspection_cpp
[2.108s] [ 46%] Built target robot_localization__rosidl_typesupport_c
[2.108s] [ 52%] Built target robot_localization__rosidl_typesupport_introspection_c
[2.108s] [ 58%] Built target robot_localization__rosidl_typesupport_fastrtps_c
[2.108s] [ 58%] Built target robot_localization
[2.108s] [ 59%] Built target robot_localization__py
[2.108s] [ 67%] Built target rl_lib
[2.108s] [ 72%] Built target robot_localization__python
[2.108s] [ 74%] Built target test_ros_robot_localization_listener_publisher
[2.108s] [ 75%] Built target test_ros_robot_localization_listener
[2.108s] [ 77%] Built target test_robot_localization_estimator
[2.109s] [ 79%] Built target ukf_node
[2.109s] [ 81%] Built target robot_localization__rosidl_typesupport_microxrcedds_c__pyext
[2.109s] [ 82%] Built target test_ekf
[2.109s] [ 84%] Built target robot_localization__rosidl_typesupport_fastrtps_c__pyext
[2.109s] [ 85%] Built target ekf_node
[2.109s] [ 87%] Built target robot_localization__rosidl_typesupport_c__pyext
[2.109s] [ 89%] Built target filter_base-test
[2.109s] [ 90%] Built target test_ukf
[2.109s] [ 91%] Built target navsat_transform_node
[2.109s] [ 93%] Built target robot_localization__rosidl_typesupport_introspection_c__pyext
[2.109s] [ 95%] Built target test_ukf_localization_node_interfaces
[2.109s] [ 97%] Built target robot_localization_listener_node
[2.109s] [ 99%] Built target test_ekf_localization_node_interfaces
[2.109s] [100%] Built target test_filter_base_diagnostics_timestamps
