[3.746s] Invoking command in '/home/coderey/ros2_ws/build/mob_rob_loca': PYTHONPATH=/home/coderey/ros2_ws/build/mob_rob_loca/prefix_override:/home/coderey/ros2_ws/install/mob_rob_loca/lib/python3.8/site-packages:${PYTHONPATH} /usr/bin/python3 setup.py develop --editable --build-directory /home/coderey/ros2_ws/build/mob_rob_loca/build --no-deps install_data
[4.131s] running develop
[4.301s] running egg_info
[4.302s] writing mob_rob_loca.egg-info/PKG-INFO
[4.303s] writing dependency_links to mob_rob_loca.egg-info/dependency_links.txt
[4.303s] writing entry points to mob_rob_loca.egg-info/entry_points.txt
[4.304s] writing requirements to mob_rob_loca.egg-info/requires.txt
[4.304s] writing top-level names to mob_rob_loca.egg-info/top_level.txt
[4.346s] reading manifest file 'mob_rob_loca.egg-info/SOURCES.txt'
[4.347s] writing manifest file 'mob_rob_loca.egg-info/SOURCES.txt'
[4.398s] running build_ext
[4.399s] Creating /home/coderey/ros2_ws/install/mob_rob_loca/lib/python3.8/site-packages/mob-rob-loca.egg-link (link to .)
[4.400s] Installing imu_serv script to /home/coderey/ros2_ws/install/mob_rob_loca/lib/mob_rob_loca
[4.400s] Installing marv2ekf script to /home/coderey/ros2_ws/install/mob_rob_loca/lib/mob_rob_loca
[4.401s] Installing rpi_com_motors script to /home/coderey/ros2_ws/install/mob_rob_loca/lib/mob_rob_loca
[4.401s] Installing ticks2odom script to /home/coderey/ros2_ws/install/mob_rob_loca/lib/mob_rob_loca
[4.401s] Installing transforms script to /home/coderey/ros2_ws/install/mob_rob_loca/lib/mob_rob_loca
[4.401s] Installing vel_pub script to /home/coderey/ros2_ws/install/mob_rob_loca/lib/mob_rob_loca
[4.402s] 
[4.403s] Installed /home/coderey/ros2_ws/build/mob_rob_loca
[4.403s] running install_data
[5.678s] Invoked command in '/home/coderey/ros2_ws/build/mob_rob_loca' returned '0': PYTHONPATH=/home/coderey/ros2_ws/build/mob_rob_loca/prefix_override:/home/coderey/ros2_ws/install/mob_rob_loca/lib/python3.8/site-packages:${PYTHONPATH} /usr/bin/python3 setup.py develop --editable --build-directory /home/coderey/ros2_ws/build/mob_rob_loca/build --no-deps install_data
