[0.366s] Invoking command in '/home/coderey/ros2_ws/build/marvelmind_ros2_msgs': CMAKE_PREFIX_PATH=${CMAKE_PREFIX_PATH}:/home/coderey/ros2_ws/install/mob_rob_loca:/home/coderey/ros2_ws/install/nav2_simple_commander:/home/coderey/ros2_ws/install/nav2_gazebo_spawner:/home/coderey/ros2_ws/install/bno055:/home/coderey/microros_ws/install/sensor_msgs_py:/opt/ros/galactic /usr/bin/cmake /home/coderey/ros2_ws/src/marvelmind_ros2_msgs_upstream -DAMENT_CMAKE_SYMLINK_INSTALL=1 -DCMAKE_INSTALL_PREFIX=/home/coderey/ros2_ws/install/marvelmind_ros2_msgs
[0.384s] -- Found ament_cmake: 1.1.6 (/opt/ros/galactic/share/ament_cmake/cmake)
[0.432s] -- Found PythonInterp: /usr/bin/python3 (found suitable version "3.8.10", minimum required is "3") 
[0.433s] -- Using PYTHON_EXECUTABLE: /usr/bin/python3
[0.518s] -- Override CMake install command with custom implementation using symlinks instead of copying resources
[0.524s] -- Found rosidl_default_generators: 1.1.1 (/opt/ros/galactic/share/rosidl_default_generators/cmake)
[0.546s] -- Using all available rosidl_typesupport_c: rosidl_typesupport_microxrcedds_c;rosidl_typesupport_fastrtps_c;rosidl_typesupport_introspection_c
[0.552s] -- Found rosidl_adapter: 2.2.3 (/opt/ros/galactic/share/rosidl_adapter/cmake)
[0.740s] -- Using all available rosidl_typesupport_cpp: rosidl_typesupport_microxrcedds_cpp;rosidl_typesupport_fastrtps_cpp;rosidl_typesupport_introspection_cpp
[0.764s] -- Found std_msgs: 2.2.4 (/home/coderey/microros_ws/install/std_msgs/share/std_msgs/cmake)
[0.792s] -- Found geometry_msgs: 2.2.4 (/home/coderey/microros_ws/install/geometry_msgs/share/geometry_msgs/cmake)
[0.862s] -- Found PythonInterp: /usr/bin/python3 (found version "3.8.10") 
[1.206s] -- Found ament_cmake_ros: 0.9.2 (/opt/ros/galactic/share/ament_cmake_ros/cmake)
[1.551s] -- Using all available rosidl_typesupport_c: rosidl_typesupport_microxrcedds_c;rosidl_typesupport_fastrtps_c;rosidl_typesupport_introspection_c
[1.714s] -- Using all available rosidl_typesupport_cpp: rosidl_typesupport_microxrcedds_cpp;rosidl_typesupport_fastrtps_cpp;rosidl_typesupport_introspection_cpp
[1.777s] -- Found PythonInterp: /usr/bin/python3 (found suitable version "3.8.10", minimum required is "3.5") 
[1.778s] -- Found python_cmake_module: 0.8.1 (/opt/ros/galactic/share/python_cmake_module/cmake)
[1.838s] -- Using PYTHON_EXECUTABLE: /usr/bin/python3
[1.839s] -- Using PYTHON_INCLUDE_DIRS: /usr/include/python3.8
[1.839s] -- Using PYTHON_LIBRARIES: /usr/lib/x86_64-linux-gnu/libpython3.8.so
[1.990s] -- Configuring done
[2.100s] -- Generating done
[2.104s] -- Build files have been written to: /home/coderey/ros2_ws/build/marvelmind_ros2_msgs
[2.740s] Invoked command in '/home/coderey/ros2_ws/build/marvelmind_ros2_msgs' returned '0': CMAKE_PREFIX_PATH=${CMAKE_PREFIX_PATH}:/home/coderey/ros2_ws/install/mob_rob_loca:/home/coderey/ros2_ws/install/nav2_simple_commander:/home/coderey/ros2_ws/install/nav2_gazebo_spawner:/home/coderey/ros2_ws/install/bno055:/home/coderey/microros_ws/install/sensor_msgs_py:/opt/ros/galactic /usr/bin/cmake /home/coderey/ros2_ws/src/marvelmind_ros2_msgs_upstream -DAMENT_CMAKE_SYMLINK_INSTALL=1 -DCMAKE_INSTALL_PREFIX=/home/coderey/ros2_ws/install/marvelmind_ros2_msgs
[2.741s] Invoking command in '/home/coderey/ros2_ws/build/marvelmind_ros2_msgs': CMAKE_PREFIX_PATH=${CMAKE_PREFIX_PATH}:/home/coderey/ros2_ws/install/mob_rob_loca:/home/coderey/ros2_ws/install/nav2_simple_commander:/home/coderey/ros2_ws/install/nav2_gazebo_spawner:/home/coderey/ros2_ws/install/bno055:/home/coderey/microros_ws/install/sensor_msgs_py:/opt/ros/galactic /usr/bin/cmake --build /home/coderey/ros2_ws/build/marvelmind_ros2_msgs -- -j8 -l8
[2.818s] [  0%] Built target marvelmind_ros2_msgs__cpp
[2.836s] [  9%] Built target marvelmind_ros2_msgs__rosidl_generator_c
[2.885s] [ 28%] Built target marvelmind_ros2_msgs__rosidl_typesupport_microxrcedds_cpp
[2.886s] [ 28%] Built target marvelmind_ros2_msgs__rosidl_typesupport_fastrtps_cpp
[2.906s] [ 38%] Built target marvelmind_ros2_msgs__rosidl_typesupport_cpp
[2.909s] [ 46%] Built target marvelmind_ros2_msgs__rosidl_typesupport_introspection_cpp
[2.927s] [ 56%] Built target marvelmind_ros2_msgs__rosidl_typesupport_introspection_c
[2.929s] [ 65%] Built target marvelmind_ros2_msgs__rosidl_typesupport_c
[2.935s] [ 75%] Built target marvelmind_ros2_msgs__rosidl_typesupport_microxrcedds_c
[2.946s] [ 84%] Built target marvelmind_ros2_msgs__rosidl_typesupport_fastrtps_c
[2.983s] [ 84%] Built target marvelmind_ros2_msgs
[3.022s] [ 85%] Built target marvelmind_ros2_msgs__py
[3.064s] [ 94%] Built target marvelmind_ros2_msgs__python
[3.122s] [ 96%] Built target marvelmind_ros2_msgs__rosidl_typesupport_fastrtps_c__pyext
[3.123s] [ 97%] Built target marvelmind_ros2_msgs__rosidl_typesupport_introspection_c__pyext
[3.123s] [ 99%] Built target marvelmind_ros2_msgs__rosidl_typesupport_microxrcedds_c__pyext
[3.123s] [100%] Built target marvelmind_ros2_msgs__rosidl_typesupport_c__pyext
[3.139s] Invoked command in '/home/coderey/ros2_ws/build/marvelmind_ros2_msgs' returned '0': CMAKE_PREFIX_PATH=${CMAKE_PREFIX_PATH}:/home/coderey/ros2_ws/install/mob_rob_loca:/home/coderey/ros2_ws/install/nav2_simple_commander:/home/coderey/ros2_ws/install/nav2_gazebo_spawner:/home/coderey/ros2_ws/install/bno055:/home/coderey/microros_ws/install/sensor_msgs_py:/opt/ros/galactic /usr/bin/cmake --build /home/coderey/ros2_ws/build/marvelmind_ros2_msgs -- -j8 -l8
[6.119s] Invoking command in '/home/coderey/ros2_ws/build/marvelmind_ros2_msgs': CMAKE_PREFIX_PATH=${CMAKE_PREFIX_PATH}:/home/coderey/ros2_ws/install/mob_rob_loca:/home/coderey/ros2_ws/install/nav2_simple_commander:/home/coderey/ros2_ws/install/nav2_gazebo_spawner:/home/coderey/ros2_ws/install/bno055:/home/coderey/microros_ws/install/sensor_msgs_py:/opt/ros/galactic /usr/bin/cmake --install /home/coderey/ros2_ws/build/marvelmind_ros2_msgs
[6.144s] -- Install configuration: "RelWithDebInfo"
[6.145s] -- Execute custom install script
[6.146s] -- Up-to-date symlink: /home/coderey/ros2_ws/install/marvelmind_ros2_msgs/share/ament_index/resource_index/rosidl_interfaces/marvelmind_ros2_msgs
[6.147s] -- Up-to-date symlink: /home/coderey/ros2_ws/install/marvelmind_ros2_msgs/include/marvelmind_ros2_msgs/msg/beacon_distance.h
[6.147s] -- Up-to-date symlink: /home/coderey/ros2_ws/install/marvelmind_ros2_msgs/include/marvelmind_ros2_msgs/msg/beacon_position_addressed.h
[6.147s] -- Up-to-date symlink: /home/coderey/ros2_ws/install/marvelmind_ros2_msgs/include/marvelmind_ros2_msgs/msg/detail/beacon_distance__functions.h
[6.147s] -- Up-to-date symlink: /home/coderey/ros2_ws/install/marvelmind_ros2_msgs/include/marvelmind_ros2_msgs/msg/detail/beacon_distance__struct.h
[6.148s] -- Up-to-date symlink: /home/coderey/ros2_ws/install/marvelmind_ros2_msgs/include/marvelmind_ros2_msgs/msg/detail/beacon_distance__type_support.h
[6.148s] -- Up-to-date symlink: /home/coderey/ros2_ws/install/marvelmind_ros2_msgs/include/marvelmind_ros2_msgs/msg/detail/beacon_position_addressed__functions.h
[6.148s] -- Up-to-date symlink: /home/coderey/ros2_ws/install/marvelmind_ros2_msgs/include/marvelmind_ros2_msgs/msg/detail/beacon_position_addressed__struct.h
[6.148s] -- Up-to-date symlink: /home/coderey/ros2_ws/install/marvelmind_ros2_msgs/include/marvelmind_ros2_msgs/msg/detail/beacon_position_addressed__type_support.h
[6.148s] -- Up-to-date symlink: /home/coderey/ros2_ws/install/marvelmind_ros2_msgs/include/marvelmind_ros2_msgs/msg/detail/hedge_imu_fusion__functions.h
[6.148s] -- Up-to-date symlink: /home/coderey/ros2_ws/install/marvelmind_ros2_msgs/include/marvelmind_ros2_msgs/msg/detail/hedge_imu_fusion__struct.h
[6.149s] -- Up-to-date symlink: /home/coderey/ros2_ws/install/marvelmind_ros2_msgs/include/marvelmind_ros2_msgs/msg/detail/hedge_imu_fusion__type_support.h
[6.149s] -- Up-to-date symlink: /home/coderey/ros2_ws/install/marvelmind_ros2_msgs/include/marvelmind_ros2_msgs/msg/detail/hedge_imu_raw__functions.h
[6.149s] -- Up-to-date symlink: /home/coderey/ros2_ws/install/marvelmind_ros2_msgs/include/marvelmind_ros2_msgs/msg/detail/hedge_imu_raw__struct.h
[6.150s] -- Up-to-date symlink: /home/coderey/ros2_ws/install/marvelmind_ros2_msgs/include/marvelmind_ros2_msgs/msg/detail/hedge_imu_raw__type_support.h
[6.150s] -- Up-to-date symlink: /home/coderey/ros2_ws/install/marvelmind_ros2_msgs/include/marvelmind_ros2_msgs/msg/detail/hedge_position__functions.h
[6.154s] -- Up-to-date symlink: /home/coderey/ros2_ws/install/marvelmind_ros2_msgs/include/marvelmind_ros2_msgs/msg/detail/hedge_position__struct.h
[6.154s] -- Up-to-date symlink: /home/coderey/ros2_ws/install/marvelmind_ros2_msgs/include/marvelmind_ros2_msgs/msg/detail/hedge_position__type_support.h
[6.154s] -- Up-to-date symlink: /home/coderey/ros2_ws/install/marvelmind_ros2_msgs/include/marvelmind_ros2_msgs/msg/detail/hedge_position_addressed__functions.h
[6.155s] -- Up-to-date symlink: /home/coderey/ros2_ws/install/marvelmind_ros2_msgs/include/marvelmind_ros2_msgs/msg/detail/hedge_position_addressed__struct.h
[6.155s] -- Up-to-date symlink: /home/coderey/ros2_ws/install/marvelmind_ros2_msgs/include/marvelmind_ros2_msgs/msg/detail/hedge_position_addressed__type_support.h
[6.155s] -- Up-to-date symlink: /home/coderey/ros2_ws/install/marvelmind_ros2_msgs/include/marvelmind_ros2_msgs/msg/detail/hedge_position_angle__functions.h
[6.155s] -- Up-to-date symlink: /home/coderey/ros2_ws/install/marvelmind_ros2_msgs/include/marvelmind_ros2_msgs/msg/detail/hedge_position_angle__struct.h
[6.155s] -- Up-to-date symlink: /home/coderey/ros2_ws/install/marvelmind_ros2_msgs/include/marvelmind_ros2_msgs/msg/detail/hedge_position_angle__type_support.h
[6.156s] -- Up-to-date symlink: /home/coderey/ros2_ws/install/marvelmind_ros2_msgs/include/marvelmind_ros2_msgs/msg/detail/hedge_quality__functions.h
[6.156s] -- Up-to-date symlink: /home/coderey/ros2_ws/install/marvelmind_ros2_msgs/include/marvelmind_ros2_msgs/msg/detail/hedge_quality__struct.h
[6.156s] -- Up-to-date symlink: /home/coderey/ros2_ws/install/marvelmind_ros2_msgs/include/marvelmind_ros2_msgs/msg/detail/hedge_quality__type_support.h
[6.156s] -- Up-to-date symlink: /home/coderey/ros2_ws/install/marvelmind_ros2_msgs/include/marvelmind_ros2_msgs/msg/detail/hedge_telemetry__functions.h
[6.156s] -- Up-to-date symlink: /home/coderey/ros2_ws/install/marvelmind_ros2_msgs/include/marvelmind_ros2_msgs/msg/detail/hedge_telemetry__struct.h
[6.156s] -- Up-to-date symlink: /home/coderey/ros2_ws/install/marvelmind_ros2_msgs/include/marvelmind_ros2_msgs/msg/detail/hedge_telemetry__type_support.h
[6.157s] -- Up-to-date symlink: /home/coderey/ros2_ws/install/marvelmind_ros2_msgs/include/marvelmind_ros2_msgs/msg/detail/marvelmind_user_data__functions.h
[6.157s] -- Up-to-date symlink: /home/coderey/ros2_ws/install/marvelmind_ros2_msgs/include/marvelmind_ros2_msgs/msg/detail/marvelmind_user_data__struct.h
[6.157s] -- Up-to-date symlink: /home/coderey/ros2_ws/install/marvelmind_ros2_msgs/include/marvelmind_ros2_msgs/msg/detail/marvelmind_user_data__type_support.h
[6.157s] -- Up-to-date symlink: /home/coderey/ros2_ws/install/marvelmind_ros2_msgs/include/marvelmind_ros2_msgs/msg/detail/marvelmind_waypoint__functions.h
[6.157s] -- Up-to-date symlink: /home/coderey/ros2_ws/install/marvelmind_ros2_msgs/include/marvelmind_ros2_msgs/msg/detail/marvelmind_waypoint__struct.h
[6.164s] -- Up-to-date symlink: /home/coderey/ros2_ws/install/marvelmind_ros2_msgs/include/marvelmind_ros2_msgs/msg/detail/marvelmind_waypoint__type_support.h
[6.164s] -- Up-to-date symlink: /home/coderey/ros2_ws/install/marvelmind_ros2_msgs/include/marvelmind_ros2_msgs/msg/hedge_imu_fusion.h
[6.164s] -- Up-to-date symlink: /home/coderey/ros2_ws/install/marvelmind_ros2_msgs/include/marvelmind_ros2_msgs/msg/hedge_imu_raw.h
[6.164s] -- Up-to-date symlink: /home/coderey/ros2_ws/install/marvelmind_ros2_msgs/include/marvelmind_ros2_msgs/msg/hedge_position.h
[6.164s] -- Up-to-date symlink: /home/coderey/ros2_ws/install/marvelmind_ros2_msgs/include/marvelmind_ros2_msgs/msg/hedge_position_addressed.h
[6.165s] -- Up-to-date symlink: /home/coderey/ros2_ws/install/marvelmind_ros2_msgs/include/marvelmind_ros2_msgs/msg/hedge_position_angle.h
[6.165s] -- Up-to-date symlink: /home/coderey/ros2_ws/install/marvelmind_ros2_msgs/include/marvelmind_ros2_msgs/msg/hedge_quality.h
[6.165s] -- Up-to-date symlink: /home/coderey/ros2_ws/install/marvelmind_ros2_msgs/include/marvelmind_ros2_msgs/msg/hedge_telemetry.h
[6.165s] -- Up-to-date symlink: /home/coderey/ros2_ws/install/marvelmind_ros2_msgs/include/marvelmind_ros2_msgs/msg/marvelmind_user_data.h
[6.165s] -- Up-to-date symlink: /home/coderey/ros2_ws/install/marvelmind_ros2_msgs/include/marvelmind_ros2_msgs/msg/marvelmind_waypoint.h
[6.165s] -- Up-to-date symlink: /home/coderey/ros2_ws/install/marvelmind_ros2_msgs/include/marvelmind_ros2_msgs/msg/rosidl_generator_c__visibility_control.h
[6.166s] -- Up-to-date symlink: /home/coderey/ros2_ws/install/marvelmind_ros2_msgs/include/marvelmind_ros2_msgs/srv/detail/marvelmind_api__functions.h
[6.166s] -- Up-to-date symlink: /home/coderey/ros2_ws/install/marvelmind_ros2_msgs/include/marvelmind_ros2_msgs/srv/detail/marvelmind_api__struct.h
[6.166s] -- Up-to-date symlink: /home/coderey/ros2_ws/install/marvelmind_ros2_msgs/include/marvelmind_ros2_msgs/srv/detail/marvelmind_api__type_support.h
[6.166s] -- Up-to-date symlink: /home/coderey/ros2_ws/install/marvelmind_ros2_msgs/include/marvelmind_ros2_msgs/srv/marvelmind_api.h
[6.166s] -- Up-to-date symlink: /home/coderey/ros2_ws/install/marvelmind_ros2_msgs/share/marvelmind_ros2_msgs/environment/library_path.sh
[6.167s] -- Up-to-date symlink: /home/coderey/ros2_ws/install/marvelmind_ros2_msgs/share/marvelmind_ros2_msgs/environment/library_path.dsv
[6.168s] -- Up-to-date symlink: /home/coderey/ros2_ws/install/marvelmind_ros2_msgs/include/marvelmind_ros2_msgs/msg/detail/beacon_distance__rosidl_typesupport_microxrcedds_c.h
[6.168s] -- Up-to-date symlink: /home/coderey/ros2_ws/install/marvelmind_ros2_msgs/include/marvelmind_ros2_msgs/msg/detail/beacon_position_addressed__rosidl_typesupport_microxrcedds_c.h
[6.168s] -- Up-to-date symlink: /home/coderey/ros2_ws/install/marvelmind_ros2_msgs/include/marvelmind_ros2_msgs/msg/detail/hedge_imu_fusion__rosidl_typesupport_microxrcedds_c.h
[6.168s] -- Up-to-date symlink: /home/coderey/ros2_ws/install/marvelmind_ros2_msgs/include/marvelmind_ros2_msgs/msg/detail/hedge_imu_raw__rosidl_typesupport_microxrcedds_c.h
[6.169s] -- Up-to-date symlink: /home/coderey/ros2_ws/install/marvelmind_ros2_msgs/include/marvelmind_ros2_msgs/msg/detail/hedge_position__rosidl_typesupport_microxrcedds_c.h
[6.169s] -- Up-to-date symlink: /home/coderey/ros2_ws/install/marvelmind_ros2_msgs/include/marvelmind_ros2_msgs/msg/detail/hedge_position_addressed__rosidl_typesupport_microxrcedds_c.h
[6.169s] -- Up-to-date symlink: /home/coderey/ros2_ws/install/marvelmind_ros2_msgs/include/marvelmind_ros2_msgs/msg/detail/hedge_position_angle__rosidl_typesupport_microxrcedds_c.h
[6.170s] -- Up-to-date symlink: /home/coderey/ros2_ws/install/marvelmind_ros2_msgs/include/marvelmind_ros2_msgs/msg/detail/hedge_quality__rosidl_typesupport_microxrcedds_c.h
[6.171s] -- Up-to-date symlink: /home/coderey/ros2_ws/install/marvelmind_ros2_msgs/include/marvelmind_ros2_msgs/msg/detail/hedge_telemetry__rosidl_typesupport_microxrcedds_c.h
[6.174s] -- Up-to-date symlink: /home/coderey/ros2_ws/install/marvelmind_ros2_msgs/include/marvelmind_ros2_msgs/msg/detail/marvelmind_user_data__rosidl_typesupport_microxrcedds_c.h
[6.193s] -- Up-to-date symlink: /home/coderey/ros2_ws/install/marvelmind_ros2_msgs/include/marvelmind_ros2_msgs/msg/detail/marvelmind_waypoint__rosidl_typesupport_microxrcedds_c.h
[6.194s] -- Up-to-date symlink: /home/coderey/ros2_ws/install/marvelmind_ros2_msgs/include/marvelmind_ros2_msgs/msg/rosidl_typesupport_microxrcedds_c__visibility_control.h
[6.194s] -- Up-to-date symlink: /home/coderey/ros2_ws/install/marvelmind_ros2_msgs/include/marvelmind_ros2_msgs/srv/detail/marvelmind_api__rosidl_typesupport_microxrcedds_c.h
[6.194s] -- Up-to-date symlink: /home/coderey/ros2_ws/install/marvelmind_ros2_msgs/lib/libmarvelmind_ros2_msgs__rosidl_typesupport_microxrcedds_c.so
[6.194s] -- Up-to-date symlink: /home/coderey/ros2_ws/install/marvelmind_ros2_msgs/include/marvelmind_ros2_msgs/msg/detail/beacon_distance__rosidl_typesupport_fastrtps_c.h
[6.194s] -- Up-to-date symlink: /home/coderey/ros2_ws/install/marvelmind_ros2_msgs/include/marvelmind_ros2_msgs/msg/detail/beacon_position_addressed__rosidl_typesupport_fastrtps_c.h
[6.194s] -- Up-to-date symlink: /home/coderey/ros2_ws/install/marvelmind_ros2_msgs/include/marvelmind_ros2_msgs/msg/detail/hedge_imu_fusion__rosidl_typesupport_fastrtps_c.h
[6.194s] -- Up-to-date symlink: /home/coderey/ros2_ws/install/marvelmind_ros2_msgs/include/marvelmind_ros2_msgs/msg/detail/hedge_imu_raw__rosidl_typesupport_fastrtps_c.h
[6.194s] -- Up-to-date symlink: /home/coderey/ros2_ws/install/marvelmind_ros2_msgs/include/marvelmind_ros2_msgs/msg/detail/hedge_position__rosidl_typesupport_fastrtps_c.h
[6.194s] -- Up-to-date symlink: /home/coderey/ros2_ws/install/marvelmind_ros2_msgs/include/marvelmind_ros2_msgs/msg/detail/hedge_position_addressed__rosidl_typesupport_fastrtps_c.h
[6.194s] -- Up-to-date symlink: /home/coderey/ros2_ws/install/marvelmind_ros2_msgs/include/marvelmind_ros2_msgs/msg/detail/hedge_position_angle__rosidl_typesupport_fastrtps_c.h
[6.195s] -- Up-to-date symlink: /home/coderey/ros2_ws/install/marvelmind_ros2_msgs/include/marvelmind_ros2_msgs/msg/detail/hedge_quality__rosidl_typesupport_fastrtps_c.h
[6.195s] -- Up-to-date symlink: /home/coderey/ros2_ws/install/marvelmind_ros2_msgs/include/marvelmind_ros2_msgs/msg/detail/hedge_telemetry__rosidl_typesupport_fastrtps_c.h
[6.195s] -- Up-to-date symlink: /home/coderey/ros2_ws/install/marvelmind_ros2_msgs/include/marvelmind_ros2_msgs/msg/detail/marvelmind_user_data__rosidl_typesupport_fastrtps_c.h
[6.196s] -- Up-to-date symlink: /home/coderey/ros2_ws/install/marvelmind_ros2_msgs/include/marvelmind_ros2_msgs/msg/detail/marvelmind_waypoint__rosidl_typesupport_fastrtps_c.h
[6.196s] -- Up-to-date symlink: /home/coderey/ros2_ws/install/marvelmind_ros2_msgs/include/marvelmind_ros2_msgs/msg/rosidl_typesupport_fastrtps_c__visibility_control.h
[6.197s] -- Up-to-date symlink: /home/coderey/ros2_ws/install/marvelmind_ros2_msgs/include/marvelmind_ros2_msgs/srv/detail/marvelmind_api__rosidl_typesupport_fastrtps_c.h
[6.198s] -- Up-to-date symlink: /home/coderey/ros2_ws/install/marvelmind_ros2_msgs/lib/libmarvelmind_ros2_msgs__rosidl_typesupport_fastrtps_c.so
[6.200s] -- Up-to-date symlink: /home/coderey/ros2_ws/install/marvelmind_ros2_msgs/include/marvelmind_ros2_msgs/msg/detail/beacon_distance__rosidl_typesupport_fastrtps_cpp.hpp
[6.200s] -- Up-to-date symlink: /home/coderey/ros2_ws/install/marvelmind_ros2_msgs/include/marvelmind_ros2_msgs/msg/detail/beacon_position_addressed__rosidl_typesupport_fastrtps_cpp.hpp
[6.200s] -- Up-to-date symlink: /home/coderey/ros2_ws/install/marvelmind_ros2_msgs/include/marvelmind_ros2_msgs/msg/detail/hedge_imu_fusion__rosidl_typesupport_fastrtps_cpp.hpp
[6.201s] -- Up-to-date symlink: /home/coderey/ros2_ws/install/marvelmind_ros2_msgs/include/marvelmind_ros2_msgs/msg/detail/hedge_imu_raw__rosidl_typesupport_fastrtps_cpp.hpp
[6.201s] -- Up-to-date symlink: /home/coderey/ros2_ws/install/marvelmind_ros2_msgs/include/marvelmind_ros2_msgs/msg/detail/hedge_position__rosidl_typesupport_fastrtps_cpp.hpp
[6.202s] -- Up-to-date symlink: /home/coderey/ros2_ws/install/marvelmind_ros2_msgs/include/marvelmind_ros2_msgs/msg/detail/hedge_position_addressed__rosidl_typesupport_fastrtps_cpp.hpp
[6.202s] -- Up-to-date symlink: /home/coderey/ros2_ws/install/marvelmind_ros2_msgs/include/marvelmind_ros2_msgs/msg/detail/hedge_position_angle__rosidl_typesupport_fastrtps_cpp.hpp
[6.203s] -- Up-to-date symlink: /home/coderey/ros2_ws/install/marvelmind_ros2_msgs/include/marvelmind_ros2_msgs/msg/detail/hedge_quality__rosidl_typesupport_fastrtps_cpp.hpp
[6.204s] -- Up-to-date symlink: /home/coderey/ros2_ws/install/marvelmind_ros2_msgs/include/marvelmind_ros2_msgs/msg/detail/hedge_telemetry__rosidl_typesupport_fastrtps_cpp.hpp
[6.205s] -- Up-to-date symlink: /home/coderey/ros2_ws/install/marvelmind_ros2_msgs/include/marvelmind_ros2_msgs/msg/detail/marvelmind_user_data__rosidl_typesupport_fastrtps_cpp.hpp
[6.205s] -- Up-to-date symlink: /home/coderey/ros2_ws/install/marvelmind_ros2_msgs/include/marvelmind_ros2_msgs/msg/detail/marvelmind_waypoint__rosidl_typesupport_fastrtps_cpp.hpp
[6.206s] -- Up-to-date symlink: /home/coderey/ros2_ws/install/marvelmind_ros2_msgs/include/marvelmind_ros2_msgs/msg/rosidl_typesupport_fastrtps_cpp__visibility_control.h
[6.206s] -- Up-to-date symlink: /home/coderey/ros2_ws/install/marvelmind_ros2_msgs/include/marvelmind_ros2_msgs/srv/detail/marvelmind_api__rosidl_typesupport_fastrtps_cpp.hpp
[6.207s] -- Up-to-date symlink: /home/coderey/ros2_ws/install/marvelmind_ros2_msgs/lib/libmarvelmind_ros2_msgs__rosidl_typesupport_fastrtps_cpp.so
[6.208s] -- Up-to-date symlink: /home/coderey/ros2_ws/install/marvelmind_ros2_msgs/include/marvelmind_ros2_msgs/msg/detail/beacon_distance__rosidl_typesupport_introspection_c.h
[6.208s] -- Up-to-date symlink: /home/coderey/ros2_ws/install/marvelmind_ros2_msgs/include/marvelmind_ros2_msgs/msg/detail/beacon_position_addressed__rosidl_typesupport_introspection_c.h
[6.209s] -- Up-to-date symlink: /home/coderey/ros2_ws/install/marvelmind_ros2_msgs/include/marvelmind_ros2_msgs/msg/detail/hedge_imu_fusion__rosidl_typesupport_introspection_c.h
[6.209s] -- Up-to-date symlink: /home/coderey/ros2_ws/install/marvelmind_ros2_msgs/include/marvelmind_ros2_msgs/msg/detail/hedge_imu_raw__rosidl_typesupport_introspection_c.h
[6.210s] -- Up-to-date symlink: /home/coderey/ros2_ws/install/marvelmind_ros2_msgs/include/marvelmind_ros2_msgs/msg/detail/hedge_position__rosidl_typesupport_introspection_c.h
[6.210s] -- Up-to-date symlink: /home/coderey/ros2_ws/install/marvelmind_ros2_msgs/include/marvelmind_ros2_msgs/msg/detail/hedge_position_addressed__rosidl_typesupport_introspection_c.h
[6.210s] -- Up-to-date symlink: /home/coderey/ros2_ws/install/marvelmind_ros2_msgs/include/marvelmind_ros2_msgs/msg/detail/hedge_position_angle__rosidl_typesupport_introspection_c.h
[6.211s] -- Up-to-date symlink: /home/coderey/ros2_ws/install/marvelmind_ros2_msgs/include/marvelmind_ros2_msgs/msg/detail/hedge_quality__rosidl_typesupport_introspection_c.h
[6.211s] -- Up-to-date symlink: /home/coderey/ros2_ws/install/marvelmind_ros2_msgs/include/marvelmind_ros2_msgs/msg/detail/hedge_telemetry__rosidl_typesupport_introspection_c.h
[6.211s] -- Up-to-date symlink: /home/coderey/ros2_ws/install/marvelmind_ros2_msgs/include/marvelmind_ros2_msgs/msg/detail/marvelmind_user_data__rosidl_typesupport_introspection_c.h
[6.212s] -- Up-to-date symlink: /home/coderey/ros2_ws/install/marvelmind_ros2_msgs/include/marvelmind_ros2_msgs/msg/detail/marvelmind_waypoint__rosidl_typesupport_introspection_c.h
[6.212s] -- Up-to-date symlink: /home/coderey/ros2_ws/install/marvelmind_ros2_msgs/include/marvelmind_ros2_msgs/msg/rosidl_typesupport_introspection_c__visibility_control.h
[6.212s] -- Up-to-date symlink: /home/coderey/ros2_ws/install/marvelmind_ros2_msgs/include/marvelmind_ros2_msgs/srv/detail/marvelmind_api__rosidl_typesupport_introspection_c.h
[6.214s] -- Up-to-date symlink: /home/coderey/ros2_ws/install/marvelmind_ros2_msgs/include/marvelmind_ros2_msgs/msg/beacon_distance.hpp
[6.214s] -- Up-to-date symlink: /home/coderey/ros2_ws/install/marvelmind_ros2_msgs/include/marvelmind_ros2_msgs/msg/beacon_position_addressed.hpp
[6.214s] -- Up-to-date symlink: /home/coderey/ros2_ws/install/marvelmind_ros2_msgs/include/marvelmind_ros2_msgs/msg/detail/beacon_distance__builder.hpp
[6.215s] -- Up-to-date symlink: /home/coderey/ros2_ws/install/marvelmind_ros2_msgs/include/marvelmind_ros2_msgs/msg/detail/beacon_distance__struct.hpp
[6.215s] -- Up-to-date symlink: /home/coderey/ros2_ws/install/marvelmind_ros2_msgs/include/marvelmind_ros2_msgs/msg/detail/beacon_distance__traits.hpp
[6.215s] -- Up-to-date symlink: /home/coderey/ros2_ws/install/marvelmind_ros2_msgs/include/marvelmind_ros2_msgs/msg/detail/beacon_position_addressed__builder.hpp
[6.216s] -- Up-to-date symlink: /home/coderey/ros2_ws/install/marvelmind_ros2_msgs/include/marvelmind_ros2_msgs/msg/detail/beacon_position_addressed__struct.hpp
[6.216s] -- Up-to-date symlink: /home/coderey/ros2_ws/install/marvelmind_ros2_msgs/include/marvelmind_ros2_msgs/msg/detail/beacon_position_addressed__traits.hpp
[6.216s] -- Up-to-date symlink: /home/coderey/ros2_ws/install/marvelmind_ros2_msgs/include/marvelmind_ros2_msgs/msg/detail/hedge_imu_fusion__builder.hpp
[6.217s] -- Up-to-date symlink: /home/coderey/ros2_ws/install/marvelmind_ros2_msgs/include/marvelmind_ros2_msgs/msg/detail/hedge_imu_fusion__struct.hpp
[6.217s] -- Up-to-date symlink: /home/coderey/ros2_ws/install/marvelmind_ros2_msgs/include/marvelmind_ros2_msgs/msg/detail/hedge_imu_fusion__traits.hpp
[6.218s] -- Up-to-date symlink: /home/coderey/ros2_ws/install/marvelmind_ros2_msgs/include/marvelmind_ros2_msgs/msg/detail/hedge_imu_raw__builder.hpp
[6.218s] -- Up-to-date symlink: /home/coderey/ros2_ws/install/marvelmind_ros2_msgs/include/marvelmind_ros2_msgs/msg/detail/hedge_imu_raw__struct.hpp
[6.219s] -- Up-to-date symlink: /home/coderey/ros2_ws/install/marvelmind_ros2_msgs/include/marvelmind_ros2_msgs/msg/detail/hedge_imu_raw__traits.hpp
[6.219s] -- Up-to-date symlink: /home/coderey/ros2_ws/install/marvelmind_ros2_msgs/include/marvelmind_ros2_msgs/msg/detail/hedge_position__builder.hpp
[6.221s] -- Up-to-date symlink: /home/coderey/ros2_ws/install/marvelmind_ros2_msgs/include/marvelmind_ros2_msgs/msg/detail/hedge_position__struct.hpp
[6.222s] -- Up-to-date symlink: /home/coderey/ros2_ws/install/marvelmind_ros2_msgs/include/marvelmind_ros2_msgs/msg/detail/hedge_position__traits.hpp
[6.222s] -- Up-to-date symlink: /home/coderey/ros2_ws/install/marvelmind_ros2_msgs/include/marvelmind_ros2_msgs/msg/detail/hedge_position_addressed__builder.hpp
[6.223s] -- Up-to-date symlink: /home/coderey/ros2_ws/install/marvelmind_ros2_msgs/include/marvelmind_ros2_msgs/msg/detail/hedge_position_addressed__struct.hpp
[6.223s] -- Up-to-date symlink: /home/coderey/ros2_ws/install/marvelmind_ros2_msgs/include/marvelmind_ros2_msgs/msg/detail/hedge_position_addressed__traits.hpp
[6.224s] -- Up-to-date symlink: /home/coderey/ros2_ws/install/marvelmind_ros2_msgs/include/marvelmind_ros2_msgs/msg/detail/hedge_position_angle__builder.hpp
[6.224s] -- Up-to-date symlink: /home/coderey/ros2_ws/install/marvelmind_ros2_msgs/include/marvelmind_ros2_msgs/msg/detail/hedge_position_angle__struct.hpp
[6.224s] -- Up-to-date symlink: /home/coderey/ros2_ws/install/marvelmind_ros2_msgs/include/marvelmind_ros2_msgs/msg/detail/hedge_position_angle__traits.hpp
[6.225s] -- Up-to-date symlink: /home/coderey/ros2_ws/install/marvelmind_ros2_msgs/include/marvelmind_ros2_msgs/msg/detail/hedge_quality__builder.hpp
[6.227s] -- Up-to-date symlink: /home/coderey/ros2_ws/install/marvelmind_ros2_msgs/include/marvelmind_ros2_msgs/msg/detail/hedge_quality__struct.hpp
[6.228s] -- Up-to-date symlink: /home/coderey/ros2_ws/install/marvelmind_ros2_msgs/include/marvelmind_ros2_msgs/msg/detail/hedge_quality__traits.hpp
[6.228s] -- Up-to-date symlink: /home/coderey/ros2_ws/install/marvelmind_ros2_msgs/include/marvelmind_ros2_msgs/msg/detail/hedge_telemetry__builder.hpp
[6.228s] -- Up-to-date symlink: /home/coderey/ros2_ws/install/marvelmind_ros2_msgs/include/marvelmind_ros2_msgs/msg/detail/hedge_telemetry__struct.hpp
[6.229s] -- Up-to-date symlink: /home/coderey/ros2_ws/install/marvelmind_ros2_msgs/include/marvelmind_ros2_msgs/msg/detail/hedge_telemetry__traits.hpp
[6.229s] -- Up-to-date symlink: /home/coderey/ros2_ws/install/marvelmind_ros2_msgs/include/marvelmind_ros2_msgs/msg/detail/marvelmind_user_data__builder.hpp
[6.229s] -- Up-to-date symlink: /home/coderey/ros2_ws/install/marvelmind_ros2_msgs/include/marvelmind_ros2_msgs/msg/detail/marvelmind_user_data__struct.hpp
[6.230s] -- Up-to-date symlink: /home/coderey/ros2_ws/install/marvelmind_ros2_msgs/include/marvelmind_ros2_msgs/msg/detail/marvelmind_user_data__traits.hpp
[6.230s] -- Up-to-date symlink: /home/coderey/ros2_ws/install/marvelmind_ros2_msgs/include/marvelmind_ros2_msgs/msg/detail/marvelmind_waypoint__builder.hpp
[6.230s] -- Up-to-date symlink: /home/coderey/ros2_ws/install/marvelmind_ros2_msgs/include/marvelmind_ros2_msgs/msg/detail/marvelmind_waypoint__struct.hpp
[6.230s] -- Up-to-date symlink: /home/coderey/ros2_ws/install/marvelmind_ros2_msgs/include/marvelmind_ros2_msgs/msg/detail/marvelmind_waypoint__traits.hpp
[6.231s] -- Up-to-date symlink: /home/coderey/ros2_ws/install/marvelmind_ros2_msgs/include/marvelmind_ros2_msgs/msg/hedge_imu_fusion.hpp
[6.235s] -- Up-to-date symlink: /home/coderey/ros2_ws/install/marvelmind_ros2_msgs/include/marvelmind_ros2_msgs/msg/hedge_imu_raw.hpp
[6.238s] -- Up-to-date symlink: /home/coderey/ros2_ws/install/marvelmind_ros2_msgs/include/marvelmind_ros2_msgs/msg/hedge_position.hpp
[6.238s] -- Up-to-date symlink: /home/coderey/ros2_ws/install/marvelmind_ros2_msgs/include/marvelmind_ros2_msgs/msg/hedge_position_addressed.hpp
[6.239s] -- Up-to-date symlink: /home/coderey/ros2_ws/install/marvelmind_ros2_msgs/include/marvelmind_ros2_msgs/msg/hedge_position_angle.hpp
[6.239s] -- Up-to-date symlink: /home/coderey/ros2_ws/install/marvelmind_ros2_msgs/include/marvelmind_ros2_msgs/msg/hedge_quality.hpp
[6.239s] -- Up-to-date symlink: /home/coderey/ros2_ws/install/marvelmind_ros2_msgs/include/marvelmind_ros2_msgs/msg/hedge_telemetry.hpp
[6.240s] -- Up-to-date symlink: /home/coderey/ros2_ws/install/marvelmind_ros2_msgs/include/marvelmind_ros2_msgs/msg/marvelmind_user_data.hpp
[6.242s] -- Up-to-date symlink: /home/coderey/ros2_ws/install/marvelmind_ros2_msgs/include/marvelmind_ros2_msgs/msg/marvelmind_waypoint.hpp
[6.242s] -- Up-to-date symlink: /home/coderey/ros2_ws/install/marvelmind_ros2_msgs/include/marvelmind_ros2_msgs/srv/detail/marvelmind_api__builder.hpp
[6.242s] -- Up-to-date symlink: /home/coderey/ros2_ws/install/marvelmind_ros2_msgs/include/marvelmind_ros2_msgs/srv/detail/marvelmind_api__struct.hpp
[6.242s] -- Up-to-date symlink: /home/coderey/ros2_ws/install/marvelmind_ros2_msgs/include/marvelmind_ros2_msgs/srv/detail/marvelmind_api__traits.hpp
[6.243s] -- Up-to-date symlink: /home/coderey/ros2_ws/install/marvelmind_ros2_msgs/include/marvelmind_ros2_msgs/srv/marvelmind_api.hpp
[6.243s] -- Up-to-date symlink: /home/coderey/ros2_ws/install/marvelmind_ros2_msgs/include/marvelmind_ros2_msgs/msg/detail/beacon_distance__rosidl_typesupport_microxrcedds_cpp.hpp
[6.243s] -- Up-to-date symlink: /home/coderey/ros2_ws/install/marvelmind_ros2_msgs/include/marvelmind_ros2_msgs/msg/detail/beacon_position_addressed__rosidl_typesupport_microxrcedds_cpp.hpp
[6.243s] -- Up-to-date symlink: /home/coderey/ros2_ws/install/marvelmind_ros2_msgs/include/marvelmind_ros2_msgs/msg/detail/hedge_imu_fusion__rosidl_typesupport_microxrcedds_cpp.hpp
[6.243s] -- Up-to-date symlink: /home/coderey/ros2_ws/install/marvelmind_ros2_msgs/include/marvelmind_ros2_msgs/msg/detail/hedge_imu_raw__rosidl_typesupport_microxrcedds_cpp.hpp
[6.243s] -- Up-to-date symlink: /home/coderey/ros2_ws/install/marvelmind_ros2_msgs/include/marvelmind_ros2_msgs/msg/detail/hedge_position__rosidl_typesupport_microxrcedds_cpp.hpp
[6.243s] -- Up-to-date symlink: /home/coderey/ros2_ws/install/marvelmind_ros2_msgs/include/marvelmind_ros2_msgs/msg/detail/hedge_position_addressed__rosidl_typesupport_microxrcedds_cpp.hpp
[6.244s] -- Up-to-date symlink: /home/coderey/ros2_ws/install/marvelmind_ros2_msgs/include/marvelmind_ros2_msgs/msg/detail/hedge_position_angle__rosidl_typesupport_microxrcedds_cpp.hpp
[6.244s] -- Up-to-date symlink: /home/coderey/ros2_ws/install/marvelmind_ros2_msgs/include/marvelmind_ros2_msgs/msg/detail/hedge_quality__rosidl_typesupport_microxrcedds_cpp.hpp
[6.244s] -- Up-to-date symlink: /home/coderey/ros2_ws/install/marvelmind_ros2_msgs/include/marvelmind_ros2_msgs/msg/detail/hedge_telemetry__rosidl_typesupport_microxrcedds_cpp.hpp
[6.244s] -- Up-to-date symlink: /home/coderey/ros2_ws/install/marvelmind_ros2_msgs/include/marvelmind_ros2_msgs/msg/detail/marvelmind_user_data__rosidl_typesupport_microxrcedds_cpp.hpp
[6.245s] -- Up-to-date symlink: /home/coderey/ros2_ws/install/marvelmind_ros2_msgs/include/marvelmind_ros2_msgs/msg/detail/marvelmind_waypoint__rosidl_typesupport_microxrcedds_cpp.hpp
[6.245s] -- Up-to-date symlink: /home/coderey/ros2_ws/install/marvelmind_ros2_msgs/include/marvelmind_ros2_msgs/msg/detail/microxrcedds/beacon_distance__type_support_cpp.cpp
[6.245s] -- Up-to-date symlink: /home/coderey/ros2_ws/install/marvelmind_ros2_msgs/include/marvelmind_ros2_msgs/msg/detail/microxrcedds/beacon_position_addressed__type_support_cpp.cpp
[6.245s] -- Up-to-date symlink: /home/coderey/ros2_ws/install/marvelmind_ros2_msgs/include/marvelmind_ros2_msgs/msg/detail/microxrcedds/hedge_imu_fusion__type_support_cpp.cpp
[6.246s] -- Up-to-date symlink: /home/coderey/ros2_ws/install/marvelmind_ros2_msgs/include/marvelmind_ros2_msgs/msg/detail/microxrcedds/hedge_imu_raw__type_support_cpp.cpp
[6.246s] -- Up-to-date symlink: /home/coderey/ros2_ws/install/marvelmind_ros2_msgs/include/marvelmind_ros2_msgs/msg/detail/microxrcedds/hedge_position__type_support_cpp.cpp
[6.246s] -- Up-to-date symlink: /home/coderey/ros2_ws/install/marvelmind_ros2_msgs/include/marvelmind_ros2_msgs/msg/detail/microxrcedds/hedge_position_addressed__type_support_cpp.cpp
[6.247s] -- Up-to-date symlink: /home/coderey/ros2_ws/install/marvelmind_ros2_msgs/include/marvelmind_ros2_msgs/msg/detail/microxrcedds/hedge_position_angle__type_support_cpp.cpp
[6.247s] -- Up-to-date symlink: /home/coderey/ros2_ws/install/marvelmind_ros2_msgs/include/marvelmind_ros2_msgs/msg/detail/microxrcedds/hedge_quality__type_support_cpp.cpp
[6.247s] -- Up-to-date symlink: /home/coderey/ros2_ws/install/marvelmind_ros2_msgs/include/marvelmind_ros2_msgs/msg/detail/microxrcedds/hedge_telemetry__type_support_cpp.cpp
[6.248s] -- Up-to-date symlink: /home/coderey/ros2_ws/install/marvelmind_ros2_msgs/include/marvelmind_ros2_msgs/msg/detail/microxrcedds/marvelmind_user_data__type_support_cpp.cpp
[6.248s] -- Up-to-date symlink: /home/coderey/ros2_ws/install/marvelmind_ros2_msgs/include/marvelmind_ros2_msgs/msg/detail/microxrcedds/marvelmind_waypoint__type_support_cpp.cpp
[6.248s] -- Up-to-date symlink: /home/coderey/ros2_ws/install/marvelmind_ros2_msgs/include/marvelmind_ros2_msgs/msg/rosidl_typesupport_microxrcedds_cpp__visibility_control.h
[6.249s] -- Up-to-date symlink: /home/coderey/ros2_ws/install/marvelmind_ros2_msgs/include/marvelmind_ros2_msgs/srv/detail/marvelmind_api__rosidl_typesupport_microxrcedds_cpp.hpp
[6.249s] -- Up-to-date symlink: /home/coderey/ros2_ws/install/marvelmind_ros2_msgs/include/marvelmind_ros2_msgs/srv/detail/microxrcedds/marvelmind_api__type_support_cpp.cpp
[6.250s] -- Up-to-date symlink: /home/coderey/ros2_ws/install/marvelmind_ros2_msgs/lib/libmarvelmind_ros2_msgs__rosidl_typesupport_microxrcedds_cpp.so
[6.251s] -- Up-to-date symlink: /home/coderey/ros2_ws/install/marvelmind_ros2_msgs/include/marvelmind_ros2_msgs/msg/detail/beacon_distance__rosidl_typesupport_introspection_cpp.hpp
[6.251s] -- Up-to-date symlink: /home/coderey/ros2_ws/install/marvelmind_ros2_msgs/include/marvelmind_ros2_msgs/msg/detail/beacon_position_addressed__rosidl_typesupport_introspection_cpp.hpp
[6.252s] -- Up-to-date symlink: /home/coderey/ros2_ws/install/marvelmind_ros2_msgs/include/marvelmind_ros2_msgs/msg/detail/hedge_imu_fusion__rosidl_typesupport_introspection_cpp.hpp
[6.252s] -- Up-to-date symlink: /home/coderey/ros2_ws/install/marvelmind_ros2_msgs/include/marvelmind_ros2_msgs/msg/detail/hedge_imu_raw__rosidl_typesupport_introspection_cpp.hpp
[6.253s] -- Up-to-date symlink: /home/coderey/ros2_ws/install/marvelmind_ros2_msgs/include/marvelmind_ros2_msgs/msg/detail/hedge_position__rosidl_typesupport_introspection_cpp.hpp
[6.255s] -- Up-to-date symlink: /home/coderey/ros2_ws/install/marvelmind_ros2_msgs/include/marvelmind_ros2_msgs/msg/detail/hedge_position_addressed__rosidl_typesupport_introspection_cpp.hpp
[6.255s] -- Up-to-date symlink: /home/coderey/ros2_ws/install/marvelmind_ros2_msgs/include/marvelmind_ros2_msgs/msg/detail/hedge_position_angle__rosidl_typesupport_introspection_cpp.hpp
[6.256s] -- Up-to-date symlink: /home/coderey/ros2_ws/install/marvelmind_ros2_msgs/include/marvelmind_ros2_msgs/msg/detail/hedge_quality__rosidl_typesupport_introspection_cpp.hpp
[6.256s] -- Up-to-date symlink: /home/coderey/ros2_ws/install/marvelmind_ros2_msgs/include/marvelmind_ros2_msgs/msg/detail/hedge_telemetry__rosidl_typesupport_introspection_cpp.hpp
[6.256s] -- Up-to-date symlink: /home/coderey/ros2_ws/install/marvelmind_ros2_msgs/include/marvelmind_ros2_msgs/msg/detail/marvelmind_user_data__rosidl_typesupport_introspection_cpp.hpp
[6.257s] -- Up-to-date symlink: /home/coderey/ros2_ws/install/marvelmind_ros2_msgs/include/marvelmind_ros2_msgs/msg/detail/marvelmind_waypoint__rosidl_typesupport_introspection_cpp.hpp
[6.257s] -- Up-to-date symlink: /home/coderey/ros2_ws/install/marvelmind_ros2_msgs/include/marvelmind_ros2_msgs/srv/detail/marvelmind_api__rosidl_typesupport_introspection_cpp.hpp
[6.258s] -- Up-to-date symlink: /home/coderey/ros2_ws/install/marvelmind_ros2_msgs/share/marvelmind_ros2_msgs/environment/pythonpath.sh
[6.258s] -- Up-to-date symlink: /home/coderey/ros2_ws/install/marvelmind_ros2_msgs/share/marvelmind_ros2_msgs/environment/pythonpath.dsv
[6.258s] -- Up-to-date symlink: /home/coderey/ros2_ws/install/marvelmind_ros2_msgs/lib/python3.8/site-packages/marvelmind_ros2_msgs/__init__.py
[6.259s] -- Up-to-date symlink: /home/coderey/ros2_ws/install/marvelmind_ros2_msgs/lib/python3.8/site-packages/marvelmind_ros2_msgs/msg/__init__.py
[6.259s] -- Up-to-date symlink: /home/coderey/ros2_ws/install/marvelmind_ros2_msgs/lib/python3.8/site-packages/marvelmind_ros2_msgs/msg/_beacon_distance.py
[6.259s] -- Up-to-date symlink: /home/coderey/ros2_ws/install/marvelmind_ros2_msgs/lib/python3.8/site-packages/marvelmind_ros2_msgs/msg/_beacon_position_addressed.py
[6.260s] -- Up-to-date symlink: /home/coderey/ros2_ws/install/marvelmind_ros2_msgs/lib/python3.8/site-packages/marvelmind_ros2_msgs/msg/_hedge_imu_fusion.py
[6.260s] -- Up-to-date symlink: /home/coderey/ros2_ws/install/marvelmind_ros2_msgs/lib/python3.8/site-packages/marvelmind_ros2_msgs/msg/_hedge_imu_raw.py
[6.260s] -- Up-to-date symlink: /home/coderey/ros2_ws/install/marvelmind_ros2_msgs/lib/python3.8/site-packages/marvelmind_ros2_msgs/msg/_hedge_position.py
[6.260s] -- Up-to-date symlink: /home/coderey/ros2_ws/install/marvelmind_ros2_msgs/lib/python3.8/site-packages/marvelmind_ros2_msgs/msg/_hedge_position_addressed.py
[6.261s] -- Up-to-date symlink: /home/coderey/ros2_ws/install/marvelmind_ros2_msgs/lib/python3.8/site-packages/marvelmind_ros2_msgs/msg/_hedge_position_angle.py
[6.261s] -- Up-to-date symlink: /home/coderey/ros2_ws/install/marvelmind_ros2_msgs/lib/python3.8/site-packages/marvelmind_ros2_msgs/msg/_hedge_quality.py
[6.262s] -- Up-to-date symlink: /home/coderey/ros2_ws/install/marvelmind_ros2_msgs/lib/python3.8/site-packages/marvelmind_ros2_msgs/msg/_hedge_telemetry.py
[6.262s] -- Up-to-date symlink: /home/coderey/ros2_ws/install/marvelmind_ros2_msgs/lib/python3.8/site-packages/marvelmind_ros2_msgs/msg/_marvelmind_user_data.py
[6.262s] -- Up-to-date symlink: /home/coderey/ros2_ws/install/marvelmind_ros2_msgs/lib/python3.8/site-packages/marvelmind_ros2_msgs/msg/_marvelmind_waypoint.py
[6.262s] -- Up-to-date symlink: /home/coderey/ros2_ws/install/marvelmind_ros2_msgs/lib/python3.8/site-packages/marvelmind_ros2_msgs/srv/__init__.py
[6.263s] -- Up-to-date symlink: /home/coderey/ros2_ws/install/marvelmind_ros2_msgs/lib/python3.8/site-packages/marvelmind_ros2_msgs/srv/_marvelmind_api.py
[6.263s] -- Up-to-date symlink: /home/coderey/ros2_ws/install/marvelmind_ros2_msgs/lib/python3.8/site-packages/marvelmind_ros2_msgs/marvelmind_ros2_msgs_s__rosidl_typesupport_microxrcedds_c.cpython-38-x86_64-linux-gnu.so
[6.264s] -- Up-to-date symlink: /home/coderey/ros2_ws/install/marvelmind_ros2_msgs/lib/python3.8/site-packages/marvelmind_ros2_msgs/marvelmind_ros2_msgs_s__rosidl_typesupport_fastrtps_c.cpython-38-x86_64-linux-gnu.so
[6.264s] -- Up-to-date symlink: /home/coderey/ros2_ws/install/marvelmind_ros2_msgs/lib/python3.8/site-packages/marvelmind_ros2_msgs/marvelmind_ros2_msgs_s__rosidl_typesupport_introspection_c.cpython-38-x86_64-linux-gnu.so
[6.265s] -- Up-to-date symlink: /home/coderey/ros2_ws/install/marvelmind_ros2_msgs/lib/python3.8/site-packages/marvelmind_ros2_msgs/marvelmind_ros2_msgs_s__rosidl_typesupport_c.cpython-38-x86_64-linux-gnu.so
[6.265s] -- Up-to-date symlink: /home/coderey/ros2_ws/install/marvelmind_ros2_msgs/lib/libmarvelmind_ros2_msgs__python.so
[6.265s] -- Up-to-date symlink: /home/coderey/ros2_ws/install/marvelmind_ros2_msgs/share/marvelmind_ros2_msgs/msg/BeaconDistance.idl
[6.266s] -- Up-to-date symlink: /home/coderey/ros2_ws/install/marvelmind_ros2_msgs/share/marvelmind_ros2_msgs/msg/BeaconPositionAddressed.idl
[6.266s] -- Up-to-date symlink: /home/coderey/ros2_ws/install/marvelmind_ros2_msgs/share/marvelmind_ros2_msgs/msg/HedgeImuFusion.idl
[6.266s] -- Up-to-date symlink: /home/coderey/ros2_ws/install/marvelmind_ros2_msgs/share/marvelmind_ros2_msgs/msg/HedgeImuRaw.idl
[6.267s] -- Up-to-date symlink: /home/coderey/ros2_ws/install/marvelmind_ros2_msgs/share/marvelmind_ros2_msgs/msg/HedgePositionAddressed.idl
[6.267s] -- Up-to-date symlink: /home/coderey/ros2_ws/install/marvelmind_ros2_msgs/share/marvelmind_ros2_msgs/msg/HedgePositionAngle.idl
[6.267s] -- Up-to-date symlink: /home/coderey/ros2_ws/install/marvelmind_ros2_msgs/share/marvelmind_ros2_msgs/msg/HedgePosition.idl
[6.268s] -- Up-to-date symlink: /home/coderey/ros2_ws/install/marvelmind_ros2_msgs/share/marvelmind_ros2_msgs/msg/HedgeQuality.idl
[6.268s] -- Up-to-date symlink: /home/coderey/ros2_ws/install/marvelmind_ros2_msgs/share/marvelmind_ros2_msgs/msg/HedgeTelemetry.idl
[6.269s] -- Up-to-date symlink: /home/coderey/ros2_ws/install/marvelmind_ros2_msgs/share/marvelmind_ros2_msgs/msg/MarvelmindWaypoint.idl
[6.271s] -- Up-to-date symlink: /home/coderey/ros2_ws/install/marvelmind_ros2_msgs/share/marvelmind_ros2_msgs/msg/MarvelmindUserData.idl
[6.272s] -- Up-to-date symlink: /home/coderey/ros2_ws/install/marvelmind_ros2_msgs/share/marvelmind_ros2_msgs/srv/MarvelmindAPI.idl
[6.272s] -- Up-to-date symlink: /home/coderey/ros2_ws/install/marvelmind_ros2_msgs/share/marvelmind_ros2_msgs/msg/BeaconDistance.msg
[6.272s] -- Up-to-date symlink: /home/coderey/ros2_ws/install/marvelmind_ros2_msgs/share/marvelmind_ros2_msgs/msg/BeaconPositionAddressed.msg
[6.273s] -- Up-to-date symlink: /home/coderey/ros2_ws/install/marvelmind_ros2_msgs/share/marvelmind_ros2_msgs/msg/HedgeImuFusion.msg
[6.273s] -- Up-to-date symlink: /home/coderey/ros2_ws/install/marvelmind_ros2_msgs/share/marvelmind_ros2_msgs/msg/HedgeImuRaw.msg
[6.273s] -- Up-to-date symlink: /home/coderey/ros2_ws/install/marvelmind_ros2_msgs/share/marvelmind_ros2_msgs/msg/HedgePositionAddressed.msg
[6.274s] -- Up-to-date symlink: /home/coderey/ros2_ws/install/marvelmind_ros2_msgs/share/marvelmind_ros2_msgs/msg/HedgePositionAngle.msg
[6.274s] -- Up-to-date symlink: /home/coderey/ros2_ws/install/marvelmind_ros2_msgs/share/marvelmind_ros2_msgs/msg/HedgePosition.msg
[6.274s] -- Up-to-date symlink: /home/coderey/ros2_ws/install/marvelmind_ros2_msgs/share/marvelmind_ros2_msgs/msg/HedgeQuality.msg
[6.275s] -- Up-to-date symlink: /home/coderey/ros2_ws/install/marvelmind_ros2_msgs/share/marvelmind_ros2_msgs/msg/HedgeTelemetry.msg
[6.275s] -- Up-to-date symlink: /home/coderey/ros2_ws/install/marvelmind_ros2_msgs/share/marvelmind_ros2_msgs/msg/MarvelmindWaypoint.msg
[6.275s] -- Up-to-date symlink: /home/coderey/ros2_ws/install/marvelmind_ros2_msgs/share/marvelmind_ros2_msgs/msg/MarvelmindUserData.msg
[6.276s] -- Up-to-date symlink: /home/coderey/ros2_ws/install/marvelmind_ros2_msgs/share/marvelmind_ros2_msgs/srv/MarvelmindAPI.srv
[6.276s] -- Up-to-date symlink: /home/coderey/ros2_ws/install/marvelmind_ros2_msgs/share/marvelmind_ros2_msgs/srv/MarvelmindAPI_Request.msg
[6.276s] -- Up-to-date symlink: /home/coderey/ros2_ws/install/marvelmind_ros2_msgs/share/marvelmind_ros2_msgs/srv/MarvelmindAPI_Response.msg
[6.277s] -- Up-to-date symlink: /home/coderey/ros2_ws/install/marvelmind_ros2_msgs/share/ament_index/resource_index/package_run_dependencies/marvelmind_ros2_msgs
[6.277s] -- Up-to-date symlink: /home/coderey/ros2_ws/install/marvelmind_ros2_msgs/share/ament_index/resource_index/parent_prefix_path/marvelmind_ros2_msgs
[6.277s] -- Up-to-date symlink: /home/coderey/ros2_ws/install/marvelmind_ros2_msgs/share/marvelmind_ros2_msgs/environment/ament_prefix_path.sh
[6.278s] -- Up-to-date symlink: /home/coderey/ros2_ws/install/marvelmind_ros2_msgs/share/marvelmind_ros2_msgs/environment/ament_prefix_path.dsv
[6.278s] -- Up-to-date symlink: /home/coderey/ros2_ws/install/marvelmind_ros2_msgs/share/marvelmind_ros2_msgs/environment/path.sh
[6.278s] -- Up-to-date symlink: /home/coderey/ros2_ws/install/marvelmind_ros2_msgs/share/marvelmind_ros2_msgs/environment/path.dsv
[6.279s] -- Up-to-date symlink: /home/coderey/ros2_ws/install/marvelmind_ros2_msgs/share/marvelmind_ros2_msgs/local_setup.bash
[6.279s] -- Up-to-date symlink: /home/coderey/ros2_ws/install/marvelmind_ros2_msgs/share/marvelmind_ros2_msgs/local_setup.sh
[6.279s] -- Up-to-date symlink: /home/coderey/ros2_ws/install/marvelmind_ros2_msgs/share/marvelmind_ros2_msgs/local_setup.zsh
[6.279s] -- Up-to-date symlink: /home/coderey/ros2_ws/install/marvelmind_ros2_msgs/share/marvelmind_ros2_msgs/local_setup.dsv
[6.280s] -- Symlinking: /home/coderey/ros2_ws/install/marvelmind_ros2_msgs/share/marvelmind_ros2_msgs/package.dsv
[6.297s] -- Up-to-date symlink: /home/coderey/ros2_ws/install/marvelmind_ros2_msgs/share/ament_index/resource_index/packages/marvelmind_ros2_msgs
[6.298s] -- Up-to-date symlink: /home/coderey/ros2_ws/install/marvelmind_ros2_msgs/share/marvelmind_ros2_msgs/cmake/rosidl_cmake-extras.cmake
[6.300s] -- Up-to-date symlink: /home/coderey/ros2_ws/install/marvelmind_ros2_msgs/share/marvelmind_ros2_msgs/cmake/ament_cmake_export_dependencies-extras.cmake
[6.300s] -- Up-to-date symlink: /home/coderey/ros2_ws/install/marvelmind_ros2_msgs/share/marvelmind_ros2_msgs/cmake/ament_cmake_export_libraries-extras.cmake
[6.301s] -- Up-to-date symlink: /home/coderey/ros2_ws/install/marvelmind_ros2_msgs/share/marvelmind_ros2_msgs/cmake/ament_cmake_export_targets-extras.cmake
[6.301s] -- Up-to-date symlink: /home/coderey/ros2_ws/install/marvelmind_ros2_msgs/share/marvelmind_ros2_msgs/cmake/ament_cmake_export_include_directories-extras.cmake
[6.302s] -- Up-to-date symlink: /home/coderey/ros2_ws/install/marvelmind_ros2_msgs/share/marvelmind_ros2_msgs/cmake/rosidl_cmake_export_typesupport_libraries-extras.cmake
[6.304s] -- Up-to-date symlink: /home/coderey/ros2_ws/install/marvelmind_ros2_msgs/share/marvelmind_ros2_msgs/cmake/rosidl_cmake_export_typesupport_targets-extras.cmake
[6.305s] -- Up-to-date symlink: /home/coderey/ros2_ws/install/marvelmind_ros2_msgs/share/marvelmind_ros2_msgs/cmake/marvelmind_ros2_msgsConfig.cmake
[6.305s] -- Up-to-date symlink: /home/coderey/ros2_ws/install/marvelmind_ros2_msgs/share/marvelmind_ros2_msgs/cmake/marvelmind_ros2_msgsConfig-version.cmake
[6.306s] -- Up-to-date symlink: /home/coderey/ros2_ws/install/marvelmind_ros2_msgs/share/marvelmind_ros2_msgs/package.xml
[6.306s] -- Up-to-date: /home/coderey/ros2_ws/install/marvelmind_ros2_msgs/lib/libmarvelmind_ros2_msgs__rosidl_generator_c.so
[6.307s] -- Up-to-date: /home/coderey/ros2_ws/install/marvelmind_ros2_msgs/lib/libmarvelmind_ros2_msgs__rosidl_typesupport_introspection_c.so
[6.307s] -- Up-to-date: /home/coderey/ros2_ws/install/marvelmind_ros2_msgs/lib/libmarvelmind_ros2_msgs__rosidl_typesupport_c.so
[6.308s] -- Up-to-date: /home/coderey/ros2_ws/install/marvelmind_ros2_msgs/lib/libmarvelmind_ros2_msgs__rosidl_typesupport_introspection_cpp.so
[6.309s] -- Up-to-date: /home/coderey/ros2_ws/install/marvelmind_ros2_msgs/lib/libmarvelmind_ros2_msgs__rosidl_typesupport_cpp.so
[6.528s] Compiling '/home/coderey/ros2_ws/install/marvelmind_ros2_msgs/lib/python3.8/site-packages/marvelmind_ros2_msgs/__init__.py'...
[6.532s] -- Up-to-date: /home/coderey/ros2_ws/install/marvelmind_ros2_msgs/share/marvelmind_ros2_msgs/cmake/marvelmind_ros2_msgs__rosidl_generator_cExport.cmake
[6.532s] -- Installing: /home/coderey/ros2_ws/install/marvelmind_ros2_msgs/share/marvelmind_ros2_msgs/cmake/marvelmind_ros2_msgs__rosidl_generator_cExport-relwithdebinfo.cmake
[6.532s] -- Up-to-date: /home/coderey/ros2_ws/install/marvelmind_ros2_msgs/share/marvelmind_ros2_msgs/cmake/marvelmind_ros2_msgs__rosidl_typesupport_introspection_cExport.cmake
[6.532s] -- Installing: /home/coderey/ros2_ws/install/marvelmind_ros2_msgs/share/marvelmind_ros2_msgs/cmake/marvelmind_ros2_msgs__rosidl_typesupport_introspection_cExport-relwithdebinfo.cmake
[6.533s] -- Up-to-date: /home/coderey/ros2_ws/install/marvelmind_ros2_msgs/share/marvelmind_ros2_msgs/cmake/marvelmind_ros2_msgs__rosidl_typesupport_cExport.cmake
[6.533s] -- Installing: /home/coderey/ros2_ws/install/marvelmind_ros2_msgs/share/marvelmind_ros2_msgs/cmake/marvelmind_ros2_msgs__rosidl_typesupport_cExport-relwithdebinfo.cmake
[6.534s] -- Up-to-date: /home/coderey/ros2_ws/install/marvelmind_ros2_msgs/share/marvelmind_ros2_msgs/cmake/marvelmind_ros2_msgs__rosidl_generator_cppExport.cmake
[6.535s] -- Up-to-date: /home/coderey/ros2_ws/install/marvelmind_ros2_msgs/share/marvelmind_ros2_msgs/cmake/marvelmind_ros2_msgs__rosidl_typesupport_introspection_cppExport.cmake
[6.535s] -- Installing: /home/coderey/ros2_ws/install/marvelmind_ros2_msgs/share/marvelmind_ros2_msgs/cmake/marvelmind_ros2_msgs__rosidl_typesupport_introspection_cppExport-relwithdebinfo.cmake
[6.536s] -- Up-to-date: /home/coderey/ros2_ws/install/marvelmind_ros2_msgs/share/marvelmind_ros2_msgs/cmake/marvelmind_ros2_msgs__rosidl_typesupport_cppExport.cmake
[6.536s] -- Installing: /home/coderey/ros2_ws/install/marvelmind_ros2_msgs/share/marvelmind_ros2_msgs/cmake/marvelmind_ros2_msgs__rosidl_typesupport_cppExport-relwithdebinfo.cmake
[6.541s] Invoked command in '/home/coderey/ros2_ws/build/marvelmind_ros2_msgs' returned '0': CMAKE_PREFIX_PATH=${CMAKE_PREFIX_PATH}:/home/coderey/ros2_ws/install/mob_rob_loca:/home/coderey/ros2_ws/install/nav2_simple_commander:/home/coderey/ros2_ws/install/nav2_gazebo_spawner:/home/coderey/ros2_ws/install/bno055:/home/coderey/microros_ws/install/sensor_msgs_py:/opt/ros/galactic /usr/bin/cmake --install /home/coderey/ros2_ws/build/marvelmind_ros2_msgs
