[1.546s] Invoking command in '/home/coderey/ros2_ws/build/nav2_common': CMAKE_PREFIX_PATH=${CMAKE_PREFIX_PATH}:/home/coderey/ros2_ws/install/mob_rob_loca:/home/coderey/ros2_ws/install/nav2_simple_commander:/home/coderey/ros2_ws/install/nav2_gazebo_spawner:/home/coderey/ros2_ws/install/bno055:/home/coderey/microros_ws/install/sensor_msgs_py:/opt/ros/galactic /usr/bin/cmake --build /home/coderey/ros2_ws/build/nav2_common -- -j8 -l8
[2.901s] Built target ament_cmake_python_symlink_nav2_common
[2.902s] running egg_info
[2.902s] writing nav2_common.egg-info/PKG-INFO
[2.902s] writing dependency_links to nav2_common.egg-info/dependency_links.txt
[2.903s] writing top-level names to nav2_common.egg-info/top_level.txt
[2.904s] reading manifest file 'nav2_common.egg-info/SOURCES.txt'
[2.904s] writing manifest file 'nav2_common.egg-info/SOURCES.txt'
[2.904s] Built target ament_cmake_python_build_nav2_common_egg
[2.909s] Invoked command in '/home/coderey/ros2_ws/build/nav2_common' returned '0': CMAKE_PREFIX_PATH=${CMAKE_PREFIX_PATH}:/home/coderey/ros2_ws/install/mob_rob_loca:/home/coderey/ros2_ws/install/nav2_simple_commander:/home/coderey/ros2_ws/install/nav2_gazebo_spawner:/home/coderey/ros2_ws/install/bno055:/home/coderey/microros_ws/install/sensor_msgs_py:/opt/ros/galactic /usr/bin/cmake --build /home/coderey/ros2_ws/build/nav2_common -- -j8 -l8
[3.001s] Invoking command in '/home/coderey/ros2_ws/build/nav2_common': CMAKE_PREFIX_PATH=${CMAKE_PREFIX_PATH}:/home/coderey/ros2_ws/install/mob_rob_loca:/home/coderey/ros2_ws/install/nav2_simple_commander:/home/coderey/ros2_ws/install/nav2_gazebo_spawner:/home/coderey/ros2_ws/install/bno055:/home/coderey/microros_ws/install/sensor_msgs_py:/opt/ros/galactic /usr/bin/cmake --install /home/coderey/ros2_ws/build/nav2_common
[3.024s] -- Install configuration: ""
[3.027s] -- Execute custom install script
[3.028s] -- Up-to-date symlink: /home/coderey/ros2_ws/install/nav2_common/share/nav2_common/environment/pythonpath.sh
[3.028s] -- Up-to-date symlink: /home/coderey/ros2_ws/install/nav2_common/share/nav2_common/environment/pythonpath.dsv
[3.029s] -- Up-to-date symlink: /home/coderey/ros2_ws/install/nav2_common/lib/python3.8/site-packages//nav2_common.egg-info/PKG-INFO
[3.030s] -- Up-to-date symlink: /home/coderey/ros2_ws/install/nav2_common/lib/python3.8/site-packages//nav2_common.egg-info/SOURCES.txt
[3.030s] -- Up-to-date symlink: /home/coderey/ros2_ws/install/nav2_common/lib/python3.8/site-packages//nav2_common.egg-info/dependency_links.txt
[3.031s] -- Up-to-date symlink: /home/coderey/ros2_ws/install/nav2_common/lib/python3.8/site-packages//nav2_common.egg-info/top_level.txt
[3.032s] -- Up-to-date symlink: /home/coderey/ros2_ws/install/nav2_common/lib/python3.8/site-packages/nav2_common/__init__.py
[3.033s] -- Up-to-date symlink: /home/coderey/ros2_ws/install/nav2_common/lib/python3.8/site-packages/nav2_common/launch/__init__.py
[3.033s] -- Up-to-date symlink: /home/coderey/ros2_ws/install/nav2_common/lib/python3.8/site-packages/nav2_common/launch/has_node_params.py
[3.034s] -- Up-to-date symlink: /home/coderey/ros2_ws/install/nav2_common/lib/python3.8/site-packages/nav2_common/launch/replace_string.py
[3.034s] -- Up-to-date symlink: /home/coderey/ros2_ws/install/nav2_common/lib/python3.8/site-packages/nav2_common/launch/rewritten_yaml.py
[3.036s] -- Up-to-date symlink: /home/coderey/ros2_ws/install/nav2_common/share/ament_index/resource_index/package_run_dependencies/nav2_common
[3.036s] -- Up-to-date symlink: /home/coderey/ros2_ws/install/nav2_common/share/ament_index/resource_index/parent_prefix_path/nav2_common
[3.037s] -- Up-to-date symlink: /home/coderey/ros2_ws/install/nav2_common/share/nav2_common/environment/ament_prefix_path.sh
[3.038s] -- Up-to-date symlink: /home/coderey/ros2_ws/install/nav2_common/share/nav2_common/environment/ament_prefix_path.dsv
[3.038s] -- Up-to-date symlink: /home/coderey/ros2_ws/install/nav2_common/share/nav2_common/environment/path.sh
[3.047s] -- Up-to-date symlink: /home/coderey/ros2_ws/install/nav2_common/share/nav2_common/environment/path.dsv
[3.047s] -- Up-to-date symlink: /home/coderey/ros2_ws/install/nav2_common/share/nav2_common/local_setup.bash
[3.048s] -- Up-to-date symlink: /home/coderey/ros2_ws/install/nav2_common/share/nav2_common/local_setup.sh
[3.048s] -- Up-to-date symlink: /home/coderey/ros2_ws/install/nav2_common/share/nav2_common/local_setup.zsh
[3.048s] -- Up-to-date symlink: /home/coderey/ros2_ws/install/nav2_common/share/nav2_common/local_setup.dsv
[3.048s] -- Symlinking: /home/coderey/ros2_ws/install/nav2_common/share/nav2_common/package.dsv
[3.093s] -- Up-to-date symlink: /home/coderey/ros2_ws/install/nav2_common/share/ament_index/resource_index/packages/nav2_common
[3.093s] -- Up-to-date symlink: /home/coderey/ros2_ws/install/nav2_common/share/nav2_common/cmake/nav2_common-extras.cmake
[3.094s] -- Up-to-date symlink: /home/coderey/ros2_ws/install/nav2_common/share/nav2_common/cmake/nav2_commonConfig.cmake
[3.094s] -- Up-to-date symlink: /home/coderey/ros2_ws/install/nav2_common/share/nav2_common/cmake/nav2_commonConfig-version.cmake
[3.095s] -- Up-to-date symlink: /home/coderey/ros2_ws/install/nav2_common/share/nav2_common/package.xml
[3.095s] -- Up-to-date symlink: /home/coderey/ros2_ws/install/nav2_common/share/nav2_common/cmake/nav2_package.cmake
[3.231s] Listing '/home/coderey/ros2_ws/install/nav2_common/lib/python3.8/site-packages/nav2_common'...
[3.231s] Listing '/home/coderey/ros2_ws/install/nav2_common/lib/python3.8/site-packages/nav2_common/launch'...
[3.252s] Invoked command in '/home/coderey/ros2_ws/build/nav2_common' returned '0': CMAKE_PREFIX_PATH=${CMAKE_PREFIX_PATH}:/home/coderey/ros2_ws/install/mob_rob_loca:/home/coderey/ros2_ws/install/nav2_simple_commander:/home/coderey/ros2_ws/install/nav2_gazebo_spawner:/home/coderey/ros2_ws/install/bno055:/home/coderey/microros_ws/install/sensor_msgs_py:/opt/ros/galactic /usr/bin/cmake --install /home/coderey/ros2_ws/build/nav2_common
