[1.365s] Invoking command in '/home/coderey/ros2_ws/build/nav2_straightline_planner': CMAKE_PREFIX_PATH=${CMAKE_PREFIX_PATH}:/home/coderey/ros2_ws/install/swisscat_robot:/home/coderey/ros2_ws/install/nav2_gps_waypoint_follower_demo:/home/coderey/ros2_ws/install/mob_rob_loca:/home/coderey/ros2_ws/install/bno055:/home/coderey/microros_ws/install/sensor_msgs_py:/opt/ros/galactic /usr/bin/cmake /home/coderey/ros2_ws/src/navigation2_tutorials/nav2_straightline_planner -DCMAKE_INSTALL_PREFIX=/home/coderey/ros2_ws/install/nav2_straightline_planner
[1.499s] -- The C compiler identification is GNU 9.4.0
[1.602s] -- The CXX compiler identification is GNU 9.4.0
[1.614s] -- Check for working C compiler: /usr/bin/cc
[1.754s] -- Check for working C compiler: /usr/bin/cc -- works
[1.756s] -- Detecting C compiler ABI info
[1.918s] -- Detecting C compiler ABI info - done
[1.940s] -- Detecting C compile features
[1.941s] -- Detecting C compile features - done
[1.945s] -- Check for working CXX compiler: /usr/bin/c++
[2.116s] -- Check for working CXX compiler: /usr/bin/c++ -- works
[2.118s] -- Detecting CXX compiler ABI info
[2.290s] -- Detecting CXX compiler ABI info - done
[2.308s] -- Detecting CXX compile features
[2.309s] -- Detecting CXX compile features - done
[2.315s] -- Found ament_cmake: 1.1.6 (/opt/ros/galactic/share/ament_cmake/cmake)
[2.378s] -- Found PythonInterp: /usr/bin/python3 (found suitable version "3.8.10", minimum required is "3") 
[2.378s] -- Using PYTHON_EXECUTABLE: /usr/bin/python3
[2.610s] -- Found rclcpp: 9.2.2 (/opt/ros/galactic/share/rclcpp/cmake)
[2.799s] -- Using all available rosidl_typesupport_c: rosidl_typesupport_microxrcedds_c;rosidl_typesupport_fastrtps_c;rosidl_typesupport_introspection_c
[2.861s] -- Found rosidl_adapter: 2.2.3 (/opt/ros/galactic/share/rosidl_adapter/cmake)
[3.150s] -- Found OpenSSL: /usr/lib/x86_64-linux-gnu/libcrypto.so (found version "1.1.1f")  
[3.214s] -- Found FastRTPS: /opt/ros/galactic/include  
[3.475s] -- Using all available rosidl_typesupport_cpp: rosidl_typesupport_microxrcedds_cpp;rosidl_typesupport_fastrtps_cpp;rosidl_typesupport_introspection_cpp
[3.784s] -- Found rmw_implementation_cmake: 3.3.1 (/opt/ros/galactic/share/rmw_implementation_cmake/cmake)
[3.825s] -- Found rmw_cyclonedds_cpp: 0.22.6 (/opt/ros/galactic/share/rmw_cyclonedds_cpp/cmake)
[3.917s] -- Using RMW implementation 'rmw_cyclonedds_cpp' as default
[3.918s] -- Looking for pthread.h
[4.363s] -- Looking for pthread.h - found
[4.370s] -- Performing Test CMAKE_HAVE_LIBC_PTHREAD
[4.809s] -- Performing Test CMAKE_HAVE_LIBC_PTHREAD - Failed
[4.809s] -- Looking for pthread_create in pthreads
[5.266s] -- Looking for pthread_create in pthreads - not found
[5.266s] -- Looking for pthread_create in pthread
[5.738s] -- Looking for pthread_create in pthread - found
[5.738s] -- Found Threads: TRUE  
[6.574s] -- Found rclcpp_action: 9.2.2 (/opt/ros/galactic/share/rclcpp_action/cmake)
[6.926s] -- Found rclcpp_lifecycle: 9.2.2 (/opt/ros/galactic/share/rclcpp_lifecycle/cmake)
[7.126s] -- Found visualization_msgs: 2.2.4 (/home/coderey/microros_ws/install/visualization_msgs/share/visualization_msgs/cmake)
[7.819s] -- Found nav2_util: 1.0.12 (/opt/ros/galactic/share/nav2_util/cmake)
[10.507s] -- Found eigen3_cmake_module: 0.1.1 (/opt/ros/galactic/share/eigen3_cmake_module/cmake)
[10.540s] -- Found Eigen3: TRUE (found version "3.3.7") 
[11.642s] -- Found nav2_costmap_2d: 1.0.12 (/opt/ros/galactic/share/nav2_costmap_2d/cmake)
[16.851s] -- Found nav2_core: 1.0.12 (/opt/ros/galactic/share/nav2_core/cmake)
[26.294s] -- Found ament_lint_auto: 0.10.7 (/opt/ros/galactic/share/ament_lint_auto/cmake)
[26.488s] -- Added test 'copyright' to check source files copyright and LICENSE
[26.491s] -- Added test 'cppcheck' to perform static code analysis on C / C++ code
[26.491s] -- Configured cppcheck include dirs: /home/coderey/ros2_ws/src/navigation2_tutorials/nav2_straightline_planner/include
[26.491s] -- Configured cppcheck exclude dirs and/or files: 
[26.496s] -- Added test 'cpplint' to check C / C++ code against the Google style
[26.496s] -- Configured cpplint exclude dirs and/or files: 
[26.496s] -- Added test 'lint_cmake' to check CMake code style
[26.499s] -- Added test 'uncrustify' to check C / C++ code style
[26.499s] -- Configured uncrustify additional arguments: 
[26.500s] -- Added test 'xmllint' to check XML markup files
[26.512s] -- Configuring done
[26.576s] -- Generating done
[26.579s] -- Build files have been written to: /home/coderey/ros2_ws/build/nav2_straightline_planner
[26.867s] Invoked command in '/home/coderey/ros2_ws/build/nav2_straightline_planner' returned '0': CMAKE_PREFIX_PATH=${CMAKE_PREFIX_PATH}:/home/coderey/ros2_ws/install/swisscat_robot:/home/coderey/ros2_ws/install/nav2_gps_waypoint_follower_demo:/home/coderey/ros2_ws/install/mob_rob_loca:/home/coderey/ros2_ws/install/bno055:/home/coderey/microros_ws/install/sensor_msgs_py:/opt/ros/galactic /usr/bin/cmake /home/coderey/ros2_ws/src/navigation2_tutorials/nav2_straightline_planner -DCMAKE_INSTALL_PREFIX=/home/coderey/ros2_ws/install/nav2_straightline_planner
[26.868s] Invoking command in '/home/coderey/ros2_ws/build/nav2_straightline_planner': CMAKE_PREFIX_PATH=${CMAKE_PREFIX_PATH}:/home/coderey/ros2_ws/install/swisscat_robot:/home/coderey/ros2_ws/install/nav2_gps_waypoint_follower_demo:/home/coderey/ros2_ws/install/mob_rob_loca:/home/coderey/ros2_ws/install/bno055:/home/coderey/microros_ws/install/sensor_msgs_py:/opt/ros/galactic /usr/bin/cmake --build /home/coderey/ros2_ws/build/nav2_straightline_planner -- -j8 -l8
[26.987s] [35m[1mScanning dependencies of target nav2_straightline_planner_plugin[0m
[27.108s] [ 50%] [32mBuilding CXX object CMakeFiles/nav2_straightline_planner_plugin.dir/src/straight_line_planner.cpp.o[0m
[33.569s] [100%] [32m[1mLinking CXX shared library libnav2_straightline_planner_plugin.so[0m
[33.865s] [100%] Built target nav2_straightline_planner_plugin
[33.885s] Invoked command in '/home/coderey/ros2_ws/build/nav2_straightline_planner' returned '0': CMAKE_PREFIX_PATH=${CMAKE_PREFIX_PATH}:/home/coderey/ros2_ws/install/swisscat_robot:/home/coderey/ros2_ws/install/nav2_gps_waypoint_follower_demo:/home/coderey/ros2_ws/install/mob_rob_loca:/home/coderey/ros2_ws/install/bno055:/home/coderey/microros_ws/install/sensor_msgs_py:/opt/ros/galactic /usr/bin/cmake --build /home/coderey/ros2_ws/build/nav2_straightline_planner -- -j8 -l8
[33.939s] Invoking command in '/home/coderey/ros2_ws/build/nav2_straightline_planner': CMAKE_PREFIX_PATH=${CMAKE_PREFIX_PATH}:/home/coderey/ros2_ws/install/swisscat_robot:/home/coderey/ros2_ws/install/nav2_gps_waypoint_follower_demo:/home/coderey/ros2_ws/install/mob_rob_loca:/home/coderey/ros2_ws/install/bno055:/home/coderey/microros_ws/install/sensor_msgs_py:/opt/ros/galactic /usr/bin/cmake --install /home/coderey/ros2_ws/build/nav2_straightline_planner
[33.952s] -- Install configuration: ""
[33.952s] -- Installing: /home/coderey/ros2_ws/install/nav2_straightline_planner/share/nav2_straightline_planner/global_planner_plugin.xml
[33.953s] -- Installing: /home/coderey/ros2_ws/install/nav2_straightline_planner/lib/libnav2_straightline_planner_plugin.so
[33.953s] -- Set runtime path of "/home/coderey/ros2_ws/install/nav2_straightline_planner/lib/libnav2_straightline_planner_plugin.so" to ""
[33.954s] -- Installing: /home/coderey/ros2_ws/install/nav2_straightline_planner/include/
[33.954s] -- Installing: /home/coderey/ros2_ws/install/nav2_straightline_planner/include//nav2_straightline_planner
[33.954s] -- Installing: /home/coderey/ros2_ws/install/nav2_straightline_planner/include//nav2_straightline_planner/straight_line_planner.hpp
[33.954s] -- Up-to-date: /home/coderey/ros2_ws/install/nav2_straightline_planner/share/nav2_straightline_planner/global_planner_plugin.xml
[33.954s] -- Installing: /home/coderey/ros2_ws/install/nav2_straightline_planner/share/nav2_straightline_planner/environment/library_path.sh
[33.954s] -- Installing: /home/coderey/ros2_ws/install/nav2_straightline_planner/share/nav2_straightline_planner/environment/library_path.dsv
[33.954s] -- Installing: /home/coderey/ros2_ws/install/nav2_straightline_planner/share/ament_index/resource_index/package_run_dependencies/nav2_straightline_planner
[33.955s] -- Installing: /home/coderey/ros2_ws/install/nav2_straightline_planner/share/ament_index/resource_index/parent_prefix_path/nav2_straightline_planner
[33.955s] -- Installing: /home/coderey/ros2_ws/install/nav2_straightline_planner/share/nav2_straightline_planner/environment/ament_prefix_path.sh
[33.955s] -- Installing: /home/coderey/ros2_ws/install/nav2_straightline_planner/share/nav2_straightline_planner/environment/ament_prefix_path.dsv
[33.955s] -- Installing: /home/coderey/ros2_ws/install/nav2_straightline_planner/share/nav2_straightline_planner/environment/path.sh
[33.955s] -- Installing: /home/coderey/ros2_ws/install/nav2_straightline_planner/share/nav2_straightline_planner/environment/path.dsv
[33.955s] -- Installing: /home/coderey/ros2_ws/install/nav2_straightline_planner/share/nav2_straightline_planner/local_setup.bash
[33.955s] -- Installing: /home/coderey/ros2_ws/install/nav2_straightline_planner/share/nav2_straightline_planner/local_setup.sh
[33.955s] -- Installing: /home/coderey/ros2_ws/install/nav2_straightline_planner/share/nav2_straightline_planner/local_setup.zsh
[33.955s] -- Installing: /home/coderey/ros2_ws/install/nav2_straightline_planner/share/nav2_straightline_planner/local_setup.dsv
[33.955s] -- Installing: /home/coderey/ros2_ws/install/nav2_straightline_planner/share/nav2_straightline_planner/package.dsv
[33.956s] -- Installing: /home/coderey/ros2_ws/install/nav2_straightline_planner/share/ament_index/resource_index/packages/nav2_straightline_planner
[33.956s] -- Installing: /home/coderey/ros2_ws/install/nav2_straightline_planner/share/ament_index/resource_index/nav2_core__pluginlib__plugin/nav2_straightline_planner
[33.956s] -- Installing: /home/coderey/ros2_ws/install/nav2_straightline_planner/share/nav2_straightline_planner/cmake/ament_cmake_export_include_directories-extras.cmake
[33.956s] -- Installing: /home/coderey/ros2_ws/install/nav2_straightline_planner/share/nav2_straightline_planner/cmake/ament_cmake_export_libraries-extras.cmake
[33.956s] -- Installing: /home/coderey/ros2_ws/install/nav2_straightline_planner/share/nav2_straightline_planner/cmake/ament_cmake_export_dependencies-extras.cmake
[33.956s] -- Installing: /home/coderey/ros2_ws/install/nav2_straightline_planner/share/nav2_straightline_planner/cmake/nav2_straightline_plannerConfig.cmake
[33.956s] -- Installing: /home/coderey/ros2_ws/install/nav2_straightline_planner/share/nav2_straightline_planner/cmake/nav2_straightline_plannerConfig-version.cmake
[33.956s] -- Installing: /home/coderey/ros2_ws/install/nav2_straightline_planner/share/nav2_straightline_planner/package.xml
[33.958s] Invoked command in '/home/coderey/ros2_ws/build/nav2_straightline_planner' returned '0': CMAKE_PREFIX_PATH=${CMAKE_PREFIX_PATH}:/home/coderey/ros2_ws/install/swisscat_robot:/home/coderey/ros2_ws/install/nav2_gps_waypoint_follower_demo:/home/coderey/ros2_ws/install/mob_rob_loca:/home/coderey/ros2_ws/install/bno055:/home/coderey/microros_ws/install/sensor_msgs_py:/opt/ros/galactic /usr/bin/cmake --install /home/coderey/ros2_ws/build/nav2_straightline_planner
