[0.908s] Invoking command in '/home/coderey/ros2_ws/build/nav2_behavior_tree': AMENT_PREFIX_PATH=/home/coderey/ros2_ws/install/nav2_util:${AMENT_PREFIX_PATH} CMAKE_PREFIX_PATH=/home/coderey/ros2_ws/install/nav2_util:/home/coderey/ros2_ws/install/nav2_msgs:/home/coderey/ros2_ws/install/nav2_common:/home/coderey/ros2_ws/install/robot_localization:/home/coderey/ros2_ws/install/dwb_msgs:/home/coderey/ros2_ws/install/nav_2d_msgs:/home/coderey/ros2_ws/install/nav2_voxel_grid:/home/coderey/ros2_ws/install/marvelmind_ros2:/home/coderey/ros2_ws/install/marvelmind_ros2_msgs:/home/coderey/ros2_ws/install/groot:/home/coderey/microros_ws/install/micro_ros_demos_rclc:/home/coderey/microros_ws/install/common_interfaces:/home/coderey/microros_ws/install/visualization_msgs:/home/coderey/microros_ws/install/test_msgs:/home/coderey/microros_ws/install/example_interfaces:/home/coderey/microros_ws/install/action_msgs:/home/coderey/microros_ws/install/unique_identifier_msgs:/home/coderey/microros_ws/install/trajectory_msgs:/home/coderey/microros_ws/install/stereo_msgs:/home/coderey/microros_ws/install/std_srvs:/home/coderey/microros_ws/install/shape_msgs:/home/coderey/microros_ws/install/sensor_msgs:/home/coderey/microros_ws/install/nav_msgs:/home/coderey/microros_ws/install/diagnostic_msgs:/home/coderey/microros_ws/install/geometry_msgs:/home/coderey/microros_ws/install/drive_base_msgs:/home/coderey/microros_ws/install/actionlib_msgs:/home/coderey/microros_ws/install/std_msgs:/home/coderey/microros_ws/install/statistics_msgs:/home/coderey/microros_ws/install/rosidl_typesupport_microxrcedds_test_msg:/home/coderey/microros_ws/install/rosidl_typesupport_microxrcedds_cpp_tests:/home/coderey/microros_ws/install/rmw_microxrcedds:/home/coderey/microros_ws/install/rosidl_typesupport_microxrcedds_cpp:/home/coderey/microros_ws/install/rosidl_typesupport_microxrcedds_c_tests:/home/coderey/microros_ws/install/rosidl_typesupport_microxrcedds_c:/home/coderey/microros_ws/install/rosgraph_msgs:/home/coderey/microros_ws/install/rclc_parameter:/home/coderey/microros_ws/install/rclc:/home/coderey/microros_ws/install/composition_interfaces:/home/coderey/microros_ws/install/rcl_interfaces:/home/coderey/microros_ws/install/microxrcedds_client:/home/coderey/microros_ws/install/microcdr:/home/coderey/microros_ws/install/micro_ros_utilities:/home/coderey/microros_ws/install/micro_ros_setup:/home/coderey/microros_ws/install/micro_ros_agent:/home/coderey/microros_ws/install/micro_ros_msgs:/home/coderey/microros_ws/install/micro_ros_demos_rclcpp:/home/coderey/microros_ws/install/lifecycle_msgs:/home/coderey/microros_ws/install/complex_msgs:/home/coderey/microros_ws/install/builtin_interfaces:/home/coderey/ros2_ws/install/nav2_simple_commander:/home/coderey/ros2_ws/install/nav2_gazebo_spawner:/home/coderey/ros2_ws/install/mob_rob_loca:/home/coderey/ros2_ws/install/bno055:/home/coderey/microros_ws/install/sensor_msgs_py:/opt/ros/galactic LD_LIBRARY_PATH=/home/coderey/ros2_ws/install/nav2_util/lib:/home/coderey/ros2_ws/install/nav2_msgs/lib:/home/coderey/ros2_ws/install/robot_localization/lib:/home/coderey/ros2_ws/install/dwb_msgs/lib:/home/coderey/ros2_ws/install/nav_2d_msgs/lib:/home/coderey/ros2_ws/install/nav2_voxel_grid/lib:/home/coderey/ros2_ws/install/marvelmind_ros2_msgs/lib:/home/coderey/ros2_ws/install/groot/lib:/home/coderey/microros_ws/install/visualization_msgs/lib:/home/coderey/microros_ws/install/test_msgs/lib:/home/coderey/microros_ws/install/example_interfaces/lib:/home/coderey/microros_ws/install/action_msgs/lib:/home/coderey/microros_ws/install/unique_identifier_msgs/lib:/home/coderey/microros_ws/install/trajectory_msgs/lib:/home/coderey/microros_ws/install/stereo_msgs/lib:/home/coderey/microros_ws/install/std_srvs/lib:/home/coderey/microros_ws/install/shape_msgs/lib:/home/coderey/microros_ws/install/sensor_msgs/lib:/home/coderey/microros_ws/install/nav_msgs/lib:/home/coderey/microros_ws/install/diagnostic_msgs/lib:/home/coderey/microros_ws/install/geometry_msgs/lib:/home/coderey/microros_ws/install/drive_base_msgs/lib:/home/coderey/microros_ws/install/actionlib_msgs/lib:/home/coderey/microros_ws/install/std_msgs/lib:/home/coderey/microros_ws/install/statistics_msgs/lib:/home/coderey/microros_ws/install/rmw_microxrcedds/lib:/home/coderey/microros_ws/install/rosidl_typesupport_microxrcedds_cpp/lib:/home/coderey/microros_ws/install/rosidl_typesupport_microxrcedds_c/lib:/home/coderey/microros_ws/install/rosgraph_msgs/lib:/home/coderey/microros_ws/install/rclc_parameter/lib:/home/coderey/microros_ws/install/rclc/lib:/home/coderey/microros_ws/install/composition_interfaces/lib:/home/coderey/microros_ws/install/rcl_interfaces/lib:/home/coderey/microros_ws/install/microxrcedds_client/lib:/home/coderey/microros_ws/install/microcdr/lib:/home/coderey/microros_ws/install/micro_ros_utilities/lib:/home/coderey/microros_ws/install/micro_ros_agent/lib:/home/coderey/microros_ws/install/micro_ros_msgs/lib:/home/coderey/microros_ws/install/lifecycle_msgs/lib:/home/coderey/microros_ws/install/complex_msgs/lib:/home/coderey/microros_ws/install/builtin_interfaces/lib:/usr/lib/x86_64-linux-gnu/gazebo-11/plugins:/opt/ros/galactic/opt/yaml_cpp_vendor/lib:/opt/ros/galactic/opt/rviz_ogre_vendor/lib:/opt/ros/galactic/lib/x86_64-linux-gnu:/opt/ros/galactic/lib PYTHONPATH=/home/coderey/ros2_ws/install/nav2_msgs/lib/python3.8/site-packages:/home/coderey/ros2_ws/install/nav2_common/lib/python3.8/site-packages:/home/coderey/ros2_ws/install/robot_localization/lib/python3.8/site-packages:/home/coderey/ros2_ws/install/dwb_msgs/lib/python3.8/site-packages:/home/coderey/ros2_ws/install/nav_2d_msgs/lib/python3.8/site-packages:/home/coderey/ros2_ws/build/nav2_simple_commander:/home/coderey/ros2_ws/install/nav2_simple_commander/lib/python3.8/site-packages:/home/coderey/ros2_ws/build/nav2_gazebo_spawner:/home/coderey/ros2_ws/install/nav2_gazebo_spawner/lib/python3.8/site-packages:/home/coderey/ros2_ws/build/mob_rob_loca:/home/coderey/ros2_ws/install/mob_rob_loca/lib/python3.8/site-packages:/home/coderey/ros2_ws/install/marvelmind_ros2_msgs/lib/python3.8/site-packages:/home/coderey/ros2_ws/build/bno055:/home/coderey/ros2_ws/install/bno055/lib/python3.8/site-packages:/home/coderey/microros_ws/install/visualization_msgs/lib/python3.8/site-packages:/home/coderey/microros_ws/install/test_msgs/lib/python3.8/site-packages:/home/coderey/microros_ws/install/example_interfaces/lib/python3.8/site-packages:/home/coderey/microros_ws/install/action_msgs/lib/python3.8/site-packages:/home/coderey/microros_ws/install/unique_identifier_msgs/lib/python3.8/site-packages:/home/coderey/microros_ws/install/trajectory_msgs/lib/python3.8/site-packages:/home/coderey/microros_ws/install/stereo_msgs/lib/python3.8/site-packages:/home/coderey/microros_ws/install/std_srvs/lib/python3.8/site-packages:/home/coderey/microros_ws/install/shape_msgs/lib/python3.8/site-packages:/home/coderey/microros_ws/install/sensor_msgs_py/lib/python3.8/site-packages:/home/coderey/microros_ws/install/sensor_msgs/lib/python3.8/site-packages:/home/coderey/microros_ws/install/nav_msgs/lib/python3.8/site-packages:/home/coderey/microros_ws/install/diagnostic_msgs/lib/python3.8/site-packages:/home/coderey/microros_ws/install/geometry_msgs/lib/python3.8/site-packages:/home/coderey/microros_ws/install/drive_base_msgs/lib/python3.8/site-packages:/home/coderey/microros_ws/install/actionlib_msgs/lib/python3.8/site-packages:/home/coderey/microros_ws/install/std_msgs/lib/python3.8/site-packages:/home/coderey/microros_ws/install/statistics_msgs/lib/python3.8/site-packages:/home/coderey/microros_ws/install/rosidl_typesupport_microxrcedds_cpp/lib/python3.8/site-packages:/home/coderey/microros_ws/install/rosidl_typesupport_microxrcedds_c/lib/python3.8/site-packages:/home/coderey/microros_ws/install/rosgraph_msgs/lib/python3.8/site-packages:/home/coderey/microros_ws/install/composition_interfaces/lib/python3.8/site-packages:/home/coderey/microros_ws/install/rcl_interfaces/lib/python3.8/site-packages:/home/coderey/microros_ws/install/micro_ros_msgs/lib/python3.8/site-packages:/home/coderey/microros_ws/install/lifecycle_msgs/lib/python3.8/site-packages:/home/coderey/microros_ws/install/complex_msgs/lib/python3.8/site-packages:/home/coderey/microros_ws/install/builtin_interfaces/lib/python3.8/site-packages:/opt/ros/galactic/lib/python3.8/site-packages:/opt/ros/galactic/lib/python3/dist-packages /usr/bin/cmake --build /home/coderey/ros2_ws/build/nav2_behavior_tree -- -j8 -l8
[1.081s] [  1%] Built target nav2_goal_updated_controller_bt_node
[1.130s] [  3%] Built target nav2_goal_checker_selector_bt_node
[1.130s] [  4%] Built target nav2_controller_selector_bt_node
[1.151s] [  6%] Built target nav2_planner_selector_bt_node
[1.162s] [  7%] Built target nav2_pipeline_sequence_bt_node
[1.167s] [  8%] Built target nav2_transform_available_condition_bt_node
[1.169s] [ 10%] Built target nav2_single_trigger_bt_node
[1.196s] [ 11%] Built target nav2_wait_action_bt_node
[1.323s] [ 13%] Built target nav2_compute_path_to_pose_action_bt_node
[1.331s] [ 14%] Built target nav2_spin_action_bt_node
[1.334s] [ 15%] Built target nav2_compute_path_through_poses_action_bt_node
[1.350s] [ 17%] Built target nav2_goal_updated_condition_bt_node
[1.355s] [ 18%] Built target nav2_is_stuck_condition_bt_node
[1.362s] [ 19%] Built target nav2_behavior_tree
[1.461s] [ 21%] Built target nav2_goal_updater_node_bt_node
[1.478s] [ 22%] Built target nav2_follow_path_action_bt_node
[1.482s] [ 23%] Built target nav2_round_robin_node_bt_node
[1.493s] [ 25%] Built target nav2_navigate_through_poses_action_bt_node
[1.493s] [ 25%] Built target nav2_goal_reached_condition_bt_node
[1.495s] [ 27%] Built target nav2_remove_passed_goals_action_bt_node
[1.548s] [ 28%] Built target nav2_initial_pose_received_condition_bt_node
[1.597s] [ 30%] Built target nav2_time_expired_condition_bt_node
[1.601s] [ 31%] Built target nav2_distance_traveled_condition_bt_node
[1.609s] [ 33%] Built target nav2_is_battery_low_condition_bt_node
[1.622s] [ 34%] Built target nav2_reinitialize_global_localization_service_bt_node
[1.623s] [ 35%] Built target nav2_rate_controller_bt_node
[1.629s] [ 37%] Built target nav2_distance_controller_bt_node
[1.635s] [ 39%] Built target nav2_clear_costmap_service_bt_node
[1.705s] [ 40%] Built target gtest_main
[1.705s] [ 42%] Built target nav2_recovery_node_bt_node
[1.705s] [ 44%] Built target nav2_truncate_path_action_bt_node
[1.705s] [ 46%] Built target nav2_navigate_to_pose_action_bt_node
[1.707s] [ 47%] Built target gtest
[1.714s] [ 48%] Built target nav2_speed_controller_bt_node
[1.723s] [ 50%] Built target nav2_back_up_action_bt_node
[1.802s] [ 52%] Built target test_bt_conversions
[1.802s] [ 55%] Built target test_condition_distance_traveled
[1.802s] [ 55%] Built target test_condition_time_expired
[1.803s] [ 56%] Built target test_condition_goal_updated
[1.810s] [ 58%] Built target test_condition_is_battery_low
[1.812s] [ 59%] Built target test_condition_transform_available
[1.818s] [ 60%] Built target test_condition_initial_pose_received
[1.820s] [ 61%] Built target test_condition_is_stuck
[1.877s] [ 63%] Built target test_condition_goal_reached
[1.882s] [ 64%] Built target test_single_trigger_node
[1.888s] [ 66%] Built target test_goal_updater_node
[1.899s] [ 67%] Built target test_goal_updated_controller
[1.901s] [ 69%] Built target test_decorator_rate_controller
[1.902s] [ 70%] Built target test_decorator_speed_controller
[1.905s] [ 71%] Built target test_decorator_distance_controller
[1.915s] [ 73%] Built target test_control_round_robin_node
[1.955s] [ 75%] Built target test_control_pipeline_sequence
[1.971s] [ 76%] Built target test_control_recovery_node
[1.974s] [ 77%] Built target test_planner_selector_node
[1.976s] [ 78%] Built target test_action_spin_action
[1.981s] [ 79%] Built target test_bt_action_node
[1.986s] [ 81%] Built target test_goal_checker_selector_node
[1.988s] [ 82%] Built target test_controller_selector_node
[1.993s] [ 84%] Built target test_action_back_up_action
[2.036s] [ 86%] Built target test_action_wait_action
[2.056s] [ 88%] Built target test_action_reinitialize_global_localization_service
[2.067s] [ 89%] Built target test_action_clear_costmap_service
[2.072s] [ 90%] Built target test_action_compute_path_to_pose_action
[2.086s] [ 91%] Built target test_action_follow_path_action
[2.087s] [ 93%] Built target test_action_navigate_through_poses_action
[2.087s] [ 95%] Built target test_action_compute_path_through_poses_action
[2.089s] [ 97%] Built target test_truncate_path_action
[2.106s] [ 98%] Built target test_action_navigate_to_pose_action
[2.121s] [100%] Built target test_remove_passed_goals_action
[2.583s] Invoked command in '/home/coderey/ros2_ws/build/nav2_behavior_tree' returned '0': AMENT_PREFIX_PATH=/home/coderey/ros2_ws/install/nav2_util:${AMENT_PREFIX_PATH} CMAKE_PREFIX_PATH=/home/coderey/ros2_ws/install/nav2_util:/home/coderey/ros2_ws/install/nav2_msgs:/home/coderey/ros2_ws/install/nav2_common:/home/coderey/ros2_ws/install/robot_localization:/home/coderey/ros2_ws/install/dwb_msgs:/home/coderey/ros2_ws/install/nav_2d_msgs:/home/coderey/ros2_ws/install/nav2_voxel_grid:/home/coderey/ros2_ws/install/marvelmind_ros2:/home/coderey/ros2_ws/install/marvelmind_ros2_msgs:/home/coderey/ros2_ws/install/groot:/home/coderey/microros_ws/install/micro_ros_demos_rclc:/home/coderey/microros_ws/install/common_interfaces:/home/coderey/microros_ws/install/visualization_msgs:/home/coderey/microros_ws/install/test_msgs:/home/coderey/microros_ws/install/example_interfaces:/home/coderey/microros_ws/install/action_msgs:/home/coderey/microros_ws/install/unique_identifier_msgs:/home/coderey/microros_ws/install/trajectory_msgs:/home/coderey/microros_ws/install/stereo_msgs:/home/coderey/microros_ws/install/std_srvs:/home/coderey/microros_ws/install/shape_msgs:/home/coderey/microros_ws/install/sensor_msgs:/home/coderey/microros_ws/install/nav_msgs:/home/coderey/microros_ws/install/diagnostic_msgs:/home/coderey/microros_ws/install/geometry_msgs:/home/coderey/microros_ws/install/drive_base_msgs:/home/coderey/microros_ws/install/actionlib_msgs:/home/coderey/microros_ws/install/std_msgs:/home/coderey/microros_ws/install/statistics_msgs:/home/coderey/microros_ws/install/rosidl_typesupport_microxrcedds_test_msg:/home/coderey/microros_ws/install/rosidl_typesupport_microxrcedds_cpp_tests:/home/coderey/microros_ws/install/rmw_microxrcedds:/home/coderey/microros_ws/install/rosidl_typesupport_microxrcedds_cpp:/home/coderey/microros_ws/install/rosidl_typesupport_microxrcedds_c_tests:/home/coderey/microros_ws/install/rosidl_typesupport_microxrcedds_c:/home/coderey/microros_ws/install/rosgraph_msgs:/home/coderey/microros_ws/install/rclc_parameter:/home/coderey/microros_ws/install/rclc:/home/coderey/microros_ws/install/composition_interfaces:/home/coderey/microros_ws/install/rcl_interfaces:/home/coderey/microros_ws/install/microxrcedds_client:/home/coderey/microros_ws/install/microcdr:/home/coderey/microros_ws/install/micro_ros_utilities:/home/coderey/microros_ws/install/micro_ros_setup:/home/coderey/microros_ws/install/micro_ros_agent:/home/coderey/microros_ws/install/micro_ros_msgs:/home/coderey/microros_ws/install/micro_ros_demos_rclcpp:/home/coderey/microros_ws/install/lifecycle_msgs:/home/coderey/microros_ws/install/complex_msgs:/home/coderey/microros_ws/install/builtin_interfaces:/home/coderey/ros2_ws/install/nav2_simple_commander:/home/coderey/ros2_ws/install/nav2_gazebo_spawner:/home/coderey/ros2_ws/install/mob_rob_loca:/home/coderey/ros2_ws/install/bno055:/home/coderey/microros_ws/install/sensor_msgs_py:/opt/ros/galactic LD_LIBRARY_PATH=/home/coderey/ros2_ws/install/nav2_util/lib:/home/coderey/ros2_ws/install/nav2_msgs/lib:/home/coderey/ros2_ws/install/robot_localization/lib:/home/coderey/ros2_ws/install/dwb_msgs/lib:/home/coderey/ros2_ws/install/nav_2d_msgs/lib:/home/coderey/ros2_ws/install/nav2_voxel_grid/lib:/home/coderey/ros2_ws/install/marvelmind_ros2_msgs/lib:/home/coderey/ros2_ws/install/groot/lib:/home/coderey/microros_ws/install/visualization_msgs/lib:/home/coderey/microros_ws/install/test_msgs/lib:/home/coderey/microros_ws/install/example_interfaces/lib:/home/coderey/microros_ws/install/action_msgs/lib:/home/coderey/microros_ws/install/unique_identifier_msgs/lib:/home/coderey/microros_ws/install/trajectory_msgs/lib:/home/coderey/microros_ws/install/stereo_msgs/lib:/home/coderey/microros_ws/install/std_srvs/lib:/home/coderey/microros_ws/install/shape_msgs/lib:/home/coderey/microros_ws/install/sensor_msgs/lib:/home/coderey/microros_ws/install/nav_msgs/lib:/home/coderey/microros_ws/install/diagnostic_msgs/lib:/home/coderey/microros_ws/install/geometry_msgs/lib:/home/coderey/microros_ws/install/drive_base_msgs/lib:/home/coderey/microros_ws/install/actionlib_msgs/lib:/home/coderey/microros_ws/install/std_msgs/lib:/home/coderey/microros_ws/install/statistics_msgs/lib:/home/coderey/microros_ws/install/rmw_microxrcedds/lib:/home/coderey/microros_ws/install/rosidl_typesupport_microxrcedds_cpp/lib:/home/coderey/microros_ws/install/rosidl_typesupport_microxrcedds_c/lib:/home/coderey/microros_ws/install/rosgraph_msgs/lib:/home/coderey/microros_ws/install/rclc_parameter/lib:/home/coderey/microros_ws/install/rclc/lib:/home/coderey/microros_ws/install/composition_interfaces/lib:/home/coderey/microros_ws/install/rcl_interfaces/lib:/home/coderey/microros_ws/install/microxrcedds_client/lib:/home/coderey/microros_ws/install/microcdr/lib:/home/coderey/microros_ws/install/micro_ros_utilities/lib:/home/coderey/microros_ws/install/micro_ros_agent/lib:/home/coderey/microros_ws/install/micro_ros_msgs/lib:/home/coderey/microros_ws/install/lifecycle_msgs/lib:/home/coderey/microros_ws/install/complex_msgs/lib:/home/coderey/microros_ws/install/builtin_interfaces/lib:/usr/lib/x86_64-linux-gnu/gazebo-11/plugins:/opt/ros/galactic/opt/yaml_cpp_vendor/lib:/opt/ros/galactic/opt/rviz_ogre_vendor/lib:/opt/ros/galactic/lib/x86_64-linux-gnu:/opt/ros/galactic/lib PYTHONPATH=/home/coderey/ros2_ws/install/nav2_msgs/lib/python3.8/site-packages:/home/coderey/ros2_ws/install/nav2_common/lib/python3.8/site-packages:/home/coderey/ros2_ws/install/robot_localization/lib/python3.8/site-packages:/home/coderey/ros2_ws/install/dwb_msgs/lib/python3.8/site-packages:/home/coderey/ros2_ws/install/nav_2d_msgs/lib/python3.8/site-packages:/home/coderey/ros2_ws/build/nav2_simple_commander:/home/coderey/ros2_ws/install/nav2_simple_commander/lib/python3.8/site-packages:/home/coderey/ros2_ws/build/nav2_gazebo_spawner:/home/coderey/ros2_ws/install/nav2_gazebo_spawner/lib/python3.8/site-packages:/home/coderey/ros2_ws/build/mob_rob_loca:/home/coderey/ros2_ws/install/mob_rob_loca/lib/python3.8/site-packages:/home/coderey/ros2_ws/install/marvelmind_ros2_msgs/lib/python3.8/site-packages:/home/coderey/ros2_ws/build/bno055:/home/coderey/ros2_ws/install/bno055/lib/python3.8/site-packages:/home/coderey/microros_ws/install/visualization_msgs/lib/python3.8/site-packages:/home/coderey/microros_ws/install/test_msgs/lib/python3.8/site-packages:/home/coderey/microros_ws/install/example_interfaces/lib/python3.8/site-packages:/home/coderey/microros_ws/install/action_msgs/lib/python3.8/site-packages:/home/coderey/microros_ws/install/unique_identifier_msgs/lib/python3.8/site-packages:/home/coderey/microros_ws/install/trajectory_msgs/lib/python3.8/site-packages:/home/coderey/microros_ws/install/stereo_msgs/lib/python3.8/site-packages:/home/coderey/microros_ws/install/std_srvs/lib/python3.8/site-packages:/home/coderey/microros_ws/install/shape_msgs/lib/python3.8/site-packages:/home/coderey/microros_ws/install/sensor_msgs_py/lib/python3.8/site-packages:/home/coderey/microros_ws/install/sensor_msgs/lib/python3.8/site-packages:/home/coderey/microros_ws/install/nav_msgs/lib/python3.8/site-packages:/home/coderey/microros_ws/install/diagnostic_msgs/lib/python3.8/site-packages:/home/coderey/microros_ws/install/geometry_msgs/lib/python3.8/site-packages:/home/coderey/microros_ws/install/drive_base_msgs/lib/python3.8/site-packages:/home/coderey/microros_ws/install/actionlib_msgs/lib/python3.8/site-packages:/home/coderey/microros_ws/install/std_msgs/lib/python3.8/site-packages:/home/coderey/microros_ws/install/statistics_msgs/lib/python3.8/site-packages:/home/coderey/microros_ws/install/rosidl_typesupport_microxrcedds_cpp/lib/python3.8/site-packages:/home/coderey/microros_ws/install/rosidl_typesupport_microxrcedds_c/lib/python3.8/site-packages:/home/coderey/microros_ws/install/rosgraph_msgs/lib/python3.8/site-packages:/home/coderey/microros_ws/install/composition_interfaces/lib/python3.8/site-packages:/home/coderey/microros_ws/install/rcl_interfaces/lib/python3.8/site-packages:/home/coderey/microros_ws/install/micro_ros_msgs/lib/python3.8/site-packages:/home/coderey/microros_ws/install/lifecycle_msgs/lib/python3.8/site-packages:/home/coderey/microros_ws/install/complex_msgs/lib/python3.8/site-packages:/home/coderey/microros_ws/install/builtin_interfaces/lib/python3.8/site-packages:/opt/ros/galactic/lib/python3.8/site-packages:/opt/ros/galactic/lib/python3/dist-packages /usr/bin/cmake --build /home/coderey/ros2_ws/build/nav2_behavior_tree -- -j8 -l8
[3.691s] Invoking command in '/home/coderey/ros2_ws/build/nav2_behavior_tree': AMENT_PREFIX_PATH=/home/coderey/ros2_ws/install/nav2_util:${AMENT_PREFIX_PATH} CMAKE_PREFIX_PATH=/home/coderey/ros2_ws/install/nav2_util:/home/coderey/ros2_ws/install/nav2_msgs:/home/coderey/ros2_ws/install/nav2_common:/home/coderey/ros2_ws/install/robot_localization:/home/coderey/ros2_ws/install/dwb_msgs:/home/coderey/ros2_ws/install/nav_2d_msgs:/home/coderey/ros2_ws/install/nav2_voxel_grid:/home/coderey/ros2_ws/install/marvelmind_ros2:/home/coderey/ros2_ws/install/marvelmind_ros2_msgs:/home/coderey/ros2_ws/install/groot:/home/coderey/microros_ws/install/micro_ros_demos_rclc:/home/coderey/microros_ws/install/common_interfaces:/home/coderey/microros_ws/install/visualization_msgs:/home/coderey/microros_ws/install/test_msgs:/home/coderey/microros_ws/install/example_interfaces:/home/coderey/microros_ws/install/action_msgs:/home/coderey/microros_ws/install/unique_identifier_msgs:/home/coderey/microros_ws/install/trajectory_msgs:/home/coderey/microros_ws/install/stereo_msgs:/home/coderey/microros_ws/install/std_srvs:/home/coderey/microros_ws/install/shape_msgs:/home/coderey/microros_ws/install/sensor_msgs:/home/coderey/microros_ws/install/nav_msgs:/home/coderey/microros_ws/install/diagnostic_msgs:/home/coderey/microros_ws/install/geometry_msgs:/home/coderey/microros_ws/install/drive_base_msgs:/home/coderey/microros_ws/install/actionlib_msgs:/home/coderey/microros_ws/install/std_msgs:/home/coderey/microros_ws/install/statistics_msgs:/home/coderey/microros_ws/install/rosidl_typesupport_microxrcedds_test_msg:/home/coderey/microros_ws/install/rosidl_typesupport_microxrcedds_cpp_tests:/home/coderey/microros_ws/install/rmw_microxrcedds:/home/coderey/microros_ws/install/rosidl_typesupport_microxrcedds_cpp:/home/coderey/microros_ws/install/rosidl_typesupport_microxrcedds_c_tests:/home/coderey/microros_ws/install/rosidl_typesupport_microxrcedds_c:/home/coderey/microros_ws/install/rosgraph_msgs:/home/coderey/microros_ws/install/rclc_parameter:/home/coderey/microros_ws/install/rclc:/home/coderey/microros_ws/install/composition_interfaces:/home/coderey/microros_ws/install/rcl_interfaces:/home/coderey/microros_ws/install/microxrcedds_client:/home/coderey/microros_ws/install/microcdr:/home/coderey/microros_ws/install/micro_ros_utilities:/home/coderey/microros_ws/install/micro_ros_setup:/home/coderey/microros_ws/install/micro_ros_agent:/home/coderey/microros_ws/install/micro_ros_msgs:/home/coderey/microros_ws/install/micro_ros_demos_rclcpp:/home/coderey/microros_ws/install/lifecycle_msgs:/home/coderey/microros_ws/install/complex_msgs:/home/coderey/microros_ws/install/builtin_interfaces:/home/coderey/ros2_ws/install/nav2_simple_commander:/home/coderey/ros2_ws/install/nav2_gazebo_spawner:/home/coderey/ros2_ws/install/mob_rob_loca:/home/coderey/ros2_ws/install/bno055:/home/coderey/microros_ws/install/sensor_msgs_py:/opt/ros/galactic LD_LIBRARY_PATH=/home/coderey/ros2_ws/install/nav2_util/lib:/home/coderey/ros2_ws/install/nav2_msgs/lib:/home/coderey/ros2_ws/install/robot_localization/lib:/home/coderey/ros2_ws/install/dwb_msgs/lib:/home/coderey/ros2_ws/install/nav_2d_msgs/lib:/home/coderey/ros2_ws/install/nav2_voxel_grid/lib:/home/coderey/ros2_ws/install/marvelmind_ros2_msgs/lib:/home/coderey/ros2_ws/install/groot/lib:/home/coderey/microros_ws/install/visualization_msgs/lib:/home/coderey/microros_ws/install/test_msgs/lib:/home/coderey/microros_ws/install/example_interfaces/lib:/home/coderey/microros_ws/install/action_msgs/lib:/home/coderey/microros_ws/install/unique_identifier_msgs/lib:/home/coderey/microros_ws/install/trajectory_msgs/lib:/home/coderey/microros_ws/install/stereo_msgs/lib:/home/coderey/microros_ws/install/std_srvs/lib:/home/coderey/microros_ws/install/shape_msgs/lib:/home/coderey/microros_ws/install/sensor_msgs/lib:/home/coderey/microros_ws/install/nav_msgs/lib:/home/coderey/microros_ws/install/diagnostic_msgs/lib:/home/coderey/microros_ws/install/geometry_msgs/lib:/home/coderey/microros_ws/install/drive_base_msgs/lib:/home/coderey/microros_ws/install/actionlib_msgs/lib:/home/coderey/microros_ws/install/std_msgs/lib:/home/coderey/microros_ws/install/statistics_msgs/lib:/home/coderey/microros_ws/install/rmw_microxrcedds/lib:/home/coderey/microros_ws/install/rosidl_typesupport_microxrcedds_cpp/lib:/home/coderey/microros_ws/install/rosidl_typesupport_microxrcedds_c/lib:/home/coderey/microros_ws/install/rosgraph_msgs/lib:/home/coderey/microros_ws/install/rclc_parameter/lib:/home/coderey/microros_ws/install/rclc/lib:/home/coderey/microros_ws/install/composition_interfaces/lib:/home/coderey/microros_ws/install/rcl_interfaces/lib:/home/coderey/microros_ws/install/microxrcedds_client/lib:/home/coderey/microros_ws/install/microcdr/lib:/home/coderey/microros_ws/install/micro_ros_utilities/lib:/home/coderey/microros_ws/install/micro_ros_agent/lib:/home/coderey/microros_ws/install/micro_ros_msgs/lib:/home/coderey/microros_ws/install/lifecycle_msgs/lib:/home/coderey/microros_ws/install/complex_msgs/lib:/home/coderey/microros_ws/install/builtin_interfaces/lib:/usr/lib/x86_64-linux-gnu/gazebo-11/plugins:/opt/ros/galactic/opt/yaml_cpp_vendor/lib:/opt/ros/galactic/opt/rviz_ogre_vendor/lib:/opt/ros/galactic/lib/x86_64-linux-gnu:/opt/ros/galactic/lib PYTHONPATH=/home/coderey/ros2_ws/install/nav2_msgs/lib/python3.8/site-packages:/home/coderey/ros2_ws/install/nav2_common/lib/python3.8/site-packages:/home/coderey/ros2_ws/install/robot_localization/lib/python3.8/site-packages:/home/coderey/ros2_ws/install/dwb_msgs/lib/python3.8/site-packages:/home/coderey/ros2_ws/install/nav_2d_msgs/lib/python3.8/site-packages:/home/coderey/ros2_ws/build/nav2_simple_commander:/home/coderey/ros2_ws/install/nav2_simple_commander/lib/python3.8/site-packages:/home/coderey/ros2_ws/build/nav2_gazebo_spawner:/home/coderey/ros2_ws/install/nav2_gazebo_spawner/lib/python3.8/site-packages:/home/coderey/ros2_ws/build/mob_rob_loca:/home/coderey/ros2_ws/install/mob_rob_loca/lib/python3.8/site-packages:/home/coderey/ros2_ws/install/marvelmind_ros2_msgs/lib/python3.8/site-packages:/home/coderey/ros2_ws/build/bno055:/home/coderey/ros2_ws/install/bno055/lib/python3.8/site-packages:/home/coderey/microros_ws/install/visualization_msgs/lib/python3.8/site-packages:/home/coderey/microros_ws/install/test_msgs/lib/python3.8/site-packages:/home/coderey/microros_ws/install/example_interfaces/lib/python3.8/site-packages:/home/coderey/microros_ws/install/action_msgs/lib/python3.8/site-packages:/home/coderey/microros_ws/install/unique_identifier_msgs/lib/python3.8/site-packages:/home/coderey/microros_ws/install/trajectory_msgs/lib/python3.8/site-packages:/home/coderey/microros_ws/install/stereo_msgs/lib/python3.8/site-packages:/home/coderey/microros_ws/install/std_srvs/lib/python3.8/site-packages:/home/coderey/microros_ws/install/shape_msgs/lib/python3.8/site-packages:/home/coderey/microros_ws/install/sensor_msgs_py/lib/python3.8/site-packages:/home/coderey/microros_ws/install/sensor_msgs/lib/python3.8/site-packages:/home/coderey/microros_ws/install/nav_msgs/lib/python3.8/site-packages:/home/coderey/microros_ws/install/diagnostic_msgs/lib/python3.8/site-packages:/home/coderey/microros_ws/install/geometry_msgs/lib/python3.8/site-packages:/home/coderey/microros_ws/install/drive_base_msgs/lib/python3.8/site-packages:/home/coderey/microros_ws/install/actionlib_msgs/lib/python3.8/site-packages:/home/coderey/microros_ws/install/std_msgs/lib/python3.8/site-packages:/home/coderey/microros_ws/install/statistics_msgs/lib/python3.8/site-packages:/home/coderey/microros_ws/install/rosidl_typesupport_microxrcedds_cpp/lib/python3.8/site-packages:/home/coderey/microros_ws/install/rosidl_typesupport_microxrcedds_c/lib/python3.8/site-packages:/home/coderey/microros_ws/install/rosgraph_msgs/lib/python3.8/site-packages:/home/coderey/microros_ws/install/composition_interfaces/lib/python3.8/site-packages:/home/coderey/microros_ws/install/rcl_interfaces/lib/python3.8/site-packages:/home/coderey/microros_ws/install/micro_ros_msgs/lib/python3.8/site-packages:/home/coderey/microros_ws/install/lifecycle_msgs/lib/python3.8/site-packages:/home/coderey/microros_ws/install/complex_msgs/lib/python3.8/site-packages:/home/coderey/microros_ws/install/builtin_interfaces/lib/python3.8/site-packages:/opt/ros/galactic/lib/python3.8/site-packages:/opt/ros/galactic/lib/python3/dist-packages /usr/bin/cmake --install /home/coderey/ros2_ws/build/nav2_behavior_tree
[3.701s] -- Install configuration: "Release"
[3.702s] -- Execute custom install script
[3.703s] -- Up-to-date symlink: /home/coderey/ros2_ws/install/nav2_behavior_tree/lib/libnav2_behavior_tree.so
[3.703s] -- Up-to-date symlink: /home/coderey/ros2_ws/install/nav2_behavior_tree/lib/libnav2_compute_path_to_pose_action_bt_node.so
[3.703s] -- Up-to-date symlink: /home/coderey/ros2_ws/install/nav2_behavior_tree/lib/libnav2_compute_path_through_poses_action_bt_node.so
[3.703s] -- Up-to-date symlink: /home/coderey/ros2_ws/install/nav2_behavior_tree/lib/libnav2_follow_path_action_bt_node.so
[3.704s] -- Up-to-date symlink: /home/coderey/ros2_ws/install/nav2_behavior_tree/lib/libnav2_back_up_action_bt_node.so
[3.704s] -- Up-to-date symlink: /home/coderey/ros2_ws/install/nav2_behavior_tree/lib/libnav2_spin_action_bt_node.so
[3.704s] -- Up-to-date symlink: /home/coderey/ros2_ws/install/nav2_behavior_tree/lib/libnav2_wait_action_bt_node.so
[3.704s] -- Up-to-date symlink: /home/coderey/ros2_ws/install/nav2_behavior_tree/lib/libnav2_clear_costmap_service_bt_node.so
[3.705s] -- Up-to-date symlink: /home/coderey/ros2_ws/install/nav2_behavior_tree/lib/libnav2_is_stuck_condition_bt_node.so
[3.705s] -- Up-to-date symlink: /home/coderey/ros2_ws/install/nav2_behavior_tree/lib/libnav2_transform_available_condition_bt_node.so
[3.705s] -- Up-to-date symlink: /home/coderey/ros2_ws/install/nav2_behavior_tree/lib/libnav2_goal_reached_condition_bt_node.so
[3.705s] -- Up-to-date symlink: /home/coderey/ros2_ws/install/nav2_behavior_tree/lib/libnav2_goal_updated_condition_bt_node.so
[3.706s] -- Up-to-date symlink: /home/coderey/ros2_ws/install/nav2_behavior_tree/lib/libnav2_time_expired_condition_bt_node.so
[3.706s] -- Up-to-date symlink: /home/coderey/ros2_ws/install/nav2_behavior_tree/lib/libnav2_distance_traveled_condition_bt_node.so
[3.706s] -- Up-to-date symlink: /home/coderey/ros2_ws/install/nav2_behavior_tree/lib/libnav2_initial_pose_received_condition_bt_node.so
[3.706s] -- Up-to-date symlink: /home/coderey/ros2_ws/install/nav2_behavior_tree/lib/libnav2_is_battery_low_condition_bt_node.so
[3.706s] -- Up-to-date symlink: /home/coderey/ros2_ws/install/nav2_behavior_tree/lib/libnav2_reinitialize_global_localization_service_bt_node.so
[3.707s] -- Up-to-date symlink: /home/coderey/ros2_ws/install/nav2_behavior_tree/lib/libnav2_rate_controller_bt_node.so
[3.707s] -- Up-to-date symlink: /home/coderey/ros2_ws/install/nav2_behavior_tree/lib/libnav2_distance_controller_bt_node.so
[3.707s] -- Up-to-date symlink: /home/coderey/ros2_ws/install/nav2_behavior_tree/lib/libnav2_speed_controller_bt_node.so
[3.707s] -- Up-to-date symlink: /home/coderey/ros2_ws/install/nav2_behavior_tree/lib/libnav2_truncate_path_action_bt_node.so
[3.707s] -- Up-to-date symlink: /home/coderey/ros2_ws/install/nav2_behavior_tree/lib/libnav2_goal_updater_node_bt_node.so
[3.707s] -- Up-to-date symlink: /home/coderey/ros2_ws/install/nav2_behavior_tree/lib/libnav2_recovery_node_bt_node.so
[3.708s] -- Up-to-date symlink: /home/coderey/ros2_ws/install/nav2_behavior_tree/lib/libnav2_navigate_to_pose_action_bt_node.so
[3.708s] -- Up-to-date symlink: /home/coderey/ros2_ws/install/nav2_behavior_tree/lib/libnav2_navigate_through_poses_action_bt_node.so
[3.708s] -- Up-to-date symlink: /home/coderey/ros2_ws/install/nav2_behavior_tree/lib/libnav2_remove_passed_goals_action_bt_node.so
[3.708s] -- Up-to-date symlink: /home/coderey/ros2_ws/install/nav2_behavior_tree/lib/libnav2_pipeline_sequence_bt_node.so
[3.708s] -- Up-to-date symlink: /home/coderey/ros2_ws/install/nav2_behavior_tree/lib/libnav2_round_robin_node_bt_node.so
[3.709s] -- Up-to-date symlink: /home/coderey/ros2_ws/install/nav2_behavior_tree/lib/libnav2_single_trigger_bt_node.so
[3.709s] -- Up-to-date symlink: /home/coderey/ros2_ws/install/nav2_behavior_tree/lib/libnav2_planner_selector_bt_node.so
[3.709s] -- Up-to-date symlink: /home/coderey/ros2_ws/install/nav2_behavior_tree/lib/libnav2_controller_selector_bt_node.so
[3.709s] -- Up-to-date symlink: /home/coderey/ros2_ws/install/nav2_behavior_tree/lib/libnav2_goal_checker_selector_bt_node.so
[3.710s] -- Up-to-date symlink: /home/coderey/ros2_ws/install/nav2_behavior_tree/lib/libnav2_goal_updated_controller_bt_node.so
[3.710s] -- Up-to-date symlink: /home/coderey/ros2_ws/install/nav2_behavior_tree/include//nav2_behavior_tree/behavior_tree_engine.hpp
[3.711s] -- Up-to-date symlink: /home/coderey/ros2_ws/install/nav2_behavior_tree/include//nav2_behavior_tree/bt_action_node.hpp
[3.711s] -- Up-to-date symlink: /home/coderey/ros2_ws/install/nav2_behavior_tree/include//nav2_behavior_tree/bt_action_server.hpp
[3.711s] -- Up-to-date symlink: /home/coderey/ros2_ws/install/nav2_behavior_tree/include//nav2_behavior_tree/bt_action_server_impl.hpp
[3.711s] -- Up-to-date symlink: /home/coderey/ros2_ws/install/nav2_behavior_tree/include//nav2_behavior_tree/bt_conversions.hpp
[3.711s] -- Up-to-date symlink: /home/coderey/ros2_ws/install/nav2_behavior_tree/include//nav2_behavior_tree/bt_service_node.hpp
[3.712s] -- Up-to-date symlink: /home/coderey/ros2_ws/install/nav2_behavior_tree/include//nav2_behavior_tree/plugins/action/back_up_action.hpp
[3.712s] -- Up-to-date symlink: /home/coderey/ros2_ws/install/nav2_behavior_tree/include//nav2_behavior_tree/plugins/action/clear_costmap_service.hpp
[3.712s] -- Up-to-date symlink: /home/coderey/ros2_ws/install/nav2_behavior_tree/include//nav2_behavior_tree/plugins/action/compute_path_through_poses_action.hpp
[3.712s] -- Up-to-date symlink: /home/coderey/ros2_ws/install/nav2_behavior_tree/include//nav2_behavior_tree/plugins/action/compute_path_to_pose_action.hpp
[3.712s] -- Up-to-date symlink: /home/coderey/ros2_ws/install/nav2_behavior_tree/include//nav2_behavior_tree/plugins/action/controller_selector_node.hpp
[3.712s] -- Up-to-date symlink: /home/coderey/ros2_ws/install/nav2_behavior_tree/include//nav2_behavior_tree/plugins/action/follow_path_action.hpp
[3.713s] -- Up-to-date symlink: /home/coderey/ros2_ws/install/nav2_behavior_tree/include//nav2_behavior_tree/plugins/action/goal_checker_selector_node.hpp
[3.713s] -- Up-to-date symlink: /home/coderey/ros2_ws/install/nav2_behavior_tree/include//nav2_behavior_tree/plugins/action/navigate_through_poses_action.hpp
[3.713s] -- Up-to-date symlink: /home/coderey/ros2_ws/install/nav2_behavior_tree/include//nav2_behavior_tree/plugins/action/navigate_to_pose_action.hpp
[3.713s] -- Up-to-date symlink: /home/coderey/ros2_ws/install/nav2_behavior_tree/include//nav2_behavior_tree/plugins/action/planner_selector_node.hpp
[3.713s] -- Up-to-date symlink: /home/coderey/ros2_ws/install/nav2_behavior_tree/include//nav2_behavior_tree/plugins/action/reinitialize_global_localization_service.hpp
[3.713s] -- Up-to-date symlink: /home/coderey/ros2_ws/install/nav2_behavior_tree/include//nav2_behavior_tree/plugins/action/remove_passed_goals_action.hpp
[3.713s] -- Up-to-date symlink: /home/coderey/ros2_ws/install/nav2_behavior_tree/include//nav2_behavior_tree/plugins/action/spin_action.hpp
[3.713s] -- Up-to-date symlink: /home/coderey/ros2_ws/install/nav2_behavior_tree/include//nav2_behavior_tree/plugins/action/truncate_path_action.hpp
[3.714s] -- Up-to-date symlink: /home/coderey/ros2_ws/install/nav2_behavior_tree/include//nav2_behavior_tree/plugins/action/wait_action.hpp
[3.714s] -- Up-to-date symlink: /home/coderey/ros2_ws/install/nav2_behavior_tree/include//nav2_behavior_tree/plugins/condition/distance_traveled_condition.hpp
[3.714s] -- Up-to-date symlink: /home/coderey/ros2_ws/install/nav2_behavior_tree/include//nav2_behavior_tree/plugins/condition/goal_reached_condition.hpp
[3.714s] -- Up-to-date symlink: /home/coderey/ros2_ws/install/nav2_behavior_tree/include//nav2_behavior_tree/plugins/condition/goal_updated_condition.hpp
[3.714s] -- Up-to-date symlink: /home/coderey/ros2_ws/install/nav2_behavior_tree/include//nav2_behavior_tree/plugins/condition/initial_pose_received_condition.hpp
[3.714s] -- Up-to-date symlink: /home/coderey/ros2_ws/install/nav2_behavior_tree/include//nav2_behavior_tree/plugins/condition/is_battery_low_condition.hpp
[3.714s] -- Up-to-date symlink: /home/coderey/ros2_ws/install/nav2_behavior_tree/include//nav2_behavior_tree/plugins/condition/is_stuck_condition.hpp
[3.715s] -- Up-to-date symlink: /home/coderey/ros2_ws/install/nav2_behavior_tree/include//nav2_behavior_tree/plugins/condition/time_expired_condition.hpp
[3.715s] -- Up-to-date symlink: /home/coderey/ros2_ws/install/nav2_behavior_tree/include//nav2_behavior_tree/plugins/condition/transform_available_condition.hpp
[3.715s] -- Up-to-date symlink: /home/coderey/ros2_ws/install/nav2_behavior_tree/include//nav2_behavior_tree/plugins/control/pipeline_sequence.hpp
[3.715s] -- Up-to-date symlink: /home/coderey/ros2_ws/install/nav2_behavior_tree/include//nav2_behavior_tree/plugins/control/recovery_node.hpp
[3.715s] -- Up-to-date symlink: /home/coderey/ros2_ws/install/nav2_behavior_tree/include//nav2_behavior_tree/plugins/control/round_robin_node.hpp
[3.715s] -- Up-to-date symlink: /home/coderey/ros2_ws/install/nav2_behavior_tree/include//nav2_behavior_tree/plugins/decorator/distance_controller.hpp
[3.715s] -- Up-to-date symlink: /home/coderey/ros2_ws/install/nav2_behavior_tree/include//nav2_behavior_tree/plugins/decorator/goal_updated_controller.hpp
[3.715s] -- Up-to-date symlink: /home/coderey/ros2_ws/install/nav2_behavior_tree/include//nav2_behavior_tree/plugins/decorator/goal_updater_node.hpp
[3.716s] -- Up-to-date symlink: /home/coderey/ros2_ws/install/nav2_behavior_tree/include//nav2_behavior_tree/plugins/decorator/rate_controller.hpp
[3.716s] -- Up-to-date symlink: /home/coderey/ros2_ws/install/nav2_behavior_tree/include//nav2_behavior_tree/plugins/decorator/single_trigger_node.hpp
[3.716s] -- Up-to-date symlink: /home/coderey/ros2_ws/install/nav2_behavior_tree/include//nav2_behavior_tree/plugins/decorator/speed_controller.hpp
[3.716s] -- Up-to-date symlink: /home/coderey/ros2_ws/install/nav2_behavior_tree/include//nav2_behavior_tree/ros_topic_logger.hpp
[3.716s] -- Up-to-date symlink: /home/coderey/ros2_ws/install/nav2_behavior_tree/share/nav2_behavior_tree/nav2_tree_nodes.xml
[3.716s] -- Up-to-date symlink: /home/coderey/ros2_ws/install/nav2_behavior_tree/share/nav2_behavior_tree/environment/library_path.sh
[3.717s] -- Up-to-date symlink: /home/coderey/ros2_ws/install/nav2_behavior_tree/share/nav2_behavior_tree/environment/library_path.dsv
[3.717s] -- Up-to-date symlink: /home/coderey/ros2_ws/install/nav2_behavior_tree/share/ament_index/resource_index/package_run_dependencies/nav2_behavior_tree
[3.717s] -- Up-to-date symlink: /home/coderey/ros2_ws/install/nav2_behavior_tree/share/ament_index/resource_index/parent_prefix_path/nav2_behavior_tree
[3.717s] -- Up-to-date symlink: /home/coderey/ros2_ws/install/nav2_behavior_tree/share/nav2_behavior_tree/environment/ament_prefix_path.sh
[3.718s] -- Up-to-date symlink: /home/coderey/ros2_ws/install/nav2_behavior_tree/share/nav2_behavior_tree/environment/ament_prefix_path.dsv
[3.718s] -- Up-to-date symlink: /home/coderey/ros2_ws/install/nav2_behavior_tree/share/nav2_behavior_tree/environment/path.sh
[3.718s] -- Up-to-date symlink: /home/coderey/ros2_ws/install/nav2_behavior_tree/share/nav2_behavior_tree/environment/path.dsv
[3.718s] -- Up-to-date symlink: /home/coderey/ros2_ws/install/nav2_behavior_tree/share/nav2_behavior_tree/local_setup.bash
[3.718s] -- Up-to-date symlink: /home/coderey/ros2_ws/install/nav2_behavior_tree/share/nav2_behavior_tree/local_setup.sh
[3.719s] -- Up-to-date symlink: /home/coderey/ros2_ws/install/nav2_behavior_tree/share/nav2_behavior_tree/local_setup.zsh
[3.719s] -- Up-to-date symlink: /home/coderey/ros2_ws/install/nav2_behavior_tree/share/nav2_behavior_tree/local_setup.dsv
[3.719s] -- Symlinking: /home/coderey/ros2_ws/install/nav2_behavior_tree/share/nav2_behavior_tree/package.dsv
[3.732s] -- Up-to-date symlink: /home/coderey/ros2_ws/install/nav2_behavior_tree/share/ament_index/resource_index/packages/nav2_behavior_tree
[3.732s] -- Up-to-date symlink: /home/coderey/ros2_ws/install/nav2_behavior_tree/share/nav2_behavior_tree/cmake/ament_cmake_export_include_directories-extras.cmake
[3.732s] -- Up-to-date symlink: /home/coderey/ros2_ws/install/nav2_behavior_tree/share/nav2_behavior_tree/cmake/ament_cmake_export_libraries-extras.cmake
[3.732s] -- Up-to-date symlink: /home/coderey/ros2_ws/install/nav2_behavior_tree/share/nav2_behavior_tree/cmake/ament_cmake_export_dependencies-extras.cmake
[3.733s] -- Up-to-date symlink: /home/coderey/ros2_ws/install/nav2_behavior_tree/share/nav2_behavior_tree/cmake/nav2_behavior_treeConfig.cmake
[3.733s] -- Up-to-date symlink: /home/coderey/ros2_ws/install/nav2_behavior_tree/share/nav2_behavior_tree/cmake/nav2_behavior_treeConfig-version.cmake
[3.733s] -- Up-to-date symlink: /home/coderey/ros2_ws/install/nav2_behavior_tree/share/nav2_behavior_tree/package.xml
[3.735s] Invoked command in '/home/coderey/ros2_ws/build/nav2_behavior_tree' returned '0': AMENT_PREFIX_PATH=/home/coderey/ros2_ws/install/nav2_util:${AMENT_PREFIX_PATH} CMAKE_PREFIX_PATH=/home/coderey/ros2_ws/install/nav2_util:/home/coderey/ros2_ws/install/nav2_msgs:/home/coderey/ros2_ws/install/nav2_common:/home/coderey/ros2_ws/install/robot_localization:/home/coderey/ros2_ws/install/dwb_msgs:/home/coderey/ros2_ws/install/nav_2d_msgs:/home/coderey/ros2_ws/install/nav2_voxel_grid:/home/coderey/ros2_ws/install/marvelmind_ros2:/home/coderey/ros2_ws/install/marvelmind_ros2_msgs:/home/coderey/ros2_ws/install/groot:/home/coderey/microros_ws/install/micro_ros_demos_rclc:/home/coderey/microros_ws/install/common_interfaces:/home/coderey/microros_ws/install/visualization_msgs:/home/coderey/microros_ws/install/test_msgs:/home/coderey/microros_ws/install/example_interfaces:/home/coderey/microros_ws/install/action_msgs:/home/coderey/microros_ws/install/unique_identifier_msgs:/home/coderey/microros_ws/install/trajectory_msgs:/home/coderey/microros_ws/install/stereo_msgs:/home/coderey/microros_ws/install/std_srvs:/home/coderey/microros_ws/install/shape_msgs:/home/coderey/microros_ws/install/sensor_msgs:/home/coderey/microros_ws/install/nav_msgs:/home/coderey/microros_ws/install/diagnostic_msgs:/home/coderey/microros_ws/install/geometry_msgs:/home/coderey/microros_ws/install/drive_base_msgs:/home/coderey/microros_ws/install/actionlib_msgs:/home/coderey/microros_ws/install/std_msgs:/home/coderey/microros_ws/install/statistics_msgs:/home/coderey/microros_ws/install/rosidl_typesupport_microxrcedds_test_msg:/home/coderey/microros_ws/install/rosidl_typesupport_microxrcedds_cpp_tests:/home/coderey/microros_ws/install/rmw_microxrcedds:/home/coderey/microros_ws/install/rosidl_typesupport_microxrcedds_cpp:/home/coderey/microros_ws/install/rosidl_typesupport_microxrcedds_c_tests:/home/coderey/microros_ws/install/rosidl_typesupport_microxrcedds_c:/home/coderey/microros_ws/install/rosgraph_msgs:/home/coderey/microros_ws/install/rclc_parameter:/home/coderey/microros_ws/install/rclc:/home/coderey/microros_ws/install/composition_interfaces:/home/coderey/microros_ws/install/rcl_interfaces:/home/coderey/microros_ws/install/microxrcedds_client:/home/coderey/microros_ws/install/microcdr:/home/coderey/microros_ws/install/micro_ros_utilities:/home/coderey/microros_ws/install/micro_ros_setup:/home/coderey/microros_ws/install/micro_ros_agent:/home/coderey/microros_ws/install/micro_ros_msgs:/home/coderey/microros_ws/install/micro_ros_demos_rclcpp:/home/coderey/microros_ws/install/lifecycle_msgs:/home/coderey/microros_ws/install/complex_msgs:/home/coderey/microros_ws/install/builtin_interfaces:/home/coderey/ros2_ws/install/nav2_simple_commander:/home/coderey/ros2_ws/install/nav2_gazebo_spawner:/home/coderey/ros2_ws/install/mob_rob_loca:/home/coderey/ros2_ws/install/bno055:/home/coderey/microros_ws/install/sensor_msgs_py:/opt/ros/galactic LD_LIBRARY_PATH=/home/coderey/ros2_ws/install/nav2_util/lib:/home/coderey/ros2_ws/install/nav2_msgs/lib:/home/coderey/ros2_ws/install/robot_localization/lib:/home/coderey/ros2_ws/install/dwb_msgs/lib:/home/coderey/ros2_ws/install/nav_2d_msgs/lib:/home/coderey/ros2_ws/install/nav2_voxel_grid/lib:/home/coderey/ros2_ws/install/marvelmind_ros2_msgs/lib:/home/coderey/ros2_ws/install/groot/lib:/home/coderey/microros_ws/install/visualization_msgs/lib:/home/coderey/microros_ws/install/test_msgs/lib:/home/coderey/microros_ws/install/example_interfaces/lib:/home/coderey/microros_ws/install/action_msgs/lib:/home/coderey/microros_ws/install/unique_identifier_msgs/lib:/home/coderey/microros_ws/install/trajectory_msgs/lib:/home/coderey/microros_ws/install/stereo_msgs/lib:/home/coderey/microros_ws/install/std_srvs/lib:/home/coderey/microros_ws/install/shape_msgs/lib:/home/coderey/microros_ws/install/sensor_msgs/lib:/home/coderey/microros_ws/install/nav_msgs/lib:/home/coderey/microros_ws/install/diagnostic_msgs/lib:/home/coderey/microros_ws/install/geometry_msgs/lib:/home/coderey/microros_ws/install/drive_base_msgs/lib:/home/coderey/microros_ws/install/actionlib_msgs/lib:/home/coderey/microros_ws/install/std_msgs/lib:/home/coderey/microros_ws/install/statistics_msgs/lib:/home/coderey/microros_ws/install/rmw_microxrcedds/lib:/home/coderey/microros_ws/install/rosidl_typesupport_microxrcedds_cpp/lib:/home/coderey/microros_ws/install/rosidl_typesupport_microxrcedds_c/lib:/home/coderey/microros_ws/install/rosgraph_msgs/lib:/home/coderey/microros_ws/install/rclc_parameter/lib:/home/coderey/microros_ws/install/rclc/lib:/home/coderey/microros_ws/install/composition_interfaces/lib:/home/coderey/microros_ws/install/rcl_interfaces/lib:/home/coderey/microros_ws/install/microxrcedds_client/lib:/home/coderey/microros_ws/install/microcdr/lib:/home/coderey/microros_ws/install/micro_ros_utilities/lib:/home/coderey/microros_ws/install/micro_ros_agent/lib:/home/coderey/microros_ws/install/micro_ros_msgs/lib:/home/coderey/microros_ws/install/lifecycle_msgs/lib:/home/coderey/microros_ws/install/complex_msgs/lib:/home/coderey/microros_ws/install/builtin_interfaces/lib:/usr/lib/x86_64-linux-gnu/gazebo-11/plugins:/opt/ros/galactic/opt/yaml_cpp_vendor/lib:/opt/ros/galactic/opt/rviz_ogre_vendor/lib:/opt/ros/galactic/lib/x86_64-linux-gnu:/opt/ros/galactic/lib PYTHONPATH=/home/coderey/ros2_ws/install/nav2_msgs/lib/python3.8/site-packages:/home/coderey/ros2_ws/install/nav2_common/lib/python3.8/site-packages:/home/coderey/ros2_ws/install/robot_localization/lib/python3.8/site-packages:/home/coderey/ros2_ws/install/dwb_msgs/lib/python3.8/site-packages:/home/coderey/ros2_ws/install/nav_2d_msgs/lib/python3.8/site-packages:/home/coderey/ros2_ws/build/nav2_simple_commander:/home/coderey/ros2_ws/install/nav2_simple_commander/lib/python3.8/site-packages:/home/coderey/ros2_ws/build/nav2_gazebo_spawner:/home/coderey/ros2_ws/install/nav2_gazebo_spawner/lib/python3.8/site-packages:/home/coderey/ros2_ws/build/mob_rob_loca:/home/coderey/ros2_ws/install/mob_rob_loca/lib/python3.8/site-packages:/home/coderey/ros2_ws/install/marvelmind_ros2_msgs/lib/python3.8/site-packages:/home/coderey/ros2_ws/build/bno055:/home/coderey/ros2_ws/install/bno055/lib/python3.8/site-packages:/home/coderey/microros_ws/install/visualization_msgs/lib/python3.8/site-packages:/home/coderey/microros_ws/install/test_msgs/lib/python3.8/site-packages:/home/coderey/microros_ws/install/example_interfaces/lib/python3.8/site-packages:/home/coderey/microros_ws/install/action_msgs/lib/python3.8/site-packages:/home/coderey/microros_ws/install/unique_identifier_msgs/lib/python3.8/site-packages:/home/coderey/microros_ws/install/trajectory_msgs/lib/python3.8/site-packages:/home/coderey/microros_ws/install/stereo_msgs/lib/python3.8/site-packages:/home/coderey/microros_ws/install/std_srvs/lib/python3.8/site-packages:/home/coderey/microros_ws/install/shape_msgs/lib/python3.8/site-packages:/home/coderey/microros_ws/install/sensor_msgs_py/lib/python3.8/site-packages:/home/coderey/microros_ws/install/sensor_msgs/lib/python3.8/site-packages:/home/coderey/microros_ws/install/nav_msgs/lib/python3.8/site-packages:/home/coderey/microros_ws/install/diagnostic_msgs/lib/python3.8/site-packages:/home/coderey/microros_ws/install/geometry_msgs/lib/python3.8/site-packages:/home/coderey/microros_ws/install/drive_base_msgs/lib/python3.8/site-packages:/home/coderey/microros_ws/install/actionlib_msgs/lib/python3.8/site-packages:/home/coderey/microros_ws/install/std_msgs/lib/python3.8/site-packages:/home/coderey/microros_ws/install/statistics_msgs/lib/python3.8/site-packages:/home/coderey/microros_ws/install/rosidl_typesupport_microxrcedds_cpp/lib/python3.8/site-packages:/home/coderey/microros_ws/install/rosidl_typesupport_microxrcedds_c/lib/python3.8/site-packages:/home/coderey/microros_ws/install/rosgraph_msgs/lib/python3.8/site-packages:/home/coderey/microros_ws/install/composition_interfaces/lib/python3.8/site-packages:/home/coderey/microros_ws/install/rcl_interfaces/lib/python3.8/site-packages:/home/coderey/microros_ws/install/micro_ros_msgs/lib/python3.8/site-packages:/home/coderey/microros_ws/install/lifecycle_msgs/lib/python3.8/site-packages:/home/coderey/microros_ws/install/complex_msgs/lib/python3.8/site-packages:/home/coderey/microros_ws/install/builtin_interfaces/lib/python3.8/site-packages:/opt/ros/galactic/lib/python3.8/site-packages:/opt/ros/galactic/lib/python3/dist-packages /usr/bin/cmake --install /home/coderey/ros2_ws/build/nav2_behavior_tree
