-- Found ament_cmake: 1.1.6 (/opt/ros/galactic/share/ament_cmake/cmake)
-- Using PYTHON_EXECUTABLE: /usr/bin/python3
-- Override CMake install command with custom implementation using symlinks instead of copying resources
-- Found nav2_common: 1.0.12 (/home/coderey/ros2_ws/install/nav2_common/share/nav2_common/cmake)
-- Found angles: 1.14.0 (/opt/ros/galactic/share/angles/cmake)
-- Found nav2_costmap_2d: 1.0.12 (/home/coderey/ros2_ws/install/nav2_costmap_2d/share/nav2_costmap_2d/cmake)
-- Using all available rosidl_typesupport_c: rosidl_typesupport_microxrcedds_c;rosidl_typesupport_fastrtps_c;rosidl_typesupport_introspection_c
-- Found rosidl_adapter: 2.2.3 (/opt/ros/galactic/share/rosidl_adapter/cmake)
-- Using all available rosidl_typesupport_cpp: rosidl_typesupport_microxrcedds_cpp;rosidl_typesupport_fastrtps_cpp;rosidl_typesupport_introspection_cpp
-- Found rmw_implementation_cmake: 3.3.1 (/opt/ros/galactic/share/rmw_implementation_cmake/cmake)
-- Found rmw_cyclonedds_cpp: 0.22.6 (/opt/ros/galactic/share/rmw_cyclonedds_cpp/cmake)
-- Using RMW implementation 'rmw_cyclonedds_cpp' as default
-- Found costmap_queue: 1.0.12 (/home/coderey/ros2_ws/install/costmap_queue/share/costmap_queue/cmake)
-- Found dwb_core: 1.0.12 (/home/coderey/ros2_ws/install/dwb_core/share/dwb_core/cmake)
-- Found ament_lint_auto: 0.10.7 (/opt/ros/galactic/share/ament_lint_auto/cmake)
-- Found gtest sources under '/opt/ros/galactic/src/gtest_vendor': C++ tests using 'Google Test' will be built
-- Added test 'cppcheck' to perform static code analysis on C / C++ code
-- Configured cppcheck include dirs: /home/coderey/ros2_ws/src/navigation2/nav2_dwb_controller/dwb_critics/include
-- Configured cppcheck exclude dirs and/or files: 
-- Added test 'cpplint' to check C / C++ code against the Google style
-- Configured cpplint exclude dirs and/or files: 
-- Added test 'lint_cmake' to check CMake code style
-- Added test 'uncrustify' to check C / C++ code style
-- Configured uncrustify additional arguments: 
-- Added test 'xmllint' to check XML markup files
-- Configuring done
-- Generating done
-- Build files have been written to: /home/coderey/ros2_ws/build/dwb_critics
[35m[1mScanning dependencies of target dwb_critics[0m
[  3%] [32mBuilding CXX object CMakeFiles/dwb_critics.dir/src/alignment_util.cpp.o[0m
[  7%] [32mBuilding CXX object CMakeFiles/dwb_critics.dir/src/path_align.cpp.o[0m
[ 11%] [32mBuilding CXX object CMakeFiles/dwb_critics.dir/src/base_obstacle.cpp.o[0m
[ 14%] [32mBuilding CXX object CMakeFiles/dwb_critics.dir/src/goal_align.cpp.o[0m
[ 18%] [32mBuilding CXX object CMakeFiles/dwb_critics.dir/src/obstacle_footprint.cpp.o[0m
[ 22%] [32mBuilding CXX object CMakeFiles/dwb_critics.dir/src/prefer_forward.cpp.o[0m
[ 25%] [32mBuilding CXX object CMakeFiles/dwb_critics.dir/src/rotate_to_goal.cpp.o[0m
[ 29%] [32mBuilding CXX object CMakeFiles/dwb_critics.dir/src/twirling.cpp.o[0m
[ 33%] [32mBuilding CXX object CMakeFiles/dwb_critics.dir/src/oscillation.cpp.o[0m
[ 37%] [32mBuilding CXX object CMakeFiles/dwb_critics.dir/src/path_dist.cpp.o[0m
[ 40%] [32mBuilding CXX object CMakeFiles/dwb_critics.dir/src/goal_dist.cpp.o[0m
[ 44%] [32mBuilding CXX object CMakeFiles/dwb_critics.dir/src/map_grid.cpp.o[0m
[ 48%] [32m[1mLinking CXX shared library libdwb_critics.so[0m
[ 48%] Built target dwb_critics
[ 55%] Built target gtest
[ 62%] Built target gtest_main
[35m[1mScanning dependencies of target twirling_tests[0m
[35m[1mScanning dependencies of target alignment_util_tests[0m
[ 66%] [32mBuilding CXX object test/CMakeFiles/twirling_tests.dir/twirling_test.cpp.o[0m
[ 70%] [32mBuilding CXX object test/CMakeFiles/alignment_util_tests.dir/alignment_util_test.cpp.o[0m
[ 74%] [32m[1mLinking CXX executable alignment_util_tests[0m
[ 74%] Built target alignment_util_tests
[ 77%] [32m[1mLinking CXX executable twirling_tests[0m
[ 77%] Built target twirling_tests
[35m[1mScanning dependencies of target prefer_forward_tests[0m
[ 81%] [32mBuilding CXX object test/CMakeFiles/prefer_forward_tests.dir/prefer_forward_test.cpp.o[0m
[ 85%] [32m[1mLinking CXX executable prefer_forward_tests[0m
[ 85%] Built target prefer_forward_tests
[35m[1mScanning dependencies of target base_obstacle_tests[0m
[35m[1mScanning dependencies of target obstacle_footprint_tests[0m
[ 88%] [32mBuilding CXX object test/CMakeFiles/base_obstacle_tests.dir/base_obstacle_test.cpp.o[0m
[ 92%] [32mBuilding CXX object test/CMakeFiles/obstacle_footprint_tests.dir/obstacle_footprint_test.cpp.o[0m
[ 96%] [32m[1mLinking CXX executable base_obstacle_tests[0m
[100%] [32m[1mLinking CXX executable obstacle_footprint_tests[0m
[100%] Built target base_obstacle_tests
[100%] Built target obstacle_footprint_tests
-- Install configuration: "Release"
-- Execute custom install script
-- Up-to-date symlink: /home/coderey/ros2_ws/install/dwb_critics/lib/libdwb_critics.so
-- Up-to-date symlink: /home/coderey/ros2_ws/install/dwb_critics/include//dwb_critics/alignment_util.hpp
-- Up-to-date symlink: /home/coderey/ros2_ws/install/dwb_critics/include//dwb_critics/base_obstacle.hpp
-- Up-to-date symlink: /home/coderey/ros2_ws/install/dwb_critics/include//dwb_critics/goal_align.hpp
-- Up-to-date symlink: /home/coderey/ros2_ws/install/dwb_critics/include//dwb_critics/goal_dist.hpp
-- Up-to-date symlink: /home/coderey/ros2_ws/install/dwb_critics/include//dwb_critics/line_iterator.hpp
-- Up-to-date symlink: /home/coderey/ros2_ws/install/dwb_critics/include//dwb_critics/map_grid.hpp
-- Up-to-date symlink: /home/coderey/ros2_ws/install/dwb_critics/include//dwb_critics/obstacle_footprint.hpp
-- Up-to-date symlink: /home/coderey/ros2_ws/install/dwb_critics/include//dwb_critics/oscillation.hpp
-- Up-to-date symlink: /home/coderey/ros2_ws/install/dwb_critics/include//dwb_critics/path_align.hpp
-- Up-to-date symlink: /home/coderey/ros2_ws/install/dwb_critics/include//dwb_critics/path_dist.hpp
-- Up-to-date symlink: /home/coderey/ros2_ws/install/dwb_critics/include//dwb_critics/prefer_forward.hpp
-- Up-to-date symlink: /home/coderey/ros2_ws/install/dwb_critics/include//dwb_critics/rotate_to_goal.hpp
-- Up-to-date symlink: /home/coderey/ros2_ws/install/dwb_critics/include//dwb_critics/twirling.hpp
-- Up-to-date symlink: /home/coderey/ros2_ws/install/dwb_critics/share/dwb_critics/default_critics.xml
-- Up-to-date symlink: /home/coderey/ros2_ws/install/dwb_critics/share/dwb_critics/environment/library_path.sh
-- Up-to-date symlink: /home/coderey/ros2_ws/install/dwb_critics/share/dwb_critics/environment/library_path.dsv
-- Up-to-date symlink: /home/coderey/ros2_ws/install/dwb_critics/share/dwb_critics//default_critics.xml
-- Up-to-date symlink: /home/coderey/ros2_ws/install/dwb_critics/share/ament_index/resource_index/package_run_dependencies/dwb_critics
-- Up-to-date symlink: /home/coderey/ros2_ws/install/dwb_critics/share/ament_index/resource_index/parent_prefix_path/dwb_critics
-- Up-to-date symlink: /home/coderey/ros2_ws/install/dwb_critics/share/dwb_critics/environment/ament_prefix_path.sh
-- Up-to-date symlink: /home/coderey/ros2_ws/install/dwb_critics/share/dwb_critics/environment/ament_prefix_path.dsv
-- Up-to-date symlink: /home/coderey/ros2_ws/install/dwb_critics/share/dwb_critics/environment/path.sh
-- Up-to-date symlink: /home/coderey/ros2_ws/install/dwb_critics/share/dwb_critics/environment/path.dsv
-- Up-to-date symlink: /home/coderey/ros2_ws/install/dwb_critics/share/dwb_critics/local_setup.bash
-- Up-to-date symlink: /home/coderey/ros2_ws/install/dwb_critics/share/dwb_critics/local_setup.sh
-- Up-to-date symlink: /home/coderey/ros2_ws/install/dwb_critics/share/dwb_critics/local_setup.zsh
-- Up-to-date symlink: /home/coderey/ros2_ws/install/dwb_critics/share/dwb_critics/local_setup.dsv
-- Symlinking: /home/coderey/ros2_ws/install/dwb_critics/share/dwb_critics/package.dsv
-- Up-to-date symlink: /home/coderey/ros2_ws/install/dwb_critics/share/ament_index/resource_index/packages/dwb_critics
-- Up-to-date symlink: /home/coderey/ros2_ws/install/dwb_critics/share/ament_index/resource_index/dwb_core__pluginlib__plugin/dwb_critics
-- Up-to-date symlink: /home/coderey/ros2_ws/install/dwb_critics/share/dwb_critics/cmake/ament_cmake_export_include_directories-extras.cmake
-- Up-to-date symlink: /home/coderey/ros2_ws/install/dwb_critics/share/dwb_critics/cmake/ament_cmake_export_libraries-extras.cmake
-- Up-to-date symlink: /home/coderey/ros2_ws/install/dwb_critics/share/dwb_critics/cmake/ament_cmake_export_dependencies-extras.cmake
-- Up-to-date symlink: /home/coderey/ros2_ws/install/dwb_critics/share/dwb_critics/cmake/dwb_criticsConfig.cmake
-- Up-to-date symlink: /home/coderey/ros2_ws/install/dwb_critics/share/dwb_critics/cmake/dwb_criticsConfig-version.cmake
-- Up-to-date symlink: /home/coderey/ros2_ws/install/dwb_critics/share/dwb_critics/package.xml
