[1.645s] Invoking command in '/home/coderey/ros2_ws/build/nav2_common': CMAKE_PREFIX_PATH=${CMAKE_PREFIX_PATH}:/home/coderey/ros2_ws/install/swisscat_robot:/home/coderey/ros2_ws/install/nav2_gps_waypoint_follower_demo:/home/coderey/ros2_ws/install/nav2_simple_commander:/home/coderey/ros2_ws/install/mob_rob_loca:/home/coderey/ros2_ws/install/bno055:/home/coderey/microros_ws/install/sensor_msgs_py:/opt/ros/galactic /usr/bin/cmake --build /home/coderey/ros2_ws/build/nav2_common -- -j8 -l8
[2.598s] -- Found ament_cmake_core: 1.1.6 (/opt/ros/galactic/share/ament_cmake_core/cmake)
[2.598s] -- Using PYTHON_EXECUTABLE: /usr/bin/python3
[2.598s] -- Found ament_cmake_python: 1.1.6 (/opt/ros/galactic/share/ament_cmake_python/cmake)
[2.598s] -- Configuring done
[2.598s] -- Generating done
[2.601s] -- Build files have been written to: /home/coderey/ros2_ws/build/nav2_common
[2.601s] Built target ament_cmake_python_copy_nav2_common
[2.897s] running egg_info
[2.899s] writing nav2_common.egg-info/PKG-INFO
[2.899s] writing dependency_links to nav2_common.egg-info/dependency_links.txt
[2.899s] writing top-level names to nav2_common.egg-info/top_level.txt
[2.989s] reading manifest file 'nav2_common.egg-info/SOURCES.txt'
[2.989s] writing manifest file 'nav2_common.egg-info/SOURCES.txt'
[3.030s] Built target ament_cmake_python_build_nav2_common_egg
[3.294s] Invoked command in '/home/coderey/ros2_ws/build/nav2_common' returned '0': CMAKE_PREFIX_PATH=${CMAKE_PREFIX_PATH}:/home/coderey/ros2_ws/install/swisscat_robot:/home/coderey/ros2_ws/install/nav2_gps_waypoint_follower_demo:/home/coderey/ros2_ws/install/nav2_simple_commander:/home/coderey/ros2_ws/install/mob_rob_loca:/home/coderey/ros2_ws/install/bno055:/home/coderey/microros_ws/install/sensor_msgs_py:/opt/ros/galactic /usr/bin/cmake --build /home/coderey/ros2_ws/build/nav2_common -- -j8 -l8
[3.711s] Invoking command in '/home/coderey/ros2_ws/build/nav2_common': CMAKE_PREFIX_PATH=${CMAKE_PREFIX_PATH}:/home/coderey/ros2_ws/install/swisscat_robot:/home/coderey/ros2_ws/install/nav2_gps_waypoint_follower_demo:/home/coderey/ros2_ws/install/nav2_simple_commander:/home/coderey/ros2_ws/install/mob_rob_loca:/home/coderey/ros2_ws/install/bno055:/home/coderey/microros_ws/install/sensor_msgs_py:/opt/ros/galactic /usr/bin/cmake --install /home/coderey/ros2_ws/build/nav2_common
[3.741s] -- Install configuration: ""
[3.742s] -- Up-to-date: /home/coderey/ros2_ws/install/nav2_common/share/nav2_common/environment/pythonpath.sh
[3.742s] -- Installing: /home/coderey/ros2_ws/install/nav2_common/share/nav2_common/environment/pythonpath.dsv
[3.742s] -- Up-to-date: /home/coderey/ros2_ws/install/nav2_common/lib/python3.8/site-packages//nav2_common.egg-info
[3.742s] -- Installing: /home/coderey/ros2_ws/install/nav2_common/lib/python3.8/site-packages//nav2_common.egg-info/dependency_links.txt
[3.742s] -- Installing: /home/coderey/ros2_ws/install/nav2_common/lib/python3.8/site-packages//nav2_common.egg-info/SOURCES.txt
[3.742s] -- Installing: /home/coderey/ros2_ws/install/nav2_common/lib/python3.8/site-packages//nav2_common.egg-info/top_level.txt
[3.742s] -- Installing: /home/coderey/ros2_ws/install/nav2_common/lib/python3.8/site-packages//nav2_common.egg-info/PKG-INFO
[3.749s] -- Up-to-date: /home/coderey/ros2_ws/install/nav2_common/lib/python3.8/site-packages/nav2_common
[3.749s] -- Installing: /home/coderey/ros2_ws/install/nav2_common/lib/python3.8/site-packages/nav2_common/__init__.py
[3.749s] -- Up-to-date: /home/coderey/ros2_ws/install/nav2_common/lib/python3.8/site-packages/nav2_common/launch
[3.750s] -- Installing: /home/coderey/ros2_ws/install/nav2_common/lib/python3.8/site-packages/nav2_common/launch/parse_multirobot_pose.py
[3.750s] -- Installing: /home/coderey/ros2_ws/install/nav2_common/lib/python3.8/site-packages/nav2_common/launch/__init__.py
[3.750s] -- Installing: /home/coderey/ros2_ws/install/nav2_common/lib/python3.8/site-packages/nav2_common/launch/rewritten_yaml.py
[3.750s] -- Installing: /home/coderey/ros2_ws/install/nav2_common/lib/python3.8/site-packages/nav2_common/launch/has_node_params.py
[3.750s] -- Installing: /home/coderey/ros2_ws/install/nav2_common/lib/python3.8/site-packages/nav2_common/launch/replace_string.py
[3.824s] Listing '/home/coderey/ros2_ws/install/nav2_common/lib/python3.8/site-packages/nav2_common'...
[3.825s] Compiling '/home/coderey/ros2_ws/install/nav2_common/lib/python3.8/site-packages/nav2_common/__init__.py'...
[3.825s] Listing '/home/coderey/ros2_ws/install/nav2_common/lib/python3.8/site-packages/nav2_common/launch'...
[3.825s] Compiling '/home/coderey/ros2_ws/install/nav2_common/lib/python3.8/site-packages/nav2_common/launch/__init__.py'...
[3.825s] Compiling '/home/coderey/ros2_ws/install/nav2_common/lib/python3.8/site-packages/nav2_common/launch/has_node_params.py'...
[3.825s] Compiling '/home/coderey/ros2_ws/install/nav2_common/lib/python3.8/site-packages/nav2_common/launch/parse_multirobot_pose.py'...
[3.825s] Compiling '/home/coderey/ros2_ws/install/nav2_common/lib/python3.8/site-packages/nav2_common/launch/replace_string.py'...
[3.825s] Compiling '/home/coderey/ros2_ws/install/nav2_common/lib/python3.8/site-packages/nav2_common/launch/rewritten_yaml.py'...
[3.830s] -- Up-to-date: /home/coderey/ros2_ws/install/nav2_common/share/ament_index/resource_index/package_run_dependencies/nav2_common
[3.830s] -- Installing: /home/coderey/ros2_ws/install/nav2_common/share/ament_index/resource_index/parent_prefix_path/nav2_common
[3.831s] -- Up-to-date: /home/coderey/ros2_ws/install/nav2_common/share/nav2_common/environment/ament_prefix_path.sh
[3.831s] -- Installing: /home/coderey/ros2_ws/install/nav2_common/share/nav2_common/environment/ament_prefix_path.dsv
[3.831s] -- Up-to-date: /home/coderey/ros2_ws/install/nav2_common/share/nav2_common/environment/path.sh
[3.831s] -- Installing: /home/coderey/ros2_ws/install/nav2_common/share/nav2_common/environment/path.dsv
[3.831s] -- Up-to-date: /home/coderey/ros2_ws/install/nav2_common/share/nav2_common/local_setup.bash
[3.831s] -- Up-to-date: /home/coderey/ros2_ws/install/nav2_common/share/nav2_common/local_setup.sh
[3.831s] -- Up-to-date: /home/coderey/ros2_ws/install/nav2_common/share/nav2_common/local_setup.zsh
[3.832s] -- Installing: /home/coderey/ros2_ws/install/nav2_common/share/nav2_common/local_setup.dsv
[3.832s] -- Installing: /home/coderey/ros2_ws/install/nav2_common/share/nav2_common/package.dsv
[3.832s] -- Up-to-date: /home/coderey/ros2_ws/install/nav2_common/share/ament_index/resource_index/packages/nav2_common
[3.832s] -- Installing: /home/coderey/ros2_ws/install/nav2_common/share/nav2_common/cmake/nav2_common-extras.cmake
[3.832s] -- Up-to-date: /home/coderey/ros2_ws/install/nav2_common/share/nav2_common/cmake/nav2_commonConfig.cmake
[3.832s] -- Up-to-date: /home/coderey/ros2_ws/install/nav2_common/share/nav2_common/cmake/nav2_commonConfig-version.cmake
[3.832s] -- Installing: /home/coderey/ros2_ws/install/nav2_common/share/nav2_common/package.xml
[3.833s] -- Up-to-date: /home/coderey/ros2_ws/install/nav2_common/share/nav2_common/cmake
[3.833s] -- Installing: /home/coderey/ros2_ws/install/nav2_common/share/nav2_common/cmake/nav2_package.cmake
[3.842s] Invoked command in '/home/coderey/ros2_ws/build/nav2_common' returned '0': CMAKE_PREFIX_PATH=${CMAKE_PREFIX_PATH}:/home/coderey/ros2_ws/install/swisscat_robot:/home/coderey/ros2_ws/install/nav2_gps_waypoint_follower_demo:/home/coderey/ros2_ws/install/nav2_simple_commander:/home/coderey/ros2_ws/install/mob_rob_loca:/home/coderey/ros2_ws/install/bno055:/home/coderey/microros_ws/install/sensor_msgs_py:/opt/ros/galactic /usr/bin/cmake --install /home/coderey/ros2_ws/build/nav2_common
