[0.569s] Invoking command in '/home/coderey/ros2_ws/build/dwb_msgs': AMENT_PREFIX_PATH=/home/coderey/ros2_ws/install/nav_2d_msgs:${AMENT_PREFIX_PATH} CMAKE_PREFIX_PATH=/home/coderey/ros2_ws/install/nav_2d_msgs:/home/coderey/ros2_ws/install/sam_bot_description:/home/coderey/ros2_ws/install/robot_localization:/home/coderey/ros2_ws/install/nav2_straightline_planner:/home/coderey/ros2_ws/install/nav2_gradient_costmap_plugin:/home/coderey/ros2_ws/install/nav2_costmap_filters_demo:/home/coderey/ros2_ws/install/marvelmind_ros2:/home/coderey/ros2_ws/install/marvelmind_ros2_msgs:/home/coderey/ros2_ws/install/groot:/home/coderey/microros_ws/install/micro_ros_demos_rclc:/home/coderey/microros_ws/install/common_interfaces:/home/coderey/microros_ws/install/visualization_msgs:/home/coderey/microros_ws/install/test_msgs:/home/coderey/microros_ws/install/example_interfaces:/home/coderey/microros_ws/install/action_msgs:/home/coderey/microros_ws/install/unique_identifier_msgs:/home/coderey/microros_ws/install/trajectory_msgs:/home/coderey/microros_ws/install/stereo_msgs:/home/coderey/microros_ws/install/std_srvs:/home/coderey/microros_ws/install/shape_msgs:/home/coderey/microros_ws/install/sensor_msgs:/home/coderey/microros_ws/install/nav_msgs:/home/coderey/microros_ws/install/diagnostic_msgs:/home/coderey/microros_ws/install/geometry_msgs:/home/coderey/microros_ws/install/drive_base_msgs:/home/coderey/microros_ws/install/actionlib_msgs:/home/coderey/microros_ws/install/std_msgs:/home/coderey/microros_ws/install/statistics_msgs:/home/coderey/microros_ws/install/rosidl_typesupport_microxrcedds_test_msg:/home/coderey/microros_ws/install/rosidl_typesupport_microxrcedds_cpp_tests:/home/coderey/microros_ws/install/rmw_microxrcedds:/home/coderey/microros_ws/install/rosidl_typesupport_microxrcedds_cpp:/home/coderey/microros_ws/install/rosidl_typesupport_microxrcedds_c_tests:/home/coderey/microros_ws/install/rosidl_typesupport_microxrcedds_c:/home/coderey/microros_ws/install/rosgraph_msgs:/home/coderey/microros_ws/install/rclc_parameter:/home/coderey/microros_ws/install/rclc:/home/coderey/microros_ws/install/composition_interfaces:/home/coderey/microros_ws/install/rcl_interfaces:/home/coderey/microros_ws/install/microxrcedds_client:/home/coderey/microros_ws/install/microcdr:/home/coderey/microros_ws/install/micro_ros_utilities:/home/coderey/microros_ws/install/micro_ros_setup:/home/coderey/microros_ws/install/micro_ros_agent:/home/coderey/microros_ws/install/micro_ros_msgs:/home/coderey/microros_ws/install/micro_ros_demos_rclcpp:/home/coderey/microros_ws/install/lifecycle_msgs:/home/coderey/microros_ws/install/complex_msgs:/home/coderey/microros_ws/install/builtin_interfaces:/home/coderey/ros2_ws/install/swisscat_robot:/home/coderey/ros2_ws/install/nav2_gps_waypoint_follower_demo:/home/coderey/ros2_ws/install/mob_rob_loca:/home/coderey/ros2_ws/install/bno055:/home/coderey/microros_ws/install/sensor_msgs_py:/opt/ros/galactic LD_LIBRARY_PATH=/home/coderey/ros2_ws/install/nav_2d_msgs/lib:${LD_LIBRARY_PATH} PYTHONPATH=/home/coderey/ros2_ws/install/nav_2d_msgs/lib/python3.8/site-packages:${PYTHONPATH} /usr/bin/cmake --build /home/coderey/ros2_ws/build/dwb_msgs -- -j8 -l8
[0.610s] -- Found builtin_interfaces: 1.0.3 (/home/coderey/microros_ws/install/builtin_interfaces/share/builtin_interfaces/cmake)
[0.643s] -- Found PythonInterp: /usr/bin/python3 (found suitable version "3.8.10", minimum required is "3") 
[0.644s] -- Using PYTHON_EXECUTABLE: /usr/bin/python3
[0.766s] -- Using all available rosidl_typesupport_c: rosidl_typesupport_microxrcedds_c;rosidl_typesupport_fastrtps_c;rosidl_typesupport_introspection_c
[0.770s] -- Found rosidl_adapter: 2.2.3 (/opt/ros/galactic/share/rosidl_adapter/cmake)
[0.938s] -- Using all available rosidl_typesupport_cpp: rosidl_typesupport_microxrcedds_cpp;rosidl_typesupport_fastrtps_cpp;rosidl_typesupport_introspection_cpp
[0.970s] -- Found geometry_msgs: 2.2.4 (/home/coderey/microros_ws/install/geometry_msgs/share/geometry_msgs/cmake)
[1.036s] -- Found nav_2d_msgs: 1.2.0 (/home/coderey/ros2_ws/install/nav_2d_msgs/share/nav_2d_msgs/cmake)
[1.120s] -- Found nav_msgs: 2.2.4 (/home/coderey/microros_ws/install/nav_msgs/share/nav_msgs/cmake)
[1.233s] -- Found rosidl_default_generators: 1.1.1 (/opt/ros/galactic/share/rosidl_default_generators/cmake)
[1.312s] -- Found PythonInterp: /usr/bin/python3 (found version "3.8.10") 
[1.791s] -- Found ament_cmake_ros: 0.9.2 (/opt/ros/galactic/share/ament_cmake_ros/cmake)
[2.490s] -- Using all available rosidl_typesupport_c: rosidl_typesupport_microxrcedds_c;rosidl_typesupport_fastrtps_c;rosidl_typesupport_introspection_c
[2.847s] -- Using all available rosidl_typesupport_cpp: rosidl_typesupport_microxrcedds_cpp;rosidl_typesupport_fastrtps_cpp;rosidl_typesupport_introspection_cpp
[2.927s] -- Found PythonInterp: /usr/bin/python3 (found suitable version "3.8.10", minimum required is "3.5") 
[2.929s] -- Found python_cmake_module: 0.8.1 (/opt/ros/galactic/share/python_cmake_module/cmake)
[2.961s] -- Using PYTHON_EXECUTABLE: /usr/bin/python3
[2.962s] -- Using PYTHON_INCLUDE_DIRS: /usr/include/python3.8
[2.962s] -- Using PYTHON_LIBRARIES: /usr/lib/x86_64-linux-gnu/libpython3.8.so
[3.106s] -- Configuring done
[3.221s] -- Generating done
[3.225s] -- Build files have been written to: /home/coderey/ros2_ws/build/dwb_msgs
[3.299s] [  0%] Built target dwb_msgs__cpp
[3.306s] [  9%] Built target dwb_msgs__rosidl_generator_c
[3.380s] [ 18%] Built target dwb_msgs__rosidl_typesupport_cpp
[3.396s] [ 32%] Built target dwb_msgs__rosidl_typesupport_introspection_cpp
[3.396s] [ 37%] Built target dwb_msgs__rosidl_typesupport_microxrcedds_cpp
[3.404s] [ 46%] Built target dwb_msgs__rosidl_typesupport_c
[3.423s] [ 55%] Built target dwb_msgs__rosidl_typesupport_fastrtps_cpp
[3.458s] [ 65%] Built target dwb_msgs__rosidl_typesupport_microxrcedds_c
[3.470s] [ 74%] Built target dwb_msgs__rosidl_typesupport_introspection_c
[3.493s] [ 83%] Built target dwb_msgs__rosidl_typesupport_fastrtps_c
[3.536s] [ 83%] Built target dwb_msgs
[3.576s] [ 84%] Built target dwb_msgs__py
[3.639s] [ 93%] Built target dwb_msgs__python
[3.714s] [ 95%] Built target dwb_msgs__rosidl_typesupport_introspection_c__pyext
[3.714s] [ 96%] Built target dwb_msgs__rosidl_typesupport_microxrcedds_c__pyext
[3.718s] [ 98%] Built target dwb_msgs__rosidl_typesupport_c__pyext
[3.718s] [100%] Built target dwb_msgs__rosidl_typesupport_fastrtps_c__pyext
[3.743s] Invoked command in '/home/coderey/ros2_ws/build/dwb_msgs' returned '0': AMENT_PREFIX_PATH=/home/coderey/ros2_ws/install/nav_2d_msgs:${AMENT_PREFIX_PATH} CMAKE_PREFIX_PATH=/home/coderey/ros2_ws/install/nav_2d_msgs:/home/coderey/ros2_ws/install/sam_bot_description:/home/coderey/ros2_ws/install/robot_localization:/home/coderey/ros2_ws/install/nav2_straightline_planner:/home/coderey/ros2_ws/install/nav2_gradient_costmap_plugin:/home/coderey/ros2_ws/install/nav2_costmap_filters_demo:/home/coderey/ros2_ws/install/marvelmind_ros2:/home/coderey/ros2_ws/install/marvelmind_ros2_msgs:/home/coderey/ros2_ws/install/groot:/home/coderey/microros_ws/install/micro_ros_demos_rclc:/home/coderey/microros_ws/install/common_interfaces:/home/coderey/microros_ws/install/visualization_msgs:/home/coderey/microros_ws/install/test_msgs:/home/coderey/microros_ws/install/example_interfaces:/home/coderey/microros_ws/install/action_msgs:/home/coderey/microros_ws/install/unique_identifier_msgs:/home/coderey/microros_ws/install/trajectory_msgs:/home/coderey/microros_ws/install/stereo_msgs:/home/coderey/microros_ws/install/std_srvs:/home/coderey/microros_ws/install/shape_msgs:/home/coderey/microros_ws/install/sensor_msgs:/home/coderey/microros_ws/install/nav_msgs:/home/coderey/microros_ws/install/diagnostic_msgs:/home/coderey/microros_ws/install/geometry_msgs:/home/coderey/microros_ws/install/drive_base_msgs:/home/coderey/microros_ws/install/actionlib_msgs:/home/coderey/microros_ws/install/std_msgs:/home/coderey/microros_ws/install/statistics_msgs:/home/coderey/microros_ws/install/rosidl_typesupport_microxrcedds_test_msg:/home/coderey/microros_ws/install/rosidl_typesupport_microxrcedds_cpp_tests:/home/coderey/microros_ws/install/rmw_microxrcedds:/home/coderey/microros_ws/install/rosidl_typesupport_microxrcedds_cpp:/home/coderey/microros_ws/install/rosidl_typesupport_microxrcedds_c_tests:/home/coderey/microros_ws/install/rosidl_typesupport_microxrcedds_c:/home/coderey/microros_ws/install/rosgraph_msgs:/home/coderey/microros_ws/install/rclc_parameter:/home/coderey/microros_ws/install/rclc:/home/coderey/microros_ws/install/composition_interfaces:/home/coderey/microros_ws/install/rcl_interfaces:/home/coderey/microros_ws/install/microxrcedds_client:/home/coderey/microros_ws/install/microcdr:/home/coderey/microros_ws/install/micro_ros_utilities:/home/coderey/microros_ws/install/micro_ros_setup:/home/coderey/microros_ws/install/micro_ros_agent:/home/coderey/microros_ws/install/micro_ros_msgs:/home/coderey/microros_ws/install/micro_ros_demos_rclcpp:/home/coderey/microros_ws/install/lifecycle_msgs:/home/coderey/microros_ws/install/complex_msgs:/home/coderey/microros_ws/install/builtin_interfaces:/home/coderey/ros2_ws/install/swisscat_robot:/home/coderey/ros2_ws/install/nav2_gps_waypoint_follower_demo:/home/coderey/ros2_ws/install/mob_rob_loca:/home/coderey/ros2_ws/install/bno055:/home/coderey/microros_ws/install/sensor_msgs_py:/opt/ros/galactic LD_LIBRARY_PATH=/home/coderey/ros2_ws/install/nav_2d_msgs/lib:${LD_LIBRARY_PATH} PYTHONPATH=/home/coderey/ros2_ws/install/nav_2d_msgs/lib/python3.8/site-packages:${PYTHONPATH} /usr/bin/cmake --build /home/coderey/ros2_ws/build/dwb_msgs -- -j8 -l8
[4.319s] Invoking command in '/home/coderey/ros2_ws/build/dwb_msgs': AMENT_PREFIX_PATH=/home/coderey/ros2_ws/install/nav_2d_msgs:${AMENT_PREFIX_PATH} CMAKE_PREFIX_PATH=/home/coderey/ros2_ws/install/nav_2d_msgs:/home/coderey/ros2_ws/install/sam_bot_description:/home/coderey/ros2_ws/install/robot_localization:/home/coderey/ros2_ws/install/nav2_straightline_planner:/home/coderey/ros2_ws/install/nav2_gradient_costmap_plugin:/home/coderey/ros2_ws/install/nav2_costmap_filters_demo:/home/coderey/ros2_ws/install/marvelmind_ros2:/home/coderey/ros2_ws/install/marvelmind_ros2_msgs:/home/coderey/ros2_ws/install/groot:/home/coderey/microros_ws/install/micro_ros_demos_rclc:/home/coderey/microros_ws/install/common_interfaces:/home/coderey/microros_ws/install/visualization_msgs:/home/coderey/microros_ws/install/test_msgs:/home/coderey/microros_ws/install/example_interfaces:/home/coderey/microros_ws/install/action_msgs:/home/coderey/microros_ws/install/unique_identifier_msgs:/home/coderey/microros_ws/install/trajectory_msgs:/home/coderey/microros_ws/install/stereo_msgs:/home/coderey/microros_ws/install/std_srvs:/home/coderey/microros_ws/install/shape_msgs:/home/coderey/microros_ws/install/sensor_msgs:/home/coderey/microros_ws/install/nav_msgs:/home/coderey/microros_ws/install/diagnostic_msgs:/home/coderey/microros_ws/install/geometry_msgs:/home/coderey/microros_ws/install/drive_base_msgs:/home/coderey/microros_ws/install/actionlib_msgs:/home/coderey/microros_ws/install/std_msgs:/home/coderey/microros_ws/install/statistics_msgs:/home/coderey/microros_ws/install/rosidl_typesupport_microxrcedds_test_msg:/home/coderey/microros_ws/install/rosidl_typesupport_microxrcedds_cpp_tests:/home/coderey/microros_ws/install/rmw_microxrcedds:/home/coderey/microros_ws/install/rosidl_typesupport_microxrcedds_cpp:/home/coderey/microros_ws/install/rosidl_typesupport_microxrcedds_c_tests:/home/coderey/microros_ws/install/rosidl_typesupport_microxrcedds_c:/home/coderey/microros_ws/install/rosgraph_msgs:/home/coderey/microros_ws/install/rclc_parameter:/home/coderey/microros_ws/install/rclc:/home/coderey/microros_ws/install/composition_interfaces:/home/coderey/microros_ws/install/rcl_interfaces:/home/coderey/microros_ws/install/microxrcedds_client:/home/coderey/microros_ws/install/microcdr:/home/coderey/microros_ws/install/micro_ros_utilities:/home/coderey/microros_ws/install/micro_ros_setup:/home/coderey/microros_ws/install/micro_ros_agent:/home/coderey/microros_ws/install/micro_ros_msgs:/home/coderey/microros_ws/install/micro_ros_demos_rclcpp:/home/coderey/microros_ws/install/lifecycle_msgs:/home/coderey/microros_ws/install/complex_msgs:/home/coderey/microros_ws/install/builtin_interfaces:/home/coderey/ros2_ws/install/swisscat_robot:/home/coderey/ros2_ws/install/nav2_gps_waypoint_follower_demo:/home/coderey/ros2_ws/install/mob_rob_loca:/home/coderey/ros2_ws/install/bno055:/home/coderey/microros_ws/install/sensor_msgs_py:/opt/ros/galactic LD_LIBRARY_PATH=/home/coderey/ros2_ws/install/nav_2d_msgs/lib:${LD_LIBRARY_PATH} PYTHONPATH=/home/coderey/ros2_ws/install/nav_2d_msgs/lib/python3.8/site-packages:${PYTHONPATH} /usr/bin/cmake --install /home/coderey/ros2_ws/build/dwb_msgs
[4.331s] -- Install configuration: ""
[4.331s] -- Up-to-date: /home/coderey/ros2_ws/install/dwb_msgs/share/ament_index/resource_index/rosidl_interfaces/dwb_msgs
[4.331s] -- Up-to-date: /home/coderey/ros2_ws/install/dwb_msgs/include/dwb_msgs
[4.331s] -- Up-to-date: /home/coderey/ros2_ws/install/dwb_msgs/include/dwb_msgs/srv
[4.331s] -- Up-to-date: /home/coderey/ros2_ws/install/dwb_msgs/include/dwb_msgs/srv/generate_twists.h
[4.331s] -- Up-to-date: /home/coderey/ros2_ws/install/dwb_msgs/include/dwb_msgs/srv/generate_trajectory.h
[4.331s] -- Up-to-date: /home/coderey/ros2_ws/install/dwb_msgs/include/dwb_msgs/srv/score_trajectory.h
[4.331s] -- Up-to-date: /home/coderey/ros2_ws/install/dwb_msgs/include/dwb_msgs/srv/get_critic_score.h
[4.332s] -- Up-to-date: /home/coderey/ros2_ws/install/dwb_msgs/include/dwb_msgs/srv/debug_local_plan.h
[4.332s] -- Up-to-date: /home/coderey/ros2_ws/install/dwb_msgs/include/dwb_msgs/srv/detail
[4.332s] -- Up-to-date: /home/coderey/ros2_ws/install/dwb_msgs/include/dwb_msgs/srv/detail/score_trajectory__struct.h
[4.332s] -- Up-to-date: /home/coderey/ros2_ws/install/dwb_msgs/include/dwb_msgs/srv/detail/get_critic_score__type_support.h
[4.332s] -- Up-to-date: /home/coderey/ros2_ws/install/dwb_msgs/include/dwb_msgs/srv/detail/debug_local_plan__functions.h
[4.332s] -- Up-to-date: /home/coderey/ros2_ws/install/dwb_msgs/include/dwb_msgs/srv/detail/get_critic_score__struct.h
[4.332s] -- Up-to-date: /home/coderey/ros2_ws/install/dwb_msgs/include/dwb_msgs/srv/detail/generate_twists__type_support.h
[4.332s] -- Up-to-date: /home/coderey/ros2_ws/install/dwb_msgs/include/dwb_msgs/srv/detail/score_trajectory__functions.h
[4.332s] -- Up-to-date: /home/coderey/ros2_ws/install/dwb_msgs/include/dwb_msgs/srv/detail/get_critic_score__functions.c
[4.332s] -- Up-to-date: /home/coderey/ros2_ws/install/dwb_msgs/include/dwb_msgs/srv/detail/generate_trajectory__type_support.h
[4.333s] -- Up-to-date: /home/coderey/ros2_ws/install/dwb_msgs/include/dwb_msgs/srv/detail/generate_trajectory__struct.h
[4.333s] -- Up-to-date: /home/coderey/ros2_ws/install/dwb_msgs/include/dwb_msgs/srv/detail/score_trajectory__type_support.h
[4.333s] -- Up-to-date: /home/coderey/ros2_ws/install/dwb_msgs/include/dwb_msgs/srv/detail/generate_trajectory__functions.c
[4.333s] -- Up-to-date: /home/coderey/ros2_ws/install/dwb_msgs/include/dwb_msgs/srv/detail/generate_twists__struct.h
[4.333s] -- Up-to-date: /home/coderey/ros2_ws/install/dwb_msgs/include/dwb_msgs/srv/detail/debug_local_plan__type_support.h
[4.333s] -- Up-to-date: /home/coderey/ros2_ws/install/dwb_msgs/include/dwb_msgs/srv/detail/score_trajectory__functions.c
[4.333s] -- Up-to-date: /home/coderey/ros2_ws/install/dwb_msgs/include/dwb_msgs/srv/detail/debug_local_plan__struct.h
[4.333s] -- Up-to-date: /home/coderey/ros2_ws/install/dwb_msgs/include/dwb_msgs/srv/detail/generate_twists__functions.h
[4.333s] -- Up-to-date: /home/coderey/ros2_ws/install/dwb_msgs/include/dwb_msgs/srv/detail/get_critic_score__functions.h
[4.333s] -- Up-to-date: /home/coderey/ros2_ws/install/dwb_msgs/include/dwb_msgs/srv/detail/generate_trajectory__functions.h
[4.334s] -- Up-to-date: /home/coderey/ros2_ws/install/dwb_msgs/include/dwb_msgs/srv/detail/debug_local_plan__functions.c
[4.334s] -- Up-to-date: /home/coderey/ros2_ws/install/dwb_msgs/include/dwb_msgs/srv/detail/generate_twists__functions.c
[4.334s] -- Up-to-date: /home/coderey/ros2_ws/install/dwb_msgs/include/dwb_msgs/msg
[4.334s] -- Up-to-date: /home/coderey/ros2_ws/install/dwb_msgs/include/dwb_msgs/msg/critic_score.h
[4.334s] -- Up-to-date: /home/coderey/ros2_ws/install/dwb_msgs/include/dwb_msgs/msg/trajectory_score.h
[4.334s] -- Up-to-date: /home/coderey/ros2_ws/install/dwb_msgs/include/dwb_msgs/msg/rosidl_generator_c__visibility_control.h
[4.334s] -- Up-to-date: /home/coderey/ros2_ws/install/dwb_msgs/include/dwb_msgs/msg/trajectory2_d.h
[4.334s] -- Up-to-date: /home/coderey/ros2_ws/install/dwb_msgs/include/dwb_msgs/msg/local_plan_evaluation.h
[4.334s] -- Up-to-date: /home/coderey/ros2_ws/install/dwb_msgs/include/dwb_msgs/msg/detail
[4.334s] -- Up-to-date: /home/coderey/ros2_ws/install/dwb_msgs/include/dwb_msgs/msg/detail/trajectory2_d__struct.h
[4.335s] -- Up-to-date: /home/coderey/ros2_ws/install/dwb_msgs/include/dwb_msgs/msg/detail/local_plan_evaluation__functions.h
[4.335s] -- Up-to-date: /home/coderey/ros2_ws/install/dwb_msgs/include/dwb_msgs/msg/detail/trajectory_score__type_support.h
[4.335s] -- Up-to-date: /home/coderey/ros2_ws/install/dwb_msgs/include/dwb_msgs/msg/detail/trajectory_score__functions.h
[4.335s] -- Up-to-date: /home/coderey/ros2_ws/install/dwb_msgs/include/dwb_msgs/msg/detail/trajectory_score__struct.h
[4.335s] -- Up-to-date: /home/coderey/ros2_ws/install/dwb_msgs/include/dwb_msgs/msg/detail/local_plan_evaluation__functions.c
[4.335s] -- Up-to-date: /home/coderey/ros2_ws/install/dwb_msgs/include/dwb_msgs/msg/detail/trajectory2_d__type_support.h
[4.335s] -- Up-to-date: /home/coderey/ros2_ws/install/dwb_msgs/include/dwb_msgs/msg/detail/trajectory2_d__functions.h
[4.335s] -- Up-to-date: /home/coderey/ros2_ws/install/dwb_msgs/include/dwb_msgs/msg/detail/critic_score__functions.c
[4.335s] -- Up-to-date: /home/coderey/ros2_ws/install/dwb_msgs/include/dwb_msgs/msg/detail/local_plan_evaluation__type_support.h
[4.335s] -- Up-to-date: /home/coderey/ros2_ws/install/dwb_msgs/include/dwb_msgs/msg/detail/critic_score__struct.h
[4.335s] -- Up-to-date: /home/coderey/ros2_ws/install/dwb_msgs/include/dwb_msgs/msg/detail/critic_score__type_support.h
[4.336s] -- Up-to-date: /home/coderey/ros2_ws/install/dwb_msgs/include/dwb_msgs/msg/detail/trajectory_score__functions.c
[4.336s] -- Up-to-date: /home/coderey/ros2_ws/install/dwb_msgs/include/dwb_msgs/msg/detail/local_plan_evaluation__struct.h
[4.336s] -- Up-to-date: /home/coderey/ros2_ws/install/dwb_msgs/include/dwb_msgs/msg/detail/critic_score__functions.h
[4.336s] -- Up-to-date: /home/coderey/ros2_ws/install/dwb_msgs/include/dwb_msgs/msg/detail/trajectory2_d__functions.c
[4.336s] -- Up-to-date: /home/coderey/ros2_ws/install/dwb_msgs/share/dwb_msgs/environment/library_path.sh
[4.336s] -- Installing: /home/coderey/ros2_ws/install/dwb_msgs/share/dwb_msgs/environment/library_path.dsv
[4.336s] -- Up-to-date: /home/coderey/ros2_ws/install/dwb_msgs/lib/libdwb_msgs__rosidl_generator_c.so
[4.336s] -- Up-to-date: /home/coderey/ros2_ws/install/dwb_msgs/include/dwb_msgs
[4.336s] -- Up-to-date: /home/coderey/ros2_ws/install/dwb_msgs/include/dwb_msgs/srv
[4.336s] -- Up-to-date: /home/coderey/ros2_ws/install/dwb_msgs/include/dwb_msgs/srv/detail
[4.343s] -- Up-to-date: /home/coderey/ros2_ws/install/dwb_msgs/include/dwb_msgs/srv/detail/debug_local_plan__rosidl_typesupport_microxrcedds_c.h
[4.343s] -- Up-to-date: /home/coderey/ros2_ws/install/dwb_msgs/include/dwb_msgs/srv/detail/score_trajectory__rosidl_typesupport_microxrcedds_c.h
[4.343s] -- Up-to-date: /home/coderey/ros2_ws/install/dwb_msgs/include/dwb_msgs/srv/detail/microxrcedds
[4.343s] -- Up-to-date: /home/coderey/ros2_ws/install/dwb_msgs/include/dwb_msgs/srv/detail/get_critic_score__rosidl_typesupport_microxrcedds_c.h
[4.343s] -- Up-to-date: /home/coderey/ros2_ws/install/dwb_msgs/include/dwb_msgs/srv/detail/generate_twists__rosidl_typesupport_microxrcedds_c.h
[4.344s] -- Up-to-date: /home/coderey/ros2_ws/install/dwb_msgs/include/dwb_msgs/srv/detail/generate_trajectory__rosidl_typesupport_microxrcedds_c.h
[4.344s] -- Up-to-date: /home/coderey/ros2_ws/install/dwb_msgs/include/dwb_msgs/msg
[4.344s] -- Up-to-date: /home/coderey/ros2_ws/install/dwb_msgs/include/dwb_msgs/msg/rosidl_typesupport_microxrcedds_c__visibility_control.h
[4.344s] -- Up-to-date: /home/coderey/ros2_ws/install/dwb_msgs/include/dwb_msgs/msg/detail
[4.344s] -- Up-to-date: /home/coderey/ros2_ws/install/dwb_msgs/include/dwb_msgs/msg/detail/local_plan_evaluation__rosidl_typesupport_microxrcedds_c.h
[4.344s] -- Up-to-date: /home/coderey/ros2_ws/install/dwb_msgs/include/dwb_msgs/msg/detail/microxrcedds
[4.344s] -- Up-to-date: /home/coderey/ros2_ws/install/dwb_msgs/include/dwb_msgs/msg/detail/trajectory_score__rosidl_typesupport_microxrcedds_c.h
[4.344s] -- Up-to-date: /home/coderey/ros2_ws/install/dwb_msgs/include/dwb_msgs/msg/detail/critic_score__rosidl_typesupport_microxrcedds_c.h
[4.344s] -- Up-to-date: /home/coderey/ros2_ws/install/dwb_msgs/include/dwb_msgs/msg/detail/trajectory2_d__rosidl_typesupport_microxrcedds_c.h
[4.344s] -- Up-to-date: /home/coderey/ros2_ws/install/dwb_msgs/lib/libdwb_msgs__rosidl_typesupport_microxrcedds_c.so
[4.345s] -- Up-to-date: /home/coderey/ros2_ws/install/dwb_msgs/include/dwb_msgs
[4.345s] -- Up-to-date: /home/coderey/ros2_ws/install/dwb_msgs/include/dwb_msgs/srv
[4.345s] -- Up-to-date: /home/coderey/ros2_ws/install/dwb_msgs/include/dwb_msgs/srv/detail
[4.345s] -- Up-to-date: /home/coderey/ros2_ws/install/dwb_msgs/include/dwb_msgs/srv/detail/generate_trajectory__rosidl_typesupport_fastrtps_c.h
[4.345s] -- Up-to-date: /home/coderey/ros2_ws/install/dwb_msgs/include/dwb_msgs/srv/detail/get_critic_score__rosidl_typesupport_fastrtps_c.h
[4.345s] -- Up-to-date: /home/coderey/ros2_ws/install/dwb_msgs/include/dwb_msgs/srv/detail/debug_local_plan__rosidl_typesupport_fastrtps_c.h
[4.345s] -- Up-to-date: /home/coderey/ros2_ws/install/dwb_msgs/include/dwb_msgs/srv/detail/generate_twists__rosidl_typesupport_fastrtps_c.h
[4.345s] -- Up-to-date: /home/coderey/ros2_ws/install/dwb_msgs/include/dwb_msgs/srv/detail/score_trajectory__rosidl_typesupport_fastrtps_c.h
[4.345s] -- Up-to-date: /home/coderey/ros2_ws/install/dwb_msgs/include/dwb_msgs/msg
[4.359s] -- Up-to-date: /home/coderey/ros2_ws/install/dwb_msgs/include/dwb_msgs/msg/rosidl_typesupport_fastrtps_c__visibility_control.h
[4.359s] -- Up-to-date: /home/coderey/ros2_ws/install/dwb_msgs/include/dwb_msgs/msg/detail
[4.359s] -- Up-to-date: /home/coderey/ros2_ws/install/dwb_msgs/include/dwb_msgs/msg/detail/trajectory2_d__rosidl_typesupport_fastrtps_c.h
[4.359s] -- Up-to-date: /home/coderey/ros2_ws/install/dwb_msgs/include/dwb_msgs/msg/detail/local_plan_evaluation__rosidl_typesupport_fastrtps_c.h
[4.359s] -- Up-to-date: /home/coderey/ros2_ws/install/dwb_msgs/include/dwb_msgs/msg/detail/critic_score__rosidl_typesupport_fastrtps_c.h
[4.359s] -- Up-to-date: /home/coderey/ros2_ws/install/dwb_msgs/include/dwb_msgs/msg/detail/trajectory_score__rosidl_typesupport_fastrtps_c.h
[4.359s] -- Up-to-date: /home/coderey/ros2_ws/install/dwb_msgs/lib/libdwb_msgs__rosidl_typesupport_fastrtps_c.so
[4.359s] -- Up-to-date: /home/coderey/ros2_ws/install/dwb_msgs/include/dwb_msgs
[4.360s] -- Up-to-date: /home/coderey/ros2_ws/install/dwb_msgs/include/dwb_msgs/srv
[4.360s] -- Up-to-date: /home/coderey/ros2_ws/install/dwb_msgs/include/dwb_msgs/srv/detail
[4.360s] -- Up-to-date: /home/coderey/ros2_ws/install/dwb_msgs/include/dwb_msgs/srv/detail/score_trajectory__rosidl_typesupport_fastrtps_cpp.hpp
[4.360s] -- Up-to-date: /home/coderey/ros2_ws/install/dwb_msgs/include/dwb_msgs/srv/detail/get_critic_score__rosidl_typesupport_fastrtps_cpp.hpp
[4.360s] -- Up-to-date: /home/coderey/ros2_ws/install/dwb_msgs/include/dwb_msgs/srv/detail/debug_local_plan__rosidl_typesupport_fastrtps_cpp.hpp
[4.360s] -- Up-to-date: /home/coderey/ros2_ws/install/dwb_msgs/include/dwb_msgs/srv/detail/generate_twists__rosidl_typesupport_fastrtps_cpp.hpp
[4.360s] -- Up-to-date: /home/coderey/ros2_ws/install/dwb_msgs/include/dwb_msgs/srv/detail/dds_fastrtps
[4.360s] -- Up-to-date: /home/coderey/ros2_ws/install/dwb_msgs/include/dwb_msgs/srv/detail/generate_trajectory__rosidl_typesupport_fastrtps_cpp.hpp
[4.360s] -- Up-to-date: /home/coderey/ros2_ws/install/dwb_msgs/include/dwb_msgs/msg
[4.360s] -- Up-to-date: /home/coderey/ros2_ws/install/dwb_msgs/include/dwb_msgs/msg/detail
[4.361s] -- Up-to-date: /home/coderey/ros2_ws/install/dwb_msgs/include/dwb_msgs/msg/detail/trajectory_score__rosidl_typesupport_fastrtps_cpp.hpp
[4.361s] -- Up-to-date: /home/coderey/ros2_ws/install/dwb_msgs/include/dwb_msgs/msg/detail/trajectory2_d__rosidl_typesupport_fastrtps_cpp.hpp
[4.361s] -- Up-to-date: /home/coderey/ros2_ws/install/dwb_msgs/include/dwb_msgs/msg/detail/dds_fastrtps
[4.361s] -- Up-to-date: /home/coderey/ros2_ws/install/dwb_msgs/include/dwb_msgs/msg/detail/local_plan_evaluation__rosidl_typesupport_fastrtps_cpp.hpp
[4.361s] -- Up-to-date: /home/coderey/ros2_ws/install/dwb_msgs/include/dwb_msgs/msg/detail/critic_score__rosidl_typesupport_fastrtps_cpp.hpp
[4.361s] -- Up-to-date: /home/coderey/ros2_ws/install/dwb_msgs/include/dwb_msgs/msg/rosidl_typesupport_fastrtps_cpp__visibility_control.h
[4.361s] -- Up-to-date: /home/coderey/ros2_ws/install/dwb_msgs/lib/libdwb_msgs__rosidl_typesupport_fastrtps_cpp.so
[4.361s] -- Up-to-date: /home/coderey/ros2_ws/install/dwb_msgs/include/dwb_msgs
[4.361s] -- Up-to-date: /home/coderey/ros2_ws/install/dwb_msgs/include/dwb_msgs/srv
[4.361s] -- Up-to-date: /home/coderey/ros2_ws/install/dwb_msgs/include/dwb_msgs/srv/detail
[4.362s] -- Up-to-date: /home/coderey/ros2_ws/install/dwb_msgs/include/dwb_msgs/srv/detail/score_trajectory__type_support.c
[4.362s] -- Up-to-date: /home/coderey/ros2_ws/install/dwb_msgs/include/dwb_msgs/srv/detail/score_trajectory__rosidl_typesupport_introspection_c.h
[4.362s] -- Up-to-date: /home/coderey/ros2_ws/install/dwb_msgs/include/dwb_msgs/srv/detail/get_critic_score__rosidl_typesupport_introspection_c.h
[4.362s] -- Up-to-date: /home/coderey/ros2_ws/install/dwb_msgs/include/dwb_msgs/srv/detail/generate_twists__type_support.c
[4.362s] -- Up-to-date: /home/coderey/ros2_ws/install/dwb_msgs/include/dwb_msgs/srv/detail/get_critic_score__type_support.c
[4.362s] -- Up-to-date: /home/coderey/ros2_ws/install/dwb_msgs/include/dwb_msgs/srv/detail/debug_local_plan__rosidl_typesupport_introspection_c.h
[4.362s] -- Up-to-date: /home/coderey/ros2_ws/install/dwb_msgs/include/dwb_msgs/srv/detail/debug_local_plan__type_support.c
[4.362s] -- Up-to-date: /home/coderey/ros2_ws/install/dwb_msgs/include/dwb_msgs/srv/detail/generate_trajectory__type_support.c
[4.362s] -- Up-to-date: /home/coderey/ros2_ws/install/dwb_msgs/include/dwb_msgs/srv/detail/generate_trajectory__rosidl_typesupport_introspection_c.h
[4.363s] -- Up-to-date: /home/coderey/ros2_ws/install/dwb_msgs/include/dwb_msgs/srv/detail/generate_twists__rosidl_typesupport_introspection_c.h
[4.363s] -- Up-to-date: /home/coderey/ros2_ws/install/dwb_msgs/include/dwb_msgs/msg
[4.363s] -- Up-to-date: /home/coderey/ros2_ws/install/dwb_msgs/include/dwb_msgs/msg/rosidl_typesupport_introspection_c__visibility_control.h
[4.363s] -- Up-to-date: /home/coderey/ros2_ws/install/dwb_msgs/include/dwb_msgs/msg/detail
[4.363s] -- Up-to-date: /home/coderey/ros2_ws/install/dwb_msgs/include/dwb_msgs/msg/detail/trajectory_score__rosidl_typesupport_introspection_c.h
[4.363s] -- Up-to-date: /home/coderey/ros2_ws/install/dwb_msgs/include/dwb_msgs/msg/detail/trajectory2_d__rosidl_typesupport_introspection_c.h
[4.363s] -- Up-to-date: /home/coderey/ros2_ws/install/dwb_msgs/include/dwb_msgs/msg/detail/local_plan_evaluation__rosidl_typesupport_introspection_c.h
[4.363s] -- Up-to-date: /home/coderey/ros2_ws/install/dwb_msgs/include/dwb_msgs/msg/detail/local_plan_evaluation__type_support.c
[4.363s] -- Up-to-date: /home/coderey/ros2_ws/install/dwb_msgs/include/dwb_msgs/msg/detail/critic_score__type_support.c
[4.363s] -- Up-to-date: /home/coderey/ros2_ws/install/dwb_msgs/include/dwb_msgs/msg/detail/critic_score__rosidl_typesupport_introspection_c.h
[4.363s] -- Up-to-date: /home/coderey/ros2_ws/install/dwb_msgs/include/dwb_msgs/msg/detail/trajectory_score__type_support.c
[4.364s] -- Up-to-date: /home/coderey/ros2_ws/install/dwb_msgs/include/dwb_msgs/msg/detail/trajectory2_d__type_support.c
[4.364s] -- Up-to-date: /home/coderey/ros2_ws/install/dwb_msgs/lib/libdwb_msgs__rosidl_typesupport_introspection_c.so
[4.364s] -- Up-to-date: /home/coderey/ros2_ws/install/dwb_msgs/lib/libdwb_msgs__rosidl_typesupport_c.so
[4.364s] -- Up-to-date: /home/coderey/ros2_ws/install/dwb_msgs/include/dwb_msgs
[4.364s] -- Up-to-date: /home/coderey/ros2_ws/install/dwb_msgs/include/dwb_msgs/srv
[4.364s] -- Up-to-date: /home/coderey/ros2_ws/install/dwb_msgs/include/dwb_msgs/srv/generate_trajectory.hpp
[4.364s] -- Up-to-date: /home/coderey/ros2_ws/install/dwb_msgs/include/dwb_msgs/srv/debug_local_plan.hpp
[4.364s] -- Up-to-date: /home/coderey/ros2_ws/install/dwb_msgs/include/dwb_msgs/srv/get_critic_score.hpp
[4.364s] -- Up-to-date: /home/coderey/ros2_ws/install/dwb_msgs/include/dwb_msgs/srv/generate_twists.hpp
[4.364s] -- Up-to-date: /home/coderey/ros2_ws/install/dwb_msgs/include/dwb_msgs/srv/score_trajectory.hpp
[4.367s] -- Up-to-date: /home/coderey/ros2_ws/install/dwb_msgs/include/dwb_msgs/srv/detail
[4.368s] -- Up-to-date: /home/coderey/ros2_ws/install/dwb_msgs/include/dwb_msgs/srv/detail/debug_local_plan__struct.hpp
[4.368s] -- Up-to-date: /home/coderey/ros2_ws/install/dwb_msgs/include/dwb_msgs/srv/detail/debug_local_plan__traits.hpp
[4.368s] -- Up-to-date: /home/coderey/ros2_ws/install/dwb_msgs/include/dwb_msgs/srv/detail/generate_trajectory__traits.hpp
[4.368s] -- Up-to-date: /home/coderey/ros2_ws/install/dwb_msgs/include/dwb_msgs/srv/detail/generate_trajectory__struct.hpp
[4.368s] -- Up-to-date: /home/coderey/ros2_ws/install/dwb_msgs/include/dwb_msgs/srv/detail/get_critic_score__struct.hpp
[4.368s] -- Up-to-date: /home/coderey/ros2_ws/install/dwb_msgs/include/dwb_msgs/srv/detail/generate_trajectory__builder.hpp
[4.368s] -- Up-to-date: /home/coderey/ros2_ws/install/dwb_msgs/include/dwb_msgs/srv/detail/score_trajectory__traits.hpp
[4.368s] -- Up-to-date: /home/coderey/ros2_ws/install/dwb_msgs/include/dwb_msgs/srv/detail/score_trajectory__struct.hpp
[4.368s] -- Up-to-date: /home/coderey/ros2_ws/install/dwb_msgs/include/dwb_msgs/srv/detail/generate_twists__builder.hpp
[4.369s] -- Up-to-date: /home/coderey/ros2_ws/install/dwb_msgs/include/dwb_msgs/srv/detail/score_trajectory__builder.hpp
[4.369s] -- Up-to-date: /home/coderey/ros2_ws/install/dwb_msgs/include/dwb_msgs/srv/detail/generate_twists__traits.hpp
[4.369s] -- Up-to-date: /home/coderey/ros2_ws/install/dwb_msgs/include/dwb_msgs/srv/detail/get_critic_score__builder.hpp
[4.369s] -- Up-to-date: /home/coderey/ros2_ws/install/dwb_msgs/include/dwb_msgs/srv/detail/debug_local_plan__builder.hpp
[4.369s] -- Up-to-date: /home/coderey/ros2_ws/install/dwb_msgs/include/dwb_msgs/srv/detail/get_critic_score__traits.hpp
[4.369s] -- Up-to-date: /home/coderey/ros2_ws/install/dwb_msgs/include/dwb_msgs/srv/detail/generate_twists__struct.hpp
[4.369s] -- Up-to-date: /home/coderey/ros2_ws/install/dwb_msgs/include/dwb_msgs/msg
[4.369s] -- Up-to-date: /home/coderey/ros2_ws/install/dwb_msgs/include/dwb_msgs/msg/trajectory2_d.hpp
[4.369s] -- Up-to-date: /home/coderey/ros2_ws/install/dwb_msgs/include/dwb_msgs/msg/local_plan_evaluation.hpp
[4.369s] -- Up-to-date: /home/coderey/ros2_ws/install/dwb_msgs/include/dwb_msgs/msg/critic_score.hpp
[4.370s] -- Up-to-date: /home/coderey/ros2_ws/install/dwb_msgs/include/dwb_msgs/msg/detail
[4.370s] -- Up-to-date: /home/coderey/ros2_ws/install/dwb_msgs/include/dwb_msgs/msg/detail/local_plan_evaluation__struct.hpp
[4.370s] -- Up-to-date: /home/coderey/ros2_ws/install/dwb_msgs/include/dwb_msgs/msg/detail/trajectory2_d__traits.hpp
[4.370s] -- Up-to-date: /home/coderey/ros2_ws/install/dwb_msgs/include/dwb_msgs/msg/detail/critic_score__traits.hpp
[4.370s] -- Up-to-date: /home/coderey/ros2_ws/install/dwb_msgs/include/dwb_msgs/msg/detail/trajectory2_d__builder.hpp
[4.370s] -- Up-to-date: /home/coderey/ros2_ws/install/dwb_msgs/include/dwb_msgs/msg/detail/local_plan_evaluation__builder.hpp
[4.370s] -- Up-to-date: /home/coderey/ros2_ws/install/dwb_msgs/include/dwb_msgs/msg/detail/trajectory_score__traits.hpp
[4.370s] -- Up-to-date: /home/coderey/ros2_ws/install/dwb_msgs/include/dwb_msgs/msg/detail/trajectory2_d__struct.hpp
[4.370s] -- Up-to-date: /home/coderey/ros2_ws/install/dwb_msgs/include/dwb_msgs/msg/detail/trajectory_score__struct.hpp
[4.371s] -- Up-to-date: /home/coderey/ros2_ws/install/dwb_msgs/include/dwb_msgs/msg/detail/trajectory_score__builder.hpp
[4.371s] -- Up-to-date: /home/coderey/ros2_ws/install/dwb_msgs/include/dwb_msgs/msg/detail/critic_score__struct.hpp
[4.371s] -- Up-to-date: /home/coderey/ros2_ws/install/dwb_msgs/include/dwb_msgs/msg/detail/critic_score__builder.hpp
[4.371s] -- Up-to-date: /home/coderey/ros2_ws/install/dwb_msgs/include/dwb_msgs/msg/detail/local_plan_evaluation__traits.hpp
[4.371s] -- Up-to-date: /home/coderey/ros2_ws/install/dwb_msgs/include/dwb_msgs/msg/trajectory_score.hpp
[4.371s] -- Up-to-date: /home/coderey/ros2_ws/install/dwb_msgs/include/dwb_msgs
[4.371s] -- Up-to-date: /home/coderey/ros2_ws/install/dwb_msgs/include/dwb_msgs/srv
[4.371s] -- Up-to-date: /home/coderey/ros2_ws/install/dwb_msgs/include/dwb_msgs/srv/detail
[4.371s] -- Up-to-date: /home/coderey/ros2_ws/install/dwb_msgs/include/dwb_msgs/srv/detail/score_trajectory__rosidl_typesupport_microxrcedds_cpp.hpp
[4.372s] -- Up-to-date: /home/coderey/ros2_ws/install/dwb_msgs/include/dwb_msgs/srv/detail/microxrcedds
[4.372s] -- Up-to-date: /home/coderey/ros2_ws/install/dwb_msgs/include/dwb_msgs/srv/detail/microxrcedds/get_critic_score__type_support_cpp.cpp
[4.372s] -- Up-to-date: /home/coderey/ros2_ws/install/dwb_msgs/include/dwb_msgs/srv/detail/microxrcedds/score_trajectory__type_support_cpp.cpp
[4.372s] -- Up-to-date: /home/coderey/ros2_ws/install/dwb_msgs/include/dwb_msgs/srv/detail/microxrcedds/generate_trajectory__type_support_cpp.cpp
[4.372s] -- Up-to-date: /home/coderey/ros2_ws/install/dwb_msgs/include/dwb_msgs/srv/detail/microxrcedds/debug_local_plan__type_support_cpp.cpp
[4.372s] -- Up-to-date: /home/coderey/ros2_ws/install/dwb_msgs/include/dwb_msgs/srv/detail/microxrcedds/generate_twists__type_support_cpp.cpp
[4.372s] -- Up-to-date: /home/coderey/ros2_ws/install/dwb_msgs/include/dwb_msgs/srv/detail/generate_twists__rosidl_typesupport_microxrcedds_cpp.hpp
[4.372s] -- Up-to-date: /home/coderey/ros2_ws/install/dwb_msgs/include/dwb_msgs/srv/detail/get_critic_score__rosidl_typesupport_microxrcedds_cpp.hpp
[4.372s] -- Up-to-date: /home/coderey/ros2_ws/install/dwb_msgs/include/dwb_msgs/srv/detail/generate_trajectory__rosidl_typesupport_microxrcedds_cpp.hpp
[4.372s] -- Up-to-date: /home/coderey/ros2_ws/install/dwb_msgs/include/dwb_msgs/srv/detail/debug_local_plan__rosidl_typesupport_microxrcedds_cpp.hpp
[4.373s] -- Up-to-date: /home/coderey/ros2_ws/install/dwb_msgs/include/dwb_msgs/msg
[4.373s] -- Up-to-date: /home/coderey/ros2_ws/install/dwb_msgs/include/dwb_msgs/msg/rosidl_typesupport_microxrcedds_cpp__visibility_control.h
[4.373s] -- Up-to-date: /home/coderey/ros2_ws/install/dwb_msgs/include/dwb_msgs/msg/detail
[4.373s] -- Up-to-date: /home/coderey/ros2_ws/install/dwb_msgs/include/dwb_msgs/msg/detail/trajectory_score__rosidl_typesupport_microxrcedds_cpp.hpp
[4.373s] -- Up-to-date: /home/coderey/ros2_ws/install/dwb_msgs/include/dwb_msgs/msg/detail/critic_score__rosidl_typesupport_microxrcedds_cpp.hpp
[4.373s] -- Up-to-date: /home/coderey/ros2_ws/install/dwb_msgs/include/dwb_msgs/msg/detail/local_plan_evaluation__rosidl_typesupport_microxrcedds_cpp.hpp
[4.373s] -- Up-to-date: /home/coderey/ros2_ws/install/dwb_msgs/include/dwb_msgs/msg/detail/microxrcedds
[4.373s] -- Up-to-date: /home/coderey/ros2_ws/install/dwb_msgs/include/dwb_msgs/msg/detail/microxrcedds/trajectory2_d__type_support_cpp.cpp
[4.373s] -- Up-to-date: /home/coderey/ros2_ws/install/dwb_msgs/include/dwb_msgs/msg/detail/microxrcedds/critic_score__type_support_cpp.cpp
[4.374s] -- Up-to-date: /home/coderey/ros2_ws/install/dwb_msgs/include/dwb_msgs/msg/detail/microxrcedds/trajectory_score__type_support_cpp.cpp
[4.374s] -- Up-to-date: /home/coderey/ros2_ws/install/dwb_msgs/include/dwb_msgs/msg/detail/microxrcedds/local_plan_evaluation__type_support_cpp.cpp
[4.374s] -- Up-to-date: /home/coderey/ros2_ws/install/dwb_msgs/include/dwb_msgs/msg/detail/trajectory2_d__rosidl_typesupport_microxrcedds_cpp.hpp
[4.374s] -- Up-to-date: /home/coderey/ros2_ws/install/dwb_msgs/lib/libdwb_msgs__rosidl_typesupport_microxrcedds_cpp.so
[4.374s] -- Up-to-date: /home/coderey/ros2_ws/install/dwb_msgs/include/dwb_msgs
[4.374s] -- Up-to-date: /home/coderey/ros2_ws/install/dwb_msgs/include/dwb_msgs/srv
[4.374s] -- Up-to-date: /home/coderey/ros2_ws/install/dwb_msgs/include/dwb_msgs/srv/detail
[4.374s] -- Up-to-date: /home/coderey/ros2_ws/install/dwb_msgs/include/dwb_msgs/srv/detail/get_critic_score__type_support.cpp
[4.374s] -- Up-to-date: /home/coderey/ros2_ws/install/dwb_msgs/include/dwb_msgs/srv/detail/score_trajectory__rosidl_typesupport_introspection_cpp.hpp
[4.374s] -- Up-to-date: /home/coderey/ros2_ws/install/dwb_msgs/include/dwb_msgs/srv/detail/debug_local_plan__rosidl_typesupport_introspection_cpp.hpp
[4.375s] -- Up-to-date: /home/coderey/ros2_ws/install/dwb_msgs/include/dwb_msgs/srv/detail/generate_trajectory__type_support.cpp
[4.375s] -- Up-to-date: /home/coderey/ros2_ws/install/dwb_msgs/include/dwb_msgs/srv/detail/score_trajectory__type_support.cpp
[4.375s] -- Up-to-date: /home/coderey/ros2_ws/install/dwb_msgs/include/dwb_msgs/srv/detail/generate_twists__type_support.cpp
[4.375s] -- Up-to-date: /home/coderey/ros2_ws/install/dwb_msgs/include/dwb_msgs/srv/detail/get_critic_score__rosidl_typesupport_introspection_cpp.hpp
[4.375s] -- Up-to-date: /home/coderey/ros2_ws/install/dwb_msgs/include/dwb_msgs/srv/detail/generate_trajectory__rosidl_typesupport_introspection_cpp.hpp
[4.375s] -- Up-to-date: /home/coderey/ros2_ws/install/dwb_msgs/include/dwb_msgs/srv/detail/debug_local_plan__type_support.cpp
[4.375s] -- Up-to-date: /home/coderey/ros2_ws/install/dwb_msgs/include/dwb_msgs/srv/detail/generate_twists__rosidl_typesupport_introspection_cpp.hpp
[4.385s] -- Up-to-date: /home/coderey/ros2_ws/install/dwb_msgs/include/dwb_msgs/msg
[4.386s] -- Up-to-date: /home/coderey/ros2_ws/install/dwb_msgs/include/dwb_msgs/msg/detail
[4.386s] -- Up-to-date: /home/coderey/ros2_ws/install/dwb_msgs/include/dwb_msgs/msg/detail/trajectory2_d__type_support.cpp
[4.386s] -- Up-to-date: /home/coderey/ros2_ws/install/dwb_msgs/include/dwb_msgs/msg/detail/trajectory2_d__rosidl_typesupport_introspection_cpp.hpp
[4.386s] -- Up-to-date: /home/coderey/ros2_ws/install/dwb_msgs/include/dwb_msgs/msg/detail/critic_score__type_support.cpp
[4.386s] -- Up-to-date: /home/coderey/ros2_ws/install/dwb_msgs/include/dwb_msgs/msg/detail/trajectory_score__rosidl_typesupport_introspection_cpp.hpp
[4.386s] -- Up-to-date: /home/coderey/ros2_ws/install/dwb_msgs/include/dwb_msgs/msg/detail/critic_score__rosidl_typesupport_introspection_cpp.hpp
[4.386s] -- Up-to-date: /home/coderey/ros2_ws/install/dwb_msgs/include/dwb_msgs/msg/detail/trajectory_score__type_support.cpp
[4.386s] -- Up-to-date: /home/coderey/ros2_ws/install/dwb_msgs/include/dwb_msgs/msg/detail/local_plan_evaluation__rosidl_typesupport_introspection_cpp.hpp
[4.386s] -- Up-to-date: /home/coderey/ros2_ws/install/dwb_msgs/include/dwb_msgs/msg/detail/local_plan_evaluation__type_support.cpp
[4.386s] -- Up-to-date: /home/coderey/ros2_ws/install/dwb_msgs/lib/libdwb_msgs__rosidl_typesupport_introspection_cpp.so
[4.387s] -- Up-to-date: /home/coderey/ros2_ws/install/dwb_msgs/lib/libdwb_msgs__rosidl_typesupport_cpp.so
[4.387s] -- Up-to-date: /home/coderey/ros2_ws/install/dwb_msgs/share/dwb_msgs/environment/pythonpath.sh
[4.387s] -- Installing: /home/coderey/ros2_ws/install/dwb_msgs/share/dwb_msgs/environment/pythonpath.dsv
[4.387s] -- Installing: /home/coderey/ros2_ws/install/dwb_msgs/lib/python3.8/site-packages/dwb_msgs/__init__.py
[4.409s] Compiling '/home/coderey/ros2_ws/install/dwb_msgs/lib/python3.8/site-packages/dwb_msgs/__init__.py'...
[4.415s] -- Up-to-date: /home/coderey/ros2_ws/install/dwb_msgs/lib/python3.8/site-packages/dwb_msgs/msg
[4.415s] -- Up-to-date: /home/coderey/ros2_ws/install/dwb_msgs/lib/python3.8/site-packages/dwb_msgs/msg/__init__.py
[4.415s] -- Up-to-date: /home/coderey/ros2_ws/install/dwb_msgs/lib/python3.8/site-packages/dwb_msgs/msg/_local_plan_evaluation.py
[4.415s] -- Up-to-date: /home/coderey/ros2_ws/install/dwb_msgs/lib/python3.8/site-packages/dwb_msgs/msg/_trajectory_score_s.c
[4.415s] -- Up-to-date: /home/coderey/ros2_ws/install/dwb_msgs/lib/python3.8/site-packages/dwb_msgs/msg/_trajectory2_d_s.c
[4.415s] -- Up-to-date: /home/coderey/ros2_ws/install/dwb_msgs/lib/python3.8/site-packages/dwb_msgs/msg/_critic_score_s.c
[4.416s] -- Up-to-date: /home/coderey/ros2_ws/install/dwb_msgs/lib/python3.8/site-packages/dwb_msgs/msg/_local_plan_evaluation_s.c
[4.416s] -- Up-to-date: /home/coderey/ros2_ws/install/dwb_msgs/lib/python3.8/site-packages/dwb_msgs/msg/_trajectory_score.py
[4.416s] -- Up-to-date: /home/coderey/ros2_ws/install/dwb_msgs/lib/python3.8/site-packages/dwb_msgs/msg/_critic_score.py
[4.416s] -- Up-to-date: /home/coderey/ros2_ws/install/dwb_msgs/lib/python3.8/site-packages/dwb_msgs/msg/_trajectory2_d.py
[4.416s] -- Up-to-date: /home/coderey/ros2_ws/install/dwb_msgs/lib/python3.8/site-packages/dwb_msgs/srv
[4.416s] -- Up-to-date: /home/coderey/ros2_ws/install/dwb_msgs/lib/python3.8/site-packages/dwb_msgs/srv/_score_trajectory.py
[4.416s] -- Up-to-date: /home/coderey/ros2_ws/install/dwb_msgs/lib/python3.8/site-packages/dwb_msgs/srv/_generate_twists_s.c
[4.416s] -- Up-to-date: /home/coderey/ros2_ws/install/dwb_msgs/lib/python3.8/site-packages/dwb_msgs/srv/__init__.py
[4.416s] -- Up-to-date: /home/coderey/ros2_ws/install/dwb_msgs/lib/python3.8/site-packages/dwb_msgs/srv/_debug_local_plan.py
[4.416s] -- Up-to-date: /home/coderey/ros2_ws/install/dwb_msgs/lib/python3.8/site-packages/dwb_msgs/srv/_debug_local_plan_s.c
[4.417s] -- Up-to-date: /home/coderey/ros2_ws/install/dwb_msgs/lib/python3.8/site-packages/dwb_msgs/srv/_generate_trajectory_s.c
[4.417s] -- Up-to-date: /home/coderey/ros2_ws/install/dwb_msgs/lib/python3.8/site-packages/dwb_msgs/srv/_generate_trajectory.py
[4.417s] -- Up-to-date: /home/coderey/ros2_ws/install/dwb_msgs/lib/python3.8/site-packages/dwb_msgs/srv/_generate_twists.py
[4.417s] -- Up-to-date: /home/coderey/ros2_ws/install/dwb_msgs/lib/python3.8/site-packages/dwb_msgs/srv/_score_trajectory_s.c
[4.417s] -- Up-to-date: /home/coderey/ros2_ws/install/dwb_msgs/lib/python3.8/site-packages/dwb_msgs/srv/_get_critic_score_s.c
[4.417s] -- Up-to-date: /home/coderey/ros2_ws/install/dwb_msgs/lib/python3.8/site-packages/dwb_msgs/srv/_get_critic_score.py
[4.417s] -- Up-to-date: /home/coderey/ros2_ws/install/dwb_msgs/lib/python3.8/site-packages/dwb_msgs/dwb_msgs_s__rosidl_typesupport_microxrcedds_c.cpython-38-x86_64-linux-gnu.so
[4.417s] -- Up-to-date: /home/coderey/ros2_ws/install/dwb_msgs/lib/python3.8/site-packages/dwb_msgs/dwb_msgs_s__rosidl_typesupport_fastrtps_c.cpython-38-x86_64-linux-gnu.so
[4.417s] -- Up-to-date: /home/coderey/ros2_ws/install/dwb_msgs/lib/python3.8/site-packages/dwb_msgs/dwb_msgs_s__rosidl_typesupport_introspection_c.cpython-38-x86_64-linux-gnu.so
[4.418s] -- Up-to-date: /home/coderey/ros2_ws/install/dwb_msgs/lib/python3.8/site-packages/dwb_msgs/dwb_msgs_s__rosidl_typesupport_c.cpython-38-x86_64-linux-gnu.so
[4.418s] -- Up-to-date: /home/coderey/ros2_ws/install/dwb_msgs/lib/libdwb_msgs__python.so
[4.418s] -- Up-to-date: /home/coderey/ros2_ws/install/dwb_msgs/share/dwb_msgs/msg/CriticScore.idl
[4.418s] -- Up-to-date: /home/coderey/ros2_ws/install/dwb_msgs/share/dwb_msgs/msg/LocalPlanEvaluation.idl
[4.419s] -- Up-to-date: /home/coderey/ros2_ws/install/dwb_msgs/share/dwb_msgs/msg/Trajectory2D.idl
[4.419s] -- Up-to-date: /home/coderey/ros2_ws/install/dwb_msgs/share/dwb_msgs/msg/TrajectoryScore.idl
[4.419s] -- Up-to-date: /home/coderey/ros2_ws/install/dwb_msgs/share/dwb_msgs/srv/DebugLocalPlan.idl
[4.419s] -- Up-to-date: /home/coderey/ros2_ws/install/dwb_msgs/share/dwb_msgs/srv/GenerateTrajectory.idl
[4.419s] -- Up-to-date: /home/coderey/ros2_ws/install/dwb_msgs/share/dwb_msgs/srv/GenerateTwists.idl
[4.441s] -- Up-to-date: /home/coderey/ros2_ws/install/dwb_msgs/share/dwb_msgs/srv/GetCriticScore.idl
[4.442s] -- Up-to-date: /home/coderey/ros2_ws/install/dwb_msgs/share/dwb_msgs/srv/ScoreTrajectory.idl
[4.443s] -- Installing: /home/coderey/ros2_ws/install/dwb_msgs/share/dwb_msgs/msg/CriticScore.msg
[4.444s] -- Installing: /home/coderey/ros2_ws/install/dwb_msgs/share/dwb_msgs/msg/LocalPlanEvaluation.msg
[4.444s] -- Installing: /home/coderey/ros2_ws/install/dwb_msgs/share/dwb_msgs/msg/Trajectory2D.msg
[4.444s] -- Installing: /home/coderey/ros2_ws/install/dwb_msgs/share/dwb_msgs/msg/TrajectoryScore.msg
[4.444s] -- Installing: /home/coderey/ros2_ws/install/dwb_msgs/share/dwb_msgs/srv/DebugLocalPlan.srv
[4.444s] -- Up-to-date: /home/coderey/ros2_ws/install/dwb_msgs/share/dwb_msgs/srv/DebugLocalPlan_Request.msg
[4.444s] -- Up-to-date: /home/coderey/ros2_ws/install/dwb_msgs/share/dwb_msgs/srv/DebugLocalPlan_Response.msg
[4.445s] -- Installing: /home/coderey/ros2_ws/install/dwb_msgs/share/dwb_msgs/srv/GenerateTrajectory.srv
[4.445s] -- Up-to-date: /home/coderey/ros2_ws/install/dwb_msgs/share/dwb_msgs/srv/GenerateTrajectory_Request.msg
[4.446s] -- Up-to-date: /home/coderey/ros2_ws/install/dwb_msgs/share/dwb_msgs/srv/GenerateTrajectory_Response.msg
[4.446s] -- Installing: /home/coderey/ros2_ws/install/dwb_msgs/share/dwb_msgs/srv/GenerateTwists.srv
[4.446s] -- Up-to-date: /home/coderey/ros2_ws/install/dwb_msgs/share/dwb_msgs/srv/GenerateTwists_Request.msg
[4.446s] -- Up-to-date: /home/coderey/ros2_ws/install/dwb_msgs/share/dwb_msgs/srv/GenerateTwists_Response.msg
[4.446s] -- Installing: /home/coderey/ros2_ws/install/dwb_msgs/share/dwb_msgs/srv/GetCriticScore.srv
[4.447s] -- Up-to-date: /home/coderey/ros2_ws/install/dwb_msgs/share/dwb_msgs/srv/GetCriticScore_Request.msg
[4.447s] -- Up-to-date: /home/coderey/ros2_ws/install/dwb_msgs/share/dwb_msgs/srv/GetCriticScore_Response.msg
[4.449s] -- Installing: /home/coderey/ros2_ws/install/dwb_msgs/share/dwb_msgs/srv/ScoreTrajectory.srv
[4.450s] -- Up-to-date: /home/coderey/ros2_ws/install/dwb_msgs/share/dwb_msgs/srv/ScoreTrajectory_Request.msg
[4.450s] -- Up-to-date: /home/coderey/ros2_ws/install/dwb_msgs/share/dwb_msgs/srv/ScoreTrajectory_Response.msg
[4.450s] -- Up-to-date: /home/coderey/ros2_ws/install/dwb_msgs/share/ament_index/resource_index/package_run_dependencies/dwb_msgs
[4.451s] -- Up-to-date: /home/coderey/ros2_ws/install/dwb_msgs/share/ament_index/resource_index/parent_prefix_path/dwb_msgs
[4.457s] -- Up-to-date: /home/coderey/ros2_ws/install/dwb_msgs/share/dwb_msgs/environment/ament_prefix_path.sh
[4.457s] -- Installing: /home/coderey/ros2_ws/install/dwb_msgs/share/dwb_msgs/environment/ament_prefix_path.dsv
[4.458s] -- Up-to-date: /home/coderey/ros2_ws/install/dwb_msgs/share/dwb_msgs/environment/path.sh
[4.458s] -- Installing: /home/coderey/ros2_ws/install/dwb_msgs/share/dwb_msgs/environment/path.dsv
[4.458s] -- Up-to-date: /home/coderey/ros2_ws/install/dwb_msgs/share/dwb_msgs/local_setup.bash
[4.459s] -- Up-to-date: /home/coderey/ros2_ws/install/dwb_msgs/share/dwb_msgs/local_setup.sh
[4.459s] -- Up-to-date: /home/coderey/ros2_ws/install/dwb_msgs/share/dwb_msgs/local_setup.zsh
[4.462s] -- Installing: /home/coderey/ros2_ws/install/dwb_msgs/share/dwb_msgs/local_setup.dsv
[4.462s] -- Installing: /home/coderey/ros2_ws/install/dwb_msgs/share/dwb_msgs/package.dsv
[4.462s] -- Up-to-date: /home/coderey/ros2_ws/install/dwb_msgs/share/ament_index/resource_index/packages/dwb_msgs
[4.462s] -- Up-to-date: /home/coderey/ros2_ws/install/dwb_msgs/share/dwb_msgs/cmake/dwb_msgs__rosidl_generator_cExport.cmake
[4.462s] -- Installing: /home/coderey/ros2_ws/install/dwb_msgs/share/dwb_msgs/cmake/dwb_msgs__rosidl_generator_cExport-noconfig.cmake
[4.462s] -- Up-to-date: /home/coderey/ros2_ws/install/dwb_msgs/share/dwb_msgs/cmake/dwb_msgs__rosidl_typesupport_introspection_cExport.cmake
[4.462s] -- Installing: /home/coderey/ros2_ws/install/dwb_msgs/share/dwb_msgs/cmake/dwb_msgs__rosidl_typesupport_introspection_cExport-noconfig.cmake
[4.462s] -- Up-to-date: /home/coderey/ros2_ws/install/dwb_msgs/share/dwb_msgs/cmake/dwb_msgs__rosidl_typesupport_cExport.cmake
[4.463s] -- Installing: /home/coderey/ros2_ws/install/dwb_msgs/share/dwb_msgs/cmake/dwb_msgs__rosidl_typesupport_cExport-noconfig.cmake
[4.463s] -- Up-to-date: /home/coderey/ros2_ws/install/dwb_msgs/share/dwb_msgs/cmake/dwb_msgs__rosidl_generator_cppExport.cmake
[4.463s] -- Up-to-date: /home/coderey/ros2_ws/install/dwb_msgs/share/dwb_msgs/cmake/dwb_msgs__rosidl_typesupport_introspection_cppExport.cmake
[4.463s] -- Installing: /home/coderey/ros2_ws/install/dwb_msgs/share/dwb_msgs/cmake/dwb_msgs__rosidl_typesupport_introspection_cppExport-noconfig.cmake
[4.463s] -- Up-to-date: /home/coderey/ros2_ws/install/dwb_msgs/share/dwb_msgs/cmake/dwb_msgs__rosidl_typesupport_cppExport.cmake
[4.463s] -- Installing: /home/coderey/ros2_ws/install/dwb_msgs/share/dwb_msgs/cmake/dwb_msgs__rosidl_typesupport_cppExport-noconfig.cmake
[4.463s] -- Up-to-date: /home/coderey/ros2_ws/install/dwb_msgs/share/dwb_msgs/cmake/rosidl_cmake-extras.cmake
[4.463s] -- Up-to-date: /home/coderey/ros2_ws/install/dwb_msgs/share/dwb_msgs/cmake/ament_cmake_export_dependencies-extras.cmake
[4.463s] -- Up-to-date: /home/coderey/ros2_ws/install/dwb_msgs/share/dwb_msgs/cmake/ament_cmake_export_libraries-extras.cmake
[4.463s] -- Up-to-date: /home/coderey/ros2_ws/install/dwb_msgs/share/dwb_msgs/cmake/ament_cmake_export_targets-extras.cmake
[4.463s] -- Up-to-date: /home/coderey/ros2_ws/install/dwb_msgs/share/dwb_msgs/cmake/ament_cmake_export_include_directories-extras.cmake
[4.463s] -- Up-to-date: /home/coderey/ros2_ws/install/dwb_msgs/share/dwb_msgs/cmake/rosidl_cmake_export_typesupport_libraries-extras.cmake
[4.464s] -- Up-to-date: /home/coderey/ros2_ws/install/dwb_msgs/share/dwb_msgs/cmake/rosidl_cmake_export_typesupport_targets-extras.cmake
[4.464s] -- Up-to-date: /home/coderey/ros2_ws/install/dwb_msgs/share/dwb_msgs/cmake/dwb_msgsConfig.cmake
[4.464s] -- Up-to-date: /home/coderey/ros2_ws/install/dwb_msgs/share/dwb_msgs/cmake/dwb_msgsConfig-version.cmake
[4.464s] -- Installing: /home/coderey/ros2_ws/install/dwb_msgs/share/dwb_msgs/package.xml
[4.464s] Invoked command in '/home/coderey/ros2_ws/build/dwb_msgs' returned '0': AMENT_PREFIX_PATH=/home/coderey/ros2_ws/install/nav_2d_msgs:${AMENT_PREFIX_PATH} CMAKE_PREFIX_PATH=/home/coderey/ros2_ws/install/nav_2d_msgs:/home/coderey/ros2_ws/install/sam_bot_description:/home/coderey/ros2_ws/install/robot_localization:/home/coderey/ros2_ws/install/nav2_straightline_planner:/home/coderey/ros2_ws/install/nav2_gradient_costmap_plugin:/home/coderey/ros2_ws/install/nav2_costmap_filters_demo:/home/coderey/ros2_ws/install/marvelmind_ros2:/home/coderey/ros2_ws/install/marvelmind_ros2_msgs:/home/coderey/ros2_ws/install/groot:/home/coderey/microros_ws/install/micro_ros_demos_rclc:/home/coderey/microros_ws/install/common_interfaces:/home/coderey/microros_ws/install/visualization_msgs:/home/coderey/microros_ws/install/test_msgs:/home/coderey/microros_ws/install/example_interfaces:/home/coderey/microros_ws/install/action_msgs:/home/coderey/microros_ws/install/unique_identifier_msgs:/home/coderey/microros_ws/install/trajectory_msgs:/home/coderey/microros_ws/install/stereo_msgs:/home/coderey/microros_ws/install/std_srvs:/home/coderey/microros_ws/install/shape_msgs:/home/coderey/microros_ws/install/sensor_msgs:/home/coderey/microros_ws/install/nav_msgs:/home/coderey/microros_ws/install/diagnostic_msgs:/home/coderey/microros_ws/install/geometry_msgs:/home/coderey/microros_ws/install/drive_base_msgs:/home/coderey/microros_ws/install/actionlib_msgs:/home/coderey/microros_ws/install/std_msgs:/home/coderey/microros_ws/install/statistics_msgs:/home/coderey/microros_ws/install/rosidl_typesupport_microxrcedds_test_msg:/home/coderey/microros_ws/install/rosidl_typesupport_microxrcedds_cpp_tests:/home/coderey/microros_ws/install/rmw_microxrcedds:/home/coderey/microros_ws/install/rosidl_typesupport_microxrcedds_cpp:/home/coderey/microros_ws/install/rosidl_typesupport_microxrcedds_c_tests:/home/coderey/microros_ws/install/rosidl_typesupport_microxrcedds_c:/home/coderey/microros_ws/install/rosgraph_msgs:/home/coderey/microros_ws/install/rclc_parameter:/home/coderey/microros_ws/install/rclc:/home/coderey/microros_ws/install/composition_interfaces:/home/coderey/microros_ws/install/rcl_interfaces:/home/coderey/microros_ws/install/microxrcedds_client:/home/coderey/microros_ws/install/microcdr:/home/coderey/microros_ws/install/micro_ros_utilities:/home/coderey/microros_ws/install/micro_ros_setup:/home/coderey/microros_ws/install/micro_ros_agent:/home/coderey/microros_ws/install/micro_ros_msgs:/home/coderey/microros_ws/install/micro_ros_demos_rclcpp:/home/coderey/microros_ws/install/lifecycle_msgs:/home/coderey/microros_ws/install/complex_msgs:/home/coderey/microros_ws/install/builtin_interfaces:/home/coderey/ros2_ws/install/swisscat_robot:/home/coderey/ros2_ws/install/nav2_gps_waypoint_follower_demo:/home/coderey/ros2_ws/install/mob_rob_loca:/home/coderey/ros2_ws/install/bno055:/home/coderey/microros_ws/install/sensor_msgs_py:/opt/ros/galactic LD_LIBRARY_PATH=/home/coderey/ros2_ws/install/nav_2d_msgs/lib:${LD_LIBRARY_PATH} PYTHONPATH=/home/coderey/ros2_ws/install/nav_2d_msgs/lib/python3.8/site-packages:${PYTHONPATH} /usr/bin/cmake --install /home/coderey/ros2_ws/build/dwb_msgs
