-- Found ament_cmake: 1.1.6 (/opt/ros/galactic/share/ament_cmake/cmake)
-- Using PYTHON_EXECUTABLE: /usr/bin/python3
-- Override CMake install command with custom implementation using symlinks instead of copying resources
-- Found geometry_msgs: 2.2.4 (/home/coderey/microros_ws/install/geometry_msgs/share/geometry_msgs/cmake)
-- Using all available rosidl_typesupport_c: rosidl_typesupport_microxrcedds_c;rosidl_typesupport_fastrtps_c;rosidl_typesupport_introspection_c
-- Found rosidl_adapter: 2.2.3 (/opt/ros/galactic/share/rosidl_adapter/cmake)
-- Using all available rosidl_typesupport_cpp: rosidl_typesupport_microxrcedds_cpp;rosidl_typesupport_fastrtps_cpp;rosidl_typesupport_introspection_cpp
-- Found nav2_util: 1.0.12 (/home/coderey/ros2_ws/install/nav2_util/share/nav2_util/cmake)
-- Found rmw_implementation_cmake: 3.3.1 (/opt/ros/galactic/share/rmw_implementation_cmake/cmake)
-- Found rmw_cyclonedds_cpp: 0.22.6 (/opt/ros/galactic/share/rmw_cyclonedds_cpp/cmake)
-- Using RMW implementation 'rmw_cyclonedds_cpp' as default
-- Found eigen3_cmake_module: 0.1.1 (/opt/ros/galactic/share/eigen3_cmake_module/cmake)
-- Found nav2_lifecycle_manager: 1.0.12 (/home/coderey/ros2_ws/install/nav2_lifecycle_manager/share/nav2_lifecycle_manager/cmake)
-- Found pluginlib: 5.0.1 (/opt/ros/galactic/share/pluginlib/cmake)
-- Found rviz_common: 8.5.2 (/opt/ros/galactic/share/rviz_common/cmake)
-- Setting OGRE_DIR to: '/opt/ros/galactic/share/rviz_ogre_vendor/cmake/../../../opt/rviz_ogre_vendor/lib/OGRE/cmake'
-- Found OGRE
--   static     : OFF
--   components : HLMS;MeshLodGenerator;Overlay;Paging;Property;RTShaderSystem;Terrain;Volume
--   plugins    : Plugin_BSPSceneManager;Plugin_OctreeSceneManager;Plugin_PCZSceneManager;Plugin_ParticleFX;RenderSystem_GL;RenderSystem_GL3Plus;Codec_STBI
--   media      : /opt/ros/galactic/opt/rviz_ogre_vendor/share/OGRE/Media
-- OGRE_LIBRARIES: OgreHLMS;OgreMeshLodGenerator;OgreOverlay;OgrePaging;OgreProperty;OgreRTShaderSystem;OgreTerrain;OgreVolume;OgreMain
-- OGRE_LIBRARY_DIRS: /opt/ros/galactic/opt/rviz_ogre_vendor/lib
-- OGRE_PLUGINS: Plugin_BSPSceneManager;Plugin_OctreeSceneManager;Plugin_PCZSceneManager;Plugin_ParticleFX;RenderSystem_GL;RenderSystem_GL3Plus;Codec_STBI
-- OGRE_PLUGIN_DIR: /opt/ros/galactic/opt/rviz_ogre_vendor/lib/OGRE
-- rviz_ogre_vendor::OgreOverlay for IMPORTED_LOCATION_RELEASE: /opt/ros/galactic/opt/rviz_ogre_vendor/lib/libOgreOverlay.so
-- rviz_ogre_vendor::OgreOverlay for IMPORTED_LOCATION_DEBUG: /opt/ros/galactic/opt/rviz_ogre_vendor/lib/libOgreOverlay.so
-- rviz_ogre_vendor::OgreMain for IMPORTED_LOCATION_RELEASE: /opt/ros/galactic/opt/rviz_ogre_vendor/lib/libOgreMain.so
-- rviz_ogre_vendor::OgreMain for IMPORTED_LOCATION_DEBUG: /opt/ros/galactic/opt/rviz_ogre_vendor/lib/libOgreMain.so
-- rviz_ogre_vendor::RenderSystem_GL for IMPORTED_LOCATION_RELEASE: _render_system_gl_static_library_abs-NOTFOUND
-- rviz_ogre_vendor::RenderSystem_GL for IMPORTED_LOCATION_DEBUG: _render_system_gl_static_library_abs-NOTFOUND
-- library: libassimp.so.5
-- library: /usr/lib/x86_64-linux-gnu/libcurl.so
-- Found rviz_default_plugins: 8.5.2 (/opt/ros/galactic/share/rviz_default_plugins/cmake)
-- Found ament_lint_auto: 0.10.7 (/opt/ros/galactic/share/ament_lint_auto/cmake)
-- Added test 'copyright' to check source files copyright and LICENSE
-- Added test 'cppcheck' to perform static code analysis on C / C++ code
-- Configured cppcheck include dirs: /home/coderey/ros2_ws/src/navigation2/nav2_rviz_plugins/include
-- Configured cppcheck exclude dirs and/or files: 
-- Added test 'cpplint' to check C / C++ code against the Google style
-- Configured cpplint exclude dirs and/or files: 
-- Added test 'lint_cmake' to check CMake code style
-- Added test 'uncrustify' to check C / C++ code style
-- Configured uncrustify additional arguments: 
-- Added test 'xmllint' to check XML markup files
-- Configuring done
-- Generating done
-- Build files have been written to: /home/coderey/ros2_ws/build/nav2_rviz_plugins
[ 14%] [34m[1mAutomatic MOC for target nav2_rviz_plugins[0m
[ 14%] Built target nav2_rviz_plugins_autogen
[ 28%] [32mBuilding CXX object CMakeFiles/nav2_rviz_plugins.dir/nav2_rviz_plugins_autogen/mocs_compilation.cpp.o[0m
[ 42%] [32mBuilding CXX object CMakeFiles/nav2_rviz_plugins.dir/src/goal_tool.cpp.o[0m
[ 57%] [32mBuilding CXX object CMakeFiles/nav2_rviz_plugins.dir/src/particle_cloud_display/particle_cloud_display.cpp.o[0m
[ 71%] [32mBuilding CXX object CMakeFiles/nav2_rviz_plugins.dir/src/particle_cloud_display/flat_weighted_arrows_array.cpp.o[0m
[ 85%] [32mBuilding CXX object CMakeFiles/nav2_rviz_plugins.dir/src/nav2_panel.cpp.o[0m
[100%] [32m[1mLinking CXX shared library libnav2_rviz_plugins.so[0m
[100%] Built target nav2_rviz_plugins
-- Install configuration: "RelWithDebInfo"
-- Execute custom install script
-- Up-to-date symlink: /home/coderey/ros2_ws/install/nav2_rviz_plugins/share/nav2_rviz_plugins//plugins_description.xml
-- Up-to-date symlink: /home/coderey/ros2_ws/install/nav2_rviz_plugins/include//nav2_rviz_plugins/goal_common.hpp
-- Up-to-date symlink: /home/coderey/ros2_ws/install/nav2_rviz_plugins/include//nav2_rviz_plugins/goal_pose_updater.hpp
-- Up-to-date symlink: /home/coderey/ros2_ws/install/nav2_rviz_plugins/include//nav2_rviz_plugins/goal_tool.hpp
-- Up-to-date symlink: /home/coderey/ros2_ws/install/nav2_rviz_plugins/include//nav2_rviz_plugins/nav2_panel.hpp
-- Up-to-date symlink: /home/coderey/ros2_ws/install/nav2_rviz_plugins/include//nav2_rviz_plugins/particle_cloud_display/flat_weighted_arrows_array.hpp
-- Up-to-date symlink: /home/coderey/ros2_ws/install/nav2_rviz_plugins/include//nav2_rviz_plugins/particle_cloud_display/particle_cloud_display.hpp
-- Up-to-date symlink: /home/coderey/ros2_ws/install/nav2_rviz_plugins/include//nav2_rviz_plugins/ros_action_qevent.hpp
-- Up-to-date symlink: /home/coderey/ros2_ws/install/nav2_rviz_plugins/share/nav2_rviz_plugins/environment/library_path.sh
-- Up-to-date symlink: /home/coderey/ros2_ws/install/nav2_rviz_plugins/share/nav2_rviz_plugins/environment/library_path.dsv
-- Up-to-date symlink: /home/coderey/ros2_ws/install/nav2_rviz_plugins/share/ament_index/resource_index/package_run_dependencies/nav2_rviz_plugins
-- Up-to-date symlink: /home/coderey/ros2_ws/install/nav2_rviz_plugins/share/ament_index/resource_index/parent_prefix_path/nav2_rviz_plugins
-- Up-to-date symlink: /home/coderey/ros2_ws/install/nav2_rviz_plugins/share/nav2_rviz_plugins/environment/ament_prefix_path.sh
-- Up-to-date symlink: /home/coderey/ros2_ws/install/nav2_rviz_plugins/share/nav2_rviz_plugins/environment/ament_prefix_path.dsv
-- Up-to-date symlink: /home/coderey/ros2_ws/install/nav2_rviz_plugins/share/nav2_rviz_plugins/environment/path.sh
-- Up-to-date symlink: /home/coderey/ros2_ws/install/nav2_rviz_plugins/share/nav2_rviz_plugins/environment/path.dsv
-- Up-to-date symlink: /home/coderey/ros2_ws/install/nav2_rviz_plugins/share/nav2_rviz_plugins/local_setup.bash
-- Up-to-date symlink: /home/coderey/ros2_ws/install/nav2_rviz_plugins/share/nav2_rviz_plugins/local_setup.sh
-- Up-to-date symlink: /home/coderey/ros2_ws/install/nav2_rviz_plugins/share/nav2_rviz_plugins/local_setup.zsh
-- Up-to-date symlink: /home/coderey/ros2_ws/install/nav2_rviz_plugins/share/nav2_rviz_plugins/local_setup.dsv
-- Symlinking: /home/coderey/ros2_ws/install/nav2_rviz_plugins/share/nav2_rviz_plugins/package.dsv
-- Up-to-date symlink: /home/coderey/ros2_ws/install/nav2_rviz_plugins/share/ament_index/resource_index/packages/nav2_rviz_plugins
-- Up-to-date symlink: /home/coderey/ros2_ws/install/nav2_rviz_plugins/share/ament_index/resource_index/rviz_common__pluginlib__plugin/nav2_rviz_plugins
-- Up-to-date symlink: /home/coderey/ros2_ws/install/nav2_rviz_plugins/share/nav2_rviz_plugins/cmake/ament_cmake_export_include_directories-extras.cmake
-- Up-to-date symlink: /home/coderey/ros2_ws/install/nav2_rviz_plugins/share/nav2_rviz_plugins/cmake/ament_cmake_export_targets-extras.cmake
-- Up-to-date symlink: /home/coderey/ros2_ws/install/nav2_rviz_plugins/share/nav2_rviz_plugins/cmake/ament_cmake_export_dependencies-extras.cmake
-- Up-to-date symlink: /home/coderey/ros2_ws/install/nav2_rviz_plugins/share/nav2_rviz_plugins/cmake/nav2_rviz_pluginsConfig.cmake
-- Up-to-date symlink: /home/coderey/ros2_ws/install/nav2_rviz_plugins/share/nav2_rviz_plugins/cmake/nav2_rviz_pluginsConfig-version.cmake
-- Up-to-date symlink: /home/coderey/ros2_ws/install/nav2_rviz_plugins/share/nav2_rviz_plugins/package.xml
-- Installing: /home/coderey/ros2_ws/install/nav2_rviz_plugins/lib/libnav2_rviz_plugins.so
-- Set runtime path of "/home/coderey/ros2_ws/install/nav2_rviz_plugins/lib/libnav2_rviz_plugins.so" to ""
-- Up-to-date: /home/coderey/ros2_ws/install/nav2_rviz_plugins/share/nav2_rviz_plugins/cmake/nav2_rviz_pluginsExport.cmake
-- Installing: /home/coderey/ros2_ws/install/nav2_rviz_plugins/share/nav2_rviz_plugins/cmake/nav2_rviz_pluginsExport-relwithdebinfo.cmake
