[1.621s] Invoking command in '/home/coderey/ros2_ws/build/nav2_straightline_planner': CMAKE_PREFIX_PATH=${CMAKE_PREFIX_PATH}:/home/coderey/ros2_ws/install/swisscat_robot:/home/coderey/ros2_ws/install/nav2_gps_waypoint_follower_demo:/home/coderey/ros2_ws/install/mob_rob_loca:/home/coderey/ros2_ws/install/bno055:/home/coderey/microros_ws/install/sensor_msgs_py:/opt/ros/galactic /usr/bin/cmake --build /home/coderey/ros2_ws/build/nav2_straightline_planner -- -j8 -l8
[1.803s] [100%] Built target nav2_straightline_planner_plugin
[2.031s] Invoked command in '/home/coderey/ros2_ws/build/nav2_straightline_planner' returned '0': CMAKE_PREFIX_PATH=${CMAKE_PREFIX_PATH}:/home/coderey/ros2_ws/install/swisscat_robot:/home/coderey/ros2_ws/install/nav2_gps_waypoint_follower_demo:/home/coderey/ros2_ws/install/mob_rob_loca:/home/coderey/ros2_ws/install/bno055:/home/coderey/microros_ws/install/sensor_msgs_py:/opt/ros/galactic /usr/bin/cmake --build /home/coderey/ros2_ws/build/nav2_straightline_planner -- -j8 -l8
[2.671s] Invoking command in '/home/coderey/ros2_ws/build/nav2_straightline_planner': CMAKE_PREFIX_PATH=${CMAKE_PREFIX_PATH}:/home/coderey/ros2_ws/install/swisscat_robot:/home/coderey/ros2_ws/install/nav2_gps_waypoint_follower_demo:/home/coderey/ros2_ws/install/mob_rob_loca:/home/coderey/ros2_ws/install/bno055:/home/coderey/microros_ws/install/sensor_msgs_py:/opt/ros/galactic /usr/bin/cmake --install /home/coderey/ros2_ws/build/nav2_straightline_planner
[2.873s] -- Install configuration: ""
[2.873s] -- Up-to-date: /home/coderey/ros2_ws/install/nav2_straightline_planner/share/nav2_straightline_planner/global_planner_plugin.xml
[2.873s] -- Up-to-date: /home/coderey/ros2_ws/install/nav2_straightline_planner/lib/libnav2_straightline_planner_plugin.so
[2.873s] -- Up-to-date: /home/coderey/ros2_ws/install/nav2_straightline_planner/include/
[2.873s] -- Up-to-date: /home/coderey/ros2_ws/install/nav2_straightline_planner/include//nav2_straightline_planner
[2.873s] -- Up-to-date: /home/coderey/ros2_ws/install/nav2_straightline_planner/include//nav2_straightline_planner/straight_line_planner.hpp
[2.874s] -- Up-to-date: /home/coderey/ros2_ws/install/nav2_straightline_planner/share/nav2_straightline_planner/global_planner_plugin.xml
[2.874s] -- Up-to-date: /home/coderey/ros2_ws/install/nav2_straightline_planner/share/nav2_straightline_planner/environment/library_path.sh
[2.874s] -- Up-to-date: /home/coderey/ros2_ws/install/nav2_straightline_planner/share/nav2_straightline_planner/environment/library_path.dsv
[2.874s] -- Up-to-date: /home/coderey/ros2_ws/install/nav2_straightline_planner/share/ament_index/resource_index/package_run_dependencies/nav2_straightline_planner
[2.874s] -- Up-to-date: /home/coderey/ros2_ws/install/nav2_straightline_planner/share/ament_index/resource_index/parent_prefix_path/nav2_straightline_planner
[2.874s] -- Up-to-date: /home/coderey/ros2_ws/install/nav2_straightline_planner/share/nav2_straightline_planner/environment/ament_prefix_path.sh
[2.874s] -- Up-to-date: /home/coderey/ros2_ws/install/nav2_straightline_planner/share/nav2_straightline_planner/environment/ament_prefix_path.dsv
[2.874s] -- Up-to-date: /home/coderey/ros2_ws/install/nav2_straightline_planner/share/nav2_straightline_planner/environment/path.sh
[2.874s] -- Up-to-date: /home/coderey/ros2_ws/install/nav2_straightline_planner/share/nav2_straightline_planner/environment/path.dsv
[2.874s] -- Up-to-date: /home/coderey/ros2_ws/install/nav2_straightline_planner/share/nav2_straightline_planner/local_setup.bash
[2.875s] -- Up-to-date: /home/coderey/ros2_ws/install/nav2_straightline_planner/share/nav2_straightline_planner/local_setup.sh
[2.875s] -- Up-to-date: /home/coderey/ros2_ws/install/nav2_straightline_planner/share/nav2_straightline_planner/local_setup.zsh
[2.875s] -- Up-to-date: /home/coderey/ros2_ws/install/nav2_straightline_planner/share/nav2_straightline_planner/local_setup.dsv
[2.875s] -- Installing: /home/coderey/ros2_ws/install/nav2_straightline_planner/share/nav2_straightline_planner/package.dsv
[2.875s] -- Up-to-date: /home/coderey/ros2_ws/install/nav2_straightline_planner/share/ament_index/resource_index/packages/nav2_straightline_planner
[2.875s] -- Up-to-date: /home/coderey/ros2_ws/install/nav2_straightline_planner/share/ament_index/resource_index/nav2_core__pluginlib__plugin/nav2_straightline_planner
[2.875s] -- Up-to-date: /home/coderey/ros2_ws/install/nav2_straightline_planner/share/nav2_straightline_planner/cmake/ament_cmake_export_include_directories-extras.cmake
[2.875s] -- Up-to-date: /home/coderey/ros2_ws/install/nav2_straightline_planner/share/nav2_straightline_planner/cmake/ament_cmake_export_libraries-extras.cmake
[2.875s] -- Up-to-date: /home/coderey/ros2_ws/install/nav2_straightline_planner/share/nav2_straightline_planner/cmake/ament_cmake_export_dependencies-extras.cmake
[2.876s] -- Up-to-date: /home/coderey/ros2_ws/install/nav2_straightline_planner/share/nav2_straightline_planner/cmake/nav2_straightline_plannerConfig.cmake
[2.876s] -- Up-to-date: /home/coderey/ros2_ws/install/nav2_straightline_planner/share/nav2_straightline_planner/cmake/nav2_straightline_plannerConfig-version.cmake
[2.876s] -- Up-to-date: /home/coderey/ros2_ws/install/nav2_straightline_planner/share/nav2_straightline_planner/package.xml
[3.155s] Invoked command in '/home/coderey/ros2_ws/build/nav2_straightline_planner' returned '0': CMAKE_PREFIX_PATH=${CMAKE_PREFIX_PATH}:/home/coderey/ros2_ws/install/swisscat_robot:/home/coderey/ros2_ws/install/nav2_gps_waypoint_follower_demo:/home/coderey/ros2_ws/install/mob_rob_loca:/home/coderey/ros2_ws/install/bno055:/home/coderey/microros_ws/install/sensor_msgs_py:/opt/ros/galactic /usr/bin/cmake --install /home/coderey/ros2_ws/build/nav2_straightline_planner
