-- Using PYTHON_EXECUTABLE: /usr/bin/python3
-- Override CMake install command with custom implementation using symlinks instead of copying resources
-- Found ament_index_cpp: 1.2.0 (/opt/ros/galactic/share/ament_index_cpp/cmake)
-- ---------------------
-- Compiling with AMENT.
-- ---------------------
-- ZeroMQ found.
-- Configuring done
-- Generating done
-- Build files have been written to: /home/coderey/ros2_ws/build/groot
[  1%] [34m[1mAutomatic MOC and UIC for target QtNodeEditor[0m
[  1%] Built target QtNodeEditor_autogen
[  2%] [34m[1mGenerating include/nodes/internal/moc_Connection.cpp[0m
[  3%] [34m[1mGenerating include/nodes/internal/moc_memory.cpp[0m
[  3%] [34m[1mGenerating include/nodes/internal/moc_DataModelRegistry.cpp[0m
[  4%] [34m[1mGenerating include/nodes/internal/moc_ConnectionState.cpp[0m
[  5%] [34m[1mGenerating include/nodes/internal/moc_Compiler.cpp[0m
[  6%] [34m[1mGenerating include/nodes/internal/moc_ConnectionGeometry.cpp[0m
[  6%] [34m[1mGenerating include/nodes/internal/moc_ConnectionGraphicsObject.cpp[0m
[  7%] [34m[1mGenerating include/nodes/internal/moc_ConnectionStyle.cpp[0m
[  8%] [34m[1mGenerating include/nodes/internal/moc_Export.cpp[0m
[  9%] [34m[1mGenerating include/nodes/internal/moc_FlowScene.cpp[0m
[ 10%] [34m[1mGenerating include/nodes/internal/moc_FlowView.cpp[0m
[ 10%] [34m[1mGenerating include/nodes/internal/moc_FlowViewStyle.cpp[0m
[ 11%] [34m[1mGenerating include/nodes/internal/moc_Node.cpp[0m
[ 12%] [34m[1mGenerating include/nodes/internal/moc_NodeData.cpp[0m
[ 12%] [34m[1mGenerating include/nodes/internal/moc_NodeDataModel.cpp[0m
[ 13%] [34m[1mGenerating include/nodes/internal/moc_NodeStyle.cpp[0m
[ 14%] [34m[1mGenerating include/nodes/internal/moc_NodeGeometry.cpp[0m
[ 15%] [34m[1mGenerating include/nodes/internal/moc_NodePainterDelegate.cpp[0m
[ 16%] [34m[1mGenerating include/nodes/internal/moc_NodeGraphicsObject.cpp[0m
[ 17%] [34m[1mGenerating include/nodes/internal/moc_OperatingSystem.cpp[0m
[ 17%] [34m[1mGenerating include/nodes/internal/moc_NodeState.cpp[0m
[ 18%] [34m[1mGenerating include/nodes/internal/moc_QStringStdHash.cpp[0m
[ 18%] [34m[1mGenerating include/nodes/internal/moc_PortType.cpp[0m
[ 19%] [34m[1mGenerating include/nodes/internal/moc_TypeConverter.cpp[0m
[ 20%] [34m[1mGenerating include/nodes/internal/moc_QUuidStdHash.cpp[0m
[ 21%] [34m[1mGenerating include/nodes/internal/moc_Serializable.cpp[0m
[ 21%] [34m[1mGenerating include/nodes/internal/moc_Style.cpp[0m
[35m[1mScanning dependencies of target QtNodeEditor[0m
[ 21%] [32mBuilding CXX object QtNodeEditor/CMakeFiles/QtNodeEditor.dir/QtNodeEditor_autogen/mocs_compilation.cpp.o[0m
[ 22%] [32mBuilding CXX object QtNodeEditor/CMakeFiles/QtNodeEditor.dir/src/Connection.cpp.o[0m
[ 22%] [32mBuilding CXX object QtNodeEditor/CMakeFiles/QtNodeEditor.dir/src/ConnectionGraphicsObject.cpp.o[0m
[ 23%] [32mBuilding CXX object QtNodeEditor/CMakeFiles/QtNodeEditor.dir/src/ConnectionBlurEffect.cpp.o[0m
[ 24%] [32mBuilding CXX object QtNodeEditor/CMakeFiles/QtNodeEditor.dir/src/ConnectionGeometry.cpp.o[0m
[ 25%] [32mBuilding CXX object QtNodeEditor/CMakeFiles/QtNodeEditor.dir/src/ConnectionState.cpp.o[0m
[ 26%] [32mBuilding CXX object QtNodeEditor/CMakeFiles/QtNodeEditor.dir/src/ConnectionPainter.cpp.o[0m
[ 26%] [32mBuilding CXX object QtNodeEditor/CMakeFiles/QtNodeEditor.dir/src/ConnectionStyle.cpp.o[0m
[ 27%] [32mBuilding CXX object QtNodeEditor/CMakeFiles/QtNodeEditor.dir/src/DataModelRegistry.cpp.o[0m
[ 28%] [32mBuilding CXX object QtNodeEditor/CMakeFiles/QtNodeEditor.dir/src/FlowScene.cpp.o[0m
[ 29%] [32mBuilding CXX object QtNodeEditor/CMakeFiles/QtNodeEditor.dir/src/FlowView.cpp.o[0m
[ 29%] [32mBuilding CXX object QtNodeEditor/CMakeFiles/QtNodeEditor.dir/src/FlowViewStyle.cpp.o[0m
[ 30%] [32mBuilding CXX object QtNodeEditor/CMakeFiles/QtNodeEditor.dir/src/NodeConnectionInteraction.cpp.o[0m
[ 31%] [32mBuilding CXX object QtNodeEditor/CMakeFiles/QtNodeEditor.dir/src/Node.cpp.o[0m
[ 31%] [32mBuilding CXX object QtNodeEditor/CMakeFiles/QtNodeEditor.dir/src/NodeDataModel.cpp.o[0m
[ 32%] [32mBuilding CXX object QtNodeEditor/CMakeFiles/QtNodeEditor.dir/src/NodeGeometry.cpp.o[0m
[ 33%] [32mBuilding CXX object QtNodeEditor/CMakeFiles/QtNodeEditor.dir/src/NodeGraphicsObject.cpp.o[0m
[ 34%] [32mBuilding CXX object QtNodeEditor/CMakeFiles/QtNodeEditor.dir/src/NodePainter.cpp.o[0m
[ 34%] [32mBuilding CXX object QtNodeEditor/CMakeFiles/QtNodeEditor.dir/src/NodeState.cpp.o[0m
[ 35%] [32mBuilding CXX object QtNodeEditor/CMakeFiles/QtNodeEditor.dir/src/NodeStyle.cpp.o[0m
[ 36%] [32mBuilding CXX object QtNodeEditor/CMakeFiles/QtNodeEditor.dir/src/Properties.cpp.o[0m
[ 36%] [32mBuilding CXX object QtNodeEditor/CMakeFiles/QtNodeEditor.dir/src/StyleCollection.cpp.o[0m
[ 37%] [32mBuilding CXX object QtNodeEditor/CMakeFiles/QtNodeEditor.dir/qrc_resources.cpp.o[0m
[ 38%] [32mBuilding CXX object QtNodeEditor/CMakeFiles/QtNodeEditor.dir/include/nodes/internal/moc_Connection.cpp.o[0m
[ 39%] [32mBuilding CXX object QtNodeEditor/CMakeFiles/QtNodeEditor.dir/include/nodes/internal/moc_Compiler.cpp.o[0m
[ 39%] [32mBuilding CXX object QtNodeEditor/CMakeFiles/QtNodeEditor.dir/include/nodes/internal/moc_ConnectionGeometry.cpp.o[0m
[ 40%] [32mBuilding CXX object QtNodeEditor/CMakeFiles/QtNodeEditor.dir/include/nodes/internal/moc_ConnectionGraphicsObject.cpp.o[0m
[ 41%] [32mBuilding CXX object QtNodeEditor/CMakeFiles/QtNodeEditor.dir/include/nodes/internal/moc_ConnectionState.cpp.o[0m
[ 41%] [32mBuilding CXX object QtNodeEditor/CMakeFiles/QtNodeEditor.dir/include/nodes/internal/moc_ConnectionStyle.cpp.o[0m
[ 42%] [32mBuilding CXX object QtNodeEditor/CMakeFiles/QtNodeEditor.dir/include/nodes/internal/moc_DataModelRegistry.cpp.o[0m
[ 43%] [32mBuilding CXX object QtNodeEditor/CMakeFiles/QtNodeEditor.dir/include/nodes/internal/moc_Export.cpp.o[0m
[ 44%] [32mBuilding CXX object QtNodeEditor/CMakeFiles/QtNodeEditor.dir/include/nodes/internal/moc_FlowScene.cpp.o[0m
[ 44%] [32mBuilding CXX object QtNodeEditor/CMakeFiles/QtNodeEditor.dir/include/nodes/internal/moc_FlowView.cpp.o[0m
[ 45%] [32mBuilding CXX object QtNodeEditor/CMakeFiles/QtNodeEditor.dir/include/nodes/internal/moc_FlowViewStyle.cpp.o[0m
[ 46%] [32mBuilding CXX object QtNodeEditor/CMakeFiles/QtNodeEditor.dir/include/nodes/internal/moc_Node.cpp.o[0m
[ 46%] [32mBuilding CXX object QtNodeEditor/CMakeFiles/QtNodeEditor.dir/include/nodes/internal/moc_NodeData.cpp.o[0m
[ 47%] [32mBuilding CXX object QtNodeEditor/CMakeFiles/QtNodeEditor.dir/include/nodes/internal/moc_NodeDataModel.cpp.o[0m
[ 48%] [32mBuilding CXX object QtNodeEditor/CMakeFiles/QtNodeEditor.dir/include/nodes/internal/moc_NodeGeometry.cpp.o[0m
[ 49%] [32mBuilding CXX object QtNodeEditor/CMakeFiles/QtNodeEditor.dir/include/nodes/internal/moc_NodeGraphicsObject.cpp.o[0m
[ 49%] [32mBuilding CXX object QtNodeEditor/CMakeFiles/QtNodeEditor.dir/include/nodes/internal/moc_NodePainterDelegate.cpp.o[0m
[ 50%] [32mBuilding CXX object QtNodeEditor/CMakeFiles/QtNodeEditor.dir/include/nodes/internal/moc_NodeState.cpp.o[0m
[ 51%] [32mBuilding CXX object QtNodeEditor/CMakeFiles/QtNodeEditor.dir/include/nodes/internal/moc_Style.cpp.o[0m
[ 52%] [32mBuilding CXX object QtNodeEditor/CMakeFiles/QtNodeEditor.dir/include/nodes/internal/moc_TypeConverter.cpp.o[0m
[ 52%] [32mBuilding CXX object QtNodeEditor/CMakeFiles/QtNodeEditor.dir/include/nodes/internal/moc_memory.cpp.o[0m
[ 52%] [32mBuilding CXX object QtNodeEditor/CMakeFiles/QtNodeEditor.dir/include/nodes/internal/moc_Serializable.cpp.o[0m
[ 53%] [32mBuilding CXX object QtNodeEditor/CMakeFiles/QtNodeEditor.dir/include/nodes/internal/moc_QUuidStdHash.cpp.o[0m
[ 54%] [32mBuilding CXX object QtNodeEditor/CMakeFiles/QtNodeEditor.dir/include/nodes/internal/moc_QStringStdHash.cpp.o[0m
[ 55%] [32mBuilding CXX object QtNodeEditor/CMakeFiles/QtNodeEditor.dir/include/nodes/internal/moc_PortType.cpp.o[0m
[ 55%] [32mBuilding CXX object QtNodeEditor/CMakeFiles/QtNodeEditor.dir/include/nodes/internal/moc_OperatingSystem.cpp.o[0m
[ 56%] [32mBuilding CXX object QtNodeEditor/CMakeFiles/QtNodeEditor.dir/include/nodes/internal/moc_NodeStyle.cpp.o[0m
[ 57%] [32m[1mLinking CXX static library ../lib/libQtNodeEditor.a[0m
[ 57%] Built target QtNodeEditor
[ 58%] [34m[1mAutomatic MOC and UIC for target behavior_tree_editor[0m
[ 58%] Built target behavior_tree_editor_autogen
[ 58%] [32mBuilding CXX object CMakeFiles/behavior_tree_editor.dir/behavior_tree_editor_autogen/mocs_compilation.cpp.o[0m
[ 58%] [32mBuilding CXX object CMakeFiles/behavior_tree_editor.dir/bt_editor/graphic_container.cpp.o[0m
[ 59%] [32mBuilding CXX object CMakeFiles/behavior_tree_editor.dir/bt_editor/startup_dialog.cpp.o[0m
[ 60%] [32mBuilding CXX object CMakeFiles/behavior_tree_editor.dir/bt_editor/sidepanel_editor.cpp.o[0m
[ 60%] [32mBuilding CXX object CMakeFiles/behavior_tree_editor.dir/bt_editor/sidepanel_replay.cpp.o[0m
[ 61%] [32mBuilding CXX object CMakeFiles/behavior_tree_editor.dir/bt_editor/custom_node_dialog.cpp.o[0m
[ 62%] [32mBuilding CXX object CMakeFiles/behavior_tree_editor.dir/bt_editor/XML_utilities.cpp.o[0m
[ 63%] [32mBuilding CXX object CMakeFiles/behavior_tree_editor.dir/bt_editor/sidepanel_monitor.cpp.o[0m
[ 65%] [32mBuilding CXX object CMakeFiles/behavior_tree_editor.dir/bt_editor/utils.cpp.o[0m
[ 65%] [32mBuilding CXX object CMakeFiles/behavior_tree_editor.dir/bt_editor/bt_editor_base.cpp.o[0m
[ 66%] [32mBuilding CXX object CMakeFiles/behavior_tree_editor.dir/bt_editor/editor_flowscene.cpp.o[0m
[ 66%] [32mBuilding CXX object CMakeFiles/behavior_tree_editor.dir/bt_editor/mainwindow.cpp.o[0m
[ 68%] [32mBuilding CXX object CMakeFiles/behavior_tree_editor.dir/bt_editor/models/BehaviorTreeNodeModel.cpp.o[0m
[ 68%] [32mBuilding CXX object CMakeFiles/behavior_tree_editor.dir/bt_editor/models/SubtreeNodeModel.cpp.o[0m
[ 68%] [32m[1mLinking CXX shared library libbehavior_tree_editor.so[0m
[ 74%] Built target behavior_tree_editor
[ 75%] [34m[1mAutomatic MOC and UIC for target Groot[0m
[ 75%] [34m[1mAutomatic MOC and UIC for target editor_test[0m
[ 76%] [34m[1mAutomatic MOC and UIC for target replay_test[0m
[ 76%] Built target Groot_autogen
[ 76%] Built target replay_test_autogen
[ 76%] Built target editor_test_autogen
[ 76%] [34m[1mAutomatic RCC for bt_editor/resources/icons.qrc[0m
[ 77%] [34m[1mAutomatic RCC for bt_editor/resources/style.qrc[0m
[ 78%] [34m[1mAutomatic RCC for test_data/test_files.qrc[0m
[ 79%] [34m[1mAutomatic RCC for ../bt_editor/resources/icons.qrc[0m
[ 80%] [34m[1mAutomatic RCC for ../QtNodeEditor/resources/resources.qrc[0m
[ 81%] [34m[1mAutomatic RCC for ../test_data/test_files.qrc[0m
[ 82%] [34m[1mAutomatic RCC for ../test_data/test_files.qrc[0m
[ 82%] [34m[1mAutomatic RCC for ../bt_editor/resources/style.qrc[0m
[ 83%] [34m[1mAutomatic RCC for ../QtNodeEditor/resources/resources.qrc[0m
[ 83%] [34m[1mAutomatic RCC for ../bt_editor/resources/icons.qrc[0m
[ 84%] [34m[1mAutomatic RCC for ../bt_editor/resources/style.qrc[0m
[35m[1mScanning dependencies of target replay_test[0m
[35m[1mScanning dependencies of target Groot[0m
[ 84%] [32mBuilding CXX object CMakeFiles/Groot.dir/Groot_autogen/mocs_compilation.cpp.o[0m
[ 85%] [32mBuilding CXX object CMakeFiles/Groot.dir/bt_editor/main.cpp.o[0m
[35m[1mScanning dependencies of target editor_test[0m
[ 86%] [32mBuilding CXX object test/CMakeFiles/replay_test.dir/replay_test_autogen/mocs_compilation.cpp.o[0m
[ 87%] [32mBuilding CXX object CMakeFiles/Groot.dir/Groot_autogen/OQ4J2MLGYJ/qrc_style.cpp.o[0m
[ 88%] [32mBuilding CXX object CMakeFiles/Groot.dir/Groot_autogen/OQ4J2MLGYJ/qrc_icons.cpp.o[0m
[ 89%] [32mBuilding CXX object test/CMakeFiles/replay_test.dir/replay_test.cpp.o[0m
[ 89%] [32mBuilding CXX object CMakeFiles/Groot.dir/Groot_autogen/NYYW7IJ2JN/qrc_test_files.cpp.o[0m
[ 89%] [32mBuilding CXX object test/CMakeFiles/replay_test.dir/groot_test_base.cpp.o[0m
[ 90%] [32mBuilding CXX object test/CMakeFiles/editor_test.dir/editor_test_autogen/mocs_compilation.cpp.o[0m
[ 90%] [32mBuilding CXX object test/CMakeFiles/editor_test.dir/editor_test.cpp.o[0m
[ 91%] [32mBuilding CXX object test/CMakeFiles/editor_test.dir/groot_test_base.cpp.o[0m
[ 92%] [32mBuilding CXX object test/CMakeFiles/replay_test.dir/replay_test_autogen/EB4OVBCXLB/qrc_resources.cpp.o[0m
[ 93%] [32mBuilding CXX object test/CMakeFiles/editor_test.dir/editor_test_autogen/EB4OVBCXLB/qrc_resources.cpp.o[0m
[ 94%] [32mBuilding CXX object test/CMakeFiles/replay_test.dir/replay_test_autogen/K3L5NHU5SO/qrc_icons.cpp.o[0m
[ 94%] [32mBuilding CXX object test/CMakeFiles/editor_test.dir/editor_test_autogen/K3L5NHU5SO/qrc_icons.cpp.o[0m
[ 95%] [32mBuilding CXX object test/CMakeFiles/editor_test.dir/editor_test_autogen/K3L5NHU5SO/qrc_style.cpp.o[0m
[ 96%] [32mBuilding CXX object test/CMakeFiles/editor_test.dir/editor_test_autogen/4L4FNCFPKD/qrc_test_files.cpp.o[0m
[ 96%] [32mBuilding CXX object test/CMakeFiles/replay_test.dir/replay_test_autogen/K3L5NHU5SO/qrc_style.cpp.o[0m
[ 97%] [32mBuilding CXX object test/CMakeFiles/replay_test.dir/replay_test_autogen/4L4FNCFPKD/qrc_test_files.cpp.o[0m
[ 98%] [32m[1mLinking CXX executable Groot[0m
[ 98%] Built target Groot
[ 99%] [32m[1mLinking CXX executable replay_test[0m
[ 99%] Built target replay_test
[100%] [32m[1mLinking CXX executable editor_test[0m
[100%] Built target editor_test
-- Install configuration: "RelWithDebInfo"
-- Execute custom install script
-- Symlinking: /home/coderey/ros2_ws/install/groot/lib/libbehavior_tree_editor.so
-- Symlinking: /home/coderey/ros2_ws/install/groot/lib/groot/Groot
-- Symlinking: /home/coderey/ros2_ws/install/groot/share/groot/environment/library_path.sh
-- Symlinking: /home/coderey/ros2_ws/install/groot/share/groot/environment/library_path.dsv
-- Symlinking: /home/coderey/ros2_ws/install/groot/share/ament_index/resource_index/package_run_dependencies/groot
-- Symlinking: /home/coderey/ros2_ws/install/groot/share/ament_index/resource_index/parent_prefix_path/groot
-- Symlinking: /home/coderey/ros2_ws/install/groot/share/groot/environment/ament_prefix_path.sh
-- Symlinking: /home/coderey/ros2_ws/install/groot/share/groot/environment/ament_prefix_path.dsv
-- Symlinking: /home/coderey/ros2_ws/install/groot/share/groot/environment/path.sh
-- Symlinking: /home/coderey/ros2_ws/install/groot/share/groot/environment/path.dsv
-- Symlinking: /home/coderey/ros2_ws/install/groot/share/groot/local_setup.bash
-- Symlinking: /home/coderey/ros2_ws/install/groot/share/groot/local_setup.sh
-- Symlinking: /home/coderey/ros2_ws/install/groot/share/groot/local_setup.zsh
-- Symlinking: /home/coderey/ros2_ws/install/groot/share/groot/local_setup.dsv
-- Symlinking: /home/coderey/ros2_ws/install/groot/share/groot/package.dsv
-- Symlinking: /home/coderey/ros2_ws/install/groot/share/ament_index/resource_index/packages/groot
-- Symlinking: /home/coderey/ros2_ws/install/groot/share/groot/cmake/ament_cmake_export_include_directories-extras.cmake
-- Symlinking: /home/coderey/ros2_ws/install/groot/share/groot/cmake/ament_cmake_export_dependencies-extras.cmake
-- Symlinking: /home/coderey/ros2_ws/install/groot/share/groot/cmake/ament_cmake_export_libraries-extras.cmake
-- Symlinking: /home/coderey/ros2_ws/install/groot/share/groot/cmake/grootConfig.cmake
-- Symlinking: /home/coderey/ros2_ws/install/groot/share/groot/cmake/grootConfig-version.cmake
-- Symlinking: /home/coderey/ros2_ws/install/groot/share/groot/package.xml
