[1.172s] Invoking command in '/home/coderey/ros2_ws/build/groot': CMAKE_PREFIX_PATH=${CMAKE_PREFIX_PATH}:/home/coderey/ros2_ws/install/swisscat_robot:/home/coderey/ros2_ws/install/nav2_gps_waypoint_follower_demo:/home/coderey/ros2_ws/install/nav2_simple_commander:/home/coderey/ros2_ws/install/mob_rob_loca:/home/coderey/ros2_ws/install/bno055:/home/coderey/microros_ws/install/sensor_msgs_py:/opt/ros/galactic /usr/bin/cmake /home/coderey/ros2_ws/src/Groot -DCMAKE_BUILD_TYPE=RelWithDebInfo -DAMENT_CMAKE_SYMLINK_INSTALL=1 -DCMAKE_INSTALL_PREFIX=/home/coderey/ros2_ws/install/groot
[1.587s] -- Using PYTHON_EXECUTABLE: /usr/bin/python3
[1.587s] -- Override CMake install command with custom implementation using symlinks instead of copying resources
[1.587s] -- Found ament_index_cpp: 1.2.0 (/opt/ros/galactic/share/ament_index_cpp/cmake)
[1.587s] -- ---------------------
[1.587s] -- Compiling with AMENT.
[1.587s] -- ---------------------
[1.587s] -- ZeroMQ found.
[1.587s] -- Configuring done
[1.587s] -- Generating done
[1.587s] -- Build files have been written to: /home/coderey/ros2_ws/build/groot
[1.589s] Invoked command in '/home/coderey/ros2_ws/build/groot' returned '0': CMAKE_PREFIX_PATH=${CMAKE_PREFIX_PATH}:/home/coderey/ros2_ws/install/swisscat_robot:/home/coderey/ros2_ws/install/nav2_gps_waypoint_follower_demo:/home/coderey/ros2_ws/install/nav2_simple_commander:/home/coderey/ros2_ws/install/mob_rob_loca:/home/coderey/ros2_ws/install/bno055:/home/coderey/microros_ws/install/sensor_msgs_py:/opt/ros/galactic /usr/bin/cmake /home/coderey/ros2_ws/src/Groot -DCMAKE_BUILD_TYPE=RelWithDebInfo -DAMENT_CMAKE_SYMLINK_INSTALL=1 -DCMAKE_INSTALL_PREFIX=/home/coderey/ros2_ws/install/groot
[1.590s] Invoking command in '/home/coderey/ros2_ws/build/groot': CMAKE_PREFIX_PATH=${CMAKE_PREFIX_PATH}:/home/coderey/ros2_ws/install/swisscat_robot:/home/coderey/ros2_ws/install/nav2_gps_waypoint_follower_demo:/home/coderey/ros2_ws/install/nav2_simple_commander:/home/coderey/ros2_ws/install/mob_rob_loca:/home/coderey/ros2_ws/install/bno055:/home/coderey/microros_ws/install/sensor_msgs_py:/opt/ros/galactic /usr/bin/cmake --build /home/coderey/ros2_ws/build/groot -- -j8 -l8
[1.763s] [  1%] [34m[1mAutomatic MOC and UIC for target QtNodeEditor[0m
[1.853s] [  1%] Built target QtNodeEditor_autogen
[1.894s] [  2%] [34m[1mGenerating include/nodes/internal/moc_Connection.cpp[0m
[1.900s] [  3%] [34m[1mGenerating include/nodes/internal/moc_memory.cpp[0m
[1.905s] [  3%] [34m[1mGenerating include/nodes/internal/moc_DataModelRegistry.cpp[0m
[1.920s] [  4%] [34m[1mGenerating include/nodes/internal/moc_ConnectionState.cpp[0m
[1.926s] [  5%] [34m[1mGenerating include/nodes/internal/moc_Compiler.cpp[0m
[1.932s] [  6%] [34m[1mGenerating include/nodes/internal/moc_ConnectionGeometry.cpp[0m
[1.933s] [  6%] [34m[1mGenerating include/nodes/internal/moc_ConnectionGraphicsObject.cpp[0m
[1.940s] [  7%] [34m[1mGenerating include/nodes/internal/moc_ConnectionStyle.cpp[0m
[2.007s] [  8%] [34m[1mGenerating include/nodes/internal/moc_Export.cpp[0m
[2.017s] [  9%] [34m[1mGenerating include/nodes/internal/moc_FlowScene.cpp[0m
[2.029s] [ 10%] [34m[1mGenerating include/nodes/internal/moc_FlowView.cpp[0m
[2.072s] [ 10%] [34m[1mGenerating include/nodes/internal/moc_FlowViewStyle.cpp[0m
[2.090s] [ 11%] [34m[1mGenerating include/nodes/internal/moc_Node.cpp[0m
[2.164s] [ 12%] [34m[1mGenerating include/nodes/internal/moc_NodeData.cpp[0m
[2.177s] [ 12%] [34m[1mGenerating include/nodes/internal/moc_NodeDataModel.cpp[0m
[2.179s] [ 13%] [34m[1mGenerating include/nodes/internal/moc_NodeStyle.cpp[0m
[2.200s] [ 14%] [34m[1mGenerating include/nodes/internal/moc_NodeGeometry.cpp[0m
[2.207s] [ 15%] [34m[1mGenerating include/nodes/internal/moc_NodePainterDelegate.cpp[0m
[2.212s] [ 16%] [34m[1mGenerating include/nodes/internal/moc_NodeGraphicsObject.cpp[0m
[2.228s] [ 17%] [34m[1mGenerating include/nodes/internal/moc_OperatingSystem.cpp[0m
[2.238s] [ 17%] [34m[1mGenerating include/nodes/internal/moc_NodeState.cpp[0m
[2.301s] [ 18%] [34m[1mGenerating include/nodes/internal/moc_QStringStdHash.cpp[0m
[2.308s] [ 18%] [34m[1mGenerating include/nodes/internal/moc_PortType.cpp[0m
[2.316s] [ 19%] [34m[1mGenerating include/nodes/internal/moc_TypeConverter.cpp[0m
[2.321s] [ 20%] [34m[1mGenerating include/nodes/internal/moc_QUuidStdHash.cpp[0m
[2.322s] [ 21%] [34m[1mGenerating include/nodes/internal/moc_Serializable.cpp[0m
[2.332s] [ 21%] [34m[1mGenerating include/nodes/internal/moc_Style.cpp[0m
[2.449s] [35m[1mScanning dependencies of target QtNodeEditor[0m
[2.587s] [ 21%] [32mBuilding CXX object QtNodeEditor/CMakeFiles/QtNodeEditor.dir/QtNodeEditor_autogen/mocs_compilation.cpp.o[0m
[2.630s] [ 22%] [32mBuilding CXX object QtNodeEditor/CMakeFiles/QtNodeEditor.dir/src/Connection.cpp.o[0m
[2.653s] [ 22%] [32mBuilding CXX object QtNodeEditor/CMakeFiles/QtNodeEditor.dir/src/ConnectionGraphicsObject.cpp.o[0m
[2.665s] [ 23%] [32mBuilding CXX object QtNodeEditor/CMakeFiles/QtNodeEditor.dir/src/ConnectionBlurEffect.cpp.o[0m
[2.672s] [ 24%] [32mBuilding CXX object QtNodeEditor/CMakeFiles/QtNodeEditor.dir/src/ConnectionGeometry.cpp.o[0m
[2.673s] [ 25%] [32mBuilding CXX object QtNodeEditor/CMakeFiles/QtNodeEditor.dir/src/ConnectionState.cpp.o[0m
[2.684s] [ 26%] [32mBuilding CXX object QtNodeEditor/CMakeFiles/QtNodeEditor.dir/src/ConnectionPainter.cpp.o[0m
[2.691s] [ 26%] [32mBuilding CXX object QtNodeEditor/CMakeFiles/QtNodeEditor.dir/src/ConnectionStyle.cpp.o[0m
[2.795s] [ 27%] [32mBuilding CXX object QtNodeEditor/CMakeFiles/QtNodeEditor.dir/src/DataModelRegistry.cpp.o[0m
[5.278s] [ 28%] [32mBuilding CXX object QtNodeEditor/CMakeFiles/QtNodeEditor.dir/src/FlowScene.cpp.o[0m
[5.792s] [ 29%] [32mBuilding CXX object QtNodeEditor/CMakeFiles/QtNodeEditor.dir/src/FlowView.cpp.o[0m
[6.978s] [ 29%] [32mBuilding CXX object QtNodeEditor/CMakeFiles/QtNodeEditor.dir/src/FlowViewStyle.cpp.o[0m
[8.150s] [ 30%] [32mBuilding CXX object QtNodeEditor/CMakeFiles/QtNodeEditor.dir/src/NodeConnectionInteraction.cpp.o[0m
[8.204s] [ 31%] [32mBuilding CXX object QtNodeEditor/CMakeFiles/QtNodeEditor.dir/src/Node.cpp.o[0m
[8.492s] [ 31%] [32mBuilding CXX object QtNodeEditor/CMakeFiles/QtNodeEditor.dir/src/NodeDataModel.cpp.o[0m
[10.216s] [ 32%] [32mBuilding CXX object QtNodeEditor/CMakeFiles/QtNodeEditor.dir/src/NodeGeometry.cpp.o[0m
[11.161s] [ 33%] [32mBuilding CXX object QtNodeEditor/CMakeFiles/QtNodeEditor.dir/src/NodeGraphicsObject.cpp.o[0m
[12.797s] [ 34%] [32mBuilding CXX object QtNodeEditor/CMakeFiles/QtNodeEditor.dir/src/NodePainter.cpp.o[0m
[13.044s] [ 34%] [32mBuilding CXX object QtNodeEditor/CMakeFiles/QtNodeEditor.dir/src/NodeState.cpp.o[0m
[14.349s] [ 35%] [32mBuilding CXX object QtNodeEditor/CMakeFiles/QtNodeEditor.dir/src/NodeStyle.cpp.o[0m
[15.612s] [ 36%] [32mBuilding CXX object QtNodeEditor/CMakeFiles/QtNodeEditor.dir/src/Properties.cpp.o[0m
[16.024s] [ 36%] [32mBuilding CXX object QtNodeEditor/CMakeFiles/QtNodeEditor.dir/src/StyleCollection.cpp.o[0m
[16.960s] [ 37%] [32mBuilding CXX object QtNodeEditor/CMakeFiles/QtNodeEditor.dir/qrc_resources.cpp.o[0m
[17.288s] [ 38%] [32mBuilding CXX object QtNodeEditor/CMakeFiles/QtNodeEditor.dir/include/nodes/internal/moc_Connection.cpp.o[0m
[17.294s] [ 39%] [32mBuilding CXX object QtNodeEditor/CMakeFiles/QtNodeEditor.dir/include/nodes/internal/moc_Compiler.cpp.o[0m
[17.478s] [ 39%] [32mBuilding CXX object QtNodeEditor/CMakeFiles/QtNodeEditor.dir/include/nodes/internal/moc_ConnectionGeometry.cpp.o[0m
[17.617s] [ 40%] [32mBuilding CXX object QtNodeEditor/CMakeFiles/QtNodeEditor.dir/include/nodes/internal/moc_ConnectionGraphicsObject.cpp.o[0m
[18.380s] [ 41%] [32mBuilding CXX object QtNodeEditor/CMakeFiles/QtNodeEditor.dir/include/nodes/internal/moc_ConnectionState.cpp.o[0m
[18.495s] [ 41%] [32mBuilding CXX object QtNodeEditor/CMakeFiles/QtNodeEditor.dir/include/nodes/internal/moc_ConnectionStyle.cpp.o[0m
[18.560s] [ 42%] [32mBuilding CXX object QtNodeEditor/CMakeFiles/QtNodeEditor.dir/include/nodes/internal/moc_DataModelRegistry.cpp.o[0m
[18.668s] [ 43%] [32mBuilding CXX object QtNodeEditor/CMakeFiles/QtNodeEditor.dir/include/nodes/internal/moc_Export.cpp.o[0m
[18.733s] [ 44%] [32mBuilding CXX object QtNodeEditor/CMakeFiles/QtNodeEditor.dir/include/nodes/internal/moc_FlowScene.cpp.o[0m
[18.808s] [ 44%] [32mBuilding CXX object QtNodeEditor/CMakeFiles/QtNodeEditor.dir/include/nodes/internal/moc_FlowView.cpp.o[0m
[19.080s] [ 45%] [32mBuilding CXX object QtNodeEditor/CMakeFiles/QtNodeEditor.dir/include/nodes/internal/moc_FlowViewStyle.cpp.o[0m
[19.146s] [ 46%] [32mBuilding CXX object QtNodeEditor/CMakeFiles/QtNodeEditor.dir/include/nodes/internal/moc_Node.cpp.o[0m
[19.510s] [ 46%] [32mBuilding CXX object QtNodeEditor/CMakeFiles/QtNodeEditor.dir/include/nodes/internal/moc_NodeData.cpp.o[0m
[19.664s] [ 47%] [32mBuilding CXX object QtNodeEditor/CMakeFiles/QtNodeEditor.dir/include/nodes/internal/moc_NodeDataModel.cpp.o[0m
[19.761s] [ 48%] [32mBuilding CXX object QtNodeEditor/CMakeFiles/QtNodeEditor.dir/include/nodes/internal/moc_NodeGeometry.cpp.o[0m
[19.940s] [ 49%] [32mBuilding CXX object QtNodeEditor/CMakeFiles/QtNodeEditor.dir/include/nodes/internal/moc_NodeGraphicsObject.cpp.o[0m
[20.693s] [ 49%] [32mBuilding CXX object QtNodeEditor/CMakeFiles/QtNodeEditor.dir/include/nodes/internal/moc_NodePainterDelegate.cpp.o[0m
[20.933s] [ 50%] [32mBuilding CXX object QtNodeEditor/CMakeFiles/QtNodeEditor.dir/include/nodes/internal/moc_NodeState.cpp.o[0m
[23.181s] [ 51%] [32mBuilding CXX object QtNodeEditor/CMakeFiles/QtNodeEditor.dir/include/nodes/internal/moc_Style.cpp.o[0m
[23.253s] [ 52%] [32mBuilding CXX object QtNodeEditor/CMakeFiles/QtNodeEditor.dir/include/nodes/internal/moc_TypeConverter.cpp.o[0m
[23.334s] [ 52%] [32mBuilding CXX object QtNodeEditor/CMakeFiles/QtNodeEditor.dir/include/nodes/internal/moc_memory.cpp.o[0m
[23.377s] [ 52%] [32mBuilding CXX object QtNodeEditor/CMakeFiles/QtNodeEditor.dir/include/nodes/internal/moc_Serializable.cpp.o[0m
[23.423s] [ 53%] [32mBuilding CXX object QtNodeEditor/CMakeFiles/QtNodeEditor.dir/include/nodes/internal/moc_QUuidStdHash.cpp.o[0m
[23.475s] [ 54%] [32mBuilding CXX object QtNodeEditor/CMakeFiles/QtNodeEditor.dir/include/nodes/internal/moc_QStringStdHash.cpp.o[0m
[23.527s] [ 55%] [32mBuilding CXX object QtNodeEditor/CMakeFiles/QtNodeEditor.dir/include/nodes/internal/moc_PortType.cpp.o[0m
[23.580s] [ 55%] [32mBuilding CXX object QtNodeEditor/CMakeFiles/QtNodeEditor.dir/include/nodes/internal/moc_OperatingSystem.cpp.o[0m
[23.630s] [ 56%] [32mBuilding CXX object QtNodeEditor/CMakeFiles/QtNodeEditor.dir/include/nodes/internal/moc_NodeStyle.cpp.o[0m
[23.700s] [ 57%] [32m[1mLinking CXX static library ../lib/libQtNodeEditor.a[0m
[23.922s] [ 57%] Built target QtNodeEditor
[23.976s] [ 58%] [34m[1mAutomatic MOC and UIC for target behavior_tree_editor[0m
[24.028s] [ 58%] Built target behavior_tree_editor_autogen
[24.118s] [ 58%] [32mBuilding CXX object CMakeFiles/behavior_tree_editor.dir/behavior_tree_editor_autogen/mocs_compilation.cpp.o[0m
[30.343s] [ 58%] [32mBuilding CXX object CMakeFiles/behavior_tree_editor.dir/bt_editor/graphic_container.cpp.o[0m
[35.358s] [ 59%] [32mBuilding CXX object CMakeFiles/behavior_tree_editor.dir/bt_editor/startup_dialog.cpp.o[0m
[38.174s] [ 60%] [32mBuilding CXX object CMakeFiles/behavior_tree_editor.dir/bt_editor/sidepanel_editor.cpp.o[0m
[42.142s] [ 60%] [32mBuilding CXX object CMakeFiles/behavior_tree_editor.dir/bt_editor/sidepanel_replay.cpp.o[0m
[46.600s] [ 61%] [32mBuilding CXX object CMakeFiles/behavior_tree_editor.dir/bt_editor/custom_node_dialog.cpp.o[0m
[49.493s] [ 62%] [32mBuilding CXX object CMakeFiles/behavior_tree_editor.dir/bt_editor/XML_utilities.cpp.o[0m
[53.823s] [ 63%] [32mBuilding CXX object CMakeFiles/behavior_tree_editor.dir/bt_editor/sidepanel_monitor.cpp.o[0m
[58.614s] [ 65%] [32mBuilding CXX object CMakeFiles/behavior_tree_editor.dir/bt_editor/utils.cpp.o[0m
[58.615s] [ 65%] [32mBuilding CXX object CMakeFiles/behavior_tree_editor.dir/bt_editor/bt_editor_base.cpp.o[0m
[62.031s] [ 66%] [32mBuilding CXX object CMakeFiles/behavior_tree_editor.dir/bt_editor/editor_flowscene.cpp.o[0m
[64.055s] [ 66%] [32mBuilding CXX object CMakeFiles/behavior_tree_editor.dir/bt_editor/mainwindow.cpp.o[0m
[66.097s] [ 68%] [32mBuilding CXX object CMakeFiles/behavior_tree_editor.dir/bt_editor/models/BehaviorTreeNodeModel.cpp.o[0m
[66.097s] [ 68%] [32mBuilding CXX object CMakeFiles/behavior_tree_editor.dir/bt_editor/models/SubtreeNodeModel.cpp.o[0m
[72.385s] [ 68%] [32m[1mLinking CXX shared library libbehavior_tree_editor.so[0m
[73.370s] [ 74%] Built target behavior_tree_editor
[73.406s] [ 75%] [34m[1mAutomatic MOC and UIC for target Groot[0m
[73.413s] [ 75%] [34m[1mAutomatic MOC and UIC for target editor_test[0m
[73.414s] [ 76%] [34m[1mAutomatic MOC and UIC for target replay_test[0m
[73.438s] [ 76%] Built target Groot_autogen
[73.449s] [ 76%] Built target replay_test_autogen
[73.459s] [ 76%] Built target editor_test_autogen
[73.464s] [ 76%] [34m[1mAutomatic RCC for bt_editor/resources/icons.qrc[0m
[73.471s] [ 77%] [34m[1mAutomatic RCC for bt_editor/resources/style.qrc[0m
[73.471s] [ 78%] [34m[1mAutomatic RCC for test_data/test_files.qrc[0m
[73.490s] [ 79%] [34m[1mAutomatic RCC for ../bt_editor/resources/icons.qrc[0m
[73.493s] [ 80%] [34m[1mAutomatic RCC for ../QtNodeEditor/resources/resources.qrc[0m
[73.497s] [ 81%] [34m[1mAutomatic RCC for ../test_data/test_files.qrc[0m
[73.509s] [ 82%] [34m[1mAutomatic RCC for ../test_data/test_files.qrc[0m
[73.526s] [ 82%] [34m[1mAutomatic RCC for ../bt_editor/resources/style.qrc[0m
[73.548s] [ 83%] [34m[1mAutomatic RCC for ../QtNodeEditor/resources/resources.qrc[0m
[73.549s] [ 83%] [34m[1mAutomatic RCC for ../bt_editor/resources/icons.qrc[0m
[73.573s] [ 84%] [34m[1mAutomatic RCC for ../bt_editor/resources/style.qrc[0m
[73.591s] [35m[1mScanning dependencies of target replay_test[0m
[73.592s] [35m[1mScanning dependencies of target Groot[0m
[73.633s] [ 84%] [32mBuilding CXX object CMakeFiles/Groot.dir/Groot_autogen/mocs_compilation.cpp.o[0m
[73.635s] [ 85%] [32mBuilding CXX object CMakeFiles/Groot.dir/bt_editor/main.cpp.o[0m
[73.644s] [35m[1mScanning dependencies of target editor_test[0m
[73.645s] [ 86%] [32mBuilding CXX object test/CMakeFiles/replay_test.dir/replay_test_autogen/mocs_compilation.cpp.o[0m
[73.656s] [ 87%] [32mBuilding CXX object CMakeFiles/Groot.dir/Groot_autogen/OQ4J2MLGYJ/qrc_style.cpp.o[0m
[73.657s] [ 88%] [32mBuilding CXX object CMakeFiles/Groot.dir/Groot_autogen/OQ4J2MLGYJ/qrc_icons.cpp.o[0m
[73.679s] [ 89%] [32mBuilding CXX object test/CMakeFiles/replay_test.dir/replay_test.cpp.o[0m
[73.686s] [ 89%] [32mBuilding CXX object CMakeFiles/Groot.dir/Groot_autogen/NYYW7IJ2JN/qrc_test_files.cpp.o[0m
[73.719s] [ 89%] [32mBuilding CXX object test/CMakeFiles/replay_test.dir/groot_test_base.cpp.o[0m
[73.740s] [ 90%] [32mBuilding CXX object test/CMakeFiles/editor_test.dir/editor_test_autogen/mocs_compilation.cpp.o[0m
[73.840s] [ 90%] [32mBuilding CXX object test/CMakeFiles/editor_test.dir/editor_test.cpp.o[0m
[73.944s] [ 91%] [32mBuilding CXX object test/CMakeFiles/editor_test.dir/groot_test_base.cpp.o[0m
[76.082s] [ 92%] [32mBuilding CXX object test/CMakeFiles/replay_test.dir/replay_test_autogen/EB4OVBCXLB/qrc_resources.cpp.o[0m
[76.369s] [ 93%] [32mBuilding CXX object test/CMakeFiles/editor_test.dir/editor_test_autogen/EB4OVBCXLB/qrc_resources.cpp.o[0m
[76.642s] [ 94%] [32mBuilding CXX object test/CMakeFiles/replay_test.dir/replay_test_autogen/K3L5NHU5SO/qrc_icons.cpp.o[0m
[79.144s] [ 94%] [32mBuilding CXX object test/CMakeFiles/editor_test.dir/editor_test_autogen/K3L5NHU5SO/qrc_icons.cpp.o[0m
[80.016s] [ 95%] [32mBuilding CXX object test/CMakeFiles/editor_test.dir/editor_test_autogen/K3L5NHU5SO/qrc_style.cpp.o[0m
[80.236s] [ 96%] [32mBuilding CXX object test/CMakeFiles/editor_test.dir/editor_test_autogen/4L4FNCFPKD/qrc_test_files.cpp.o[0m
[80.508s] [ 96%] [32mBuilding CXX object test/CMakeFiles/replay_test.dir/replay_test_autogen/K3L5NHU5SO/qrc_style.cpp.o[0m
[80.726s] [ 97%] [32mBuilding CXX object test/CMakeFiles/replay_test.dir/replay_test_autogen/4L4FNCFPKD/qrc_test_files.cpp.o[0m
[81.463s] [ 98%] [32m[1mLinking CXX executable Groot[0m
[82.278s] [ 98%] Built target Groot
[82.539s] [ 99%] [32m[1mLinking CXX executable replay_test[0m
[82.949s] [ 99%] Built target replay_test
[84.887s] [100%] [32m[1mLinking CXX executable editor_test[0m
[85.258s] [100%] Built target editor_test
[85.271s] Invoked command in '/home/coderey/ros2_ws/build/groot' returned '0': CMAKE_PREFIX_PATH=${CMAKE_PREFIX_PATH}:/home/coderey/ros2_ws/install/swisscat_robot:/home/coderey/ros2_ws/install/nav2_gps_waypoint_follower_demo:/home/coderey/ros2_ws/install/nav2_simple_commander:/home/coderey/ros2_ws/install/mob_rob_loca:/home/coderey/ros2_ws/install/bno055:/home/coderey/microros_ws/install/sensor_msgs_py:/opt/ros/galactic /usr/bin/cmake --build /home/coderey/ros2_ws/build/groot -- -j8 -l8
[85.390s] Invoking command in '/home/coderey/ros2_ws/build/groot': CMAKE_PREFIX_PATH=${CMAKE_PREFIX_PATH}:/home/coderey/ros2_ws/install/swisscat_robot:/home/coderey/ros2_ws/install/nav2_gps_waypoint_follower_demo:/home/coderey/ros2_ws/install/nav2_simple_commander:/home/coderey/ros2_ws/install/mob_rob_loca:/home/coderey/ros2_ws/install/bno055:/home/coderey/microros_ws/install/sensor_msgs_py:/opt/ros/galactic /usr/bin/cmake --install /home/coderey/ros2_ws/build/groot
[85.401s] -- Install configuration: "RelWithDebInfo"
[85.401s] -- Execute custom install script
[85.401s] -- Symlinking: /home/coderey/ros2_ws/install/groot/lib/libbehavior_tree_editor.so
[85.414s] -- Symlinking: /home/coderey/ros2_ws/install/groot/lib/groot/Groot
[85.426s] -- Symlinking: /home/coderey/ros2_ws/install/groot/share/groot/environment/library_path.sh
[85.436s] -- Symlinking: /home/coderey/ros2_ws/install/groot/share/groot/environment/library_path.dsv
[85.448s] -- Symlinking: /home/coderey/ros2_ws/install/groot/share/ament_index/resource_index/package_run_dependencies/groot
[85.458s] -- Symlinking: /home/coderey/ros2_ws/install/groot/share/ament_index/resource_index/parent_prefix_path/groot
[85.469s] -- Symlinking: /home/coderey/ros2_ws/install/groot/share/groot/environment/ament_prefix_path.sh
[85.480s] -- Symlinking: /home/coderey/ros2_ws/install/groot/share/groot/environment/ament_prefix_path.dsv
[85.491s] -- Symlinking: /home/coderey/ros2_ws/install/groot/share/groot/environment/path.sh
[85.502s] -- Symlinking: /home/coderey/ros2_ws/install/groot/share/groot/environment/path.dsv
[85.512s] -- Symlinking: /home/coderey/ros2_ws/install/groot/share/groot/local_setup.bash
[85.523s] -- Symlinking: /home/coderey/ros2_ws/install/groot/share/groot/local_setup.sh
[85.533s] -- Symlinking: /home/coderey/ros2_ws/install/groot/share/groot/local_setup.zsh
[85.543s] -- Symlinking: /home/coderey/ros2_ws/install/groot/share/groot/local_setup.dsv
[85.554s] -- Symlinking: /home/coderey/ros2_ws/install/groot/share/groot/package.dsv
[85.564s] -- Symlinking: /home/coderey/ros2_ws/install/groot/share/ament_index/resource_index/packages/groot
[85.574s] -- Symlinking: /home/coderey/ros2_ws/install/groot/share/groot/cmake/ament_cmake_export_include_directories-extras.cmake
[85.584s] -- Symlinking: /home/coderey/ros2_ws/install/groot/share/groot/cmake/ament_cmake_export_dependencies-extras.cmake
[85.594s] -- Symlinking: /home/coderey/ros2_ws/install/groot/share/groot/cmake/ament_cmake_export_libraries-extras.cmake
[85.604s] -- Symlinking: /home/coderey/ros2_ws/install/groot/share/groot/cmake/grootConfig.cmake
[85.615s] -- Symlinking: /home/coderey/ros2_ws/install/groot/share/groot/cmake/grootConfig-version.cmake
[85.626s] -- Symlinking: /home/coderey/ros2_ws/install/groot/share/groot/package.xml
[85.638s] Invoked command in '/home/coderey/ros2_ws/build/groot' returned '0': CMAKE_PREFIX_PATH=${CMAKE_PREFIX_PATH}:/home/coderey/ros2_ws/install/swisscat_robot:/home/coderey/ros2_ws/install/nav2_gps_waypoint_follower_demo:/home/coderey/ros2_ws/install/nav2_simple_commander:/home/coderey/ros2_ws/install/mob_rob_loca:/home/coderey/ros2_ws/install/bno055:/home/coderey/microros_ws/install/sensor_msgs_py:/opt/ros/galactic /usr/bin/cmake --install /home/coderey/ros2_ws/build/groot
