[1.178s] Invoking command in '/home/coderey/ros2_ws/build/robot_localization': CMAKE_PREFIX_PATH=${CMAKE_PREFIX_PATH}:/home/coderey/ros2_ws/install/swisscat_robot:/home/coderey/ros2_ws/install/nav2_gps_waypoint_follower_demo:/home/coderey/ros2_ws/install/nav2_simple_commander:/home/coderey/ros2_ws/install/mob_rob_loca:/home/coderey/ros2_ws/install/bno055:/home/coderey/microros_ws/install/sensor_msgs_py:/opt/ros/galactic /usr/bin/cmake --build /home/coderey/ros2_ws/build/robot_localization -- -j8 -l8
[2.026s] [  1%] Built target gtest
[2.026s] [  3%] Built target gtest_main
[2.027s] [  4%] Built target robot_localization__cpp
[2.027s] [ 10%] Built target robot_localization__rosidl_generator_c
[2.028s] [ 16%] Built target robot_localization__rosidl_typesupport_cpp
[2.028s] [ 22%] Built target robot_localization__rosidl_typesupport_microxrcedds_cpp
[2.028s] [ 28%] Built target robot_localization__rosidl_typesupport_introspection_cpp
[2.028s] [ 34%] Built target robot_localization__rosidl_typesupport_fastrtps_cpp
[2.028s] [ 40%] Built target robot_localization__rosidl_typesupport_introspection_c
[2.028s] [ 46%] Built target robot_localization__rosidl_typesupport_c
[2.028s] [ 52%] Built target robot_localization__rosidl_typesupport_microxrcedds_c
[2.028s] [ 58%] Built target robot_localization__rosidl_typesupport_fastrtps_c
[2.028s] [ 58%] Built target robot_localization
[2.028s] [ 59%] Built target robot_localization__py
[2.029s] [ 67%] Built target rl_lib
[2.029s] [ 72%] Built target robot_localization__python
[2.029s] [ 74%] Built target test_ros_robot_localization_listener_publisher
[2.029s] [ 75%] Built target test_ros_robot_localization_listener
[2.029s] [ 77%] Built target test_robot_localization_estimator
[2.029s] [ 80%] Built target robot_localization__rosidl_typesupport_introspection_c__pyext
[2.029s] [ 80%] Built target ekf_node
[2.029s] [ 81%] Built target test_ekf
[2.029s] [ 83%] Built target ukf_node
[2.029s] [ 84%] Built target test_ukf
[2.030s] [ 86%] Built target robot_localization__rosidl_typesupport_c__pyext
[2.030s] [ 88%] Built target filter_base-test
[2.030s] [ 90%] Built target test_ekf_localization_node_interfaces
[2.030s] [ 92%] Built target test_ukf_localization_node_interfaces
[2.030s] [ 95%] Built target navsat_transform_node
[2.030s] [ 95%] Built target robot_localization__rosidl_typesupport_microxrcedds_c__pyext
[2.030s] [ 97%] Built target robot_localization__rosidl_typesupport_fastrtps_c__pyext
[2.030s] [ 99%] Built target robot_localization_listener_node
[2.030s] [100%] Built target test_filter_base_diagnostics_timestamps
[2.036s] Invoked command in '/home/coderey/ros2_ws/build/robot_localization' returned '0': CMAKE_PREFIX_PATH=${CMAKE_PREFIX_PATH}:/home/coderey/ros2_ws/install/swisscat_robot:/home/coderey/ros2_ws/install/nav2_gps_waypoint_follower_demo:/home/coderey/ros2_ws/install/nav2_simple_commander:/home/coderey/ros2_ws/install/mob_rob_loca:/home/coderey/ros2_ws/install/bno055:/home/coderey/microros_ws/install/sensor_msgs_py:/opt/ros/galactic /usr/bin/cmake --build /home/coderey/ros2_ws/build/robot_localization -- -j8 -l8
[2.564s] Invoking command in '/home/coderey/ros2_ws/build/robot_localization': CMAKE_PREFIX_PATH=${CMAKE_PREFIX_PATH}:/home/coderey/ros2_ws/install/swisscat_robot:/home/coderey/ros2_ws/install/nav2_gps_waypoint_follower_demo:/home/coderey/ros2_ws/install/nav2_simple_commander:/home/coderey/ros2_ws/install/mob_rob_loca:/home/coderey/ros2_ws/install/bno055:/home/coderey/microros_ws/install/sensor_msgs_py:/opt/ros/galactic /usr/bin/cmake --install /home/coderey/ros2_ws/build/robot_localization
[2.706s] -- Install configuration: "RelWithDebInfo"
[2.706s] -- Up-to-date: /home/coderey/ros2_ws/install/robot_localization/share/ament_index/resource_index/rosidl_interfaces/robot_localization
[2.707s] -- Up-to-date: /home/coderey/ros2_ws/install/robot_localization/include/robot_localization
[2.707s] -- Up-to-date: /home/coderey/ros2_ws/install/robot_localization/include/robot_localization/srv
[2.707s] -- Up-to-date: /home/coderey/ros2_ws/install/robot_localization/include/robot_localization/srv/toggle_filter_processing.h
[2.707s] -- Up-to-date: /home/coderey/ros2_ws/install/robot_localization/include/robot_localization/srv/set_datum.h
[2.707s] -- Up-to-date: /home/coderey/ros2_ws/install/robot_localization/include/robot_localization/srv/from_ll.h
[2.707s] -- Up-to-date: /home/coderey/ros2_ws/install/robot_localization/include/robot_localization/srv/to_ll.h
[2.707s] -- Up-to-date: /home/coderey/ros2_ws/install/robot_localization/include/robot_localization/srv/get_state.h
[2.707s] -- Up-to-date: /home/coderey/ros2_ws/install/robot_localization/include/robot_localization/srv/detail
[2.707s] -- Up-to-date: /home/coderey/ros2_ws/install/robot_localization/include/robot_localization/srv/detail/set_pose__functions.h
[2.707s] -- Up-to-date: /home/coderey/ros2_ws/install/robot_localization/include/robot_localization/srv/detail/toggle_filter_processing__type_support.h
[2.707s] -- Up-to-date: /home/coderey/ros2_ws/install/robot_localization/include/robot_localization/srv/detail/toggle_filter_processing__functions.h
[2.707s] -- Up-to-date: /home/coderey/ros2_ws/install/robot_localization/include/robot_localization/srv/detail/from_ll__functions.h
[2.707s] -- Up-to-date: /home/coderey/ros2_ws/install/robot_localization/include/robot_localization/srv/detail/set_datum__struct.h
[2.707s] -- Up-to-date: /home/coderey/ros2_ws/install/robot_localization/include/robot_localization/srv/detail/set_datum__functions.c
[2.708s] -- Up-to-date: /home/coderey/ros2_ws/install/robot_localization/include/robot_localization/srv/detail/set_pose__struct.h
[2.708s] -- Up-to-date: /home/coderey/ros2_ws/install/robot_localization/include/robot_localization/srv/detail/set_pose__type_support.h
[2.708s] -- Up-to-date: /home/coderey/ros2_ws/install/robot_localization/include/robot_localization/srv/detail/set_pose__functions.c
[2.708s] -- Up-to-date: /home/coderey/ros2_ws/install/robot_localization/include/robot_localization/srv/detail/from_ll__type_support.h
[2.708s] -- Up-to-date: /home/coderey/ros2_ws/install/robot_localization/include/robot_localization/srv/detail/to_ll__functions.c
[2.708s] -- Up-to-date: /home/coderey/ros2_ws/install/robot_localization/include/robot_localization/srv/detail/to_ll__functions.h
[2.708s] -- Up-to-date: /home/coderey/ros2_ws/install/robot_localization/include/robot_localization/srv/detail/set_datum__functions.h
[2.708s] -- Up-to-date: /home/coderey/ros2_ws/install/robot_localization/include/robot_localization/srv/detail/get_state__functions.h
[2.708s] -- Up-to-date: /home/coderey/ros2_ws/install/robot_localization/include/robot_localization/srv/detail/get_state__struct.h
[2.708s] -- Up-to-date: /home/coderey/ros2_ws/install/robot_localization/include/robot_localization/srv/detail/toggle_filter_processing__struct.h
[2.708s] -- Up-to-date: /home/coderey/ros2_ws/install/robot_localization/include/robot_localization/srv/detail/from_ll__functions.c
[2.708s] -- Up-to-date: /home/coderey/ros2_ws/install/robot_localization/include/robot_localization/srv/detail/toggle_filter_processing__functions.c
[2.708s] -- Up-to-date: /home/coderey/ros2_ws/install/robot_localization/include/robot_localization/srv/detail/set_datum__type_support.h
[2.709s] -- Up-to-date: /home/coderey/ros2_ws/install/robot_localization/include/robot_localization/srv/detail/from_ll__struct.h
[2.709s] -- Up-to-date: /home/coderey/ros2_ws/install/robot_localization/include/robot_localization/srv/detail/get_state__type_support.h
[2.709s] -- Up-to-date: /home/coderey/ros2_ws/install/robot_localization/include/robot_localization/srv/detail/to_ll__type_support.h
[2.709s] -- Up-to-date: /home/coderey/ros2_ws/install/robot_localization/include/robot_localization/srv/detail/to_ll__struct.h
[2.709s] -- Up-to-date: /home/coderey/ros2_ws/install/robot_localization/include/robot_localization/srv/detail/get_state__functions.c
[2.711s] -- Up-to-date: /home/coderey/ros2_ws/install/robot_localization/include/robot_localization/srv/set_pose.h
[2.711s] -- Up-to-date: /home/coderey/ros2_ws/install/robot_localization/include/robot_localization/msg
[2.711s] -- Up-to-date: /home/coderey/ros2_ws/install/robot_localization/include/robot_localization/msg/rosidl_generator_c__visibility_control.h
[2.711s] -- Up-to-date: /home/coderey/ros2_ws/install/robot_localization/share/robot_localization/environment/library_path.sh
[2.711s] -- Up-to-date: /home/coderey/ros2_ws/install/robot_localization/share/robot_localization/environment/library_path.dsv
[2.711s] -- Up-to-date: /home/coderey/ros2_ws/install/robot_localization/lib/librobot_localization__rosidl_generator_c.so
[2.711s] -- Up-to-date: /home/coderey/ros2_ws/install/robot_localization/include/robot_localization
[2.711s] -- Up-to-date: /home/coderey/ros2_ws/install/robot_localization/include/robot_localization/srv
[2.711s] -- Up-to-date: /home/coderey/ros2_ws/install/robot_localization/include/robot_localization/srv/detail
[2.712s] -- Up-to-date: /home/coderey/ros2_ws/install/robot_localization/include/robot_localization/srv/detail/to_ll__rosidl_typesupport_microxrcedds_c.h
[2.712s] -- Up-to-date: /home/coderey/ros2_ws/install/robot_localization/include/robot_localization/srv/detail/set_datum__rosidl_typesupport_microxrcedds_c.h
[2.712s] -- Up-to-date: /home/coderey/ros2_ws/install/robot_localization/include/robot_localization/srv/detail/microxrcedds
[2.712s] -- Up-to-date: /home/coderey/ros2_ws/install/robot_localization/include/robot_localization/srv/detail/get_state__rosidl_typesupport_microxrcedds_c.h
[2.712s] -- Up-to-date: /home/coderey/ros2_ws/install/robot_localization/include/robot_localization/srv/detail/from_ll__rosidl_typesupport_microxrcedds_c.h
[2.712s] -- Up-to-date: /home/coderey/ros2_ws/install/robot_localization/include/robot_localization/srv/detail/toggle_filter_processing__rosidl_typesupport_microxrcedds_c.h
[2.712s] -- Up-to-date: /home/coderey/ros2_ws/install/robot_localization/include/robot_localization/srv/detail/set_pose__rosidl_typesupport_microxrcedds_c.h
[2.712s] -- Up-to-date: /home/coderey/ros2_ws/install/robot_localization/include/robot_localization/msg
[2.712s] -- Up-to-date: /home/coderey/ros2_ws/install/robot_localization/include/robot_localization/msg/rosidl_typesupport_microxrcedds_c__visibility_control.h
[2.712s] -- Up-to-date: /home/coderey/ros2_ws/install/robot_localization/lib/librobot_localization__rosidl_typesupport_microxrcedds_c.so
[2.713s] -- Up-to-date: /home/coderey/ros2_ws/install/robot_localization/include/robot_localization
[2.713s] -- Up-to-date: /home/coderey/ros2_ws/install/robot_localization/include/robot_localization/srv
[2.713s] -- Up-to-date: /home/coderey/ros2_ws/install/robot_localization/include/robot_localization/srv/detail
[2.713s] -- Up-to-date: /home/coderey/ros2_ws/install/robot_localization/include/robot_localization/srv/detail/set_pose__rosidl_typesupport_fastrtps_c.h
[2.713s] -- Up-to-date: /home/coderey/ros2_ws/install/robot_localization/include/robot_localization/srv/detail/toggle_filter_processing__rosidl_typesupport_fastrtps_c.h
[2.713s] -- Up-to-date: /home/coderey/ros2_ws/install/robot_localization/include/robot_localization/srv/detail/get_state__rosidl_typesupport_fastrtps_c.h
[2.713s] -- Up-to-date: /home/coderey/ros2_ws/install/robot_localization/include/robot_localization/srv/detail/to_ll__rosidl_typesupport_fastrtps_c.h
[2.713s] -- Up-to-date: /home/coderey/ros2_ws/install/robot_localization/include/robot_localization/srv/detail/from_ll__rosidl_typesupport_fastrtps_c.h
[2.713s] -- Up-to-date: /home/coderey/ros2_ws/install/robot_localization/include/robot_localization/srv/detail/set_datum__rosidl_typesupport_fastrtps_c.h
[2.713s] -- Up-to-date: /home/coderey/ros2_ws/install/robot_localization/include/robot_localization/msg
[2.713s] -- Up-to-date: /home/coderey/ros2_ws/install/robot_localization/include/robot_localization/msg/rosidl_typesupport_fastrtps_c__visibility_control.h
[2.713s] -- Up-to-date: /home/coderey/ros2_ws/install/robot_localization/lib/librobot_localization__rosidl_typesupport_fastrtps_c.so
[2.713s] -- Up-to-date: /home/coderey/ros2_ws/install/robot_localization/include/robot_localization
[2.713s] -- Up-to-date: /home/coderey/ros2_ws/install/robot_localization/include/robot_localization/srv
[2.713s] -- Up-to-date: /home/coderey/ros2_ws/install/robot_localization/include/robot_localization/srv/detail
[2.714s] -- Up-to-date: /home/coderey/ros2_ws/install/robot_localization/include/robot_localization/srv/detail/toggle_filter_processing__rosidl_typesupport_fastrtps_cpp.hpp
[2.714s] -- Up-to-date: /home/coderey/ros2_ws/install/robot_localization/include/robot_localization/srv/detail/set_pose__rosidl_typesupport_fastrtps_cpp.hpp
[2.714s] -- Up-to-date: /home/coderey/ros2_ws/install/robot_localization/include/robot_localization/srv/detail/dds_fastrtps
[2.714s] -- Up-to-date: /home/coderey/ros2_ws/install/robot_localization/include/robot_localization/srv/detail/set_datum__rosidl_typesupport_fastrtps_cpp.hpp
[2.714s] -- Up-to-date: /home/coderey/ros2_ws/install/robot_localization/include/robot_localization/srv/detail/get_state__rosidl_typesupport_fastrtps_cpp.hpp
[2.714s] -- Up-to-date: /home/coderey/ros2_ws/install/robot_localization/include/robot_localization/srv/detail/from_ll__rosidl_typesupport_fastrtps_cpp.hpp
[2.714s] -- Up-to-date: /home/coderey/ros2_ws/install/robot_localization/include/robot_localization/srv/detail/to_ll__rosidl_typesupport_fastrtps_cpp.hpp
[2.714s] -- Up-to-date: /home/coderey/ros2_ws/install/robot_localization/include/robot_localization/msg
[2.714s] -- Up-to-date: /home/coderey/ros2_ws/install/robot_localization/include/robot_localization/msg/rosidl_typesupport_fastrtps_cpp__visibility_control.h
[2.714s] -- Up-to-date: /home/coderey/ros2_ws/install/robot_localization/lib/librobot_localization__rosidl_typesupport_fastrtps_cpp.so
[2.714s] -- Up-to-date: /home/coderey/ros2_ws/install/robot_localization/include/robot_localization
[2.714s] -- Up-to-date: /home/coderey/ros2_ws/install/robot_localization/include/robot_localization/srv
[2.714s] -- Up-to-date: /home/coderey/ros2_ws/install/robot_localization/include/robot_localization/srv/detail
[2.714s] -- Up-to-date: /home/coderey/ros2_ws/install/robot_localization/include/robot_localization/srv/detail/get_state__type_support.c
[2.714s] -- Up-to-date: /home/coderey/ros2_ws/install/robot_localization/include/robot_localization/srv/detail/toggle_filter_processing__rosidl_typesupport_introspection_c.h
[2.715s] -- Up-to-date: /home/coderey/ros2_ws/install/robot_localization/include/robot_localization/srv/detail/set_pose__rosidl_typesupport_introspection_c.h
[2.715s] -- Up-to-date: /home/coderey/ros2_ws/install/robot_localization/include/robot_localization/srv/detail/set_pose__type_support.c
[2.715s] -- Up-to-date: /home/coderey/ros2_ws/install/robot_localization/include/robot_localization/srv/detail/to_ll__type_support.c
[2.715s] -- Up-to-date: /home/coderey/ros2_ws/install/robot_localization/include/robot_localization/srv/detail/toggle_filter_processing__type_support.c
[2.715s] -- Up-to-date: /home/coderey/ros2_ws/install/robot_localization/include/robot_localization/srv/detail/set_datum__rosidl_typesupport_introspection_c.h
[2.715s] -- Up-to-date: /home/coderey/ros2_ws/install/robot_localization/include/robot_localization/srv/detail/from_ll__rosidl_typesupport_introspection_c.h
[2.715s] -- Up-to-date: /home/coderey/ros2_ws/install/robot_localization/include/robot_localization/srv/detail/set_datum__type_support.c
[2.715s] -- Up-to-date: /home/coderey/ros2_ws/install/robot_localization/include/robot_localization/srv/detail/from_ll__type_support.c
[2.715s] -- Up-to-date: /home/coderey/ros2_ws/install/robot_localization/include/robot_localization/srv/detail/to_ll__rosidl_typesupport_introspection_c.h
[2.715s] -- Up-to-date: /home/coderey/ros2_ws/install/robot_localization/include/robot_localization/srv/detail/get_state__rosidl_typesupport_introspection_c.h
[2.715s] -- Up-to-date: /home/coderey/ros2_ws/install/robot_localization/include/robot_localization/msg
[2.715s] -- Up-to-date: /home/coderey/ros2_ws/install/robot_localization/include/robot_localization/msg/rosidl_typesupport_introspection_c__visibility_control.h
[2.715s] -- Up-to-date: /home/coderey/ros2_ws/install/robot_localization/lib/librobot_localization__rosidl_typesupport_introspection_c.so
[2.715s] -- Up-to-date: /home/coderey/ros2_ws/install/robot_localization/lib/librobot_localization__rosidl_typesupport_c.so
[2.716s] -- Up-to-date: /home/coderey/ros2_ws/install/robot_localization/include/robot_localization
[2.716s] -- Up-to-date: /home/coderey/ros2_ws/install/robot_localization/include/robot_localization/srv
[2.716s] -- Up-to-date: /home/coderey/ros2_ws/install/robot_localization/include/robot_localization/srv/toggle_filter_processing.hpp
[2.716s] -- Up-to-date: /home/coderey/ros2_ws/install/robot_localization/include/robot_localization/srv/set_datum.hpp
[2.716s] -- Up-to-date: /home/coderey/ros2_ws/install/robot_localization/include/robot_localization/srv/get_state.hpp
[2.716s] -- Up-to-date: /home/coderey/ros2_ws/install/robot_localization/include/robot_localization/srv/to_ll.hpp
[2.716s] -- Up-to-date: /home/coderey/ros2_ws/install/robot_localization/include/robot_localization/srv/set_pose.hpp
[2.716s] -- Up-to-date: /home/coderey/ros2_ws/install/robot_localization/include/robot_localization/srv/from_ll.hpp
[2.716s] -- Up-to-date: /home/coderey/ros2_ws/install/robot_localization/include/robot_localization/srv/detail
[2.716s] -- Up-to-date: /home/coderey/ros2_ws/install/robot_localization/include/robot_localization/srv/detail/set_pose__builder.hpp
[2.716s] -- Up-to-date: /home/coderey/ros2_ws/install/robot_localization/include/robot_localization/srv/detail/toggle_filter_processing__traits.hpp
[2.716s] -- Up-to-date: /home/coderey/ros2_ws/install/robot_localization/include/robot_localization/srv/detail/set_datum__struct.hpp
[2.716s] -- Up-to-date: /home/coderey/ros2_ws/install/robot_localization/include/robot_localization/srv/detail/to_ll__traits.hpp
[2.716s] -- Up-to-date: /home/coderey/ros2_ws/install/robot_localization/include/robot_localization/srv/detail/from_ll__traits.hpp
[2.716s] -- Up-to-date: /home/coderey/ros2_ws/install/robot_localization/include/robot_localization/srv/detail/to_ll__struct.hpp
[2.717s] -- Up-to-date: /home/coderey/ros2_ws/install/robot_localization/include/robot_localization/srv/detail/set_pose__struct.hpp
[2.717s] -- Up-to-date: /home/coderey/ros2_ws/install/robot_localization/include/robot_localization/srv/detail/from_ll__struct.hpp
[2.717s] -- Up-to-date: /home/coderey/ros2_ws/install/robot_localization/include/robot_localization/srv/detail/to_ll__builder.hpp
[2.717s] -- Up-to-date: /home/coderey/ros2_ws/install/robot_localization/include/robot_localization/srv/detail/set_pose__traits.hpp
[2.717s] -- Up-to-date: /home/coderey/ros2_ws/install/robot_localization/include/robot_localization/srv/detail/from_ll__builder.hpp
[2.717s] -- Up-to-date: /home/coderey/ros2_ws/install/robot_localization/include/robot_localization/srv/detail/get_state__traits.hpp
[2.717s] -- Up-to-date: /home/coderey/ros2_ws/install/robot_localization/include/robot_localization/srv/detail/set_datum__builder.hpp
[2.717s] -- Up-to-date: /home/coderey/ros2_ws/install/robot_localization/include/robot_localization/srv/detail/toggle_filter_processing__struct.hpp
[2.717s] -- Up-to-date: /home/coderey/ros2_ws/install/robot_localization/include/robot_localization/srv/detail/get_state__builder.hpp
[2.717s] -- Up-to-date: /home/coderey/ros2_ws/install/robot_localization/include/robot_localization/srv/detail/set_datum__traits.hpp
[2.717s] -- Up-to-date: /home/coderey/ros2_ws/install/robot_localization/include/robot_localization/srv/detail/get_state__struct.hpp
[2.717s] -- Up-to-date: /home/coderey/ros2_ws/install/robot_localization/include/robot_localization/srv/detail/toggle_filter_processing__builder.hpp
[2.717s] -- Up-to-date: /home/coderey/ros2_ws/install/robot_localization/include/robot_localization
[2.718s] -- Up-to-date: /home/coderey/ros2_ws/install/robot_localization/include/robot_localization/srv
[2.718s] -- Up-to-date: /home/coderey/ros2_ws/install/robot_localization/include/robot_localization/srv/detail
[2.718s] -- Up-to-date: /home/coderey/ros2_ws/install/robot_localization/include/robot_localization/srv/detail/set_datum__rosidl_typesupport_microxrcedds_cpp.hpp
[2.718s] -- Up-to-date: /home/coderey/ros2_ws/install/robot_localization/include/robot_localization/srv/detail/to_ll__rosidl_typesupport_microxrcedds_cpp.hpp
[2.718s] -- Up-to-date: /home/coderey/ros2_ws/install/robot_localization/include/robot_localization/srv/detail/set_pose__rosidl_typesupport_microxrcedds_cpp.hpp
[2.718s] -- Up-to-date: /home/coderey/ros2_ws/install/robot_localization/include/robot_localization/srv/detail/from_ll__rosidl_typesupport_microxrcedds_cpp.hpp
[2.718s] -- Up-to-date: /home/coderey/ros2_ws/install/robot_localization/include/robot_localization/srv/detail/microxrcedds
[2.718s] -- Up-to-date: /home/coderey/ros2_ws/install/robot_localization/include/robot_localization/srv/detail/microxrcedds/from_ll__type_support_cpp.cpp
[2.718s] -- Up-to-date: /home/coderey/ros2_ws/install/robot_localization/include/robot_localization/srv/detail/microxrcedds/to_ll__type_support_cpp.cpp
[2.718s] -- Up-to-date: /home/coderey/ros2_ws/install/robot_localization/include/robot_localization/srv/detail/microxrcedds/set_datum__type_support_cpp.cpp
[2.718s] -- Up-to-date: /home/coderey/ros2_ws/install/robot_localization/include/robot_localization/srv/detail/microxrcedds/toggle_filter_processing__type_support_cpp.cpp
[2.718s] -- Up-to-date: /home/coderey/ros2_ws/install/robot_localization/include/robot_localization/srv/detail/microxrcedds/get_state__type_support_cpp.cpp
[2.718s] -- Up-to-date: /home/coderey/ros2_ws/install/robot_localization/include/robot_localization/srv/detail/microxrcedds/set_pose__type_support_cpp.cpp
[2.718s] -- Up-to-date: /home/coderey/ros2_ws/install/robot_localization/include/robot_localization/srv/detail/toggle_filter_processing__rosidl_typesupport_microxrcedds_cpp.hpp
[2.719s] -- Up-to-date: /home/coderey/ros2_ws/install/robot_localization/include/robot_localization/srv/detail/get_state__rosidl_typesupport_microxrcedds_cpp.hpp
[2.719s] -- Up-to-date: /home/coderey/ros2_ws/install/robot_localization/include/robot_localization/msg
[2.719s] -- Up-to-date: /home/coderey/ros2_ws/install/robot_localization/include/robot_localization/msg/rosidl_typesupport_microxrcedds_cpp__visibility_control.h
[2.719s] -- Up-to-date: /home/coderey/ros2_ws/install/robot_localization/lib/librobot_localization__rosidl_typesupport_microxrcedds_cpp.so
[2.719s] -- Up-to-date: /home/coderey/ros2_ws/install/robot_localization/include/robot_localization
[2.719s] -- Up-to-date: /home/coderey/ros2_ws/install/robot_localization/include/robot_localization/srv
[2.719s] -- Up-to-date: /home/coderey/ros2_ws/install/robot_localization/include/robot_localization/srv/detail
[2.719s] -- Up-to-date: /home/coderey/ros2_ws/install/robot_localization/include/robot_localization/srv/detail/toggle_filter_processing__rosidl_typesupport_introspection_cpp.hpp
[2.719s] -- Up-to-date: /home/coderey/ros2_ws/install/robot_localization/include/robot_localization/srv/detail/get_state__type_support.cpp
[2.719s] -- Up-to-date: /home/coderey/ros2_ws/install/robot_localization/include/robot_localization/srv/detail/set_datum__rosidl_typesupport_introspection_cpp.hpp
[2.719s] -- Up-to-date: /home/coderey/ros2_ws/install/robot_localization/include/robot_localization/srv/detail/from_ll__type_support.cpp
[2.719s] -- Up-to-date: /home/coderey/ros2_ws/install/robot_localization/include/robot_localization/srv/detail/get_state__rosidl_typesupport_introspection_cpp.hpp
[2.719s] -- Up-to-date: /home/coderey/ros2_ws/install/robot_localization/include/robot_localization/srv/detail/set_pose__rosidl_typesupport_introspection_cpp.hpp
[2.719s] -- Up-to-date: /home/coderey/ros2_ws/install/robot_localization/include/robot_localization/srv/detail/set_pose__type_support.cpp
[2.720s] -- Up-to-date: /home/coderey/ros2_ws/install/robot_localization/include/robot_localization/srv/detail/to_ll__type_support.cpp
[2.720s] -- Up-to-date: /home/coderey/ros2_ws/install/robot_localization/include/robot_localization/srv/detail/set_datum__type_support.cpp
[2.720s] -- Up-to-date: /home/coderey/ros2_ws/install/robot_localization/include/robot_localization/srv/detail/from_ll__rosidl_typesupport_introspection_cpp.hpp
[2.720s] -- Up-to-date: /home/coderey/ros2_ws/install/robot_localization/include/robot_localization/srv/detail/toggle_filter_processing__type_support.cpp
[2.720s] -- Up-to-date: /home/coderey/ros2_ws/install/robot_localization/include/robot_localization/srv/detail/to_ll__rosidl_typesupport_introspection_cpp.hpp
[2.720s] -- Up-to-date: /home/coderey/ros2_ws/install/robot_localization/lib/librobot_localization__rosidl_typesupport_introspection_cpp.so
[2.720s] -- Up-to-date: /home/coderey/ros2_ws/install/robot_localization/lib/librobot_localization__rosidl_typesupport_cpp.so
[2.720s] -- Up-to-date: /home/coderey/ros2_ws/install/robot_localization/share/robot_localization/environment/pythonpath.sh
[2.720s] -- Up-to-date: /home/coderey/ros2_ws/install/robot_localization/share/robot_localization/environment/pythonpath.dsv
[2.720s] -- Up-to-date: /home/coderey/ros2_ws/install/robot_localization/lib/python3.8/site-packages/robot_localization/__init__.py
[2.751s] -- Up-to-date: /home/coderey/ros2_ws/install/robot_localization/lib/python3.8/site-packages/robot_localization/srv
[2.752s] -- Up-to-date: /home/coderey/ros2_ws/install/robot_localization/lib/python3.8/site-packages/robot_localization/srv/_set_datum.py
[2.752s] -- Up-to-date: /home/coderey/ros2_ws/install/robot_localization/lib/python3.8/site-packages/robot_localization/srv/_get_state_s.c
[2.753s] -- Up-to-date: /home/coderey/ros2_ws/install/robot_localization/lib/python3.8/site-packages/robot_localization/srv/_set_pose_s.c
[2.754s] -- Up-to-date: /home/coderey/ros2_ws/install/robot_localization/lib/python3.8/site-packages/robot_localization/srv/__init__.py
[2.754s] -- Up-to-date: /home/coderey/ros2_ws/install/robot_localization/lib/python3.8/site-packages/robot_localization/srv/_toggle_filter_processing_s.c
[2.754s] -- Up-to-date: /home/coderey/ros2_ws/install/robot_localization/lib/python3.8/site-packages/robot_localization/srv/_to_ll.py
[2.754s] -- Up-to-date: /home/coderey/ros2_ws/install/robot_localization/lib/python3.8/site-packages/robot_localization/srv/_from_ll.py
[2.755s] -- Up-to-date: /home/coderey/ros2_ws/install/robot_localization/lib/python3.8/site-packages/robot_localization/srv/_toggle_filter_processing.py
[2.755s] -- Up-to-date: /home/coderey/ros2_ws/install/robot_localization/lib/python3.8/site-packages/robot_localization/srv/_set_datum_s.c
[2.755s] -- Up-to-date: /home/coderey/ros2_ws/install/robot_localization/lib/python3.8/site-packages/robot_localization/srv/_to_ll_s.c
[2.755s] -- Up-to-date: /home/coderey/ros2_ws/install/robot_localization/lib/python3.8/site-packages/robot_localization/srv/_set_pose.py
[2.755s] -- Up-to-date: /home/coderey/ros2_ws/install/robot_localization/lib/python3.8/site-packages/robot_localization/srv/_from_ll_s.c
[2.755s] -- Up-to-date: /home/coderey/ros2_ws/install/robot_localization/lib/python3.8/site-packages/robot_localization/srv/_get_state.py
[2.755s] -- Up-to-date: /home/coderey/ros2_ws/install/robot_localization/lib/python3.8/site-packages/robot_localization/robot_localization_s__rosidl_typesupport_microxrcedds_c.cpython-38-x86_64-linux-gnu.so
[2.755s] -- Up-to-date: /home/coderey/ros2_ws/install/robot_localization/lib/python3.8/site-packages/robot_localization/robot_localization_s__rosidl_typesupport_fastrtps_c.cpython-38-x86_64-linux-gnu.so
[2.755s] -- Up-to-date: /home/coderey/ros2_ws/install/robot_localization/lib/python3.8/site-packages/robot_localization/robot_localization_s__rosidl_typesupport_introspection_c.cpython-38-x86_64-linux-gnu.so
[2.755s] -- Up-to-date: /home/coderey/ros2_ws/install/robot_localization/lib/python3.8/site-packages/robot_localization/robot_localization_s__rosidl_typesupport_c.cpython-38-x86_64-linux-gnu.so
[2.756s] -- Up-to-date: /home/coderey/ros2_ws/install/robot_localization/lib/librobot_localization__python.so
[2.756s] -- Up-to-date: /home/coderey/ros2_ws/install/robot_localization/share/robot_localization/srv/FromLL.idl
[2.756s] -- Up-to-date: /home/coderey/ros2_ws/install/robot_localization/share/robot_localization/srv/GetState.idl
[2.756s] -- Up-to-date: /home/coderey/ros2_ws/install/robot_localization/share/robot_localization/srv/SetDatum.idl
[2.756s] -- Up-to-date: /home/coderey/ros2_ws/install/robot_localization/share/robot_localization/srv/SetPose.idl
[2.756s] -- Up-to-date: /home/coderey/ros2_ws/install/robot_localization/share/robot_localization/srv/ToggleFilterProcessing.idl
[2.756s] -- Up-to-date: /home/coderey/ros2_ws/install/robot_localization/share/robot_localization/srv/ToLL.idl
[2.757s] -- Up-to-date: /home/coderey/ros2_ws/install/robot_localization/share/robot_localization/srv/FromLL.srv
[2.757s] -- Up-to-date: /home/coderey/ros2_ws/install/robot_localization/share/robot_localization/srv/FromLL_Request.msg
[2.757s] -- Up-to-date: /home/coderey/ros2_ws/install/robot_localization/share/robot_localization/srv/FromLL_Response.msg
[2.757s] -- Up-to-date: /home/coderey/ros2_ws/install/robot_localization/share/robot_localization/srv/GetState.srv
[2.757s] -- Up-to-date: /home/coderey/ros2_ws/install/robot_localization/share/robot_localization/srv/GetState_Request.msg
[2.757s] -- Up-to-date: /home/coderey/ros2_ws/install/robot_localization/share/robot_localization/srv/GetState_Response.msg
[2.758s] -- Up-to-date: /home/coderey/ros2_ws/install/robot_localization/share/robot_localization/srv/SetDatum.srv
[2.758s] -- Up-to-date: /home/coderey/ros2_ws/install/robot_localization/share/robot_localization/srv/SetDatum_Request.msg
[2.758s] -- Up-to-date: /home/coderey/ros2_ws/install/robot_localization/share/robot_localization/srv/SetDatum_Response.msg
[2.759s] -- Up-to-date: /home/coderey/ros2_ws/install/robot_localization/share/robot_localization/srv/SetPose.srv
[2.759s] -- Up-to-date: /home/coderey/ros2_ws/install/robot_localization/share/robot_localization/srv/SetPose_Request.msg
[2.760s] -- Up-to-date: /home/coderey/ros2_ws/install/robot_localization/share/robot_localization/srv/SetPose_Response.msg
[2.760s] -- Up-to-date: /home/coderey/ros2_ws/install/robot_localization/share/robot_localization/srv/ToggleFilterProcessing.srv
[2.760s] -- Up-to-date: /home/coderey/ros2_ws/install/robot_localization/share/robot_localization/srv/ToggleFilterProcessing_Request.msg
[2.761s] -- Up-to-date: /home/coderey/ros2_ws/install/robot_localization/share/robot_localization/srv/ToggleFilterProcessing_Response.msg
[2.761s] -- Up-to-date: /home/coderey/ros2_ws/install/robot_localization/share/robot_localization/srv/ToLL.srv
[2.762s] -- Up-to-date: /home/coderey/ros2_ws/install/robot_localization/share/robot_localization/srv/ToLL_Request.msg
[2.762s] -- Up-to-date: /home/coderey/ros2_ws/install/robot_localization/share/robot_localization/srv/ToLL_Response.msg
[2.762s] -- Up-to-date: /home/coderey/ros2_ws/install/robot_localization/lib/robot_localization/filter_base-test
[2.762s] -- Up-to-date: /home/coderey/ros2_ws/install/robot_localization/lib/robot_localization/test_filter_base_diagnostics_timestamps
[2.763s] -- Up-to-date: /home/coderey/ros2_ws/install/robot_localization/lib/robot_localization/test_ekf
[2.763s] -- Up-to-date: /home/coderey/ros2_ws/install/robot_localization/lib/robot_localization/test_ekf_localization_node_interfaces
[2.763s] -- Up-to-date: /home/coderey/ros2_ws/install/robot_localization/lib/robot_localization/test_ukf
[2.764s] -- Up-to-date: /home/coderey/ros2_ws/install/robot_localization/lib/robot_localization/test_ukf_localization_node_interfaces
[2.764s] -- Up-to-date: /home/coderey/ros2_ws/install/robot_localization/lib/robot_localization/test_robot_localization_estimator
[2.764s] -- Up-to-date: /home/coderey/ros2_ws/install/robot_localization/lib/robot_localization/test_ros_robot_localization_listener
[2.764s] -- Up-to-date: /home/coderey/ros2_ws/install/robot_localization/lib/robot_localization/test_ros_robot_localization_listener_publisher
[2.764s] -- Up-to-date: /home/coderey/ros2_ws/install/robot_localization/share/robot_localization/test
[2.765s] -- Up-to-date: /home/coderey/ros2_ws/install/robot_localization/share/robot_localization/test/test_ukf_localization_node_bag1.yaml
[2.765s] -- Up-to-date: /home/coderey/ros2_ws/install/robot_localization/share/robot_localization/test/test1.bag
[2.765s] -- Up-to-date: /home/coderey/ros2_ws/install/robot_localization/share/robot_localization/test/test_ukf_localization_node_bag1.sh
[2.765s] -- Up-to-date: /home/coderey/ros2_ws/install/robot_localization/share/robot_localization/test/test_filter_base.cpp
[2.766s] -- Up-to-date: /home/coderey/ros2_ws/install/robot_localization/share/robot_localization/test/test_ukf_localization_node_bag2.yaml
[2.766s] -- Up-to-date: /home/coderey/ros2_ws/install/robot_localization/share/robot_localization/test/test_filter_base_diagnostics_timestamps.launch.py
[2.766s] -- Up-to-date: /home/coderey/ros2_ws/install/robot_localization/share/robot_localization/test/test_ukf_localization_node_bag1.launch.py
[2.766s] -- Up-to-date: /home/coderey/ros2_ws/install/robot_localization/share/robot_localization/test/test_ekf_localization_node_bag2.sh
[2.766s] -- Up-to-date: /home/coderey/ros2_ws/install/robot_localization/share/robot_localization/test/test_filter_base_diagnostics_timestamps.cpp
[2.767s] -- Up-to-date: /home/coderey/ros2_ws/install/robot_localization/share/robot_localization/test/test_ros_robot_localization_listener.launch.py
[2.767s] -- Up-to-date: /home/coderey/ros2_ws/install/robot_localization/share/robot_localization/test/test_ros_robot_localization_listener_publisher.cpp
[2.767s] -- Up-to-date: /home/coderey/ros2_ws/install/robot_localization/share/robot_localization/test/test_ukf.cpp
[2.767s] -- Up-to-date: /home/coderey/ros2_ws/install/robot_localization/share/robot_localization/test/test_ekf_localization_node_bag1.launch.py
[2.768s] -- Up-to-date: /home/coderey/ros2_ws/install/robot_localization/share/robot_localization/test/test_ukf_localization_node_bag3.yaml
[2.768s] -- Up-to-date: /home/coderey/ros2_ws/install/robot_localization/share/robot_localization/test/test_ekf_localization_node_bag3.launch.py
[2.768s] -- Up-to-date: /home/coderey/ros2_ws/install/robot_localization/share/robot_localization/test/test_ekf_localization_node_interfaces.cpp
[2.769s] -- Up-to-date: /home/coderey/ros2_ws/install/robot_localization/share/robot_localization/test/test_ukf_localization_node_interfaces.launch.py
[2.769s] -- Up-to-date: /home/coderey/ros2_ws/install/robot_localization/share/robot_localization/test/test_ukf_localization_node_bag2.sh
[2.769s] -- Up-to-date: /home/coderey/ros2_ws/install/robot_localization/share/robot_localization/test/test_ekf_localization_node_bag2.yaml
[2.770s] -- Up-to-date: /home/coderey/ros2_ws/install/robot_localization/share/robot_localization/test/test_ukf_localization_node_interfaces.yaml
[2.770s] -- Up-to-date: /home/coderey/ros2_ws/install/robot_localization/share/robot_localization/test/test_robot_localization_estimator.launch.py
[2.770s] -- Up-to-date: /home/coderey/ros2_ws/install/robot_localization/share/robot_localization/test/test_robot_localization_estimator.cpp
[2.770s] -- Up-to-date: /home/coderey/ros2_ws/install/robot_localization/share/robot_localization/test/test_ekf_localization_node_bag1.yaml
[2.770s] -- Up-to-date: /home/coderey/ros2_ws/install/robot_localization/share/robot_localization/test/test_ukf_localization_node_bag3.sh
[2.770s] -- Up-to-date: /home/coderey/ros2_ws/install/robot_localization/share/robot_localization/test/test2.bag
[2.770s] -- Up-to-date: /home/coderey/ros2_ws/install/robot_localization/share/robot_localization/test/test_ekf_localization_node_interfaces.launch.py
[2.770s] -- Up-to-date: /home/coderey/ros2_ws/install/robot_localization/share/robot_localization/test/test_ekf_localization_node_bag3.yaml
[2.770s] -- Up-to-date: /home/coderey/ros2_ws/install/robot_localization/share/robot_localization/test/test_ekf_localization_node_interfaces.yaml
[2.770s] -- Up-to-date: /home/coderey/ros2_ws/install/robot_localization/share/robot_localization/test/test_ros_robot_localization_listener.yaml
[2.771s] -- Up-to-date: /home/coderey/ros2_ws/install/robot_localization/share/robot_localization/test/test_localization_node_bag_pose_tester.cpp
[2.771s] -- Up-to-date: /home/coderey/ros2_ws/install/robot_localization/share/robot_localization/test/test_ros_robot_localization_listener.cpp
[2.771s] -- Up-to-date: /home/coderey/ros2_ws/install/robot_localization/share/robot_localization/test/test3.bag
[2.772s] -- Up-to-date: /home/coderey/ros2_ws/install/robot_localization/share/robot_localization/test/test_ekf_localization_node_bag1.sh
[2.772s] -- Up-to-date: /home/coderey/ros2_ws/install/robot_localization/share/robot_localization/test/test_ukf_localization_node_bag2.launch.py
[2.772s] -- Up-to-date: /home/coderey/ros2_ws/install/robot_localization/share/robot_localization/test/test_ekf.cpp
[2.772s] -- Up-to-date: /home/coderey/ros2_ws/install/robot_localization/share/robot_localization/test/test_ekf_localization_node_bag2.launch.py
[2.772s] -- Up-to-date: /home/coderey/ros2_ws/install/robot_localization/share/robot_localization/test/test_ukf_localization_node_bag3.launch.py
[2.773s] -- Up-to-date: /home/coderey/ros2_ws/install/robot_localization/share/robot_localization/test/test_ukf_localization_node_interfaces.cpp
[2.773s] -- Up-to-date: /home/coderey/ros2_ws/install/robot_localization/share/robot_localization/test/test_ekf_localization_node_bag3.sh
[2.773s] -- Up-to-date: /home/coderey/ros2_ws/install/robot_localization/share/robot_localization/test/test_filter_base_diagnostics_timestamps.yaml
[2.773s] -- Up-to-date: /home/coderey/ros2_ws/install/robot_localization/lib/robot_localization/navsat_transform_node
[2.773s] -- Up-to-date: /home/coderey/ros2_ws/install/robot_localization/lib/robot_localization/ekf_node
[2.773s] -- Up-to-date: /home/coderey/ros2_ws/install/robot_localization/lib/robot_localization/ukf_node
[2.773s] -- Up-to-date: /home/coderey/ros2_ws/install/robot_localization/lib/robot_localization/robot_localization_listener_node
[2.773s] -- Up-to-date: /home/coderey/ros2_ws/install/robot_localization/lib/librl_lib.so
[2.774s] -- Up-to-date: /home/coderey/ros2_ws/install/robot_localization/share/robot_localization/params
[2.774s] -- Up-to-date: /home/coderey/ros2_ws/install/robot_localization/share/robot_localization/params/ekf.yaml
[2.774s] -- Up-to-date: /home/coderey/ros2_ws/install/robot_localization/share/robot_localization/params/ukf.yaml
[2.774s] -- Up-to-date: /home/coderey/ros2_ws/install/robot_localization/share/robot_localization/params/imu.yaml
[2.774s] -- Up-to-date: /home/coderey/ros2_ws/install/robot_localization/share/robot_localization/params/dual_ekf_navsat_example.yaml
[2.774s] -- Up-to-date: /home/coderey/ros2_ws/install/robot_localization/share/robot_localization/params/navsat_transform.yaml
[2.774s] -- Up-to-date: /home/coderey/ros2_ws/install/robot_localization/share/robot_localization/params/ekf_em.yaml
[2.775s] -- Up-to-date: /home/coderey/ros2_ws/install/robot_localization/share/robot_localization/launch
[2.775s] -- Up-to-date: /home/coderey/ros2_ws/install/robot_localization/share/robot_localization/launch/dual_ekf_navsat_example.launch.py
[2.776s] -- Up-to-date: /home/coderey/ros2_ws/install/robot_localization/share/robot_localization/launch/ukf.launch.py
[2.777s] -- Up-to-date: /home/coderey/ros2_ws/install/robot_localization/share/robot_localization/launch/navsat_transform.launch.py
[2.777s] -- Up-to-date: /home/coderey/ros2_ws/install/robot_localization/share/robot_localization/launch/ekf.launch.py
[2.777s] -- Up-to-date: /home/coderey/ros2_ws/install/robot_localization/share/ament_index/resource_index/package_run_dependencies/robot_localization
[2.777s] -- Up-to-date: /home/coderey/ros2_ws/install/robot_localization/share/ament_index/resource_index/parent_prefix_path/robot_localization
[2.777s] -- Up-to-date: /home/coderey/ros2_ws/install/robot_localization/share/robot_localization/environment/ament_prefix_path.sh
[2.777s] -- Up-to-date: /home/coderey/ros2_ws/install/robot_localization/share/robot_localization/environment/ament_prefix_path.dsv
[2.778s] -- Up-to-date: /home/coderey/ros2_ws/install/robot_localization/share/robot_localization/environment/path.sh
[2.778s] -- Up-to-date: /home/coderey/ros2_ws/install/robot_localization/share/robot_localization/environment/path.dsv
[2.778s] -- Up-to-date: /home/coderey/ros2_ws/install/robot_localization/share/robot_localization/local_setup.bash
[2.778s] -- Up-to-date: /home/coderey/ros2_ws/install/robot_localization/share/robot_localization/local_setup.sh
[2.778s] -- Up-to-date: /home/coderey/ros2_ws/install/robot_localization/share/robot_localization/local_setup.zsh
[2.778s] -- Up-to-date: /home/coderey/ros2_ws/install/robot_localization/share/robot_localization/local_setup.dsv
[2.778s] -- Installing: /home/coderey/ros2_ws/install/robot_localization/share/robot_localization/package.dsv
[2.778s] -- Up-to-date: /home/coderey/ros2_ws/install/robot_localization/share/ament_index/resource_index/packages/robot_localization
[2.779s] -- Up-to-date: /home/coderey/ros2_ws/install/robot_localization/share/robot_localization/cmake/robot_localization__rosidl_generator_cExport.cmake
[2.779s] -- Up-to-date: /home/coderey/ros2_ws/install/robot_localization/share/robot_localization/cmake/robot_localization__rosidl_generator_cExport-relwithdebinfo.cmake
[2.779s] -- Up-to-date: /home/coderey/ros2_ws/install/robot_localization/share/robot_localization/cmake/robot_localization__rosidl_typesupport_introspection_cExport.cmake
[2.779s] -- Up-to-date: /home/coderey/ros2_ws/install/robot_localization/share/robot_localization/cmake/robot_localization__rosidl_typesupport_introspection_cExport-relwithdebinfo.cmake
[2.779s] -- Up-to-date: /home/coderey/ros2_ws/install/robot_localization/share/robot_localization/cmake/robot_localization__rosidl_typesupport_cExport.cmake
[2.779s] -- Up-to-date: /home/coderey/ros2_ws/install/robot_localization/share/robot_localization/cmake/robot_localization__rosidl_typesupport_cExport-relwithdebinfo.cmake
[2.780s] -- Up-to-date: /home/coderey/ros2_ws/install/robot_localization/share/robot_localization/cmake/robot_localization__rosidl_generator_cppExport.cmake
[2.780s] -- Up-to-date: /home/coderey/ros2_ws/install/robot_localization/share/robot_localization/cmake/robot_localization__rosidl_typesupport_introspection_cppExport.cmake
[2.780s] -- Up-to-date: /home/coderey/ros2_ws/install/robot_localization/share/robot_localization/cmake/robot_localization__rosidl_typesupport_introspection_cppExport-relwithdebinfo.cmake
[2.780s] -- Up-to-date: /home/coderey/ros2_ws/install/robot_localization/share/robot_localization/cmake/robot_localization__rosidl_typesupport_cppExport.cmake
[2.780s] -- Up-to-date: /home/coderey/ros2_ws/install/robot_localization/share/robot_localization/cmake/robot_localization__rosidl_typesupport_cppExport-relwithdebinfo.cmake
[2.780s] -- Up-to-date: /home/coderey/ros2_ws/install/robot_localization/share/robot_localization/cmake/rosidl_cmake-extras.cmake
[2.780s] -- Up-to-date: /home/coderey/ros2_ws/install/robot_localization/share/robot_localization/cmake/ament_cmake_export_dependencies-extras.cmake
[2.780s] -- Up-to-date: /home/coderey/ros2_ws/install/robot_localization/share/robot_localization/cmake/ament_cmake_export_libraries-extras.cmake
[2.780s] -- Up-to-date: /home/coderey/ros2_ws/install/robot_localization/share/robot_localization/cmake/ament_cmake_export_targets-extras.cmake
[2.780s] -- Up-to-date: /home/coderey/ros2_ws/install/robot_localization/share/robot_localization/cmake/ament_cmake_export_include_directories-extras.cmake
[2.780s] -- Up-to-date: /home/coderey/ros2_ws/install/robot_localization/share/robot_localization/cmake/rosidl_cmake_export_typesupport_libraries-extras.cmake
[2.780s] -- Up-to-date: /home/coderey/ros2_ws/install/robot_localization/share/robot_localization/cmake/rosidl_cmake_export_typesupport_targets-extras.cmake
[2.781s] -- Up-to-date: /home/coderey/ros2_ws/install/robot_localization/share/robot_localization/cmake/robot_localizationConfig.cmake
[2.781s] -- Up-to-date: /home/coderey/ros2_ws/install/robot_localization/share/robot_localization/cmake/robot_localizationConfig-version.cmake
[2.781s] -- Up-to-date: /home/coderey/ros2_ws/install/robot_localization/share/robot_localization/package.xml
[3.460s] Invoked command in '/home/coderey/ros2_ws/build/robot_localization' returned '0': CMAKE_PREFIX_PATH=${CMAKE_PREFIX_PATH}:/home/coderey/ros2_ws/install/swisscat_robot:/home/coderey/ros2_ws/install/nav2_gps_waypoint_follower_demo:/home/coderey/ros2_ws/install/nav2_simple_commander:/home/coderey/ros2_ws/install/mob_rob_loca:/home/coderey/ros2_ws/install/bno055:/home/coderey/microros_ws/install/sensor_msgs_py:/opt/ros/galactic /usr/bin/cmake --install /home/coderey/ros2_ws/build/robot_localization
