-- Found ament_cmake: 1.1.6 (/opt/ros/galactic/share/ament_cmake/cmake)
-- Using PYTHON_EXECUTABLE: /usr/bin/python3
-- Override CMake install command with custom implementation using symlinks instead of copying resources
-- Found rclcpp: 9.2.2 (/opt/ros/galactic/share/rclcpp/cmake)
-- Using all available rosidl_typesupport_c: rosidl_typesupport_microxrcedds_c;rosidl_typesupport_fastrtps_c;rosidl_typesupport_introspection_c
-- Found rosidl_adapter: 2.2.3 (/opt/ros/galactic/share/rosidl_adapter/cmake)
-- Using all available rosidl_typesupport_cpp: rosidl_typesupport_microxrcedds_cpp;rosidl_typesupport_fastrtps_cpp;rosidl_typesupport_introspection_cpp
-- Found rmw_implementation_cmake: 3.3.1 (/opt/ros/galactic/share/rmw_implementation_cmake/cmake)
-- Found rmw_cyclonedds_cpp: 0.22.6 (/opt/ros/galactic/share/rmw_cyclonedds_cpp/cmake)
-- Using RMW implementation 'rmw_cyclonedds_cpp' as default
-- Found geometry_msgs: 2.2.4 (/home/coderey/microros_ws/install/geometry_msgs/share/geometry_msgs/cmake)
-- Found marvelmind_ros2_msgs: 1.0.2 (/home/coderey/ros2_ws/install/marvelmind_ros2_msgs/share/marvelmind_ros2_msgs/cmake)
-- Found rosidl_default_generators: 1.1.1 (/opt/ros/galactic/share/rosidl_default_generators/cmake)
-- Found ament_lint_auto: 0.10.7 (/opt/ros/galactic/share/ament_lint_auto/cmake)
-- Added test 'cppcheck' to perform static code analysis on C / C++ code
-- Configured cppcheck include dirs: /home/coderey/ros2_ws/src/marvelmind_ros2_upstream/include
-- Configured cppcheck exclude dirs and/or files: 
-- Added test 'cpplint' to check C / C++ code against the Google style
-- Configured cpplint exclude dirs and/or files: 
-- Added test 'flake8' to check Python code syntax and style conventions
-- Added test 'lint_cmake' to check CMake code style
-- Added test 'pep257' to check Python code against some of the style conventions in PEP 257
-- Added test 'uncrustify' to check C / C++ code style
-- Configured uncrustify additional arguments: 
-- Added test 'xmllint' to check XML markup files
-- Configuring done
-- Generating done
-- Build files have been written to: /home/coderey/ros2_ws/build/marvelmind_ros2
[ 25%] Built target marvelmind_hedge_lib
[ 50%] Built target marvelmind_api_lib
[ 75%] Built target marvelmind_api_ros2
[100%] Built target marvelmind_ros2
-- Install configuration: "RelWithDebInfo"
-- Execute custom install script
-- Up-to-date symlink: /home/coderey/ros2_ws/install/marvelmind_ros2/lib/marvelmind_ros2/marvelmind_ros2
-- Up-to-date symlink: /home/coderey/ros2_ws/install/marvelmind_ros2/lib/marvelmind_ros2/marvelmind_api_ros2
-- Up-to-date symlink: /home/coderey/ros2_ws/install/marvelmind_ros2/share/marvelmind_ros2/config/marvelmind_ros2_config.yaml
-- Up-to-date symlink: /home/coderey/ros2_ws/install/marvelmind_ros2/share/marvelmind_ros2/launch/marvelmind_api_ros2.launch.py
-- Up-to-date symlink: /home/coderey/ros2_ws/install/marvelmind_ros2/share/marvelmind_ros2/launch/marvelmind_ros2.launch.py
-- Up-to-date symlink: /home/coderey/ros2_ws/install/marvelmind_ros2/share/ament_index/resource_index/package_run_dependencies/marvelmind_ros2
-- Up-to-date symlink: /home/coderey/ros2_ws/install/marvelmind_ros2/share/ament_index/resource_index/parent_prefix_path/marvelmind_ros2
-- Up-to-date symlink: /home/coderey/ros2_ws/install/marvelmind_ros2/share/marvelmind_ros2/environment/ament_prefix_path.sh
-- Up-to-date symlink: /home/coderey/ros2_ws/install/marvelmind_ros2/share/marvelmind_ros2/environment/ament_prefix_path.dsv
-- Up-to-date symlink: /home/coderey/ros2_ws/install/marvelmind_ros2/share/marvelmind_ros2/environment/path.sh
-- Up-to-date symlink: /home/coderey/ros2_ws/install/marvelmind_ros2/share/marvelmind_ros2/environment/path.dsv
-- Up-to-date symlink: /home/coderey/ros2_ws/install/marvelmind_ros2/share/marvelmind_ros2/local_setup.bash
-- Up-to-date symlink: /home/coderey/ros2_ws/install/marvelmind_ros2/share/marvelmind_ros2/local_setup.sh
-- Up-to-date symlink: /home/coderey/ros2_ws/install/marvelmind_ros2/share/marvelmind_ros2/local_setup.zsh
-- Up-to-date symlink: /home/coderey/ros2_ws/install/marvelmind_ros2/share/marvelmind_ros2/local_setup.dsv
-- Symlinking: /home/coderey/ros2_ws/install/marvelmind_ros2/share/marvelmind_ros2/package.dsv
-- Up-to-date symlink: /home/coderey/ros2_ws/install/marvelmind_ros2/share/ament_index/resource_index/packages/marvelmind_ros2
-- Up-to-date symlink: /home/coderey/ros2_ws/install/marvelmind_ros2/share/marvelmind_ros2/cmake/marvelmind_ros2Config.cmake
-- Up-to-date symlink: /home/coderey/ros2_ws/install/marvelmind_ros2/share/marvelmind_ros2/cmake/marvelmind_ros2Config-version.cmake
-- Up-to-date symlink: /home/coderey/ros2_ws/install/marvelmind_ros2/share/marvelmind_ros2/package.xml
