[3.304s] Invoking command in '/home/coderey/ros2_ws/src/bno055': PYTHONPATH=/home/coderey/ros2_ws/build/bno055/prefix_override:/home/coderey/ros2_ws/install/bno055/lib/python3.8/site-packages:${PYTHONPATH} /usr/bin/python3 setup.py egg_info --egg-base ../../build/bno055 build --build-base /home/coderey/ros2_ws/build/bno055/build install --record /home/coderey/ros2_ws/build/bno055/install.log --single-version-externally-managed
[3.760s] running egg_info
[3.778s] creating ../../build/bno055/bno055.egg-info
[3.778s] writing ../../build/bno055/bno055.egg-info/PKG-INFO
[3.779s] writing dependency_links to ../../build/bno055/bno055.egg-info/dependency_links.txt
[3.779s] writing entry points to ../../build/bno055/bno055.egg-info/entry_points.txt
[3.780s] writing requirements to ../../build/bno055/bno055.egg-info/requires.txt
[3.780s] writing top-level names to ../../build/bno055/bno055.egg-info/top_level.txt
[3.782s] writing manifest file '../../build/bno055/bno055.egg-info/SOURCES.txt'
[3.880s] reading manifest file '../../build/bno055/bno055.egg-info/SOURCES.txt'
[3.881s] writing manifest file '../../build/bno055/bno055.egg-info/SOURCES.txt'
[3.881s] running build
[3.881s] running build_py
[3.881s] creating /home/coderey/ros2_ws/build/bno055/build
[3.881s] creating /home/coderey/ros2_ws/build/bno055/build/lib
[3.881s] creating /home/coderey/ros2_ws/build/bno055/build/lib/bno055
[3.882s] copying bno055/__init__.py -> /home/coderey/ros2_ws/build/bno055/build/lib/bno055
[3.882s] copying bno055/bno055.py -> /home/coderey/ros2_ws/build/bno055/build/lib/bno055
[3.882s] copying bno055/registers.py -> /home/coderey/ros2_ws/build/bno055/build/lib/bno055
[3.882s] creating /home/coderey/ros2_ws/build/bno055/build/lib/bno055/connectors
[3.882s] copying bno055/connectors/__init__.py -> /home/coderey/ros2_ws/build/bno055/build/lib/bno055/connectors
[3.882s] copying bno055/connectors/uart.py -> /home/coderey/ros2_ws/build/bno055/build/lib/bno055/connectors
[3.882s] copying bno055/connectors/Connector.py -> /home/coderey/ros2_ws/build/bno055/build/lib/bno055/connectors
[3.882s] copying bno055/connectors/i2c.py -> /home/coderey/ros2_ws/build/bno055/build/lib/bno055/connectors
[3.882s] creating /home/coderey/ros2_ws/build/bno055/build/lib/bno055/sensor
[3.883s] copying bno055/sensor/__init__.py -> /home/coderey/ros2_ws/build/bno055/build/lib/bno055/sensor
[3.891s] copying bno055/sensor/SensorService.py -> /home/coderey/ros2_ws/build/bno055/build/lib/bno055/sensor
[3.892s] creating /home/coderey/ros2_ws/build/bno055/build/lib/bno055/error_handling
[3.892s] copying bno055/error_handling/__init__.py -> /home/coderey/ros2_ws/build/bno055/build/lib/bno055/error_handling
[3.892s] copying bno055/error_handling/exceptions.py -> /home/coderey/ros2_ws/build/bno055/build/lib/bno055/error_handling
[3.892s] creating /home/coderey/ros2_ws/build/bno055/build/lib/bno055/params
[3.893s] copying bno055/params/__init__.py -> /home/coderey/ros2_ws/build/bno055/build/lib/bno055/params
[3.893s] copying bno055/params/NodeParameters.py -> /home/coderey/ros2_ws/build/bno055/build/lib/bno055/params
[3.893s] running install
[3.895s] running install_lib
[3.896s] creating /home/coderey/ros2_ws/install/bno055/lib/python3.8/site-packages/bno055
[3.896s] copying /home/coderey/ros2_ws/build/bno055/build/lib/bno055/__init__.py -> /home/coderey/ros2_ws/install/bno055/lib/python3.8/site-packages/bno055
[3.897s] creating /home/coderey/ros2_ws/install/bno055/lib/python3.8/site-packages/bno055/connectors
[3.897s] copying /home/coderey/ros2_ws/build/bno055/build/lib/bno055/connectors/__init__.py -> /home/coderey/ros2_ws/install/bno055/lib/python3.8/site-packages/bno055/connectors
[3.897s] copying /home/coderey/ros2_ws/build/bno055/build/lib/bno055/connectors/uart.py -> /home/coderey/ros2_ws/install/bno055/lib/python3.8/site-packages/bno055/connectors
[3.897s] copying /home/coderey/ros2_ws/build/bno055/build/lib/bno055/connectors/Connector.py -> /home/coderey/ros2_ws/install/bno055/lib/python3.8/site-packages/bno055/connectors
[3.897s] copying /home/coderey/ros2_ws/build/bno055/build/lib/bno055/connectors/i2c.py -> /home/coderey/ros2_ws/install/bno055/lib/python3.8/site-packages/bno055/connectors
[3.897s] creating /home/coderey/ros2_ws/install/bno055/lib/python3.8/site-packages/bno055/sensor
[3.897s] copying /home/coderey/ros2_ws/build/bno055/build/lib/bno055/sensor/__init__.py -> /home/coderey/ros2_ws/install/bno055/lib/python3.8/site-packages/bno055/sensor
[3.897s] copying /home/coderey/ros2_ws/build/bno055/build/lib/bno055/sensor/SensorService.py -> /home/coderey/ros2_ws/install/bno055/lib/python3.8/site-packages/bno055/sensor
[3.897s] copying /home/coderey/ros2_ws/build/bno055/build/lib/bno055/registers.py -> /home/coderey/ros2_ws/install/bno055/lib/python3.8/site-packages/bno055
[3.898s] copying /home/coderey/ros2_ws/build/bno055/build/lib/bno055/bno055.py -> /home/coderey/ros2_ws/install/bno055/lib/python3.8/site-packages/bno055
[3.898s] creating /home/coderey/ros2_ws/install/bno055/lib/python3.8/site-packages/bno055/error_handling
[3.898s] copying /home/coderey/ros2_ws/build/bno055/build/lib/bno055/error_handling/__init__.py -> /home/coderey/ros2_ws/install/bno055/lib/python3.8/site-packages/bno055/error_handling
[3.898s] copying /home/coderey/ros2_ws/build/bno055/build/lib/bno055/error_handling/exceptions.py -> /home/coderey/ros2_ws/install/bno055/lib/python3.8/site-packages/bno055/error_handling
[3.898s] creating /home/coderey/ros2_ws/install/bno055/lib/python3.8/site-packages/bno055/params
[3.898s] copying /home/coderey/ros2_ws/build/bno055/build/lib/bno055/params/__init__.py -> /home/coderey/ros2_ws/install/bno055/lib/python3.8/site-packages/bno055/params
[3.898s] copying /home/coderey/ros2_ws/build/bno055/build/lib/bno055/params/NodeParameters.py -> /home/coderey/ros2_ws/install/bno055/lib/python3.8/site-packages/bno055/params
[3.899s] byte-compiling /home/coderey/ros2_ws/install/bno055/lib/python3.8/site-packages/bno055/__init__.py to __init__.cpython-38.pyc
[3.901s] byte-compiling /home/coderey/ros2_ws/install/bno055/lib/python3.8/site-packages/bno055/connectors/__init__.py to __init__.cpython-38.pyc
[3.901s] byte-compiling /home/coderey/ros2_ws/install/bno055/lib/python3.8/site-packages/bno055/connectors/uart.py to uart.cpython-38.pyc
[3.902s] byte-compiling /home/coderey/ros2_ws/install/bno055/lib/python3.8/site-packages/bno055/connectors/Connector.py to Connector.cpython-38.pyc
[3.903s] byte-compiling /home/coderey/ros2_ws/install/bno055/lib/python3.8/site-packages/bno055/connectors/i2c.py to i2c.cpython-38.pyc
[3.903s] byte-compiling /home/coderey/ros2_ws/install/bno055/lib/python3.8/site-packages/bno055/sensor/__init__.py to __init__.cpython-38.pyc
[3.903s] byte-compiling /home/coderey/ros2_ws/install/bno055/lib/python3.8/site-packages/bno055/sensor/SensorService.py to SensorService.cpython-38.pyc
[3.908s] byte-compiling /home/coderey/ros2_ws/install/bno055/lib/python3.8/site-packages/bno055/registers.py to registers.cpython-38.pyc
[3.910s] byte-compiling /home/coderey/ros2_ws/install/bno055/lib/python3.8/site-packages/bno055/bno055.py to bno055.cpython-38.pyc
[3.911s] byte-compiling /home/coderey/ros2_ws/install/bno055/lib/python3.8/site-packages/bno055/error_handling/__init__.py to __init__.cpython-38.pyc
[3.911s] byte-compiling /home/coderey/ros2_ws/install/bno055/lib/python3.8/site-packages/bno055/error_handling/exceptions.py to exceptions.cpython-38.pyc
[3.911s] byte-compiling /home/coderey/ros2_ws/install/bno055/lib/python3.8/site-packages/bno055/params/__init__.py to __init__.cpython-38.pyc
[3.912s] byte-compiling /home/coderey/ros2_ws/install/bno055/lib/python3.8/site-packages/bno055/params/NodeParameters.py to NodeParameters.cpython-38.pyc
[3.913s] running install_data
[3.914s] creating /home/coderey/ros2_ws/install/bno055/share/ament_index
[3.914s] creating /home/coderey/ros2_ws/install/bno055/share/ament_index/resource_index
[3.914s] creating /home/coderey/ros2_ws/install/bno055/share/ament_index/resource_index/packages
[3.914s] copying resource/bno055 -> /home/coderey/ros2_ws/install/bno055/share/ament_index/resource_index/packages
[3.914s] copying package.xml -> /home/coderey/ros2_ws/install/bno055/share/bno055
[3.914s] creating /home/coderey/ros2_ws/install/bno055/share/bno055/launch
[3.915s] copying launch/bno055.launch.py -> /home/coderey/ros2_ws/install/bno055/share/bno055/launch
[3.915s] creating /home/coderey/ros2_ws/install/bno055/share/bno055/config
[3.915s] copying bno055/params/bno055_params_i2c.yaml -> /home/coderey/ros2_ws/install/bno055/share/bno055/config
[3.918s] copying bno055/params/bno055_params_test.yaml -> /home/coderey/ros2_ws/install/bno055/share/bno055/config
[3.918s] copying bno055/params/bno055_params.yaml -> /home/coderey/ros2_ws/install/bno055/share/bno055/config
[3.918s] running install_egg_info
[3.922s] Copying ../../build/bno055/bno055.egg-info to /home/coderey/ros2_ws/install/bno055/lib/python3.8/site-packages/bno055-0.4.1-py3.8.egg-info
[3.922s] running install_scripts
[3.951s] Installing bno055 script to /home/coderey/ros2_ws/install/bno055/lib/bno055
[3.953s] writing list of installed files to '/home/coderey/ros2_ws/build/bno055/install.log'
[3.992s] Invoked command in '/home/coderey/ros2_ws/src/bno055' returned '0': PYTHONPATH=/home/coderey/ros2_ws/build/bno055/prefix_override:/home/coderey/ros2_ws/install/bno055/lib/python3.8/site-packages:${PYTHONPATH} /usr/bin/python3 setup.py egg_info --egg-base ../../build/bno055 build --build-base /home/coderey/ros2_ws/build/bno055/build install --record /home/coderey/ros2_ws/build/bno055/install.log --single-version-externally-managed
