[2.193s] Invoking command in '/home/coderey/ros2_ws/build/groot': CMAKE_PREFIX_PATH=${CMAKE_PREFIX_PATH}:/home/coderey/ros2_ws/install/swisscat_robot:/home/coderey/ros2_ws/install/nav2_gps_waypoint_follower_demo:/home/coderey/ros2_ws/install/nav2_simple_commander:/home/coderey/ros2_ws/install/mob_rob_loca:/home/coderey/ros2_ws/install/bno055:/home/coderey/microros_ws/install/sensor_msgs_py:/opt/ros/galactic /usr/bin/cmake --build /home/coderey/ros2_ws/build/groot -- -j8 -l8
[2.872s] [  1%] [34m[1mAutomatic MOC and UIC for target QtNodeEditor[0m
[2.872s] [  1%] Built target QtNodeEditor_autogen
[2.872s] [ 57%] Built target QtNodeEditor
[2.872s] [ 58%] [34m[1mAutomatic MOC and UIC for target behavior_tree_editor[0m
[2.872s] [ 58%] Built target behavior_tree_editor_autogen
[2.872s] [ 74%] Built target behavior_tree_editor
[2.872s] [ 74%] [34m[1mAutomatic MOC and UIC for target editor_test[0m
[2.872s] [ 75%] [34m[1mAutomatic MOC and UIC for target replay_test[0m
[2.873s] [ 76%] [34m[1mAutomatic MOC and UIC for target Groot[0m
[2.873s] [ 76%] Built target editor_test_autogen
[2.873s] [ 76%] Built target replay_test_autogen
[2.873s] [ 76%] Built target Groot_autogen
[2.873s] [ 85%] Built target editor_test
[2.873s] [ 94%] Built target replay_test
[2.873s] [100%] Built target Groot
[2.881s] Invoked command in '/home/coderey/ros2_ws/build/groot' returned '0': CMAKE_PREFIX_PATH=${CMAKE_PREFIX_PATH}:/home/coderey/ros2_ws/install/swisscat_robot:/home/coderey/ros2_ws/install/nav2_gps_waypoint_follower_demo:/home/coderey/ros2_ws/install/nav2_simple_commander:/home/coderey/ros2_ws/install/mob_rob_loca:/home/coderey/ros2_ws/install/bno055:/home/coderey/microros_ws/install/sensor_msgs_py:/opt/ros/galactic /usr/bin/cmake --build /home/coderey/ros2_ws/build/groot -- -j8 -l8
[3.370s] Invoking command in '/home/coderey/ros2_ws/build/groot': CMAKE_PREFIX_PATH=${CMAKE_PREFIX_PATH}:/home/coderey/ros2_ws/install/swisscat_robot:/home/coderey/ros2_ws/install/nav2_gps_waypoint_follower_demo:/home/coderey/ros2_ws/install/nav2_simple_commander:/home/coderey/ros2_ws/install/mob_rob_loca:/home/coderey/ros2_ws/install/bno055:/home/coderey/microros_ws/install/sensor_msgs_py:/opt/ros/galactic /usr/bin/cmake --install /home/coderey/ros2_ws/build/groot
[3.394s] -- Install configuration: "RelWithDebInfo"
[3.395s] -- Execute custom install script
[3.396s] -- Up-to-date symlink: /home/coderey/ros2_ws/install/groot/lib/libbehavior_tree_editor.so
[3.396s] -- Up-to-date symlink: /home/coderey/ros2_ws/install/groot/lib/groot/Groot
[3.397s] -- Up-to-date symlink: /home/coderey/ros2_ws/install/groot/share/groot/environment/library_path.sh
[3.397s] -- Up-to-date symlink: /home/coderey/ros2_ws/install/groot/share/groot/environment/library_path.dsv
[3.397s] -- Up-to-date symlink: /home/coderey/ros2_ws/install/groot/share/ament_index/resource_index/package_run_dependencies/groot
[3.398s] -- Up-to-date symlink: /home/coderey/ros2_ws/install/groot/share/ament_index/resource_index/parent_prefix_path/groot
[3.398s] -- Up-to-date symlink: /home/coderey/ros2_ws/install/groot/share/groot/environment/ament_prefix_path.sh
[3.398s] -- Up-to-date symlink: /home/coderey/ros2_ws/install/groot/share/groot/environment/ament_prefix_path.dsv
[3.398s] -- Up-to-date symlink: /home/coderey/ros2_ws/install/groot/share/groot/environment/path.sh
[3.400s] -- Up-to-date symlink: /home/coderey/ros2_ws/install/groot/share/groot/environment/path.dsv
[3.400s] -- Up-to-date symlink: /home/coderey/ros2_ws/install/groot/share/groot/local_setup.bash
[3.400s] -- Up-to-date symlink: /home/coderey/ros2_ws/install/groot/share/groot/local_setup.sh
[3.400s] -- Up-to-date symlink: /home/coderey/ros2_ws/install/groot/share/groot/local_setup.zsh
[3.400s] -- Up-to-date symlink: /home/coderey/ros2_ws/install/groot/share/groot/local_setup.dsv
[3.400s] -- Symlinking: /home/coderey/ros2_ws/install/groot/share/groot/package.dsv
[3.422s] -- Up-to-date symlink: /home/coderey/ros2_ws/install/groot/share/ament_index/resource_index/packages/groot
[3.423s] -- Up-to-date symlink: /home/coderey/ros2_ws/install/groot/share/groot/cmake/ament_cmake_export_include_directories-extras.cmake
[3.423s] -- Up-to-date symlink: /home/coderey/ros2_ws/install/groot/share/groot/cmake/ament_cmake_export_dependencies-extras.cmake
[3.423s] -- Up-to-date symlink: /home/coderey/ros2_ws/install/groot/share/groot/cmake/ament_cmake_export_libraries-extras.cmake
[3.423s] -- Up-to-date symlink: /home/coderey/ros2_ws/install/groot/share/groot/cmake/grootConfig.cmake
[3.423s] -- Up-to-date symlink: /home/coderey/ros2_ws/install/groot/share/groot/cmake/grootConfig-version.cmake
[3.424s] -- Up-to-date symlink: /home/coderey/ros2_ws/install/groot/share/groot/package.xml
[3.432s] Invoked command in '/home/coderey/ros2_ws/build/groot' returned '0': CMAKE_PREFIX_PATH=${CMAKE_PREFIX_PATH}:/home/coderey/ros2_ws/install/swisscat_robot:/home/coderey/ros2_ws/install/nav2_gps_waypoint_follower_demo:/home/coderey/ros2_ws/install/nav2_simple_commander:/home/coderey/ros2_ws/install/mob_rob_loca:/home/coderey/ros2_ws/install/bno055:/home/coderey/microros_ws/install/sensor_msgs_py:/opt/ros/galactic /usr/bin/cmake --install /home/coderey/ros2_ws/build/groot
